<?xml version="1.0" encoding="UTF-8"?>
<!-- Generated by org.testng.reporters.JUnitReportReporter -->
<testsuite hostname="Mani_Bharathi_M" failures="0" tests="1" name="Scenarios.PracticeAPIScenarios" time="3.687" errors="0" timestamp="2024-09-23T11:29:02 IST" skipped="0">
  <testcase classname="Scenarios.PracticeAPIScenarios" name="GetProductList" time="3.687"/>
</testsuite> <!-- Scenarios.PracticeAPIScenarios -->
