<?xml version="1.0" encoding="UTF-8"?>
<!-- Generated by org.testng.reporters.JUnitReportReporter -->
<testsuite hostname="ManiBeeee" failures="0" tests="2" name="API.GraphQL" time="4.977" errors="0" timestamp="2024-09-01T17:30:48 IST" skipped="0">
  <testcase classname="API.GraphQL" name="MutationGraphQL" time="4.103"/>
  <system-out/>
  <testcase classname="API.GraphQL" name="QueryGraphQL" time="0.874"/>
  <system-out/>
</testsuite> <!-- API.GraphQL -->
