<?xml version="1.0" encoding="UTF-8"?>
<!-- Generated by org.testng.reporters.JUnitReportReporter -->
<testsuite hostname="ManiBeeee" failures="0" tests="1" name="API.E2E" time="6.324" errors="0" timestamp="2024-09-06T08:39:53 IST" skipped="0">
  <testcase classname="API.E2E" name="GetAPIToken" time="6.324"/>
  <system-out/>
</testsuite> <!-- API.E2E -->
