<?xml version="1.0" encoding="UTF-8"?>
<!-- Generated by org.testng.reporters.JUnitReportReporter -->
<testsuite hostname="ManiBeeee" failures="0" tests="1" name="JavaOOPs.Enum_Integration" time="0.015" errors="0" timestamp="2024-08-31T21:37:57 IST" skipped="0">
  <testcase classname="JavaOOPs.Enum_Integration" name="BrowserInitialition" time="0.015"/>
  <system-out/>
</testsuite> <!-- JavaOOPs.Enum_Integration -->
