<?xml version="1.0" encoding="UTF-8"?>
<!-- Generated by org.testng.reporters.JUnitReportReporter -->
<testsuite hostname="Mani_Bharathi_M" failures="0" tests="1" name="API.PaginatedResponseParsing" time="1.949" errors="0" timestamp="2024-10-06T09:55:51 IST" skipped="0">
  <testcase classname="API.PaginatedResponseParsing" name="GetUsers" time="1.949"/>
  <system-out/>
</testsuite> <!-- API.PaginatedResponseParsing -->
