<?xml version="1.0" encoding="UTF-8"?>
<!-- Generated by org.testng.reporters.JUnitReportReporter -->
<testsuite hostname="ManiBeeee" failures="0" tests="8" name="CollectionsFW.Collections_Framework" time="5.127" errors="0" timestamp="2024-08-31T21:14:38 IST" skipped="0">
  <testcase classname="CollectionsFW.Collections_Framework" name="Queues" time="5.016"/>
  <system-out/>
  <testcase classname="CollectionsFW.Collections_Framework" name="Set" time="0.020"/>
  <system-out/>
  <testcase classname="CollectionsFW.Collections_Framework" name="Stacks" time="0.004"/>
  <system-out/>
  <testcase classname="CollectionsFW.Collections_Framework" name="CollectionsUtility" time="0.007"/>
  <system-out/>
  <testcase classname="CollectionsFW.Collections_Framework" name="ConversionsOfCollections" time="0.006"/>
  <system-out/>
  <testcase classname="CollectionsFW.Collections_Framework" name="ArraysUtlitity" time="0.026"/>
  <system-out/>
  <testcase classname="CollectionsFW.Collections_Framework" name="List" time="0.019"/>
  <system-out/>
  <testcase classname="CollectionsFW.Collections_Framework" name="Maps" time="0.029"/>
  <system-out/>
</testsuite> <!-- CollectionsFW.Collections_Framework -->
