<?xml version="1.0" encoding="UTF-8"?>
<!-- Generated by org.testng.reporters.JUnitReportReporter -->
<testsuite hostname="ManiBeeee" failures="0" tests="10" name="API.E2E" time="41.435" errors="0" timestamp="2024-09-01T22:13:31 IST" skipped="0">
  <testcase classname="API.E2E" name="GetAPIToken" time="5.386"/>
  <system-out/>
  <testcase classname="API.E2E" name="createFromAccount" time="2.599"/>
  <system-out/>
  <testcase classname="API.E2E" name="createToAccount" time="2.327"/>
  <system-out/>
  <testcase classname="API.E2E" name="GetAllAccounts" time="2.024"/>
  <system-out/>
  <testcase classname="API.E2E" name="CreateTransaction" time="2.927"/>
  <system-out/>
  <testcase classname="API.E2E" name="GetAllTransactions" time="3.379"/>
  <system-out/>
  <testcase classname="API.E2E" name="GetTransaction" time="2.645"/>
  <system-out/>
  <testcase classname="API.E2E" name="GetFromToAccountCurrentBalance" time="9.408"/>
  <system-out/>
  <testcase classname="API.E2E" name="InsufficientFundsTransaction" time="3.977"/>
  <system-out/>
  <testcase classname="API.E2E" name="DeleteFromToAccounts" time="6.763"/>
  <system-out/>
</testsuite> <!-- API.E2E -->
