<?xml version="1.0" encoding="UTF-8"?>
<!-- Generated by org.testng.reporters.JUnitReportReporter -->
<testsuite hostname="ManiBeeee" failures="0" tests="5" name="API.PostmanCollections" time="14.676" errors="0" timestamp="2024-09-01T13:09:48 IST" skipped="1">
  <testcase classname="API.PostmanCollections" name="CreateCollection" time="3.825"/>
  <system-out/>
  <testcase classname="API.PostmanCollections" name="UpdateCollection" time="3.990"/>
  <system-out/>
  <testcase classname="API.PostmanCollections" name="DeleteCollection" time="2.220"/>
  <system-out/>
  <testcase classname="API.PostmanCollections" name="GetAuthenticatedUser" time="4.641"/>
  <system-out/>
  <testcase classname="API.PostmanCollections" name="Runner">
    <skipped/>
  </testcase> <!-- Runner -->
  <system-out/>
</testsuite> <!-- API.PostmanCollections -->
