<?xml version="1.0" encoding="UTF-8"?>
<!-- Generated by org.testng.reporters.JUnitReportReporter -->
<testsuite hostname="Mani_Bharathi_M" failures="0" tests="1" name="CollectionsFW.Collections_Framework" time="0.012" errors="0" timestamp="2024-10-13T22:32:30 IST" skipped="0">
  <testcase classname="CollectionsFW.Collections_Framework" name="List" time="0.012"/>
  <system-out/>
</testsuite> <!-- CollectionsFW.Collections_Framework -->
