<?xml version="1.0" encoding="UTF-8"?>
<!-- Generated by org.testng.reporters.JUnitReportReporter -->
<testsuite hostname="ManiBeeee" failures="0" tests="1" name="Utlilities.Utlility" time="0.015" errors="0" timestamp="2024-09-02T18:51:48 IST" skipped="0">
  <testcase classname="Utlilities.Utlility" name="Runner" time="0.015"/>
  <system-out/>
</testsuite> <!-- Utlilities.Utlility -->
