<?xml version="1.0" encoding="UTF-8"?>
<!-- Generated by org.testng.reporters.JUnitReportReporter -->
<testsuite hostname="ManiBeeee" failures="0" tests="3" name="TestExecution.DemoWebShop_OrderItem" time="35.076" errors="0" timestamp="2024-09-08T21:39:04 IST" skipped="0">
  <testcase classname="TestExecution.DemoWebShop_OrderItem" name="Checkout" time="2.694"/>
  <system-out>
    <![CDATA[<p>Computing and Internet is Fetched</p>
<p>Fiction is Fetched</p>
<p>10.00 is Fetched</p>
<p>24.00 is Fetched</p>
<p>10.00 is Fetched</p>
<p>24.00 is Fetched</p>
<p>34.00 is Fetched</p>
<p>[[FirefoxDriver: firefox on WINDOWS (c4586e19-c12c-4000-a885-7bf8a29b0af3)] -> id: termsofservice] is clicked</p>
<p>Proxy element for: DefaultElementLocator 'By.id: checkout' is clicked</p>]]>
  </system-out>
  <testcase classname="TestExecution.DemoWebShop_OrderItem" name="AddToCart" time="16.169"/>
  <system-out>
    <![CDATA[<p>[[FirefoxDriver: firefox on WINDOWS (c4586e19-c12c-4000-a885-7bf8a29b0af3)] -> xpath: //*[@href='/books']] is clicked</p>
Books tab clicked.
Book 1 selected (Computing and Internet).
Price of Book 1: 10.00
<p>[[FirefoxDriver: firefox on WINDOWS (c4586e19-c12c-4000-a885-7bf8a29b0af3)] -> xpath: //*[@class = 'product-grid']//following::div[1]//div[2]//div[3]//div[2]//input] is clicked</p>
Added Book 1 to the cart.
Notification Bar: The product has been added to your shopping cart
<p>[[FirefoxDriver: firefox on WINDOWS (c4586e19-c12c-4000-a885-7bf8a29b0af3)] -> xpath: //*[@href='/books']] is clicked</p>
Books tab clicked.
Book 2 selected (Fiction).
Price of Book 2: 24.00
<p>[[FirefoxDriver: firefox on WINDOWS (c4586e19-c12c-4000-a885-7bf8a29b0af3)] -> xpath: //*[@class = 'product-grid']//*[@class='item-box'][3]//div[@class='details']//div[3]//div[2]//input] is clicked</p>
Added Book 2 to the cart.
<p>[[FirefoxDriver: firefox on WINDOWS (c4586e19-c12c-4000-a885-7bf8a29b0af3)] -> css selector: #topcartlink>a>span:nth-child(2)] is clicked</p>
Navigated to the Shopping Cart.
Books added to the cart and navigated to the Shopping Cart.]]>
  </system-out>
  <testcase classname="TestExecution.DemoWebShop_OrderItem" name="Launch_And_Login" time="16.213"/>
  <system-out>
    <![CDATA[Initialized FireFox browser......!
<p>[[FirefoxDriver: firefox on WINDOWS (c4586e19-c12c-4000-a885-7bf8a29b0af3)] -> xpath: //*[@id = 'topcartlink']//preceding::a[1]] is clicked</p>
Selected Login Tab.....!
<p>[[FirefoxDriver: firefox on WINDOWS (c4586e19-c12c-4000-a885-7bf8a29b0af3)] -> xpath: //*[@id = 'topcartlink']//preceding::a[1]] is clicked</p>
Selected Login Tab.....!
<p>ABC0047@gmail.com is Entered into the [[FirefoxDriver: firefox on WINDOWS (c4586e19-c12c-4000-a885-7bf8a29b0af3)] -> id: Email] TextBox</p>
UserID Enetered
<p>mb@123 is Entered into the [[FirefoxDriver: firefox on WINDOWS (c4586e19-c12c-4000-a885-7bf8a29b0af3)] -> id: Password] TextBox</p>
Password Enetered
<p>Proxy element for: DefaultElementLocator 'By.xpath: //*[@value ='Log in']' is clicked</p>
Login Button is clicked
Logged In to DemoWebshop]]>
  </system-out>
</testsuite> <!-- TestExecution.DemoWebShop_OrderItem -->
