<?xml version="1.0" encoding="UTF-8"?>
<!-- Generated by org.testng.reporters.JUnitReportReporter -->
<testsuite hostname="Mani_Bharathi_M" failures="0" tests="1" name="CrossBrowser.Firefox" time="17.878" errors="0" timestamp="2024-10-14T10:21:49 IST" skipped="0">
  <testcase classname="CrossBrowser.Firefox" name="LaunchFirefox" time="17.878"/>
  <system-out/>
</testsuite> <!-- CrossBrowser.Firefox -->
