<?xml version="1.0" encoding="UTF-8"?>
<!-- Generated by org.testng.reporters.JUnitReportReporter -->
<testsuite hostname="Mani_Bharathi_M" failures="0" tests="1" name="CrossBrowser.Factorybrowser" time="6.939" errors="0" timestamp="2024-10-20T13:08:42 IST" skipped="0">
  <testcase classname="CrossBrowser.Factorybrowser" name="Run1" time="6.939"/>
  <system-out/>
</testsuite> <!-- CrossBrowser.Factorybrowser -->
