<?xml version="1.0" encoding="UTF-8"?>
<!-- Generated by org.testng.reporters.JUnitReportReporter -->
<testsuite hostname="ManiBeeee" failures="0" tests="1" name="FactoryClassExp.Runner" time="0.018" errors="0" timestamp="2024-09-15T12:01:44 IST" skipped="0">
  <testcase classname="FactoryClassExp.Runner" name="run" time="0.018"/>
  <system-out/>
</testsuite> <!-- FactoryClassExp.Runner -->
