<?xml version="1.0" encoding="UTF-8"?>
<!-- Generated by org.testng.reporters.JUnitReportReporter -->
<testsuite hostname="ManiBeeee" failures="0" tests="1" name="TestExecution.DemoWebShop_OrderItem" time="14.493" errors="0" timestamp="2024-09-02T22:25:41 IST" skipped="0">
  <testcase classname="TestExecution.DemoWebShop_OrderItem" name="Launch_And_Login" time="14.493"/>
  <system-out>
    <![CDATA[Initialized FireFox browser......!
<p>[[FirefoxDriver: firefox on WINDOWS (9a31cb72-9f43-4b58-bf85-bb98d7c962f3)] -> xpath: //*[@id = 'topcartlink']//preceding::a[1]] is clicked</p>
Selected Login Tab.....!
<p>[[FirefoxDriver: firefox on WINDOWS (9a31cb72-9f43-4b58-bf85-bb98d7c962f3)] -> xpath: //*[@id = 'topcartlink']//preceding::a[1]] is clicked</p>
Selected Login Tab.....!
<p>ABC0047@gmail.com is Entered into the [[FirefoxDriver: firefox on WINDOWS (9a31cb72-9f43-4b58-bf85-bb98d7c962f3)] -> id: Email] TextBox</p>
UserID Enetered
<p>mb@123 is Entered into the [[FirefoxDriver: firefox on WINDOWS (9a31cb72-9f43-4b58-bf85-bb98d7c962f3)] -> id: Password] TextBox</p>
Password Enetered
<p>Proxy element for: DefaultElementLocator 'By.xpath: //*[@value ='Log in']' is clicked</p>
Login Button is clicked
Logged In to DemoWebshop]]>
  </system-out>
</testsuite> <!-- TestExecution.DemoWebShop_OrderItem -->
