<?xml version="1.0" encoding="UTF-8"?>
<!-- Generated by org.testng.reporters.JUnitReportReporter -->
<testsuite hostname="Mani_Bharathi_M" failures="0" tests="2" name="InterviewPractice.Reportstest_Constructor" time="0.013" errors="0" timestamp="2024-10-13T16:45:11 IST" skipped="0">
  <testcase classname="InterviewPractice.Reportstest_Constructor" name="MethodB" time="0.002"/>
  <system-out/>
  <testcase classname="InterviewPractice.Reportstest_Constructor" name="MethodA" time="0.011"/>
  <system-out/>
</testsuite> <!-- InterviewPractice.Reportstest_Constructor -->
