<?xml version="1.0" encoding="UTF-8"?>
<!-- Generated by org.testng.reporters.JUnitReportReporter -->
<testsuite hostname="ManiBeeee" failures="0" tests="4" name="TestExecution.DemoWebShop_OrderItem" time="39.300" errors="1" timestamp="2024-09-15T12:52:18 IST" skipped="0">
  <testcase classname="TestExecution.DemoWebShop_OrderItem" name="Checkout" time="2.288"/>
  <system-out>
    <![CDATA[<p>Computing and Internet is Fetched</p>
<p>Fiction is Fetched</p>
<p>10.00 is Fetched</p>
<p>24.00 is Fetched</p>
<p>10.00 is Fetched</p>
<p>24.00 is Fetched</p>
<p>34.00 is Fetched</p>
<p>[[FirefoxDriver: firefox on WINDOWS (025ec693-da1c-406c-aa75-ff1a44fa8642)] -> id: termsofservice] is clicked</p>
<p>Proxy element for: DefaultElementLocator 'By.id: checkout' is clicked</p>]]>
  </system-out>
  <testcase classname="TestExecution.DemoWebShop_OrderItem" name="AddToCart" time="16.586"/>
  <system-out>
    <![CDATA[<p>[[FirefoxDriver: firefox on WINDOWS (025ec693-da1c-406c-aa75-ff1a44fa8642)] -> xpath: //*[@href='/books']] is clicked</p>
Books tab clicked.
Book 1 selected (Computing and Internet).
Price of Book 1: 10.00
<p>[[FirefoxDriver: firefox on WINDOWS (025ec693-da1c-406c-aa75-ff1a44fa8642)] -> xpath: //*[@class = 'product-grid']//following::div[1]//div[2]//div[3]//div[2]//input] is clicked</p>
Added Book 1 to the cart.
Notification Bar: The product has been added to your shopping cart
<p>[[FirefoxDriver: firefox on WINDOWS (025ec693-da1c-406c-aa75-ff1a44fa8642)] -> xpath: //*[@href='/books']] is clicked</p>
Books tab clicked.
Book 2 selected (Fiction).
Price of Book 2: 24.00
<p>[[FirefoxDriver: firefox on WINDOWS (025ec693-da1c-406c-aa75-ff1a44fa8642)] -> xpath: //*[@class = 'product-grid']//*[@class='item-box'][3]//div[@class='details']//div[3]//div[2]//input] is clicked</p>
Added Book 2 to the cart.
<p>[[FirefoxDriver: firefox on WINDOWS (025ec693-da1c-406c-aa75-ff1a44fa8642)] -> css selector: #topcartlink>a>span:nth-child(2)] is clicked</p>
Navigated to the Shopping Cart.
Books added to the cart and navigated to the Shopping Cart.]]>
  </system-out>
  <testcase classname="TestExecution.DemoWebShop_OrderItem" name="Payment_Shipping" time="0.332">
    <error message="Element &lt;input class=&quot;button-1 new-address-next-step-button&quot; type=&quot;button&quot;&gt; could not be scrolled into view
Build info: version: &#039;4.1.0&#039;, revision: &#039;87802e897b&#039;
System info: host: &#039;MANIBEEEE&#039;, ip: &#039;192.168.99.242&#039;, os.name: &#039;Windows 11&#039;, os.arch: &#039;amd64&#039;, os.version: &#039;10.0&#039;, java.version: &#039;21.0.3&#039;
Driver info: org.openqa.selenium.firefox.FirefoxDriver
Command: [025ec693-da1c-406c-aa75-ff1a44fa8642, clickElement {id=9cf97e0a-cd40-4bce-afb3-0af7f75d0ac3}]
Capabilities {acceptInsecureCerts: true, browserName: firefox, browserVersion: 130.0, javascriptEnabled: true, moz:accessibilityChecks: false, moz:buildID: 20240829075237, moz:geckodriverVersion: 0.34.0, moz:headless: false, moz:platformVersion: 10.0, moz:processID: 11196, moz:profile: C:\Users\swats\AppData\Loca..., moz:shutdownTimeout: 60000, moz:webdriverClick: true, moz:windowless: false, pageLoadStrategy: normal, platform: WINDOWS, platformName: WINDOWS, proxy: Proxy(), setWindowRect: true, strictFileInteractability: false, timeouts: {implicit: 0, pageLoad: 300000, script: 30000}, unhandledPromptBehavior: dismiss and notify, userAgent: Mozilla/5.0 (Windows NT 10....}
Element: [[FirefoxDriver: firefox on WINDOWS (025ec693-da1c-406c-aa75-ff1a44fa8642)] -&gt; css selector: #shipping-buttons-container input]
Session ID: 025ec693-da1c-406c-aa75-ff1a44fa8642" type="org.openqa.selenium.ElementNotInteractableException">
      <![CDATA[org.openqa.selenium.ElementNotInteractableException: Element <input class="button-1 new-address-next-step-button" type="button"> could not be scrolled into view
Build info: version: '4.1.0', revision: '87802e897b'
System info: host: 'MANIBEEEE', ip: '192.168.99.242', os.name: 'Windows 11', os.arch: 'amd64', os.version: '10.0', java.version: '21.0.3'
Driver info: org.openqa.selenium.firefox.FirefoxDriver
Command: [025ec693-da1c-406c-aa75-ff1a44fa8642, clickElement {id=9cf97e0a-cd40-4bce-afb3-0af7f75d0ac3}]
Capabilities {acceptInsecureCerts: true, browserName: firefox, browserVersion: 130.0, javascriptEnabled: true, moz:accessibilityChecks: false, moz:buildID: 20240829075237, moz:geckodriverVersion: 0.34.0, moz:headless: false, moz:platformVersion: 10.0, moz:processID: 11196, moz:profile: C:\Users\swats\AppData\Loca..., moz:shutdownTimeout: 60000, moz:webdriverClick: true, moz:windowless: false, pageLoadStrategy: normal, platform: WINDOWS, platformName: WINDOWS, proxy: Proxy(), setWindowRect: true, strictFileInteractability: false, timeouts: {implicit: 0, pageLoad: 300000, script: 30000}, unhandledPromptBehavior: dismiss and notify, userAgent: Mozilla/5.0 (Windows NT 10....}
Element: [[FirefoxDriver: firefox on WINDOWS (025ec693-da1c-406c-aa75-ff1a44fa8642)] -> css selector: #shipping-buttons-container input]
Session ID: 025ec693-da1c-406c-aa75-ff1a44fa8642
at java.base/jdk.internal.reflect.DirectConstructorHandleAccessor.newInstance(DirectConstructorHandleAccessor.java:62)
at java.base/java.lang.reflect.Constructor.newInstanceWithCaller(Constructor.java:502)
at java.base/java.lang.reflect.Constructor.newInstance(Constructor.java:486)
at org.openqa.selenium.remote.codec.w3c.W3CHttpResponseCodec.createException(W3CHttpResponseCodec.java:200)
at org.openqa.selenium.remote.codec.w3c.W3CHttpResponseCodec.decode(W3CHttpResponseCodec.java:133)
at org.openqa.selenium.remote.codec.w3c.W3CHttpResponseCodec.decode(W3CHttpResponseCodec.java:53)
at org.openqa.selenium.remote.HttpCommandExecutor.execute(HttpCommandExecutor.java:184)
at org.openqa.selenium.remote.service.DriverCommandExecutor.invokeExecute(DriverCommandExecutor.java:164)
at org.openqa.selenium.remote.service.DriverCommandExecutor.execute(DriverCommandExecutor.java:139)
at org.openqa.selenium.remote.RemoteWebDriver.execute(RemoteWebDriver.java:559)
at org.openqa.selenium.remote.RemoteWebElement.execute(RemoteWebElement.java:251)
at org.openqa.selenium.remote.RemoteWebElement.click(RemoteWebElement.java:77)
at java.base/jdk.internal.reflect.DirectMethodHandleAccessor.invoke(DirectMethodHandleAccessor.java:103)
at java.base/java.lang.reflect.Method.invoke(Method.java:580)
at org.openqa.selenium.support.pagefactory.internal.LocatingElementHandler.invoke(LocatingElementHandler.java:52)
at jdk.proxy2/jdk.proxy2.$Proxy12.click(Unknown Source)
at Utlilities.UserActions.Click(UserActions.java:22)
at POMs.DemoWebShop_Checkout.ClickShippingAddress_Continue(DemoWebShop_Checkout.java:35)
at TestExecution.DemoWebShop_OrderItem.Payment_Shipping(DemoWebShop_OrderItem.java:66)
at java.base/jdk.internal.reflect.DirectMethodHandleAccessor.invoke(DirectMethodHandleAccessor.java:103)
at java.base/java.lang.reflect.Method.invoke(Method.java:580)
at org.testng.internal.MethodInvocationHelper.invokeMethod(MethodInvocationHelper.java:133)
at org.testng.internal.TestInvoker.invokeMethod(TestInvoker.java:598)
at org.testng.internal.TestInvoker.invokeTestMethod(TestInvoker.java:173)
at org.testng.internal.MethodRunner.runInSequence(MethodRunner.java:46)
at org.testng.internal.TestInvoker$MethodInvocationAgent.invoke(TestInvoker.java:824)
at org.testng.internal.TestInvoker.invokeTestMethods(TestInvoker.java:146)
at org.testng.internal.TestMethodWorker.invokeTestMethods(TestMethodWorker.java:146)
at org.testng.internal.TestMethodWorker.run(TestMethodWorker.java:128)
at java.base/java.util.concurrent.ThreadPoolExecutor.runWorker(ThreadPoolExecutor.java:1144)
at java.base/java.util.concurrent.ThreadPoolExecutor$Worker.run(ThreadPoolExecutor.java:642)
at java.base/java.lang.Thread.run(Thread.java:1583)
]]>
    </error>
  </testcase> <!-- Payment_Shipping -->
  <system-out>
    <![CDATA[<p>[[FirefoxDriver: firefox on WINDOWS (025ec693-da1c-406c-aa75-ff1a44fa8642)] -> css selector: #billing-buttons-container input] is clicked</p>]]>
  </system-out>
  <testcase classname="TestExecution.DemoWebShop_OrderItem" name="Launch_And_Login" time="20.094"/>
  <system-out>
    <![CDATA[Initialized FireFox browser......!
<p>[[FirefoxDriver: firefox on WINDOWS (025ec693-da1c-406c-aa75-ff1a44fa8642)] -> xpath: //*[@id = 'topcartlink']//preceding::a[1]] is clicked</p>
Selected Login Tab.....!
<p>[[FirefoxDriver: firefox on WINDOWS (025ec693-da1c-406c-aa75-ff1a44fa8642)] -> xpath: //*[@id = 'topcartlink']//preceding::a[1]] is clicked</p>
Selected Login Tab.....!
<p>ABC0047@gmail.com is Entered into the [[FirefoxDriver: firefox on WINDOWS (025ec693-da1c-406c-aa75-ff1a44fa8642)] -> id: Email] TextBox</p>
UserID Enetered
<p>mb@123 is Entered into the [[FirefoxDriver: firefox on WINDOWS (025ec693-da1c-406c-aa75-ff1a44fa8642)] -> id: Password] TextBox</p>
Password Enetered
<p>Proxy element for: DefaultElementLocator 'By.xpath: //*[@value ='Log in']' is clicked</p>
Login Button is clicked
Logged In to DemoWebshop]]>
  </system-out>
</testsuite> <!-- TestExecution.DemoWebShop_OrderItem -->
