<?xml version="1.0" encoding="UTF-8"?>
<testsuite xmlns:xsi="http://www.w3.org/2001/XMLSchema-instance" xsi:noNamespaceSchemaLocation="https://maven.apache.org/surefire/maven-surefire-plugin/xsd/surefire-test-report-3.0.xsd" version="3.0" name="Tests.TestRunner" time="5.038" tests="3" errors="0" skipped="0" failures="0">
  <properties>
    <property name="java.specification.version" value="21"/>
    <property name="sun.cpu.isalist" value="amd64"/>
    <property name="sun.jnu.encoding" value="Cp1252"/>
    <property name="java.class.path" value="C:\Users\swats\Mani Eclipse New Workspace\Karate\target\test-classes;C:\Users\swats\Mani Eclipse New Workspace\Karate\target\classes;C:\Users\swats\.m2\repository\com\intuit\karate\karate-core\1.4.1\karate-core-1.4.1.jar;C:\Users\swats\.m2\repository\org\graalvm\js\js-scriptengine\22.3.3\js-scriptengine-22.3.3.jar;C:\Users\swats\.m2\repository\org\graalvm\sdk\graal-sdk\22.3.3\graal-sdk-22.3.3.jar;C:\Users\swats\.m2\repository\org\graalvm\js\js\22.3.3\js-22.3.3.jar;C:\Users\swats\.m2\repository\org\graalvm\regex\regex\22.3.3\regex-22.3.3.jar;C:\Users\swats\.m2\repository\org\graalvm\truffle\truffle-api\22.3.3\truffle-api-22.3.3.jar;C:\Users\swats\.m2\repository\com\ibm\icu\icu4j\71.1\icu4j-71.1.jar;C:\Users\swats\.m2\repository\org\thymeleaf\thymeleaf\3.1.2.RELEASE\thymeleaf-3.1.2.RELEASE.jar;C:\Users\swats\.m2\repository\ognl\ognl\3.3.4\ognl-3.3.4.jar;C:\Users\swats\.m2\repository\org\javassist\javassist\3.29.0-GA\javassist-3.29.0-GA.jar;C:\Users\swats\.m2\repository\org\attoparser\attoparser\2.0.7.RELEASE\attoparser-2.0.7.RELEASE.jar;C:\Users\swats\.m2\repository\org\unbescape\unbescape\1.1.6.RELEASE\unbescape-1.1.6.RELEASE.jar;C:\Users\swats\.m2\repository\org\slf4j\slf4j-api\2.0.7\slf4j-api-2.0.7.jar;C:\Users\swats\.m2\repository\com\linecorp\armeria\armeria\1.25.2\armeria-1.25.2.jar;C:\Users\swats\.m2\repository\com\fasterxml\jackson\core\jackson-core\2.15.2\jackson-core-2.15.2.jar;C:\Users\swats\.m2\repository\com\fasterxml\jackson\core\jackson-annotations\2.15.2\jackson-annotations-2.15.2.jar;C:\Users\swats\.m2\repository\com\fasterxml\jackson\core\jackson-databind\2.15.2\jackson-databind-2.15.2.jar;C:\Users\swats\.m2\repository\com\fasterxml\jackson\datatype\jackson-datatype-jdk8\2.15.2\jackson-datatype-jdk8-2.15.2.jar;C:\Users\swats\.m2\repository\com\fasterxml\jackson\datatype\jackson-datatype-jsr310\2.15.2\jackson-datatype-jsr310-2.15.2.jar;C:\Users\swats\.m2\repository\io\micrometer\micrometer-core\1.11.3\micrometer-core-1.11.3.jar;C:\Users\swats\.m2\repository\io\micrometer\micrometer-commons\1.11.3\micrometer-commons-1.11.3.jar;C:\Users\swats\.m2\repository\io\micrometer\micrometer-observation\1.11.3\micrometer-observation-1.11.3.jar;C:\Users\swats\.m2\repository\org\hdrhistogram\HdrHistogram\2.1.12\HdrHistogram-2.1.12.jar;C:\Users\swats\.m2\repository\org\latencyutils\LatencyUtils\2.0.3\LatencyUtils-2.0.3.jar;C:\Users\swats\.m2\repository\io\netty\netty-transport\4.1.96.Final\netty-transport-4.1.96.Final.jar;C:\Users\swats\.m2\repository\io\netty\netty-common\4.1.96.Final\netty-common-4.1.96.Final.jar;C:\Users\swats\.m2\repository\io\netty\netty-buffer\4.1.96.Final\netty-buffer-4.1.96.Final.jar;C:\Users\swats\.m2\repository\io\netty\netty-resolver\4.1.96.Final\netty-resolver-4.1.96.Final.jar;C:\Users\swats\.m2\repository\io\netty\netty-codec-haproxy\4.1.96.Final\netty-codec-haproxy-4.1.96.Final.jar;C:\Users\swats\.m2\repository\io\netty\netty-codec\4.1.96.Final\netty-codec-4.1.96.Final.jar;C:\Users\swats\.m2\repository\io\netty\netty-codec-http2\4.1.96.Final\netty-codec-http2-4.1.96.Final.jar;C:\Users\swats\.m2\repository\io\netty\netty-handler\4.1.96.Final\netty-handler-4.1.96.Final.jar;C:\Users\swats\.m2\repository\io\netty\netty-codec-http\4.1.96.Final\netty-codec-http-4.1.96.Final.jar;C:\Users\swats\.m2\repository\io\netty\netty-resolver-dns\4.1.96.Final\netty-resolver-dns-4.1.96.Final.jar;C:\Users\swats\.m2\repository\io\netty\netty-codec-dns\4.1.96.Final\netty-codec-dns-4.1.96.Final.jar;C:\Users\swats\.m2\repository\org\reactivestreams\reactive-streams\1.0.4\reactive-streams-1.0.4.jar;C:\Users\swats\.m2\repository\com\google\code\findbugs\jsr305\3.0.2\jsr305-3.0.2.jar;C:\Users\swats\.m2\repository\io\netty\netty-handler-proxy\4.1.96.Final\netty-handler-proxy-4.1.96.Final.jar;C:\Users\swats\.m2\repository\io\netty\netty-codec-socks\4.1.96.Final\netty-codec-socks-4.1.96.Final.jar;C:\Users\swats\.m2\repository\io\netty\netty-transport-native-unix-common\4.1.96.Final\netty-transport-native-unix-common-4.1.96.Final-linux-x86_64.jar;C:\Users\swats\.m2\repository\io\netty\netty-transport-native-epoll\4.1.96.Final\netty-transport-native-epoll-4.1.96.Final-linux-x86_64.jar;C:\Users\swats\.m2\repository\io\netty\netty-transport-native-unix-common\4.1.96.Final\netty-transport-native-unix-common-4.1.96.Final.jar;C:\Users\swats\.m2\repository\io\netty\netty-transport-classes-epoll\4.1.96.Final\netty-transport-classes-epoll-4.1.96.Final.jar;C:\Users\swats\.m2\repository\io\netty\netty-transport-native-unix-common\4.1.96.Final\netty-transport-native-unix-common-4.1.96.Final-linux-aarch_64.jar;C:\Users\swats\.m2\repository\io\netty\netty-transport-native-epoll\4.1.96.Final\netty-transport-native-epoll-4.1.96.Final-linux-aarch_64.jar;C:\Users\swats\.m2\repository\io\netty\netty-transport-native-unix-common\4.1.96.Final\netty-transport-native-unix-common-4.1.96.Final-osx-x86_64.jar;C:\Users\swats\.m2\repository\io\netty\netty-transport-native-kqueue\4.1.96.Final\netty-transport-native-kqueue-4.1.96.Final-osx-x86_64.jar;C:\Users\swats\.m2\repository\io\netty\netty-transport-classes-kqueue\4.1.96.Final\netty-transport-classes-kqueue-4.1.96.Final.jar;C:\Users\swats\.m2\repository\io\netty\netty-resolver-dns-native-macos\4.1.96.Final\netty-resolver-dns-native-macos-4.1.96.Final-osx-x86_64.jar;C:\Users\swats\.m2\repository\io\netty\netty-resolver-dns-classes-macos\4.1.96.Final\netty-resolver-dns-classes-macos-4.1.96.Final.jar;C:\Users\swats\.m2\repository\io\netty\netty-transport-native-unix-common\4.1.96.Final\netty-transport-native-unix-common-4.1.96.Final-osx-aarch_64.jar;C:\Users\swats\.m2\repository\io\netty\netty-transport-native-kqueue\4.1.96.Final\netty-transport-native-kqueue-4.1.96.Final-osx-aarch_64.jar;C:\Users\swats\.m2\repository\io\netty\netty-resolver-dns-native-macos\4.1.96.Final\netty-resolver-dns-native-macos-4.1.96.Final-osx-aarch_64.jar;C:\Users\swats\.m2\repository\io\netty\netty-tcnative-boringssl-static\2.0.61.Final\netty-tcnative-boringssl-static-2.0.61.Final-linux-x86_64.jar;C:\Users\swats\.m2\repository\io\netty\netty-tcnative-classes\2.0.61.Final\netty-tcnative-classes-2.0.61.Final.jar;C:\Users\swats\.m2\repository\io\netty\netty-tcnative-boringssl-static\2.0.61.Final\netty-tcnative-boringssl-static-2.0.61.Final-linux-aarch_64.jar;C:\Users\swats\.m2\repository\io\netty\netty-tcnative-boringssl-static\2.0.61.Final\netty-tcnative-boringssl-static-2.0.61.Final-osx-x86_64.jar;C:\Users\swats\.m2\repository\io\netty\netty-tcnative-boringssl-static\2.0.61.Final\netty-tcnative-boringssl-static-2.0.61.Final-osx-aarch_64.jar;C:\Users\swats\.m2\repository\io\netty\netty-tcnative-boringssl-static\2.0.61.Final\netty-tcnative-boringssl-static-2.0.61.Final-windows-x86_64.jar;C:\Users\swats\.m2\repository\com\aayushatharva\brotli4j\brotli4j\1.12.0\brotli4j-1.12.0.jar;C:\Users\swats\.m2\repository\com\aayushatharva\brotli4j\service\1.12.0\service-1.12.0.jar;C:\Users\swats\.m2\repository\com\aayushatharva\brotli4j\native-windows-x86_64\1.12.0\native-windows-x86_64-1.12.0.jar;C:\Users\swats\.m2\repository\org\apache\httpcomponents\httpclient\4.5.14\httpclient-4.5.14.jar;C:\Users\swats\.m2\repository\org\apache\httpcomponents\httpcore\4.4.16\httpcore-4.4.16.jar;C:\Users\swats\.m2\repository\commons-codec\commons-codec\1.16.0\commons-codec-1.16.0.jar;C:\Users\swats\.m2\repository\ch\qos\logback\logback-classic\1.4.11\logback-classic-1.4.11.jar;C:\Users\swats\.m2\repository\ch\qos\logback\logback-core\1.4.11\logback-core-1.4.11.jar;C:\Users\swats\.m2\repository\org\slf4j\jcl-over-slf4j\2.0.9\jcl-over-slf4j-2.0.9.jar;C:\Users\swats\.m2\repository\org\antlr\antlr4-runtime\4.11.1\antlr4-runtime-4.11.1.jar;C:\Users\swats\.m2\repository\com\jayway\jsonpath\json-path\2.8.0\json-path-2.8.0.jar;C:\Users\swats\.m2\repository\net\minidev\json-smart\2.4.10\json-smart-2.4.10.jar;C:\Users\swats\.m2\repository\net\minidev\accessors-smart\2.4.9\accessors-smart-2.4.9.jar;C:\Users\swats\.m2\repository\org\ow2\asm\asm\9.3\asm-9.3.jar;C:\Users\swats\.m2\repository\org\yaml\snakeyaml\2.0\snakeyaml-2.0.jar;C:\Users\swats\.m2\repository\de\siegmar\fastcsv\2.2.1\fastcsv-2.2.1.jar;C:\Users\swats\.m2\repository\info\picocli\picocli\4.7.1\picocli-4.7.1.jar;C:\Users\swats\.m2\repository\io\github\classgraph\classgraph\4.8.160\classgraph-4.8.160.jar;C:\Users\swats\.m2\repository\io\github\t12y\resemble\1.0.2\resemble-1.0.2.jar;C:\Users\swats\.m2\repository\io\github\t12y\ssim\1.0.0\ssim-1.0.0.jar;C:\Users\swats\.m2\repository\com\intuit\karate\karate-apache\0.9.6\karate-apache-0.9.6.jar;C:\Users\swats\.m2\repository\org\apache\httpcomponents\httpmime\4.5.12\httpmime-4.5.12.jar;C:\Users\swats\.m2\repository\com\intuit\karate\karate-junit5\1.4.1\karate-junit5-1.4.1.jar;C:\Users\swats\.m2\repository\org\junit\jupiter\junit-jupiter-api\5.9.3\junit-jupiter-api-5.9.3.jar;C:\Users\swats\.m2\repository\org\opentest4j\opentest4j\1.2.0\opentest4j-1.2.0.jar;C:\Users\swats\.m2\repository\org\junit\platform\junit-platform-commons\1.9.3\junit-platform-commons-1.9.3.jar;C:\Users\swats\.m2\repository\io\cucumber\cucumber-java\7.18.1\cucumber-java-7.18.1.jar;C:\Users\swats\.m2\repository\org\apiguardian\apiguardian-api\1.1.2\apiguardian-api-1.1.2.jar;C:\Users\swats\.m2\repository\io\cucumber\cucumber-testng\7.18.1\cucumber-testng-7.18.1.jar;C:\Users\swats\.m2\repository\org\testng\testng\7.10.2\testng-7.10.2.jar;C:\Users\swats\.m2\repository\com\beust\jcommander\1.82\jcommander-1.82.jar;C:\Users\swats\.m2\repository\org\webjars\jquery\3.7.1\jquery-3.7.1.jar;C:\Users\swats\.m2\repository\io\cucumber\cucumber-core\7.18.1\cucumber-core-7.18.1.jar;C:\Users\swats\.m2\repository\io\cucumber\cucumber-gherkin\7.18.1\cucumber-gherkin-7.18.1.jar;C:\Users\swats\.m2\repository\io\cucumber\cucumber-gherkin-messages\7.18.1\cucumber-gherkin-messages-7.18.1.jar;C:\Users\swats\.m2\repository\io\cucumber\gherkin\28.0.0\gherkin-28.0.0.jar;C:\Users\swats\.m2\repository\io\cucumber\messages\24.1.0\messages-24.1.0.jar;C:\Users\swats\.m2\repository\io\cucumber\testng-xml-formatter\0.2.0\testng-xml-formatter-0.2.0.jar;C:\Users\swats\.m2\repository\io\cucumber\query\12.2.0\query-12.2.0.jar;C:\Users\swats\.m2\repository\io\cucumber\tag-expressions\6.1.0\tag-expressions-6.1.0.jar;C:\Users\swats\.m2\repository\io\cucumber\cucumber-expressions\17.1.0\cucumber-expressions-17.1.0.jar;C:\Users\swats\.m2\repository\io\cucumber\datatable\7.18.1\datatable-7.18.1.jar;C:\Users\swats\.m2\repository\io\cucumber\cucumber-plugin\7.18.1\cucumber-plugin-7.18.1.jar;C:\Users\swats\.m2\repository\io\cucumber\docstring\7.18.1\docstring-7.18.1.jar;C:\Users\swats\.m2\repository\io\cucumber\html-formatter\21.4.1\html-formatter-21.4.1.jar;C:\Users\swats\.m2\repository\io\cucumber\junit-xml-formatter\0.5.0\junit-xml-formatter-0.5.0.jar;C:\Users\swats\.m2\repository\io\cucumber\ci-environment\10.0.1\ci-environment-10.0.1.jar;C:\Users\swats\.m2\repository\org\junit\jupiter\junit-jupiter-engine\5.9.3\junit-jupiter-engine-5.9.3.jar;C:\Users\swats\.m2\repository\org\junit\platform\junit-platform-engine\1.9.3\junit-platform-engine-1.9.3.jar;"/>
    <property name="java.vm.vendor" value="Eclipse Adoptium"/>
    <property name="sun.arch.data.model" value="64"/>
    <property name="user.variant" value=""/>
    <property name="java.vendor.url" value="https://adoptium.net/"/>
    <property name="user.timezone" value="Asia/Calcutta"/>
    <property name="os.name" value="Windows 11"/>
    <property name="java.vm.specification.version" value="21"/>
    <property name="sun.java.launcher" value="SUN_STANDARD"/>
    <property name="user.country" value="US"/>
    <property name="sun.boot.library.path" value="C:\Program Files\Eclipse Adoptium\jdk-21.0.3.9-hotspot\bin"/>
    <property name="sun.java.command" value="C:\Users\swats\AppData\Local\Temp\surefire5030845118837433281\surefirebooter-20240908125811166_3.jar C:\Users\swats\AppData\Local\Temp\surefire5030845118837433281 2024-09-08T12-58-11_004-jvmRun1 surefire-20240908125811166_1tmp surefire_0-20240908125811166_2tmp"/>
    <property name="jdk.debug" value="release"/>
    <property name="surefire.test.class.path" value="C:\Users\swats\Mani Eclipse New Workspace\Karate\target\test-classes;C:\Users\swats\Mani Eclipse New Workspace\Karate\target\classes;C:\Users\swats\.m2\repository\com\intuit\karate\karate-core\1.4.1\karate-core-1.4.1.jar;C:\Users\swats\.m2\repository\org\graalvm\js\js-scriptengine\22.3.3\js-scriptengine-22.3.3.jar;C:\Users\swats\.m2\repository\org\graalvm\sdk\graal-sdk\22.3.3\graal-sdk-22.3.3.jar;C:\Users\swats\.m2\repository\org\graalvm\js\js\22.3.3\js-22.3.3.jar;C:\Users\swats\.m2\repository\org\graalvm\regex\regex\22.3.3\regex-22.3.3.jar;C:\Users\swats\.m2\repository\org\graalvm\truffle\truffle-api\22.3.3\truffle-api-22.3.3.jar;C:\Users\swats\.m2\repository\com\ibm\icu\icu4j\71.1\icu4j-71.1.jar;C:\Users\swats\.m2\repository\org\thymeleaf\thymeleaf\3.1.2.RELEASE\thymeleaf-3.1.2.RELEASE.jar;C:\Users\swats\.m2\repository\ognl\ognl\3.3.4\ognl-3.3.4.jar;C:\Users\swats\.m2\repository\org\javassist\javassist\3.29.0-GA\javassist-3.29.0-GA.jar;C:\Users\swats\.m2\repository\org\attoparser\attoparser\2.0.7.RELEASE\attoparser-2.0.7.RELEASE.jar;C:\Users\swats\.m2\repository\org\unbescape\unbescape\1.1.6.RELEASE\unbescape-1.1.6.RELEASE.jar;C:\Users\swats\.m2\repository\org\slf4j\slf4j-api\2.0.7\slf4j-api-2.0.7.jar;C:\Users\swats\.m2\repository\com\linecorp\armeria\armeria\1.25.2\armeria-1.25.2.jar;C:\Users\swats\.m2\repository\com\fasterxml\jackson\core\jackson-core\2.15.2\jackson-core-2.15.2.jar;C:\Users\swats\.m2\repository\com\fasterxml\jackson\core\jackson-annotations\2.15.2\jackson-annotations-2.15.2.jar;C:\Users\swats\.m2\repository\com\fasterxml\jackson\core\jackson-databind\2.15.2\jackson-databind-2.15.2.jar;C:\Users\swats\.m2\repository\com\fasterxml\jackson\datatype\jackson-datatype-jdk8\2.15.2\jackson-datatype-jdk8-2.15.2.jar;C:\Users\swats\.m2\repository\com\fasterxml\jackson\datatype\jackson-datatype-jsr310\2.15.2\jackson-datatype-jsr310-2.15.2.jar;C:\Users\swats\.m2\repository\io\micrometer\micrometer-core\1.11.3\micrometer-core-1.11.3.jar;C:\Users\swats\.m2\repository\io\micrometer\micrometer-commons\1.11.3\micrometer-commons-1.11.3.jar;C:\Users\swats\.m2\repository\io\micrometer\micrometer-observation\1.11.3\micrometer-observation-1.11.3.jar;C:\Users\swats\.m2\repository\org\hdrhistogram\HdrHistogram\2.1.12\HdrHistogram-2.1.12.jar;C:\Users\swats\.m2\repository\org\latencyutils\LatencyUtils\2.0.3\LatencyUtils-2.0.3.jar;C:\Users\swats\.m2\repository\io\netty\netty-transport\4.1.96.Final\netty-transport-4.1.96.Final.jar;C:\Users\swats\.m2\repository\io\netty\netty-common\4.1.96.Final\netty-common-4.1.96.Final.jar;C:\Users\swats\.m2\repository\io\netty\netty-buffer\4.1.96.Final\netty-buffer-4.1.96.Final.jar;C:\Users\swats\.m2\repository\io\netty\netty-resolver\4.1.96.Final\netty-resolver-4.1.96.Final.jar;C:\Users\swats\.m2\repository\io\netty\netty-codec-haproxy\4.1.96.Final\netty-codec-haproxy-4.1.96.Final.jar;C:\Users\swats\.m2\repository\io\netty\netty-codec\4.1.96.Final\netty-codec-4.1.96.Final.jar;C:\Users\swats\.m2\repository\io\netty\netty-codec-http2\4.1.96.Final\netty-codec-http2-4.1.96.Final.jar;C:\Users\swats\.m2\repository\io\netty\netty-handler\4.1.96.Final\netty-handler-4.1.96.Final.jar;C:\Users\swats\.m2\repository\io\netty\netty-codec-http\4.1.96.Final\netty-codec-http-4.1.96.Final.jar;C:\Users\swats\.m2\repository\io\netty\netty-resolver-dns\4.1.96.Final\netty-resolver-dns-4.1.96.Final.jar;C:\Users\swats\.m2\repository\io\netty\netty-codec-dns\4.1.96.Final\netty-codec-dns-4.1.96.Final.jar;C:\Users\swats\.m2\repository\org\reactivestreams\reactive-streams\1.0.4\reactive-streams-1.0.4.jar;C:\Users\swats\.m2\repository\com\google\code\findbugs\jsr305\3.0.2\jsr305-3.0.2.jar;C:\Users\swats\.m2\repository\io\netty\netty-handler-proxy\4.1.96.Final\netty-handler-proxy-4.1.96.Final.jar;C:\Users\swats\.m2\repository\io\netty\netty-codec-socks\4.1.96.Final\netty-codec-socks-4.1.96.Final.jar;C:\Users\swats\.m2\repository\io\netty\netty-transport-native-unix-common\4.1.96.Final\netty-transport-native-unix-common-4.1.96.Final-linux-x86_64.jar;C:\Users\swats\.m2\repository\io\netty\netty-transport-native-epoll\4.1.96.Final\netty-transport-native-epoll-4.1.96.Final-linux-x86_64.jar;C:\Users\swats\.m2\repository\io\netty\netty-transport-native-unix-common\4.1.96.Final\netty-transport-native-unix-common-4.1.96.Final.jar;C:\Users\swats\.m2\repository\io\netty\netty-transport-classes-epoll\4.1.96.Final\netty-transport-classes-epoll-4.1.96.Final.jar;C:\Users\swats\.m2\repository\io\netty\netty-transport-native-unix-common\4.1.96.Final\netty-transport-native-unix-common-4.1.96.Final-linux-aarch_64.jar;C:\Users\swats\.m2\repository\io\netty\netty-transport-native-epoll\4.1.96.Final\netty-transport-native-epoll-4.1.96.Final-linux-aarch_64.jar;C:\Users\swats\.m2\repository\io\netty\netty-transport-native-unix-common\4.1.96.Final\netty-transport-native-unix-common-4.1.96.Final-osx-x86_64.jar;C:\Users\swats\.m2\repository\io\netty\netty-transport-native-kqueue\4.1.96.Final\netty-transport-native-kqueue-4.1.96.Final-osx-x86_64.jar;C:\Users\swats\.m2\repository\io\netty\netty-transport-classes-kqueue\4.1.96.Final\netty-transport-classes-kqueue-4.1.96.Final.jar;C:\Users\swats\.m2\repository\io\netty\netty-resolver-dns-native-macos\4.1.96.Final\netty-resolver-dns-native-macos-4.1.96.Final-osx-x86_64.jar;C:\Users\swats\.m2\repository\io\netty\netty-resolver-dns-classes-macos\4.1.96.Final\netty-resolver-dns-classes-macos-4.1.96.Final.jar;C:\Users\swats\.m2\repository\io\netty\netty-transport-native-unix-common\4.1.96.Final\netty-transport-native-unix-common-4.1.96.Final-osx-aarch_64.jar;C:\Users\swats\.m2\repository\io\netty\netty-transport-native-kqueue\4.1.96.Final\netty-transport-native-kqueue-4.1.96.Final-osx-aarch_64.jar;C:\Users\swats\.m2\repository\io\netty\netty-resolver-dns-native-macos\4.1.96.Final\netty-resolver-dns-native-macos-4.1.96.Final-osx-aarch_64.jar;C:\Users\swats\.m2\repository\io\netty\netty-tcnative-boringssl-static\2.0.61.Final\netty-tcnative-boringssl-static-2.0.61.Final-linux-x86_64.jar;C:\Users\swats\.m2\repository\io\netty\netty-tcnative-classes\2.0.61.Final\netty-tcnative-classes-2.0.61.Final.jar;C:\Users\swats\.m2\repository\io\netty\netty-tcnative-boringssl-static\2.0.61.Final\netty-tcnative-boringssl-static-2.0.61.Final-linux-aarch_64.jar;C:\Users\swats\.m2\repository\io\netty\netty-tcnative-boringssl-static\2.0.61.Final\netty-tcnative-boringssl-static-2.0.61.Final-osx-x86_64.jar;C:\Users\swats\.m2\repository\io\netty\netty-tcnative-boringssl-static\2.0.61.Final\netty-tcnative-boringssl-static-2.0.61.Final-osx-aarch_64.jar;C:\Users\swats\.m2\repository\io\netty\netty-tcnative-boringssl-static\2.0.61.Final\netty-tcnative-boringssl-static-2.0.61.Final-windows-x86_64.jar;C:\Users\swats\.m2\repository\com\aayushatharva\brotli4j\brotli4j\1.12.0\brotli4j-1.12.0.jar;C:\Users\swats\.m2\repository\com\aayushatharva\brotli4j\service\1.12.0\service-1.12.0.jar;C:\Users\swats\.m2\repository\com\aayushatharva\brotli4j\native-windows-x86_64\1.12.0\native-windows-x86_64-1.12.0.jar;C:\Users\swats\.m2\repository\org\apache\httpcomponents\httpclient\4.5.14\httpclient-4.5.14.jar;C:\Users\swats\.m2\repository\org\apache\httpcomponents\httpcore\4.4.16\httpcore-4.4.16.jar;C:\Users\swats\.m2\repository\commons-codec\commons-codec\1.16.0\commons-codec-1.16.0.jar;C:\Users\swats\.m2\repository\ch\qos\logback\logback-classic\1.4.11\logback-classic-1.4.11.jar;C:\Users\swats\.m2\repository\ch\qos\logback\logback-core\1.4.11\logback-core-1.4.11.jar;C:\Users\swats\.m2\repository\org\slf4j\jcl-over-slf4j\2.0.9\jcl-over-slf4j-2.0.9.jar;C:\Users\swats\.m2\repository\org\antlr\antlr4-runtime\4.11.1\antlr4-runtime-4.11.1.jar;C:\Users\swats\.m2\repository\com\jayway\jsonpath\json-path\2.8.0\json-path-2.8.0.jar;C:\Users\swats\.m2\repository\net\minidev\json-smart\2.4.10\json-smart-2.4.10.jar;C:\Users\swats\.m2\repository\net\minidev\accessors-smart\2.4.9\accessors-smart-2.4.9.jar;C:\Users\swats\.m2\repository\org\ow2\asm\asm\9.3\asm-9.3.jar;C:\Users\swats\.m2\repository\org\yaml\snakeyaml\2.0\snakeyaml-2.0.jar;C:\Users\swats\.m2\repository\de\siegmar\fastcsv\2.2.1\fastcsv-2.2.1.jar;C:\Users\swats\.m2\repository\info\picocli\picocli\4.7.1\picocli-4.7.1.jar;C:\Users\swats\.m2\repository\io\github\classgraph\classgraph\4.8.160\classgraph-4.8.160.jar;C:\Users\swats\.m2\repository\io\github\t12y\resemble\1.0.2\resemble-1.0.2.jar;C:\Users\swats\.m2\repository\io\github\t12y\ssim\1.0.0\ssim-1.0.0.jar;C:\Users\swats\.m2\repository\com\intuit\karate\karate-apache\0.9.6\karate-apache-0.9.6.jar;C:\Users\swats\.m2\repository\org\apache\httpcomponents\httpmime\4.5.12\httpmime-4.5.12.jar;C:\Users\swats\.m2\repository\com\intuit\karate\karate-junit5\1.4.1\karate-junit5-1.4.1.jar;C:\Users\swats\.m2\repository\org\junit\jupiter\junit-jupiter-api\5.9.3\junit-jupiter-api-5.9.3.jar;C:\Users\swats\.m2\repository\org\opentest4j\opentest4j\1.2.0\opentest4j-1.2.0.jar;C:\Users\swats\.m2\repository\org\junit\platform\junit-platform-commons\1.9.3\junit-platform-commons-1.9.3.jar;C:\Users\swats\.m2\repository\io\cucumber\cucumber-java\7.18.1\cucumber-java-7.18.1.jar;C:\Users\swats\.m2\repository\org\apiguardian\apiguardian-api\1.1.2\apiguardian-api-1.1.2.jar;C:\Users\swats\.m2\repository\io\cucumber\cucumber-testng\7.18.1\cucumber-testng-7.18.1.jar;C:\Users\swats\.m2\repository\org\testng\testng\7.10.2\testng-7.10.2.jar;C:\Users\swats\.m2\repository\com\beust\jcommander\1.82\jcommander-1.82.jar;C:\Users\swats\.m2\repository\org\webjars\jquery\3.7.1\jquery-3.7.1.jar;C:\Users\swats\.m2\repository\io\cucumber\cucumber-core\7.18.1\cucumber-core-7.18.1.jar;C:\Users\swats\.m2\repository\io\cucumber\cucumber-gherkin\7.18.1\cucumber-gherkin-7.18.1.jar;C:\Users\swats\.m2\repository\io\cucumber\cucumber-gherkin-messages\7.18.1\cucumber-gherkin-messages-7.18.1.jar;C:\Users\swats\.m2\repository\io\cucumber\gherkin\28.0.0\gherkin-28.0.0.jar;C:\Users\swats\.m2\repository\io\cucumber\messages\24.1.0\messages-24.1.0.jar;C:\Users\swats\.m2\repository\io\cucumber\testng-xml-formatter\0.2.0\testng-xml-formatter-0.2.0.jar;C:\Users\swats\.m2\repository\io\cucumber\query\12.2.0\query-12.2.0.jar;C:\Users\swats\.m2\repository\io\cucumber\tag-expressions\6.1.0\tag-expressions-6.1.0.jar;C:\Users\swats\.m2\repository\io\cucumber\cucumber-expressions\17.1.0\cucumber-expressions-17.1.0.jar;C:\Users\swats\.m2\repository\io\cucumber\datatable\7.18.1\datatable-7.18.1.jar;C:\Users\swats\.m2\repository\io\cucumber\cucumber-plugin\7.18.1\cucumber-plugin-7.18.1.jar;C:\Users\swats\.m2\repository\io\cucumber\docstring\7.18.1\docstring-7.18.1.jar;C:\Users\swats\.m2\repository\io\cucumber\html-formatter\21.4.1\html-formatter-21.4.1.jar;C:\Users\swats\.m2\repository\io\cucumber\junit-xml-formatter\0.5.0\junit-xml-formatter-0.5.0.jar;C:\Users\swats\.m2\repository\io\cucumber\ci-environment\10.0.1\ci-environment-10.0.1.jar;C:\Users\swats\.m2\repository\org\junit\jupiter\junit-jupiter-engine\5.9.3\junit-jupiter-engine-5.9.3.jar;C:\Users\swats\.m2\repository\org\junit\platform\junit-platform-engine\1.9.3\junit-platform-engine-1.9.3.jar;"/>
    <property name="sun.cpu.endian" value="little"/>
    <property name="user.home" value="C:\Users\swats"/>
    <property name="user.language" value="en"/>
    <property name="java.specification.vendor" value="Oracle Corporation"/>
    <property name="java.version.date" value="2024-04-16"/>
    <property name="java.home" value="C:\Program Files\Eclipse Adoptium\jdk-21.0.3.9-hotspot"/>
    <property name="file.separator" value="\"/>
    <property name="basedir" value="C:\Users\swats\Mani Eclipse New Workspace\Karate"/>
    <property name="java.vm.compressedOopsMode" value="32-bit"/>
    <property name="line.separator" value="&#10;"/>
    <property name="java.vm.specification.vendor" value="Oracle Corporation"/>
    <property name="java.specification.name" value="Java Platform API Specification"/>
    <property name="surefire.real.class.path" value="C:\Users\swats\AppData\Local\Temp\surefire5030845118837433281\surefirebooter-20240908125811166_3.jar"/>
    <property name="user.script" value=""/>
    <property name="sun.management.compiler" value="HotSpot 64-Bit Tiered Compilers"/>
    <property name="java.runtime.version" value="21.0.3+9-LTS"/>
    <property name="user.name" value="swats"/>
    <property name="stdout.encoding" value="Cp1252"/>
    <property name="path.separator" value=";"/>
    <property name="os.version" value="10.0"/>
    <property name="java.runtime.name" value="OpenJDK Runtime Environment"/>
    <property name="file.encoding" value="UTF-8"/>
    <property name="java.vm.name" value="OpenJDK 64-Bit Server VM"/>
    <property name="java.vendor.version" value="Temurin-21.0.3+9"/>
    <property name="localRepository" value="C:\Users\swats\.m2\repository"/>
    <property name="java.vendor.url.bug" value="https://github.com/adoptium/adoptium-support/issues"/>
    <property name="java.io.tmpdir" value="C:\Users\swats\AppData\Local\Temp\"/>
    <property name="java.version" value="21.0.3"/>
    <property name="user.dir" value="C:\Users\swats\Mani Eclipse New Workspace\Karate"/>
    <property name="os.arch" value="amd64"/>
    <property name="java.vm.specification.name" value="Java Virtual Machine Specification"/>
    <property name="sun.os.patch.level" value=""/>
    <property name="native.encoding" value="Cp1252"/>
    <property name="java.library.path" value="C:\Program Files\Eclipse Adoptium\jdk-21.0.3.9-hotspot\bin;C:\Windows\Sun\Java\bin;C:\Windows\system32;C:\Windows;C:\Program Files\Eclipse Adoptium\jdk-21.0.3.9-hotspot\bin;C:\Program Files (x86)\Common Files\Oracle\Java\javapath;C:\Windows\system32;C:\Windows;C:\Windows\System32\Wbem;C:\Windows\System32\WindowsPowerShell\v1.0\;C:\Windows\System32\OpenSSH\;C:\Program Files\dotnet\;C:\Program Files (x86)\Java\bin;C:\Program Files\apache-maven-3.9.6\bin;C:\Program Files\apache-maven-3.9.8\bin;C:\Program Files\Git\cmd;C:\Program Files\nodejs\;C:\ProgramData\chocolatey\bin;C:\Users\swats\AppData\Roaming\npm;C:\Users\swats\AppData\Local\Microsoft\WindowsApps;C:\Program Files\JetBrains\IntelliJ IDEA Educational Edition 2022.2.2\bin;C:\Program Files\JetBrains\PyCharm 2023.1.3\bin;C:\Program Files\JetBrains\PyCharm Community Edition 2024.1.4\bin;C:\Program Files\JetBrains\IntelliJ IDEA Community Edition 2024.1.4\bin;;."/>
    <property name="java.vm.info" value="mixed mode, sharing"/>
    <property name="stderr.encoding" value="Cp1252"/>
    <property name="java.vendor" value="Eclipse Adoptium"/>
    <property name="java.vm.version" value="21.0.3+9-LTS"/>
    <property name="sun.io.unicode.encoding" value="UnicodeLittle"/>
    <property name="java.class.version" value="65.0"/>
  </properties>
  <testcase name="[1.1:78] Create New Customers, verify and Delete the Customer" classname="Tests/FirstAPItest" time="1.017">
    <system-out><![CDATA[12:58:14.617 [main] DEBUG com.jayway.jsonpath.internal.path.CompiledPath -- Evaluating path: $
12:58:14.653 [main] INFO com.intuit.karate -- [print] {
  "id": "Cstd310",
  "customerId": 310,
  "name": "Guna",
  "email": "Cust310@email.com",
  "phone": "66666-1234",
  "address": {
    "street": "123 Main St",
    "city": "New York",
    "state": "NY",
    "zip": "31000"
  },
  "accounts": [
    {
      "accountId": 101,
      "type": "savings",
      "balance": 5000.75,
      "currency": "USD",
      "transactions": [
        {
          "transactionId": 1001,
          "date": "2024-08-01",
          "type": "deposit",
          "amount": 1000,
          "description": "Paycheck deposit"
        },
        {
          "transactionId": 1002,
          "date": "2024-08-05",
          "type": "withdrawal",
          "amount": 200,
          "description": "ATM withdrawal"
        }
      ]
    },
    {
      "accountId": 102,
      "type": "checking",
      "balance": 1250,
      "currency": "USD",
      "transactions": [
        {
          "transactionId": 1003,
          "date": "2024-08-10",
          "type": "purchase",
          "amount": 75.5,
          "description": "Grocery shopping"
        }
      ]
    }
  ],
  "loans": [
    {
      "loanId": 201,
      "type": "personal",
      "amount": 10000,
      "interestRate": 4.5,
      "term": "36 months",
      "balance": 8500,
      "dueDate": "2024-09-10",
      "payments": [
        {
          "paymentId": 3001,
          "date": "2024-08-01",
          "amount": 500,
          "status": "completed"
        }
      ]
    }
  ],
  "creditCards": [
    {
      "cardId": 301,
      "type": "visa",
      "limit": 5000,
      "balance": 1200,
      "transactions": [
        {
          "transactionId": 4001,
          "date": "2024-08-15",
          "amount": 150,
          "description": "Online shopping"
        }
      ]
    }
  ]
}
 
12:58:14.716 [main] DEBUG io.netty.util.internal.logging.InternalLoggerFactory -- Using SLF4J as the default logging framework
12:58:14.721 [main] DEBUG io.netty.util.internal.PlatformDependent0 -- -Dio.netty.noUnsafe: false
12:58:14.721 [main] DEBUG io.netty.util.internal.PlatformDependent0 -- Java version: 21
12:58:14.722 [main] DEBUG io.netty.util.internal.PlatformDependent0 -- sun.misc.Unsafe.theUnsafe: available
12:58:14.723 [main] DEBUG io.netty.util.internal.PlatformDependent0 -- sun.misc.Unsafe.copyMemory: available
12:58:14.724 [main] DEBUG io.netty.util.internal.PlatformDependent0 -- sun.misc.Unsafe.storeFence: available
12:58:14.725 [main] DEBUG io.netty.util.internal.PlatformDependent0 -- java.nio.Buffer.address: available
12:58:14.726 [main] DEBUG io.netty.util.internal.PlatformDependent0 -- direct buffer constructor: unavailable: Reflective setAccessible(true) disabled
12:58:14.727 [main] DEBUG io.netty.util.internal.PlatformDependent0 -- java.nio.Bits.unaligned: available, true
12:58:14.730 [main] DEBUG io.netty.util.internal.PlatformDependent0 -- jdk.internal.misc.Unsafe.allocateUninitializedArray(int): unavailable: class io.netty.util.internal.PlatformDependent0$7 cannot access class jdk.internal.misc.Unsafe (in module java.base) because module java.base does not export jdk.internal.misc to unnamed module @281e3708
12:58:14.734 [main] DEBUG io.netty.util.internal.PlatformDependent0 -- java.nio.DirectByteBuffer.<init>(long, {int,long}): unavailable
12:58:14.734 [main] DEBUG io.netty.util.internal.PlatformDependent -- sun.misc.Unsafe: available
12:58:14.737 [main] DEBUG io.netty.util.internal.PlatformDependent -- maxDirectMemory: 2076180480 bytes (maybe)
12:58:14.738 [main] DEBUG io.netty.util.internal.PlatformDependent -- -Dio.netty.tmpdir: C:\Users\swats\AppData\Local\Temp (java.io.tmpdir)
12:58:14.738 [main] DEBUG io.netty.util.internal.PlatformDependent -- -Dio.netty.bitMode: 64 (sun.arch.data.model)
12:58:14.739 [main] DEBUG io.netty.util.internal.PlatformDependent -- Platform: Windows
12:58:14.741 [main] DEBUG io.netty.util.internal.PlatformDependent -- -Dio.netty.maxDirectMemory: -1 bytes
12:58:14.741 [main] DEBUG io.netty.util.internal.PlatformDependent -- -Dio.netty.uninitializedArrayAllocationThreshold: -1
12:58:14.743 [main] DEBUG io.netty.util.internal.CleanerJava9 -- java.nio.ByteBuffer.cleaner(): available
12:58:14.743 [main] DEBUG io.netty.util.internal.PlatformDependent -- -Dio.netty.noPreferDirect: false
12:58:15.261 [main] DEBUG org.apache.http.client.protocol.RequestAddCookies -- CookieSpec selected: karate
12:58:15.273 [main] DEBUG org.apache.http.client.protocol.RequestAuthCache -- Auth cache not set in the context
12:58:15.275 [main] DEBUG com.intuit.karate -- request:
1 > POST http://localhost:3000/Customers
1 > Content-Type: application/json; charset=UTF-8
1 > Content-Length: 1081
1 > Host: localhost:3000
1 > Connection: Keep-Alive
1 > User-Agent: Apache-HttpClient/4.5.14 (Java/21.0.3)
1 > Accept-Encoding: gzip,deflate
{"id":"Cstd310","customerId":310,"name":"Guna","email":"Cust310@email.com","phone":"66666-1234","address":{"street":"123 Main St","city":"New York","state":"NY","zip":"31000"},"accounts":[{"accountId":101,"type":"savings","balance":5000.75,"currency":"USD","transactions":[{"transactionId":1001,"date":"2024-08-01","type":"deposit","amount":1000,"description":"Paycheck deposit"},{"transactionId":1002,"date":"2024-08-05","type":"withdrawal","amount":200,"description":"ATM withdrawal"}]},{"accountId":102,"type":"checking","balance":1250,"currency":"USD","transactions":[{"transactionId":1003,"date":"2024-08-10","type":"purchase","amount":75.5,"description":"Grocery shopping"}]}],"loans":[{"loanId":201,"type":"personal","amount":10000,"interestRate":4.5,"term":"36 months","balance":8500,"dueDate":"2024-09-10","payments":[{"paymentId":3001,"date":"2024-08-01","amount":500,"status":"completed"}]}],"creditCards":[{"cardId":301,"type":"visa","limit":5000,"balance":1200,"transactions":[{"transactionId":4001,"date":"2024-08-15","amount":150,"description":"Online shopping"}]}]}

12:58:15.278 [main] DEBUG org.apache.http.impl.conn.PoolingHttpClientConnectionManager -- Connection request: [route: {}->http://localhost:3000][total available: 0; route allocated: 0 of 5; total allocated: 0 of 10]
12:58:15.287 [main] DEBUG org.apache.http.impl.conn.PoolingHttpClientConnectionManager -- Connection leased: [id: 0][route: {}->http://localhost:3000][total available: 0; route allocated: 1 of 5; total allocated: 1 of 10]
12:58:15.288 [main] DEBUG org.apache.http.impl.execchain.MainClientExec -- Opening connection {}->http://localhost:3000
12:58:15.307 [main] DEBUG org.apache.http.impl.conn.DefaultHttpClientConnectionOperator -- Connecting to localhost/127.0.0.1:3000
12:58:15.310 [main] DEBUG org.apache.http.impl.conn.DefaultHttpClientConnectionOperator -- Connection established 127.0.0.1:50708<->127.0.0.1:3000
12:58:15.310 [main] DEBUG org.apache.http.impl.conn.DefaultManagedHttpClientConnection -- http-outgoing-0: set socket timeout to 30000
12:58:15.310 [main] DEBUG org.apache.http.impl.execchain.MainClientExec -- Executing request POST /Customers HTTP/1.1
12:58:15.310 [main] DEBUG org.apache.http.impl.execchain.MainClientExec -- Target auth state: UNCHALLENGED
12:58:15.311 [main] DEBUG org.apache.http.impl.execchain.MainClientExec -- Proxy auth state: UNCHALLENGED
12:58:15.312 [main] DEBUG org.apache.http.headers -- http-outgoing-0 >> POST /Customers HTTP/1.1
12:58:15.312 [main] DEBUG org.apache.http.headers -- http-outgoing-0 >> Content-Type: application/json; charset=UTF-8
12:58:15.312 [main] DEBUG org.apache.http.headers -- http-outgoing-0 >> Content-Length: 1081
12:58:15.312 [main] DEBUG org.apache.http.headers -- http-outgoing-0 >> Host: localhost:3000
12:58:15.312 [main] DEBUG org.apache.http.headers -- http-outgoing-0 >> Connection: Keep-Alive
12:58:15.312 [main] DEBUG org.apache.http.headers -- http-outgoing-0 >> User-Agent: Apache-HttpClient/4.5.14 (Java/21.0.3)
12:58:15.312 [main] DEBUG org.apache.http.headers -- http-outgoing-0 >> Accept-Encoding: gzip,deflate
12:58:15.312 [main] DEBUG org.apache.http.wire -- http-outgoing-0 >> "POST /Customers HTTP/1.1[\r][\n]"
12:58:15.312 [main] DEBUG org.apache.http.wire -- http-outgoing-0 >> "Content-Type: application/json; charset=UTF-8[\r][\n]"
12:58:15.312 [main] DEBUG org.apache.http.wire -- http-outgoing-0 >> "Content-Length: 1081[\r][\n]"
12:58:15.312 [main] DEBUG org.apache.http.wire -- http-outgoing-0 >> "Host: localhost:3000[\r][\n]"
12:58:15.312 [main] DEBUG org.apache.http.wire -- http-outgoing-0 >> "Connection: Keep-Alive[\r][\n]"
12:58:15.313 [main] DEBUG org.apache.http.wire -- http-outgoing-0 >> "User-Agent: Apache-HttpClient/4.5.14 (Java/21.0.3)[\r][\n]"
12:58:15.313 [main] DEBUG org.apache.http.wire -- http-outgoing-0 >> "Accept-Encoding: gzip,deflate[\r][\n]"
12:58:15.313 [main] DEBUG org.apache.http.wire -- http-outgoing-0 >> "[\r][\n]"
12:58:15.313 [main] DEBUG org.apache.http.wire -- http-outgoing-0 >> "{"id":"Cstd310","customerId":310,"name":"Guna","email":"Cust310@email.com","phone":"66666-1234","address":{"street":"123 Main St","city":"New York","state":"NY","zip":"31000"},"accounts":[{"accountId":101,"type":"savings","balance":5000.75,"currency":"USD","transactions":[{"transactionId":1001,"date":"2024-08-01","type":"deposit","amount":1000,"description":"Paycheck deposit"},{"transactionId":1002,"date":"2024-08-05","type":"withdrawal","amount":200,"description":"ATM withdrawal"}]},{"accountId":102,"type":"checking","balance":1250,"currency":"USD","transactions":[{"transactionId":1003,"date":"2024-08-10","type":"purchase","amount":75.5,"description":"Grocery shopping"}]}],"loans":[{"loanId":201,"type":"personal","amount":10000,"interestRate":4.5,"term":"36 months","balance":8500,"dueDate":"2024-09-10","payments":[{"paymentId":3001,"date":"2024-08-01","amount":500,"status":"completed"}]}],"creditCards":[{"cardId":301,"type":"visa","limit":5000,"balance":1200,"transactions":[{"transactionId":4001,"date":"2024-08-15","amount":150,"description":"Online shopping"}]}]}"
12:58:15.321 [main] DEBUG org.apache.http.wire -- http-outgoing-0 << "HTTP/1.1 201 Created[\r][\n]"
12:58:15.321 [main] DEBUG org.apache.http.wire -- http-outgoing-0 << "X-Powered-By: tinyhttp[\r][\n]"
12:58:15.322 [main] DEBUG org.apache.http.wire -- http-outgoing-0 << "Access-Control-Allow-Origin: *[\r][\n]"
12:58:15.322 [main] DEBUG org.apache.http.wire -- http-outgoing-0 << "Access-Control-Allow-Methods: GET, HEAD, PUT, PATCH, POST, DELETE[\r][\n]"
12:58:15.322 [main] DEBUG org.apache.http.wire -- http-outgoing-0 << "Access-Control-Allow-Headers: content-type[\r][\n]"
12:58:15.322 [main] DEBUG org.apache.http.wire -- http-outgoing-0 << "Content-Type: application/json[\r][\n]"
12:58:15.322 [main] DEBUG org.apache.http.wire -- http-outgoing-0 << "Date: Sun, 08 Sep 2024 07:28:15 GMT[\r][\n]"
12:58:15.322 [main] DEBUG org.apache.http.wire -- http-outgoing-0 << "Connection: keep-alive[\r][\n]"
12:58:15.322 [main] DEBUG org.apache.http.wire -- http-outgoing-0 << "Keep-Alive: timeout=5[\r][\n]"
12:58:15.322 [main] DEBUG org.apache.http.wire -- http-outgoing-0 << "Content-Length: 1772[\r][\n]"
12:58:15.322 [main] DEBUG org.apache.http.wire -- http-outgoing-0 << "[\r][\n]"
12:58:15.322 [main] DEBUG org.apache.http.wire -- http-outgoing-0 << "{[\n]"
12:58:15.322 [main] DEBUG org.apache.http.wire -- http-outgoing-0 << "  "id": "Cstd310",[\n]"
12:58:15.322 [main] DEBUG org.apache.http.wire -- http-outgoing-0 << "  "customerId": 310,[\n]"
12:58:15.322 [main] DEBUG org.apache.http.wire -- http-outgoing-0 << "  "name": "Guna",[\n]"
12:58:15.322 [main] DEBUG org.apache.http.wire -- http-outgoing-0 << "  "email": "Cust310@email.com",[\n]"
12:58:15.322 [main] DEBUG org.apache.http.wire -- http-outgoing-0 << "  "phone": "66666-1234",[\n]"
12:58:15.322 [main] DEBUG org.apache.http.wire -- http-outgoing-0 << "  "address": {[\n]"
12:58:15.322 [main] DEBUG org.apache.http.wire -- http-outgoing-0 << "    "street": "123 Main St",[\n]"
12:58:15.322 [main] DEBUG org.apache.http.wire -- http-outgoing-0 << "    "city": "New York",[\n]"
12:58:15.322 [main] DEBUG org.apache.http.wire -- http-outgoing-0 << "    "state": "NY",[\n]"
12:58:15.324 [main] DEBUG org.apache.http.wire -- http-outgoing-0 << "    "zip": "31000"[\n]"
12:58:15.324 [main] DEBUG org.apache.http.wire -- http-outgoing-0 << "  },[\n]"
12:58:15.324 [main] DEBUG org.apache.http.wire -- http-outgoing-0 << "  "accounts": [[\n]"
12:58:15.324 [main] DEBUG org.apache.http.wire -- http-outgoing-0 << "    {[\n]"
12:58:15.324 [main] DEBUG org.apache.http.wire -- http-outgoing-0 << "      "accountId": 101,[\n]"
12:58:15.324 [main] DEBUG org.apache.http.wire -- http-outgoing-0 << "      "type": "savings",[\n]"
12:58:15.324 [main] DEBUG org.apache.http.wire -- http-outgoing-0 << "      "balance": 5000.75,[\n]"
12:58:15.324 [main] DEBUG org.apache.http.wire -- http-outgoing-0 << "      "currency": "USD",[\n]"
12:58:15.324 [main] DEBUG org.apache.http.wire -- http-outgoing-0 << "      "transactions": [[\n]"
12:58:15.324 [main] DEBUG org.apache.http.wire -- http-outgoing-0 << "        {[\n]"
12:58:15.324 [main] DEBUG org.apache.http.wire -- http-outgoing-0 << "          "transactionId": 1001,[\n]"
12:58:15.324 [main] DEBUG org.apache.http.wire -- http-outgoing-0 << "          "date": "2024-08-01",[\n]"
12:58:15.324 [main] DEBUG org.apache.http.wire -- http-outgoing-0 << "          "type": "deposit",[\n]"
12:58:15.324 [main] DEBUG org.apache.http.wire -- http-outgoing-0 << "          "amount": 1000,[\n]"
12:58:15.324 [main] DEBUG org.apache.http.wire -- http-outgoing-0 << "          "description": "Paycheck deposit"[\n]"
12:58:15.324 [main] DEBUG org.apache.http.wire -- http-outgoing-0 << "        },[\n]"
12:58:15.324 [main] DEBUG org.apache.http.wire -- http-outgoing-0 << "        {[\n]"
12:58:15.325 [main] DEBUG org.apache.http.wire -- http-outgoing-0 << "          "transactionId": 1002,[\n]"
12:58:15.325 [main] DEBUG org.apache.http.wire -- http-outgoing-0 << "          "date": "2024-08-05",[\n]"
12:58:15.325 [main] DEBUG org.apache.http.wire -- http-outgoing-0 << "          "type": "withdrawal",[\n]"
12:58:15.325 [main] DEBUG org.apache.http.wire -- http-outgoing-0 << "          "amount": 200,[\n]"
12:58:15.325 [main] DEBUG org.apache.http.wire -- http-outgoing-0 << "          "description": "ATM withdrawal"[\n]"
12:58:15.325 [main] DEBUG org.apache.http.wire -- http-outgoing-0 << "        }[\n]"
12:58:15.325 [main] DEBUG org.apache.http.wire -- http-outgoing-0 << "      ][\n]"
12:58:15.325 [main] DEBUG org.apache.http.wire -- http-outgoing-0 << "    },[\n]"
12:58:15.325 [main] DEBUG org.apache.http.wire -- http-outgoing-0 << "    {[\n]"
12:58:15.325 [main] DEBUG org.apache.http.wire -- http-outgoing-0 << "      "accountId": 102,[\n]"
12:58:15.325 [main] DEBUG org.apache.http.wire -- http-outgoing-0 << "      "type": "checking",[\n]"
12:58:15.325 [main] DEBUG org.apache.http.wire -- http-outgoing-0 << "      "balance": 1250,[\n]"
12:58:15.325 [main] DEBUG org.apache.http.wire -- http-outgoing-0 << "      "currency": "USD",[\n]"
12:58:15.325 [main] DEBUG org.apache.http.wire -- http-outgoing-0 << "      "transactions": [[\n]"
12:58:15.325 [main] DEBUG org.apache.http.wire -- http-outgoing-0 << "        {[\n]"
12:58:15.325 [main] DEBUG org.apache.http.wire -- http-outgoing-0 << "          "transactionId": 1003,[\n]"
12:58:15.326 [main] DEBUG org.apache.http.wire -- http-outgoing-0 << "          "date": "2024-08-10",[\n]"
12:58:15.326 [main] DEBUG org.apache.http.wire -- http-outgoing-0 << "          "type": "purchase",[\n]"
12:58:15.326 [main] DEBUG org.apache.http.wire -- http-outgoing-0 << "          "amount": 75.5,[\n]"
12:58:15.326 [main] DEBUG org.apache.http.wire -- http-outgoing-0 << "          "description": "Grocery shopping"[\n]"
12:58:15.326 [main] DEBUG org.apache.http.wire -- http-outgoing-0 << "        }[\n]"
12:58:15.326 [main] DEBUG org.apache.http.wire -- http-outgoing-0 << "      ][\n]"
12:58:15.326 [main] DEBUG org.apache.http.wire -- http-outgoing-0 << "    }[\n]"
12:58:15.326 [main] DEBUG org.apache.http.wire -- http-outgoing-0 << "  ],[\n]"
12:58:15.326 [main] DEBUG org.apache.http.wire -- http-outgoing-0 << "  "loans": [[\n]"
12:58:15.326 [main] DEBUG org.apache.http.wire -- http-outgoing-0 << "    {[\n]"
12:58:15.326 [main] DEBUG org.apache.http.wire -- http-outgoing-0 << "      "loanId": 201,[\n]"
12:58:15.326 [main] DEBUG org.apache.http.wire -- http-outgoing-0 << "      "type": "personal",[\n]"
12:58:15.326 [main] DEBUG org.apache.http.wire -- http-outgoing-0 << "      "amount": 10000,[\n]"
12:58:15.326 [main] DEBUG org.apache.http.wire -- http-outgoing-0 << "      "interestRate": 4.5,[\n]"
12:58:15.326 [main] DEBUG org.apache.http.wire -- http-outgoing-0 << "      "term": "36 months",[\n]"
12:58:15.326 [main] DEBUG org.apache.http.wire -- http-outgoing-0 << "      "balance": 8500,[\n]"
12:58:15.326 [main] DEBUG org.apache.http.wire -- http-outgoing-0 << "      "dueDate": "2024-09-10",[\n]"
12:58:15.326 [main] DEBUG org.apache.http.wire -- http-outgoing-0 << "      "payments": [[\n]"
12:58:15.326 [main] DEBUG org.apache.http.wire -- http-outgoing-0 << "        {[\n]"
12:58:15.326 [main] DEBUG org.apache.http.wire -- http-outgoing-0 << "          "paymentId": 3001,[\n]"
12:58:15.327 [main] DEBUG org.apache.http.wire -- http-outgoing-0 << "          "date": "2024-08-01",[\n]"
12:58:15.327 [main] DEBUG org.apache.http.wire -- http-outgoing-0 << "          "amount": 500,[\n]"
12:58:15.327 [main] DEBUG org.apache.http.wire -- http-outgoing-0 << "          "status": "completed"[\n]"
12:58:15.327 [main] DEBUG org.apache.http.wire -- http-outgoing-0 << "        }[\n]"
12:58:15.327 [main] DEBUG org.apache.http.wire -- http-outgoing-0 << "      ][\n]"
12:58:15.327 [main] DEBUG org.apache.http.wire -- http-outgoing-0 << "    }[\n]"
12:58:15.327 [main] DEBUG org.apache.http.wire -- http-outgoing-0 << "  ],[\n]"
12:58:15.327 [main] DEBUG org.apache.http.wire -- http-outgoing-0 << "  "creditCards": [[\n]"
12:58:15.327 [main] DEBUG org.apache.http.wire -- http-outgoing-0 << "    {[\n]"
12:58:15.327 [main] DEBUG org.apache.http.wire -- http-outgoing-0 << "      "cardId": 301,[\n]"
12:58:15.327 [main] DEBUG org.apache.http.wire -- http-outgoing-0 << "      "type": "visa",[\n]"
12:58:15.327 [main] DEBUG org.apache.http.wire -- http-outgoing-0 << "      "limit": 5000,[\n]"
12:58:15.327 [main] DEBUG org.apache.http.wire -- http-outgoing-0 << "      "balance": 1200,[\n]"
12:58:15.327 [main] DEBUG org.apache.http.wire -- http-outgoing-0 << "      "transactions": [[\n]"
12:58:15.327 [main] DEBUG org.apache.http.wire -- http-outgoing-0 << "        {[\n]"
12:58:15.327 [main] DEBUG org.apache.http.wire -- http-outgoing-0 << "          "transactionId": 4001,[\n]"
12:58:15.327 [main] DEBUG org.apache.http.wire -- http-outgoing-0 << "          "date": "2024-08-15",[\n]"
12:58:15.327 [main] DEBUG org.apache.http.wire -- http-outgoing-0 << "          "amount": 150,[\n]"
12:58:15.327 [main] DEBUG org.apache.http.wire -- http-outgoing-0 << "          "description": "Online shopping"[\n]"
12:58:15.327 [main] DEBUG org.apache.http.wire -- http-outgoing-0 << "        }[\n]"
12:58:15.327 [main] DEBUG org.apache.http.wire -- http-outgoing-0 << "      ][\n]"
12:58:15.327 [main] DEBUG org.apache.http.wire -- http-outgoing-0 << "    }[\n]"
12:58:15.327 [main] DEBUG org.apache.http.wire -- http-outgoing-0 << "  ][\n]"
12:58:15.327 [main] DEBUG org.apache.http.wire -- http-outgoing-0 << "}"
12:58:15.329 [main] DEBUG org.apache.http.headers -- http-outgoing-0 << HTTP/1.1 201 Created
12:58:15.329 [main] DEBUG org.apache.http.headers -- http-outgoing-0 << X-Powered-By: tinyhttp
12:58:15.329 [main] DEBUG org.apache.http.headers -- http-outgoing-0 << Access-Control-Allow-Origin: *
12:58:15.329 [main] DEBUG org.apache.http.headers -- http-outgoing-0 << Access-Control-Allow-Methods: GET, HEAD, PUT, PATCH, POST, DELETE
12:58:15.329 [main] DEBUG org.apache.http.headers -- http-outgoing-0 << Access-Control-Allow-Headers: content-type
12:58:15.329 [main] DEBUG org.apache.http.headers -- http-outgoing-0 << Content-Type: application/json
12:58:15.329 [main] DEBUG org.apache.http.headers -- http-outgoing-0 << Date: Sun, 08 Sep 2024 07:28:15 GMT
12:58:15.329 [main] DEBUG org.apache.http.headers -- http-outgoing-0 << Connection: keep-alive
12:58:15.329 [main] DEBUG org.apache.http.headers -- http-outgoing-0 << Keep-Alive: timeout=5
12:58:15.329 [main] DEBUG org.apache.http.headers -- http-outgoing-0 << Content-Length: 1772
12:58:15.332 [main] DEBUG org.apache.http.impl.execchain.MainClientExec -- Connection can be kept alive for 5000 MILLISECONDS
12:58:15.334 [main] DEBUG org.apache.http.impl.conn.PoolingHttpClientConnectionManager -- Connection [id: 0][route: {}->http://localhost:3000] can be kept alive for 5.0 seconds
12:58:15.334 [main] DEBUG org.apache.http.impl.conn.DefaultManagedHttpClientConnection -- http-outgoing-0: set socket timeout to 0
12:58:15.334 [main] DEBUG org.apache.http.impl.conn.PoolingHttpClientConnectionManager -- Connection released: [id: 0][route: {}->http://localhost:3000][total available: 1; route allocated: 1 of 5; total allocated: 1 of 10]
12:58:15.334 [main] DEBUG org.apache.http.impl.conn.PoolingHttpClientConnectionManager -- Connection manager is shutting down
12:58:15.335 [main] DEBUG org.apache.http.impl.conn.DefaultManagedHttpClientConnection -- http-outgoing-0: Close connection
12:58:15.335 [main] DEBUG org.apache.http.impl.conn.PoolingHttpClientConnectionManager -- Connection manager shut down
12:58:15.337 [main] DEBUG com.intuit.karate -- response time in milliseconds: 58
1 < 201
1 < X-Powered-By: tinyhttp
1 < Access-Control-Allow-Origin: *
1 < Access-Control-Allow-Methods: GET, HEAD, PUT, PATCH, POST, DELETE
1 < Access-Control-Allow-Headers: content-type
1 < Content-Type: application/json
1 < Date: Sun, 08 Sep 2024 07:28:15 GMT
1 < Connection: keep-alive
1 < Keep-Alive: timeout=5
1 < Content-Length: 1772
{
  "id": "Cstd310",
  "customerId": 310,
  "name": "Guna",
  "email": "Cust310@email.com",
  "phone": "66666-1234",
  "address": {
    "street": "123 Main St",
    "city": "New York",
    "state": "NY",
    "zip": "31000"
  },
  "accounts": [
    {
      "accountId": 101,
      "type": "savings",
      "balance": 5000.75,
      "currency": "USD",
      "transactions": [
        {
          "transactionId": 1001,
          "date": "2024-08-01",
          "type": "deposit",
          "amount": 1000,
          "description": "Paycheck deposit"
        },
        {
          "transactionId": 1002,
          "date": "2024-08-05",
          "type": "withdrawal",
          "amount": 200,
          "description": "ATM withdrawal"
        }
      ]
    },
    {
      "accountId": 102,
      "type": "checking",
      "balance": 1250,
      "currency": "USD",
      "transactions": [
        {
          "transactionId": 1003,
          "date": "2024-08-10",
          "type": "purchase",
          "amount": 75.5,
          "description": "Grocery shopping"
        }
      ]
    }
  ],
  "loans": [
    {
      "loanId": 201,
      "type": "personal",
      "amount": 10000,
      "interestRate": 4.5,
      "term": "36 months",
      "balance": 8500,
      "dueDate": "2024-09-10",
      "payments": [
        {
          "paymentId": 3001,
          "date": "2024-08-01",
          "amount": 500,
          "status": "completed"
        }
      ]
    }
  ],
  "creditCards": [
    {
      "cardId": 301,
      "type": "visa",
      "limit": 5000,
      "balance": 1200,
      "transactions": [
        {
          "transactionId": 4001,
          "date": "2024-08-15",
          "amount": 150,
          "description": "Online shopping"
        }
      ]
    }
  ]
}

12:58:15.347 [main] INFO com.intuit.karate -- [print] {
  "id": "Cstd310",
  "customerId": 310,
  "name": "Guna",
  "email": "Cust310@email.com",
  "phone": "66666-1234",
  "address": {
    "street": "123 Main St",
    "city": "New York",
    "state": "NY",
    "zip": "31000"
  },
  "accounts": [
    {
      "accountId": 101,
      "type": "savings",
      "balance": 5000.75,
      "currency": "USD",
      "transactions": [
        {
          "transactionId": 1001,
          "date": "2024-08-01",
          "type": "deposit",
          "amount": 1000,
          "description": "Paycheck deposit"
        },
        {
          "transactionId": 1002,
          "date": "2024-08-05",
          "type": "withdrawal",
          "amount": 200,
          "description": "ATM withdrawal"
        }
      ]
    },
    {
      "accountId": 102,
      "type": "checking",
      "balance": 1250,
      "currency": "USD",
      "transactions": [
        {
          "transactionId": 1003,
          "date": "2024-08-10",
          "type": "purchase",
          "amount": 75.5,
          "description": "Grocery shopping"
        }
      ]
    }
  ],
  "loans": [
    {
      "loanId": 201,
      "type": "personal",
      "amount": 10000,
      "interestRate": 4.5,
      "term": "36 months",
      "balance": 8500,
      "dueDate": "2024-09-10",
      "payments": [
        {
          "paymentId": 3001,
          "date": "2024-08-01",
          "amount": 500,
          "status": "completed"
        }
      ]
    }
  ],
  "creditCards": [
    {
      "cardId": 301,
      "type": "visa",
      "limit": 5000,
      "balance": 1200,
      "transactions": [
        {
          "transactionId": 4001,
          "date": "2024-08-15",
          "amount": 150,
          "description": "Online shopping"
        }
      ]
    }
  ]
}
 
12:58:15.357 [main] INFO com.intuit.karate -- [print] NewUserID: Cstd310 
12:58:15.360 [main] DEBUG org.apache.http.client.protocol.RequestAddCookies -- CookieSpec selected: karate
12:58:15.360 [main] DEBUG org.apache.http.client.protocol.RequestAuthCache -- Auth cache not set in the context
12:58:15.360 [main] DEBUG com.intuit.karate -- request:
2 > GET http://localhost:3000/Customers
2 > Host: localhost:3000
2 > Connection: Keep-Alive
2 > User-Agent: Apache-HttpClient/4.5.14 (Java/21.0.3)
2 > Accept-Encoding: gzip,deflate


12:58:15.360 [main] DEBUG org.apache.http.impl.conn.PoolingHttpClientConnectionManager -- Connection request: [route: {}->http://localhost:3000][total available: 0; route allocated: 0 of 5; total allocated: 0 of 10]
12:58:15.361 [main] DEBUG org.apache.http.impl.conn.PoolingHttpClientConnectionManager -- Connection leased: [id: 1][route: {}->http://localhost:3000][total available: 0; route allocated: 1 of 5; total allocated: 1 of 10]
12:58:15.369 [main] DEBUG org.apache.http.impl.execchain.MainClientExec -- Opening connection {}->http://localhost:3000
12:58:15.370 [main] DEBUG org.apache.http.impl.conn.DefaultHttpClientConnectionOperator -- Connecting to localhost/127.0.0.1:3000
12:58:15.371 [main] DEBUG org.apache.http.impl.conn.DefaultHttpClientConnectionOperator -- Connection established 127.0.0.1:50709<->127.0.0.1:3000
12:58:15.371 [main] DEBUG org.apache.http.impl.conn.DefaultManagedHttpClientConnection -- http-outgoing-1: set socket timeout to 30000
12:58:15.371 [main] DEBUG org.apache.http.impl.execchain.MainClientExec -- Executing request GET /Customers HTTP/1.1
12:58:15.371 [main] DEBUG org.apache.http.impl.execchain.MainClientExec -- Target auth state: UNCHALLENGED
12:58:15.371 [main] DEBUG org.apache.http.impl.execchain.MainClientExec -- Proxy auth state: UNCHALLENGED
12:58:15.371 [main] DEBUG org.apache.http.headers -- http-outgoing-1 >> GET /Customers HTTP/1.1
12:58:15.372 [main] DEBUG org.apache.http.headers -- http-outgoing-1 >> Host: localhost:3000
12:58:15.372 [main] DEBUG org.apache.http.headers -- http-outgoing-1 >> Connection: Keep-Alive
12:58:15.372 [main] DEBUG org.apache.http.headers -- http-outgoing-1 >> User-Agent: Apache-HttpClient/4.5.14 (Java/21.0.3)
12:58:15.372 [main] DEBUG org.apache.http.headers -- http-outgoing-1 >> Accept-Encoding: gzip,deflate
12:58:15.372 [main] DEBUG org.apache.http.wire -- http-outgoing-1 >> "GET /Customers HTTP/1.1[\r][\n]"
12:58:15.372 [main] DEBUG org.apache.http.wire -- http-outgoing-1 >> "Host: localhost:3000[\r][\n]"
12:58:15.372 [main] DEBUG org.apache.http.wire -- http-outgoing-1 >> "Connection: Keep-Alive[\r][\n]"
12:58:15.372 [main] DEBUG org.apache.http.wire -- http-outgoing-1 >> "User-Agent: Apache-HttpClient/4.5.14 (Java/21.0.3)[\r][\n]"
12:58:15.372 [main] DEBUG org.apache.http.wire -- http-outgoing-1 >> "Accept-Encoding: gzip,deflate[\r][\n]"
12:58:15.372 [main] DEBUG org.apache.http.wire -- http-outgoing-1 >> "[\r][\n]"
12:58:15.376 [main] DEBUG org.apache.http.wire -- http-outgoing-1 << "HTTP/1.1 200 OK[\r][\n]"
12:58:15.376 [main] DEBUG org.apache.http.wire -- http-outgoing-1 << "X-Powered-By: tinyhttp[\r][\n]"
12:58:15.376 [main] DEBUG org.apache.http.wire -- http-outgoing-1 << "Access-Control-Allow-Origin: *[\r][\n]"
12:58:15.376 [main] DEBUG org.apache.http.wire -- http-outgoing-1 << "Access-Control-Allow-Methods: GET, HEAD, PUT, PATCH, POST, DELETE[\r][\n]"
12:58:15.376 [main] DEBUG org.apache.http.wire -- http-outgoing-1 << "Access-Control-Allow-Headers: content-type[\r][\n]"
12:58:15.376 [main] DEBUG org.apache.http.wire -- http-outgoing-1 << "Content-Type: application/json[\r][\n]"
12:58:15.376 [main] DEBUG org.apache.http.wire -- http-outgoing-1 << "Date: Sun, 08 Sep 2024 07:28:15 GMT[\r][\n]"
12:58:15.376 [main] DEBUG org.apache.http.wire -- http-outgoing-1 << "Connection: keep-alive[\r][\n]"
12:58:15.376 [main] DEBUG org.apache.http.wire -- http-outgoing-1 << "Keep-Alive: timeout=5[\r][\n]"
12:58:15.377 [main] DEBUG org.apache.http.wire -- http-outgoing-1 << "Content-Length: 14648[\r][\n]"
12:58:15.377 [main] DEBUG org.apache.http.wire -- http-outgoing-1 << "[\r][\n]"
12:58:15.377 [main] DEBUG org.apache.http.wire -- http-outgoing-1 << "[[\n]"
12:58:15.377 [main] DEBUG org.apache.http.wire -- http-outgoing-1 << "  {[\n]"
12:58:15.377 [main] DEBUG org.apache.http.wire -- http-outgoing-1 << "    "customerId": 1,[\n]"
12:58:15.377 [main] DEBUG org.apache.http.wire -- http-outgoing-1 << "    "name": "John Doe",[\n]"
12:58:15.377 [main] DEBUG org.apache.http.wire -- http-outgoing-1 << "    "email": "john.doe@example.com",[\n]"
12:58:15.377 [main] DEBUG org.apache.http.wire -- http-outgoing-1 << "    "phone": "555-1234",[\n]"
12:58:15.378 [main] DEBUG org.apache.http.wire -- http-outgoing-1 << "    "address": {[\n]"
12:58:15.378 [main] DEBUG org.apache.http.wire -- http-outgoing-1 << "      "street": "123 Main St",[\n]"
12:58:15.378 [main] DEBUG org.apache.http.wire -- http-outgoing-1 << "      "city": "New York",[\n]"
12:58:15.378 [main] DEBUG org.apache.http.wire -- http-outgoing-1 << "      "state": "NY",[\n]"
12:58:15.378 [main] DEBUG org.apache.http.wire -- http-outgoing-1 << "      "zip": "10001"[\n]"
12:58:15.378 [main] DEBUG org.apache.http.wire -- http-outgoing-1 << "    },[\n]"
12:58:15.378 [main] DEBUG org.apache.http.wire -- http-outgoing-1 << "    "accounts": [[\n]"
12:58:15.378 [main] DEBUG org.apache.http.wire -- http-outgoing-1 << "      {[\n]"
12:58:15.378 [main] DEBUG org.apache.http.wire -- http-outgoing-1 << "        "accountId": 101,[\n]"
12:58:15.378 [main] DEBUG org.apache.http.wire -- http-outgoing-1 << "        "type": "savings",[\n]"
12:58:15.378 [main] DEBUG org.apache.http.wire -- http-outgoing-1 << "        "balance": 5000.75,[\n]"
12:58:15.378 [main] DEBUG org.apache.http.wire -- http-outgoing-1 << "        "currency": "USD",[\n]"
12:58:15.378 [main] DEBUG org.apache.http.wire -- http-outgoing-1 << "        "transactions": [[\n]"
12:58:15.378 [main] DEBUG org.apache.http.wire -- http-outgoing-1 << "          {[\n]"
12:58:15.378 [main] DEBUG org.apache.http.wire -- http-outgoing-1 << "            "transactionId": 1001,[\n]"
12:58:15.379 [main] DEBUG org.apache.http.wire -- http-outgoing-1 << "            "date": "2024-08-01",[\n]"
12:58:15.379 [main] DEBUG org.apache.http.wire -- http-outgoing-1 << "            "type": "deposit",[\n]"
12:58:15.379 [main] DEBUG org.apache.http.wire -- http-outgoing-1 << "            "amount": 1000,[\n]"
12:58:15.379 [main] DEBUG org.apache.http.wire -- http-outgoing-1 << "            "description": "Paycheck deposit"[\n]"
12:58:15.379 [main] DEBUG org.apache.http.wire -- http-outgoing-1 << "          },[\n]"
12:58:15.379 [main] DEBUG org.apache.http.wire -- http-outgoing-1 << "          {[\n]"
12:58:15.379 [main] DEBUG org.apache.http.wire -- http-outgoing-1 << "            "transactionId": 1002,[\n]"
12:58:15.379 [main] DEBUG org.apache.http.wire -- http-outgoing-1 << "            "date": "2024-08-05",[\n]"
12:58:15.379 [main] DEBUG org.apache.http.wire -- http-outgoing-1 << "            "type": "withdrawal",[\n]"
12:58:15.379 [main] DEBUG org.apache.http.wire -- http-outgoing-1 << "            "amount": 200,[\n]"
12:58:15.379 [main] DEBUG org.apache.http.wire -- http-outgoing-1 << "            "description": "ATM withdrawal"[\n]"
12:58:15.379 [main] DEBUG org.apache.http.wire -- http-outgoing-1 << "          }[\n]"
12:58:15.379 [main] DEBUG org.apache.http.wire -- http-outgoing-1 << "        ][\n]"
12:58:15.379 [main] DEBUG org.apache.http.wire -- http-outgoing-1 << "      },[\n]"
12:58:15.379 [main] DEBUG org.apache.http.wire -- http-outgoing-1 << "      {[\n]"
12:58:15.381 [main] DEBUG org.apache.http.wire -- http-outgoing-1 << "        "accountId": 102,[\n]"
12:58:15.382 [main] DEBUG org.apache.http.wire -- http-outgoing-1 << "        "type": "checking",[\n]"
12:58:15.382 [main] DEBUG org.apache.http.wire -- http-outgoing-1 << "        "balance": 1250,[\n]"
12:58:15.383 [main] DEBUG org.apache.http.wire -- http-outgoing-1 << "        "currency": "USD",[\n]"
12:58:15.383 [main] DEBUG org.apache.http.wire -- http-outgoing-1 << "        "transactions": [[\n]"
12:58:15.383 [main] DEBUG org.apache.http.wire -- http-outgoing-1 << "          {[\n]"
12:58:15.383 [main] DEBUG org.apache.http.wire -- http-outgoing-1 << "            "transactionId": 1003,[\n]"
12:58:15.383 [main] DEBUG org.apache.http.wire -- http-outgoing-1 << "            "date": "2024-08-10",[\n]"
12:58:15.383 [main] DEBUG org.apache.http.wire -- http-outgoing-1 << "            "type": "purchase",[\n]"
12:58:15.383 [main] DEBUG org.apache.http.wire -- http-outgoing-1 << "            "amount": 75.5,[\n]"
12:58:15.383 [main] DEBUG org.apache.http.wire -- http-outgoing-1 << "            "description": "Grocery shopping"[\n]"
12:58:15.383 [main] DEBUG org.apache.http.wire -- http-outgoing-1 << "          }[\n]"
12:58:15.383 [main] DEBUG org.apache.http.wire -- http-outgoing-1 << "        ][\n]"
12:58:15.384 [main] DEBUG org.apache.http.wire -- http-outgoing-1 << "      }[\n]"
12:58:15.384 [main] DEBUG org.apache.http.wire -- http-outgoing-1 << "    ],[\n]"
12:58:15.384 [main] DEBUG org.apache.http.wire -- http-outgoing-1 << "    "loans": [[\n]"
12:58:15.384 [main] DEBUG org.apache.http.wire -- http-outgoing-1 << "      {[\n]"
12:58:15.384 [main] DEBUG org.apache.http.wire -- http-outgoing-1 << "        "loanId": 201,[\n]"
12:58:15.384 [main] DEBUG org.apache.http.wire -- http-outgoing-1 << "        "type": "personal",[\n]"
12:58:15.384 [main] DEBUG org.apache.http.wire -- http-outgoing-1 << "        "amount": 10000,[\n]"
12:58:15.384 [main] DEBUG org.apache.http.wire -- http-outgoing-1 << "        "interestRate": 4.5,[\n]"
12:58:15.384 [main] DEBUG org.apache.http.wire -- http-outgoing-1 << "        "term": "36 months",[\n]"
12:58:15.384 [main] DEBUG org.apache.http.wire -- http-outgoing-1 << "        "balance": 8500,[\n]"
12:58:15.384 [main] DEBUG org.apache.http.wire -- http-outgoing-1 << "        "dueDate": "2024-09-10",[\n]"
12:58:15.384 [main] DEBUG org.apache.http.wire -- http-outgoing-1 << "        "payments": [[\n]"
12:58:15.384 [main] DEBUG org.apache.http.wire -- http-outgoing-1 << "          {[\n]"
12:58:15.384 [main] DEBUG org.apache.http.wire -- http-outgoing-1 << "            "paymentId": 3001,[\n]"
12:58:15.384 [main] DEBUG org.apache.http.wire -- http-outgoing-1 << "            "date": "2024-08-01",[\n]"
12:58:15.385 [main] DEBUG org.apache.http.wire -- http-outgoing-1 << "            "amount": 500,[\n]"
12:58:15.385 [main] DEBUG org.apache.http.wire -- http-outgoing-1 << "            "status": "completed"[\n]"
12:58:15.386 [main] DEBUG org.apache.http.wire -- http-outgoing-1 << "          }[\n]"
12:58:15.386 [main] DEBUG org.apache.http.wire -- http-outgoing-1 << "        ][\n]"
12:58:15.387 [main] DEBUG org.apache.http.wire -- http-outgoing-1 << "      }[\n]"
12:58:15.387 [main] DEBUG org.apache.http.wire -- http-outgoing-1 << "    ],[\n]"
12:58:15.387 [main] DEBUG org.apache.http.wire -- http-outgoing-1 << "    "creditCards": [[\n]"
12:58:15.387 [main] DEBUG org.apache.http.wire -- http-outgoing-1 << "      {[\n]"
12:58:15.387 [main] DEBUG org.apache.http.wire -- http-outgoing-1 << "        "cardId": 301,[\n]"
12:58:15.387 [main] DEBUG org.apache.http.wire -- http-outgoing-1 << "        "type": "visa",[\n]"
12:58:15.387 [main] DEBUG org.apache.http.wire -- http-outgoing-1 << "        "limit": 5000,[\n]"
12:58:15.387 [main] DEBUG org.apache.http.wire -- http-outgoing-1 << "        "balance": 1200,[\n]"
12:58:15.387 [main] DEBUG org.apache.http.wire -- http-outgoing-1 << "        "transactions": [[\n]"
12:58:15.387 [main] DEBUG org.apache.http.wire -- http-outgoing-1 << "          {[\n]"
12:58:15.387 [main] DEBUG org.apache.http.wire -- http-outgoing-1 << "            "transactionId": 4001,[\n]"
12:58:15.387 [main] DEBUG org.apache.http.wire -- http-outgoing-1 << "            "date": "2024-08-15",[\n]"
12:58:15.387 [main] DEBUG org.apache.http.wire -- http-outgoing-1 << "            "amount": 150,[\n]"
12:58:15.388 [main] DEBUG org.apache.http.wire -- http-outgoing-1 << "            "description": "Online shopping"[\n]"
12:58:15.388 [main] DEBUG org.apache.http.wire -- http-outgoing-1 << "          }[\n]"
12:58:15.388 [main] DEBUG org.apache.http.wire -- http-outgoing-1 << "        ][\n]"
12:58:15.388 [main] DEBUG org.apache.http.wire -- http-outgoing-1 << "      }[\n]"
12:58:15.388 [main] DEBUG org.apache.http.wire -- http-outgoing-1 << "    ],[\n]"
12:58:15.388 [main] DEBUG org.apache.http.wire -- http-outgoing-1 << "    "id": "dae6"[\n]"
12:58:15.388 [main] DEBUG org.apache.http.wire -- http-outgoing-1 << "  },[\n]"
12:58:15.388 [main] DEBUG org.apache.http.wire -- http-outgoing-1 << "  {[\n]"
12:58:15.388 [main] DEBUG org.apache.http.wire -- http-outgoing-1 << "    "customerId": 2,[\n]"
12:58:15.388 [main] DEBUG org.apache.http.wire -- http-outgoing-1 << "    "name": "Jane Smith",[\n]"
12:58:15.388 [main] DEBUG org.apache.http.wire -- http-outgoing-1 << "    "email": "jane.smith@example.com",[\n]"
12:58:15.388 [main] DEBUG org.apache.http.wire -- http-outgoing-1 << "    "phone": "555-5678",[\n]"
12:58:15.388 [main] DEBUG org.apache.http.wire -- http-outgoing-1 << "    "address": {[\n]"
12:58:15.388 [main] DEBUG org.apache.http.wire -- http-outgoing-1 << "      "street": "456 Oak St",[\n]"
12:58:15.388 [main] DEBUG org.apache.http.wire -- http-outgoing-1 << "      "city": "San Francisco",[\n]"
12:58:15.388 [main] DEBUG org.apache.http.wire -- http-outgoing-1 << "      "state": "CA",[\n]"
12:58:15.388 [main] DEBUG org.apache.http.wire -- http-outgoing-1 << "      "zip": "94107"[\n]"
12:58:15.388 [main] DEBUG org.apache.http.wire -- http-outgoing-1 << "    },[\n]"
12:58:15.389 [main] DEBUG org.apache.http.wire -- http-outgoing-1 << "    "accounts": [[\n]"
12:58:15.389 [main] DEBUG org.apache.http.wire -- http-outgoing-1 << "      {[\n]"
12:58:15.389 [main] DEBUG org.apache.http.wire -- http-outgoing-1 << "        "accountId": 103,[\n]"
12:58:15.389 [main] DEBUG org.apache.http.wire -- http-outgoing-1 << "        "type": "savings",[\n]"
12:58:15.389 [main] DEBUG org.apache.http.wire -- http-outgoing-1 << "        "balance": 7800,[\n]"
12:58:15.389 [main] DEBUG org.apache.http.wire -- http-outgoing-1 << "        "currency": "USD",[\n]"
12:58:15.389 [main] DEBUG org.apache.http.wire -- http-outgoing-1 << "        "transactions": [[\n]"
12:58:15.389 [main] DEBUG org.apache.http.wire -- http-outgoing-1 << "          {[\n]"
12:58:15.389 [main] DEBUG org.apache.http.wire -- http-outgoing-1 << "            "transactionId": 1004,[\n]"
12:58:15.389 [main] DEBUG org.apache.http.wire -- http-outgoing-1 << "            "date": "2024-08-20",[\n]"
12:58:15.389 [main] DEBUG org.apache.http.wire -- http-outgoing-1 << "            "type": "deposit",[\n]"
12:58:15.389 [main] DEBUG org.apache.http.wire -- http-outgoing-1 << "            "amount": 1500,[\n]"
12:58:15.389 [main] DEBUG org.apache.http.wire -- http-outgoing-1 << "            "description": "Freelance work"[\n]"
12:58:15.389 [main] DEBUG org.apache.http.wire -- http-outgoing-1 << "          }[\n]"
12:58:15.389 [main] DEBUG org.apache.http.wire -- http-outgoing-1 << "        ][\n]"
12:58:15.389 [main] DEBUG org.apache.http.wire -- http-outgoing-1 << "      }[\n]"
12:58:15.389 [main] DEBUG org.apache.http.wire -- http-outgoing-1 << "    ],[\n]"
12:58:15.390 [main] DEBUG org.apache.http.wire -- http-outgoing-1 << "    "loans": [],[\n]"
12:58:15.390 [main] DEBUG org.apache.http.wire -- http-outgoing-1 << "    "creditCards": [[\n]"
12:58:15.390 [main] DEBUG org.apache.http.wire -- http-outgoing-1 << "      {[\n]"
12:58:15.390 [main] DEBUG org.apache.http.wire -- http-outgoing-1 << "        "cardId": 302,[\n]"
12:58:15.390 [main] DEBUG org.apache.http.wire -- http-outgoing-1 << "        "type": "mastercard",[\n]"
12:58:15.390 [main] DEBUG org.apache.http.wire -- http-outgoing-1 << "        "limit": 10000,[\n]"
12:58:15.390 [main] DEBUG org.apache.http.wire -- http-outgoing-1 << "        "balance": 3000,[\n]"
12:58:15.390 [main] DEBUG org.apache.http.wire -- http-outgoing-1 << "        "transactions": [[\n]"
12:58:15.390 [main] DEBUG org.apache.http.wire -- http-outgoing-1 << "          {[\n]"
12:58:15.390 [main] DEBUG org.apache.http.wire -- http-outgoing-1 << "            "transactionId": 4002,[\n]"
12:58:15.390 [main] DEBUG org.apache.http.wire -- http-outgoing-1 << "            "date": "2024-08-22",[\n]"
12:58:15.390 [main] DEBUG org.apache.http.wire -- http-outgoing-1 << "            "amount": 500,[\n]"
12:58:15.390 [main] DEBUG org.apache.http.wire -- http-outgoing-1 << "            "description": "Flight ticket"[\n]"
12:58:15.390 [main] DEBUG org.apache.http.wire -- http-outgoing-1 << "          }[\n]"
12:58:15.390 [main] DEBUG org.apache.http.wire -- http-outgoing-1 << "        ][\n]"
12:58:15.390 [main] DEBUG org.apache.http.wire -- http-outgoing-1 << "      }[\n]"
12:58:15.391 [main] DEBUG org.apache.http.wire -- http-outgoing-1 << "    ],[\n]"
12:58:15.391 [main] DEBUG org.apache.http.wire -- http-outgoing-1 << "    "id": "964b"[\n]"
12:58:15.391 [main] DEBUG org.apache.http.wire -- http-outgoing-1 << "  },[\n]"
12:58:15.391 [main] DEBUG org.apache.http.wire -- http-outgoing-1 << "  {[\n]"
12:58:15.391 [main] DEBUG org.apache.http.wire -- http-outgoing-1 << "    "customerId": 10,[\n]"
12:58:15.391 [main] DEBUG org.apache.http.wire -- http-outgoing-1 << "    "name": "BBBBB",[\n]"
12:58:15.391 [main] DEBUG org.apache.http.wire -- http-outgoing-1 << "    "email": "AAAAA.doe@example.com",[\n]"
12:58:15.391 [main] DEBUG org.apache.http.wire -- http-outgoing-1 << "    "phone": "555-1234",[\n]"
12:58:15.391 [main] DEBUG org.apache.http.wire -- http-outgoing-1 << "    "address": {[\n]"
12:58:15.391 [main] DEBUG org.apache.http.wire -- http-outgoing-1 << "      "street": "123 Main St",[\n]"
12:58:15.391 [main] DEBUG org.apache.http.wire -- http-outgoing-1 << "      "city": "New York",[\n]"
12:58:15.391 [main] DEBUG org.apache.http.wire -- http-outgoing-1 << "      "state": "NY",[\n]"
12:58:15.391 [main] DEBUG org.apache.http.wire -- http-outgoing-1 << "      "zip": "10001"[\n]"
12:58:15.391 [main] DEBUG org.apache.http.wire -- http-outgoing-1 << "    },[\n]"
12:58:15.391 [main] DEBUG org.apache.http.wire -- http-outgoing-1 << "    "accounts": [[\n]"
12:58:15.391 [main] DEBUG org.apache.http.wire -- http-outgoing-1 << "      {[\n]"
12:58:15.391 [main] DEBUG org.apache.http.wire -- http-outgoing-1 << "        "accountId": 200,[\n]"
12:58:15.391 [main] DEBUG org.apache.http.wire -- http-outgoing-1 << "        "type": "savings",[\n]"
12:58:15.391 [main] DEBUG org.apache.http.wire -- http-outgoing-1 << "        "balance": 5000.75,[\n]"
12:58:15.392 [main] DEBUG org.apache.http.wire -- http-outgoing-1 << "        "currency": "USD",[\n]"
12:58:15.392 [main] DEBUG org.apache.http.wire -- http-outgoing-1 << "        "transactions": [[\n]"
12:58:15.392 [main] DEBUG org.apache.http.wire -- http-outgoing-1 << "          {[\n]"
12:58:15.392 [main] DEBUG org.apache.http.wire -- http-outgoing-1 << "            "transactionId": 2001,[\n]"
12:58:15.392 [main] DEBUG org.apache.http.wire -- http-outgoing-1 << "            "date": "2024-08-01",[\n]"
12:58:15.392 [main] DEBUG org.apache.http.wire -- http-outgoing-1 << "            "type": "deposit",[\n]"
12:58:15.392 [main] DEBUG org.apache.http.wire -- http-outgoing-1 << "            "amount": 1000,[\n]"
12:58:15.392 [main] DEBUG org.apache.http.wire -- http-outgoing-1 << "            "description": "Paycheck deposit"[\n]"
12:58:15.392 [main] DEBUG org.apache.http.wire -- http-outgoing-1 << "          },[\n]"
12:58:15.392 [main] DEBUG org.apache.http.wire -- http-outgoing-1 << "          {[\n]"
12:58:15.392 [main] DEBUG org.apache.http.wire -- http-outgoing-1 << "            "transactionId": 2002,[\n]"
12:58:15.392 [main] DEBUG org.apache.http.wire -- http-outgoing-1 << "            "date": "2024-08-05",[\n]"
12:58:15.392 [main] DEBUG org.apache.http.wire -- http-outgoing-1 << "            "type": "withdrawal",[\n]"
12:58:15.392 [main] DEBUG org.apache.http.wire -- http-outgoing-1 << "            "amount": 200,[\n]"
12:58:15.392 [main] DEBUG org.apache.http.wire -- http-outgoing-1 << "            "description": "ATM withdrawal"[\n]"
12:58:15.392 [main] DEBUG org.apache.http.wire -- http-outgoing-1 << "          }[\n]"
12:58:15.392 [main] DEBUG org.apache.http.wire -- http-outgoing-1 << "        ][\n]"
12:58:15.392 [main] DEBUG org.apache.http.wire -- http-outgoing-1 << "      },[\n]"
12:58:15.392 [main] DEBUG org.apache.http.wire -- http-outgoing-1 << "      {[\n]"
12:58:15.392 [main] DEBUG org.apache.http.wire -- http-outgoing-1 << "        "accountId": 201,[\n]"
12:58:15.392 [main] DEBUG org.apache.http.wire -- http-outgoing-1 << "        "type": "checking",[\n]"
12:58:15.392 [main] DEBUG org.apache.http.wire -- http-outgoing-1 << "        "balance": 1250,[\n]"
12:58:15.393 [main] DEBUG org.apache.http.wire -- http-outgoing-1 << "        "currency": "USD",[\n]"
12:58:15.393 [main] DEBUG org.apache.http.wire -- http-outgoing-1 << "        "transactions": [[\n]"
12:58:15.393 [main] DEBUG org.apache.http.wire -- http-outgoing-1 << "          {[\n]"
12:58:15.393 [main] DEBUG org.apache.http.wire -- http-outgoing-1 << "            "transactionId": 2003,[\n]"
12:58:15.393 [main] DEBUG org.apache.http.wire -- http-outgoing-1 << "            "date": "2024-08-10",[\n]"
12:58:15.393 [main] DEBUG org.apache.http.wire -- http-outgoing-1 << "            "type": "purchase",[\n]"
12:58:15.393 [main] DEBUG org.apache.http.wire -- http-outgoing-1 << "            "amount": 75.5,[\n]"
12:58:15.393 [main] DEBUG org.apache.http.wire -- http-outgoing-1 << "            "description": "Grocery shopping"[\n]"
12:58:15.395 [main] DEBUG org.apache.http.wire -- http-outgoing-1 << "          }[\n]"
12:58:15.395 [main] DEBUG org.apache.http.wire -- http-outgoing-1 << "        ][\n]"
12:58:15.396 [main] DEBUG org.apache.http.wire -- http-outgoing-1 << "      }[\n]"
12:58:15.396 [main] DEBUG org.apache.http.wire -- http-outgoing-1 << "    ],[\n]"
12:58:15.396 [main] DEBUG org.apache.http.wire -- http-outgoing-1 << "    "loans": [[\n]"
12:58:15.396 [main] DEBUG org.apache.http.wire -- http-outgoing-1 << "      {[\n]"
12:58:15.396 [main] DEBUG org.apache.http.wire -- http-outgoing-1 << "        "loanId": 201,[\n]"
12:58:15.396 [main] DEBUG org.apache.http.wire -- http-outgoing-1 << "        "type": "personal",[\n]"
12:58:15.396 [main] DEBUG org.apache.http.wire -- http-outgoing-1 << "        "amount": 10000,[\n]"
12:58:15.396 [main] DEBUG org.apache.http.wire -- http-outgoing-1 << "        "interestRate": 4.5,[\n]"
12:58:15.396 [main] DEBUG org.apache.http.wire -- http-outgoing-1 << "        "term": "36 months",[\n]"
12:58:15.396 [main] DEBUG org.apache.http.wire -- http-outgoing-1 << "        "balance": 8500,[\n]"
12:58:15.396 [main] DEBUG org.apache.http.wire -- http-outgoing-1 << "        "dueDate": "2024-09-10",[\n]"
12:58:15.396 [main] DEBUG org.apache.http.wire -- http-outgoing-1 << "        "payments": [[\n]"
12:58:15.396 [main] DEBUG org.apache.http.wire -- http-outgoing-1 << "          {[\n]"
12:58:15.396 [main] DEBUG org.apache.http.wire -- http-outgoing-1 << "            "paymentId": 3001,[\n]"
12:58:15.396 [main] DEBUG org.apache.http.wire -- http-outgoing-1 << "            "date": "2024-08-01",[\n]"
12:58:15.396 [main] DEBUG org.apache.http.wire -- http-outgoing-1 << "            "amount": 500,[\n]"
12:58:15.396 [main] DEBUG org.apache.http.wire -- http-outgoing-1 << "            "status": "completed"[\n]"
12:58:15.396 [main] DEBUG org.apache.http.wire -- http-outgoing-1 << "          }[\n]"
12:58:15.396 [main] DEBUG org.apache.http.wire -- http-outgoing-1 << "        ][\n]"
12:58:15.396 [main] DEBUG org.apache.http.wire -- http-outgoing-1 << "      }[\n]"
12:58:15.396 [main] DEBUG org.apache.http.wire -- http-outgoing-1 << "    ],[\n]"
12:58:15.396 [main] DEBUG org.apache.http.wire -- http-outgoing-1 << "    "creditCards": [[\n]"
12:58:15.396 [main] DEBUG org.apache.http.wire -- http-outgoing-1 << "      {[\n]"
12:58:15.396 [main] DEBUG org.apache.http.wire -- http-outgoing-1 << "        "cardId": 301,[\n]"
12:58:15.396 [main] DEBUG org.apache.http.wire -- http-outgoing-1 << "        "type": "visa",[\n]"
12:58:15.396 [main] DEBUG org.apache.http.wire -- http-outgoing-1 << "        "limit": 5000,[\n]"
12:58:15.396 [main] DEBUG org.apache.http.wire -- http-outgoing-1 << "        "balance": 1200,[\n]"
12:58:15.396 [main] DEBUG org.apache.http.wire -- http-outgoing-1 << "        "transactions": [[\n]"
12:58:15.397 [main] DEBUG org.apache.http.wire -- http-outgoing-1 << "          {[\n]"
12:58:15.397 [main] DEBUG org.apache.http.wire -- http-outgoing-1 << "            "transactionId": 4001,[\n]"
12:58:15.397 [main] DEBUG org.apache.http.wire -- http-outgoing-1 << "            "date": "2024-08-15",[\n]"
12:58:15.397 [main] DEBUG org.apache.http.wire -- http-outgoing-1 << "            "amount": 150,[\n]"
12:58:15.397 [main] DEBUG org.apache.http.wire -- http-outgoing-1 << "            "description": "Online shopping"[\n]"
12:58:15.397 [main] DEBUG org.apache.http.wire -- http-outgoing-1 << "          }[\n]"
12:58:15.397 [main] DEBUG org.apache.http.wire -- http-outgoing-1 << "        ][\n]"
12:58:15.397 [main] DEBUG org.apache.http.wire -- http-outgoing-1 << "      }[\n]"
12:58:15.397 [main] DEBUG org.apache.http.wire -- http-outgoing-1 << "    ],[\n]"
12:58:15.397 [main] DEBUG org.apache.http.wire -- http-outgoing-1 << "    "id": "090d"[\n]"
12:58:15.397 [main] DEBUG org.apache.http.wire -- http-outgoing-1 << "  },[\n]"
12:58:15.397 [main] DEBUG org.apache.http.wire -- http-outgoing-1 << "  {[\n]"
12:58:15.397 [main] DEBUG org.apache.http.wire -- http-outgoing-1 << "    "id": "dae6",[\n]"
12:58:15.397 [main] DEBUG org.apache.http.wire -- http-outgoing-1 << "    "customerId": 304,[\n]"
12:58:15.397 [main] DEBUG org.apache.http.wire -- http-outgoing-1 << "    "name": "DDDD",[\n]"
12:58:15.397 [main] DEBUG org.apache.http.wire -- http-outgoing-1 << "    "email": "DDDDD.doe@example.com",[\n]"
12:58:15.397 [main] DEBUG org.apache.http.wire -- http-outgoing-1 << "    "phone": "66666-1234",[\n]"
12:58:15.397 [main] DEBUG org.apache.http.wire -- http-outgoing-1 << "    "address": {[\n]"
12:58:15.397 [main] DEBUG org.apache.http.wire -- http-outgoing-1 << "      "street": "123 Main St",[\n]"
12:58:15.397 [main] DEBUG org.apache.http.wire -- http-outgoing-1 << "      "city": "New York",[\n]"
12:58:15.397 [main] DEBUG org.apache.http.wire -- http-outgoing-1 << "      "state": "NY",[\n]"
12:58:15.397 [main] DEBUG org.apache.http.wire -- http-outgoing-1 << "      "zip": "30200"[\n]"
12:58:15.397 [main] DEBUG org.apache.http.wire -- http-outgoing-1 << "    },[\n]"
12:58:15.397 [main] DEBUG org.apache.http.wire -- http-outgoing-1 << "    "accounts": [[\n]"
12:58:15.397 [main] DEBUG org.apache.http.wire -- http-outgoing-1 << "      {[\n]"
12:58:15.398 [main] DEBUG org.apache.http.wire -- http-outgoing-1 << "        "accountId": 101,[\n]"
12:58:15.398 [main] DEBUG org.apache.http.wire -- http-outgoing-1 << "        "type": "savings",[\n]"
12:58:15.399 [main] DEBUG org.apache.http.wire -- http-outgoing-1 << "        "balance": 5000.75,[\n]"
12:58:15.399 [main] DEBUG org.apache.http.wire -- http-outgoing-1 << "        "currency": "USD",[\n]"
12:58:15.399 [main] DEBUG org.apache.http.wire -- http-outgoing-1 << "        "transactions": [[\n]"
12:58:15.399 [main] DEBUG org.apache.http.wire -- http-outgoing-1 << "          {[\n]"
12:58:15.399 [main] DEBUG org.apache.http.wire -- http-outgoing-1 << "            "transactionId": 1001,[\n]"
12:58:15.399 [main] DEBUG org.apache.http.wire -- http-outgoing-1 << "            "date": "2024-08-01",[\n]"
12:58:15.399 [main] DEBUG org.apache.http.wire -- http-outgoing-1 << "            "type": "deposit",[\n]"
12:58:15.399 [main] DEBUG org.apache.http.wire -- http-outgoing-1 << "            "amount": 1000,[\n]"
12:58:15.399 [main] DEBUG org.apache.http.wire -- http-outgoing-1 << "            "description": "Paycheck deposit"[\n]"
12:58:15.399 [main] DEBUG org.apache.http.wire -- http-outgoing-1 << "          },[\n]"
12:58:15.399 [main] DEBUG org.apache.http.wire -- http-outgoing-1 << "          {[\n]"
12:58:15.399 [main] DEBUG org.apache.http.wire -- http-outgoing-1 << "            "transactionId": 1002,[\n]"
12:58:15.399 [main] DEBUG org.apache.http.wire -- http-outgoing-1 << "            "date": "2024-08-05",[\n]"
12:58:15.399 [main] DEBUG org.apache.http.wire -- http-outgoing-1 << "            "type": "withdrawal",[\n]"
12:58:15.399 [main] DEBUG org.apache.http.wire -- http-outgoing-1 << "            "amount": 200,[\n]"
12:58:15.399 [main] DEBUG org.apache.http.wire -- http-outgoing-1 << "            "description": "ATM withdrawal"[\n]"
12:58:15.399 [main] DEBUG org.apache.http.wire -- http-outgoing-1 << "          }[\n]"
12:58:15.399 [main] DEBUG org.apache.http.wire -- http-outgoing-1 << "        ][\n]"
12:58:15.399 [main] DEBUG org.apache.http.wire -- http-outgoing-1 << "      },[\n]"
12:58:15.399 [main] DEBUG org.apache.http.wire -- http-outgoing-1 << "      {[\n]"
12:58:15.399 [main] DEBUG org.apache.http.wire -- http-outgoing-1 << "        "accountId": 102,[\n]"
12:58:15.399 [main] DEBUG org.apache.http.wire -- http-outgoing-1 << "        "type": "checking",[\n]"
12:58:15.399 [main] DEBUG org.apache.http.wire -- http-outgoing-1 << "        "balance": 1250,[\n]"
12:58:15.399 [main] DEBUG org.apache.http.wire -- http-outgoing-1 << "        "currency": "USD",[\n]"
12:58:15.399 [main] DEBUG org.apache.http.wire -- http-outgoing-1 << "        "transactions": [[\n]"
12:58:15.399 [main] DEBUG org.apache.http.wire -- http-outgoing-1 << "          {[\n]"
12:58:15.399 [main] DEBUG org.apache.http.wire -- http-outgoing-1 << "            "transactionId": 1003,[\n]"
12:58:15.399 [main] DEBUG org.apache.http.wire -- http-outgoing-1 << "            "date": "2024-08-10",[\n]"
12:58:15.400 [main] DEBUG org.apache.http.wire -- http-outgoing-1 << "            "type": "purchase",[\n]"
12:58:15.400 [main] DEBUG org.apache.http.wire -- http-outgoing-1 << "            "amount": 75.5,[\n]"
12:58:15.400 [main] DEBUG org.apache.http.wire -- http-outgoing-1 << "            "description": "Grocery shopping"[\n]"
12:58:15.400 [main] DEBUG org.apache.http.wire -- http-outgoing-1 << "          }[\n]"
12:58:15.400 [main] DEBUG org.apache.http.wire -- http-outgoing-1 << "        ][\n]"
12:58:15.400 [main] DEBUG org.apache.http.wire -- http-outgoing-1 << "      }[\n]"
12:58:15.400 [main] DEBUG org.apache.http.wire -- http-outgoing-1 << "    ],[\n]"
12:58:15.400 [main] DEBUG org.apache.http.wire -- http-outgoing-1 << "    "loans": [[\n]"
12:58:15.400 [main] DEBUG org.apache.http.wire -- http-outgoing-1 << "      {[\n]"
12:58:15.400 [main] DEBUG org.apache.http.wire -- http-outgoing-1 << "        "loanId": 201,[\n]"
12:58:15.400 [main] DEBUG org.apache.http.wire -- http-outgoing-1 << "        "type": "personal",[\n]"
12:58:15.400 [main] DEBUG org.apache.http.wire -- http-outgoing-1 << "        "amount": 10000,[\n]"
12:58:15.400 [main] DEBUG org.apache.http.wire -- http-outgoing-1 << "        "interestRate": 4.5,[\n]"
12:58:15.400 [main] DEBUG org.apache.http.wire -- http-outgoing-1 << "        "term": "36 months",[\n]"
12:58:15.400 [main] DEBUG org.apache.http.wire -- http-outgoing-1 << "        "balance": 8500,[\n]"
12:58:15.400 [main] DEBUG org.apache.http.wire -- http-outgoing-1 << "        "dueDate": "2024-09-10",[\n]"
12:58:15.400 [main] DEBUG org.apache.http.wire -- http-outgoing-1 << "        "payments": [[\n]"
12:58:15.400 [main] DEBUG org.apache.http.wire -- http-outgoing-1 << "          {[\n]"
12:58:15.400 [main] DEBUG org.apache.http.wire -- http-outgoing-1 << "            "paymentId": 3001,[\n]"
12:58:15.400 [main] DEBUG org.apache.http.wire -- http-outgoing-1 << "            "date": "2024-08-01",[\n]"
12:58:15.400 [main] DEBUG org.apache.http.wire -- http-outgoing-1 << "            "amount": 500,[\n]"
12:58:15.400 [main] DEBUG org.apache.http.wire -- http-outgoing-1 << "            "status": "completed"[\n]"
12:58:15.400 [main] DEBUG org.apache.http.wire -- http-outgoing-1 << "          }[\n]"
12:58:15.400 [main] DEBUG org.apache.http.wire -- http-outgoing-1 << "        ][\n]"
12:58:15.400 [main] DEBUG org.apache.http.wire -- http-outgoing-1 << "      }[\n]"
12:58:15.400 [main] DEBUG org.apache.http.wire -- http-outgoing-1 << "    ],[\n]"
12:58:15.401 [main] DEBUG org.apache.http.wire -- http-outgoing-1 << "    "creditCards": [[\n]"
12:58:15.401 [main] DEBUG org.apache.http.wire -- http-outgoing-1 << "      {[\n]"
12:58:15.401 [main] DEBUG org.apache.http.wire -- http-outgoing-1 << "        "cardId": 301,[\n]"
12:58:15.401 [main] DEBUG org.apache.http.wire -- http-outgoing-1 << "        "type": "visa",[\n]"
12:58:15.401 [main] DEBUG org.apache.http.wire -- http-outgoing-1 << "        "limit": 5000,[\n]"
12:58:15.403 [main] DEBUG org.apache.http.wire -- http-outgoing-1 << "        "balance": 1200,[\n]"
12:58:15.403 [main] DEBUG org.apache.http.wire -- http-outgoing-1 << "        "transactions": [[\n]"
12:58:15.403 [main] DEBUG org.apache.http.wire -- http-outgoing-1 << "          {[\n]"
12:58:15.403 [main] DEBUG org.apache.http.wire -- http-outgoing-1 << "            "transactionId": 4001,[\n]"
12:58:15.403 [main] DEBUG org.apache.http.wire -- http-outgoing-1 << "            "date": "2024-08-15",[\n]"
12:58:15.404 [main] DEBUG org.apache.http.wire -- http-outgoing-1 << "            "amount": 150,[\n]"
12:58:15.404 [main] DEBUG org.apache.http.wire -- http-outgoing-1 << "            "description": "Online shopping"[\n]"
12:58:15.404 [main] DEBUG org.apache.http.wire -- http-outgoing-1 << "          }[\n]"
12:58:15.404 [main] DEBUG org.apache.http.wire -- http-outgoing-1 << "        ][\n]"
12:58:15.404 [main] DEBUG org.apache.http.wire -- http-outgoing-1 << "      }[\n]"
12:58:15.404 [main] DEBUG org.apache.http.wire -- http-outgoing-1 << "    ][\n]"
12:58:15.406 [main] DEBUG org.apache.http.wire -- http-outgoing-1 << "  },[\n]"
12:58:15.406 [main] DEBUG org.apache.http.wire -- http-outgoing-1 << "  {[\n]"
12:58:15.406 [main] DEBUG org.apache.http.wire -- http-outgoing-1 << "    "id": "dae6",[\n]"
12:58:15.406 [main] DEBUG org.apache.http.wire -- http-outgoing-1 << "    "customerId": 305,[\n]"
12:58:15.406 [main] DEBUG org.apache.http.wire -- http-outgoing-1 << "    "name": "DDDD",[\n]"
12:58:15.406 [main] DEBUG org.apache.http.wire -- http-outgoing-1 << "    "email": "DDDDD.doe@example.com",[\n]"
12:58:15.406 [main] DEBUG org.apache.http.wire -- http-outgoing-1 << "    "phone": "66666-1234",[\n]"
12:58:15.406 [main] DEBUG org.apache.http.wire -- http-outgoing-1 << "    "address": {[\n]"
12:58:15.406 [main] DEBUG org.apache.http.wire -- http-outgoing-1 << "      "street": "123 Main St",[\n]"
12:58:15.406 [main] DEBUG org.apache.http.wire -- http-outgoing-1 << "      "city": "New York",[\n]"
12:58:15.406 [main] DEBUG org.apache.http.wire -- http-outgoing-1 << "      "state": "NY",[\n]"
12:58:15.406 [main] DEBUG org.apache.http.wire -- http-outgoing-1 << "      "zip": "30200"[\n]"
12:58:15.406 [main] DEBUG org.apache.http.wire -- http-outgoing-1 << "    },[\n]"
12:58:15.406 [main] DEBUG org.apache.http.wire -- http-outgoing-1 << "    "accounts": [[\n]"
12:58:15.406 [main] DEBUG org.apache.http.wire -- http-outgoing-1 << "      {[\n]"
12:58:15.406 [main] DEBUG org.apache.http.wire -- http-outgoing-1 << "        "accountId": 101,[\n]"
12:58:15.406 [main] DEBUG org.apache.http.wire -- http-outgoing-1 << "        "type": "savings",[\n]"
12:58:15.406 [main] DEBUG org.apache.http.wire -- http-outgoing-1 << "        "balance": 5000.75,[\n]"
12:58:15.406 [main] DEBUG org.apache.http.wire -- http-outgoing-1 << "        "currency": "USD",[\n]"
12:58:15.406 [main] DEBUG org.apache.http.wire -- http-outgoing-1 << "        "transactions": [[\n]"
12:58:15.406 [main] DEBUG org.apache.http.wire -- http-outgoing-1 << "          {[\n]"
12:58:15.406 [main] DEBUG org.apache.http.wire -- http-outgoing-1 << "            "transactionId": 1001,[\n]"
12:58:15.407 [main] DEBUG org.apache.http.wire -- http-outgoing-1 << "            "date": "2024-08-01",[\n]"
12:58:15.412 [main] DEBUG org.apache.http.wire -- http-outgoing-1 << "            "type": "deposit",[\n]"
12:58:15.412 [main] DEBUG org.apache.http.wire -- http-outgoing-1 << "            "amount": 1000,[\n]"
12:58:15.412 [main] DEBUG org.apache.http.wire -- http-outgoing-1 << "            "description": "Paycheck deposit"[\n]"
12:58:15.412 [main] DEBUG org.apache.http.wire -- http-outgoing-1 << "          },[\n]"
12:58:15.412 [main] DEBUG org.apache.http.wire -- http-outgoing-1 << "          {[\n]"
12:58:15.412 [main] DEBUG org.apache.http.wire -- http-outgoing-1 << "            "transactionId": 1002,[\n]"
12:58:15.412 [main] DEBUG org.apache.http.wire -- http-outgoing-1 << "            "date": "2024-08-05",[\n]"
12:58:15.412 [main] DEBUG org.apache.http.wire -- http-outgoing-1 << "            "type": "withdrawal",[\n]"
12:58:15.412 [main] DEBUG org.apache.http.wire -- http-outgoing-1 << "            "amount": 200,[\n]"
12:58:15.413 [main] DEBUG org.apache.http.wire -- http-outgoing-1 << "            "description": "ATM withdrawal"[\n]"
12:58:15.413 [main] DEBUG org.apache.http.wire -- http-outgoing-1 << "          }[\n]"
12:58:15.413 [main] DEBUG org.apache.http.wire -- http-outgoing-1 << "        ][\n]"
12:58:15.413 [main] DEBUG org.apache.http.wire -- http-outgoing-1 << "      },[\n]"
12:58:15.413 [main] DEBUG org.apache.http.wire -- http-outgoing-1 << "      {[\n]"
12:58:15.413 [main] DEBUG org.apache.http.wire -- http-outgoing-1 << "        "accountId": 102,[\n]"
12:58:15.413 [main] DEBUG org.apache.http.wire -- http-outgoing-1 << "        "type": "checking",[\n]"
12:58:15.413 [main] DEBUG org.apache.http.wire -- http-outgoing-1 << "        "balance": 1250,[\n]"
12:58:15.413 [main] DEBUG org.apache.http.wire -- http-outgoing-1 << "        "currency": "USD",[\n]"
12:58:15.413 [main] DEBUG org.apache.http.wire -- http-outgoing-1 << "        "transactions": [[\n]"
12:58:15.413 [main] DEBUG org.apache.http.wire -- http-outgoing-1 << "          {[\n]"
12:58:15.413 [main] DEBUG org.apache.http.wire -- http-outgoing-1 << "            "transactionId": 1003,[\n]"
12:58:15.413 [main] DEBUG org.apache.http.wire -- http-outgoing-1 << " "
12:58:15.413 [main] DEBUG org.apache.http.headers -- http-outgoing-1 << HTTP/1.1 200 OK
12:58:15.413 [main] DEBUG org.apache.http.headers -- http-outgoing-1 << X-Powered-By: tinyhttp
12:58:15.413 [main] DEBUG org.apache.http.headers -- http-outgoing-1 << Access-Control-Allow-Origin: *
12:58:15.413 [main] DEBUG org.apache.http.headers -- http-outgoing-1 << Access-Control-Allow-Methods: GET, HEAD, PUT, PATCH, POST, DELETE
12:58:15.413 [main] DEBUG org.apache.http.headers -- http-outgoing-1 << Access-Control-Allow-Headers: content-type
12:58:15.413 [main] DEBUG org.apache.http.headers -- http-outgoing-1 << Content-Type: application/json
12:58:15.413 [main] DEBUG org.apache.http.headers -- http-outgoing-1 << Date: Sun, 08 Sep 2024 07:28:15 GMT
12:58:15.413 [main] DEBUG org.apache.http.headers -- http-outgoing-1 << Connection: keep-alive
12:58:15.413 [main] DEBUG org.apache.http.headers -- http-outgoing-1 << Keep-Alive: timeout=5
12:58:15.413 [main] DEBUG org.apache.http.headers -- http-outgoing-1 << Content-Length: 14648
12:58:15.413 [main] DEBUG org.apache.http.impl.execchain.MainClientExec -- Connection can be kept alive for 5000 MILLISECONDS
12:58:15.422 [main] DEBUG org.apache.http.wire -- http-outgoing-1 << "           "date": "2024-08-10",[\n]"
12:58:15.425 [main] DEBUG org.apache.http.wire -- http-outgoing-1 << "            "type": "purchase",[\n]"
12:58:15.426 [main] DEBUG org.apache.http.wire -- http-outgoing-1 << "            "amount": 75.5,[\n]"
12:58:15.426 [main] DEBUG org.apache.http.wire -- http-outgoing-1 << "            "description": "Grocery shopping"[\n]"
12:58:15.426 [main] DEBUG org.apache.http.wire -- http-outgoing-1 << "          }[\n]"
12:58:15.426 [main] DEBUG org.apache.http.wire -- http-outgoing-1 << "        ][\n]"
12:58:15.426 [main] DEBUG org.apache.http.wire -- http-outgoing-1 << "      }[\n]"
12:58:15.426 [main] DEBUG org.apache.http.wire -- http-outgoing-1 << "    ],[\n]"
12:58:15.426 [main] DEBUG org.apache.http.wire -- http-outgoing-1 << "    "loans": [[\n]"
12:58:15.426 [main] DEBUG org.apache.http.wire -- http-outgoing-1 << "      {[\n]"
12:58:15.426 [main] DEBUG org.apache.http.wire -- http-outgoing-1 << "        "loanId": 201,[\n]"
12:58:15.426 [main] DEBUG org.apache.http.wire -- http-outgoing-1 << "        "type": "personal",[\n]"
12:58:15.426 [main] DEBUG org.apache.http.wire -- http-outgoing-1 << "        "amount": 10000,[\n]"
12:58:15.426 [main] DEBUG org.apache.http.wire -- http-outgoing-1 << "        "interestRate": 4.5,[\n]"
12:58:15.426 [main] DEBUG org.apache.http.wire -- http-outgoing-1 << "        "term": "36 months",[\n]"
12:58:15.426 [main] DEBUG org.apache.http.wire -- http-outgoing-1 << "        "balance": 8500,[\n]"
12:58:15.426 [main] DEBUG org.apache.http.wire -- http-outgoing-1 << "        "dueDate": "2024-09-10",[\n]"
12:58:15.426 [main] DEBUG org.apache.http.wire -- http-outgoing-1 << "        "payments": [[\n]"
12:58:15.426 [main] DEBUG org.apache.http.wire -- http-outgoing-1 << "          {[\n]"
12:58:15.426 [main] DEBUG org.apache.http.wire -- http-outgoing-1 << "            "paymentId": 3001,[\n]"
12:58:15.426 [main] DEBUG org.apache.http.wire -- http-outgoing-1 << "            "date": "2024-08-01",[\n]"
12:58:15.426 [main] DEBUG org.apache.http.wire -- http-outgoing-1 << "            "amount": 500,[\n]"
12:58:15.428 [main] DEBUG org.apache.http.wire -- http-outgoing-1 << "            "status": "completed"[\n]"
12:58:15.428 [main] DEBUG org.apache.http.wire -- http-outgoing-1 << "          }[\n]"
12:58:15.428 [main] DEBUG org.apache.http.wire -- http-outgoing-1 << "        ][\n]"
12:58:15.428 [main] DEBUG org.apache.http.wire -- http-outgoing-1 << "      }[\n]"
12:58:15.428 [main] DEBUG org.apache.http.wire -- http-outgoing-1 << "    ],[\n]"
12:58:15.428 [main] DEBUG org.apache.http.wire -- http-outgoing-1 << "    "creditCards": [[\n]"
12:58:15.428 [main] DEBUG org.apache.http.wire -- http-outgoing-1 << "      {[\n]"
12:58:15.428 [main] DEBUG org.apache.http.wire -- http-outgoing-1 << "        "cardId": 301,[\n]"
12:58:15.428 [main] DEBUG org.apache.http.wire -- http-outgoing-1 << "        "type": "visa",[\n]"
12:58:15.428 [main] DEBUG org.apache.http.wire -- http-outgoing-1 << "        "limit": 5000,[\n]"
12:58:15.428 [main] DEBUG org.apache.http.wire -- http-outgoing-1 << "        "balance": 1200,[\n]"
12:58:15.428 [main] DEBUG org.apache.http.wire -- http-outgoing-1 << "        "transactions": [[\n]"
12:58:15.428 [main] DEBUG org.apache.http.wire -- http-outgoing-1 << "          {[\n]"
12:58:15.428 [main] DEBUG org.apache.http.wire -- http-outgoing-1 << "            "transactionId": 4001,[\n]"
12:58:15.428 [main] DEBUG org.apache.http.wire -- http-outgoing-1 << "            "date": "2024-08-15",[\n]"
12:58:15.428 [main] DEBUG org.apache.http.wire -- http-outgoing-1 << "            "amount": 150,[\n]"
12:58:15.428 [main] DEBUG org.apache.http.wire -- http-outgoing-1 << "            "description": "Online shopping"[\n]"
12:58:15.429 [main] DEBUG org.apache.http.wire -- http-outgoing-1 << "          }[\n]"
12:58:15.429 [main] DEBUG org.apache.http.wire -- http-outgoing-1 << "        ][\n]"
12:58:15.429 [main] DEBUG org.apache.http.wire -- http-outgoing-1 << "      }[\n]"
12:58:15.429 [main] DEBUG org.apache.http.wire -- http-outgoing-1 << "    ][\n]"
12:58:15.429 [main] DEBUG org.apache.http.wire -- http-outgoing-1 << "  },[\n]"
12:58:15.429 [main] DEBUG org.apache.http.wire -- http-outgoing-1 << "  {[\n]"
12:58:15.429 [main] DEBUG org.apache.http.wire -- http-outgoing-1 << "    "id": "dae6",[\n]"
12:58:15.429 [main] DEBUG org.apache.http.wire -- http-outgoing-1 << "    "customerId": 305,[\n]"
12:58:15.429 [main] DEBUG org.apache.http.wire -- http-outgoing-1 << "    "name": "DDDD",[\n]"
12:58:15.429 [main] DEBUG org.apache.http.wire -- http-outgoing-1 << "    "email": "DDDDD.doe@exa"
12:58:15.429 [main] DEBUG org.apache.http.wire -- http-outgoing-1 << "mple.com",[\n]"
12:58:15.429 [main] DEBUG org.apache.http.wire -- http-outgoing-1 << "    "phone": "66666-1234",[\n]"
12:58:15.429 [main] DEBUG org.apache.http.wire -- http-outgoing-1 << "    "address": {[\n]"
12:58:15.429 [main] DEBUG org.apache.http.wire -- http-outgoing-1 << "      "street": "123 Main St",[\n]"
12:58:15.429 [main] DEBUG org.apache.http.wire -- http-outgoing-1 << "      "city": "New York",[\n]"
12:58:15.429 [main] DEBUG org.apache.http.wire -- http-outgoing-1 << "      "state": "NY",[\n]"
12:58:15.429 [main] DEBUG org.apache.http.wire -- http-outgoing-1 << "      "zip": "30200"[\n]"
12:58:15.429 [main] DEBUG org.apache.http.wire -- http-outgoing-1 << "    },[\n]"
12:58:15.429 [main] DEBUG org.apache.http.wire -- http-outgoing-1 << "    "accounts": [[\n]"
12:58:15.429 [main] DEBUG org.apache.http.wire -- http-outgoing-1 << "      {[\n]"
12:58:15.429 [main] DEBUG org.apache.http.wire -- http-outgoing-1 << "        "accountId": 101,[\n]"
12:58:15.429 [main] DEBUG org.apache.http.wire -- http-outgoing-1 << "        "type": "savings",[\n]"
12:58:15.429 [main] DEBUG org.apache.http.wire -- http-outgoing-1 << "        "balance": 5000.75,[\n]"
12:58:15.429 [main] DEBUG org.apache.http.wire -- http-outgoing-1 << "        "currency": "USD",[\n]"
12:58:15.429 [main] DEBUG org.apache.http.wire -- http-outgoing-1 << "        "transactions": [[\n]"
12:58:15.429 [main] DEBUG org.apache.http.wire -- http-outgoing-1 << "          {[\n]"
12:58:15.429 [main] DEBUG org.apache.http.wire -- http-outgoing-1 << "            "transactionId": 1001,[\n]"
12:58:15.429 [main] DEBUG org.apache.http.wire -- http-outgoing-1 << "            "date": "2024-08-01",[\n]"
12:58:15.429 [main] DEBUG org.apache.http.wire -- http-outgoing-1 << "            "type": "deposit",[\n]"
12:58:15.429 [main] DEBUG org.apache.http.wire -- http-outgoing-1 << "            "amount": 1000,[\n]"
12:58:15.429 [main] DEBUG org.apache.http.wire -- http-outgoing-1 << "            "description": "Paycheck deposit"[\n]"
12:58:15.429 [main] DEBUG org.apache.http.wire -- http-outgoing-1 << "          },[\n]"
12:58:15.432 [main] DEBUG org.apache.http.wire -- http-outgoing-1 << "          {[\n]"
12:58:15.436 [main] DEBUG org.apache.http.wire -- http-outgoing-1 << "            "transactionId": 1002,[\n]"
12:58:15.438 [main] DEBUG org.apache.http.wire -- http-outgoing-1 << "            "date": "2024-08-05",[\n]"
12:58:15.443 [main] DEBUG org.apache.http.wire -- http-outgoing-1 << "            "type": "withdrawal",[\n]"
12:58:15.444 [main] DEBUG org.apache.http.wire -- http-outgoing-1 << "            "amount": 200,[\n]"
12:58:15.444 [main] DEBUG org.apache.http.wire -- http-outgoing-1 << "            "description": "ATM withdrawal"[\n]"
12:58:15.444 [main] DEBUG org.apache.http.wire -- http-outgoing-1 << "          }[\n]"
12:58:15.444 [main] DEBUG org.apache.http.wire -- http-outgoing-1 << "        ][\n]"
12:58:15.444 [main] DEBUG org.apache.http.wire -- http-outgoing-1 << "      },[\n]"
12:58:15.444 [main] DEBUG org.apache.http.wire -- http-outgoing-1 << "      {[\n]"
12:58:15.444 [main] DEBUG org.apache.http.wire -- http-outgoing-1 << "        "accountId": 102,[\n]"
12:58:15.444 [main] DEBUG org.apache.http.wire -- http-outgoing-1 << "        "type": "checking",[\n]"
12:58:15.444 [main] DEBUG org.apache.http.wire -- http-outgoing-1 << "        "balance": 1250,[\n]"
12:58:15.444 [main] DEBUG org.apache.http.wire -- http-outgoing-1 << "        "currency": "USD",[\n]"
12:58:15.444 [main] DEBUG org.apache.http.wire -- http-outgoing-1 << "        "transactions": [[\n]"
12:58:15.444 [main] DEBUG org.apache.http.wire -- http-outgoing-1 << "          {[\n]"
12:58:15.444 [main] DEBUG org.apache.http.wire -- http-outgoing-1 << "            "transactionId": 1003,[\n]"
12:58:15.444 [main] DEBUG org.apache.http.wire -- http-outgoing-1 << "            "date": "2024-08-10",[\n]"
12:58:15.444 [main] DEBUG org.apache.http.wire -- http-outgoing-1 << "            "type": "purchase",[\n]"
12:58:15.444 [main] DEBUG org.apache.http.wire -- http-outgoing-1 << "            "amount": 75.5,[\n]"
12:58:15.444 [main] DEBUG org.apache.http.wire -- http-outgoing-1 << "      "
12:58:15.444 [main] DEBUG org.apache.http.wire -- http-outgoing-1 << "      "description": "Grocery shopping"[\n]"
12:58:15.444 [main] DEBUG org.apache.http.wire -- http-outgoing-1 << "          }[\n]"
12:58:15.444 [main] DEBUG org.apache.http.wire -- http-outgoing-1 << "        ][\n]"
12:58:15.444 [main] DEBUG org.apache.http.wire -- http-outgoing-1 << "      }[\n]"
12:58:15.444 [main] DEBUG org.apache.http.wire -- http-outgoing-1 << "    ],[\n]"
12:58:15.444 [main] DEBUG org.apache.http.wire -- http-outgoing-1 << "    "loans": [[\n]"
12:58:15.444 [main] DEBUG org.apache.http.wire -- http-outgoing-1 << "      {[\n]"
12:58:15.444 [main] DEBUG org.apache.http.wire -- http-outgoing-1 << "        "loanId": 201,[\n]"
12:58:15.444 [main] DEBUG org.apache.http.wire -- http-outgoing-1 << "        "type": "personal",[\n]"
12:58:15.444 [main] DEBUG org.apache.http.wire -- http-outgoing-1 << "        "amount": 10000,[\n]"
12:58:15.444 [main] DEBUG org.apache.http.wire -- http-outgoing-1 << "        "interestRate": 4.5,[\n]"
12:58:15.444 [main] DEBUG org.apache.http.wire -- http-outgoing-1 << "        "term": "36 months",[\n]"
12:58:15.444 [main] DEBUG org.apache.http.wire -- http-outgoing-1 << "        "balance": 8500,[\n]"
12:58:15.444 [main] DEBUG org.apache.http.wire -- http-outgoing-1 << "        "dueDate": "2024-09-10",[\n]"
12:58:15.444 [main] DEBUG org.apache.http.wire -- http-outgoing-1 << "        "payments": [[\n]"
12:58:15.444 [main] DEBUG org.apache.http.wire -- http-outgoing-1 << "          {[\n]"
12:58:15.444 [main] DEBUG org.apache.http.wire -- http-outgoing-1 << "            "paymentId": 3001,[\n]"
12:58:15.444 [main] DEBUG org.apache.http.wire -- http-outgoing-1 << "            "date": "2024-08-01",[\n]"
12:58:15.444 [main] DEBUG org.apache.http.wire -- http-outgoing-1 << "            "amount": 500,[\n]"
12:58:15.444 [main] DEBUG org.apache.http.wire -- http-outgoing-1 << "            "status": "completed"[\n]"
12:58:15.444 [main] DEBUG org.apache.http.wire -- http-outgoing-1 << "          }[\n]"
12:58:15.444 [main] DEBUG org.apache.http.wire -- http-outgoing-1 << "        ][\n]"
12:58:15.444 [main] DEBUG org.apache.http.wire -- http-outgoing-1 << "      }[\n]"
12:58:15.444 [main] DEBUG org.apache.http.wire -- http-outgoing-1 << "    ],[\n]"
12:58:15.444 [main] DEBUG org.apache.http.wire -- http-outgoing-1 << "    "creditCards": [[\n]"
12:58:15.444 [main] DEBUG org.apache.http.wire -- http-outgoing-1 << "      {[\n]"
12:58:15.444 [main] DEBUG org.apache.http.wire -- http-outgoing-1 << "        "cardId": 301,[\n]"
12:58:15.444 [main] DEBUG org.apache.http.wire -- http-outgoing-1 << "        "type": "visa",[\n]"
12:58:15.444 [main] DEBUG org.apache.http.wire -- http-outgoing-1 << "        "limit": 5000,[\n]"
12:58:15.444 [main] DEBUG org.apache.http.wire -- http-outgoing-1 << "        "balance": 1200,[\n]"
12:58:15.444 [main] DEBUG org.apache.http.wire -- http-outgoing-1 << "        "transactions": [[\n]"
12:58:15.444 [main] DEBUG org.apache.http.wire -- http-outgoing-1 << "          {[\n]"
12:58:15.444 [main] DEBUG org.apache.http.wire -- http-outgoing-1 << "            "transactionId": 4001,[\n]"
12:58:15.444 [main] DEBUG org.apache.http.wire -- http-outgoing-1 << "            "date": "2024-08-15",[\n]"
12:58:15.444 [main] DEBUG org.apache.http.wire -- http-outgoing-1 << "            "amount": 150,[\n]"
12:58:15.444 [main] DEBUG org.apache.http.wire -- http-outgoing-1 << "            "description": "Online shopping"[\n]"
12:58:15.444 [main] DEBUG org.apache.http.wire -- http-outgoing-1 << "          }[\n]"
12:58:15.444 [main] DEBUG org.apache.http.wire -- http-outgoing-1 << "        ][\n]"
12:58:15.444 [main] DEBUG org.apache.http.wire -- http-outgoing-1 << "      }[\n]"
12:58:15.444 [main] DEBUG org.apache.http.wire -- http-outgoing-1 << "    ][\n]"
12:58:15.444 [main] DEBUG org.apache.http.wire -- http-outgoing-1 << "  },[\n]"
12:58:15.444 [main] DEBUG org.apache.http.wire -- http-outgoing-1 << "  {[\n]"
12:58:15.445 [main] DEBUG org.apache.http.wire -- http-outgoing-1 << "    "id": "Cstd306",[\n]"
12:58:15.445 [main] DEBUG org.apache.http.wire -- http-outgoing-1 << "    "customerId": 306,[\n]"
12:58:15.445 [main] DEBUG org.apache.http.wire -- http-outgoing-1 << "    "name": "DDDD",[\n]"
12:58:15.445 [main] DEBUG org.apache.http.wire -- http-outgoing-1 << "    "email": "DDDDD.doe@example.com",[\n]"
12:58:15.445 [main] DEBUG org.apache.http.wire -- http-outgoing-1 << "    "phone": "66666-1234",[\n]"
12:58:15.445 [main] DEBUG org.apache.http.wire -- http-outgoing-1 << "    "address": {[\n]"
12:58:15.445 [main] DEBUG org.apache.http.wire -- http-outgoing-1 << "      "street": "123 Main St",[\n]"
12:58:15.445 [main] DEBUG org.apache.http.wire -- http-outgoing-1 << "      "cit"
12:58:15.445 [main] DEBUG org.apache.http.wire -- http-outgoing-1 << "y": "New York",[\n]"
12:58:15.445 [main] DEBUG org.apache.http.wire -- http-outgoing-1 << "      "state": "NY",[\n]"
12:58:15.445 [main] DEBUG org.apache.http.wire -- http-outgoing-1 << "      "zip": "30200"[\n]"
12:58:15.445 [main] DEBUG org.apache.http.wire -- http-outgoing-1 << "    },[\n]"
12:58:15.445 [main] DEBUG org.apache.http.wire -- http-outgoing-1 << "    "accounts": [[\n]"
12:58:15.445 [main] DEBUG org.apache.http.wire -- http-outgoing-1 << "      {[\n]"
12:58:15.445 [main] DEBUG org.apache.http.wire -- http-outgoing-1 << "        "accountId": 101,[\n]"
12:58:15.445 [main] DEBUG org.apache.http.wire -- http-outgoing-1 << "        "type": "savings",[\n]"
12:58:15.445 [main] DEBUG org.apache.http.wire -- http-outgoing-1 << "        "balance": 5000.75,[\n]"
12:58:15.445 [main] DEBUG org.apache.http.wire -- http-outgoing-1 << "        "currency": "USD",[\n]"
12:58:15.445 [main] DEBUG org.apache.http.wire -- http-outgoing-1 << "        "transactions": [[\n]"
12:58:15.445 [main] DEBUG org.apache.http.wire -- http-outgoing-1 << "          {[\n]"
12:58:15.445 [main] DEBUG org.apache.http.wire -- http-outgoing-1 << "            "transactionId": 1001,[\n]"
12:58:15.445 [main] DEBUG org.apache.http.wire -- http-outgoing-1 << "            "date": "2024-08-01",[\n]"
12:58:15.445 [main] DEBUG org.apache.http.wire -- http-outgoing-1 << "            "type": "deposit",[\n]"
12:58:15.445 [main] DEBUG org.apache.http.wire -- http-outgoing-1 << "            "amount": 1000,[\n]"
12:58:15.445 [main] DEBUG org.apache.http.wire -- http-outgoing-1 << "            "description": "Paycheck deposit"[\n]"
12:58:15.445 [main] DEBUG org.apache.http.wire -- http-outgoing-1 << "          },[\n]"
12:58:15.445 [main] DEBUG org.apache.http.wire -- http-outgoing-1 << "          {[\n]"
12:58:15.445 [main] DEBUG org.apache.http.wire -- http-outgoing-1 << "            "transactionId": 1002,[\n]"
12:58:15.445 [main] DEBUG org.apache.http.wire -- http-outgoing-1 << "            "date": "2024-08-05",[\n]"
12:58:15.445 [main] DEBUG org.apache.http.wire -- http-outgoing-1 << "            "type": "withdrawal",[\n]"
12:58:15.445 [main] DEBUG org.apache.http.wire -- http-outgoing-1 << "            "amount": 200,[\n]"
12:58:15.445 [main] DEBUG org.apache.http.wire -- http-outgoing-1 << "            "description": "ATM withdrawal"[\n]"
12:58:15.445 [main] DEBUG org.apache.http.wire -- http-outgoing-1 << "          }[\n]"
12:58:15.445 [main] DEBUG org.apache.http.wire -- http-outgoing-1 << "        ][\n]"
12:58:15.445 [main] DEBUG org.apache.http.wire -- http-outgoing-1 << "      },[\n]"
12:58:15.445 [main] DEBUG org.apache.http.wire -- http-outgoing-1 << "      {[\n]"
12:58:15.445 [main] DEBUG org.apache.http.wire -- http-outgoing-1 << "        "accountId": 102,[\n]"
12:58:15.445 [main] DEBUG org.apache.http.wire -- http-outgoing-1 << "        "type": "checking",[\n]"
12:58:15.445 [main] DEBUG org.apache.http.wire -- http-outgoing-1 << "        "balance": 1250,[\n]"
12:58:15.445 [main] DEBUG org.apache.http.wire -- http-outgoing-1 << "        "currency": "USD",[\n]"
12:58:15.445 [main] DEBUG org.apache.http.wire -- http-outgoing-1 << "        "transactions": [[\n]"
12:58:15.445 [main] DEBUG org.apache.http.wire -- http-outgoing-1 << "          {[\n]"
12:58:15.445 [main] DEBUG org.apache.http.wire -- http-outgoing-1 << "            "transactionId": 1003,[\n]"
12:58:15.445 [main] DEBUG org.apache.http.wire -- http-outgoing-1 << "            "date": "2024-08-10",[\n]"
12:58:15.445 [main] DEBUG org.apache.http.wire -- http-outgoing-1 << "            "type": "purchase",[\n]"
12:58:15.445 [main] DEBUG org.apache.http.wire -- http-outgoing-1 << "            "amount": 75.5,[\n]"
12:58:15.445 [main] DEBUG org.apache.http.wire -- http-outgoing-1 << "            "description": "Grocery shopping"[\n]"
12:58:15.445 [main] DEBUG org.apache.http.wire -- http-outgoing-1 << "          }[\n]"
12:58:15.445 [main] DEBUG org.apache.http.wire -- http-outgoing-1 << "        ][\n]"
12:58:15.445 [main] DEBUG org.apache.http.wire -- http-outgoing-1 << "      }[\n]"
12:58:15.445 [main] DEBUG org.apache.http.wire -- http-outgoing-1 << "    ],[\n]"
12:58:15.445 [main] DEBUG org.apache.http.wire -- http-outgoing-1 << "    "loans": [[\n]"
12:58:15.445 [main] DEBUG org.apache.http.wire -- http-outgoing-1 << "    "
12:58:15.445 [main] DEBUG org.apache.http.wire -- http-outgoing-1 << "  {[\n]"
12:58:15.445 [main] DEBUG org.apache.http.wire -- http-outgoing-1 << "        "loanId": 201,[\n]"
12:58:15.445 [main] DEBUG org.apache.http.wire -- http-outgoing-1 << "        "type": "personal",[\n]"
12:58:15.445 [main] DEBUG org.apache.http.wire -- http-outgoing-1 << "        "amount": 10000,[\n]"
12:58:15.445 [main] DEBUG org.apache.http.wire -- http-outgoing-1 << "        "interestRate": 4.5,[\n]"
12:58:15.445 [main] DEBUG org.apache.http.wire -- http-outgoing-1 << "        "term": "36 months",[\n]"
12:58:15.445 [main] DEBUG org.apache.http.wire -- http-outgoing-1 << "        "balance": 8500,[\n]"
12:58:15.445 [main] DEBUG org.apache.http.wire -- http-outgoing-1 << "        "dueDate": "2024-09-10",[\n]"
12:58:15.445 [main] DEBUG org.apache.http.wire -- http-outgoing-1 << "        "payments": [[\n]"
12:58:15.445 [main] DEBUG org.apache.http.wire -- http-outgoing-1 << "          {[\n]"
12:58:15.445 [main] DEBUG org.apache.http.wire -- http-outgoing-1 << "            "paymentId": 3001,[\n]"
12:58:15.445 [main] DEBUG org.apache.http.wire -- http-outgoing-1 << "            "date": "2024-08-01",[\n]"
12:58:15.446 [main] DEBUG org.apache.http.wire -- http-outgoing-1 << "            "amount": 500,[\n]"
12:58:15.446 [main] DEBUG org.apache.http.wire -- http-outgoing-1 << "            "status": "completed"[\n]"
12:58:15.446 [main] DEBUG org.apache.http.wire -- http-outgoing-1 << "          }[\n]"
12:58:15.446 [main] DEBUG org.apache.http.wire -- http-outgoing-1 << "        ][\n]"
12:58:15.446 [main] DEBUG org.apache.http.wire -- http-outgoing-1 << "      }[\n]"
12:58:15.446 [main] DEBUG org.apache.http.wire -- http-outgoing-1 << "    ],[\n]"
12:58:15.446 [main] DEBUG org.apache.http.wire -- http-outgoing-1 << "    "creditCards": [[\n]"
12:58:15.446 [main] DEBUG org.apache.http.wire -- http-outgoing-1 << "      {[\n]"
12:58:15.446 [main] DEBUG org.apache.http.wire -- http-outgoing-1 << "        "cardId": 301,[\n]"
12:58:15.446 [main] DEBUG org.apache.http.wire -- http-outgoing-1 << "        "type": "visa",[\n]"
12:58:15.446 [main] DEBUG org.apache.http.wire -- http-outgoing-1 << "        "limit": 5000,[\n]"
12:58:15.446 [main] DEBUG org.apache.http.wire -- http-outgoing-1 << "        "balance": 1200,[\n]"
12:58:15.446 [main] DEBUG org.apache.http.wire -- http-outgoing-1 << "        "transactions": [[\n]"
12:58:15.446 [main] DEBUG org.apache.http.wire -- http-outgoing-1 << "          {[\n]"
12:58:15.446 [main] DEBUG org.apache.http.wire -- http-outgoing-1 << "            "transactionId": 4001,[\n]"
12:58:15.446 [main] DEBUG org.apache.http.wire -- http-outgoing-1 << "            "date": "2024-08-15",[\n]"
12:58:15.446 [main] DEBUG org.apache.http.wire -- http-outgoing-1 << "            "amount": 150,[\n]"
12:58:15.446 [main] DEBUG org.apache.http.wire -- http-outgoing-1 << "            "description": "Online shopping"[\n]"
12:58:15.446 [main] DEBUG org.apache.http.wire -- http-outgoing-1 << "          }[\n]"
12:58:15.446 [main] DEBUG org.apache.http.wire -- http-outgoing-1 << "        ][\n]"
12:58:15.446 [main] DEBUG org.apache.http.wire -- http-outgoing-1 << "      }[\n]"
12:58:15.446 [main] DEBUG org.apache.http.wire -- http-outgoing-1 << "    ][\n]"
12:58:15.446 [main] DEBUG org.apache.http.wire -- http-outgoing-1 << "  },[\n]"
12:58:15.446 [main] DEBUG org.apache.http.wire -- http-outgoing-1 << "  {[\n]"
12:58:15.446 [main] DEBUG org.apache.http.wire -- http-outgoing-1 << "    "id": "Cstd310",[\n]"
12:58:15.446 [main] DEBUG org.apache.http.wire -- http-outgoing-1 << "    "customerId": 310,[\n]"
12:58:15.446 [main] DEBUG org.apache.http.wire -- http-outgoing-1 << "    "name": "Guna",[\n]"
12:58:15.446 [main] DEBUG org.apache.http.wire -- http-outgoing-1 << "    "email": "Cust310@email.com",[\n]"
12:58:15.446 [main] DEBUG org.apache.http.wire -- http-outgoing-1 << "    "phone": "66666-1234",[\n]"
12:58:15.446 [main] DEBUG org.apache.http.wire -- http-outgoing-1 << "    "address": {[\n]"
12:58:15.446 [main] DEBUG org.apache.http.wire -- http-outgoing-1 << "      "street": "123 Main St",[\n]"
12:58:15.446 [main] DEBUG org.apache.http.wire -- http-outgoing-1 << "      "city": "New York",[\n]"
12:58:15.446 [main] DEBUG org.apache.http.wire -- http-outgoing-1 << "      "state": "NY",[\n]"
12:58:15.446 [main] DEBUG org.apache.http.wire -- http-outgoing-1 << "      "zip": "31000"[\n]"
12:58:15.446 [main] DEBUG org.apache.http.wire -- http-outgoing-1 << "    },[\n]"
12:58:15.446 [main] DEBUG org.apache.http.wire -- http-outgoing-1 << "    "accounts": [[\n]"
12:58:15.446 [main] DEBUG org.apache.http.wire -- http-outgoing-1 << "      {[\n]"
12:58:15.446 [main] DEBUG org.apache.http.wire -- http-outgoing-1 << "        ""
12:58:15.446 [main] DEBUG org.apache.http.wire -- http-outgoing-1 << "accountId": 101,[\n]"
12:58:15.446 [main] DEBUG org.apache.http.wire -- http-outgoing-1 << "        "type": "savings",[\n]"
12:58:15.446 [main] DEBUG org.apache.http.wire -- http-outgoing-1 << "        "balance": 5000.75,[\n]"
12:58:15.446 [main] DEBUG org.apache.http.wire -- http-outgoing-1 << "        "currency": "USD",[\n]"
12:58:15.446 [main] DEBUG org.apache.http.wire -- http-outgoing-1 << "        "transactions": [[\n]"
12:58:15.446 [main] DEBUG org.apache.http.wire -- http-outgoing-1 << "          {[\n]"
12:58:15.446 [main] DEBUG org.apache.http.wire -- http-outgoing-1 << "            "transactionId": 1001,[\n]"
12:58:15.446 [main] DEBUG org.apache.http.wire -- http-outgoing-1 << "            "date": "2024-08-01",[\n]"
12:58:15.446 [main] DEBUG org.apache.http.wire -- http-outgoing-1 << "            "type": "deposit",[\n]"
12:58:15.446 [main] DEBUG org.apache.http.wire -- http-outgoing-1 << "            "amount": 1000,[\n]"
12:58:15.446 [main] DEBUG org.apache.http.wire -- http-outgoing-1 << "            "description": "Paycheck deposit"[\n]"
12:58:15.446 [main] DEBUG org.apache.http.wire -- http-outgoing-1 << "          },[\n]"
12:58:15.446 [main] DEBUG org.apache.http.wire -- http-outgoing-1 << "          {[\n]"
12:58:15.446 [main] DEBUG org.apache.http.wire -- http-outgoing-1 << "            "transactionId": 1002,[\n]"
12:58:15.446 [main] DEBUG org.apache.http.wire -- http-outgoing-1 << "            "date": "2024-08-05",[\n]"
12:58:15.446 [main] DEBUG org.apache.http.wire -- http-outgoing-1 << "            "type": "withdrawal",[\n]"
12:58:15.446 [main] DEBUG org.apache.http.wire -- http-outgoing-1 << "            "amount": 200,[\n]"
12:58:15.446 [main] DEBUG org.apache.http.wire -- http-outgoing-1 << "            "description": "ATM withdrawal"[\n]"
12:58:15.446 [main] DEBUG org.apache.http.wire -- http-outgoing-1 << "          }[\n]"
12:58:15.446 [main] DEBUG org.apache.http.wire -- http-outgoing-1 << "        ][\n]"
12:58:15.446 [main] DEBUG org.apache.http.wire -- http-outgoing-1 << "      },[\n]"
12:58:15.446 [main] DEBUG org.apache.http.wire -- http-outgoing-1 << "      {[\n]"
12:58:15.446 [main] DEBUG org.apache.http.wire -- http-outgoing-1 << "        "accountId": 102,[\n]"
12:58:15.446 [main] DEBUG org.apache.http.wire -- http-outgoing-1 << "        "type": "checking",[\n]"
12:58:15.446 [main] DEBUG org.apache.http.wire -- http-outgoing-1 << "        "balance": 1250,[\n]"
12:58:15.446 [main] DEBUG org.apache.http.wire -- http-outgoing-1 << "        "currency": "USD",[\n]"
12:58:15.446 [main] DEBUG org.apache.http.wire -- http-outgoing-1 << "        "transactions": [[\n]"
12:58:15.446 [main] DEBUG org.apache.http.wire -- http-outgoing-1 << "          {[\n]"
12:58:15.446 [main] DEBUG org.apache.http.wire -- http-outgoing-1 << "            "transactionId": 1003,[\n]"
12:58:15.446 [main] DEBUG org.apache.http.wire -- http-outgoing-1 << "            "date": "2024-08-10",[\n]"
12:58:15.446 [main] DEBUG org.apache.http.wire -- http-outgoing-1 << "            "type": "purchase",[\n]"
12:58:15.446 [main] DEBUG org.apache.http.wire -- http-outgoing-1 << "            "amount": 75.5,[\n]"
12:58:15.446 [main] DEBUG org.apache.http.wire -- http-outgoing-1 << "            "description": "Grocery shopping"[\n]"
12:58:15.446 [main] DEBUG org.apache.http.wire -- http-outgoing-1 << "          }[\n]"
12:58:15.446 [main] DEBUG org.apache.http.wire -- http-outgoing-1 << "        ][\n]"
12:58:15.446 [main] DEBUG org.apache.http.wire -- http-outgoing-1 << "      }[\n]"
12:58:15.446 [main] DEBUG org.apache.http.wire -- http-outgoing-1 << "    ],[\n]"
12:58:15.446 [main] DEBUG org.apache.http.wire -- http-outgoing-1 << "    "loans": [[\n]"
12:58:15.446 [main] DEBUG org.apache.http.wire -- http-outgoing-1 << "      {[\n]"
12:58:15.446 [main] DEBUG org.apache.http.wire -- http-outgoing-1 << "        "loanId": 201,[\n]"
12:58:15.446 [main] DEBUG org.apache.http.wire -- http-outgoing-1 << "        "type": "personal",[\n]"
12:58:15.446 [main] DEBUG org.apache.http.wire -- http-outgoing-1 << "        "amount": 10000,[\n]"
12:58:15.446 [main] DEBUG org.apache.http.wire -- http-outgoing-1 << "        "interestRat"
12:58:15.446 [main] DEBUG org.apache.http.wire -- http-outgoing-1 << "e": 4.5,[\n]"
12:58:15.446 [main] DEBUG org.apache.http.wire -- http-outgoing-1 << "        "term": "36 months",[\n]"
12:58:15.446 [main] DEBUG org.apache.http.wire -- http-outgoing-1 << "        "balance": 8500,[\n]"
12:58:15.446 [main] DEBUG org.apache.http.wire -- http-outgoing-1 << "        "dueDate": "2024-09-10",[\n]"
12:58:15.446 [main] DEBUG org.apache.http.wire -- http-outgoing-1 << "        "payments": [[\n]"
12:58:15.446 [main] DEBUG org.apache.http.wire -- http-outgoing-1 << "          {[\n]"
12:58:15.447 [main] DEBUG org.apache.http.wire -- http-outgoing-1 << "            "paymentId": 3001,[\n]"
12:58:15.447 [main] DEBUG org.apache.http.wire -- http-outgoing-1 << "            "date": "2024-08-01",[\n]"
12:58:15.447 [main] DEBUG org.apache.http.wire -- http-outgoing-1 << "            "amount": 500,[\n]"
12:58:15.447 [main] DEBUG org.apache.http.wire -- http-outgoing-1 << "            "status": "completed"[\n]"
12:58:15.447 [main] DEBUG org.apache.http.wire -- http-outgoing-1 << "          }[\n]"
12:58:15.447 [main] DEBUG org.apache.http.wire -- http-outgoing-1 << "        ][\n]"
12:58:15.447 [main] DEBUG org.apache.http.wire -- http-outgoing-1 << "      }[\n]"
12:58:15.447 [main] DEBUG org.apache.http.wire -- http-outgoing-1 << "    ],[\n]"
12:58:15.447 [main] DEBUG org.apache.http.wire -- http-outgoing-1 << "    "creditCards": [[\n]"
12:58:15.447 [main] DEBUG org.apache.http.wire -- http-outgoing-1 << "      {[\n]"
12:58:15.447 [main] DEBUG org.apache.http.wire -- http-outgoing-1 << "        "cardId": 301,[\n]"
12:58:15.447 [main] DEBUG org.apache.http.wire -- http-outgoing-1 << "        "type": "visa",[\n]"
12:58:15.447 [main] DEBUG org.apache.http.wire -- http-outgoing-1 << "        "limit": 5000,[\n]"
12:58:15.447 [main] DEBUG org.apache.http.wire -- http-outgoing-1 << "        "balance": 1200,[\n]"
12:58:15.447 [main] DEBUG org.apache.http.wire -- http-outgoing-1 << "        "transactions": [[\n]"
12:58:15.447 [main] DEBUG org.apache.http.wire -- http-outgoing-1 << "          {[\n]"
12:58:15.447 [main] DEBUG org.apache.http.wire -- http-outgoing-1 << "            "transactionId": 4001,[\n]"
12:58:15.447 [main] DEBUG org.apache.http.wire -- http-outgoing-1 << "            "date": "2024-08-15",[\n]"
12:58:15.447 [main] DEBUG org.apache.http.wire -- http-outgoing-1 << "            "amount": 150,[\n]"
12:58:15.447 [main] DEBUG org.apache.http.wire -- http-outgoing-1 << "            "description": "Online shopping"[\n]"
12:58:15.447 [main] DEBUG org.apache.http.wire -- http-outgoing-1 << "          }[\n]"
12:58:15.447 [main] DEBUG org.apache.http.wire -- http-outgoing-1 << "        ][\n]"
12:58:15.447 [main] DEBUG org.apache.http.wire -- http-outgoing-1 << "      }[\n]"
12:58:15.447 [main] DEBUG org.apache.http.wire -- http-outgoing-1 << "    ][\n]"
12:58:15.447 [main] DEBUG org.apache.http.wire -- http-outgoing-1 << "  }[\n]"
12:58:15.447 [main] DEBUG org.apache.http.wire -- http-outgoing-1 << "]"
12:58:15.447 [main] DEBUG org.apache.http.impl.conn.PoolingHttpClientConnectionManager -- Connection [id: 1][route: {}->http://localhost:3000] can be kept alive for 5.0 seconds
12:58:15.447 [main] DEBUG org.apache.http.impl.conn.DefaultManagedHttpClientConnection -- http-outgoing-1: set socket timeout to 0
12:58:15.447 [main] DEBUG org.apache.http.impl.conn.PoolingHttpClientConnectionManager -- Connection released: [id: 1][route: {}->http://localhost:3000][total available: 1; route allocated: 1 of 5; total allocated: 1 of 10]
12:58:15.447 [main] DEBUG org.apache.http.impl.conn.PoolingHttpClientConnectionManager -- Connection manager is shutting down
12:58:15.447 [main] DEBUG org.apache.http.impl.conn.DefaultManagedHttpClientConnection -- http-outgoing-1: Close connection
12:58:15.447 [main] DEBUG org.apache.http.impl.conn.PoolingHttpClientConnectionManager -- Connection manager shut down
12:58:15.448 [main] DEBUG com.intuit.karate -- response time in milliseconds: 87
2 < 200
2 < X-Powered-By: tinyhttp
2 < Access-Control-Allow-Origin: *
2 < Access-Control-Allow-Methods: GET, HEAD, PUT, PATCH, POST, DELETE
2 < Access-Control-Allow-Headers: content-type
2 < Content-Type: application/json
2 < Date: Sun, 08 Sep 2024 07:28:15 GMT
2 < Connection: keep-alive
2 < Keep-Alive: timeout=5
2 < Content-Length: 14648
[
  {
    "customerId": 1,
    "name": "John Doe",
    "email": "john.doe@example.com",
    "phone": "555-1234",
    "address": {
      "street": "123 Main St",
      "city": "New York",
      "state": "NY",
      "zip": "10001"
    },
    "accounts": [
      {
        "accountId": 101,
        "type": "savings",
        "balance": 5000.75,
        "currency": "USD",
        "transactions": [
          {
            "transactionId": 1001,
            "date": "2024-08-01",
            "type": "deposit",
            "amount": 1000,
            "description": "Paycheck deposit"
          },
          {
            "transactionId": 1002,
            "date": "2024-08-05",
            "type": "withdrawal",
            "amount": 200,
            "description": "ATM withdrawal"
          }
        ]
      },
      {
        "accountId": 102,
        "type": "checking",
        "balance": 1250,
        "currency": "USD",
        "transactions": [
          {
            "transactionId": 1003,
            "date": "2024-08-10",
            "type": "purchase",
            "amount": 75.5,
            "description": "Grocery shopping"
          }
        ]
      }
    ],
    "loans": [
      {
        "loanId": 201,
        "type": "personal",
        "amount": 10000,
        "interestRate": 4.5,
        "term": "36 months",
        "balance": 8500,
        "dueDate": "2024-09-10",
        "payments": [
          {
            "paymentId": 3001,
            "date": "2024-08-01",
            "amount": 500,
            "status": "completed"
          }
        ]
      }
    ],
    "creditCards": [
      {
        "cardId": 301,
        "type": "visa",
        "limit": 5000,
        "balance": 1200,
        "transactions": [
          {
            "transactionId": 4001,
            "date": "2024-08-15",
            "amount": 150,
            "description": "Online shopping"
          }
        ]
      }
    ],
    "id": "dae6"
  },
  {
    "customerId": 2,
    "name": "Jane Smith",
    "email": "jane.smith@example.com",
    "phone": "555-5678",
    "address": {
      "street": "456 Oak St",
      "city": "San Francisco",
      "state": "CA",
      "zip": "94107"
    },
    "accounts": [
      {
        "accountId": 103,
        "type": "savings",
        "balance": 7800,
        "currency": "USD",
        "transactions": [
          {
            "transactionId": 1004,
            "date": "2024-08-20",
            "type": "deposit",
            "amount": 1500,
            "description": "Freelance work"
          }
        ]
      }
    ],
    "loans": [],
    "creditCards": [
      {
        "cardId": 302,
        "type": "mastercard",
        "limit": 10000,
        "balance": 3000,
        "transactions": [
          {
            "transactionId": 4002,
            "date": "2024-08-22",
            "amount": 500,
            "description": "Flight ticket"
          }
        ]
      }
    ],
    "id": "964b"
  },
  {
    "customerId": 10,
    "name": "BBBBB",
    "email": "AAAAA.doe@example.com",
    "phone": "555-1234",
    "address": {
      "street": "123 Main St",
      "city": "New York",
      "state": "NY",
      "zip": "10001"
    },
    "accounts": [
      {
        "accountId": 200,
        "type": "savings",
        "balance": 5000.75,
        "currency": "USD",
        "transactions": [
          {
            "transactionId": 2001,
            "date": "2024-08-01",
            "type": "deposit",
            "amount": 1000,
            "description": "Paycheck deposit"
          },
          {
            "transactionId": 2002,
            "date": "2024-08-05",
            "type": "withdrawal",
            "amount": 200,
            "description": "ATM withdrawal"
          }
        ]
      },
      {
        "accountId": 201,
        "type": "checking",
        "balance": 1250,
        "currency": "USD",
        "transactions": [
          {
            "transactionId": 2003,
            "date": "2024-08-10",
            "type": "purchase",
            "amount": 75.5,
            "description": "Grocery shopping"
          }
        ]
      }
    ],
    "loans": [
      {
        "loanId": 201,
        "type": "personal",
        "amount": 10000,
        "interestRate": 4.5,
        "term": "36 months",
        "balance": 8500,
        "dueDate": "2024-09-10",
        "payments": [
          {
            "paymentId": 3001,
            "date": "2024-08-01",
            "amount": 500,
            "status": "completed"
          }
        ]
      }
    ],
    "creditCards": [
      {
        "cardId": 301,
        "type": "visa",
        "limit": 5000,
        "balance": 1200,
        "transactions": [
          {
            "transactionId": 4001,
            "date": "2024-08-15",
            "amount": 150,
            "description": "Online shopping"
          }
        ]
      }
    ],
    "id": "090d"
  },
  {
    "id": "dae6",
    "customerId": 304,
    "name": "DDDD",
    "email": "DDDDD.doe@example.com",
    "phone": "66666-1234",
    "address": {
      "street": "123 Main St",
      "city": "New York",
      "state": "NY",
      "zip": "30200"
    },
    "accounts": [
      {
        "accountId": 101,
        "type": "savings",
        "balance": 5000.75,
        "currency": "USD",
        "transactions": [
          {
            "transactionId": 1001,
            "date": "2024-08-01",
            "type": "deposit",
            "amount": 1000,
            "description": "Paycheck deposit"
          },
          {
            "transactionId": 1002,
            "date": "2024-08-05",
            "type": "withdrawal",
            "amount": 200,
            "description": "ATM withdrawal"
          }
        ]
      },
      {
        "accountId": 102,
        "type": "checking",
        "balance": 1250,
        "currency": "USD",
        "transactions": [
          {
            "transactionId": 1003,
            "date": "2024-08-10",
            "type": "purchase",
            "amount": 75.5,
            "description": "Grocery shopping"
          }
        ]
      }
    ],
    "loans": [
      {
        "loanId": 201,
        "type": "personal",
        "amount": 10000,
        "interestRate": 4.5,
        "term": "36 months",
        "balance": 8500,
        "dueDate": "2024-09-10",
        "payments": [
          {
            "paymentId": 3001,
            "date": "2024-08-01",
            "amount": 500,
            "status": "completed"
          }
        ]
      }
    ],
    "creditCards": [
      {
        "cardId": 301,
        "type": "visa",
        "limit": 5000,
        "balance": 1200,
        "transactions": [
          {
            "transactionId": 4001,
            "date": "2024-08-15",
            "amount": 150,
            "description": "Online shopping"
          }
        ]
      }
    ]
  },
  {
    "id": "dae6",
    "customerId": 305,
    "name": "DDDD",
    "email": "DDDDD.doe@example.com",
    "phone": "66666-1234",
    "address": {
      "street": "123 Main St",
      "city": "New York",
      "state": "NY",
      "zip": "30200"
    },
    "accounts": [
      {
        "accountId": 101,
        "type": "savings",
        "balance": 5000.75,
        "currency": "USD",
        "transactions": [
          {
            "transactionId": 1001,
            "date": "2024-08-01",
            "type": "deposit",
            "amount": 1000,
            "description": "Paycheck deposit"
          },
          {
            "transactionId": 1002,
            "date": "2024-08-05",
            "type": "withdrawal",
            "amount": 200,
            "description": "ATM withdrawal"
          }
        ]
      },
      {
        "accountId": 102,
        "type": "checking",
        "balance": 1250,
        "currency": "USD",
        "transactions": [
          {
            "transactionId": 1003,
            "date": "2024-08-10",
            "type": "purchase",
            "amount": 75.5,
            "description": "Grocery shopping"
          }
        ]
      }
    ],
    "loans": [
      {
        "loanId": 201,
        "type": "personal",
        "amount": 10000,
        "interestRate": 4.5,
        "term": "36 months",
        "balance": 8500,
        "dueDate": "2024-09-10",
        "payments": [
          {
            "paymentId": 3001,
            "date": "2024-08-01",
            "amount": 500,
            "status": "completed"
          }
        ]
      }
    ],
    "creditCards": [
      {
        "cardId": 301,
        "type": "visa",
        "limit": 5000,
        "balance": 1200,
        "transactions": [
          {
            "transactionId": 4001,
            "date": "2024-08-15",
            "amount": 150,
            "description": "Online shopping"
          }
        ]
      }
    ]
  },
  {
    "id": "dae6",
    "customerId": 305,
    "name": "DDDD",
    "email": "DDDDD.doe@example.com",
    "phone": "66666-1234",
    "address": {
      "street": "123 Main St",
      "city": "New York",
      "state": "NY",
      "zip": "30200"
    },
    "accounts": [
      {
        "accountId": 101,
        "type": "savings",
        "balance": 5000.75,
        "currency": "USD",
        "transactions": [
          {
            "transactionId": 1001,
            "date": "2024-08-01",
            "type": "deposit",
            "amount": 1000,
            "description": "Paycheck deposit"
          },
          {
            "transactionId": 1002,
            "date": "2024-08-05",
            "type": "withdrawal",
            "amount": 200,
            "description": "ATM withdrawal"
          }
        ]
      },
      {
        "accountId": 102,
        "type": "checking",
        "balance": 1250,
        "currency": "USD",
        "transactions": [
          {
            "transactionId": 1003,
            "date": "2024-08-10",
            "type": "purchase",
            "amount": 75.5,
            "description": "Grocery shopping"
          }
        ]
      }
    ],
    "loans": [
      {
        "loanId": 201,
        "type": "personal",
        "amount": 10000,
        "interestRate": 4.5,
        "term": "36 months",
        "balance": 8500,
        "dueDate": "2024-09-10",
        "payments": [
          {
            "paymentId": 3001,
            "date": "2024-08-01",
            "amount": 500,
            "status": "completed"
          }
        ]
      }
    ],
    "creditCards": [
      {
        "cardId": 301,
        "type": "visa",
        "limit": 5000,
        "balance": 1200,
        "transactions": [
          {
            "transactionId": 4001,
            "date": "2024-08-15",
            "amount": 150,
            "description": "Online shopping"
          }
        ]
      }
    ]
  },
  {
    "id": "Cstd306",
    "customerId": 306,
    "name": "DDDD",
    "email": "DDDDD.doe@example.com",
    "phone": "66666-1234",
    "address": {
      "street": "123 Main St",
      "city": "New York",
      "state": "NY",
      "zip": "30200"
    },
    "accounts": [
      {
        "accountId": 101,
        "type": "savings",
        "balance": 5000.75,
        "currency": "USD",
        "transactions": [
          {
            "transactionId": 1001,
            "date": "2024-08-01",
            "type": "deposit",
            "amount": 1000,
            "description": "Paycheck deposit"
          },
          {
            "transactionId": 1002,
            "date": "2024-08-05",
            "type": "withdrawal",
            "amount": 200,
            "description": "ATM withdrawal"
          }
        ]
      },
      {
        "accountId": 102,
        "type": "checking",
        "balance": 1250,
        "currency": "USD",
        "transactions": [
          {
            "transactionId": 1003,
            "date": "2024-08-10",
            "type": "purchase",
            "amount": 75.5,
            "description": "Grocery shopping"
          }
        ]
      }
    ],
    "loans": [
      {
        "loanId": 201,
        "type": "personal",
        "amount": 10000,
        "interestRate": 4.5,
        "term": "36 months",
        "balance": 8500,
        "dueDate": "2024-09-10",
        "payments": [
          {
            "paymentId": 3001,
            "date": "2024-08-01",
            "amount": 500,
            "status": "completed"
          }
        ]
      }
    ],
    "creditCards": [
      {
        "cardId": 301,
        "type": "visa",
        "limit": 5000,
        "balance": 1200,
        "transactions": [
          {
            "transactionId": 4001,
            "date": "2024-08-15",
            "amount": 150,
            "description": "Online shopping"
          }
        ]
      }
    ]
  },
  {
    "id": "Cstd310",
    "customerId": 310,
    "name": "Guna",
    "email": "Cust310@email.com",
    "phone": "66666-1234",
    "address": {
      "street": "123 Main St",
      "city": "New York",
      "state": "NY",
      "zip": "31000"
    },
    "accounts": [
      {
        "accountId": 101,
        "type": "savings",
        "balance": 5000.75,
        "currency": "USD",
        "transactions": [
          {
            "transactionId": 1001,
            "date": "2024-08-01",
            "type": "deposit",
            "amount": 1000,
            "description": "Paycheck deposit"
          },
          {
            "transactionId": 1002,
            "date": "2024-08-05",
            "type": "withdrawal",
            "amount": 200,
            "description": "ATM withdrawal"
          }
        ]
      },
      {
        "accountId": 102,
        "type": "checking",
        "balance": 1250,
        "currency": "USD",
        "transactions": [
          {
            "transactionId": 1003,
            "date": "2024-08-10",
            "type": "purchase",
            "amount": 75.5,
            "description": "Grocery shopping"
          }
        ]
      }
    ],
    "loans": [
      {
        "loanId": 201,
        "type": "personal",
        "amount": 10000,
        "interestRate": 4.5,
        "term": "36 months",
        "balance": 8500,
        "dueDate": "2024-09-10",
        "payments": [
          {
            "paymentId": 3001,
            "date": "2024-08-01",
            "amount": 500,
            "status": "completed"
          }
        ]
      }
    ],
    "creditCards": [
      {
        "cardId": 301,
        "type": "visa",
        "limit": 5000,
        "balance": 1200,
        "transactions": [
          {
            "transactionId": 4001,
            "date": "2024-08-15",
            "amount": 150,
            "description": "Online shopping"
          }
        ]
      }
    ]
  }
]

12:58:15.482 [main] INFO com.intuit.karate -- [print] [
  {
    "customerId": 1,
    "name": "John Doe",
    "email": "john.doe@example.com",
    "phone": "555-1234",
    "address": {
      "street": "123 Main St",
      "city": "New York",
      "state": "NY",
      "zip": "10001"
    },
    "accounts": [
      {
        "accountId": 101,
        "type": "savings",
        "balance": 5000.75,
        "currency": "USD",
        "transactions": [
          {
            "transactionId": 1001,
            "date": "2024-08-01",
            "type": "deposit",
            "amount": 1000,
            "description": "Paycheck deposit"
          },
          {
            "transactionId": 1002,
            "date": "2024-08-05",
            "type": "withdrawal",
            "amount": 200,
            "description": "ATM withdrawal"
          }
        ]
      },
      {
        "accountId": 102,
        "type": "checking",
        "balance": 1250,
        "currency": "USD",
        "transactions": [
          {
            "transactionId": 1003,
            "date": "2024-08-10",
            "type": "purchase",
            "amount": 75.5,
            "description": "Grocery shopping"
          }
        ]
      }
    ],
    "loans": [
      {
        "loanId": 201,
        "type": "personal",
        "amount": 10000,
        "interestRate": 4.5,
        "term": "36 months",
        "balance": 8500,
        "dueDate": "2024-09-10",
        "payments": [
          {
            "paymentId": 3001,
            "date": "2024-08-01",
            "amount": 500,
            "status": "completed"
          }
        ]
      }
    ],
    "creditCards": [
      {
        "cardId": 301,
        "type": "visa",
        "limit": 5000,
        "balance": 1200,
        "transactions": [
          {
            "transactionId": 4001,
            "date": "2024-08-15",
            "amount": 150,
            "description": "Online shopping"
          }
        ]
      }
    ],
    "id": "dae6"
  },
  {
    "customerId": 2,
    "name": "Jane Smith",
    "email": "jane.smith@example.com",
    "phone": "555-5678",
    "address": {
      "street": "456 Oak St",
      "city": "San Francisco",
      "state": "CA",
      "zip": "94107"
    },
    "accounts": [
      {
        "accountId": 103,
        "type": "savings",
        "balance": 7800,
        "currency": "USD",
        "transactions": [
          {
            "transactionId": 1004,
            "date": "2024-08-20",
            "type": "deposit",
            "amount": 1500,
            "description": "Freelance work"
          }
        ]
      }
    ],
    "loans": [
    ],
    "creditCards": [
      {
        "cardId": 302,
        "type": "mastercard",
        "limit": 10000,
        "balance": 3000,
        "transactions": [
          {
            "transactionId": 4002,
            "date": "2024-08-22",
            "amount": 500,
            "description": "Flight ticket"
          }
        ]
      }
    ],
    "id": "964b"
  },
  {
    "customerId": 10,
    "name": "BBBBB",
    "email": "AAAAA.doe@example.com",
    "phone": "555-1234",
    "address": {
      "street": "123 Main St",
      "city": "New York",
      "state": "NY",
      "zip": "10001"
    },
    "accounts": [
      {
        "accountId": 200,
        "type": "savings",
        "balance": 5000.75,
        "currency": "USD",
        "transactions": [
          {
            "transactionId": 2001,
            "date": "2024-08-01",
            "type": "deposit",
            "amount": 1000,
            "description": "Paycheck deposit"
          },
          {
            "transactionId": 2002,
            "date": "2024-08-05",
            "type": "withdrawal",
            "amount": 200,
            "description": "ATM withdrawal"
          }
        ]
      },
      {
        "accountId": 201,
        "type": "checking",
        "balance": 1250,
        "currency": "USD",
        "transactions": [
          {
            "transactionId": 2003,
            "date": "2024-08-10",
            "type": "purchase",
            "amount": 75.5,
            "description": "Grocery shopping"
          }
        ]
      }
    ],
    "loans": [
      {
        "loanId": 201,
        "type": "personal",
        "amount": 10000,
        "interestRate": 4.5,
        "term": "36 months",
        "balance": 8500,
        "dueDate": "2024-09-10",
        "payments": [
          {
            "paymentId": 3001,
            "date": "2024-08-01",
            "amount": 500,
            "status": "completed"
          }
        ]
      }
    ],
    "creditCards": [
      {
        "cardId": 301,
        "type": "visa",
        "limit": 5000,
        "balance": 1200,
        "transactions": [
          {
            "transactionId": 4001,
            "date": "2024-08-15",
            "amount": 150,
            "description": "Online shopping"
          }
        ]
      }
    ],
    "id": "090d"
  },
  {
    "id": "dae6",
    "customerId": 304,
    "name": "DDDD",
    "email": "DDDDD.doe@example.com",
    "phone": "66666-1234",
    "address": {
      "street": "123 Main St",
      "city": "New York",
      "state": "NY",
      "zip": "30200"
    },
    "accounts": [
      {
        "accountId": 101,
        "type": "savings",
        "balance": 5000.75,
        "currency": "USD",
        "transactions": [
          {
            "transactionId": 1001,
            "date": "2024-08-01",
            "type": "deposit",
            "amount": 1000,
            "description": "Paycheck deposit"
          },
          {
            "transactionId": 1002,
            "date": "2024-08-05",
            "type": "withdrawal",
            "amount": 200,
            "description": "ATM withdrawal"
          }
        ]
      },
      {
        "accountId": 102,
        "type": "checking",
        "balance": 1250,
        "currency": "USD",
        "transactions": [
          {
            "transactionId": 1003,
            "date": "2024-08-10",
            "type": "purchase",
            "amount": 75.5,
            "description": "Grocery shopping"
          }
        ]
      }
    ],
    "loans": [
      {
        "loanId": 201,
        "type": "personal",
        "amount": 10000,
        "interestRate": 4.5,
        "term": "36 months",
        "balance": 8500,
        "dueDate": "2024-09-10",
        "payments": [
          {
            "paymentId": 3001,
            "date": "2024-08-01",
            "amount": 500,
            "status": "completed"
          }
        ]
      }
    ],
    "creditCards": [
      {
        "cardId": 301,
        "type": "visa",
        "limit": 5000,
        "balance": 1200,
        "transactions": [
          {
            "transactionId": 4001,
            "date": "2024-08-15",
            "amount": 150,
            "description": "Online shopping"
          }
        ]
      }
    ]
  },
  {
    "id": "dae6",
    "customerId": 305,
    "name": "DDDD",
    "email": "DDDDD.doe@example.com",
    "phone": "66666-1234",
    "address": {
      "street": "123 Main St",
      "city": "New York",
      "state": "NY",
      "zip": "30200"
    },
    "accounts": [
      {
        "accountId": 101,
        "type": "savings",
        "balance": 5000.75,
        "currency": "USD",
        "transactions": [
          {
            "transactionId": 1001,
            "date": "2024-08-01",
            "type": "deposit",
            "amount": 1000,
            "description": "Paycheck deposit"
          },
          {
            "transactionId": 1002,
            "date": "2024-08-05",
            "type": "withdrawal",
            "amount": 200,
            "description": "ATM withdrawal"
          }
        ]
      },
      {
        "accountId": 102,
        "type": "checking",
        "balance": 1250,
        "currency": "USD",
        "transactions": [
          {
            "transactionId": 1003,
            "date": "2024-08-10",
            "type": "purchase",
            "amount": 75.5,
            "description": "Grocery shopping"
          }
        ]
      }
    ],
    "loans": [
      {
        "loanId": 201,
        "type": "personal",
        "amount": 10000,
        "interestRate": 4.5,
        "term": "36 months",
        "balance": 8500,
        "dueDate": "2024-09-10",
        "payments": [
          {
            "paymentId": 3001,
            "date": "2024-08-01",
            "amount": 500,
            "status": "completed"
          }
        ]
      }
    ],
    "creditCards": [
      {
        "cardId": 301,
        "type": "visa",
        "limit": 5000,
        "balance": 1200,
        "transactions": [
          {
            "transactionId": 4001,
            "date": "2024-08-15",
            "amount": 150,
            "description": "Online shopping"
          }
        ]
      }
    ]
  },
  {
    "id": "dae6",
    "customerId": 305,
    "name": "DDDD",
    "email": "DDDDD.doe@example.com",
    "phone": "66666-1234",
    "address": {
      "street": "123 Main St",
      "city": "New York",
      "state": "NY",
      "zip": "30200"
    },
    "accounts": [
      {
        "accountId": 101,
        "type": "savings",
        "balance": 5000.75,
        "currency": "USD",
        "transactions": [
          {
            "transactionId": 1001,
            "date": "2024-08-01",
            "type": "deposit",
            "amount": 1000,
            "description": "Paycheck deposit"
          },
          {
            "transactionId": 1002,
            "date": "2024-08-05",
            "type": "withdrawal",
            "amount": 200,
            "description": "ATM withdrawal"
          }
        ]
      },
      {
        "accountId": 102,
        "type": "checking",
        "balance": 1250,
        "currency": "USD",
        "transactions": [
          {
            "transactionId": 1003,
            "date": "2024-08-10",
            "type": "purchase",
            "amount": 75.5,
            "description": "Grocery shopping"
          }
        ]
      }
    ],
    "loans": [
      {
        "loanId": 201,
        "type": "personal",
        "amount": 10000,
        "interestRate": 4.5,
        "term": "36 months",
        "balance": 8500,
        "dueDate": "2024-09-10",
        "payments": [
          {
            "paymentId": 3001,
            "date": "2024-08-01",
            "amount": 500,
            "status": "completed"
          }
        ]
      }
    ],
    "creditCards": [
      {
        "cardId": 301,
        "type": "visa",
        "limit": 5000,
        "balance": 1200,
        "transactions": [
          {
            "transactionId": 4001,
            "date": "2024-08-15",
            "amount": 150,
            "description": "Online shopping"
          }
        ]
      }
    ]
  },
  {
    "id": "Cstd306",
    "customerId": 306,
    "name": "DDDD",
    "email": "DDDDD.doe@example.com",
    "phone": "66666-1234",
    "address": {
      "street": "123 Main St",
      "city": "New York",
      "state": "NY",
      "zip": "30200"
    },
    "accounts": [
      {
        "accountId": 101,
        "type": "savings",
        "balance": 5000.75,
        "currency": "USD",
        "transactions": [
          {
            "transactionId": 1001,
            "date": "2024-08-01",
            "type": "deposit",
            "amount": 1000,
            "description": "Paycheck deposit"
          },
          {
            "transactionId": 1002,
            "date": "2024-08-05",
            "type": "withdrawal",
            "amount": 200,
            "description": "ATM withdrawal"
          }
        ]
      },
      {
        "accountId": 102,
        "type": "checking",
        "balance": 1250,
        "currency": "USD",
        "transactions": [
          {
            "transactionId": 1003,
            "date": "2024-08-10",
            "type": "purchase",
            "amount": 75.5,
            "description": "Grocery shopping"
          }
        ]
      }
    ],
    "loans": [
      {
        "loanId": 201,
        "type": "personal",
        "amount": 10000,
        "interestRate": 4.5,
        "term": "36 months",
        "balance": 8500,
        "dueDate": "2024-09-10",
        "payments": [
          {
            "paymentId": 3001,
            "date": "2024-08-01",
            "amount": 500,
            "status": "completed"
          }
        ]
      }
    ],
    "creditCards": [
      {
        "cardId": 301,
        "type": "visa",
        "limit": 5000,
        "balance": 1200,
        "transactions": [
          {
            "transactionId": 4001,
            "date": "2024-08-15",
            "amount": 150,
            "description": "Online shopping"
          }
        ]
      }
    ]
  },
  {
    "id": "Cstd310",
    "customerId": 310,
    "name": "Guna",
    "email": "Cust310@email.com",
    "phone": "66666-1234",
    "address": {
      "street": "123 Main St",
      "city": "New York",
      "state": "NY",
      "zip": "31000"
    },
    "accounts": [
      {
        "accountId": 101,
        "type": "savings",
        "balance": 5000.75,
        "currency": "USD",
        "transactions": [
          {
            "transactionId": 1001,
            "date": "2024-08-01",
            "type": "deposit",
            "amount": 1000,
            "description": "Paycheck deposit"
          },
          {
            "transactionId": 1002,
            "date": "2024-08-05",
            "type": "withdrawal",
            "amount": 200,
            "description": "ATM withdrawal"
          }
        ]
      },
      {
        "accountId": 102,
        "type": "checking",
        "balance": 1250,
        "currency": "USD",
        "transactions": [
          {
            "transactionId": 1003,
            "date": "2024-08-10",
            "type": "purchase",
            "amount": 75.5,
            "description": "Grocery shopping"
          }
        ]
      }
    ],
    "loans": [
      {
        "loanId": 201,
        "type": "personal",
        "amount": 10000,
        "interestRate": 4.5,
        "term": "36 months",
        "balance": 8500,
        "dueDate": "2024-09-10",
        "payments": [
          {
            "paymentId": 3001,
            "date": "2024-08-01",
            "amount": 500,
            "status": "completed"
          }
        ]
      }
    ],
    "creditCards": [
      {
        "cardId": 301,
        "type": "visa",
        "limit": 5000,
        "balance": 1200,
        "transactions": [
          {
            "transactionId": 4001,
            "date": "2024-08-15",
            "amount": 150,
            "description": "Online shopping"
          }
        ]
      }
    ]
  }
]
 
12:58:15.515 [main] DEBUG com.jayway.jsonpath.internal.path.CompiledPath -- Evaluating path: $['id']
12:58:15.531 [main] DEBUG org.apache.http.client.protocol.RequestAddCookies -- CookieSpec selected: karate
12:58:15.531 [main] DEBUG org.apache.http.client.protocol.RequestAuthCache -- Auth cache not set in the context
12:58:15.531 [main] DEBUG com.intuit.karate -- request:
3 > DELETE http://localhost:3000/Customers/Cstd310
3 > Host: localhost:3000
3 > Connection: Keep-Alive
3 > User-Agent: Apache-HttpClient/4.5.14 (Java/21.0.3)
3 > Accept-Encoding: gzip,deflate


12:58:15.531 [main] DEBUG org.apache.http.impl.conn.PoolingHttpClientConnectionManager -- Connection request: [route: {}->http://localhost:3000][total available: 0; route allocated: 0 of 5; total allocated: 0 of 10]
12:58:15.531 [main] DEBUG org.apache.http.impl.conn.PoolingHttpClientConnectionManager -- Connection leased: [id: 2][route: {}->http://localhost:3000][total available: 0; route allocated: 1 of 5; total allocated: 1 of 10]
12:58:15.531 [main] DEBUG org.apache.http.impl.execchain.MainClientExec -- Opening connection {}->http://localhost:3000
12:58:15.531 [main] DEBUG org.apache.http.impl.conn.DefaultHttpClientConnectionOperator -- Connecting to localhost/127.0.0.1:3000
12:58:15.533 [main] DEBUG org.apache.http.impl.conn.DefaultHttpClientConnectionOperator -- Connection established 127.0.0.1:50710<->127.0.0.1:3000
12:58:15.533 [main] DEBUG org.apache.http.impl.conn.DefaultManagedHttpClientConnection -- http-outgoing-2: set socket timeout to 30000
12:58:15.533 [main] DEBUG org.apache.http.impl.execchain.MainClientExec -- Executing request DELETE /Customers/Cstd310 HTTP/1.1
12:58:15.533 [main] DEBUG org.apache.http.impl.execchain.MainClientExec -- Target auth state: UNCHALLENGED
12:58:15.533 [main] DEBUG org.apache.http.impl.execchain.MainClientExec -- Proxy auth state: UNCHALLENGED
12:58:15.533 [main] DEBUG org.apache.http.headers -- http-outgoing-2 >> DELETE /Customers/Cstd310 HTTP/1.1
12:58:15.533 [main] DEBUG org.apache.http.headers -- http-outgoing-2 >> Host: localhost:3000
12:58:15.533 [main] DEBUG org.apache.http.headers -- http-outgoing-2 >> Connection: Keep-Alive
12:58:15.533 [main] DEBUG org.apache.http.headers -- http-outgoing-2 >> User-Agent: Apache-HttpClient/4.5.14 (Java/21.0.3)
12:58:15.533 [main] DEBUG org.apache.http.headers -- http-outgoing-2 >> Accept-Encoding: gzip,deflate
12:58:15.533 [main] DEBUG org.apache.http.wire -- http-outgoing-2 >> "DELETE /Customers/Cstd310 HTTP/1.1[\r][\n]"
12:58:15.533 [main] DEBUG org.apache.http.wire -- http-outgoing-2 >> "Host: localhost:3000[\r][\n]"
12:58:15.533 [main] DEBUG org.apache.http.wire -- http-outgoing-2 >> "Connection: Keep-Alive[\r][\n]"
12:58:15.533 [main] DEBUG org.apache.http.wire -- http-outgoing-2 >> "User-Agent: Apache-HttpClient/4.5.14 (Java/21.0.3)[\r][\n]"
12:58:15.533 [main] DEBUG org.apache.http.wire -- http-outgoing-2 >> "Accept-Encoding: gzip,deflate[\r][\n]"
12:58:15.533 [main] DEBUG org.apache.http.wire -- http-outgoing-2 >> "[\r][\n]"
12:58:15.542 [main] DEBUG org.apache.http.wire -- http-outgoing-2 << "HTTP/1.1 200 OK[\r][\n]"
12:58:15.542 [main] DEBUG org.apache.http.wire -- http-outgoing-2 << "X-Powered-By: tinyhttp[\r][\n]"
12:58:15.542 [main] DEBUG org.apache.http.wire -- http-outgoing-2 << "Access-Control-Allow-Origin: *[\r][\n]"
12:58:15.542 [main] DEBUG org.apache.http.wire -- http-outgoing-2 << "Access-Control-Allow-Methods: GET, HEAD, PUT, PATCH, POST, DELETE[\r][\n]"
12:58:15.542 [main] DEBUG org.apache.http.wire -- http-outgoing-2 << "Access-Control-Allow-Headers: content-type[\r][\n]"
12:58:15.542 [main] DEBUG org.apache.http.wire -- http-outgoing-2 << "Content-Type: application/json[\r][\n]"
12:58:15.542 [main] DEBUG org.apache.http.wire -- http-outgoing-2 << "Date: Sun, 08 Sep 2024 07:28:15 GMT[\r][\n]"
12:58:15.542 [main] DEBUG org.apache.http.wire -- http-outgoing-2 << "Connection: keep-alive[\r][\n]"
12:58:15.542 [main] DEBUG org.apache.http.wire -- http-outgoing-2 << "Keep-Alive: timeout=5[\r][\n]"
12:58:15.542 [main] DEBUG org.apache.http.wire -- http-outgoing-2 << "Content-Length: 1772[\r][\n]"
12:58:15.542 [main] DEBUG org.apache.http.wire -- http-outgoing-2 << "[\r][\n]"
12:58:15.542 [main] DEBUG org.apache.http.wire -- http-outgoing-2 << "{[\n]"
12:58:15.542 [main] DEBUG org.apache.http.wire -- http-outgoing-2 << "  "id": "Cstd310",[\n]"
12:58:15.542 [main] DEBUG org.apache.http.wire -- http-outgoing-2 << "  "customerId": 310,[\n]"
12:58:15.542 [main] DEBUG org.apache.http.wire -- http-outgoing-2 << "  "name": "Guna",[\n]"
12:58:15.542 [main] DEBUG org.apache.http.wire -- http-outgoing-2 << "  "email": "Cust310@email.com",[\n]"
12:58:15.542 [main] DEBUG org.apache.http.wire -- http-outgoing-2 << "  "phone": "66666-1234",[\n]"
12:58:15.542 [main] DEBUG org.apache.http.wire -- http-outgoing-2 << "  "address": {[\n]"
12:58:15.542 [main] DEBUG org.apache.http.wire -- http-outgoing-2 << "    "street": "123 Main St",[\n]"
12:58:15.542 [main] DEBUG org.apache.http.wire -- http-outgoing-2 << "    "city": "New York",[\n]"
12:58:15.542 [main] DEBUG org.apache.http.wire -- http-outgoing-2 << "    "state": "NY",[\n]"
12:58:15.542 [main] DEBUG org.apache.http.wire -- http-outgoing-2 << "    "zip": "31000"[\n]"
12:58:15.542 [main] DEBUG org.apache.http.wire -- http-outgoing-2 << "  },[\n]"
12:58:15.542 [main] DEBUG org.apache.http.wire -- http-outgoing-2 << "  "accounts": [[\n]"
12:58:15.542 [main] DEBUG org.apache.http.wire -- http-outgoing-2 << "    {[\n]"
12:58:15.542 [main] DEBUG org.apache.http.wire -- http-outgoing-2 << "      "accountId": 101,[\n]"
12:58:15.542 [main] DEBUG org.apache.http.wire -- http-outgoing-2 << "      "type": "savings",[\n]"
12:58:15.542 [main] DEBUG org.apache.http.wire -- http-outgoing-2 << "      "balance": 5000.75,[\n]"
12:58:15.542 [main] DEBUG org.apache.http.wire -- http-outgoing-2 << "      "currency": "USD",[\n]"
12:58:15.542 [main] DEBUG org.apache.http.wire -- http-outgoing-2 << "      "transactions": [[\n]"
12:58:15.542 [main] DEBUG org.apache.http.wire -- http-outgoing-2 << "        {[\n]"
12:58:15.542 [main] DEBUG org.apache.http.wire -- http-outgoing-2 << "          "transactionId": 1001,[\n]"
12:58:15.542 [main] DEBUG org.apache.http.wire -- http-outgoing-2 << "          "date": "2024-08-01",[\n]"
12:58:15.542 [main] DEBUG org.apache.http.wire -- http-outgoing-2 << "          "type": "deposit",[\n]"
12:58:15.542 [main] DEBUG org.apache.http.wire -- http-outgoing-2 << "          "amount": 1000,[\n]"
12:58:15.542 [main] DEBUG org.apache.http.wire -- http-outgoing-2 << "          "description": "Paycheck deposit"[\n]"
12:58:15.542 [main] DEBUG org.apache.http.wire -- http-outgoing-2 << "        },[\n]"
12:58:15.542 [main] DEBUG org.apache.http.wire -- http-outgoing-2 << "        {[\n]"
12:58:15.542 [main] DEBUG org.apache.http.wire -- http-outgoing-2 << "          "transactionId": 1002,[\n]"
12:58:15.542 [main] DEBUG org.apache.http.wire -- http-outgoing-2 << "          "date": "2024-08-05",[\n]"
12:58:15.542 [main] DEBUG org.apache.http.wire -- http-outgoing-2 << "          "type": "withdrawal",[\n]"
12:58:15.542 [main] DEBUG org.apache.http.wire -- http-outgoing-2 << "          "amount": 200,[\n]"
12:58:15.542 [main] DEBUG org.apache.http.wire -- http-outgoing-2 << "          "description": "ATM withdrawal"[\n]"
12:58:15.542 [main] DEBUG org.apache.http.wire -- http-outgoing-2 << "        }[\n]"
12:58:15.542 [main] DEBUG org.apache.http.wire -- http-outgoing-2 << "      ][\n]"
12:58:15.542 [main] DEBUG org.apache.http.wire -- http-outgoing-2 << "    },[\n]"
12:58:15.542 [main] DEBUG org.apache.http.wire -- http-outgoing-2 << "    {[\n]"
12:58:15.542 [main] DEBUG org.apache.http.wire -- http-outgoing-2 << "      "accountId": 102,[\n]"
12:58:15.542 [main] DEBUG org.apache.http.wire -- http-outgoing-2 << "      "type": "checking",[\n]"
12:58:15.542 [main] DEBUG org.apache.http.wire -- http-outgoing-2 << "      "balance": 1250,[\n]"
12:58:15.542 [main] DEBUG org.apache.http.wire -- http-outgoing-2 << "      "currency": "USD",[\n]"
12:58:15.542 [main] DEBUG org.apache.http.wire -- http-outgoing-2 << "      "transactions": [[\n]"
12:58:15.542 [main] DEBUG org.apache.http.wire -- http-outgoing-2 << "        {[\n]"
12:58:15.542 [main] DEBUG org.apache.http.wire -- http-outgoing-2 << "          "transactionId": 1003,[\n]"
12:58:15.542 [main] DEBUG org.apache.http.wire -- http-outgoing-2 << "          "date": "2024-08-10",[\n]"
12:58:15.542 [main] DEBUG org.apache.http.wire -- http-outgoing-2 << "          "type": "purchase",[\n]"
12:58:15.542 [main] DEBUG org.apache.http.wire -- http-outgoing-2 << "          "amount": 75.5,[\n]"
12:58:15.542 [main] DEBUG org.apache.http.wire -- http-outgoing-2 << "          "description": "Grocery shopping"[\n]"
12:58:15.542 [main] DEBUG org.apache.http.wire -- http-outgoing-2 << "        }[\n]"
12:58:15.542 [main] DEBUG org.apache.http.wire -- http-outgoing-2 << "      ][\n]"
12:58:15.542 [main] DEBUG org.apache.http.wire -- http-outgoing-2 << "    }[\n]"
12:58:15.543 [main] DEBUG org.apache.http.wire -- http-outgoing-2 << "  ],[\n]"
12:58:15.543 [main] DEBUG org.apache.http.wire -- http-outgoing-2 << "  "loans": [[\n]"
12:58:15.543 [main] DEBUG org.apache.http.wire -- http-outgoing-2 << "    {[\n]"
12:58:15.543 [main] DEBUG org.apache.http.wire -- http-outgoing-2 << "      "loanId": 201,[\n]"
12:58:15.543 [main] DEBUG org.apache.http.wire -- http-outgoing-2 << "      "type": "personal",[\n]"
12:58:15.543 [main] DEBUG org.apache.http.wire -- http-outgoing-2 << "      "amount": 10000,[\n]"
12:58:15.543 [main] DEBUG org.apache.http.wire -- http-outgoing-2 << "      "interestRate": 4.5,[\n]"
12:58:15.543 [main] DEBUG org.apache.http.wire -- http-outgoing-2 << "      "term": "36 months",[\n]"
12:58:15.543 [main] DEBUG org.apache.http.wire -- http-outgoing-2 << "      "balance": 8500,[\n]"
12:58:15.543 [main] DEBUG org.apache.http.wire -- http-outgoing-2 << "      "dueDate": "2024-09-10",[\n]"
12:58:15.543 [main] DEBUG org.apache.http.wire -- http-outgoing-2 << "      "payments": [[\n]"
12:58:15.543 [main] DEBUG org.apache.http.wire -- http-outgoing-2 << "        {[\n]"
12:58:15.543 [main] DEBUG org.apache.http.wire -- http-outgoing-2 << "          "paymentId": 3001,[\n]"
12:58:15.543 [main] DEBUG org.apache.http.wire -- http-outgoing-2 << "          "date": "2024-08-01",[\n]"
12:58:15.543 [main] DEBUG org.apache.http.wire -- http-outgoing-2 << "          "amount": 500,[\n]"
12:58:15.543 [main] DEBUG org.apache.http.wire -- http-outgoing-2 << "          "status": "completed"[\n]"
12:58:15.543 [main] DEBUG org.apache.http.wire -- http-outgoing-2 << "        }[\n]"
12:58:15.543 [main] DEBUG org.apache.http.wire -- http-outgoing-2 << "      ][\n]"
12:58:15.543 [main] DEBUG org.apache.http.wire -- http-outgoing-2 << "    }[\n]"
12:58:15.543 [main] DEBUG org.apache.http.wire -- http-outgoing-2 << "  ],[\n]"
12:58:15.543 [main] DEBUG org.apache.http.wire -- http-outgoing-2 << "  "creditCards": [[\n]"
12:58:15.543 [main] DEBUG org.apache.http.wire -- http-outgoing-2 << "    {[\n]"
12:58:15.543 [main] DEBUG org.apache.http.wire -- http-outgoing-2 << "      "cardId": 301,[\n]"
12:58:15.543 [main] DEBUG org.apache.http.wire -- http-outgoing-2 << "      "type": "visa",[\n]"
12:58:15.543 [main] DEBUG org.apache.http.wire -- http-outgoing-2 << "      "limit": 5000,[\n]"
12:58:15.543 [main] DEBUG org.apache.http.wire -- http-outgoing-2 << "      "balance": 1200,[\n]"
12:58:15.543 [main] DEBUG org.apache.http.wire -- http-outgoing-2 << "      "transactions": [[\n]"
12:58:15.543 [main] DEBUG org.apache.http.wire -- http-outgoing-2 << "        {[\n]"
12:58:15.543 [main] DEBUG org.apache.http.wire -- http-outgoing-2 << "          "transactionId": 4001,[\n]"
12:58:15.543 [main] DEBUG org.apache.http.wire -- http-outgoing-2 << "          "date": "2024-08-15",[\n]"
12:58:15.543 [main] DEBUG org.apache.http.wire -- http-outgoing-2 << "          "amount": 150,[\n]"
12:58:15.543 [main] DEBUG org.apache.http.wire -- http-outgoing-2 << "          "description": "Online shopping"[\n]"
12:58:15.543 [main] DEBUG org.apache.http.wire -- http-outgoing-2 << "        }[\n]"
12:58:15.543 [main] DEBUG org.apache.http.wire -- http-outgoing-2 << "      ][\n]"
12:58:15.543 [main] DEBUG org.apache.http.wire -- http-outgoing-2 << "    }[\n]"
12:58:15.543 [main] DEBUG org.apache.http.wire -- http-outgoing-2 << "  ][\n]"
12:58:15.543 [main] DEBUG org.apache.http.wire -- http-outgoing-2 << "}"
12:58:15.545 [main] DEBUG org.apache.http.headers -- http-outgoing-2 << HTTP/1.1 200 OK
12:58:15.545 [main] DEBUG org.apache.http.headers -- http-outgoing-2 << X-Powered-By: tinyhttp
12:58:15.545 [main] DEBUG org.apache.http.headers -- http-outgoing-2 << Access-Control-Allow-Origin: *
12:58:15.545 [main] DEBUG org.apache.http.headers -- http-outgoing-2 << Access-Control-Allow-Methods: GET, HEAD, PUT, PATCH, POST, DELETE
12:58:15.545 [main] DEBUG org.apache.http.headers -- http-outgoing-2 << Access-Control-Allow-Headers: content-type
12:58:15.545 [main] DEBUG org.apache.http.headers -- http-outgoing-2 << Content-Type: application/json
12:58:15.545 [main] DEBUG org.apache.http.headers -- http-outgoing-2 << Date: Sun, 08 Sep 2024 07:28:15 GMT
12:58:15.545 [main] DEBUG org.apache.http.headers -- http-outgoing-2 << Connection: keep-alive
12:58:15.545 [main] DEBUG org.apache.http.headers -- http-outgoing-2 << Keep-Alive: timeout=5
12:58:15.545 [main] DEBUG org.apache.http.headers -- http-outgoing-2 << Content-Length: 1772
12:58:15.545 [main] DEBUG org.apache.http.impl.execchain.MainClientExec -- Connection can be kept alive for 5000 MILLISECONDS
12:58:15.545 [main] DEBUG org.apache.http.impl.conn.PoolingHttpClientConnectionManager -- Connection [id: 2][route: {}->http://localhost:3000] can be kept alive for 5.0 seconds
12:58:15.545 [main] DEBUG org.apache.http.impl.conn.DefaultManagedHttpClientConnection -- http-outgoing-2: set socket timeout to 0
12:58:15.545 [main] DEBUG org.apache.http.impl.conn.PoolingHttpClientConnectionManager -- Connection released: [id: 2][route: {}->http://localhost:3000][total available: 1; route allocated: 1 of 5; total allocated: 1 of 10]
12:58:15.545 [main] DEBUG org.apache.http.impl.conn.PoolingHttpClientConnectionManager -- Connection manager is shutting down
12:58:15.545 [main] DEBUG org.apache.http.impl.conn.DefaultManagedHttpClientConnection -- http-outgoing-2: Close connection
12:58:15.546 [main] DEBUG org.apache.http.impl.conn.PoolingHttpClientConnectionManager -- Connection manager shut down
12:58:15.546 [main] DEBUG com.intuit.karate -- response time in milliseconds: 14
3 < 200
3 < X-Powered-By: tinyhttp
3 < Access-Control-Allow-Origin: *
3 < Access-Control-Allow-Methods: GET, HEAD, PUT, PATCH, POST, DELETE
3 < Access-Control-Allow-Headers: content-type
3 < Content-Type: application/json
3 < Date: Sun, 08 Sep 2024 07:28:15 GMT
3 < Connection: keep-alive
3 < Keep-Alive: timeout=5
3 < Content-Length: 1772
{
  "id": "Cstd310",
  "customerId": 310,
  "name": "Guna",
  "email": "Cust310@email.com",
  "phone": "66666-1234",
  "address": {
    "street": "123 Main St",
    "city": "New York",
    "state": "NY",
    "zip": "31000"
  },
  "accounts": [
    {
      "accountId": 101,
      "type": "savings",
      "balance": 5000.75,
      "currency": "USD",
      "transactions": [
        {
          "transactionId": 1001,
          "date": "2024-08-01",
          "type": "deposit",
          "amount": 1000,
          "description": "Paycheck deposit"
        },
        {
          "transactionId": 1002,
          "date": "2024-08-05",
          "type": "withdrawal",
          "amount": 200,
          "description": "ATM withdrawal"
        }
      ]
    },
    {
      "accountId": 102,
      "type": "checking",
      "balance": 1250,
      "currency": "USD",
      "transactions": [
        {
          "transactionId": 1003,
          "date": "2024-08-10",
          "type": "purchase",
          "amount": 75.5,
          "description": "Grocery shopping"
        }
      ]
    }
  ],
  "loans": [
    {
      "loanId": 201,
      "type": "personal",
      "amount": 10000,
      "interestRate": 4.5,
      "term": "36 months",
      "balance": 8500,
      "dueDate": "2024-09-10",
      "payments": [
        {
          "paymentId": 3001,
          "date": "2024-08-01",
          "amount": 500,
          "status": "completed"
        }
      ]
    }
  ],
  "creditCards": [
    {
      "cardId": 301,
      "type": "visa",
      "limit": 5000,
      "balance": 1200,
      "transactions": [
        {
          "transactionId": 4001,
          "date": "2024-08-15",
          "amount": 150,
          "description": "Online shopping"
        }
      ]
    }
  ]
}

12:58:15.548 [main] INFO com.intuit.karate -- [print] {
  "id": "Cstd310",
  "customerId": 310,
  "name": "Guna",
  "email": "Cust310@email.com",
  "phone": "66666-1234",
  "address": {
    "street": "123 Main St",
    "city": "New York",
    "state": "NY",
    "zip": "31000"
  },
  "accounts": [
    {
      "accountId": 101,
      "type": "savings",
      "balance": 5000.75,
      "currency": "USD",
      "transactions": [
        {
          "transactionId": 1001,
          "date": "2024-08-01",
          "type": "deposit",
          "amount": 1000,
          "description": "Paycheck deposit"
        },
        {
          "transactionId": 1002,
          "date": "2024-08-05",
          "type": "withdrawal",
          "amount": 200,
          "description": "ATM withdrawal"
        }
      ]
    },
    {
      "accountId": 102,
      "type": "checking",
      "balance": 1250,
      "currency": "USD",
      "transactions": [
        {
          "transactionId": 1003,
          "date": "2024-08-10",
          "type": "purchase",
          "amount": 75.5,
          "description": "Grocery shopping"
        }
      ]
    }
  ],
  "loans": [
    {
      "loanId": 201,
      "type": "personal",
      "amount": 10000,
      "interestRate": 4.5,
      "term": "36 months",
      "balance": 8500,
      "dueDate": "2024-09-10",
      "payments": [
        {
          "paymentId": 3001,
          "date": "2024-08-01",
          "amount": 500,
          "status": "completed"
        }
      ]
    }
  ],
  "creditCards": [
    {
      "cardId": 301,
      "type": "visa",
      "limit": 5000,
      "balance": 1200,
      "transactions": [
        {
          "transactionId": 4001,
          "date": "2024-08-15",
          "amount": 150,
          "description": "Online shopping"
        }
      ]
    }
  ]
}
 
12:58:15.553 [main] DEBUG org.apache.http.client.protocol.RequestAddCookies -- CookieSpec selected: karate
12:58:15.553 [main] DEBUG org.apache.http.client.protocol.RequestAuthCache -- Auth cache not set in the context
12:58:15.553 [main] DEBUG com.intuit.karate -- request:
4 > DELETE http://localhost:3000/Customers/Cstd310
4 > Host: localhost:3000
4 > Connection: Keep-Alive
4 > User-Agent: Apache-HttpClient/4.5.14 (Java/21.0.3)
4 > Accept-Encoding: gzip,deflate


12:58:15.553 [main] DEBUG org.apache.http.impl.conn.PoolingHttpClientConnectionManager -- Connection request: [route: {}->http://localhost:3000][total available: 0; route allocated: 0 of 5; total allocated: 0 of 10]
12:58:15.553 [main] DEBUG org.apache.http.impl.conn.PoolingHttpClientConnectionManager -- Connection leased: [id: 3][route: {}->http://localhost:3000][total available: 0; route allocated: 1 of 5; total allocated: 1 of 10]
12:58:15.553 [main] DEBUG org.apache.http.impl.execchain.MainClientExec -- Opening connection {}->http://localhost:3000
12:58:15.554 [main] DEBUG org.apache.http.impl.conn.DefaultHttpClientConnectionOperator -- Connecting to localhost/127.0.0.1:3000
12:58:15.555 [main] DEBUG org.apache.http.impl.conn.DefaultHttpClientConnectionOperator -- Connection established 127.0.0.1:50711<->127.0.0.1:3000
12:58:15.555 [main] DEBUG org.apache.http.impl.conn.DefaultManagedHttpClientConnection -- http-outgoing-3: set socket timeout to 30000
12:58:15.555 [main] DEBUG org.apache.http.impl.execchain.MainClientExec -- Executing request DELETE /Customers/Cstd310 HTTP/1.1
12:58:15.555 [main] DEBUG org.apache.http.impl.execchain.MainClientExec -- Target auth state: UNCHALLENGED
12:58:15.555 [main] DEBUG org.apache.http.impl.execchain.MainClientExec -- Proxy auth state: UNCHALLENGED
12:58:15.555 [main] DEBUG org.apache.http.headers -- http-outgoing-3 >> DELETE /Customers/Cstd310 HTTP/1.1
12:58:15.555 [main] DEBUG org.apache.http.headers -- http-outgoing-3 >> Host: localhost:3000
12:58:15.555 [main] DEBUG org.apache.http.headers -- http-outgoing-3 >> Connection: Keep-Alive
12:58:15.555 [main] DEBUG org.apache.http.headers -- http-outgoing-3 >> User-Agent: Apache-HttpClient/4.5.14 (Java/21.0.3)
12:58:15.555 [main] DEBUG org.apache.http.headers -- http-outgoing-3 >> Accept-Encoding: gzip,deflate
12:58:15.555 [main] DEBUG org.apache.http.wire -- http-outgoing-3 >> "DELETE /Customers/Cstd310 HTTP/1.1[\r][\n]"
12:58:15.555 [main] DEBUG org.apache.http.wire -- http-outgoing-3 >> "Host: localhost:3000[\r][\n]"
12:58:15.556 [main] DEBUG org.apache.http.wire -- http-outgoing-3 >> "Connection: Keep-Alive[\r][\n]"
12:58:15.556 [main] DEBUG org.apache.http.wire -- http-outgoing-3 >> "User-Agent: Apache-HttpClient/4.5.14 (Java/21.0.3)[\r][\n]"
12:58:15.556 [main] DEBUG org.apache.http.wire -- http-outgoing-3 >> "Accept-Encoding: gzip,deflate[\r][\n]"
12:58:15.556 [main] DEBUG org.apache.http.wire -- http-outgoing-3 >> "[\r][\n]"
12:58:15.557 [main] DEBUG org.apache.http.wire -- http-outgoing-3 << "HTTP/1.1 404 Not Found[\r][\n]"
12:58:15.557 [main] DEBUG org.apache.http.wire -- http-outgoing-3 << "X-Powered-By: tinyhttp[\r][\n]"
12:58:15.557 [main] DEBUG org.apache.http.wire -- http-outgoing-3 << "Access-Control-Allow-Origin: *[\r][\n]"
12:58:15.557 [main] DEBUG org.apache.http.wire -- http-outgoing-3 << "Access-Control-Allow-Methods: GET, HEAD, PUT, PATCH, POST, DELETE[\r][\n]"
12:58:15.557 [main] DEBUG org.apache.http.wire -- http-outgoing-3 << "Access-Control-Allow-Headers: content-type[\r][\n]"
12:58:15.557 [main] DEBUG org.apache.http.wire -- http-outgoing-3 << "Content-Type: text/plain; charset=utf-8[\r][\n]"
12:58:15.557 [main] DEBUG org.apache.http.wire -- http-outgoing-3 << "etag: W/"9-0gXL1ngzMqISxa6S1zx3F4wtLyg"[\r][\n]"
12:58:15.557 [main] DEBUG org.apache.http.wire -- http-outgoing-3 << "Date: Sun, 08 Sep 2024 07:28:15 GMT[\r][\n]"
12:58:15.557 [main] DEBUG org.apache.http.wire -- http-outgoing-3 << "Connection: keep-alive[\r][\n]"
12:58:15.557 [main] DEBUG org.apache.http.wire -- http-outgoing-3 << "Keep-Alive: timeout=5[\r][\n]"
12:58:15.557 [main] DEBUG org.apache.http.wire -- http-outgoing-3 << "Content-Length: 9[\r][\n]"
12:58:15.557 [main] DEBUG org.apache.http.wire -- http-outgoing-3 << "[\r][\n]"
12:58:15.557 [main] DEBUG org.apache.http.wire -- http-outgoing-3 << "Not Found"
12:58:15.557 [main] DEBUG org.apache.http.headers -- http-outgoing-3 << HTTP/1.1 404 Not Found
12:58:15.557 [main] DEBUG org.apache.http.headers -- http-outgoing-3 << X-Powered-By: tinyhttp
12:58:15.557 [main] DEBUG org.apache.http.headers -- http-outgoing-3 << Access-Control-Allow-Origin: *
12:58:15.557 [main] DEBUG org.apache.http.headers -- http-outgoing-3 << Access-Control-Allow-Methods: GET, HEAD, PUT, PATCH, POST, DELETE
12:58:15.557 [main] DEBUG org.apache.http.headers -- http-outgoing-3 << Access-Control-Allow-Headers: content-type
12:58:15.557 [main] DEBUG org.apache.http.headers -- http-outgoing-3 << Content-Type: text/plain; charset=utf-8
12:58:15.557 [main] DEBUG org.apache.http.headers -- http-outgoing-3 << etag: W/"9-0gXL1ngzMqISxa6S1zx3F4wtLyg"
12:58:15.557 [main] DEBUG org.apache.http.headers -- http-outgoing-3 << Date: Sun, 08 Sep 2024 07:28:15 GMT
12:58:15.557 [main] DEBUG org.apache.http.headers -- http-outgoing-3 << Connection: keep-alive
12:58:15.557 [main] DEBUG org.apache.http.headers -- http-outgoing-3 << Keep-Alive: timeout=5
12:58:15.557 [main] DEBUG org.apache.http.headers -- http-outgoing-3 << Content-Length: 9
12:58:15.558 [main] DEBUG org.apache.http.impl.execchain.MainClientExec -- Connection can be kept alive for 5000 MILLISECONDS
12:58:15.558 [main] DEBUG org.apache.http.impl.conn.PoolingHttpClientConnectionManager -- Connection [id: 3][route: {}->http://localhost:3000] can be kept alive for 5.0 seconds
12:58:15.558 [main] DEBUG org.apache.http.impl.conn.DefaultManagedHttpClientConnection -- http-outgoing-3: set socket timeout to 0
12:58:15.558 [main] DEBUG org.apache.http.impl.conn.PoolingHttpClientConnectionManager -- Connection released: [id: 3][route: {}->http://localhost:3000][total available: 1; route allocated: 1 of 5; total allocated: 1 of 10]
12:58:15.558 [main] DEBUG org.apache.http.impl.conn.PoolingHttpClientConnectionManager -- Connection manager is shutting down
12:58:15.558 [main] DEBUG org.apache.http.impl.conn.DefaultManagedHttpClientConnection -- http-outgoing-3: Close connection
12:58:15.558 [main] DEBUG org.apache.http.impl.conn.PoolingHttpClientConnectionManager -- Connection manager shut down
12:58:15.561 [main] DEBUG com.intuit.karate -- response time in milliseconds: 5
4 < 404
4 < X-Powered-By: tinyhttp
4 < Access-Control-Allow-Origin: *
4 < Access-Control-Allow-Methods: GET, HEAD, PUT, PATCH, POST, DELETE
4 < Access-Control-Allow-Headers: content-type
4 < Content-Type: text/plain; charset=utf-8
4 < etag: W/"9-0gXL1ngzMqISxa6S1zx3F4wtLyg"
4 < Date: Sun, 08 Sep 2024 07:28:15 GMT
4 < Connection: keep-alive
4 < Keep-Alive: timeout=5
4 < Content-Length: 9
Not Found

12:58:15.565 [main] INFO com.intuit.karate -- [print] Not Found 
]]></system-out>
  </testcase>
  <testcase name="[1.2:78] Create New Customers, verify and Delete the Customer" classname="Tests/FirstAPItest" time="0.115">
    <system-out><![CDATA[12:58:15.599 [main] DEBUG com.jayway.jsonpath.internal.path.CompiledPath -- Evaluating path: $
12:58:15.609 [main] INFO com.intuit.karate -- [print] {
  "id": "Cstd311",
  "customerId": 311,
  "name": "Jana",
  "email": "Cust311@email.com",
  "phone": "77777-1234",
  "address": {
    "street": "123 Main St",
    "city": "New York",
    "state": "NY",
    "zip": "31100"
  },
  "accounts": [
    {
      "accountId": 101,
      "type": "savings",
      "balance": 5000.75,
      "currency": "USD",
      "transactions": [
        {
          "transactionId": 1001,
          "date": "2024-08-01",
          "type": "deposit",
          "amount": 1000,
          "description": "Paycheck deposit"
        },
        {
          "transactionId": 1002,
          "date": "2024-08-05",
          "type": "withdrawal",
          "amount": 200,
          "description": "ATM withdrawal"
        }
      ]
    },
    {
      "accountId": 102,
      "type": "checking",
      "balance": 1250,
      "currency": "USD",
      "transactions": [
        {
          "transactionId": 1003,
          "date": "2024-08-10",
          "type": "purchase",
          "amount": 75.5,
          "description": "Grocery shopping"
        }
      ]
    }
  ],
  "loans": [
    {
      "loanId": 201,
      "type": "personal",
      "amount": 10000,
      "interestRate": 4.5,
      "term": "36 months",
      "balance": 8500,
      "dueDate": "2024-09-10",
      "payments": [
        {
          "paymentId": 3001,
          "date": "2024-08-01",
          "amount": 500,
          "status": "completed"
        }
      ]
    }
  ],
  "creditCards": [
    {
      "cardId": 301,
      "type": "visa",
      "limit": 5000,
      "balance": 1200,
      "transactions": [
        {
          "transactionId": 4001,
          "date": "2024-08-15",
          "amount": 150,
          "description": "Online shopping"
        }
      ]
    }
  ]
}
 
12:58:15.615 [main] DEBUG org.apache.http.client.protocol.RequestAddCookies -- CookieSpec selected: karate
12:58:15.615 [main] DEBUG org.apache.http.client.protocol.RequestAuthCache -- Auth cache not set in the context
12:58:15.615 [main] DEBUG com.intuit.karate -- request:
1 > POST http://localhost:3000/Customers
1 > Content-Type: application/json; charset=UTF-8
1 > Content-Length: 1081
1 > Host: localhost:3000
1 > Connection: Keep-Alive
1 > User-Agent: Apache-HttpClient/4.5.14 (Java/21.0.3)
1 > Accept-Encoding: gzip,deflate
{"id":"Cstd311","customerId":311,"name":"Jana","email":"Cust311@email.com","phone":"77777-1234","address":{"street":"123 Main St","city":"New York","state":"NY","zip":"31100"},"accounts":[{"accountId":101,"type":"savings","balance":5000.75,"currency":"USD","transactions":[{"transactionId":1001,"date":"2024-08-01","type":"deposit","amount":1000,"description":"Paycheck deposit"},{"transactionId":1002,"date":"2024-08-05","type":"withdrawal","amount":200,"description":"ATM withdrawal"}]},{"accountId":102,"type":"checking","balance":1250,"currency":"USD","transactions":[{"transactionId":1003,"date":"2024-08-10","type":"purchase","amount":75.5,"description":"Grocery shopping"}]}],"loans":[{"loanId":201,"type":"personal","amount":10000,"interestRate":4.5,"term":"36 months","balance":8500,"dueDate":"2024-09-10","payments":[{"paymentId":3001,"date":"2024-08-01","amount":500,"status":"completed"}]}],"creditCards":[{"cardId":301,"type":"visa","limit":5000,"balance":1200,"transactions":[{"transactionId":4001,"date":"2024-08-15","amount":150,"description":"Online shopping"}]}]}

12:58:15.615 [main] DEBUG org.apache.http.impl.conn.PoolingHttpClientConnectionManager -- Connection request: [route: {}->http://localhost:3000][total available: 0; route allocated: 0 of 5; total allocated: 0 of 10]
12:58:15.615 [main] DEBUG org.apache.http.impl.conn.PoolingHttpClientConnectionManager -- Connection leased: [id: 4][route: {}->http://localhost:3000][total available: 0; route allocated: 1 of 5; total allocated: 1 of 10]
12:58:15.615 [main] DEBUG org.apache.http.impl.execchain.MainClientExec -- Opening connection {}->http://localhost:3000
12:58:15.616 [main] DEBUG org.apache.http.impl.conn.DefaultHttpClientConnectionOperator -- Connecting to localhost/127.0.0.1:3000
12:58:15.616 [main] DEBUG org.apache.http.impl.conn.DefaultHttpClientConnectionOperator -- Connection established 127.0.0.1:50712<->127.0.0.1:3000
12:58:15.616 [main] DEBUG org.apache.http.impl.conn.DefaultManagedHttpClientConnection -- http-outgoing-4: set socket timeout to 30000
12:58:15.616 [main] DEBUG org.apache.http.impl.execchain.MainClientExec -- Executing request POST /Customers HTTP/1.1
12:58:15.616 [main] DEBUG org.apache.http.impl.execchain.MainClientExec -- Target auth state: UNCHALLENGED
12:58:15.617 [main] DEBUG org.apache.http.impl.execchain.MainClientExec -- Proxy auth state: UNCHALLENGED
12:58:15.617 [main] DEBUG org.apache.http.headers -- http-outgoing-4 >> POST /Customers HTTP/1.1
12:58:15.617 [main] DEBUG org.apache.http.headers -- http-outgoing-4 >> Content-Type: application/json; charset=UTF-8
12:58:15.617 [main] DEBUG org.apache.http.headers -- http-outgoing-4 >> Content-Length: 1081
12:58:15.617 [main] DEBUG org.apache.http.headers -- http-outgoing-4 >> Host: localhost:3000
12:58:15.617 [main] DEBUG org.apache.http.headers -- http-outgoing-4 >> Connection: Keep-Alive
12:58:15.617 [main] DEBUG org.apache.http.headers -- http-outgoing-4 >> User-Agent: Apache-HttpClient/4.5.14 (Java/21.0.3)
12:58:15.617 [main] DEBUG org.apache.http.headers -- http-outgoing-4 >> Accept-Encoding: gzip,deflate
12:58:15.617 [main] DEBUG org.apache.http.wire -- http-outgoing-4 >> "POST /Customers HTTP/1.1[\r][\n]"
12:58:15.617 [main] DEBUG org.apache.http.wire -- http-outgoing-4 >> "Content-Type: application/json; charset=UTF-8[\r][\n]"
12:58:15.617 [main] DEBUG org.apache.http.wire -- http-outgoing-4 >> "Content-Length: 1081[\r][\n]"
12:58:15.617 [main] DEBUG org.apache.http.wire -- http-outgoing-4 >> "Host: localhost:3000[\r][\n]"
12:58:15.617 [main] DEBUG org.apache.http.wire -- http-outgoing-4 >> "Connection: Keep-Alive[\r][\n]"
12:58:15.617 [main] DEBUG org.apache.http.wire -- http-outgoing-4 >> "User-Agent: Apache-HttpClient/4.5.14 (Java/21.0.3)[\r][\n]"
12:58:15.617 [main] DEBUG org.apache.http.wire -- http-outgoing-4 >> "Accept-Encoding: gzip,deflate[\r][\n]"
12:58:15.617 [main] DEBUG org.apache.http.wire -- http-outgoing-4 >> "[\r][\n]"
12:58:15.617 [main] DEBUG org.apache.http.wire -- http-outgoing-4 >> "{"id":"Cstd311","customerId":311,"name":"Jana","email":"Cust311@email.com","phone":"77777-1234","address":{"street":"123 Main St","city":"New York","state":"NY","zip":"31100"},"accounts":[{"accountId":101,"type":"savings","balance":5000.75,"currency":"USD","transactions":[{"transactionId":1001,"date":"2024-08-01","type":"deposit","amount":1000,"description":"Paycheck deposit"},{"transactionId":1002,"date":"2024-08-05","type":"withdrawal","amount":200,"description":"ATM withdrawal"}]},{"accountId":102,"type":"checking","balance":1250,"currency":"USD","transactions":[{"transactionId":1003,"date":"2024-08-10","type":"purchase","amount":75.5,"description":"Grocery shopping"}]}],"loans":[{"loanId":201,"type":"personal","amount":10000,"interestRate":4.5,"term":"36 months","balance":8500,"dueDate":"2024-09-10","payments":[{"paymentId":3001,"date":"2024-08-01","amount":500,"status":"completed"}]}],"creditCards":[{"cardId":301,"type":"visa","limit":5000,"balance":1200,"transactions":[{"transactionId":4001,"date":"2024-08-15","amount":150,"description":"Online shopping"}]}]}"
12:58:15.628 [main] DEBUG org.apache.http.wire -- http-outgoing-4 << "HTTP/1.1 201 Created[\r][\n]"
12:58:15.628 [main] DEBUG org.apache.http.wire -- http-outgoing-4 << "X-Powered-By: tinyhttp[\r][\n]"
12:58:15.628 [main] DEBUG org.apache.http.wire -- http-outgoing-4 << "Access-Control-Allow-Origin: *[\r][\n]"
12:58:15.629 [main] DEBUG org.apache.http.wire -- http-outgoing-4 << "Access-Control-Allow-Methods: GET, HEAD, PUT, PATCH, POST, DELETE[\r][\n]"
12:58:15.629 [main] DEBUG org.apache.http.wire -- http-outgoing-4 << "Access-Control-Allow-Headers: content-type[\r][\n]"
12:58:15.629 [main] DEBUG org.apache.http.wire -- http-outgoing-4 << "Content-Type: application/json[\r][\n]"
12:58:15.629 [main] DEBUG org.apache.http.wire -- http-outgoing-4 << "Date: Sun, 08 Sep 2024 07:28:15 GMT[\r][\n]"
12:58:15.629 [main] DEBUG org.apache.http.wire -- http-outgoing-4 << "Connection: keep-alive[\r][\n]"
12:58:15.629 [main] DEBUG org.apache.http.wire -- http-outgoing-4 << "Keep-Alive: timeout=5[\r][\n]"
12:58:15.629 [main] DEBUG org.apache.http.wire -- http-outgoing-4 << "Content-Length: 1772[\r][\n]"
12:58:15.629 [main] DEBUG org.apache.http.wire -- http-outgoing-4 << "[\r][\n]"
12:58:15.629 [main] DEBUG org.apache.http.wire -- http-outgoing-4 << "{[\n]"
12:58:15.629 [main] DEBUG org.apache.http.wire -- http-outgoing-4 << "  "id": "Cstd311",[\n]"
12:58:15.629 [main] DEBUG org.apache.http.wire -- http-outgoing-4 << "  "customerId": 311,[\n]"
12:58:15.629 [main] DEBUG org.apache.http.wire -- http-outgoing-4 << "  "name": "Jana",[\n]"
12:58:15.629 [main] DEBUG org.apache.http.wire -- http-outgoing-4 << "  "email": "Cust311@email.com",[\n]"
12:58:15.629 [main] DEBUG org.apache.http.wire -- http-outgoing-4 << "  "phone": "77777-1234",[\n]"
12:58:15.629 [main] DEBUG org.apache.http.wire -- http-outgoing-4 << "  "address": {[\n]"
12:58:15.629 [main] DEBUG org.apache.http.wire -- http-outgoing-4 << "    "street": "123 Main St",[\n]"
12:58:15.629 [main] DEBUG org.apache.http.wire -- http-outgoing-4 << "    "city": "New York",[\n]"
12:58:15.629 [main] DEBUG org.apache.http.wire -- http-outgoing-4 << "    "state": "NY",[\n]"
12:58:15.629 [main] DEBUG org.apache.http.wire -- http-outgoing-4 << "    "zip": "31100"[\n]"
12:58:15.629 [main] DEBUG org.apache.http.wire -- http-outgoing-4 << "  },[\n]"
12:58:15.629 [main] DEBUG org.apache.http.wire -- http-outgoing-4 << "  "accounts": [[\n]"
12:58:15.629 [main] DEBUG org.apache.http.wire -- http-outgoing-4 << "    {[\n]"
12:58:15.629 [main] DEBUG org.apache.http.wire -- http-outgoing-4 << "      "accountId": 101,[\n]"
12:58:15.629 [main] DEBUG org.apache.http.wire -- http-outgoing-4 << "      "type": "savings",[\n]"
12:58:15.629 [main] DEBUG org.apache.http.wire -- http-outgoing-4 << "      "balance": 5000.75,[\n]"
12:58:15.629 [main] DEBUG org.apache.http.wire -- http-outgoing-4 << "      "currency": "USD",[\n]"
12:58:15.629 [main] DEBUG org.apache.http.wire -- http-outgoing-4 << "      "transactions": [[\n]"
12:58:15.629 [main] DEBUG org.apache.http.wire -- http-outgoing-4 << "        {[\n]"
12:58:15.629 [main] DEBUG org.apache.http.wire -- http-outgoing-4 << "          "transactionId": 1001,[\n]"
12:58:15.629 [main] DEBUG org.apache.http.wire -- http-outgoing-4 << "          "date": "2024-08-01",[\n]"
12:58:15.629 [main] DEBUG org.apache.http.wire -- http-outgoing-4 << "          "type": "deposit",[\n]"
12:58:15.629 [main] DEBUG org.apache.http.wire -- http-outgoing-4 << "          "amount": 1000,[\n]"
12:58:15.629 [main] DEBUG org.apache.http.wire -- http-outgoing-4 << "          "description": "Paycheck deposit"[\n]"
12:58:15.629 [main] DEBUG org.apache.http.wire -- http-outgoing-4 << "        },[\n]"
12:58:15.629 [main] DEBUG org.apache.http.wire -- http-outgoing-4 << "        {[\n]"
12:58:15.629 [main] DEBUG org.apache.http.wire -- http-outgoing-4 << "          "transactionId": 1002,[\n]"
12:58:15.629 [main] DEBUG org.apache.http.wire -- http-outgoing-4 << "          "date": "2024-08-05",[\n]"
12:58:15.629 [main] DEBUG org.apache.http.wire -- http-outgoing-4 << "          "type": "withdrawal",[\n]"
12:58:15.629 [main] DEBUG org.apache.http.wire -- http-outgoing-4 << "          "amount": 200,[\n]"
12:58:15.629 [main] DEBUG org.apache.http.wire -- http-outgoing-4 << "          "description": "ATM withdrawal"[\n]"
12:58:15.629 [main] DEBUG org.apache.http.wire -- http-outgoing-4 << "        }[\n]"
12:58:15.629 [main] DEBUG org.apache.http.wire -- http-outgoing-4 << "      ][\n]"
12:58:15.629 [main] DEBUG org.apache.http.wire -- http-outgoing-4 << "    },[\n]"
12:58:15.629 [main] DEBUG org.apache.http.wire -- http-outgoing-4 << "    {[\n]"
12:58:15.629 [main] DEBUG org.apache.http.wire -- http-outgoing-4 << "      "accountId": 102,[\n]"
12:58:15.629 [main] DEBUG org.apache.http.wire -- http-outgoing-4 << "      "type": "checking",[\n]"
12:58:15.629 [main] DEBUG org.apache.http.wire -- http-outgoing-4 << "      "balance": 1250,[\n]"
12:58:15.629 [main] DEBUG org.apache.http.wire -- http-outgoing-4 << "      "currency": "USD",[\n]"
12:58:15.629 [main] DEBUG org.apache.http.wire -- http-outgoing-4 << "      "transactions": [[\n]"
12:58:15.629 [main] DEBUG org.apache.http.wire -- http-outgoing-4 << "        {[\n]"
12:58:15.629 [main] DEBUG org.apache.http.wire -- http-outgoing-4 << "          "transactionId": 1003,[\n]"
12:58:15.629 [main] DEBUG org.apache.http.wire -- http-outgoing-4 << "          "date": "2024-08-10",[\n]"
12:58:15.629 [main] DEBUG org.apache.http.wire -- http-outgoing-4 << "          "type": "purchase",[\n]"
12:58:15.629 [main] DEBUG org.apache.http.wire -- http-outgoing-4 << "          "amount": 75.5,[\n]"
12:58:15.629 [main] DEBUG org.apache.http.wire -- http-outgoing-4 << "          "description": "Grocery shopping"[\n]"
12:58:15.629 [main] DEBUG org.apache.http.wire -- http-outgoing-4 << "        }[\n]"
12:58:15.629 [main] DEBUG org.apache.http.wire -- http-outgoing-4 << "      ][\n]"
12:58:15.629 [main] DEBUG org.apache.http.wire -- http-outgoing-4 << "    }[\n]"
12:58:15.629 [main] DEBUG org.apache.http.wire -- http-outgoing-4 << "  ],[\n]"
12:58:15.629 [main] DEBUG org.apache.http.wire -- http-outgoing-4 << "  "loans": [[\n]"
12:58:15.629 [main] DEBUG org.apache.http.wire -- http-outgoing-4 << "    {[\n]"
12:58:15.629 [main] DEBUG org.apache.http.wire -- http-outgoing-4 << "      "loanId": 201,[\n]"
12:58:15.629 [main] DEBUG org.apache.http.wire -- http-outgoing-4 << "      "type": "personal",[\n]"
12:58:15.629 [main] DEBUG org.apache.http.wire -- http-outgoing-4 << "      "amount": 10000,[\n]"
12:58:15.629 [main] DEBUG org.apache.http.wire -- http-outgoing-4 << "      "interestRate": 4.5,[\n]"
12:58:15.629 [main] DEBUG org.apache.http.wire -- http-outgoing-4 << "      "term": "36 months",[\n]"
12:58:15.629 [main] DEBUG org.apache.http.wire -- http-outgoing-4 << "      "balance": 8500,[\n]"
12:58:15.629 [main] DEBUG org.apache.http.wire -- http-outgoing-4 << "      "dueDate": "2024-09-10",[\n]"
12:58:15.629 [main] DEBUG org.apache.http.wire -- http-outgoing-4 << "      "payments": [[\n]"
12:58:15.629 [main] DEBUG org.apache.http.wire -- http-outgoing-4 << "        {[\n]"
12:58:15.629 [main] DEBUG org.apache.http.wire -- http-outgoing-4 << "          "paymentId": 3001,[\n]"
12:58:15.629 [main] DEBUG org.apache.http.wire -- http-outgoing-4 << "          "date": "2024-08-01",[\n]"
12:58:15.629 [main] DEBUG org.apache.http.wire -- http-outgoing-4 << "          "amount": 500,[\n]"
12:58:15.629 [main] DEBUG org.apache.http.wire -- http-outgoing-4 << "          "status": "completed"[\n]"
12:58:15.629 [main] DEBUG org.apache.http.wire -- http-outgoing-4 << "        }[\n]"
12:58:15.629 [main] DEBUG org.apache.http.wire -- http-outgoing-4 << "      ][\n]"
12:58:15.629 [main] DEBUG org.apache.http.wire -- http-outgoing-4 << "    }[\n]"
12:58:15.629 [main] DEBUG org.apache.http.wire -- http-outgoing-4 << "  ],[\n]"
12:58:15.629 [main] DEBUG org.apache.http.wire -- http-outgoing-4 << "  "creditCards": [[\n]"
12:58:15.629 [main] DEBUG org.apache.http.wire -- http-outgoing-4 << "    {[\n]"
12:58:15.629 [main] DEBUG org.apache.http.wire -- http-outgoing-4 << "      "cardId": 301,[\n]"
12:58:15.629 [main] DEBUG org.apache.http.wire -- http-outgoing-4 << "      "type": "visa",[\n]"
12:58:15.629 [main] DEBUG org.apache.http.wire -- http-outgoing-4 << "      "limit": 5000,[\n]"
12:58:15.629 [main] DEBUG org.apache.http.wire -- http-outgoing-4 << "      "balance": 1200,[\n]"
12:58:15.629 [main] DEBUG org.apache.http.wire -- http-outgoing-4 << "      "transactions": [[\n]"
12:58:15.629 [main] DEBUG org.apache.http.wire -- http-outgoing-4 << "        {[\n]"
12:58:15.629 [main] DEBUG org.apache.http.wire -- http-outgoing-4 << "          "transactionId": 4001,[\n]"
12:58:15.629 [main] DEBUG org.apache.http.wire -- http-outgoing-4 << "          "date": "2024-08-15",[\n]"
12:58:15.629 [main] DEBUG org.apache.http.wire -- http-outgoing-4 << "          "amount": 150,[\n]"
12:58:15.629 [main] DEBUG org.apache.http.wire -- http-outgoing-4 << "          "description": "Online shopping"[\n]"
12:58:15.629 [main] DEBUG org.apache.http.wire -- http-outgoing-4 << "        }[\n]"
12:58:15.629 [main] DEBUG org.apache.http.wire -- http-outgoing-4 << "      ][\n]"
12:58:15.629 [main] DEBUG org.apache.http.wire -- http-outgoing-4 << "    }[\n]"
12:58:15.629 [main] DEBUG org.apache.http.wire -- http-outgoing-4 << "  ][\n]"
12:58:15.629 [main] DEBUG org.apache.http.wire -- http-outgoing-4 << "}"
12:58:15.629 [main] DEBUG org.apache.http.headers -- http-outgoing-4 << HTTP/1.1 201 Created
12:58:15.629 [main] DEBUG org.apache.http.headers -- http-outgoing-4 << X-Powered-By: tinyhttp
12:58:15.629 [main] DEBUG org.apache.http.headers -- http-outgoing-4 << Access-Control-Allow-Origin: *
12:58:15.629 [main] DEBUG org.apache.http.headers -- http-outgoing-4 << Access-Control-Allow-Methods: GET, HEAD, PUT, PATCH, POST, DELETE
12:58:15.629 [main] DEBUG org.apache.http.headers -- http-outgoing-4 << Access-Control-Allow-Headers: content-type
12:58:15.629 [main] DEBUG org.apache.http.headers -- http-outgoing-4 << Content-Type: application/json
12:58:15.629 [main] DEBUG org.apache.http.headers -- http-outgoing-4 << Date: Sun, 08 Sep 2024 07:28:15 GMT
12:58:15.629 [main] DEBUG org.apache.http.headers -- http-outgoing-4 << Connection: keep-alive
12:58:15.629 [main] DEBUG org.apache.http.headers -- http-outgoing-4 << Keep-Alive: timeout=5
12:58:15.629 [main] DEBUG org.apache.http.headers -- http-outgoing-4 << Content-Length: 1772
12:58:15.630 [main] DEBUG org.apache.http.impl.execchain.MainClientExec -- Connection can be kept alive for 5000 MILLISECONDS
12:58:15.630 [main] DEBUG org.apache.http.impl.conn.PoolingHttpClientConnectionManager -- Connection [id: 4][route: {}->http://localhost:3000] can be kept alive for 5.0 seconds
12:58:15.630 [main] DEBUG org.apache.http.impl.conn.DefaultManagedHttpClientConnection -- http-outgoing-4: set socket timeout to 0
12:58:15.630 [main] DEBUG org.apache.http.impl.conn.PoolingHttpClientConnectionManager -- Connection released: [id: 4][route: {}->http://localhost:3000][total available: 1; route allocated: 1 of 5; total allocated: 1 of 10]
12:58:15.630 [main] DEBUG org.apache.http.impl.conn.PoolingHttpClientConnectionManager -- Connection manager is shutting down
12:58:15.630 [main] DEBUG org.apache.http.impl.conn.DefaultManagedHttpClientConnection -- http-outgoing-4: Close connection
12:58:15.630 [main] DEBUG org.apache.http.impl.conn.PoolingHttpClientConnectionManager -- Connection manager shut down
12:58:15.630 [main] DEBUG com.intuit.karate -- response time in milliseconds: 15
1 < 201
1 < X-Powered-By: tinyhttp
1 < Access-Control-Allow-Origin: *
1 < Access-Control-Allow-Methods: GET, HEAD, PUT, PATCH, POST, DELETE
1 < Access-Control-Allow-Headers: content-type
1 < Content-Type: application/json
1 < Date: Sun, 08 Sep 2024 07:28:15 GMT
1 < Connection: keep-alive
1 < Keep-Alive: timeout=5
1 < Content-Length: 1772
{
  "id": "Cstd311",
  "customerId": 311,
  "name": "Jana",
  "email": "Cust311@email.com",
  "phone": "77777-1234",
  "address": {
    "street": "123 Main St",
    "city": "New York",
    "state": "NY",
    "zip": "31100"
  },
  "accounts": [
    {
      "accountId": 101,
      "type": "savings",
      "balance": 5000.75,
      "currency": "USD",
      "transactions": [
        {
          "transactionId": 1001,
          "date": "2024-08-01",
          "type": "deposit",
          "amount": 1000,
          "description": "Paycheck deposit"
        },
        {
          "transactionId": 1002,
          "date": "2024-08-05",
          "type": "withdrawal",
          "amount": 200,
          "description": "ATM withdrawal"
        }
      ]
    },
    {
      "accountId": 102,
      "type": "checking",
      "balance": 1250,
      "currency": "USD",
      "transactions": [
        {
          "transactionId": 1003,
          "date": "2024-08-10",
          "type": "purchase",
          "amount": 75.5,
          "description": "Grocery shopping"
        }
      ]
    }
  ],
  "loans": [
    {
      "loanId": 201,
      "type": "personal",
      "amount": 10000,
      "interestRate": 4.5,
      "term": "36 months",
      "balance": 8500,
      "dueDate": "2024-09-10",
      "payments": [
        {
          "paymentId": 3001,
          "date": "2024-08-01",
          "amount": 500,
          "status": "completed"
        }
      ]
    }
  ],
  "creditCards": [
    {
      "cardId": 301,
      "type": "visa",
      "limit": 5000,
      "balance": 1200,
      "transactions": [
        {
          "transactionId": 4001,
          "date": "2024-08-15",
          "amount": 150,
          "description": "Online shopping"
        }
      ]
    }
  ]
}

12:58:15.633 [main] INFO com.intuit.karate -- [print] {
  "id": "Cstd311",
  "customerId": 311,
  "name": "Jana",
  "email": "Cust311@email.com",
  "phone": "77777-1234",
  "address": {
    "street": "123 Main St",
    "city": "New York",
    "state": "NY",
    "zip": "31100"
  },
  "accounts": [
    {
      "accountId": 101,
      "type": "savings",
      "balance": 5000.75,
      "currency": "USD",
      "transactions": [
        {
          "transactionId": 1001,
          "date": "2024-08-01",
          "type": "deposit",
          "amount": 1000,
          "description": "Paycheck deposit"
        },
        {
          "transactionId": 1002,
          "date": "2024-08-05",
          "type": "withdrawal",
          "amount": 200,
          "description": "ATM withdrawal"
        }
      ]
    },
    {
      "accountId": 102,
      "type": "checking",
      "balance": 1250,
      "currency": "USD",
      "transactions": [
        {
          "transactionId": 1003,
          "date": "2024-08-10",
          "type": "purchase",
          "amount": 75.5,
          "description": "Grocery shopping"
        }
      ]
    }
  ],
  "loans": [
    {
      "loanId": 201,
      "type": "personal",
      "amount": 10000,
      "interestRate": 4.5,
      "term": "36 months",
      "balance": 8500,
      "dueDate": "2024-09-10",
      "payments": [
        {
          "paymentId": 3001,
          "date": "2024-08-01",
          "amount": 500,
          "status": "completed"
        }
      ]
    }
  ],
  "creditCards": [
    {
      "cardId": 301,
      "type": "visa",
      "limit": 5000,
      "balance": 1200,
      "transactions": [
        {
          "transactionId": 4001,
          "date": "2024-08-15",
          "amount": 150,
          "description": "Online shopping"
        }
      ]
    }
  ]
}
 
12:58:15.639 [main] INFO com.intuit.karate -- [print] NewUserID: Cstd311 
12:58:15.641 [main] DEBUG org.apache.http.client.protocol.RequestAddCookies -- CookieSpec selected: karate
12:58:15.641 [main] DEBUG org.apache.http.client.protocol.RequestAuthCache -- Auth cache not set in the context
12:58:15.642 [main] DEBUG com.intuit.karate -- request:
2 > GET http://localhost:3000/Customers
2 > Host: localhost:3000
2 > Connection: Keep-Alive
2 > User-Agent: Apache-HttpClient/4.5.14 (Java/21.0.3)
2 > Accept-Encoding: gzip,deflate


12:58:15.642 [main] DEBUG org.apache.http.impl.conn.PoolingHttpClientConnectionManager -- Connection request: [route: {}->http://localhost:3000][total available: 0; route allocated: 0 of 5; total allocated: 0 of 10]
12:58:15.642 [main] DEBUG org.apache.http.impl.conn.PoolingHttpClientConnectionManager -- Connection leased: [id: 5][route: {}->http://localhost:3000][total available: 0; route allocated: 1 of 5; total allocated: 1 of 10]
12:58:15.642 [main] DEBUG org.apache.http.impl.execchain.MainClientExec -- Opening connection {}->http://localhost:3000
12:58:15.642 [main] DEBUG org.apache.http.impl.conn.DefaultHttpClientConnectionOperator -- Connecting to localhost/127.0.0.1:3000
12:58:15.643 [main] DEBUG org.apache.http.impl.conn.DefaultHttpClientConnectionOperator -- Connection established 127.0.0.1:50713<->127.0.0.1:3000
12:58:15.643 [main] DEBUG org.apache.http.impl.conn.DefaultManagedHttpClientConnection -- http-outgoing-5: set socket timeout to 30000
12:58:15.643 [main] DEBUG org.apache.http.impl.execchain.MainClientExec -- Executing request GET /Customers HTTP/1.1
12:58:15.643 [main] DEBUG org.apache.http.impl.execchain.MainClientExec -- Target auth state: UNCHALLENGED
12:58:15.643 [main] DEBUG org.apache.http.impl.execchain.MainClientExec -- Proxy auth state: UNCHALLENGED
12:58:15.643 [main] DEBUG org.apache.http.headers -- http-outgoing-5 >> GET /Customers HTTP/1.1
12:58:15.643 [main] DEBUG org.apache.http.headers -- http-outgoing-5 >> Host: localhost:3000
12:58:15.643 [main] DEBUG org.apache.http.headers -- http-outgoing-5 >> Connection: Keep-Alive
12:58:15.643 [main] DEBUG org.apache.http.headers -- http-outgoing-5 >> User-Agent: Apache-HttpClient/4.5.14 (Java/21.0.3)
12:58:15.643 [main] DEBUG org.apache.http.headers -- http-outgoing-5 >> Accept-Encoding: gzip,deflate
12:58:15.643 [main] DEBUG org.apache.http.wire -- http-outgoing-5 >> "GET /Customers HTTP/1.1[\r][\n]"
12:58:15.643 [main] DEBUG org.apache.http.wire -- http-outgoing-5 >> "Host: localhost:3000[\r][\n]"
12:58:15.643 [main] DEBUG org.apache.http.wire -- http-outgoing-5 >> "Connection: Keep-Alive[\r][\n]"
12:58:15.643 [main] DEBUG org.apache.http.wire -- http-outgoing-5 >> "User-Agent: Apache-HttpClient/4.5.14 (Java/21.0.3)[\r][\n]"
12:58:15.643 [main] DEBUG org.apache.http.wire -- http-outgoing-5 >> "Accept-Encoding: gzip,deflate[\r][\n]"
12:58:15.643 [main] DEBUG org.apache.http.wire -- http-outgoing-5 >> "[\r][\n]"
12:58:15.644 [main] DEBUG org.apache.http.wire -- http-outgoing-5 << "HTTP/1.1 200 OK[\r][\n]"
12:58:15.644 [main] DEBUG org.apache.http.wire -- http-outgoing-5 << "X-Powered-By: tinyhttp[\r][\n]"
12:58:15.646 [main] DEBUG org.apache.http.wire -- http-outgoing-5 << "Access-Control-Allow-Origin: *[\r][\n]"
12:58:15.646 [main] DEBUG org.apache.http.wire -- http-outgoing-5 << "Access-Control-Allow-Methods: GET, HEAD, PUT, PATCH, POST, DELETE[\r][\n]"
12:58:15.646 [main] DEBUG org.apache.http.wire -- http-outgoing-5 << "Access-Control-Allow-Headers: content-type[\r][\n]"
12:58:15.646 [main] DEBUG org.apache.http.wire -- http-outgoing-5 << "Content-Type: application/json[\r][\n]"
12:58:15.646 [main] DEBUG org.apache.http.wire -- http-outgoing-5 << "Date: Sun, 08 Sep 2024 07:28:15 GMT[\r][\n]"
12:58:15.646 [main] DEBUG org.apache.http.wire -- http-outgoing-5 << "Connection: keep-alive[\r][\n]"
12:58:15.646 [main] DEBUG org.apache.http.wire -- http-outgoing-5 << "Keep-Alive: timeout=5[\r][\n]"
12:58:15.646 [main] DEBUG org.apache.http.wire -- http-outgoing-5 << "Content-Length: 14648[\r][\n]"
12:58:15.646 [main] DEBUG org.apache.http.wire -- http-outgoing-5 << "[\r][\n]"
12:58:15.646 [main] DEBUG org.apache.http.wire -- http-outgoing-5 << "[[\n]"
12:58:15.646 [main] DEBUG org.apache.http.wire -- http-outgoing-5 << "  {[\n]"
12:58:15.646 [main] DEBUG org.apache.http.wire -- http-outgoing-5 << "    "customerId": 1,[\n]"
12:58:15.646 [main] DEBUG org.apache.http.wire -- http-outgoing-5 << "    "name": "John Doe",[\n]"
12:58:15.646 [main] DEBUG org.apache.http.wire -- http-outgoing-5 << "    "email": "john.doe@example.com",[\n]"
12:58:15.646 [main] DEBUG org.apache.http.wire -- http-outgoing-5 << "    "phone": "555-1234",[\n]"
12:58:15.646 [main] DEBUG org.apache.http.wire -- http-outgoing-5 << "    "address": {[\n]"
12:58:15.646 [main] DEBUG org.apache.http.wire -- http-outgoing-5 << "      "street": "123 Main St",[\n]"
12:58:15.646 [main] DEBUG org.apache.http.wire -- http-outgoing-5 << "      "city": "New York",[\n]"
12:58:15.646 [main] DEBUG org.apache.http.wire -- http-outgoing-5 << "      "state": "NY",[\n]"
12:58:15.646 [main] DEBUG org.apache.http.wire -- http-outgoing-5 << "      "zip": "10001"[\n]"
12:58:15.646 [main] DEBUG org.apache.http.wire -- http-outgoing-5 << "    },[\n]"
12:58:15.646 [main] DEBUG org.apache.http.wire -- http-outgoing-5 << "    "accounts": [[\n]"
12:58:15.646 [main] DEBUG org.apache.http.wire -- http-outgoing-5 << "      {[\n]"
12:58:15.646 [main] DEBUG org.apache.http.wire -- http-outgoing-5 << "        "accountId": 101,[\n]"
12:58:15.646 [main] DEBUG org.apache.http.wire -- http-outgoing-5 << "        "type": "savings",[\n]"
12:58:15.646 [main] DEBUG org.apache.http.wire -- http-outgoing-5 << "        "balance": 5000.75,[\n]"
12:58:15.646 [main] DEBUG org.apache.http.wire -- http-outgoing-5 << "        "currency": "USD",[\n]"
12:58:15.646 [main] DEBUG org.apache.http.wire -- http-outgoing-5 << "        "transactions": [[\n]"
12:58:15.646 [main] DEBUG org.apache.http.wire -- http-outgoing-5 << "          {[\n]"
12:58:15.646 [main] DEBUG org.apache.http.wire -- http-outgoing-5 << "            "transactionId": 1001,[\n]"
12:58:15.646 [main] DEBUG org.apache.http.wire -- http-outgoing-5 << "            "date": "2024-08-01",[\n]"
12:58:15.646 [main] DEBUG org.apache.http.wire -- http-outgoing-5 << "            "type": "deposit",[\n]"
12:58:15.646 [main] DEBUG org.apache.http.wire -- http-outgoing-5 << "            "amount": 1000,[\n]"
12:58:15.646 [main] DEBUG org.apache.http.wire -- http-outgoing-5 << "            "description": "Paycheck deposit"[\n]"
12:58:15.646 [main] DEBUG org.apache.http.wire -- http-outgoing-5 << "          },[\n]"
12:58:15.646 [main] DEBUG org.apache.http.wire -- http-outgoing-5 << "          {[\n]"
12:58:15.646 [main] DEBUG org.apache.http.wire -- http-outgoing-5 << "            "transactionId": 1002,[\n]"
12:58:15.646 [main] DEBUG org.apache.http.wire -- http-outgoing-5 << "            "date": "2024-08-05",[\n]"
12:58:15.646 [main] DEBUG org.apache.http.wire -- http-outgoing-5 << "            "type": "withdrawal",[\n]"
12:58:15.646 [main] DEBUG org.apache.http.wire -- http-outgoing-5 << "            "amount": 200,[\n]"
12:58:15.646 [main] DEBUG org.apache.http.wire -- http-outgoing-5 << "            "description": "ATM withdrawal"[\n]"
12:58:15.646 [main] DEBUG org.apache.http.wire -- http-outgoing-5 << "          }[\n]"
12:58:15.646 [main] DEBUG org.apache.http.wire -- http-outgoing-5 << "        ][\n]"
12:58:15.646 [main] DEBUG org.apache.http.wire -- http-outgoing-5 << "      },[\n]"
12:58:15.646 [main] DEBUG org.apache.http.wire -- http-outgoing-5 << "      {[\n]"
12:58:15.646 [main] DEBUG org.apache.http.wire -- http-outgoing-5 << "        "accountId": 102,[\n]"
12:58:15.646 [main] DEBUG org.apache.http.wire -- http-outgoing-5 << "        "type": "checking",[\n]"
12:58:15.646 [main] DEBUG org.apache.http.wire -- http-outgoing-5 << "        "balance": 1250,[\n]"
12:58:15.646 [main] DEBUG org.apache.http.wire -- http-outgoing-5 << "        "currency": "USD",[\n]"
12:58:15.646 [main] DEBUG org.apache.http.wire -- http-outgoing-5 << "        "transactions": [[\n]"
12:58:15.646 [main] DEBUG org.apache.http.wire -- http-outgoing-5 << "          {[\n]"
12:58:15.646 [main] DEBUG org.apache.http.wire -- http-outgoing-5 << "            "transactionId": 1003,[\n]"
12:58:15.646 [main] DEBUG org.apache.http.wire -- http-outgoing-5 << "            "date": "2024-08-10",[\n]"
12:58:15.646 [main] DEBUG org.apache.http.wire -- http-outgoing-5 << "            "type": "purchase",[\n]"
12:58:15.646 [main] DEBUG org.apache.http.wire -- http-outgoing-5 << "            "amount": 75.5,[\n]"
12:58:15.646 [main] DEBUG org.apache.http.wire -- http-outgoing-5 << "            "description": "Grocery shopping"[\n]"
12:58:15.646 [main] DEBUG org.apache.http.wire -- http-outgoing-5 << "          }[\n]"
12:58:15.646 [main] DEBUG org.apache.http.wire -- http-outgoing-5 << "        ][\n]"
12:58:15.646 [main] DEBUG org.apache.http.wire -- http-outgoing-5 << "      }[\n]"
12:58:15.646 [main] DEBUG org.apache.http.wire -- http-outgoing-5 << "    ],[\n]"
12:58:15.646 [main] DEBUG org.apache.http.wire -- http-outgoing-5 << "    "loans": [[\n]"
12:58:15.646 [main] DEBUG org.apache.http.wire -- http-outgoing-5 << "      {[\n]"
12:58:15.646 [main] DEBUG org.apache.http.wire -- http-outgoing-5 << "        "loanId": 201,[\n]"
12:58:15.646 [main] DEBUG org.apache.http.wire -- http-outgoing-5 << "        "type": "personal",[\n]"
12:58:15.646 [main] DEBUG org.apache.http.wire -- http-outgoing-5 << "        "amount": 10000,[\n]"
12:58:15.646 [main] DEBUG org.apache.http.wire -- http-outgoing-5 << "        "interestRate": 4.5,[\n]"
12:58:15.646 [main] DEBUG org.apache.http.wire -- http-outgoing-5 << "        "term": "36 months",[\n]"
12:58:15.646 [main] DEBUG org.apache.http.wire -- http-outgoing-5 << "        "balance": 8500,[\n]"
12:58:15.646 [main] DEBUG org.apache.http.wire -- http-outgoing-5 << "        "dueDate": "2024-09-10",[\n]"
12:58:15.646 [main] DEBUG org.apache.http.wire -- http-outgoing-5 << "        "payments": [[\n]"
12:58:15.646 [main] DEBUG org.apache.http.wire -- http-outgoing-5 << "          {[\n]"
12:58:15.646 [main] DEBUG org.apache.http.wire -- http-outgoing-5 << "            "paymentId": 3001,[\n]"
12:58:15.646 [main] DEBUG org.apache.http.wire -- http-outgoing-5 << "            "date": "2024-08-01",[\n]"
12:58:15.646 [main] DEBUG org.apache.http.wire -- http-outgoing-5 << "            "amount": 500,[\n]"
12:58:15.646 [main] DEBUG org.apache.http.wire -- http-outgoing-5 << "            "status": "completed"[\n]"
12:58:15.646 [main] DEBUG org.apache.http.wire -- http-outgoing-5 << "          }[\n]"
12:58:15.646 [main] DEBUG org.apache.http.wire -- http-outgoing-5 << "        ][\n]"
12:58:15.646 [main] DEBUG org.apache.http.wire -- http-outgoing-5 << "      }[\n]"
12:58:15.646 [main] DEBUG org.apache.http.wire -- http-outgoing-5 << "    ],[\n]"
12:58:15.646 [main] DEBUG org.apache.http.wire -- http-outgoing-5 << "    "creditCards": [[\n]"
12:58:15.646 [main] DEBUG org.apache.http.wire -- http-outgoing-5 << "      {[\n]"
12:58:15.646 [main] DEBUG org.apache.http.wire -- http-outgoing-5 << "        "cardId": 301,[\n]"
12:58:15.646 [main] DEBUG org.apache.http.wire -- http-outgoing-5 << "        "type": "visa",[\n]"
12:58:15.646 [main] DEBUG org.apache.http.wire -- http-outgoing-5 << "        "limit": 5000,[\n]"
12:58:15.646 [main] DEBUG org.apache.http.wire -- http-outgoing-5 << "        "balance": 1200,[\n]"
12:58:15.646 [main] DEBUG org.apache.http.wire -- http-outgoing-5 << "        "transactions": [[\n]"
12:58:15.646 [main] DEBUG org.apache.http.wire -- http-outgoing-5 << "          {[\n]"
12:58:15.646 [main] DEBUG org.apache.http.wire -- http-outgoing-5 << "            "transactionId": 4001,[\n]"
12:58:15.646 [main] DEBUG org.apache.http.wire -- http-outgoing-5 << "            "date": "2024-08-15",[\n]"
12:58:15.646 [main] DEBUG org.apache.http.wire -- http-outgoing-5 << "            "amount": 150,[\n]"
12:58:15.646 [main] DEBUG org.apache.http.wire -- http-outgoing-5 << "            "description": "Online shopping"[\n]"
12:58:15.646 [main] DEBUG org.apache.http.wire -- http-outgoing-5 << "          }[\n]"
12:58:15.646 [main] DEBUG org.apache.http.wire -- http-outgoing-5 << "        ][\n]"
12:58:15.646 [main] DEBUG org.apache.http.wire -- http-outgoing-5 << "      }[\n]"
12:58:15.646 [main] DEBUG org.apache.http.wire -- http-outgoing-5 << "    ],[\n]"
12:58:15.646 [main] DEBUG org.apache.http.wire -- http-outgoing-5 << "    "id": "dae6"[\n]"
12:58:15.646 [main] DEBUG org.apache.http.wire -- http-outgoing-5 << "  },[\n]"
12:58:15.646 [main] DEBUG org.apache.http.wire -- http-outgoing-5 << "  {[\n]"
12:58:15.646 [main] DEBUG org.apache.http.wire -- http-outgoing-5 << "    "customerId": 2,[\n]"
12:58:15.646 [main] DEBUG org.apache.http.wire -- http-outgoing-5 << "    "name": "Jane Smith",[\n]"
12:58:15.646 [main] DEBUG org.apache.http.wire -- http-outgoing-5 << "    "email": "jane.smith@example.com",[\n]"
12:58:15.646 [main] DEBUG org.apache.http.wire -- http-outgoing-5 << "    "phone": "555-5678",[\n]"
12:58:15.646 [main] DEBUG org.apache.http.wire -- http-outgoing-5 << "    "address": {[\n]"
12:58:15.646 [main] DEBUG org.apache.http.wire -- http-outgoing-5 << "      "street": "456 Oak St",[\n]"
12:58:15.646 [main] DEBUG org.apache.http.wire -- http-outgoing-5 << "      "city": "San Francisco",[\n]"
12:58:15.646 [main] DEBUG org.apache.http.wire -- http-outgoing-5 << "      "state": "CA",[\n]"
12:58:15.646 [main] DEBUG org.apache.http.wire -- http-outgoing-5 << "      "zip": "94107"[\n]"
12:58:15.646 [main] DEBUG org.apache.http.wire -- http-outgoing-5 << "    },[\n]"
12:58:15.646 [main] DEBUG org.apache.http.wire -- http-outgoing-5 << "    "accounts": [[\n]"
12:58:15.646 [main] DEBUG org.apache.http.wire -- http-outgoing-5 << "      {[\n]"
12:58:15.646 [main] DEBUG org.apache.http.wire -- http-outgoing-5 << "        "accountId": 103,[\n]"
12:58:15.646 [main] DEBUG org.apache.http.wire -- http-outgoing-5 << "        "type": "savings",[\n]"
12:58:15.646 [main] DEBUG org.apache.http.wire -- http-outgoing-5 << "        "balance": 7800,[\n]"
12:58:15.646 [main] DEBUG org.apache.http.wire -- http-outgoing-5 << "        "currency": "USD",[\n]"
12:58:15.646 [main] DEBUG org.apache.http.wire -- http-outgoing-5 << "        "transactions": [[\n]"
12:58:15.646 [main] DEBUG org.apache.http.wire -- http-outgoing-5 << "          {[\n]"
12:58:15.646 [main] DEBUG org.apache.http.wire -- http-outgoing-5 << "            "transactionId": 1004,[\n]"
12:58:15.646 [main] DEBUG org.apache.http.wire -- http-outgoing-5 << "            "date": "2024-08-20",[\n]"
12:58:15.646 [main] DEBUG org.apache.http.wire -- http-outgoing-5 << "            "type": "deposit",[\n]"
12:58:15.646 [main] DEBUG org.apache.http.wire -- http-outgoing-5 << "            "amount": 1500,[\n]"
12:58:15.646 [main] DEBUG org.apache.http.wire -- http-outgoing-5 << "            "description": "Freelance work"[\n]"
12:58:15.646 [main] DEBUG org.apache.http.wire -- http-outgoing-5 << "          }[\n]"
12:58:15.646 [main] DEBUG org.apache.http.wire -- http-outgoing-5 << "        ][\n]"
12:58:15.646 [main] DEBUG org.apache.http.wire -- http-outgoing-5 << "      }[\n]"
12:58:15.646 [main] DEBUG org.apache.http.wire -- http-outgoing-5 << "    ],[\n]"
12:58:15.648 [main] DEBUG org.apache.http.wire -- http-outgoing-5 << "    "loans": [],[\n]"
12:58:15.648 [main] DEBUG org.apache.http.wire -- http-outgoing-5 << "    "creditCards": [[\n]"
12:58:15.648 [main] DEBUG org.apache.http.wire -- http-outgoing-5 << "      {[\n]"
12:58:15.648 [main] DEBUG org.apache.http.wire -- http-outgoing-5 << "        "cardId": 302,[\n]"
12:58:15.648 [main] DEBUG org.apache.http.wire -- http-outgoing-5 << "        "type": "mastercard",[\n]"
12:58:15.648 [main] DEBUG org.apache.http.wire -- http-outgoing-5 << "        "limit": 10000,[\n]"
12:58:15.648 [main] DEBUG org.apache.http.wire -- http-outgoing-5 << "        "balance": 3000,[\n]"
12:58:15.648 [main] DEBUG org.apache.http.wire -- http-outgoing-5 << "        "transactions": [[\n]"
12:58:15.648 [main] DEBUG org.apache.http.wire -- http-outgoing-5 << "          {[\n]"
12:58:15.648 [main] DEBUG org.apache.http.wire -- http-outgoing-5 << "            "transactionId": 4002,[\n]"
12:58:15.648 [main] DEBUG org.apache.http.wire -- http-outgoing-5 << "            "date": "2024-08-22",[\n]"
12:58:15.648 [main] DEBUG org.apache.http.wire -- http-outgoing-5 << "            "amount": 500,[\n]"
12:58:15.648 [main] DEBUG org.apache.http.wire -- http-outgoing-5 << "            "description": "Flight ticket"[\n]"
12:58:15.648 [main] DEBUG org.apache.http.wire -- http-outgoing-5 << "          }[\n]"
12:58:15.648 [main] DEBUG org.apache.http.wire -- http-outgoing-5 << "        ][\n]"
12:58:15.648 [main] DEBUG org.apache.http.wire -- http-outgoing-5 << "      }[\n]"
12:58:15.648 [main] DEBUG org.apache.http.wire -- http-outgoing-5 << "    ],[\n]"
12:58:15.648 [main] DEBUG org.apache.http.wire -- http-outgoing-5 << "    "id": "964b"[\n]"
12:58:15.648 [main] DEBUG org.apache.http.wire -- http-outgoing-5 << "  },[\n]"
12:58:15.648 [main] DEBUG org.apache.http.wire -- http-outgoing-5 << "  {[\n]"
12:58:15.648 [main] DEBUG org.apache.http.wire -- http-outgoing-5 << "    "customerId": 10,[\n]"
12:58:15.648 [main] DEBUG org.apache.http.wire -- http-outgoing-5 << "    "name": "BBBBB",[\n]"
12:58:15.648 [main] DEBUG org.apache.http.wire -- http-outgoing-5 << "    "email": "AAAAA.doe@example.com",[\n]"
12:58:15.648 [main] DEBUG org.apache.http.wire -- http-outgoing-5 << "    "phone": "555-1234",[\n]"
12:58:15.648 [main] DEBUG org.apache.http.wire -- http-outgoing-5 << "    "address": {[\n]"
12:58:15.648 [main] DEBUG org.apache.http.wire -- http-outgoing-5 << "      "street": "123 Main St",[\n]"
12:58:15.648 [main] DEBUG org.apache.http.wire -- http-outgoing-5 << "      "city": "New York",[\n]"
12:58:15.648 [main] DEBUG org.apache.http.wire -- http-outgoing-5 << "      "state": "NY",[\n]"
12:58:15.648 [main] DEBUG org.apache.http.wire -- http-outgoing-5 << "      "zip": "10001"[\n]"
12:58:15.648 [main] DEBUG org.apache.http.wire -- http-outgoing-5 << "    },[\n]"
12:58:15.648 [main] DEBUG org.apache.http.wire -- http-outgoing-5 << "    "accounts": [[\n]"
12:58:15.648 [main] DEBUG org.apache.http.wire -- http-outgoing-5 << "      {[\n]"
12:58:15.648 [main] DEBUG org.apache.http.wire -- http-outgoing-5 << "        "accountId": 200,[\n]"
12:58:15.648 [main] DEBUG org.apache.http.wire -- http-outgoing-5 << "        "type": "savings",[\n]"
12:58:15.648 [main] DEBUG org.apache.http.wire -- http-outgoing-5 << "        "balance": 5000.75,[\n]"
12:58:15.648 [main] DEBUG org.apache.http.wire -- http-outgoing-5 << "        "currency": "USD",[\n]"
12:58:15.648 [main] DEBUG org.apache.http.wire -- http-outgoing-5 << "        "transactions": [[\n]"
12:58:15.648 [main] DEBUG org.apache.http.wire -- http-outgoing-5 << "          {[\n]"
12:58:15.648 [main] DEBUG org.apache.http.wire -- http-outgoing-5 << "            "transactionId": 2001,[\n]"
12:58:15.648 [main] DEBUG org.apache.http.wire -- http-outgoing-5 << "            "date": "2024-08-01",[\n]"
12:58:15.648 [main] DEBUG org.apache.http.wire -- http-outgoing-5 << "            "type": "deposit",[\n]"
12:58:15.648 [main] DEBUG org.apache.http.wire -- http-outgoing-5 << "            "amount": 1000,[\n]"
12:58:15.648 [main] DEBUG org.apache.http.wire -- http-outgoing-5 << "            "description": "Paycheck deposit"[\n]"
12:58:15.648 [main] DEBUG org.apache.http.wire -- http-outgoing-5 << "          },[\n]"
12:58:15.648 [main] DEBUG org.apache.http.wire -- http-outgoing-5 << "          {[\n]"
12:58:15.648 [main] DEBUG org.apache.http.wire -- http-outgoing-5 << "            "transactionId": 2002,[\n]"
12:58:15.648 [main] DEBUG org.apache.http.wire -- http-outgoing-5 << "            "date": "2024-08-05",[\n]"
12:58:15.648 [main] DEBUG org.apache.http.wire -- http-outgoing-5 << "            "type": "withdrawal",[\n]"
12:58:15.648 [main] DEBUG org.apache.http.wire -- http-outgoing-5 << "            "amount": 200,[\n]"
12:58:15.648 [main] DEBUG org.apache.http.wire -- http-outgoing-5 << "            "description": "ATM withdrawal"[\n]"
12:58:15.648 [main] DEBUG org.apache.http.wire -- http-outgoing-5 << "          }[\n]"
12:58:15.648 [main] DEBUG org.apache.http.wire -- http-outgoing-5 << "        ][\n]"
12:58:15.648 [main] DEBUG org.apache.http.wire -- http-outgoing-5 << "      },[\n]"
12:58:15.648 [main] DEBUG org.apache.http.wire -- http-outgoing-5 << "      {[\n]"
12:58:15.648 [main] DEBUG org.apache.http.wire -- http-outgoing-5 << "        "accountId": 201,[\n]"
12:58:15.648 [main] DEBUG org.apache.http.wire -- http-outgoing-5 << "        "type": "checking",[\n]"
12:58:15.648 [main] DEBUG org.apache.http.wire -- http-outgoing-5 << "        "balance": 1250,[\n]"
12:58:15.648 [main] DEBUG org.apache.http.wire -- http-outgoing-5 << "        "currency": "USD",[\n]"
12:58:15.648 [main] DEBUG org.apache.http.wire -- http-outgoing-5 << "        "transactions": [[\n]"
12:58:15.648 [main] DEBUG org.apache.http.wire -- http-outgoing-5 << "          {[\n]"
12:58:15.648 [main] DEBUG org.apache.http.wire -- http-outgoing-5 << "            "transactionId": 2003,[\n]"
12:58:15.648 [main] DEBUG org.apache.http.wire -- http-outgoing-5 << "            "date": "2024-08-10",[\n]"
12:58:15.648 [main] DEBUG org.apache.http.wire -- http-outgoing-5 << "            "type": "purchase",[\n]"
12:58:15.648 [main] DEBUG org.apache.http.wire -- http-outgoing-5 << "            "amount": 75.5,[\n]"
12:58:15.648 [main] DEBUG org.apache.http.wire -- http-outgoing-5 << "            "description": "Grocery shopping"[\n]"
12:58:15.648 [main] DEBUG org.apache.http.wire -- http-outgoing-5 << "          }[\n]"
12:58:15.648 [main] DEBUG org.apache.http.wire -- http-outgoing-5 << "        ][\n]"
12:58:15.648 [main] DEBUG org.apache.http.wire -- http-outgoing-5 << "      }[\n]"
12:58:15.648 [main] DEBUG org.apache.http.wire -- http-outgoing-5 << "    ],[\n]"
12:58:15.648 [main] DEBUG org.apache.http.wire -- http-outgoing-5 << "    "loans": [[\n]"
12:58:15.648 [main] DEBUG org.apache.http.wire -- http-outgoing-5 << "      {[\n]"
12:58:15.648 [main] DEBUG org.apache.http.wire -- http-outgoing-5 << "        "loanId": 201,[\n]"
12:58:15.648 [main] DEBUG org.apache.http.wire -- http-outgoing-5 << "        "type": "personal",[\n]"
12:58:15.648 [main] DEBUG org.apache.http.wire -- http-outgoing-5 << "        "amount": 10000,[\n]"
12:58:15.648 [main] DEBUG org.apache.http.wire -- http-outgoing-5 << "        "interestRate": 4.5,[\n]"
12:58:15.648 [main] DEBUG org.apache.http.wire -- http-outgoing-5 << "        "term": "36 months",[\n]"
12:58:15.648 [main] DEBUG org.apache.http.wire -- http-outgoing-5 << "        "balance": 8500,[\n]"
12:58:15.648 [main] DEBUG org.apache.http.wire -- http-outgoing-5 << "        "dueDate": "2024-09-10",[\n]"
12:58:15.648 [main] DEBUG org.apache.http.wire -- http-outgoing-5 << "        "payments": [[\n]"
12:58:15.648 [main] DEBUG org.apache.http.wire -- http-outgoing-5 << "          {[\n]"
12:58:15.648 [main] DEBUG org.apache.http.wire -- http-outgoing-5 << "            "paymentId": 3001,[\n]"
12:58:15.648 [main] DEBUG org.apache.http.wire -- http-outgoing-5 << "            "date": "2024-08-01",[\n]"
12:58:15.648 [main] DEBUG org.apache.http.wire -- http-outgoing-5 << "            "amount": 500,[\n]"
12:58:15.648 [main] DEBUG org.apache.http.wire -- http-outgoing-5 << "            "status": "completed"[\n]"
12:58:15.648 [main] DEBUG org.apache.http.wire -- http-outgoing-5 << "          }[\n]"
12:58:15.648 [main] DEBUG org.apache.http.wire -- http-outgoing-5 << "        ][\n]"
12:58:15.648 [main] DEBUG org.apache.http.wire -- http-outgoing-5 << "      }[\n]"
12:58:15.648 [main] DEBUG org.apache.http.wire -- http-outgoing-5 << "    ],[\n]"
12:58:15.648 [main] DEBUG org.apache.http.wire -- http-outgoing-5 << "    "creditCards": [[\n]"
12:58:15.648 [main] DEBUG org.apache.http.wire -- http-outgoing-5 << "      {[\n]"
12:58:15.648 [main] DEBUG org.apache.http.wire -- http-outgoing-5 << "        "cardId": 301,[\n]"
12:58:15.648 [main] DEBUG org.apache.http.wire -- http-outgoing-5 << "        "type": "visa",[\n]"
12:58:15.648 [main] DEBUG org.apache.http.wire -- http-outgoing-5 << "        "limit": 5000,[\n]"
12:58:15.648 [main] DEBUG org.apache.http.wire -- http-outgoing-5 << "        "balance": 1200,[\n]"
12:58:15.648 [main] DEBUG org.apache.http.wire -- http-outgoing-5 << "        "transactions": [[\n]"
12:58:15.648 [main] DEBUG org.apache.http.wire -- http-outgoing-5 << "          {[\n]"
12:58:15.648 [main] DEBUG org.apache.http.wire -- http-outgoing-5 << "            "transactionId": 4001,[\n]"
12:58:15.648 [main] DEBUG org.apache.http.wire -- http-outgoing-5 << "            "date": "2024-08-15",[\n]"
12:58:15.648 [main] DEBUG org.apache.http.wire -- http-outgoing-5 << "            "amount": 150,[\n]"
12:58:15.648 [main] DEBUG org.apache.http.wire -- http-outgoing-5 << "            "description": "Online shopping"[\n]"
12:58:15.648 [main] DEBUG org.apache.http.wire -- http-outgoing-5 << "          }[\n]"
12:58:15.648 [main] DEBUG org.apache.http.wire -- http-outgoing-5 << "        ][\n]"
12:58:15.648 [main] DEBUG org.apache.http.wire -- http-outgoing-5 << "      }[\n]"
12:58:15.648 [main] DEBUG org.apache.http.wire -- http-outgoing-5 << "    ],[\n]"
12:58:15.648 [main] DEBUG org.apache.http.wire -- http-outgoing-5 << "    "id": "090d"[\n]"
12:58:15.648 [main] DEBUG org.apache.http.wire -- http-outgoing-5 << "  },[\n]"
12:58:15.648 [main] DEBUG org.apache.http.wire -- http-outgoing-5 << "  {[\n]"
12:58:15.648 [main] DEBUG org.apache.http.wire -- http-outgoing-5 << "    "id": "dae6",[\n]"
12:58:15.648 [main] DEBUG org.apache.http.wire -- http-outgoing-5 << "    "customerId": 304,[\n]"
12:58:15.648 [main] DEBUG org.apache.http.wire -- http-outgoing-5 << "    "name": "DDDD",[\n]"
12:58:15.648 [main] DEBUG org.apache.http.wire -- http-outgoing-5 << "    "email": "DDDDD.doe@example.com",[\n]"
12:58:15.648 [main] DEBUG org.apache.http.wire -- http-outgoing-5 << "    "phone": "66666-1234",[\n]"
12:58:15.648 [main] DEBUG org.apache.http.wire -- http-outgoing-5 << "    "address": {[\n]"
12:58:15.648 [main] DEBUG org.apache.http.wire -- http-outgoing-5 << "      "street": "123 Main St",[\n]"
12:58:15.648 [main] DEBUG org.apache.http.wire -- http-outgoing-5 << "      "city": "New York",[\n]"
12:58:15.648 [main] DEBUG org.apache.http.wire -- http-outgoing-5 << "      "state": "NY",[\n]"
12:58:15.648 [main] DEBUG org.apache.http.wire -- http-outgoing-5 << "      "zip": "30200"[\n]"
12:58:15.648 [main] DEBUG org.apache.http.wire -- http-outgoing-5 << "    },[\n]"
12:58:15.648 [main] DEBUG org.apache.http.wire -- http-outgoing-5 << "    "accounts": [[\n]"
12:58:15.648 [main] DEBUG org.apache.http.wire -- http-outgoing-5 << "      {[\n]"
12:58:15.648 [main] DEBUG org.apache.http.wire -- http-outgoing-5 << "        "accountId": 101,[\n]"
12:58:15.648 [main] DEBUG org.apache.http.wire -- http-outgoing-5 << "        "type": "savings",[\n]"
12:58:15.648 [main] DEBUG org.apache.http.wire -- http-outgoing-5 << "        "balance": 5000.75,[\n]"
12:58:15.649 [main] DEBUG org.apache.http.wire -- http-outgoing-5 << "        "currency": "USD",[\n]"
12:58:15.649 [main] DEBUG org.apache.http.wire -- http-outgoing-5 << "        "transactions": [[\n]"
12:58:15.649 [main] DEBUG org.apache.http.wire -- http-outgoing-5 << "          {[\n]"
12:58:15.649 [main] DEBUG org.apache.http.wire -- http-outgoing-5 << "            "transactionId": 1001,[\n]"
12:58:15.649 [main] DEBUG org.apache.http.wire -- http-outgoing-5 << "            "date": "2024-08-01",[\n]"
12:58:15.649 [main] DEBUG org.apache.http.wire -- http-outgoing-5 << "            "type": "deposit",[\n]"
12:58:15.649 [main] DEBUG org.apache.http.wire -- http-outgoing-5 << "            "amount": 1000,[\n]"
12:58:15.649 [main] DEBUG org.apache.http.wire -- http-outgoing-5 << "            "description": "Paycheck deposit"[\n]"
12:58:15.649 [main] DEBUG org.apache.http.wire -- http-outgoing-5 << "          },[\n]"
12:58:15.649 [main] DEBUG org.apache.http.wire -- http-outgoing-5 << "          {[\n]"
12:58:15.649 [main] DEBUG org.apache.http.wire -- http-outgoing-5 << "            "transactionId": 1002,[\n]"
12:58:15.649 [main] DEBUG org.apache.http.wire -- http-outgoing-5 << "            "date": "2024-08-05",[\n]"
12:58:15.649 [main] DEBUG org.apache.http.wire -- http-outgoing-5 << "            "type": "withdrawal",[\n]"
12:58:15.649 [main] DEBUG org.apache.http.wire -- http-outgoing-5 << "            "amount": 200,[\n]"
12:58:15.649 [main] DEBUG org.apache.http.wire -- http-outgoing-5 << "            "description": "ATM withdrawal"[\n]"
12:58:15.649 [main] DEBUG org.apache.http.wire -- http-outgoing-5 << "          }[\n]"
12:58:15.649 [main] DEBUG org.apache.http.wire -- http-outgoing-5 << "        ][\n]"
12:58:15.649 [main] DEBUG org.apache.http.wire -- http-outgoing-5 << "      },[\n]"
12:58:15.649 [main] DEBUG org.apache.http.wire -- http-outgoing-5 << "      {[\n]"
12:58:15.649 [main] DEBUG org.apache.http.wire -- http-outgoing-5 << "        "accountId": 102,[\n]"
12:58:15.649 [main] DEBUG org.apache.http.wire -- http-outgoing-5 << "        "type": "checking",[\n]"
12:58:15.649 [main] DEBUG org.apache.http.wire -- http-outgoing-5 << "        "balance": 1250,[\n]"
12:58:15.649 [main] DEBUG org.apache.http.wire -- http-outgoing-5 << "        "currency": "USD",[\n]"
12:58:15.649 [main] DEBUG org.apache.http.wire -- http-outgoing-5 << "        "transactions": [[\n]"
12:58:15.649 [main] DEBUG org.apache.http.wire -- http-outgoing-5 << "          {[\n]"
12:58:15.649 [main] DEBUG org.apache.http.wire -- http-outgoing-5 << "            "transactionId": 1003,[\n]"
12:58:15.649 [main] DEBUG org.apache.http.wire -- http-outgoing-5 << "            "date": "2024-08-10",[\n]"
12:58:15.649 [main] DEBUG org.apache.http.wire -- http-outgoing-5 << "            "type": "purchase",[\n]"
12:58:15.649 [main] DEBUG org.apache.http.wire -- http-outgoing-5 << "            "amount": 75.5,[\n]"
12:58:15.649 [main] DEBUG org.apache.http.wire -- http-outgoing-5 << "            "description": "Grocery shopping"[\n]"
12:58:15.649 [main] DEBUG org.apache.http.wire -- http-outgoing-5 << "          }[\n]"
12:58:15.649 [main] DEBUG org.apache.http.wire -- http-outgoing-5 << "        ][\n]"
12:58:15.649 [main] DEBUG org.apache.http.wire -- http-outgoing-5 << "      }[\n]"
12:58:15.649 [main] DEBUG org.apache.http.wire -- http-outgoing-5 << "    ],[\n]"
12:58:15.649 [main] DEBUG org.apache.http.wire -- http-outgoing-5 << "    "loans": [[\n]"
12:58:15.649 [main] DEBUG org.apache.http.wire -- http-outgoing-5 << "      {[\n]"
12:58:15.649 [main] DEBUG org.apache.http.wire -- http-outgoing-5 << "        "loanId": 201,[\n]"
12:58:15.649 [main] DEBUG org.apache.http.wire -- http-outgoing-5 << "        "type": "personal",[\n]"
12:58:15.649 [main] DEBUG org.apache.http.wire -- http-outgoing-5 << "        "amount": 10000,[\n]"
12:58:15.649 [main] DEBUG org.apache.http.wire -- http-outgoing-5 << "        "interestRate": 4.5,[\n]"
12:58:15.649 [main] DEBUG org.apache.http.wire -- http-outgoing-5 << "        "term": "36 months",[\n]"
12:58:15.649 [main] DEBUG org.apache.http.wire -- http-outgoing-5 << "        "balance": 8500,[\n]"
12:58:15.649 [main] DEBUG org.apache.http.wire -- http-outgoing-5 << "        "dueDate": "2024-09-10",[\n]"
12:58:15.649 [main] DEBUG org.apache.http.wire -- http-outgoing-5 << "        "payments": [[\n]"
12:58:15.649 [main] DEBUG org.apache.http.wire -- http-outgoing-5 << "          {[\n]"
12:58:15.649 [main] DEBUG org.apache.http.wire -- http-outgoing-5 << "            "paymentId": 3001,[\n]"
12:58:15.649 [main] DEBUG org.apache.http.wire -- http-outgoing-5 << "            "date": "2024-08-01",[\n]"
12:58:15.649 [main] DEBUG org.apache.http.wire -- http-outgoing-5 << "            "amount": 500,[\n]"
12:58:15.649 [main] DEBUG org.apache.http.wire -- http-outgoing-5 << "            "status": "completed"[\n]"
12:58:15.649 [main] DEBUG org.apache.http.wire -- http-outgoing-5 << "          }[\n]"
12:58:15.649 [main] DEBUG org.apache.http.wire -- http-outgoing-5 << "        ][\n]"
12:58:15.649 [main] DEBUG org.apache.http.wire -- http-outgoing-5 << "      }[\n]"
12:58:15.649 [main] DEBUG org.apache.http.wire -- http-outgoing-5 << "    ],[\n]"
12:58:15.649 [main] DEBUG org.apache.http.wire -- http-outgoing-5 << "    "creditCards": [[\n]"
12:58:15.649 [main] DEBUG org.apache.http.wire -- http-outgoing-5 << "      {[\n]"
12:58:15.649 [main] DEBUG org.apache.http.wire -- http-outgoing-5 << "        "cardId": 301,[\n]"
12:58:15.649 [main] DEBUG org.apache.http.wire -- http-outgoing-5 << "        "type": "visa",[\n]"
12:58:15.649 [main] DEBUG org.apache.http.wire -- http-outgoing-5 << "        "limit": 5000,[\n]"
12:58:15.649 [main] DEBUG org.apache.http.wire -- http-outgoing-5 << "        "balance": 1200,[\n]"
12:58:15.649 [main] DEBUG org.apache.http.wire -- http-outgoing-5 << "        "transactions": [[\n]"
12:58:15.649 [main] DEBUG org.apache.http.wire -- http-outgoing-5 << "          {[\n]"
12:58:15.649 [main] DEBUG org.apache.http.wire -- http-outgoing-5 << "            "transactionId": 4001,[\n]"
12:58:15.649 [main] DEBUG org.apache.http.wire -- http-outgoing-5 << "            "date": "2024-08-15",[\n]"
12:58:15.649 [main] DEBUG org.apache.http.wire -- http-outgoing-5 << "            "amount": 150,[\n]"
12:58:15.649 [main] DEBUG org.apache.http.wire -- http-outgoing-5 << "            "description": "Online shopping"[\n]"
12:58:15.649 [main] DEBUG org.apache.http.wire -- http-outgoing-5 << "          }[\n]"
12:58:15.649 [main] DEBUG org.apache.http.wire -- http-outgoing-5 << "        ][\n]"
12:58:15.649 [main] DEBUG org.apache.http.wire -- http-outgoing-5 << "      }[\n]"
12:58:15.649 [main] DEBUG org.apache.http.wire -- http-outgoing-5 << "    ][\n]"
12:58:15.649 [main] DEBUG org.apache.http.wire -- http-outgoing-5 << "  },[\n]"
12:58:15.649 [main] DEBUG org.apache.http.wire -- http-outgoing-5 << "  {[\n]"
12:58:15.649 [main] DEBUG org.apache.http.wire -- http-outgoing-5 << "    "id": "dae6",[\n]"
12:58:15.649 [main] DEBUG org.apache.http.wire -- http-outgoing-5 << "    "customerId": 305,[\n]"
12:58:15.649 [main] DEBUG org.apache.http.wire -- http-outgoing-5 << "    "name": "DDDD",[\n]"
12:58:15.649 [main] DEBUG org.apache.http.wire -- http-outgoing-5 << "    "email": "DDDDD.doe@example.com",[\n]"
12:58:15.649 [main] DEBUG org.apache.http.wire -- http-outgoing-5 << "    "phone": "66666-1234",[\n]"
12:58:15.649 [main] DEBUG org.apache.http.wire -- http-outgoing-5 << "    "address": {[\n]"
12:58:15.649 [main] DEBUG org.apache.http.wire -- http-outgoing-5 << "      "street": "123 Main St",[\n]"
12:58:15.649 [main] DEBUG org.apache.http.wire -- http-outgoing-5 << "      "city": "New York",[\n]"
12:58:15.649 [main] DEBUG org.apache.http.wire -- http-outgoing-5 << "      "state": "NY",[\n]"
12:58:15.649 [main] DEBUG org.apache.http.wire -- http-outgoing-5 << "      "zip": "30200"[\n]"
12:58:15.649 [main] DEBUG org.apache.http.wire -- http-outgoing-5 << "    },[\n]"
12:58:15.649 [main] DEBUG org.apache.http.wire -- http-outgoing-5 << "    "accounts": [[\n]"
12:58:15.649 [main] DEBUG org.apache.http.wire -- http-outgoing-5 << "      {[\n]"
12:58:15.649 [main] DEBUG org.apache.http.wire -- http-outgoing-5 << "        "accountId": 101,[\n]"
12:58:15.649 [main] DEBUG org.apache.http.wire -- http-outgoing-5 << "        "type": "savings",[\n]"
12:58:15.649 [main] DEBUG org.apache.http.wire -- http-outgoing-5 << "        "balance": 5000.75,[\n]"
12:58:15.649 [main] DEBUG org.apache.http.wire -- http-outgoing-5 << "        "currency": "USD",[\n]"
12:58:15.649 [main] DEBUG org.apache.http.wire -- http-outgoing-5 << "        "transactions": [[\n]"
12:58:15.649 [main] DEBUG org.apache.http.wire -- http-outgoing-5 << "          {[\n]"
12:58:15.649 [main] DEBUG org.apache.http.wire -- http-outgoing-5 << "            "transactionId": 1001,[\n]"
12:58:15.649 [main] DEBUG org.apache.http.wire -- http-outgoing-5 << "            "date": "2024-08-01",[\n]"
12:58:15.649 [main] DEBUG org.apache.http.wire -- http-outgoing-5 << "            "type": "deposit",[\n]"
12:58:15.649 [main] DEBUG org.apache.http.wire -- http-outgoing-5 << "            "amount": 1000,[\n]"
12:58:15.649 [main] DEBUG org.apache.http.wire -- http-outgoing-5 << "            "description": "Paycheck deposit"[\n]"
12:58:15.649 [main] DEBUG org.apache.http.wire -- http-outgoing-5 << "          },[\n]"
12:58:15.649 [main] DEBUG org.apache.http.wire -- http-outgoing-5 << "          {[\n]"
12:58:15.649 [main] DEBUG org.apache.http.wire -- http-outgoing-5 << "            "transactionId": 1002,[\n]"
12:58:15.649 [main] DEBUG org.apache.http.wire -- http-outgoing-5 << "            "date": "2024-08-05",[\n]"
12:58:15.649 [main] DEBUG org.apache.http.wire -- http-outgoing-5 << "            "type": "withdrawal",[\n]"
12:58:15.649 [main] DEBUG org.apache.http.wire -- http-outgoing-5 << "            "amount": 200,[\n]"
12:58:15.650 [main] DEBUG org.apache.http.wire -- http-outgoing-5 << "            "description": "ATM withdrawal"[\n]"
12:58:15.650 [main] DEBUG org.apache.http.wire -- http-outgoing-5 << "          }[\n]"
12:58:15.650 [main] DEBUG org.apache.http.wire -- http-outgoing-5 << "        ][\n]"
12:58:15.650 [main] DEBUG org.apache.http.wire -- http-outgoing-5 << "      },[\n]"
12:58:15.650 [main] DEBUG org.apache.http.wire -- http-outgoing-5 << "      {[\n]"
12:58:15.650 [main] DEBUG org.apache.http.wire -- http-outgoing-5 << "        "accountId": 102,[\n]"
12:58:15.650 [main] DEBUG org.apache.http.wire -- http-outgoing-5 << "        "type": "checking",[\n]"
12:58:15.650 [main] DEBUG org.apache.http.wire -- http-outgoing-5 << "        "balance": 1250,[\n]"
12:58:15.650 [main] DEBUG org.apache.http.wire -- http-outgoing-5 << "        "currency": "USD",[\n]"
12:58:15.650 [main] DEBUG org.apache.http.wire -- http-outgoing-5 << "        "transactions": [[\n]"
12:58:15.650 [main] DEBUG org.apache.http.wire -- http-outgoing-5 << "          {[\n]"
12:58:15.650 [main] DEBUG org.apache.http.wire -- http-outgoing-5 << "            "transactionId": 1003,[\n]"
12:58:15.650 [main] DEBUG org.apache.http.wire -- http-outgoing-5 << " "
12:58:15.650 [main] DEBUG org.apache.http.headers -- http-outgoing-5 << HTTP/1.1 200 OK
12:58:15.650 [main] DEBUG org.apache.http.headers -- http-outgoing-5 << X-Powered-By: tinyhttp
12:58:15.650 [main] DEBUG org.apache.http.headers -- http-outgoing-5 << Access-Control-Allow-Origin: *
12:58:15.650 [main] DEBUG org.apache.http.headers -- http-outgoing-5 << Access-Control-Allow-Methods: GET, HEAD, PUT, PATCH, POST, DELETE
12:58:15.650 [main] DEBUG org.apache.http.headers -- http-outgoing-5 << Access-Control-Allow-Headers: content-type
12:58:15.650 [main] DEBUG org.apache.http.headers -- http-outgoing-5 << Content-Type: application/json
12:58:15.650 [main] DEBUG org.apache.http.headers -- http-outgoing-5 << Date: Sun, 08 Sep 2024 07:28:15 GMT
12:58:15.650 [main] DEBUG org.apache.http.headers -- http-outgoing-5 << Connection: keep-alive
12:58:15.650 [main] DEBUG org.apache.http.headers -- http-outgoing-5 << Keep-Alive: timeout=5
12:58:15.650 [main] DEBUG org.apache.http.headers -- http-outgoing-5 << Content-Length: 14648
12:58:15.650 [main] DEBUG org.apache.http.impl.execchain.MainClientExec -- Connection can be kept alive for 5000 MILLISECONDS
12:58:15.650 [main] DEBUG org.apache.http.wire -- http-outgoing-5 << "           "date": "2024-08-10",[\n]"
12:58:15.650 [main] DEBUG org.apache.http.wire -- http-outgoing-5 << "            "type": "purchase",[\n]"
12:58:15.650 [main] DEBUG org.apache.http.wire -- http-outgoing-5 << "            "amount": 75.5,[\n]"
12:58:15.650 [main] DEBUG org.apache.http.wire -- http-outgoing-5 << "            "description": "Grocery shopping"[\n]"
12:58:15.650 [main] DEBUG org.apache.http.wire -- http-outgoing-5 << "          }[\n]"
12:58:15.650 [main] DEBUG org.apache.http.wire -- http-outgoing-5 << "        ][\n]"
12:58:15.650 [main] DEBUG org.apache.http.wire -- http-outgoing-5 << "      }[\n]"
12:58:15.650 [main] DEBUG org.apache.http.wire -- http-outgoing-5 << "    ],[\n]"
12:58:15.650 [main] DEBUG org.apache.http.wire -- http-outgoing-5 << "    "loans": [[\n]"
12:58:15.650 [main] DEBUG org.apache.http.wire -- http-outgoing-5 << "      {[\n]"
12:58:15.650 [main] DEBUG org.apache.http.wire -- http-outgoing-5 << "        "loanId": 201,[\n]"
12:58:15.650 [main] DEBUG org.apache.http.wire -- http-outgoing-5 << "        "type": "personal",[\n]"
12:58:15.650 [main] DEBUG org.apache.http.wire -- http-outgoing-5 << "        "amount": 10000,[\n]"
12:58:15.650 [main] DEBUG org.apache.http.wire -- http-outgoing-5 << "        "interestRate": 4.5,[\n]"
12:58:15.650 [main] DEBUG org.apache.http.wire -- http-outgoing-5 << "        "term": "36 months",[\n]"
12:58:15.650 [main] DEBUG org.apache.http.wire -- http-outgoing-5 << "        "balance": 8500,[\n]"
12:58:15.650 [main] DEBUG org.apache.http.wire -- http-outgoing-5 << "        "dueDate": "2024-09-10",[\n]"
12:58:15.650 [main] DEBUG org.apache.http.wire -- http-outgoing-5 << "        "payments": [[\n]"
12:58:15.650 [main] DEBUG org.apache.http.wire -- http-outgoing-5 << "          {[\n]"
12:58:15.650 [main] DEBUG org.apache.http.wire -- http-outgoing-5 << "            "paymentId": 3001,[\n]"
12:58:15.650 [main] DEBUG org.apache.http.wire -- http-outgoing-5 << "            "date": "2024-08-01",[\n]"
12:58:15.650 [main] DEBUG org.apache.http.wire -- http-outgoing-5 << "            "amount": 500,[\n]"
12:58:15.650 [main] DEBUG org.apache.http.wire -- http-outgoing-5 << "            "status": "completed"[\n]"
12:58:15.650 [main] DEBUG org.apache.http.wire -- http-outgoing-5 << "          }[\n]"
12:58:15.650 [main] DEBUG org.apache.http.wire -- http-outgoing-5 << "        ][\n]"
12:58:15.650 [main] DEBUG org.apache.http.wire -- http-outgoing-5 << "      }[\n]"
12:58:15.650 [main] DEBUG org.apache.http.wire -- http-outgoing-5 << "    ],[\n]"
12:58:15.650 [main] DEBUG org.apache.http.wire -- http-outgoing-5 << "    "creditCards": [[\n]"
12:58:15.650 [main] DEBUG org.apache.http.wire -- http-outgoing-5 << "      {[\n]"
12:58:15.650 [main] DEBUG org.apache.http.wire -- http-outgoing-5 << "        "cardId": 301,[\n]"
12:58:15.650 [main] DEBUG org.apache.http.wire -- http-outgoing-5 << "        "type": "visa",[\n]"
12:58:15.650 [main] DEBUG org.apache.http.wire -- http-outgoing-5 << "        "limit": 5000,[\n]"
12:58:15.650 [main] DEBUG org.apache.http.wire -- http-outgoing-5 << "        "balance": 1200,[\n]"
12:58:15.650 [main] DEBUG org.apache.http.wire -- http-outgoing-5 << "        "transactions": [[\n]"
12:58:15.650 [main] DEBUG org.apache.http.wire -- http-outgoing-5 << "          {[\n]"
12:58:15.650 [main] DEBUG org.apache.http.wire -- http-outgoing-5 << "            "transactionId": 4001,[\n]"
12:58:15.650 [main] DEBUG org.apache.http.wire -- http-outgoing-5 << "            "date": "2024-08-15",[\n]"
12:58:15.650 [main] DEBUG org.apache.http.wire -- http-outgoing-5 << "            "amount": 150,[\n]"
12:58:15.650 [main] DEBUG org.apache.http.wire -- http-outgoing-5 << "            "description": "Online shopping"[\n]"
12:58:15.650 [main] DEBUG org.apache.http.wire -- http-outgoing-5 << "          }[\n]"
12:58:15.650 [main] DEBUG org.apache.http.wire -- http-outgoing-5 << "        ][\n]"
12:58:15.650 [main] DEBUG org.apache.http.wire -- http-outgoing-5 << "      }[\n]"
12:58:15.650 [main] DEBUG org.apache.http.wire -- http-outgoing-5 << "    ][\n]"
12:58:15.650 [main] DEBUG org.apache.http.wire -- http-outgoing-5 << "  },[\n]"
12:58:15.650 [main] DEBUG org.apache.http.wire -- http-outgoing-5 << "  {[\n]"
12:58:15.650 [main] DEBUG org.apache.http.wire -- http-outgoing-5 << "    "id": "dae6",[\n]"
12:58:15.650 [main] DEBUG org.apache.http.wire -- http-outgoing-5 << "    "customerId": 305,[\n]"
12:58:15.650 [main] DEBUG org.apache.http.wire -- http-outgoing-5 << "    "name": "DDDD",[\n]"
12:58:15.650 [main] DEBUG org.apache.http.wire -- http-outgoing-5 << "    "email": "DDDDD.doe@exa"
12:58:15.650 [main] DEBUG org.apache.http.wire -- http-outgoing-5 << "mple.com",[\n]"
12:58:15.650 [main] DEBUG org.apache.http.wire -- http-outgoing-5 << "    "phone": "66666-1234",[\n]"
12:58:15.650 [main] DEBUG org.apache.http.wire -- http-outgoing-5 << "    "address": {[\n]"
12:58:15.650 [main] DEBUG org.apache.http.wire -- http-outgoing-5 << "      "street": "123 Main St",[\n]"
12:58:15.650 [main] DEBUG org.apache.http.wire -- http-outgoing-5 << "      "city": "New York",[\n]"
12:58:15.650 [main] DEBUG org.apache.http.wire -- http-outgoing-5 << "      "state": "NY",[\n]"
12:58:15.650 [main] DEBUG org.apache.http.wire -- http-outgoing-5 << "      "zip": "30200"[\n]"
12:58:15.650 [main] DEBUG org.apache.http.wire -- http-outgoing-5 << "    },[\n]"
12:58:15.650 [main] DEBUG org.apache.http.wire -- http-outgoing-5 << "    "accounts": [[\n]"
12:58:15.650 [main] DEBUG org.apache.http.wire -- http-outgoing-5 << "      {[\n]"
12:58:15.650 [main] DEBUG org.apache.http.wire -- http-outgoing-5 << "        "accountId": 101,[\n]"
12:58:15.650 [main] DEBUG org.apache.http.wire -- http-outgoing-5 << "        "type": "savings",[\n]"
12:58:15.650 [main] DEBUG org.apache.http.wire -- http-outgoing-5 << "        "balance": 5000.75,[\n]"
12:58:15.650 [main] DEBUG org.apache.http.wire -- http-outgoing-5 << "        "currency": "USD",[\n]"
12:58:15.650 [main] DEBUG org.apache.http.wire -- http-outgoing-5 << "        "transactions": [[\n]"
12:58:15.650 [main] DEBUG org.apache.http.wire -- http-outgoing-5 << "          {[\n]"
12:58:15.650 [main] DEBUG org.apache.http.wire -- http-outgoing-5 << "            "transactionId": 1001,[\n]"
12:58:15.650 [main] DEBUG org.apache.http.wire -- http-outgoing-5 << "            "date": "2024-08-01",[\n]"
12:58:15.650 [main] DEBUG org.apache.http.wire -- http-outgoing-5 << "            "type": "deposit",[\n]"
12:58:15.650 [main] DEBUG org.apache.http.wire -- http-outgoing-5 << "            "amount": 1000,[\n]"
12:58:15.650 [main] DEBUG org.apache.http.wire -- http-outgoing-5 << "            "description": "Paycheck deposit"[\n]"
12:58:15.650 [main] DEBUG org.apache.http.wire -- http-outgoing-5 << "          },[\n]"
12:58:15.650 [main] DEBUG org.apache.http.wire -- http-outgoing-5 << "          {[\n]"
12:58:15.650 [main] DEBUG org.apache.http.wire -- http-outgoing-5 << "            "transactionId": 1002,[\n]"
12:58:15.650 [main] DEBUG org.apache.http.wire -- http-outgoing-5 << "            "date": "2024-08-05",[\n]"
12:58:15.650 [main] DEBUG org.apache.http.wire -- http-outgoing-5 << "            "type": "withdrawal",[\n]"
12:58:15.650 [main] DEBUG org.apache.http.wire -- http-outgoing-5 << "            "amount": 200,[\n]"
12:58:15.650 [main] DEBUG org.apache.http.wire -- http-outgoing-5 << "            "description": "ATM withdrawal"[\n]"
12:58:15.650 [main] DEBUG org.apache.http.wire -- http-outgoing-5 << "          }[\n]"
12:58:15.650 [main] DEBUG org.apache.http.wire -- http-outgoing-5 << "        ][\n]"
12:58:15.650 [main] DEBUG org.apache.http.wire -- http-outgoing-5 << "      },[\n]"
12:58:15.650 [main] DEBUG org.apache.http.wire -- http-outgoing-5 << "      {[\n]"
12:58:15.650 [main] DEBUG org.apache.http.wire -- http-outgoing-5 << "        "accountId": 102,[\n]"
12:58:15.650 [main] DEBUG org.apache.http.wire -- http-outgoing-5 << "        "type": "checking",[\n]"
12:58:15.650 [main] DEBUG org.apache.http.wire -- http-outgoing-5 << "        "balance": 1250,[\n]"
12:58:15.650 [main] DEBUG org.apache.http.wire -- http-outgoing-5 << "        "currency": "USD",[\n]"
12:58:15.650 [main] DEBUG org.apache.http.wire -- http-outgoing-5 << "        "transactions": [[\n]"
12:58:15.650 [main] DEBUG org.apache.http.wire -- http-outgoing-5 << "          {[\n]"
12:58:15.650 [main] DEBUG org.apache.http.wire -- http-outgoing-5 << "            "transactionId": 1003,[\n]"
12:58:15.650 [main] DEBUG org.apache.http.wire -- http-outgoing-5 << "            "date": "2024-08-10",[\n]"
12:58:15.650 [main] DEBUG org.apache.http.wire -- http-outgoing-5 << "            "type": "purchase",[\n]"
12:58:15.650 [main] DEBUG org.apache.http.wire -- http-outgoing-5 << "            "amount": 75.5,[\n]"
12:58:15.650 [main] DEBUG org.apache.http.wire -- http-outgoing-5 << "      "
12:58:15.650 [main] DEBUG org.apache.http.wire -- http-outgoing-5 << "      "description": "Grocery shopping"[\n]"
12:58:15.650 [main] DEBUG org.apache.http.wire -- http-outgoing-5 << "          }[\n]"
12:58:15.650 [main] DEBUG org.apache.http.wire -- http-outgoing-5 << "        ][\n]"
12:58:15.650 [main] DEBUG org.apache.http.wire -- http-outgoing-5 << "      }[\n]"
12:58:15.650 [main] DEBUG org.apache.http.wire -- http-outgoing-5 << "    ],[\n]"
12:58:15.650 [main] DEBUG org.apache.http.wire -- http-outgoing-5 << "    "loans": [[\n]"
12:58:15.650 [main] DEBUG org.apache.http.wire -- http-outgoing-5 << "      {[\n]"
12:58:15.650 [main] DEBUG org.apache.http.wire -- http-outgoing-5 << "        "loanId": 201,[\n]"
12:58:15.650 [main] DEBUG org.apache.http.wire -- http-outgoing-5 << "        "type": "personal",[\n]"
12:58:15.650 [main] DEBUG org.apache.http.wire -- http-outgoing-5 << "        "amount": 10000,[\n]"
12:58:15.650 [main] DEBUG org.apache.http.wire -- http-outgoing-5 << "        "interestRate": 4.5,[\n]"
12:58:15.650 [main] DEBUG org.apache.http.wire -- http-outgoing-5 << "        "term": "36 months",[\n]"
12:58:15.650 [main] DEBUG org.apache.http.wire -- http-outgoing-5 << "        "balance": 8500,[\n]"
12:58:15.650 [main] DEBUG org.apache.http.wire -- http-outgoing-5 << "        "dueDate": "2024-09-10",[\n]"
12:58:15.650 [main] DEBUG org.apache.http.wire -- http-outgoing-5 << "        "payments": [[\n]"
12:58:15.650 [main] DEBUG org.apache.http.wire -- http-outgoing-5 << "          {[\n]"
12:58:15.650 [main] DEBUG org.apache.http.wire -- http-outgoing-5 << "            "paymentId": 3001,[\n]"
12:58:15.650 [main] DEBUG org.apache.http.wire -- http-outgoing-5 << "            "date": "2024-08-01",[\n]"
12:58:15.650 [main] DEBUG org.apache.http.wire -- http-outgoing-5 << "            "amount": 500,[\n]"
12:58:15.650 [main] DEBUG org.apache.http.wire -- http-outgoing-5 << "            "status": "completed"[\n]"
12:58:15.650 [main] DEBUG org.apache.http.wire -- http-outgoing-5 << "          }[\n]"
12:58:15.650 [main] DEBUG org.apache.http.wire -- http-outgoing-5 << "        ][\n]"
12:58:15.650 [main] DEBUG org.apache.http.wire -- http-outgoing-5 << "      }[\n]"
12:58:15.650 [main] DEBUG org.apache.http.wire -- http-outgoing-5 << "    ],[\n]"
12:58:15.650 [main] DEBUG org.apache.http.wire -- http-outgoing-5 << "    "creditCards": [[\n]"
12:58:15.650 [main] DEBUG org.apache.http.wire -- http-outgoing-5 << "      {[\n]"
12:58:15.650 [main] DEBUG org.apache.http.wire -- http-outgoing-5 << "        "cardId": 301,[\n]"
12:58:15.650 [main] DEBUG org.apache.http.wire -- http-outgoing-5 << "        "type": "visa",[\n]"
12:58:15.650 [main] DEBUG org.apache.http.wire -- http-outgoing-5 << "        "limit": 5000,[\n]"
12:58:15.650 [main] DEBUG org.apache.http.wire -- http-outgoing-5 << "        "balance": 1200,[\n]"
12:58:15.650 [main] DEBUG org.apache.http.wire -- http-outgoing-5 << "        "transactions": [[\n]"
12:58:15.650 [main] DEBUG org.apache.http.wire -- http-outgoing-5 << "          {[\n]"
12:58:15.650 [main] DEBUG org.apache.http.wire -- http-outgoing-5 << "            "transactionId": 4001,[\n]"
12:58:15.650 [main] DEBUG org.apache.http.wire -- http-outgoing-5 << "            "date": "2024-08-15",[\n]"
12:58:15.650 [main] DEBUG org.apache.http.wire -- http-outgoing-5 << "            "amount": 150,[\n]"
12:58:15.650 [main] DEBUG org.apache.http.wire -- http-outgoing-5 << "            "description": "Online shopping"[\n]"
12:58:15.650 [main] DEBUG org.apache.http.wire -- http-outgoing-5 << "          }[\n]"
12:58:15.650 [main] DEBUG org.apache.http.wire -- http-outgoing-5 << "        ][\n]"
12:58:15.650 [main] DEBUG org.apache.http.wire -- http-outgoing-5 << "      }[\n]"
12:58:15.650 [main] DEBUG org.apache.http.wire -- http-outgoing-5 << "    ][\n]"
12:58:15.650 [main] DEBUG org.apache.http.wire -- http-outgoing-5 << "  },[\n]"
12:58:15.650 [main] DEBUG org.apache.http.wire -- http-outgoing-5 << "  {[\n]"
12:58:15.650 [main] DEBUG org.apache.http.wire -- http-outgoing-5 << "    "id": "Cstd306",[\n]"
12:58:15.650 [main] DEBUG org.apache.http.wire -- http-outgoing-5 << "    "customerId": 306,[\n]"
12:58:15.650 [main] DEBUG org.apache.http.wire -- http-outgoing-5 << "    "name": "DDDD",[\n]"
12:58:15.650 [main] DEBUG org.apache.http.wire -- http-outgoing-5 << "    "email": "DDDDD.doe@example.com",[\n]"
12:58:15.650 [main] DEBUG org.apache.http.wire -- http-outgoing-5 << "    "phone": "66666-1234",[\n]"
12:58:15.650 [main] DEBUG org.apache.http.wire -- http-outgoing-5 << "    "address": {[\n]"
12:58:15.650 [main] DEBUG org.apache.http.wire -- http-outgoing-5 << "      "street": "123 Main St",[\n]"
12:58:15.650 [main] DEBUG org.apache.http.wire -- http-outgoing-5 << "      "cit"
12:58:15.650 [main] DEBUG org.apache.http.wire -- http-outgoing-5 << "y": "New York",[\n]"
12:58:15.650 [main] DEBUG org.apache.http.wire -- http-outgoing-5 << "      "state": "NY",[\n]"
12:58:15.650 [main] DEBUG org.apache.http.wire -- http-outgoing-5 << "      "zip": "30200"[\n]"
12:58:15.650 [main] DEBUG org.apache.http.wire -- http-outgoing-5 << "    },[\n]"
12:58:15.650 [main] DEBUG org.apache.http.wire -- http-outgoing-5 << "    "accounts": [[\n]"
12:58:15.650 [main] DEBUG org.apache.http.wire -- http-outgoing-5 << "      {[\n]"
12:58:15.650 [main] DEBUG org.apache.http.wire -- http-outgoing-5 << "        "accountId": 101,[\n]"
12:58:15.650 [main] DEBUG org.apache.http.wire -- http-outgoing-5 << "        "type": "savings",[\n]"
12:58:15.650 [main] DEBUG org.apache.http.wire -- http-outgoing-5 << "        "balance": 5000.75,[\n]"
12:58:15.651 [main] DEBUG org.apache.http.wire -- http-outgoing-5 << "        "currency": "USD",[\n]"
12:58:15.651 [main] DEBUG org.apache.http.wire -- http-outgoing-5 << "        "transactions": [[\n]"
12:58:15.651 [main] DEBUG org.apache.http.wire -- http-outgoing-5 << "          {[\n]"
12:58:15.651 [main] DEBUG org.apache.http.wire -- http-outgoing-5 << "            "transactionId": 1001,[\n]"
12:58:15.651 [main] DEBUG org.apache.http.wire -- http-outgoing-5 << "            "date": "2024-08-01",[\n]"
12:58:15.651 [main] DEBUG org.apache.http.wire -- http-outgoing-5 << "            "type": "deposit",[\n]"
12:58:15.651 [main] DEBUG org.apache.http.wire -- http-outgoing-5 << "            "amount": 1000,[\n]"
12:58:15.651 [main] DEBUG org.apache.http.wire -- http-outgoing-5 << "            "description": "Paycheck deposit"[\n]"
12:58:15.651 [main] DEBUG org.apache.http.wire -- http-outgoing-5 << "          },[\n]"
12:58:15.651 [main] DEBUG org.apache.http.wire -- http-outgoing-5 << "          {[\n]"
12:58:15.651 [main] DEBUG org.apache.http.wire -- http-outgoing-5 << "            "transactionId": 1002,[\n]"
12:58:15.651 [main] DEBUG org.apache.http.wire -- http-outgoing-5 << "            "date": "2024-08-05",[\n]"
12:58:15.651 [main] DEBUG org.apache.http.wire -- http-outgoing-5 << "            "type": "withdrawal",[\n]"
12:58:15.651 [main] DEBUG org.apache.http.wire -- http-outgoing-5 << "            "amount": 200,[\n]"
12:58:15.651 [main] DEBUG org.apache.http.wire -- http-outgoing-5 << "            "description": "ATM withdrawal"[\n]"
12:58:15.651 [main] DEBUG org.apache.http.wire -- http-outgoing-5 << "          }[\n]"
12:58:15.651 [main] DEBUG org.apache.http.wire -- http-outgoing-5 << "        ][\n]"
12:58:15.651 [main] DEBUG org.apache.http.wire -- http-outgoing-5 << "      },[\n]"
12:58:15.651 [main] DEBUG org.apache.http.wire -- http-outgoing-5 << "      {[\n]"
12:58:15.651 [main] DEBUG org.apache.http.wire -- http-outgoing-5 << "        "accountId": 102,[\n]"
12:58:15.651 [main] DEBUG org.apache.http.wire -- http-outgoing-5 << "        "type": "checking",[\n]"
12:58:15.651 [main] DEBUG org.apache.http.wire -- http-outgoing-5 << "        "balance": 1250,[\n]"
12:58:15.651 [main] DEBUG org.apache.http.wire -- http-outgoing-5 << "        "currency": "USD",[\n]"
12:58:15.651 [main] DEBUG org.apache.http.wire -- http-outgoing-5 << "        "transactions": [[\n]"
12:58:15.651 [main] DEBUG org.apache.http.wire -- http-outgoing-5 << "          {[\n]"
12:58:15.651 [main] DEBUG org.apache.http.wire -- http-outgoing-5 << "            "transactionId": 1003,[\n]"
12:58:15.651 [main] DEBUG org.apache.http.wire -- http-outgoing-5 << "            "date": "2024-08-10",[\n]"
12:58:15.651 [main] DEBUG org.apache.http.wire -- http-outgoing-5 << "            "type": "purchase",[\n]"
12:58:15.651 [main] DEBUG org.apache.http.wire -- http-outgoing-5 << "            "amount": 75.5,[\n]"
12:58:15.651 [main] DEBUG org.apache.http.wire -- http-outgoing-5 << "            "description": "Grocery shopping"[\n]"
12:58:15.651 [main] DEBUG org.apache.http.wire -- http-outgoing-5 << "          }[\n]"
12:58:15.651 [main] DEBUG org.apache.http.wire -- http-outgoing-5 << "        ][\n]"
12:58:15.651 [main] DEBUG org.apache.http.wire -- http-outgoing-5 << "      }[\n]"
12:58:15.651 [main] DEBUG org.apache.http.wire -- http-outgoing-5 << "    ],[\n]"
12:58:15.651 [main] DEBUG org.apache.http.wire -- http-outgoing-5 << "    "loans": [[\n]"
12:58:15.651 [main] DEBUG org.apache.http.wire -- http-outgoing-5 << "    "
12:58:15.651 [main] DEBUG org.apache.http.wire -- http-outgoing-5 << "  {[\n]"
12:58:15.651 [main] DEBUG org.apache.http.wire -- http-outgoing-5 << "        "loanId": 201,[\n]"
12:58:15.651 [main] DEBUG org.apache.http.wire -- http-outgoing-5 << "        "type": "personal",[\n]"
12:58:15.651 [main] DEBUG org.apache.http.wire -- http-outgoing-5 << "        "amount": 10000,[\n]"
12:58:15.651 [main] DEBUG org.apache.http.wire -- http-outgoing-5 << "        "interestRate": 4.5,[\n]"
12:58:15.651 [main] DEBUG org.apache.http.wire -- http-outgoing-5 << "        "term": "36 months",[\n]"
12:58:15.651 [main] DEBUG org.apache.http.wire -- http-outgoing-5 << "        "balance": 8500,[\n]"
12:58:15.651 [main] DEBUG org.apache.http.wire -- http-outgoing-5 << "        "dueDate": "2024-09-10",[\n]"
12:58:15.651 [main] DEBUG org.apache.http.wire -- http-outgoing-5 << "        "payments": [[\n]"
12:58:15.651 [main] DEBUG org.apache.http.wire -- http-outgoing-5 << "          {[\n]"
12:58:15.651 [main] DEBUG org.apache.http.wire -- http-outgoing-5 << "            "paymentId": 3001,[\n]"
12:58:15.651 [main] DEBUG org.apache.http.wire -- http-outgoing-5 << "            "date": "2024-08-01",[\n]"
12:58:15.651 [main] DEBUG org.apache.http.wire -- http-outgoing-5 << "            "amount": 500,[\n]"
12:58:15.651 [main] DEBUG org.apache.http.wire -- http-outgoing-5 << "            "status": "completed"[\n]"
12:58:15.651 [main] DEBUG org.apache.http.wire -- http-outgoing-5 << "          }[\n]"
12:58:15.651 [main] DEBUG org.apache.http.wire -- http-outgoing-5 << "        ][\n]"
12:58:15.651 [main] DEBUG org.apache.http.wire -- http-outgoing-5 << "      }[\n]"
12:58:15.651 [main] DEBUG org.apache.http.wire -- http-outgoing-5 << "    ],[\n]"
12:58:15.651 [main] DEBUG org.apache.http.wire -- http-outgoing-5 << "    "creditCards": [[\n]"
12:58:15.651 [main] DEBUG org.apache.http.wire -- http-outgoing-5 << "      {[\n]"
12:58:15.651 [main] DEBUG org.apache.http.wire -- http-outgoing-5 << "        "cardId": 301,[\n]"
12:58:15.651 [main] DEBUG org.apache.http.wire -- http-outgoing-5 << "        "type": "visa",[\n]"
12:58:15.651 [main] DEBUG org.apache.http.wire -- http-outgoing-5 << "        "limit": 5000,[\n]"
12:58:15.651 [main] DEBUG org.apache.http.wire -- http-outgoing-5 << "        "balance": 1200,[\n]"
12:58:15.651 [main] DEBUG org.apache.http.wire -- http-outgoing-5 << "        "transactions": [[\n]"
12:58:15.651 [main] DEBUG org.apache.http.wire -- http-outgoing-5 << "          {[\n]"
12:58:15.651 [main] DEBUG org.apache.http.wire -- http-outgoing-5 << "            "transactionId": 4001,[\n]"
12:58:15.651 [main] DEBUG org.apache.http.wire -- http-outgoing-5 << "            "date": "2024-08-15",[\n]"
12:58:15.651 [main] DEBUG org.apache.http.wire -- http-outgoing-5 << "            "amount": 150,[\n]"
12:58:15.651 [main] DEBUG org.apache.http.wire -- http-outgoing-5 << "            "description": "Online shopping"[\n]"
12:58:15.651 [main] DEBUG org.apache.http.wire -- http-outgoing-5 << "          }[\n]"
12:58:15.651 [main] DEBUG org.apache.http.wire -- http-outgoing-5 << "        ][\n]"
12:58:15.651 [main] DEBUG org.apache.http.wire -- http-outgoing-5 << "      }[\n]"
12:58:15.651 [main] DEBUG org.apache.http.wire -- http-outgoing-5 << "    ][\n]"
12:58:15.651 [main] DEBUG org.apache.http.wire -- http-outgoing-5 << "  },[\n]"
12:58:15.651 [main] DEBUG org.apache.http.wire -- http-outgoing-5 << "  {[\n]"
12:58:15.651 [main] DEBUG org.apache.http.wire -- http-outgoing-5 << "    "id": "Cstd311",[\n]"
12:58:15.651 [main] DEBUG org.apache.http.wire -- http-outgoing-5 << "    "customerId": 311,[\n]"
12:58:15.651 [main] DEBUG org.apache.http.wire -- http-outgoing-5 << "    "name": "Jana",[\n]"
12:58:15.651 [main] DEBUG org.apache.http.wire -- http-outgoing-5 << "    "email": "Cust311@email.com",[\n]"
12:58:15.651 [main] DEBUG org.apache.http.wire -- http-outgoing-5 << "    "phone": "77777-1234",[\n]"
12:58:15.651 [main] DEBUG org.apache.http.wire -- http-outgoing-5 << "    "address": {[\n]"
12:58:15.651 [main] DEBUG org.apache.http.wire -- http-outgoing-5 << "      "street": "123 Main St",[\n]"
12:58:15.651 [main] DEBUG org.apache.http.wire -- http-outgoing-5 << "      "city": "New York",[\n]"
12:58:15.651 [main] DEBUG org.apache.http.wire -- http-outgoing-5 << "      "state": "NY",[\n]"
12:58:15.651 [main] DEBUG org.apache.http.wire -- http-outgoing-5 << "      "zip": "31100"[\n]"
12:58:15.651 [main] DEBUG org.apache.http.wire -- http-outgoing-5 << "    },[\n]"
12:58:15.651 [main] DEBUG org.apache.http.wire -- http-outgoing-5 << "    "accounts": [[\n]"
12:58:15.651 [main] DEBUG org.apache.http.wire -- http-outgoing-5 << "      {[\n]"
12:58:15.651 [main] DEBUG org.apache.http.wire -- http-outgoing-5 << "        ""
12:58:15.651 [main] DEBUG org.apache.http.wire -- http-outgoing-5 << "accountId": 101,[\n]"
12:58:15.652 [main] DEBUG org.apache.http.wire -- http-outgoing-5 << "        "type": "savings",[\n]"
12:58:15.653 [main] DEBUG org.apache.http.wire -- http-outgoing-5 << "        "balance": 5000.75,[\n]"
12:58:15.653 [main] DEBUG org.apache.http.wire -- http-outgoing-5 << "        "currency": "USD",[\n]"
12:58:15.653 [main] DEBUG org.apache.http.wire -- http-outgoing-5 << "        "transactions": [[\n]"
12:58:15.653 [main] DEBUG org.apache.http.wire -- http-outgoing-5 << "          {[\n]"
12:58:15.653 [main] DEBUG org.apache.http.wire -- http-outgoing-5 << "            "transactionId": 1001,[\n]"
12:58:15.653 [main] DEBUG org.apache.http.wire -- http-outgoing-5 << "            "date": "2024-08-01",[\n]"
12:58:15.653 [main] DEBUG org.apache.http.wire -- http-outgoing-5 << "            "type": "deposit",[\n]"
12:58:15.653 [main] DEBUG org.apache.http.wire -- http-outgoing-5 << "            "amount": 1000,[\n]"
12:58:15.653 [main] DEBUG org.apache.http.wire -- http-outgoing-5 << "            "description": "Paycheck deposit"[\n]"
12:58:15.653 [main] DEBUG org.apache.http.wire -- http-outgoing-5 << "          },[\n]"
12:58:15.653 [main] DEBUG org.apache.http.wire -- http-outgoing-5 << "          {[\n]"
12:58:15.653 [main] DEBUG org.apache.http.wire -- http-outgoing-5 << "            "transactionId": 1002,[\n]"
12:58:15.653 [main] DEBUG org.apache.http.wire -- http-outgoing-5 << "            "date": "2024-08-05",[\n]"
12:58:15.653 [main] DEBUG org.apache.http.wire -- http-outgoing-5 << "            "type": "withdrawal",[\n]"
12:58:15.653 [main] DEBUG org.apache.http.wire -- http-outgoing-5 << "            "amount": 200,[\n]"
12:58:15.653 [main] DEBUG org.apache.http.wire -- http-outgoing-5 << "            "description": "ATM withdrawal"[\n]"
12:58:15.653 [main] DEBUG org.apache.http.wire -- http-outgoing-5 << "          }[\n]"
12:58:15.653 [main] DEBUG org.apache.http.wire -- http-outgoing-5 << "        ][\n]"
12:58:15.653 [main] DEBUG org.apache.http.wire -- http-outgoing-5 << "      },[\n]"
12:58:15.653 [main] DEBUG org.apache.http.wire -- http-outgoing-5 << "      {[\n]"
12:58:15.653 [main] DEBUG org.apache.http.wire -- http-outgoing-5 << "        "accountId": 102,[\n]"
12:58:15.653 [main] DEBUG org.apache.http.wire -- http-outgoing-5 << "        "type": "checking",[\n]"
12:58:15.653 [main] DEBUG org.apache.http.wire -- http-outgoing-5 << "        "balance": 1250,[\n]"
12:58:15.653 [main] DEBUG org.apache.http.wire -- http-outgoing-5 << "        "currency": "USD",[\n]"
12:58:15.653 [main] DEBUG org.apache.http.wire -- http-outgoing-5 << "        "transactions": [[\n]"
12:58:15.653 [main] DEBUG org.apache.http.wire -- http-outgoing-5 << "          {[\n]"
12:58:15.653 [main] DEBUG org.apache.http.wire -- http-outgoing-5 << "            "transactionId": 1003,[\n]"
12:58:15.653 [main] DEBUG org.apache.http.wire -- http-outgoing-5 << "            "date": "2024-08-10",[\n]"
12:58:15.653 [main] DEBUG org.apache.http.wire -- http-outgoing-5 << "            "type": "purchase",[\n]"
12:58:15.653 [main] DEBUG org.apache.http.wire -- http-outgoing-5 << "            "amount": 75.5,[\n]"
12:58:15.653 [main] DEBUG org.apache.http.wire -- http-outgoing-5 << "            "description": "Grocery shopping"[\n]"
12:58:15.653 [main] DEBUG org.apache.http.wire -- http-outgoing-5 << "          }[\n]"
12:58:15.653 [main] DEBUG org.apache.http.wire -- http-outgoing-5 << "        ][\n]"
12:58:15.653 [main] DEBUG org.apache.http.wire -- http-outgoing-5 << "      }[\n]"
12:58:15.653 [main] DEBUG org.apache.http.wire -- http-outgoing-5 << "    ],[\n]"
12:58:15.653 [main] DEBUG org.apache.http.wire -- http-outgoing-5 << "    "loans": [[\n]"
12:58:15.653 [main] DEBUG org.apache.http.wire -- http-outgoing-5 << "      {[\n]"
12:58:15.653 [main] DEBUG org.apache.http.wire -- http-outgoing-5 << "        "loanId": 201,[\n]"
12:58:15.653 [main] DEBUG org.apache.http.wire -- http-outgoing-5 << "        "type": "personal",[\n]"
12:58:15.653 [main] DEBUG org.apache.http.wire -- http-outgoing-5 << "        "amount": 10000,[\n]"
12:58:15.653 [main] DEBUG org.apache.http.wire -- http-outgoing-5 << "        "interestRat"
12:58:15.653 [main] DEBUG org.apache.http.wire -- http-outgoing-5 << "e": 4.5,[\n]"
12:58:15.653 [main] DEBUG org.apache.http.wire -- http-outgoing-5 << "        "term": "36 months",[\n]"
12:58:15.653 [main] DEBUG org.apache.http.wire -- http-outgoing-5 << "        "balance": 8500,[\n]"
12:58:15.653 [main] DEBUG org.apache.http.wire -- http-outgoing-5 << "        "dueDate": "2024-09-10",[\n]"
12:58:15.653 [main] DEBUG org.apache.http.wire -- http-outgoing-5 << "        "payments": [[\n]"
12:58:15.653 [main] DEBUG org.apache.http.wire -- http-outgoing-5 << "          {[\n]"
12:58:15.653 [main] DEBUG org.apache.http.wire -- http-outgoing-5 << "            "paymentId": 3001,[\n]"
12:58:15.653 [main] DEBUG org.apache.http.wire -- http-outgoing-5 << "            "date": "2024-08-01",[\n]"
12:58:15.653 [main] DEBUG org.apache.http.wire -- http-outgoing-5 << "            "amount": 500,[\n]"
12:58:15.653 [main] DEBUG org.apache.http.wire -- http-outgoing-5 << "            "status": "completed"[\n]"
12:58:15.653 [main] DEBUG org.apache.http.wire -- http-outgoing-5 << "          }[\n]"
12:58:15.653 [main] DEBUG org.apache.http.wire -- http-outgoing-5 << "        ][\n]"
12:58:15.653 [main] DEBUG org.apache.http.wire -- http-outgoing-5 << "      }[\n]"
12:58:15.653 [main] DEBUG org.apache.http.wire -- http-outgoing-5 << "    ],[\n]"
12:58:15.653 [main] DEBUG org.apache.http.wire -- http-outgoing-5 << "    "creditCards": [[\n]"
12:58:15.653 [main] DEBUG org.apache.http.wire -- http-outgoing-5 << "      {[\n]"
12:58:15.653 [main] DEBUG org.apache.http.wire -- http-outgoing-5 << "        "cardId": 301,[\n]"
12:58:15.653 [main] DEBUG org.apache.http.wire -- http-outgoing-5 << "        "type": "visa",[\n]"
12:58:15.653 [main] DEBUG org.apache.http.wire -- http-outgoing-5 << "        "limit": 5000,[\n]"
12:58:15.653 [main] DEBUG org.apache.http.wire -- http-outgoing-5 << "        "balance": 1200,[\n]"
12:58:15.653 [main] DEBUG org.apache.http.wire -- http-outgoing-5 << "        "transactions": [[\n]"
12:58:15.653 [main] DEBUG org.apache.http.wire -- http-outgoing-5 << "          {[\n]"
12:58:15.653 [main] DEBUG org.apache.http.wire -- http-outgoing-5 << "            "transactionId": 4001,[\n]"
12:58:15.653 [main] DEBUG org.apache.http.wire -- http-outgoing-5 << "            "date": "2024-08-15",[\n]"
12:58:15.653 [main] DEBUG org.apache.http.wire -- http-outgoing-5 << "            "amount": 150,[\n]"
12:58:15.653 [main] DEBUG org.apache.http.wire -- http-outgoing-5 << "            "description": "Online shopping"[\n]"
12:58:15.653 [main] DEBUG org.apache.http.wire -- http-outgoing-5 << "          }[\n]"
12:58:15.653 [main] DEBUG org.apache.http.wire -- http-outgoing-5 << "        ][\n]"
12:58:15.653 [main] DEBUG org.apache.http.wire -- http-outgoing-5 << "      }[\n]"
12:58:15.653 [main] DEBUG org.apache.http.wire -- http-outgoing-5 << "    ][\n]"
12:58:15.653 [main] DEBUG org.apache.http.wire -- http-outgoing-5 << "  }[\n]"
12:58:15.653 [main] DEBUG org.apache.http.wire -- http-outgoing-5 << "]"
12:58:15.653 [main] DEBUG org.apache.http.impl.conn.PoolingHttpClientConnectionManager -- Connection [id: 5][route: {}->http://localhost:3000] can be kept alive for 5.0 seconds
12:58:15.653 [main] DEBUG org.apache.http.impl.conn.DefaultManagedHttpClientConnection -- http-outgoing-5: set socket timeout to 0
12:58:15.653 [main] DEBUG org.apache.http.impl.conn.PoolingHttpClientConnectionManager -- Connection released: [id: 5][route: {}->http://localhost:3000][total available: 1; route allocated: 1 of 5; total allocated: 1 of 10]
12:58:15.653 [main] DEBUG org.apache.http.impl.conn.PoolingHttpClientConnectionManager -- Connection manager is shutting down
12:58:15.653 [main] DEBUG org.apache.http.impl.conn.DefaultManagedHttpClientConnection -- http-outgoing-5: Close connection
12:58:15.654 [main] DEBUG org.apache.http.impl.conn.PoolingHttpClientConnectionManager -- Connection manager shut down
12:58:15.654 [main] DEBUG com.intuit.karate -- response time in milliseconds: 11
2 < 200
2 < X-Powered-By: tinyhttp
2 < Access-Control-Allow-Origin: *
2 < Access-Control-Allow-Methods: GET, HEAD, PUT, PATCH, POST, DELETE
2 < Access-Control-Allow-Headers: content-type
2 < Content-Type: application/json
2 < Date: Sun, 08 Sep 2024 07:28:15 GMT
2 < Connection: keep-alive
2 < Keep-Alive: timeout=5
2 < Content-Length: 14648
[
  {
    "customerId": 1,
    "name": "John Doe",
    "email": "john.doe@example.com",
    "phone": "555-1234",
    "address": {
      "street": "123 Main St",
      "city": "New York",
      "state": "NY",
      "zip": "10001"
    },
    "accounts": [
      {
        "accountId": 101,
        "type": "savings",
        "balance": 5000.75,
        "currency": "USD",
        "transactions": [
          {
            "transactionId": 1001,
            "date": "2024-08-01",
            "type": "deposit",
            "amount": 1000,
            "description": "Paycheck deposit"
          },
          {
            "transactionId": 1002,
            "date": "2024-08-05",
            "type": "withdrawal",
            "amount": 200,
            "description": "ATM withdrawal"
          }
        ]
      },
      {
        "accountId": 102,
        "type": "checking",
        "balance": 1250,
        "currency": "USD",
        "transactions": [
          {
            "transactionId": 1003,
            "date": "2024-08-10",
            "type": "purchase",
            "amount": 75.5,
            "description": "Grocery shopping"
          }
        ]
      }
    ],
    "loans": [
      {
        "loanId": 201,
        "type": "personal",
        "amount": 10000,
        "interestRate": 4.5,
        "term": "36 months",
        "balance": 8500,
        "dueDate": "2024-09-10",
        "payments": [
          {
            "paymentId": 3001,
            "date": "2024-08-01",
            "amount": 500,
            "status": "completed"
          }
        ]
      }
    ],
    "creditCards": [
      {
        "cardId": 301,
        "type": "visa",
        "limit": 5000,
        "balance": 1200,
        "transactions": [
          {
            "transactionId": 4001,
            "date": "2024-08-15",
            "amount": 150,
            "description": "Online shopping"
          }
        ]
      }
    ],
    "id": "dae6"
  },
  {
    "customerId": 2,
    "name": "Jane Smith",
    "email": "jane.smith@example.com",
    "phone": "555-5678",
    "address": {
      "street": "456 Oak St",
      "city": "San Francisco",
      "state": "CA",
      "zip": "94107"
    },
    "accounts": [
      {
        "accountId": 103,
        "type": "savings",
        "balance": 7800,
        "currency": "USD",
        "transactions": [
          {
            "transactionId": 1004,
            "date": "2024-08-20",
            "type": "deposit",
            "amount": 1500,
            "description": "Freelance work"
          }
        ]
      }
    ],
    "loans": [],
    "creditCards": [
      {
        "cardId": 302,
        "type": "mastercard",
        "limit": 10000,
        "balance": 3000,
        "transactions": [
          {
            "transactionId": 4002,
            "date": "2024-08-22",
            "amount": 500,
            "description": "Flight ticket"
          }
        ]
      }
    ],
    "id": "964b"
  },
  {
    "customerId": 10,
    "name": "BBBBB",
    "email": "AAAAA.doe@example.com",
    "phone": "555-1234",
    "address": {
      "street": "123 Main St",
      "city": "New York",
      "state": "NY",
      "zip": "10001"
    },
    "accounts": [
      {
        "accountId": 200,
        "type": "savings",
        "balance": 5000.75,
        "currency": "USD",
        "transactions": [
          {
            "transactionId": 2001,
            "date": "2024-08-01",
            "type": "deposit",
            "amount": 1000,
            "description": "Paycheck deposit"
          },
          {
            "transactionId": 2002,
            "date": "2024-08-05",
            "type": "withdrawal",
            "amount": 200,
            "description": "ATM withdrawal"
          }
        ]
      },
      {
        "accountId": 201,
        "type": "checking",
        "balance": 1250,
        "currency": "USD",
        "transactions": [
          {
            "transactionId": 2003,
            "date": "2024-08-10",
            "type": "purchase",
            "amount": 75.5,
            "description": "Grocery shopping"
          }
        ]
      }
    ],
    "loans": [
      {
        "loanId": 201,
        "type": "personal",
        "amount": 10000,
        "interestRate": 4.5,
        "term": "36 months",
        "balance": 8500,
        "dueDate": "2024-09-10",
        "payments": [
          {
            "paymentId": 3001,
            "date": "2024-08-01",
            "amount": 500,
            "status": "completed"
          }
        ]
      }
    ],
    "creditCards": [
      {
        "cardId": 301,
        "type": "visa",
        "limit": 5000,
        "balance": 1200,
        "transactions": [
          {
            "transactionId": 4001,
            "date": "2024-08-15",
            "amount": 150,
            "description": "Online shopping"
          }
        ]
      }
    ],
    "id": "090d"
  },
  {
    "id": "dae6",
    "customerId": 304,
    "name": "DDDD",
    "email": "DDDDD.doe@example.com",
    "phone": "66666-1234",
    "address": {
      "street": "123 Main St",
      "city": "New York",
      "state": "NY",
      "zip": "30200"
    },
    "accounts": [
      {
        "accountId": 101,
        "type": "savings",
        "balance": 5000.75,
        "currency": "USD",
        "transactions": [
          {
            "transactionId": 1001,
            "date": "2024-08-01",
            "type": "deposit",
            "amount": 1000,
            "description": "Paycheck deposit"
          },
          {
            "transactionId": 1002,
            "date": "2024-08-05",
            "type": "withdrawal",
            "amount": 200,
            "description": "ATM withdrawal"
          }
        ]
      },
      {
        "accountId": 102,
        "type": "checking",
        "balance": 1250,
        "currency": "USD",
        "transactions": [
          {
            "transactionId": 1003,
            "date": "2024-08-10",
            "type": "purchase",
            "amount": 75.5,
            "description": "Grocery shopping"
          }
        ]
      }
    ],
    "loans": [
      {
        "loanId": 201,
        "type": "personal",
        "amount": 10000,
        "interestRate": 4.5,
        "term": "36 months",
        "balance": 8500,
        "dueDate": "2024-09-10",
        "payments": [
          {
            "paymentId": 3001,
            "date": "2024-08-01",
            "amount": 500,
            "status": "completed"
          }
        ]
      }
    ],
    "creditCards": [
      {
        "cardId": 301,
        "type": "visa",
        "limit": 5000,
        "balance": 1200,
        "transactions": [
          {
            "transactionId": 4001,
            "date": "2024-08-15",
            "amount": 150,
            "description": "Online shopping"
          }
        ]
      }
    ]
  },
  {
    "id": "dae6",
    "customerId": 305,
    "name": "DDDD",
    "email": "DDDDD.doe@example.com",
    "phone": "66666-1234",
    "address": {
      "street": "123 Main St",
      "city": "New York",
      "state": "NY",
      "zip": "30200"
    },
    "accounts": [
      {
        "accountId": 101,
        "type": "savings",
        "balance": 5000.75,
        "currency": "USD",
        "transactions": [
          {
            "transactionId": 1001,
            "date": "2024-08-01",
            "type": "deposit",
            "amount": 1000,
            "description": "Paycheck deposit"
          },
          {
            "transactionId": 1002,
            "date": "2024-08-05",
            "type": "withdrawal",
            "amount": 200,
            "description": "ATM withdrawal"
          }
        ]
      },
      {
        "accountId": 102,
        "type": "checking",
        "balance": 1250,
        "currency": "USD",
        "transactions": [
          {
            "transactionId": 1003,
            "date": "2024-08-10",
            "type": "purchase",
            "amount": 75.5,
            "description": "Grocery shopping"
          }
        ]
      }
    ],
    "loans": [
      {
        "loanId": 201,
        "type": "personal",
        "amount": 10000,
        "interestRate": 4.5,
        "term": "36 months",
        "balance": 8500,
        "dueDate": "2024-09-10",
        "payments": [
          {
            "paymentId": 3001,
            "date": "2024-08-01",
            "amount": 500,
            "status": "completed"
          }
        ]
      }
    ],
    "creditCards": [
      {
        "cardId": 301,
        "type": "visa",
        "limit": 5000,
        "balance": 1200,
        "transactions": [
          {
            "transactionId": 4001,
            "date": "2024-08-15",
            "amount": 150,
            "description": "Online shopping"
          }
        ]
      }
    ]
  },
  {
    "id": "dae6",
    "customerId": 305,
    "name": "DDDD",
    "email": "DDDDD.doe@example.com",
    "phone": "66666-1234",
    "address": {
      "street": "123 Main St",
      "city": "New York",
      "state": "NY",
      "zip": "30200"
    },
    "accounts": [
      {
        "accountId": 101,
        "type": "savings",
        "balance": 5000.75,
        "currency": "USD",
        "transactions": [
          {
            "transactionId": 1001,
            "date": "2024-08-01",
            "type": "deposit",
            "amount": 1000,
            "description": "Paycheck deposit"
          },
          {
            "transactionId": 1002,
            "date": "2024-08-05",
            "type": "withdrawal",
            "amount": 200,
            "description": "ATM withdrawal"
          }
        ]
      },
      {
        "accountId": 102,
        "type": "checking",
        "balance": 1250,
        "currency": "USD",
        "transactions": [
          {
            "transactionId": 1003,
            "date": "2024-08-10",
            "type": "purchase",
            "amount": 75.5,
            "description": "Grocery shopping"
          }
        ]
      }
    ],
    "loans": [
      {
        "loanId": 201,
        "type": "personal",
        "amount": 10000,
        "interestRate": 4.5,
        "term": "36 months",
        "balance": 8500,
        "dueDate": "2024-09-10",
        "payments": [
          {
            "paymentId": 3001,
            "date": "2024-08-01",
            "amount": 500,
            "status": "completed"
          }
        ]
      }
    ],
    "creditCards": [
      {
        "cardId": 301,
        "type": "visa",
        "limit": 5000,
        "balance": 1200,
        "transactions": [
          {
            "transactionId": 4001,
            "date": "2024-08-15",
            "amount": 150,
            "description": "Online shopping"
          }
        ]
      }
    ]
  },
  {
    "id": "Cstd306",
    "customerId": 306,
    "name": "DDDD",
    "email": "DDDDD.doe@example.com",
    "phone": "66666-1234",
    "address": {
      "street": "123 Main St",
      "city": "New York",
      "state": "NY",
      "zip": "30200"
    },
    "accounts": [
      {
        "accountId": 101,
        "type": "savings",
        "balance": 5000.75,
        "currency": "USD",
        "transactions": [
          {
            "transactionId": 1001,
            "date": "2024-08-01",
            "type": "deposit",
            "amount": 1000,
            "description": "Paycheck deposit"
          },
          {
            "transactionId": 1002,
            "date": "2024-08-05",
            "type": "withdrawal",
            "amount": 200,
            "description": "ATM withdrawal"
          }
        ]
      },
      {
        "accountId": 102,
        "type": "checking",
        "balance": 1250,
        "currency": "USD",
        "transactions": [
          {
            "transactionId": 1003,
            "date": "2024-08-10",
            "type": "purchase",
            "amount": 75.5,
            "description": "Grocery shopping"
          }
        ]
      }
    ],
    "loans": [
      {
        "loanId": 201,
        "type": "personal",
        "amount": 10000,
        "interestRate": 4.5,
        "term": "36 months",
        "balance": 8500,
        "dueDate": "2024-09-10",
        "payments": [
          {
            "paymentId": 3001,
            "date": "2024-08-01",
            "amount": 500,
            "status": "completed"
          }
        ]
      }
    ],
    "creditCards": [
      {
        "cardId": 301,
        "type": "visa",
        "limit": 5000,
        "balance": 1200,
        "transactions": [
          {
            "transactionId": 4001,
            "date": "2024-08-15",
            "amount": 150,
            "description": "Online shopping"
          }
        ]
      }
    ]
  },
  {
    "id": "Cstd311",
    "customerId": 311,
    "name": "Jana",
    "email": "Cust311@email.com",
    "phone": "77777-1234",
    "address": {
      "street": "123 Main St",
      "city": "New York",
      "state": "NY",
      "zip": "31100"
    },
    "accounts": [
      {
        "accountId": 101,
        "type": "savings",
        "balance": 5000.75,
        "currency": "USD",
        "transactions": [
          {
            "transactionId": 1001,
            "date": "2024-08-01",
            "type": "deposit",
            "amount": 1000,
            "description": "Paycheck deposit"
          },
          {
            "transactionId": 1002,
            "date": "2024-08-05",
            "type": "withdrawal",
            "amount": 200,
            "description": "ATM withdrawal"
          }
        ]
      },
      {
        "accountId": 102,
        "type": "checking",
        "balance": 1250,
        "currency": "USD",
        "transactions": [
          {
            "transactionId": 1003,
            "date": "2024-08-10",
            "type": "purchase",
            "amount": 75.5,
            "description": "Grocery shopping"
          }
        ]
      }
    ],
    "loans": [
      {
        "loanId": 201,
        "type": "personal",
        "amount": 10000,
        "interestRate": 4.5,
        "term": "36 months",
        "balance": 8500,
        "dueDate": "2024-09-10",
        "payments": [
          {
            "paymentId": 3001,
            "date": "2024-08-01",
            "amount": 500,
            "status": "completed"
          }
        ]
      }
    ],
    "creditCards": [
      {
        "cardId": 301,
        "type": "visa",
        "limit": 5000,
        "balance": 1200,
        "transactions": [
          {
            "transactionId": 4001,
            "date": "2024-08-15",
            "amount": 150,
            "description": "Online shopping"
          }
        ]
      }
    ]
  }
]

12:58:15.661 [main] INFO com.intuit.karate -- [print] [
  {
    "customerId": 1,
    "name": "John Doe",
    "email": "john.doe@example.com",
    "phone": "555-1234",
    "address": {
      "street": "123 Main St",
      "city": "New York",
      "state": "NY",
      "zip": "10001"
    },
    "accounts": [
      {
        "accountId": 101,
        "type": "savings",
        "balance": 5000.75,
        "currency": "USD",
        "transactions": [
          {
            "transactionId": 1001,
            "date": "2024-08-01",
            "type": "deposit",
            "amount": 1000,
            "description": "Paycheck deposit"
          },
          {
            "transactionId": 1002,
            "date": "2024-08-05",
            "type": "withdrawal",
            "amount": 200,
            "description": "ATM withdrawal"
          }
        ]
      },
      {
        "accountId": 102,
        "type": "checking",
        "balance": 1250,
        "currency": "USD",
        "transactions": [
          {
            "transactionId": 1003,
            "date": "2024-08-10",
            "type": "purchase",
            "amount": 75.5,
            "description": "Grocery shopping"
          }
        ]
      }
    ],
    "loans": [
      {
        "loanId": 201,
        "type": "personal",
        "amount": 10000,
        "interestRate": 4.5,
        "term": "36 months",
        "balance": 8500,
        "dueDate": "2024-09-10",
        "payments": [
          {
            "paymentId": 3001,
            "date": "2024-08-01",
            "amount": 500,
            "status": "completed"
          }
        ]
      }
    ],
    "creditCards": [
      {
        "cardId": 301,
        "type": "visa",
        "limit": 5000,
        "balance": 1200,
        "transactions": [
          {
            "transactionId": 4001,
            "date": "2024-08-15",
            "amount": 150,
            "description": "Online shopping"
          }
        ]
      }
    ],
    "id": "dae6"
  },
  {
    "customerId": 2,
    "name": "Jane Smith",
    "email": "jane.smith@example.com",
    "phone": "555-5678",
    "address": {
      "street": "456 Oak St",
      "city": "San Francisco",
      "state": "CA",
      "zip": "94107"
    },
    "accounts": [
      {
        "accountId": 103,
        "type": "savings",
        "balance": 7800,
        "currency": "USD",
        "transactions": [
          {
            "transactionId": 1004,
            "date": "2024-08-20",
            "type": "deposit",
            "amount": 1500,
            "description": "Freelance work"
          }
        ]
      }
    ],
    "loans": [
    ],
    "creditCards": [
      {
        "cardId": 302,
        "type": "mastercard",
        "limit": 10000,
        "balance": 3000,
        "transactions": [
          {
            "transactionId": 4002,
            "date": "2024-08-22",
            "amount": 500,
            "description": "Flight ticket"
          }
        ]
      }
    ],
    "id": "964b"
  },
  {
    "customerId": 10,
    "name": "BBBBB",
    "email": "AAAAA.doe@example.com",
    "phone": "555-1234",
    "address": {
      "street": "123 Main St",
      "city": "New York",
      "state": "NY",
      "zip": "10001"
    },
    "accounts": [
      {
        "accountId": 200,
        "type": "savings",
        "balance": 5000.75,
        "currency": "USD",
        "transactions": [
          {
            "transactionId": 2001,
            "date": "2024-08-01",
            "type": "deposit",
            "amount": 1000,
            "description": "Paycheck deposit"
          },
          {
            "transactionId": 2002,
            "date": "2024-08-05",
            "type": "withdrawal",
            "amount": 200,
            "description": "ATM withdrawal"
          }
        ]
      },
      {
        "accountId": 201,
        "type": "checking",
        "balance": 1250,
        "currency": "USD",
        "transactions": [
          {
            "transactionId": 2003,
            "date": "2024-08-10",
            "type": "purchase",
            "amount": 75.5,
            "description": "Grocery shopping"
          }
        ]
      }
    ],
    "loans": [
      {
        "loanId": 201,
        "type": "personal",
        "amount": 10000,
        "interestRate": 4.5,
        "term": "36 months",
        "balance": 8500,
        "dueDate": "2024-09-10",
        "payments": [
          {
            "paymentId": 3001,
            "date": "2024-08-01",
            "amount": 500,
            "status": "completed"
          }
        ]
      }
    ],
    "creditCards": [
      {
        "cardId": 301,
        "type": "visa",
        "limit": 5000,
        "balance": 1200,
        "transactions": [
          {
            "transactionId": 4001,
            "date": "2024-08-15",
            "amount": 150,
            "description": "Online shopping"
          }
        ]
      }
    ],
    "id": "090d"
  },
  {
    "id": "dae6",
    "customerId": 304,
    "name": "DDDD",
    "email": "DDDDD.doe@example.com",
    "phone": "66666-1234",
    "address": {
      "street": "123 Main St",
      "city": "New York",
      "state": "NY",
      "zip": "30200"
    },
    "accounts": [
      {
        "accountId": 101,
        "type": "savings",
        "balance": 5000.75,
        "currency": "USD",
        "transactions": [
          {
            "transactionId": 1001,
            "date": "2024-08-01",
            "type": "deposit",
            "amount": 1000,
            "description": "Paycheck deposit"
          },
          {
            "transactionId": 1002,
            "date": "2024-08-05",
            "type": "withdrawal",
            "amount": 200,
            "description": "ATM withdrawal"
          }
        ]
      },
      {
        "accountId": 102,
        "type": "checking",
        "balance": 1250,
        "currency": "USD",
        "transactions": [
          {
            "transactionId": 1003,
            "date": "2024-08-10",
            "type": "purchase",
            "amount": 75.5,
            "description": "Grocery shopping"
          }
        ]
      }
    ],
    "loans": [
      {
        "loanId": 201,
        "type": "personal",
        "amount": 10000,
        "interestRate": 4.5,
        "term": "36 months",
        "balance": 8500,
        "dueDate": "2024-09-10",
        "payments": [
          {
            "paymentId": 3001,
            "date": "2024-08-01",
            "amount": 500,
            "status": "completed"
          }
        ]
      }
    ],
    "creditCards": [
      {
        "cardId": 301,
        "type": "visa",
        "limit": 5000,
        "balance": 1200,
        "transactions": [
          {
            "transactionId": 4001,
            "date": "2024-08-15",
            "amount": 150,
            "description": "Online shopping"
          }
        ]
      }
    ]
  },
  {
    "id": "dae6",
    "customerId": 305,
    "name": "DDDD",
    "email": "DDDDD.doe@example.com",
    "phone": "66666-1234",
    "address": {
      "street": "123 Main St",
      "city": "New York",
      "state": "NY",
      "zip": "30200"
    },
    "accounts": [
      {
        "accountId": 101,
        "type": "savings",
        "balance": 5000.75,
        "currency": "USD",
        "transactions": [
          {
            "transactionId": 1001,
            "date": "2024-08-01",
            "type": "deposit",
            "amount": 1000,
            "description": "Paycheck deposit"
          },
          {
            "transactionId": 1002,
            "date": "2024-08-05",
            "type": "withdrawal",
            "amount": 200,
            "description": "ATM withdrawal"
          }
        ]
      },
      {
        "accountId": 102,
        "type": "checking",
        "balance": 1250,
        "currency": "USD",
        "transactions": [
          {
            "transactionId": 1003,
            "date": "2024-08-10",
            "type": "purchase",
            "amount": 75.5,
            "description": "Grocery shopping"
          }
        ]
      }
    ],
    "loans": [
      {
        "loanId": 201,
        "type": "personal",
        "amount": 10000,
        "interestRate": 4.5,
        "term": "36 months",
        "balance": 8500,
        "dueDate": "2024-09-10",
        "payments": [
          {
            "paymentId": 3001,
            "date": "2024-08-01",
            "amount": 500,
            "status": "completed"
          }
        ]
      }
    ],
    "creditCards": [
      {
        "cardId": 301,
        "type": "visa",
        "limit": 5000,
        "balance": 1200,
        "transactions": [
          {
            "transactionId": 4001,
            "date": "2024-08-15",
            "amount": 150,
            "description": "Online shopping"
          }
        ]
      }
    ]
  },
  {
    "id": "dae6",
    "customerId": 305,
    "name": "DDDD",
    "email": "DDDDD.doe@example.com",
    "phone": "66666-1234",
    "address": {
      "street": "123 Main St",
      "city": "New York",
      "state": "NY",
      "zip": "30200"
    },
    "accounts": [
      {
        "accountId": 101,
        "type": "savings",
        "balance": 5000.75,
        "currency": "USD",
        "transactions": [
          {
            "transactionId": 1001,
            "date": "2024-08-01",
            "type": "deposit",
            "amount": 1000,
            "description": "Paycheck deposit"
          },
          {
            "transactionId": 1002,
            "date": "2024-08-05",
            "type": "withdrawal",
            "amount": 200,
            "description": "ATM withdrawal"
          }
        ]
      },
      {
        "accountId": 102,
        "type": "checking",
        "balance": 1250,
        "currency": "USD",
        "transactions": [
          {
            "transactionId": 1003,
            "date": "2024-08-10",
            "type": "purchase",
            "amount": 75.5,
            "description": "Grocery shopping"
          }
        ]
      }
    ],
    "loans": [
      {
        "loanId": 201,
        "type": "personal",
        "amount": 10000,
        "interestRate": 4.5,
        "term": "36 months",
        "balance": 8500,
        "dueDate": "2024-09-10",
        "payments": [
          {
            "paymentId": 3001,
            "date": "2024-08-01",
            "amount": 500,
            "status": "completed"
          }
        ]
      }
    ],
    "creditCards": [
      {
        "cardId": 301,
        "type": "visa",
        "limit": 5000,
        "balance": 1200,
        "transactions": [
          {
            "transactionId": 4001,
            "date": "2024-08-15",
            "amount": 150,
            "description": "Online shopping"
          }
        ]
      }
    ]
  },
  {
    "id": "Cstd306",
    "customerId": 306,
    "name": "DDDD",
    "email": "DDDDD.doe@example.com",
    "phone": "66666-1234",
    "address": {
      "street": "123 Main St",
      "city": "New York",
      "state": "NY",
      "zip": "30200"
    },
    "accounts": [
      {
        "accountId": 101,
        "type": "savings",
        "balance": 5000.75,
        "currency": "USD",
        "transactions": [
          {
            "transactionId": 1001,
            "date": "2024-08-01",
            "type": "deposit",
            "amount": 1000,
            "description": "Paycheck deposit"
          },
          {
            "transactionId": 1002,
            "date": "2024-08-05",
            "type": "withdrawal",
            "amount": 200,
            "description": "ATM withdrawal"
          }
        ]
      },
      {
        "accountId": 102,
        "type": "checking",
        "balance": 1250,
        "currency": "USD",
        "transactions": [
          {
            "transactionId": 1003,
            "date": "2024-08-10",
            "type": "purchase",
            "amount": 75.5,
            "description": "Grocery shopping"
          }
        ]
      }
    ],
    "loans": [
      {
        "loanId": 201,
        "type": "personal",
        "amount": 10000,
        "interestRate": 4.5,
        "term": "36 months",
        "balance": 8500,
        "dueDate": "2024-09-10",
        "payments": [
          {
            "paymentId": 3001,
            "date": "2024-08-01",
            "amount": 500,
            "status": "completed"
          }
        ]
      }
    ],
    "creditCards": [
      {
        "cardId": 301,
        "type": "visa",
        "limit": 5000,
        "balance": 1200,
        "transactions": [
          {
            "transactionId": 4001,
            "date": "2024-08-15",
            "amount": 150,
            "description": "Online shopping"
          }
        ]
      }
    ]
  },
  {
    "id": "Cstd311",
    "customerId": 311,
    "name": "Jana",
    "email": "Cust311@email.com",
    "phone": "77777-1234",
    "address": {
      "street": "123 Main St",
      "city": "New York",
      "state": "NY",
      "zip": "31100"
    },
    "accounts": [
      {
        "accountId": 101,
        "type": "savings",
        "balance": 5000.75,
        "currency": "USD",
        "transactions": [
          {
            "transactionId": 1001,
            "date": "2024-08-01",
            "type": "deposit",
            "amount": 1000,
            "description": "Paycheck deposit"
          },
          {
            "transactionId": 1002,
            "date": "2024-08-05",
            "type": "withdrawal",
            "amount": 200,
            "description": "ATM withdrawal"
          }
        ]
      },
      {
        "accountId": 102,
        "type": "checking",
        "balance": 1250,
        "currency": "USD",
        "transactions": [
          {
            "transactionId": 1003,
            "date": "2024-08-10",
            "type": "purchase",
            "amount": 75.5,
            "description": "Grocery shopping"
          }
        ]
      }
    ],
    "loans": [
      {
        "loanId": 201,
        "type": "personal",
        "amount": 10000,
        "interestRate": 4.5,
        "term": "36 months",
        "balance": 8500,
        "dueDate": "2024-09-10",
        "payments": [
          {
            "paymentId": 3001,
            "date": "2024-08-01",
            "amount": 500,
            "status": "completed"
          }
        ]
      }
    ],
    "creditCards": [
      {
        "cardId": 301,
        "type": "visa",
        "limit": 5000,
        "balance": 1200,
        "transactions": [
          {
            "transactionId": 4001,
            "date": "2024-08-15",
            "amount": 150,
            "description": "Online shopping"
          }
        ]
      }
    ]
  }
]
 
12:58:15.665 [main] DEBUG com.jayway.jsonpath.internal.path.CompiledPath -- Evaluating path: $['id']
12:58:15.668 [main] DEBUG org.apache.http.client.protocol.RequestAddCookies -- CookieSpec selected: karate
12:58:15.668 [main] DEBUG org.apache.http.client.protocol.RequestAuthCache -- Auth cache not set in the context
12:58:15.668 [main] DEBUG com.intuit.karate -- request:
3 > DELETE http://localhost:3000/Customers/Cstd311
3 > Host: localhost:3000
3 > Connection: Keep-Alive
3 > User-Agent: Apache-HttpClient/4.5.14 (Java/21.0.3)
3 > Accept-Encoding: gzip,deflate


12:58:15.668 [main] DEBUG org.apache.http.impl.conn.PoolingHttpClientConnectionManager -- Connection request: [route: {}->http://localhost:3000][total available: 0; route allocated: 0 of 5; total allocated: 0 of 10]
12:58:15.668 [main] DEBUG org.apache.http.impl.conn.PoolingHttpClientConnectionManager -- Connection leased: [id: 6][route: {}->http://localhost:3000][total available: 0; route allocated: 1 of 5; total allocated: 1 of 10]
12:58:15.668 [main] DEBUG org.apache.http.impl.execchain.MainClientExec -- Opening connection {}->http://localhost:3000
12:58:15.668 [main] DEBUG org.apache.http.impl.conn.DefaultHttpClientConnectionOperator -- Connecting to localhost/127.0.0.1:3000
12:58:15.669 [main] DEBUG org.apache.http.impl.conn.DefaultHttpClientConnectionOperator -- Connection established 127.0.0.1:50714<->127.0.0.1:3000
12:58:15.670 [main] DEBUG org.apache.http.impl.conn.DefaultManagedHttpClientConnection -- http-outgoing-6: set socket timeout to 30000
12:58:15.670 [main] DEBUG org.apache.http.impl.execchain.MainClientExec -- Executing request DELETE /Customers/Cstd311 HTTP/1.1
12:58:15.670 [main] DEBUG org.apache.http.impl.execchain.MainClientExec -- Target auth state: UNCHALLENGED
12:58:15.670 [main] DEBUG org.apache.http.impl.execchain.MainClientExec -- Proxy auth state: UNCHALLENGED
12:58:15.670 [main] DEBUG org.apache.http.headers -- http-outgoing-6 >> DELETE /Customers/Cstd311 HTTP/1.1
12:58:15.670 [main] DEBUG org.apache.http.headers -- http-outgoing-6 >> Host: localhost:3000
12:58:15.670 [main] DEBUG org.apache.http.headers -- http-outgoing-6 >> Connection: Keep-Alive
12:58:15.670 [main] DEBUG org.apache.http.headers -- http-outgoing-6 >> User-Agent: Apache-HttpClient/4.5.14 (Java/21.0.3)
12:58:15.670 [main] DEBUG org.apache.http.headers -- http-outgoing-6 >> Accept-Encoding: gzip,deflate
12:58:15.670 [main] DEBUG org.apache.http.wire -- http-outgoing-6 >> "DELETE /Customers/Cstd311 HTTP/1.1[\r][\n]"
12:58:15.670 [main] DEBUG org.apache.http.wire -- http-outgoing-6 >> "Host: localhost:3000[\r][\n]"
12:58:15.670 [main] DEBUG org.apache.http.wire -- http-outgoing-6 >> "Connection: Keep-Alive[\r][\n]"
12:58:15.670 [main] DEBUG org.apache.http.wire -- http-outgoing-6 >> "User-Agent: Apache-HttpClient/4.5.14 (Java/21.0.3)[\r][\n]"
12:58:15.670 [main] DEBUG org.apache.http.wire -- http-outgoing-6 >> "Accept-Encoding: gzip,deflate[\r][\n]"
12:58:15.670 [main] DEBUG org.apache.http.wire -- http-outgoing-6 >> "[\r][\n]"
12:58:15.675 [main] DEBUG org.apache.http.wire -- http-outgoing-6 << "HTTP/1.1 200 OK[\r][\n]"
12:58:15.676 [main] DEBUG org.apache.http.wire -- http-outgoing-6 << "X-Powered-By: tinyhttp[\r][\n]"
12:58:15.676 [main] DEBUG org.apache.http.wire -- http-outgoing-6 << "Access-Control-Allow-Origin: *[\r][\n]"
12:58:15.676 [main] DEBUG org.apache.http.wire -- http-outgoing-6 << "Access-Control-Allow-Methods: GET, HEAD, PUT, PATCH, POST, DELETE[\r][\n]"
12:58:15.676 [main] DEBUG org.apache.http.wire -- http-outgoing-6 << "Access-Control-Allow-Headers: content-type[\r][\n]"
12:58:15.676 [main] DEBUG org.apache.http.wire -- http-outgoing-6 << "Content-Type: application/json[\r][\n]"
12:58:15.676 [main] DEBUG org.apache.http.wire -- http-outgoing-6 << "Date: Sun, 08 Sep 2024 07:28:15 GMT[\r][\n]"
12:58:15.676 [main] DEBUG org.apache.http.wire -- http-outgoing-6 << "Connection: keep-alive[\r][\n]"
12:58:15.676 [main] DEBUG org.apache.http.wire -- http-outgoing-6 << "Keep-Alive: timeout=5[\r][\n]"
12:58:15.676 [main] DEBUG org.apache.http.wire -- http-outgoing-6 << "Content-Length: 1772[\r][\n]"
12:58:15.676 [main] DEBUG org.apache.http.wire -- http-outgoing-6 << "[\r][\n]"
12:58:15.676 [main] DEBUG org.apache.http.wire -- http-outgoing-6 << "{[\n]"
12:58:15.676 [main] DEBUG org.apache.http.wire -- http-outgoing-6 << "  "id": "Cstd311",[\n]"
12:58:15.676 [main] DEBUG org.apache.http.wire -- http-outgoing-6 << "  "customerId": 311,[\n]"
12:58:15.676 [main] DEBUG org.apache.http.wire -- http-outgoing-6 << "  "name": "Jana",[\n]"
12:58:15.676 [main] DEBUG org.apache.http.wire -- http-outgoing-6 << "  "email": "Cust311@email.com",[\n]"
12:58:15.676 [main] DEBUG org.apache.http.wire -- http-outgoing-6 << "  "phone": "77777-1234",[\n]"
12:58:15.676 [main] DEBUG org.apache.http.wire -- http-outgoing-6 << "  "address": {[\n]"
12:58:15.676 [main] DEBUG org.apache.http.wire -- http-outgoing-6 << "    "street": "123 Main St",[\n]"
12:58:15.676 [main] DEBUG org.apache.http.wire -- http-outgoing-6 << "    "city": "New York",[\n]"
12:58:15.676 [main] DEBUG org.apache.http.wire -- http-outgoing-6 << "    "state": "NY",[\n]"
12:58:15.676 [main] DEBUG org.apache.http.wire -- http-outgoing-6 << "    "zip": "31100"[\n]"
12:58:15.676 [main] DEBUG org.apache.http.wire -- http-outgoing-6 << "  },[\n]"
12:58:15.676 [main] DEBUG org.apache.http.wire -- http-outgoing-6 << "  "accounts": [[\n]"
12:58:15.676 [main] DEBUG org.apache.http.wire -- http-outgoing-6 << "    {[\n]"
12:58:15.676 [main] DEBUG org.apache.http.wire -- http-outgoing-6 << "      "accountId": 101,[\n]"
12:58:15.676 [main] DEBUG org.apache.http.wire -- http-outgoing-6 << "      "type": "savings",[\n]"
12:58:15.676 [main] DEBUG org.apache.http.wire -- http-outgoing-6 << "      "balance": 5000.75,[\n]"
12:58:15.676 [main] DEBUG org.apache.http.wire -- http-outgoing-6 << "      "currency": "USD",[\n]"
12:58:15.676 [main] DEBUG org.apache.http.wire -- http-outgoing-6 << "      "transactions": [[\n]"
12:58:15.676 [main] DEBUG org.apache.http.wire -- http-outgoing-6 << "        {[\n]"
12:58:15.676 [main] DEBUG org.apache.http.wire -- http-outgoing-6 << "          "transactionId": 1001,[\n]"
12:58:15.676 [main] DEBUG org.apache.http.wire -- http-outgoing-6 << "          "date": "2024-08-01",[\n]"
12:58:15.676 [main] DEBUG org.apache.http.wire -- http-outgoing-6 << "          "type": "deposit",[\n]"
12:58:15.676 [main] DEBUG org.apache.http.wire -- http-outgoing-6 << "          "amount": 1000,[\n]"
12:58:15.676 [main] DEBUG org.apache.http.wire -- http-outgoing-6 << "          "description": "Paycheck deposit"[\n]"
12:58:15.676 [main] DEBUG org.apache.http.wire -- http-outgoing-6 << "        },[\n]"
12:58:15.677 [main] DEBUG org.apache.http.wire -- http-outgoing-6 << "        {[\n]"
12:58:15.677 [main] DEBUG org.apache.http.wire -- http-outgoing-6 << "          "transactionId": 1002,[\n]"
12:58:15.677 [main] DEBUG org.apache.http.wire -- http-outgoing-6 << "          "date": "2024-08-05",[\n]"
12:58:15.677 [main] DEBUG org.apache.http.wire -- http-outgoing-6 << "          "type": "withdrawal",[\n]"
12:58:15.677 [main] DEBUG org.apache.http.wire -- http-outgoing-6 << "          "amount": 200,[\n]"
12:58:15.677 [main] DEBUG org.apache.http.wire -- http-outgoing-6 << "          "description": "ATM withdrawal"[\n]"
12:58:15.677 [main] DEBUG org.apache.http.wire -- http-outgoing-6 << "        }[\n]"
12:58:15.677 [main] DEBUG org.apache.http.wire -- http-outgoing-6 << "      ][\n]"
12:58:15.677 [main] DEBUG org.apache.http.wire -- http-outgoing-6 << "    },[\n]"
12:58:15.677 [main] DEBUG org.apache.http.wire -- http-outgoing-6 << "    {[\n]"
12:58:15.677 [main] DEBUG org.apache.http.wire -- http-outgoing-6 << "      "accountId": 102,[\n]"
12:58:15.677 [main] DEBUG org.apache.http.wire -- http-outgoing-6 << "      "type": "checking",[\n]"
12:58:15.677 [main] DEBUG org.apache.http.wire -- http-outgoing-6 << "      "balance": 1250,[\n]"
12:58:15.677 [main] DEBUG org.apache.http.wire -- http-outgoing-6 << "      "currency": "USD",[\n]"
12:58:15.677 [main] DEBUG org.apache.http.wire -- http-outgoing-6 << "      "transactions": [[\n]"
12:58:15.677 [main] DEBUG org.apache.http.wire -- http-outgoing-6 << "        {[\n]"
12:58:15.677 [main] DEBUG org.apache.http.wire -- http-outgoing-6 << "          "transactionId": 1003,[\n]"
12:58:15.677 [main] DEBUG org.apache.http.wire -- http-outgoing-6 << "          "date": "2024-08-10",[\n]"
12:58:15.677 [main] DEBUG org.apache.http.wire -- http-outgoing-6 << "          "type": "purchase",[\n]"
12:58:15.677 [main] DEBUG org.apache.http.wire -- http-outgoing-6 << "          "amount": 75.5,[\n]"
12:58:15.677 [main] DEBUG org.apache.http.wire -- http-outgoing-6 << "          "description": "Grocery shopping"[\n]"
12:58:15.677 [main] DEBUG org.apache.http.wire -- http-outgoing-6 << "        }[\n]"
12:58:15.677 [main] DEBUG org.apache.http.wire -- http-outgoing-6 << "      ][\n]"
12:58:15.677 [main] DEBUG org.apache.http.wire -- http-outgoing-6 << "    }[\n]"
12:58:15.677 [main] DEBUG org.apache.http.wire -- http-outgoing-6 << "  ],[\n]"
12:58:15.677 [main] DEBUG org.apache.http.wire -- http-outgoing-6 << "  "loans": [[\n]"
12:58:15.677 [main] DEBUG org.apache.http.wire -- http-outgoing-6 << "    {[\n]"
12:58:15.677 [main] DEBUG org.apache.http.wire -- http-outgoing-6 << "      "loanId": 201,[\n]"
12:58:15.677 [main] DEBUG org.apache.http.wire -- http-outgoing-6 << "      "type": "personal",[\n]"
12:58:15.677 [main] DEBUG org.apache.http.wire -- http-outgoing-6 << "      "amount": 10000,[\n]"
12:58:15.677 [main] DEBUG org.apache.http.wire -- http-outgoing-6 << "      "interestRate": 4.5,[\n]"
12:58:15.677 [main] DEBUG org.apache.http.wire -- http-outgoing-6 << "      "term": "36 months",[\n]"
12:58:15.677 [main] DEBUG org.apache.http.wire -- http-outgoing-6 << "      "balance": 8500,[\n]"
12:58:15.677 [main] DEBUG org.apache.http.wire -- http-outgoing-6 << "      "dueDate": "2024-09-10",[\n]"
12:58:15.677 [main] DEBUG org.apache.http.wire -- http-outgoing-6 << "      "payments": [[\n]"
12:58:15.677 [main] DEBUG org.apache.http.wire -- http-outgoing-6 << "        {[\n]"
12:58:15.677 [main] DEBUG org.apache.http.wire -- http-outgoing-6 << "          "paymentId": 3001,[\n]"
12:58:15.677 [main] DEBUG org.apache.http.wire -- http-outgoing-6 << "          "date": "2024-08-01",[\n]"
12:58:15.677 [main] DEBUG org.apache.http.wire -- http-outgoing-6 << "          "amount": 500,[\n]"
12:58:15.677 [main] DEBUG org.apache.http.wire -- http-outgoing-6 << "          "status": "completed"[\n]"
12:58:15.677 [main] DEBUG org.apache.http.wire -- http-outgoing-6 << "        }[\n]"
12:58:15.677 [main] DEBUG org.apache.http.wire -- http-outgoing-6 << "      ][\n]"
12:58:15.677 [main] DEBUG org.apache.http.wire -- http-outgoing-6 << "    }[\n]"
12:58:15.677 [main] DEBUG org.apache.http.wire -- http-outgoing-6 << "  ],[\n]"
12:58:15.677 [main] DEBUG org.apache.http.wire -- http-outgoing-6 << "  "creditCards": [[\n]"
12:58:15.677 [main] DEBUG org.apache.http.wire -- http-outgoing-6 << "    {[\n]"
12:58:15.677 [main] DEBUG org.apache.http.wire -- http-outgoing-6 << "      "cardId": 301,[\n]"
12:58:15.677 [main] DEBUG org.apache.http.wire -- http-outgoing-6 << "      "type": "visa",[\n]"
12:58:15.677 [main] DEBUG org.apache.http.wire -- http-outgoing-6 << "      "limit": 5000,[\n]"
12:58:15.677 [main] DEBUG org.apache.http.wire -- http-outgoing-6 << "      "balance": 1200,[\n]"
12:58:15.677 [main] DEBUG org.apache.http.wire -- http-outgoing-6 << "      "transactions": [[\n]"
12:58:15.677 [main] DEBUG org.apache.http.wire -- http-outgoing-6 << "        {[\n]"
12:58:15.677 [main] DEBUG org.apache.http.wire -- http-outgoing-6 << "          "transactionId": 4001,[\n]"
12:58:15.677 [main] DEBUG org.apache.http.wire -- http-outgoing-6 << "          "date": "2024-08-15",[\n]"
12:58:15.677 [main] DEBUG org.apache.http.wire -- http-outgoing-6 << "          "amount": 150,[\n]"
12:58:15.677 [main] DEBUG org.apache.http.wire -- http-outgoing-6 << "          "description": "Online shopping"[\n]"
12:58:15.677 [main] DEBUG org.apache.http.wire -- http-outgoing-6 << "        }[\n]"
12:58:15.677 [main] DEBUG org.apache.http.wire -- http-outgoing-6 << "      ][\n]"
12:58:15.677 [main] DEBUG org.apache.http.wire -- http-outgoing-6 << "    }[\n]"
12:58:15.677 [main] DEBUG org.apache.http.wire -- http-outgoing-6 << "  ][\n]"
12:58:15.677 [main] DEBUG org.apache.http.wire -- http-outgoing-6 << "}"
12:58:15.677 [main] DEBUG org.apache.http.headers -- http-outgoing-6 << HTTP/1.1 200 OK
12:58:15.677 [main] DEBUG org.apache.http.headers -- http-outgoing-6 << X-Powered-By: tinyhttp
12:58:15.677 [main] DEBUG org.apache.http.headers -- http-outgoing-6 << Access-Control-Allow-Origin: *
12:58:15.677 [main] DEBUG org.apache.http.headers -- http-outgoing-6 << Access-Control-Allow-Methods: GET, HEAD, PUT, PATCH, POST, DELETE
12:58:15.677 [main] DEBUG org.apache.http.headers -- http-outgoing-6 << Access-Control-Allow-Headers: content-type
12:58:15.677 [main] DEBUG org.apache.http.headers -- http-outgoing-6 << Content-Type: application/json
12:58:15.677 [main] DEBUG org.apache.http.headers -- http-outgoing-6 << Date: Sun, 08 Sep 2024 07:28:15 GMT
12:58:15.677 [main] DEBUG org.apache.http.headers -- http-outgoing-6 << Connection: keep-alive
12:58:15.677 [main] DEBUG org.apache.http.headers -- http-outgoing-6 << Keep-Alive: timeout=5
12:58:15.677 [main] DEBUG org.apache.http.headers -- http-outgoing-6 << Content-Length: 1772
12:58:15.678 [main] DEBUG org.apache.http.impl.execchain.MainClientExec -- Connection can be kept alive for 5000 MILLISECONDS
12:58:15.678 [main] DEBUG org.apache.http.impl.conn.PoolingHttpClientConnectionManager -- Connection [id: 6][route: {}->http://localhost:3000] can be kept alive for 5.0 seconds
12:58:15.678 [main] DEBUG org.apache.http.impl.conn.DefaultManagedHttpClientConnection -- http-outgoing-6: set socket timeout to 0
12:58:15.678 [main] DEBUG org.apache.http.impl.conn.PoolingHttpClientConnectionManager -- Connection released: [id: 6][route: {}->http://localhost:3000][total available: 1; route allocated: 1 of 5; total allocated: 1 of 10]
12:58:15.678 [main] DEBUG org.apache.http.impl.conn.PoolingHttpClientConnectionManager -- Connection manager is shutting down
12:58:15.678 [main] DEBUG org.apache.http.impl.conn.DefaultManagedHttpClientConnection -- http-outgoing-6: Close connection
12:58:15.678 [main] DEBUG org.apache.http.impl.conn.PoolingHttpClientConnectionManager -- Connection manager shut down
12:58:15.679 [main] DEBUG com.intuit.karate -- response time in milliseconds: 10
3 < 200
3 < X-Powered-By: tinyhttp
3 < Access-Control-Allow-Origin: *
3 < Access-Control-Allow-Methods: GET, HEAD, PUT, PATCH, POST, DELETE
3 < Access-Control-Allow-Headers: content-type
3 < Content-Type: application/json
3 < Date: Sun, 08 Sep 2024 07:28:15 GMT
3 < Connection: keep-alive
3 < Keep-Alive: timeout=5
3 < Content-Length: 1772
{
  "id": "Cstd311",
  "customerId": 311,
  "name": "Jana",
  "email": "Cust311@email.com",
  "phone": "77777-1234",
  "address": {
    "street": "123 Main St",
    "city": "New York",
    "state": "NY",
    "zip": "31100"
  },
  "accounts": [
    {
      "accountId": 101,
      "type": "savings",
      "balance": 5000.75,
      "currency": "USD",
      "transactions": [
        {
          "transactionId": 1001,
          "date": "2024-08-01",
          "type": "deposit",
          "amount": 1000,
          "description": "Paycheck deposit"
        },
        {
          "transactionId": 1002,
          "date": "2024-08-05",
          "type": "withdrawal",
          "amount": 200,
          "description": "ATM withdrawal"
        }
      ]
    },
    {
      "accountId": 102,
      "type": "checking",
      "balance": 1250,
      "currency": "USD",
      "transactions": [
        {
          "transactionId": 1003,
          "date": "2024-08-10",
          "type": "purchase",
          "amount": 75.5,
          "description": "Grocery shopping"
        }
      ]
    }
  ],
  "loans": [
    {
      "loanId": 201,
      "type": "personal",
      "amount": 10000,
      "interestRate": 4.5,
      "term": "36 months",
      "balance": 8500,
      "dueDate": "2024-09-10",
      "payments": [
        {
          "paymentId": 3001,
          "date": "2024-08-01",
          "amount": 500,
          "status": "completed"
        }
      ]
    }
  ],
  "creditCards": [
    {
      "cardId": 301,
      "type": "visa",
      "limit": 5000,
      "balance": 1200,
      "transactions": [
        {
          "transactionId": 4001,
          "date": "2024-08-15",
          "amount": 150,
          "description": "Online shopping"
        }
      ]
    }
  ]
}

12:58:15.681 [main] INFO com.intuit.karate -- [print] {
  "id": "Cstd311",
  "customerId": 311,
  "name": "Jana",
  "email": "Cust311@email.com",
  "phone": "77777-1234",
  "address": {
    "street": "123 Main St",
    "city": "New York",
    "state": "NY",
    "zip": "31100"
  },
  "accounts": [
    {
      "accountId": 101,
      "type": "savings",
      "balance": 5000.75,
      "currency": "USD",
      "transactions": [
        {
          "transactionId": 1001,
          "date": "2024-08-01",
          "type": "deposit",
          "amount": 1000,
          "description": "Paycheck deposit"
        },
        {
          "transactionId": 1002,
          "date": "2024-08-05",
          "type": "withdrawal",
          "amount": 200,
          "description": "ATM withdrawal"
        }
      ]
    },
    {
      "accountId": 102,
      "type": "checking",
      "balance": 1250,
      "currency": "USD",
      "transactions": [
        {
          "transactionId": 1003,
          "date": "2024-08-10",
          "type": "purchase",
          "amount": 75.5,
          "description": "Grocery shopping"
        }
      ]
    }
  ],
  "loans": [
    {
      "loanId": 201,
      "type": "personal",
      "amount": 10000,
      "interestRate": 4.5,
      "term": "36 months",
      "balance": 8500,
      "dueDate": "2024-09-10",
      "payments": [
        {
          "paymentId": 3001,
          "date": "2024-08-01",
          "amount": 500,
          "status": "completed"
        }
      ]
    }
  ],
  "creditCards": [
    {
      "cardId": 301,
      "type": "visa",
      "limit": 5000,
      "balance": 1200,
      "transactions": [
        {
          "transactionId": 4001,
          "date": "2024-08-15",
          "amount": 150,
          "description": "Online shopping"
        }
      ]
    }
  ]
}
 
12:58:15.684 [main] DEBUG org.apache.http.client.protocol.RequestAddCookies -- CookieSpec selected: karate
12:58:15.684 [main] DEBUG org.apache.http.client.protocol.RequestAuthCache -- Auth cache not set in the context
12:58:15.684 [main] DEBUG com.intuit.karate -- request:
4 > DELETE http://localhost:3000/Customers/Cstd311
4 > Host: localhost:3000
4 > Connection: Keep-Alive
4 > User-Agent: Apache-HttpClient/4.5.14 (Java/21.0.3)
4 > Accept-Encoding: gzip,deflate


12:58:15.684 [main] DEBUG org.apache.http.impl.conn.PoolingHttpClientConnectionManager -- Connection request: [route: {}->http://localhost:3000][total available: 0; route allocated: 0 of 5; total allocated: 0 of 10]
12:58:15.684 [main] DEBUG org.apache.http.impl.conn.PoolingHttpClientConnectionManager -- Connection leased: [id: 7][route: {}->http://localhost:3000][total available: 0; route allocated: 1 of 5; total allocated: 1 of 10]
12:58:15.684 [main] DEBUG org.apache.http.impl.execchain.MainClientExec -- Opening connection {}->http://localhost:3000
12:58:15.684 [main] DEBUG org.apache.http.impl.conn.DefaultHttpClientConnectionOperator -- Connecting to localhost/127.0.0.1:3000
12:58:15.686 [main] DEBUG org.apache.http.impl.conn.DefaultHttpClientConnectionOperator -- Connection established 127.0.0.1:50715<->127.0.0.1:3000
12:58:15.686 [main] DEBUG org.apache.http.impl.conn.DefaultManagedHttpClientConnection -- http-outgoing-7: set socket timeout to 30000
12:58:15.686 [main] DEBUG org.apache.http.impl.execchain.MainClientExec -- Executing request DELETE /Customers/Cstd311 HTTP/1.1
12:58:15.686 [main] DEBUG org.apache.http.impl.execchain.MainClientExec -- Target auth state: UNCHALLENGED
12:58:15.686 [main] DEBUG org.apache.http.impl.execchain.MainClientExec -- Proxy auth state: UNCHALLENGED
12:58:15.686 [main] DEBUG org.apache.http.headers -- http-outgoing-7 >> DELETE /Customers/Cstd311 HTTP/1.1
12:58:15.686 [main] DEBUG org.apache.http.headers -- http-outgoing-7 >> Host: localhost:3000
12:58:15.686 [main] DEBUG org.apache.http.headers -- http-outgoing-7 >> Connection: Keep-Alive
12:58:15.686 [main] DEBUG org.apache.http.headers -- http-outgoing-7 >> User-Agent: Apache-HttpClient/4.5.14 (Java/21.0.3)
12:58:15.686 [main] DEBUG org.apache.http.headers -- http-outgoing-7 >> Accept-Encoding: gzip,deflate
12:58:15.686 [main] DEBUG org.apache.http.wire -- http-outgoing-7 >> "DELETE /Customers/Cstd311 HTTP/1.1[\r][\n]"
12:58:15.687 [main] DEBUG org.apache.http.wire -- http-outgoing-7 >> "Host: localhost:3000[\r][\n]"
12:58:15.687 [main] DEBUG org.apache.http.wire -- http-outgoing-7 >> "Connection: Keep-Alive[\r][\n]"
12:58:15.687 [main] DEBUG org.apache.http.wire -- http-outgoing-7 >> "User-Agent: Apache-HttpClient/4.5.14 (Java/21.0.3)[\r][\n]"
12:58:15.687 [main] DEBUG org.apache.http.wire -- http-outgoing-7 >> "Accept-Encoding: gzip,deflate[\r][\n]"
12:58:15.687 [main] DEBUG org.apache.http.wire -- http-outgoing-7 >> "[\r][\n]"
12:58:15.688 [main] DEBUG org.apache.http.wire -- http-outgoing-7 << "HTTP/1.1 404 Not Found[\r][\n]"
12:58:15.688 [main] DEBUG org.apache.http.wire -- http-outgoing-7 << "X-Powered-By: tinyhttp[\r][\n]"
12:58:15.688 [main] DEBUG org.apache.http.wire -- http-outgoing-7 << "Access-Control-Allow-Origin: *[\r][\n]"
12:58:15.688 [main] DEBUG org.apache.http.wire -- http-outgoing-7 << "Access-Control-Allow-Methods: GET, HEAD, PUT, PATCH, POST, DELETE[\r][\n]"
12:58:15.688 [main] DEBUG org.apache.http.wire -- http-outgoing-7 << "Access-Control-Allow-Headers: content-type[\r][\n]"
12:58:15.688 [main] DEBUG org.apache.http.wire -- http-outgoing-7 << "Content-Type: text/plain; charset=utf-8[\r][\n]"
12:58:15.688 [main] DEBUG org.apache.http.wire -- http-outgoing-7 << "etag: W/"9-0gXL1ngzMqISxa6S1zx3F4wtLyg"[\r][\n]"
12:58:15.688 [main] DEBUG org.apache.http.wire -- http-outgoing-7 << "Date: Sun, 08 Sep 2024 07:28:15 GMT[\r][\n]"
12:58:15.688 [main] DEBUG org.apache.http.wire -- http-outgoing-7 << "Connection: keep-alive[\r][\n]"
12:58:15.688 [main] DEBUG org.apache.http.wire -- http-outgoing-7 << "Keep-Alive: timeout=5[\r][\n]"
12:58:15.688 [main] DEBUG org.apache.http.wire -- http-outgoing-7 << "Content-Length: 9[\r][\n]"
12:58:15.688 [main] DEBUG org.apache.http.wire -- http-outgoing-7 << "[\r][\n]"
12:58:15.688 [main] DEBUG org.apache.http.wire -- http-outgoing-7 << "Not Found"
12:58:15.688 [main] DEBUG org.apache.http.headers -- http-outgoing-7 << HTTP/1.1 404 Not Found
12:58:15.688 [main] DEBUG org.apache.http.headers -- http-outgoing-7 << X-Powered-By: tinyhttp
12:58:15.688 [main] DEBUG org.apache.http.headers -- http-outgoing-7 << Access-Control-Allow-Origin: *
12:58:15.688 [main] DEBUG org.apache.http.headers -- http-outgoing-7 << Access-Control-Allow-Methods: GET, HEAD, PUT, PATCH, POST, DELETE
12:58:15.688 [main] DEBUG org.apache.http.headers -- http-outgoing-7 << Access-Control-Allow-Headers: content-type
12:58:15.688 [main] DEBUG org.apache.http.headers -- http-outgoing-7 << Content-Type: text/plain; charset=utf-8
12:58:15.688 [main] DEBUG org.apache.http.headers -- http-outgoing-7 << etag: W/"9-0gXL1ngzMqISxa6S1zx3F4wtLyg"
12:58:15.688 [main] DEBUG org.apache.http.headers -- http-outgoing-7 << Date: Sun, 08 Sep 2024 07:28:15 GMT
12:58:15.688 [main] DEBUG org.apache.http.headers -- http-outgoing-7 << Connection: keep-alive
12:58:15.688 [main] DEBUG org.apache.http.headers -- http-outgoing-7 << Keep-Alive: timeout=5
12:58:15.688 [main] DEBUG org.apache.http.headers -- http-outgoing-7 << Content-Length: 9
12:58:15.688 [main] DEBUG org.apache.http.impl.execchain.MainClientExec -- Connection can be kept alive for 5000 MILLISECONDS
12:58:15.690 [main] DEBUG org.apache.http.impl.conn.PoolingHttpClientConnectionManager -- Connection [id: 7][route: {}->http://localhost:3000] can be kept alive for 5.0 seconds
12:58:15.690 [main] DEBUG org.apache.http.impl.conn.DefaultManagedHttpClientConnection -- http-outgoing-7: set socket timeout to 0
12:58:15.690 [main] DEBUG org.apache.http.impl.conn.PoolingHttpClientConnectionManager -- Connection released: [id: 7][route: {}->http://localhost:3000][total available: 1; route allocated: 1 of 5; total allocated: 1 of 10]
12:58:15.690 [main] DEBUG org.apache.http.impl.conn.PoolingHttpClientConnectionManager -- Connection manager is shutting down
12:58:15.690 [main] DEBUG org.apache.http.impl.conn.DefaultManagedHttpClientConnection -- http-outgoing-7: Close connection
12:58:15.690 [main] DEBUG org.apache.http.impl.conn.PoolingHttpClientConnectionManager -- Connection manager shut down
12:58:15.690 [main] DEBUG com.intuit.karate -- response time in milliseconds: 6
4 < 404
4 < X-Powered-By: tinyhttp
4 < Access-Control-Allow-Origin: *
4 < Access-Control-Allow-Methods: GET, HEAD, PUT, PATCH, POST, DELETE
4 < Access-Control-Allow-Headers: content-type
4 < Content-Type: text/plain; charset=utf-8
4 < etag: W/"9-0gXL1ngzMqISxa6S1zx3F4wtLyg"
4 < Date: Sun, 08 Sep 2024 07:28:15 GMT
4 < Connection: keep-alive
4 < Keep-Alive: timeout=5
4 < Content-Length: 9
Not Found

12:58:15.692 [main] INFO com.intuit.karate -- [print] Not Found 
]]></system-out>
  </testcase>
  <testcase name="[1.3:78] Create New Customers, verify and Delete the Customer" classname="Tests/FirstAPItest" time="1.565">
    <system-out><![CDATA[12:58:15.709 [main] DEBUG com.jayway.jsonpath.internal.path.CompiledPath -- Evaluating path: $
12:58:15.719 [main] INFO com.intuit.karate -- [print] {
  "id": "Cstd312",
  "customerId": 312,
  "name": "Mana",
  "email": "Cust312@email.com",
  "phone": "35532-1234",
  "address": {
    "street": "123 Main St",
    "city": "New York",
    "state": "NY",
    "zip": "31200"
  },
  "accounts": [
    {
      "accountId": 101,
      "type": "savings",
      "balance": 5000.75,
      "currency": "USD",
      "transactions": [
        {
          "transactionId": 1001,
          "date": "2024-08-01",
          "type": "deposit",
          "amount": 1000,
          "description": "Paycheck deposit"
        },
        {
          "transactionId": 1002,
          "date": "2024-08-05",
          "type": "withdrawal",
          "amount": 200,
          "description": "ATM withdrawal"
        }
      ]
    },
    {
      "accountId": 102,
      "type": "checking",
      "balance": 1250,
      "currency": "USD",
      "transactions": [
        {
          "transactionId": 1003,
          "date": "2024-08-10",
          "type": "purchase",
          "amount": 75.5,
          "description": "Grocery shopping"
        }
      ]
    }
  ],
  "loans": [
    {
      "loanId": 201,
      "type": "personal",
      "amount": 10000,
      "interestRate": 4.5,
      "term": "36 months",
      "balance": 8500,
      "dueDate": "2024-09-10",
      "payments": [
        {
          "paymentId": 3001,
          "date": "2024-08-01",
          "amount": 500,
          "status": "completed"
        }
      ]
    }
  ],
  "creditCards": [
    {
      "cardId": 301,
      "type": "visa",
      "limit": 5000,
      "balance": 1200,
      "transactions": [
        {
          "transactionId": 4001,
          "date": "2024-08-15",
          "amount": 150,
          "description": "Online shopping"
        }
      ]
    }
  ]
}
 
12:58:15.724 [main] DEBUG org.apache.http.client.protocol.RequestAddCookies -- CookieSpec selected: karate
12:58:15.724 [main] DEBUG org.apache.http.client.protocol.RequestAuthCache -- Auth cache not set in the context
12:58:15.724 [main] DEBUG com.intuit.karate -- request:
1 > POST http://localhost:3000/Customers
1 > Content-Type: application/json; charset=UTF-8
1 > Content-Length: 1081
1 > Host: localhost:3000
1 > Connection: Keep-Alive
1 > User-Agent: Apache-HttpClient/4.5.14 (Java/21.0.3)
1 > Accept-Encoding: gzip,deflate
{"id":"Cstd312","customerId":312,"name":"Mana","email":"Cust312@email.com","phone":"35532-1234","address":{"street":"123 Main St","city":"New York","state":"NY","zip":"31200"},"accounts":[{"accountId":101,"type":"savings","balance":5000.75,"currency":"USD","transactions":[{"transactionId":1001,"date":"2024-08-01","type":"deposit","amount":1000,"description":"Paycheck deposit"},{"transactionId":1002,"date":"2024-08-05","type":"withdrawal","amount":200,"description":"ATM withdrawal"}]},{"accountId":102,"type":"checking","balance":1250,"currency":"USD","transactions":[{"transactionId":1003,"date":"2024-08-10","type":"purchase","amount":75.5,"description":"Grocery shopping"}]}],"loans":[{"loanId":201,"type":"personal","amount":10000,"interestRate":4.5,"term":"36 months","balance":8500,"dueDate":"2024-09-10","payments":[{"paymentId":3001,"date":"2024-08-01","amount":500,"status":"completed"}]}],"creditCards":[{"cardId":301,"type":"visa","limit":5000,"balance":1200,"transactions":[{"transactionId":4001,"date":"2024-08-15","amount":150,"description":"Online shopping"}]}]}

12:58:15.724 [main] DEBUG org.apache.http.impl.conn.PoolingHttpClientConnectionManager -- Connection request: [route: {}->http://localhost:3000][total available: 0; route allocated: 0 of 5; total allocated: 0 of 10]
12:58:15.724 [main] DEBUG org.apache.http.impl.conn.PoolingHttpClientConnectionManager -- Connection leased: [id: 8][route: {}->http://localhost:3000][total available: 0; route allocated: 1 of 5; total allocated: 1 of 10]
12:58:15.724 [main] DEBUG org.apache.http.impl.execchain.MainClientExec -- Opening connection {}->http://localhost:3000
12:58:15.725 [main] DEBUG org.apache.http.impl.conn.DefaultHttpClientConnectionOperator -- Connecting to localhost/127.0.0.1:3000
12:58:15.725 [main] DEBUG org.apache.http.impl.conn.DefaultHttpClientConnectionOperator -- Connection established 127.0.0.1:50716<->127.0.0.1:3000
12:58:15.725 [main] DEBUG org.apache.http.impl.conn.DefaultManagedHttpClientConnection -- http-outgoing-8: set socket timeout to 30000
12:58:15.725 [main] DEBUG org.apache.http.impl.execchain.MainClientExec -- Executing request POST /Customers HTTP/1.1
12:58:15.725 [main] DEBUG org.apache.http.impl.execchain.MainClientExec -- Target auth state: UNCHALLENGED
12:58:15.725 [main] DEBUG org.apache.http.impl.execchain.MainClientExec -- Proxy auth state: UNCHALLENGED
12:58:15.727 [main] DEBUG org.apache.http.headers -- http-outgoing-8 >> POST /Customers HTTP/1.1
12:58:15.727 [main] DEBUG org.apache.http.headers -- http-outgoing-8 >> Content-Type: application/json; charset=UTF-8
12:58:15.727 [main] DEBUG org.apache.http.headers -- http-outgoing-8 >> Content-Length: 1081
12:58:15.727 [main] DEBUG org.apache.http.headers -- http-outgoing-8 >> Host: localhost:3000
12:58:15.727 [main] DEBUG org.apache.http.headers -- http-outgoing-8 >> Connection: Keep-Alive
12:58:15.727 [main] DEBUG org.apache.http.headers -- http-outgoing-8 >> User-Agent: Apache-HttpClient/4.5.14 (Java/21.0.3)
12:58:15.727 [main] DEBUG org.apache.http.headers -- http-outgoing-8 >> Accept-Encoding: gzip,deflate
12:58:15.727 [main] DEBUG org.apache.http.wire -- http-outgoing-8 >> "POST /Customers HTTP/1.1[\r][\n]"
12:58:15.727 [main] DEBUG org.apache.http.wire -- http-outgoing-8 >> "Content-Type: application/json; charset=UTF-8[\r][\n]"
12:58:15.727 [main] DEBUG org.apache.http.wire -- http-outgoing-8 >> "Content-Length: 1081[\r][\n]"
12:58:15.727 [main] DEBUG org.apache.http.wire -- http-outgoing-8 >> "Host: localhost:3000[\r][\n]"
12:58:15.727 [main] DEBUG org.apache.http.wire -- http-outgoing-8 >> "Connection: Keep-Alive[\r][\n]"
12:58:15.727 [main] DEBUG org.apache.http.wire -- http-outgoing-8 >> "User-Agent: Apache-HttpClient/4.5.14 (Java/21.0.3)[\r][\n]"
12:58:15.727 [main] DEBUG org.apache.http.wire -- http-outgoing-8 >> "Accept-Encoding: gzip,deflate[\r][\n]"
12:58:15.727 [main] DEBUG org.apache.http.wire -- http-outgoing-8 >> "[\r][\n]"
12:58:15.727 [main] DEBUG org.apache.http.wire -- http-outgoing-8 >> "{"id":"Cstd312","customerId":312,"name":"Mana","email":"Cust312@email.com","phone":"35532-1234","address":{"street":"123 Main St","city":"New York","state":"NY","zip":"31200"},"accounts":[{"accountId":101,"type":"savings","balance":5000.75,"currency":"USD","transactions":[{"transactionId":1001,"date":"2024-08-01","type":"deposit","amount":1000,"description":"Paycheck deposit"},{"transactionId":1002,"date":"2024-08-05","type":"withdrawal","amount":200,"description":"ATM withdrawal"}]},{"accountId":102,"type":"checking","balance":1250,"currency":"USD","transactions":[{"transactionId":1003,"date":"2024-08-10","type":"purchase","amount":75.5,"description":"Grocery shopping"}]}],"loans":[{"loanId":201,"type":"personal","amount":10000,"interestRate":4.5,"term":"36 months","balance":8500,"dueDate":"2024-09-10","payments":[{"paymentId":3001,"date":"2024-08-01","amount":500,"status":"completed"}]}],"creditCards":[{"cardId":301,"type":"visa","limit":5000,"balance":1200,"transactions":[{"transactionId":4001,"date":"2024-08-15","amount":150,"description":"Online shopping"}]}]}"
12:58:15.734 [main] DEBUG org.apache.http.wire -- http-outgoing-8 << "HTTP/1.1 201 Created[\r][\n]"
12:58:15.735 [main] DEBUG org.apache.http.wire -- http-outgoing-8 << "X-Powered-By: tinyhttp[\r][\n]"
12:58:15.735 [main] DEBUG org.apache.http.wire -- http-outgoing-8 << "Access-Control-Allow-Origin: *[\r][\n]"
12:58:15.735 [main] DEBUG org.apache.http.wire -- http-outgoing-8 << "Access-Control-Allow-Methods: GET, HEAD, PUT, PATCH, POST, DELETE[\r][\n]"
12:58:15.735 [main] DEBUG org.apache.http.wire -- http-outgoing-8 << "Access-Control-Allow-Headers: content-type[\r][\n]"
12:58:15.735 [main] DEBUG org.apache.http.wire -- http-outgoing-8 << "Content-Type: application/json[\r][\n]"
12:58:15.735 [main] DEBUG org.apache.http.wire -- http-outgoing-8 << "Date: Sun, 08 Sep 2024 07:28:15 GMT[\r][\n]"
12:58:15.735 [main] DEBUG org.apache.http.wire -- http-outgoing-8 << "Connection: keep-alive[\r][\n]"
12:58:15.735 [main] DEBUG org.apache.http.wire -- http-outgoing-8 << "Keep-Alive: timeout=5[\r][\n]"
12:58:15.735 [main] DEBUG org.apache.http.wire -- http-outgoing-8 << "Content-Length: 1772[\r][\n]"
12:58:15.735 [main] DEBUG org.apache.http.wire -- http-outgoing-8 << "[\r][\n]"
12:58:15.735 [main] DEBUG org.apache.http.wire -- http-outgoing-8 << "{[\n]"
12:58:15.735 [main] DEBUG org.apache.http.wire -- http-outgoing-8 << "  "id": "Cstd312",[\n]"
12:58:15.735 [main] DEBUG org.apache.http.wire -- http-outgoing-8 << "  "customerId": 312,[\n]"
12:58:15.735 [main] DEBUG org.apache.http.wire -- http-outgoing-8 << "  "name": "Mana",[\n]"
12:58:15.735 [main] DEBUG org.apache.http.wire -- http-outgoing-8 << "  "email": "Cust312@email.com",[\n]"
12:58:15.735 [main] DEBUG org.apache.http.wire -- http-outgoing-8 << "  "phone": "35532-1234",[\n]"
12:58:15.735 [main] DEBUG org.apache.http.wire -- http-outgoing-8 << "  "address": {[\n]"
12:58:15.735 [main] DEBUG org.apache.http.wire -- http-outgoing-8 << "    "street": "123 Main St",[\n]"
12:58:15.735 [main] DEBUG org.apache.http.wire -- http-outgoing-8 << "    "city": "New York",[\n]"
12:58:15.735 [main] DEBUG org.apache.http.wire -- http-outgoing-8 << "    "state": "NY",[\n]"
12:58:15.735 [main] DEBUG org.apache.http.wire -- http-outgoing-8 << "    "zip": "31200"[\n]"
12:58:15.735 [main] DEBUG org.apache.http.wire -- http-outgoing-8 << "  },[\n]"
12:58:15.735 [main] DEBUG org.apache.http.wire -- http-outgoing-8 << "  "accounts": [[\n]"
12:58:15.735 [main] DEBUG org.apache.http.wire -- http-outgoing-8 << "    {[\n]"
12:58:15.735 [main] DEBUG org.apache.http.wire -- http-outgoing-8 << "      "accountId": 101,[\n]"
12:58:15.735 [main] DEBUG org.apache.http.wire -- http-outgoing-8 << "      "type": "savings",[\n]"
12:58:15.735 [main] DEBUG org.apache.http.wire -- http-outgoing-8 << "      "balance": 5000.75,[\n]"
12:58:15.735 [main] DEBUG org.apache.http.wire -- http-outgoing-8 << "      "currency": "USD",[\n]"
12:58:15.735 [main] DEBUG org.apache.http.wire -- http-outgoing-8 << "      "transactions": [[\n]"
12:58:15.735 [main] DEBUG org.apache.http.wire -- http-outgoing-8 << "        {[\n]"
12:58:15.735 [main] DEBUG org.apache.http.wire -- http-outgoing-8 << "          "transactionId": 1001,[\n]"
12:58:15.735 [main] DEBUG org.apache.http.wire -- http-outgoing-8 << "          "date": "2024-08-01",[\n]"
12:58:15.735 [main] DEBUG org.apache.http.wire -- http-outgoing-8 << "          "type": "deposit",[\n]"
12:58:15.735 [main] DEBUG org.apache.http.wire -- http-outgoing-8 << "          "amount": 1000,[\n]"
12:58:15.735 [main] DEBUG org.apache.http.wire -- http-outgoing-8 << "          "description": "Paycheck deposit"[\n]"
12:58:15.735 [main] DEBUG org.apache.http.wire -- http-outgoing-8 << "        },[\n]"
12:58:15.735 [main] DEBUG org.apache.http.wire -- http-outgoing-8 << "        {[\n]"
12:58:15.735 [main] DEBUG org.apache.http.wire -- http-outgoing-8 << "          "transactionId": 1002,[\n]"
12:58:15.735 [main] DEBUG org.apache.http.wire -- http-outgoing-8 << "          "date": "2024-08-05",[\n]"
12:58:15.735 [main] DEBUG org.apache.http.wire -- http-outgoing-8 << "          "type": "withdrawal",[\n]"
12:58:15.735 [main] DEBUG org.apache.http.wire -- http-outgoing-8 << "          "amount": 200,[\n]"
12:58:15.735 [main] DEBUG org.apache.http.wire -- http-outgoing-8 << "          "description": "ATM withdrawal"[\n]"
12:58:15.735 [main] DEBUG org.apache.http.wire -- http-outgoing-8 << "        }[\n]"
12:58:15.735 [main] DEBUG org.apache.http.wire -- http-outgoing-8 << "      ][\n]"
12:58:15.735 [main] DEBUG org.apache.http.wire -- http-outgoing-8 << "    },[\n]"
12:58:15.735 [main] DEBUG org.apache.http.wire -- http-outgoing-8 << "    {[\n]"
12:58:15.735 [main] DEBUG org.apache.http.wire -- http-outgoing-8 << "      "accountId": 102,[\n]"
12:58:15.735 [main] DEBUG org.apache.http.wire -- http-outgoing-8 << "      "type": "checking",[\n]"
12:58:15.735 [main] DEBUG org.apache.http.wire -- http-outgoing-8 << "      "balance": 1250,[\n]"
12:58:15.735 [main] DEBUG org.apache.http.wire -- http-outgoing-8 << "      "currency": "USD",[\n]"
12:58:15.735 [main] DEBUG org.apache.http.wire -- http-outgoing-8 << "      "transactions": [[\n]"
12:58:15.735 [main] DEBUG org.apache.http.wire -- http-outgoing-8 << "        {[\n]"
12:58:15.735 [main] DEBUG org.apache.http.wire -- http-outgoing-8 << "          "transactionId": 1003,[\n]"
12:58:15.735 [main] DEBUG org.apache.http.wire -- http-outgoing-8 << "          "date": "2024-08-10",[\n]"
12:58:15.735 [main] DEBUG org.apache.http.wire -- http-outgoing-8 << "          "type": "purchase",[\n]"
12:58:15.735 [main] DEBUG org.apache.http.wire -- http-outgoing-8 << "          "amount": 75.5,[\n]"
12:58:15.735 [main] DEBUG org.apache.http.wire -- http-outgoing-8 << "          "description": "Grocery shopping"[\n]"
12:58:15.735 [main] DEBUG org.apache.http.wire -- http-outgoing-8 << "        }[\n]"
12:58:15.735 [main] DEBUG org.apache.http.wire -- http-outgoing-8 << "      ][\n]"
12:58:15.735 [main] DEBUG org.apache.http.wire -- http-outgoing-8 << "    }[\n]"
12:58:15.735 [main] DEBUG org.apache.http.wire -- http-outgoing-8 << "  ],[\n]"
12:58:15.735 [main] DEBUG org.apache.http.wire -- http-outgoing-8 << "  "loans": [[\n]"
12:58:15.735 [main] DEBUG org.apache.http.wire -- http-outgoing-8 << "    {[\n]"
12:58:15.735 [main] DEBUG org.apache.http.wire -- http-outgoing-8 << "      "loanId": 201,[\n]"
12:58:15.735 [main] DEBUG org.apache.http.wire -- http-outgoing-8 << "      "type": "personal",[\n]"
12:58:15.735 [main] DEBUG org.apache.http.wire -- http-outgoing-8 << "      "amount": 10000,[\n]"
12:58:15.735 [main] DEBUG org.apache.http.wire -- http-outgoing-8 << "      "interestRate": 4.5,[\n]"
12:58:15.735 [main] DEBUG org.apache.http.wire -- http-outgoing-8 << "      "term": "36 months",[\n]"
12:58:15.735 [main] DEBUG org.apache.http.wire -- http-outgoing-8 << "      "balance": 8500,[\n]"
12:58:15.735 [main] DEBUG org.apache.http.wire -- http-outgoing-8 << "      "dueDate": "2024-09-10",[\n]"
12:58:15.735 [main] DEBUG org.apache.http.wire -- http-outgoing-8 << "      "payments": [[\n]"
12:58:15.735 [main] DEBUG org.apache.http.wire -- http-outgoing-8 << "        {[\n]"
12:58:15.735 [main] DEBUG org.apache.http.wire -- http-outgoing-8 << "          "paymentId": 3001,[\n]"
12:58:15.735 [main] DEBUG org.apache.http.wire -- http-outgoing-8 << "          "date": "2024-08-01",[\n]"
12:58:15.735 [main] DEBUG org.apache.http.wire -- http-outgoing-8 << "          "amount": 500,[\n]"
12:58:15.735 [main] DEBUG org.apache.http.wire -- http-outgoing-8 << "          "status": "completed"[\n]"
12:58:15.735 [main] DEBUG org.apache.http.wire -- http-outgoing-8 << "        }[\n]"
12:58:15.735 [main] DEBUG org.apache.http.wire -- http-outgoing-8 << "      ][\n]"
12:58:15.735 [main] DEBUG org.apache.http.wire -- http-outgoing-8 << "    }[\n]"
12:58:15.735 [main] DEBUG org.apache.http.wire -- http-outgoing-8 << "  ],[\n]"
12:58:15.735 [main] DEBUG org.apache.http.wire -- http-outgoing-8 << "  "creditCards": [[\n]"
12:58:15.735 [main] DEBUG org.apache.http.wire -- http-outgoing-8 << "    {[\n]"
12:58:15.735 [main] DEBUG org.apache.http.wire -- http-outgoing-8 << "      "cardId": 301,[\n]"
12:58:15.735 [main] DEBUG org.apache.http.wire -- http-outgoing-8 << "      "type": "visa",[\n]"
12:58:15.735 [main] DEBUG org.apache.http.wire -- http-outgoing-8 << "      "limit": 5000,[\n]"
12:58:15.735 [main] DEBUG org.apache.http.wire -- http-outgoing-8 << "      "balance": 1200,[\n]"
12:58:15.735 [main] DEBUG org.apache.http.wire -- http-outgoing-8 << "      "transactions": [[\n]"
12:58:15.735 [main] DEBUG org.apache.http.wire -- http-outgoing-8 << "        {[\n]"
12:58:15.735 [main] DEBUG org.apache.http.wire -- http-outgoing-8 << "          "transactionId": 4001,[\n]"
12:58:15.735 [main] DEBUG org.apache.http.wire -- http-outgoing-8 << "          "date": "2024-08-15",[\n]"
12:58:15.735 [main] DEBUG org.apache.http.wire -- http-outgoing-8 << "          "amount": 150,[\n]"
12:58:15.735 [main] DEBUG org.apache.http.wire -- http-outgoing-8 << "          "description": "Online shopping"[\n]"
12:58:15.735 [main] DEBUG org.apache.http.wire -- http-outgoing-8 << "        }[\n]"
12:58:15.735 [main] DEBUG org.apache.http.wire -- http-outgoing-8 << "      ][\n]"
12:58:15.735 [main] DEBUG org.apache.http.wire -- http-outgoing-8 << "    }[\n]"
12:58:15.735 [main] DEBUG org.apache.http.wire -- http-outgoing-8 << "  ][\n]"
12:58:15.735 [main] DEBUG org.apache.http.wire -- http-outgoing-8 << "}"
12:58:15.736 [main] DEBUG org.apache.http.headers -- http-outgoing-8 << HTTP/1.1 201 Created
12:58:15.736 [main] DEBUG org.apache.http.headers -- http-outgoing-8 << X-Powered-By: tinyhttp
12:58:15.736 [main] DEBUG org.apache.http.headers -- http-outgoing-8 << Access-Control-Allow-Origin: *
12:58:15.736 [main] DEBUG org.apache.http.headers -- http-outgoing-8 << Access-Control-Allow-Methods: GET, HEAD, PUT, PATCH, POST, DELETE
12:58:15.736 [main] DEBUG org.apache.http.headers -- http-outgoing-8 << Access-Control-Allow-Headers: content-type
12:58:15.736 [main] DEBUG org.apache.http.headers -- http-outgoing-8 << Content-Type: application/json
12:58:15.736 [main] DEBUG org.apache.http.headers -- http-outgoing-8 << Date: Sun, 08 Sep 2024 07:28:15 GMT
12:58:15.736 [main] DEBUG org.apache.http.headers -- http-outgoing-8 << Connection: keep-alive
12:58:15.736 [main] DEBUG org.apache.http.headers -- http-outgoing-8 << Keep-Alive: timeout=5
12:58:15.736 [main] DEBUG org.apache.http.headers -- http-outgoing-8 << Content-Length: 1772
12:58:15.736 [main] DEBUG org.apache.http.impl.execchain.MainClientExec -- Connection can be kept alive for 5000 MILLISECONDS
12:58:15.736 [main] DEBUG org.apache.http.impl.conn.PoolingHttpClientConnectionManager -- Connection [id: 8][route: {}->http://localhost:3000] can be kept alive for 5.0 seconds
12:58:15.736 [main] DEBUG org.apache.http.impl.conn.DefaultManagedHttpClientConnection -- http-outgoing-8: set socket timeout to 0
12:58:15.736 [main] DEBUG org.apache.http.impl.conn.PoolingHttpClientConnectionManager -- Connection released: [id: 8][route: {}->http://localhost:3000][total available: 1; route allocated: 1 of 5; total allocated: 1 of 10]
12:58:15.736 [main] DEBUG org.apache.http.impl.conn.PoolingHttpClientConnectionManager -- Connection manager is shutting down
12:58:15.736 [main] DEBUG org.apache.http.impl.conn.DefaultManagedHttpClientConnection -- http-outgoing-8: Close connection
12:58:15.737 [main] DEBUG org.apache.http.impl.conn.PoolingHttpClientConnectionManager -- Connection manager shut down
12:58:15.737 [main] DEBUG com.intuit.karate -- response time in milliseconds: 12
1 < 201
1 < X-Powered-By: tinyhttp
1 < Access-Control-Allow-Origin: *
1 < Access-Control-Allow-Methods: GET, HEAD, PUT, PATCH, POST, DELETE
1 < Access-Control-Allow-Headers: content-type
1 < Content-Type: application/json
1 < Date: Sun, 08 Sep 2024 07:28:15 GMT
1 < Connection: keep-alive
1 < Keep-Alive: timeout=5
1 < Content-Length: 1772
{
  "id": "Cstd312",
  "customerId": 312,
  "name": "Mana",
  "email": "Cust312@email.com",
  "phone": "35532-1234",
  "address": {
    "street": "123 Main St",
    "city": "New York",
    "state": "NY",
    "zip": "31200"
  },
  "accounts": [
    {
      "accountId": 101,
      "type": "savings",
      "balance": 5000.75,
      "currency": "USD",
      "transactions": [
        {
          "transactionId": 1001,
          "date": "2024-08-01",
          "type": "deposit",
          "amount": 1000,
          "description": "Paycheck deposit"
        },
        {
          "transactionId": 1002,
          "date": "2024-08-05",
          "type": "withdrawal",
          "amount": 200,
          "description": "ATM withdrawal"
        }
      ]
    },
    {
      "accountId": 102,
      "type": "checking",
      "balance": 1250,
      "currency": "USD",
      "transactions": [
        {
          "transactionId": 1003,
          "date": "2024-08-10",
          "type": "purchase",
          "amount": 75.5,
          "description": "Grocery shopping"
        }
      ]
    }
  ],
  "loans": [
    {
      "loanId": 201,
      "type": "personal",
      "amount": 10000,
      "interestRate": 4.5,
      "term": "36 months",
      "balance": 8500,
      "dueDate": "2024-09-10",
      "payments": [
        {
          "paymentId": 3001,
          "date": "2024-08-01",
          "amount": 500,
          "status": "completed"
        }
      ]
    }
  ],
  "creditCards": [
    {
      "cardId": 301,
      "type": "visa",
      "limit": 5000,
      "balance": 1200,
      "transactions": [
        {
          "transactionId": 4001,
          "date": "2024-08-15",
          "amount": 150,
          "description": "Online shopping"
        }
      ]
    }
  ]
}

12:58:15.739 [main] INFO com.intuit.karate -- [print] {
  "id": "Cstd312",
  "customerId": 312,
  "name": "Mana",
  "email": "Cust312@email.com",
  "phone": "35532-1234",
  "address": {
    "street": "123 Main St",
    "city": "New York",
    "state": "NY",
    "zip": "31200"
  },
  "accounts": [
    {
      "accountId": 101,
      "type": "savings",
      "balance": 5000.75,
      "currency": "USD",
      "transactions": [
        {
          "transactionId": 1001,
          "date": "2024-08-01",
          "type": "deposit",
          "amount": 1000,
          "description": "Paycheck deposit"
        },
        {
          "transactionId": 1002,
          "date": "2024-08-05",
          "type": "withdrawal",
          "amount": 200,
          "description": "ATM withdrawal"
        }
      ]
    },
    {
      "accountId": 102,
      "type": "checking",
      "balance": 1250,
      "currency": "USD",
      "transactions": [
        {
          "transactionId": 1003,
          "date": "2024-08-10",
          "type": "purchase",
          "amount": 75.5,
          "description": "Grocery shopping"
        }
      ]
    }
  ],
  "loans": [
    {
      "loanId": 201,
      "type": "personal",
      "amount": 10000,
      "interestRate": 4.5,
      "term": "36 months",
      "balance": 8500,
      "dueDate": "2024-09-10",
      "payments": [
        {
          "paymentId": 3001,
          "date": "2024-08-01",
          "amount": 500,
          "status": "completed"
        }
      ]
    }
  ],
  "creditCards": [
    {
      "cardId": 301,
      "type": "visa",
      "limit": 5000,
      "balance": 1200,
      "transactions": [
        {
          "transactionId": 4001,
          "date": "2024-08-15",
          "amount": 150,
          "description": "Online shopping"
        }
      ]
    }
  ]
}
 
12:58:15.748 [main] INFO com.intuit.karate -- [print] NewUserID: Cstd312 
12:58:15.750 [main] DEBUG org.apache.http.client.protocol.RequestAddCookies -- CookieSpec selected: karate
12:58:15.750 [main] DEBUG org.apache.http.client.protocol.RequestAuthCache -- Auth cache not set in the context
12:58:15.750 [main] DEBUG com.intuit.karate -- request:
2 > GET http://localhost:3000/Customers
2 > Host: localhost:3000
2 > Connection: Keep-Alive
2 > User-Agent: Apache-HttpClient/4.5.14 (Java/21.0.3)
2 > Accept-Encoding: gzip,deflate


12:58:15.750 [main] DEBUG org.apache.http.impl.conn.PoolingHttpClientConnectionManager -- Connection request: [route: {}->http://localhost:3000][total available: 0; route allocated: 0 of 5; total allocated: 0 of 10]
12:58:15.750 [main] DEBUG org.apache.http.impl.conn.PoolingHttpClientConnectionManager -- Connection leased: [id: 9][route: {}->http://localhost:3000][total available: 0; route allocated: 1 of 5; total allocated: 1 of 10]
12:58:15.750 [main] DEBUG org.apache.http.impl.execchain.MainClientExec -- Opening connection {}->http://localhost:3000
12:58:15.751 [main] DEBUG org.apache.http.impl.conn.DefaultHttpClientConnectionOperator -- Connecting to localhost/127.0.0.1:3000
12:58:15.752 [main] DEBUG org.apache.http.impl.conn.DefaultHttpClientConnectionOperator -- Connection established 127.0.0.1:50717<->127.0.0.1:3000
12:58:15.752 [main] DEBUG org.apache.http.impl.conn.DefaultManagedHttpClientConnection -- http-outgoing-9: set socket timeout to 30000
12:58:15.752 [main] DEBUG org.apache.http.impl.execchain.MainClientExec -- Executing request GET /Customers HTTP/1.1
12:58:15.752 [main] DEBUG org.apache.http.impl.execchain.MainClientExec -- Target auth state: UNCHALLENGED
12:58:15.752 [main] DEBUG org.apache.http.impl.execchain.MainClientExec -- Proxy auth state: UNCHALLENGED
12:58:15.752 [main] DEBUG org.apache.http.headers -- http-outgoing-9 >> GET /Customers HTTP/1.1
12:58:15.753 [main] DEBUG org.apache.http.headers -- http-outgoing-9 >> Host: localhost:3000
12:58:15.753 [main] DEBUG org.apache.http.headers -- http-outgoing-9 >> Connection: Keep-Alive
12:58:15.753 [main] DEBUG org.apache.http.headers -- http-outgoing-9 >> User-Agent: Apache-HttpClient/4.5.14 (Java/21.0.3)
12:58:15.753 [main] DEBUG org.apache.http.headers -- http-outgoing-9 >> Accept-Encoding: gzip,deflate
12:58:15.753 [main] DEBUG org.apache.http.wire -- http-outgoing-9 >> "GET /Customers HTTP/1.1[\r][\n]"
12:58:15.753 [main] DEBUG org.apache.http.wire -- http-outgoing-9 >> "Host: localhost:3000[\r][\n]"
12:58:15.753 [main] DEBUG org.apache.http.wire -- http-outgoing-9 >> "Connection: Keep-Alive[\r][\n]"
12:58:15.753 [main] DEBUG org.apache.http.wire -- http-outgoing-9 >> "User-Agent: Apache-HttpClient/4.5.14 (Java/21.0.3)[\r][\n]"
12:58:15.753 [main] DEBUG org.apache.http.wire -- http-outgoing-9 >> "Accept-Encoding: gzip,deflate[\r][\n]"
12:58:15.753 [main] DEBUG org.apache.http.wire -- http-outgoing-9 >> "[\r][\n]"
12:58:15.755 [main] DEBUG org.apache.http.wire -- http-outgoing-9 << "HTTP/1.1 200 OK[\r][\n]"
12:58:15.755 [main] DEBUG org.apache.http.wire -- http-outgoing-9 << "X-Powered-By: tinyhttp[\r][\n]"
12:58:15.755 [main] DEBUG org.apache.http.wire -- http-outgoing-9 << "Access-Control-Allow-Origin: *[\r][\n]"
12:58:15.755 [main] DEBUG org.apache.http.wire -- http-outgoing-9 << "Access-Control-Allow-Methods: GET, HEAD, PUT, PATCH, POST, DELETE[\r][\n]"
12:58:15.755 [main] DEBUG org.apache.http.wire -- http-outgoing-9 << "Access-Control-Allow-Headers: content-type[\r][\n]"
12:58:15.755 [main] DEBUG org.apache.http.wire -- http-outgoing-9 << "Content-Type: application/json[\r][\n]"
12:58:15.755 [main] DEBUG org.apache.http.wire -- http-outgoing-9 << "Date: Sun, 08 Sep 2024 07:28:15 GMT[\r][\n]"
12:58:15.755 [main] DEBUG org.apache.http.wire -- http-outgoing-9 << "Connection: keep-alive[\r][\n]"
12:58:15.755 [main] DEBUG org.apache.http.wire -- http-outgoing-9 << "Keep-Alive: timeout=5[\r][\n]"
12:58:15.755 [main] DEBUG org.apache.http.wire -- http-outgoing-9 << "Content-Length: 14648[\r][\n]"
12:58:15.755 [main] DEBUG org.apache.http.wire -- http-outgoing-9 << "[\r][\n]"
12:58:15.755 [main] DEBUG org.apache.http.wire -- http-outgoing-9 << "[[\n]"
12:58:15.755 [main] DEBUG org.apache.http.wire -- http-outgoing-9 << "  {[\n]"
12:58:15.755 [main] DEBUG org.apache.http.wire -- http-outgoing-9 << "    "customerId": 1,[\n]"
12:58:15.755 [main] DEBUG org.apache.http.wire -- http-outgoing-9 << "    "name": "John Doe",[\n]"
12:58:15.755 [main] DEBUG org.apache.http.wire -- http-outgoing-9 << "    "email": "john.doe@example.com",[\n]"
12:58:15.755 [main] DEBUG org.apache.http.wire -- http-outgoing-9 << "    "phone": "555-1234",[\n]"
12:58:15.755 [main] DEBUG org.apache.http.wire -- http-outgoing-9 << "    "address": {[\n]"
12:58:15.755 [main] DEBUG org.apache.http.wire -- http-outgoing-9 << "      "street": "123 Main St",[\n]"
12:58:15.755 [main] DEBUG org.apache.http.wire -- http-outgoing-9 << "      "city": "New York",[\n]"
12:58:15.755 [main] DEBUG org.apache.http.wire -- http-outgoing-9 << "      "state": "NY",[\n]"
12:58:15.755 [main] DEBUG org.apache.http.wire -- http-outgoing-9 << "      "zip": "10001"[\n]"
12:58:15.755 [main] DEBUG org.apache.http.wire -- http-outgoing-9 << "    },[\n]"
12:58:15.755 [main] DEBUG org.apache.http.wire -- http-outgoing-9 << "    "accounts": [[\n]"
12:58:15.755 [main] DEBUG org.apache.http.wire -- http-outgoing-9 << "      {[\n]"
12:58:15.755 [main] DEBUG org.apache.http.wire -- http-outgoing-9 << "        "accountId": 101,[\n]"
12:58:15.755 [main] DEBUG org.apache.http.wire -- http-outgoing-9 << "        "type": "savings",[\n]"
12:58:15.755 [main] DEBUG org.apache.http.wire -- http-outgoing-9 << "        "balance": 5000.75,[\n]"
12:58:15.755 [main] DEBUG org.apache.http.wire -- http-outgoing-9 << "        "currency": "USD",[\n]"
12:58:15.755 [main] DEBUG org.apache.http.wire -- http-outgoing-9 << "        "transactions": [[\n]"
12:58:15.755 [main] DEBUG org.apache.http.wire -- http-outgoing-9 << "          {[\n]"
12:58:15.755 [main] DEBUG org.apache.http.wire -- http-outgoing-9 << "            "transactionId": 1001,[\n]"
12:58:15.755 [main] DEBUG org.apache.http.wire -- http-outgoing-9 << "            "date": "2024-08-01",[\n]"
12:58:15.755 [main] DEBUG org.apache.http.wire -- http-outgoing-9 << "            "type": "deposit",[\n]"
12:58:15.755 [main] DEBUG org.apache.http.wire -- http-outgoing-9 << "            "amount": 1000,[\n]"
12:58:15.755 [main] DEBUG org.apache.http.wire -- http-outgoing-9 << "            "description": "Paycheck deposit"[\n]"
12:58:15.755 [main] DEBUG org.apache.http.wire -- http-outgoing-9 << "          },[\n]"
12:58:15.755 [main] DEBUG org.apache.http.wire -- http-outgoing-9 << "          {[\n]"
12:58:15.755 [main] DEBUG org.apache.http.wire -- http-outgoing-9 << "            "transactionId": 1002,[\n]"
12:58:15.755 [main] DEBUG org.apache.http.wire -- http-outgoing-9 << "            "date": "2024-08-05",[\n]"
12:58:15.755 [main] DEBUG org.apache.http.wire -- http-outgoing-9 << "            "type": "withdrawal",[\n]"
12:58:15.755 [main] DEBUG org.apache.http.wire -- http-outgoing-9 << "            "amount": 200,[\n]"
12:58:15.755 [main] DEBUG org.apache.http.wire -- http-outgoing-9 << "            "description": "ATM withdrawal"[\n]"
12:58:15.755 [main] DEBUG org.apache.http.wire -- http-outgoing-9 << "          }[\n]"
12:58:15.755 [main] DEBUG org.apache.http.wire -- http-outgoing-9 << "        ][\n]"
12:58:15.755 [main] DEBUG org.apache.http.wire -- http-outgoing-9 << "      },[\n]"
12:58:15.755 [main] DEBUG org.apache.http.wire -- http-outgoing-9 << "      {[\n]"
12:58:15.755 [main] DEBUG org.apache.http.wire -- http-outgoing-9 << "        "accountId": 102,[\n]"
12:58:15.755 [main] DEBUG org.apache.http.wire -- http-outgoing-9 << "        "type": "checking",[\n]"
12:58:15.755 [main] DEBUG org.apache.http.wire -- http-outgoing-9 << "        "balance": 1250,[\n]"
12:58:15.755 [main] DEBUG org.apache.http.wire -- http-outgoing-9 << "        "currency": "USD",[\n]"
12:58:15.755 [main] DEBUG org.apache.http.wire -- http-outgoing-9 << "        "transactions": [[\n]"
12:58:15.755 [main] DEBUG org.apache.http.wire -- http-outgoing-9 << "          {[\n]"
12:58:15.755 [main] DEBUG org.apache.http.wire -- http-outgoing-9 << "            "transactionId": 1003,[\n]"
12:58:15.755 [main] DEBUG org.apache.http.wire -- http-outgoing-9 << "            "date": "2024-08-10",[\n]"
12:58:15.755 [main] DEBUG org.apache.http.wire -- http-outgoing-9 << "            "type": "purchase",[\n]"
12:58:15.755 [main] DEBUG org.apache.http.wire -- http-outgoing-9 << "            "amount": 75.5,[\n]"
12:58:15.755 [main] DEBUG org.apache.http.wire -- http-outgoing-9 << "            "description": "Grocery shopping"[\n]"
12:58:15.755 [main] DEBUG org.apache.http.wire -- http-outgoing-9 << "          }[\n]"
12:58:15.755 [main] DEBUG org.apache.http.wire -- http-outgoing-9 << "        ][\n]"
12:58:15.755 [main] DEBUG org.apache.http.wire -- http-outgoing-9 << "      }[\n]"
12:58:15.755 [main] DEBUG org.apache.http.wire -- http-outgoing-9 << "    ],[\n]"
12:58:15.755 [main] DEBUG org.apache.http.wire -- http-outgoing-9 << "    "loans": [[\n]"
12:58:15.755 [main] DEBUG org.apache.http.wire -- http-outgoing-9 << "      {[\n]"
12:58:15.755 [main] DEBUG org.apache.http.wire -- http-outgoing-9 << "        "loanId": 201,[\n]"
12:58:15.755 [main] DEBUG org.apache.http.wire -- http-outgoing-9 << "        "type": "personal",[\n]"
12:58:15.755 [main] DEBUG org.apache.http.wire -- http-outgoing-9 << "        "amount": 10000,[\n]"
12:58:15.755 [main] DEBUG org.apache.http.wire -- http-outgoing-9 << "        "interestRate": 4.5,[\n]"
12:58:15.755 [main] DEBUG org.apache.http.wire -- http-outgoing-9 << "        "term": "36 months",[\n]"
12:58:15.755 [main] DEBUG org.apache.http.wire -- http-outgoing-9 << "        "balance": 8500,[\n]"
12:58:15.755 [main] DEBUG org.apache.http.wire -- http-outgoing-9 << "        "dueDate": "2024-09-10",[\n]"
12:58:15.755 [main] DEBUG org.apache.http.wire -- http-outgoing-9 << "        "payments": [[\n]"
12:58:15.755 [main] DEBUG org.apache.http.wire -- http-outgoing-9 << "          {[\n]"
12:58:15.755 [main] DEBUG org.apache.http.wire -- http-outgoing-9 << "            "paymentId": 3001,[\n]"
12:58:15.755 [main] DEBUG org.apache.http.wire -- http-outgoing-9 << "            "date": "2024-08-01",[\n]"
12:58:15.755 [main] DEBUG org.apache.http.wire -- http-outgoing-9 << "            "amount": 500,[\n]"
12:58:15.755 [main] DEBUG org.apache.http.wire -- http-outgoing-9 << "            "status": "completed"[\n]"
12:58:15.755 [main] DEBUG org.apache.http.wire -- http-outgoing-9 << "          }[\n]"
12:58:15.755 [main] DEBUG org.apache.http.wire -- http-outgoing-9 << "        ][\n]"
12:58:15.755 [main] DEBUG org.apache.http.wire -- http-outgoing-9 << "      }[\n]"
12:58:15.755 [main] DEBUG org.apache.http.wire -- http-outgoing-9 << "    ],[\n]"
12:58:15.755 [main] DEBUG org.apache.http.wire -- http-outgoing-9 << "    "creditCards": [[\n]"
12:58:15.755 [main] DEBUG org.apache.http.wire -- http-outgoing-9 << "      {[\n]"
12:58:15.755 [main] DEBUG org.apache.http.wire -- http-outgoing-9 << "        "cardId": 301,[\n]"
12:58:15.755 [main] DEBUG org.apache.http.wire -- http-outgoing-9 << "        "type": "visa",[\n]"
12:58:15.755 [main] DEBUG org.apache.http.wire -- http-outgoing-9 << "        "limit": 5000,[\n]"
12:58:15.755 [main] DEBUG org.apache.http.wire -- http-outgoing-9 << "        "balance": 1200,[\n]"
12:58:15.755 [main] DEBUG org.apache.http.wire -- http-outgoing-9 << "        "transactions": [[\n]"
12:58:15.755 [main] DEBUG org.apache.http.wire -- http-outgoing-9 << "          {[\n]"
12:58:15.755 [main] DEBUG org.apache.http.wire -- http-outgoing-9 << "            "transactionId": 4001,[\n]"
12:58:15.755 [main] DEBUG org.apache.http.wire -- http-outgoing-9 << "            "date": "2024-08-15",[\n]"
12:58:15.755 [main] DEBUG org.apache.http.wire -- http-outgoing-9 << "            "amount": 150,[\n]"
12:58:15.755 [main] DEBUG org.apache.http.wire -- http-outgoing-9 << "            "description": "Online shopping"[\n]"
12:58:15.755 [main] DEBUG org.apache.http.wire -- http-outgoing-9 << "          }[\n]"
12:58:15.755 [main] DEBUG org.apache.http.wire -- http-outgoing-9 << "        ][\n]"
12:58:15.755 [main] DEBUG org.apache.http.wire -- http-outgoing-9 << "      }[\n]"
12:58:15.755 [main] DEBUG org.apache.http.wire -- http-outgoing-9 << "    ],[\n]"
12:58:15.755 [main] DEBUG org.apache.http.wire -- http-outgoing-9 << "    "id": "dae6"[\n]"
12:58:15.755 [main] DEBUG org.apache.http.wire -- http-outgoing-9 << "  },[\n]"
12:58:15.755 [main] DEBUG org.apache.http.wire -- http-outgoing-9 << "  {[\n]"
12:58:15.755 [main] DEBUG org.apache.http.wire -- http-outgoing-9 << "    "customerId": 2,[\n]"
12:58:15.756 [main] DEBUG org.apache.http.wire -- http-outgoing-9 << "    "name": "Jane Smith",[\n]"
12:58:15.756 [main] DEBUG org.apache.http.wire -- http-outgoing-9 << "    "email": "jane.smith@example.com",[\n]"
12:58:15.756 [main] DEBUG org.apache.http.wire -- http-outgoing-9 << "    "phone": "555-5678",[\n]"
12:58:15.756 [main] DEBUG org.apache.http.wire -- http-outgoing-9 << "    "address": {[\n]"
12:58:15.756 [main] DEBUG org.apache.http.wire -- http-outgoing-9 << "      "street": "456 Oak St",[\n]"
12:58:15.756 [main] DEBUG org.apache.http.wire -- http-outgoing-9 << "      "city": "San Francisco",[\n]"
12:58:15.756 [main] DEBUG org.apache.http.wire -- http-outgoing-9 << "      "state": "CA",[\n]"
12:58:15.756 [main] DEBUG org.apache.http.wire -- http-outgoing-9 << "      "zip": "94107"[\n]"
12:58:15.756 [main] DEBUG org.apache.http.wire -- http-outgoing-9 << "    },[\n]"
12:58:15.756 [main] DEBUG org.apache.http.wire -- http-outgoing-9 << "    "accounts": [[\n]"
12:58:15.756 [main] DEBUG org.apache.http.wire -- http-outgoing-9 << "      {[\n]"
12:58:15.756 [main] DEBUG org.apache.http.wire -- http-outgoing-9 << "        "accountId": 103,[\n]"
12:58:15.756 [main] DEBUG org.apache.http.wire -- http-outgoing-9 << "        "type": "savings",[\n]"
12:58:15.756 [main] DEBUG org.apache.http.wire -- http-outgoing-9 << "        "balance": 7800,[\n]"
12:58:15.756 [main] DEBUG org.apache.http.wire -- http-outgoing-9 << "        "currency": "USD",[\n]"
12:58:15.756 [main] DEBUG org.apache.http.wire -- http-outgoing-9 << "        "transactions": [[\n]"
12:58:15.756 [main] DEBUG org.apache.http.wire -- http-outgoing-9 << "          {[\n]"
12:58:15.756 [main] DEBUG org.apache.http.wire -- http-outgoing-9 << "            "transactionId": 1004,[\n]"
12:58:15.756 [main] DEBUG org.apache.http.wire -- http-outgoing-9 << "            "date": "2024-08-20",[\n]"
12:58:15.756 [main] DEBUG org.apache.http.wire -- http-outgoing-9 << "            "type": "deposit",[\n]"
12:58:15.756 [main] DEBUG org.apache.http.wire -- http-outgoing-9 << "            "amount": 1500,[\n]"
12:58:15.756 [main] DEBUG org.apache.http.wire -- http-outgoing-9 << "            "description": "Freelance work"[\n]"
12:58:15.756 [main] DEBUG org.apache.http.wire -- http-outgoing-9 << "          }[\n]"
12:58:15.756 [main] DEBUG org.apache.http.wire -- http-outgoing-9 << "        ][\n]"
12:58:15.756 [main] DEBUG org.apache.http.wire -- http-outgoing-9 << "      }[\n]"
12:58:15.756 [main] DEBUG org.apache.http.wire -- http-outgoing-9 << "    ],[\n]"
12:58:15.756 [main] DEBUG org.apache.http.wire -- http-outgoing-9 << "    "loans": [],[\n]"
12:58:15.756 [main] DEBUG org.apache.http.wire -- http-outgoing-9 << "    "creditCards": [[\n]"
12:58:15.756 [main] DEBUG org.apache.http.wire -- http-outgoing-9 << "      {[\n]"
12:58:15.756 [main] DEBUG org.apache.http.wire -- http-outgoing-9 << "        "cardId": 302,[\n]"
12:58:15.756 [main] DEBUG org.apache.http.wire -- http-outgoing-9 << "        "type": "mastercard",[\n]"
12:58:15.756 [main] DEBUG org.apache.http.wire -- http-outgoing-9 << "        "limit": 10000,[\n]"
12:58:15.756 [main] DEBUG org.apache.http.wire -- http-outgoing-9 << "        "balance": 3000,[\n]"
12:58:15.756 [main] DEBUG org.apache.http.wire -- http-outgoing-9 << "        "transactions": [[\n]"
12:58:15.756 [main] DEBUG org.apache.http.wire -- http-outgoing-9 << "          {[\n]"
12:58:15.756 [main] DEBUG org.apache.http.wire -- http-outgoing-9 << "            "transactionId": 4002,[\n]"
12:58:15.756 [main] DEBUG org.apache.http.wire -- http-outgoing-9 << "            "date": "2024-08-22",[\n]"
12:58:15.756 [main] DEBUG org.apache.http.wire -- http-outgoing-9 << "            "amount": 500,[\n]"
12:58:15.756 [main] DEBUG org.apache.http.wire -- http-outgoing-9 << "            "description": "Flight ticket"[\n]"
12:58:15.756 [main] DEBUG org.apache.http.wire -- http-outgoing-9 << "          }[\n]"
12:58:15.756 [main] DEBUG org.apache.http.wire -- http-outgoing-9 << "        ][\n]"
12:58:15.756 [main] DEBUG org.apache.http.wire -- http-outgoing-9 << "      }[\n]"
12:58:15.756 [main] DEBUG org.apache.http.wire -- http-outgoing-9 << "    ],[\n]"
12:58:15.756 [main] DEBUG org.apache.http.wire -- http-outgoing-9 << "    "id": "964b"[\n]"
12:58:15.756 [main] DEBUG org.apache.http.wire -- http-outgoing-9 << "  },[\n]"
12:58:15.756 [main] DEBUG org.apache.http.wire -- http-outgoing-9 << "  {[\n]"
12:58:15.756 [main] DEBUG org.apache.http.wire -- http-outgoing-9 << "    "customerId": 10,[\n]"
12:58:15.756 [main] DEBUG org.apache.http.wire -- http-outgoing-9 << "    "name": "BBBBB",[\n]"
12:58:15.756 [main] DEBUG org.apache.http.wire -- http-outgoing-9 << "    "email": "AAAAA.doe@example.com",[\n]"
12:58:15.756 [main] DEBUG org.apache.http.wire -- http-outgoing-9 << "    "phone": "555-1234",[\n]"
12:58:15.756 [main] DEBUG org.apache.http.wire -- http-outgoing-9 << "    "address": {[\n]"
12:58:15.756 [main] DEBUG org.apache.http.wire -- http-outgoing-9 << "      "street": "123 Main St",[\n]"
12:58:15.756 [main] DEBUG org.apache.http.wire -- http-outgoing-9 << "      "city": "New York",[\n]"
12:58:15.756 [main] DEBUG org.apache.http.wire -- http-outgoing-9 << "      "state": "NY",[\n]"
12:58:15.756 [main] DEBUG org.apache.http.wire -- http-outgoing-9 << "      "zip": "10001"[\n]"
12:58:15.756 [main] DEBUG org.apache.http.wire -- http-outgoing-9 << "    },[\n]"
12:58:15.756 [main] DEBUG org.apache.http.wire -- http-outgoing-9 << "    "accounts": [[\n]"
12:58:15.756 [main] DEBUG org.apache.http.wire -- http-outgoing-9 << "      {[\n]"
12:58:15.756 [main] DEBUG org.apache.http.wire -- http-outgoing-9 << "        "accountId": 200,[\n]"
12:58:15.756 [main] DEBUG org.apache.http.wire -- http-outgoing-9 << "        "type": "savings",[\n]"
12:58:15.756 [main] DEBUG org.apache.http.wire -- http-outgoing-9 << "        "balance": 5000.75,[\n]"
12:58:15.756 [main] DEBUG org.apache.http.wire -- http-outgoing-9 << "        "currency": "USD",[\n]"
12:58:15.756 [main] DEBUG org.apache.http.wire -- http-outgoing-9 << "        "transactions": [[\n]"
12:58:15.756 [main] DEBUG org.apache.http.wire -- http-outgoing-9 << "          {[\n]"
12:58:15.756 [main] DEBUG org.apache.http.wire -- http-outgoing-9 << "            "transactionId": 2001,[\n]"
12:58:15.756 [main] DEBUG org.apache.http.wire -- http-outgoing-9 << "            "date": "2024-08-01",[\n]"
12:58:15.756 [main] DEBUG org.apache.http.wire -- http-outgoing-9 << "            "type": "deposit",[\n]"
12:58:15.756 [main] DEBUG org.apache.http.wire -- http-outgoing-9 << "            "amount": 1000,[\n]"
12:58:15.756 [main] DEBUG org.apache.http.wire -- http-outgoing-9 << "            "description": "Paycheck deposit"[\n]"
12:58:15.756 [main] DEBUG org.apache.http.wire -- http-outgoing-9 << "          },[\n]"
12:58:15.756 [main] DEBUG org.apache.http.wire -- http-outgoing-9 << "          {[\n]"
12:58:15.756 [main] DEBUG org.apache.http.wire -- http-outgoing-9 << "            "transactionId": 2002,[\n]"
12:58:15.756 [main] DEBUG org.apache.http.wire -- http-outgoing-9 << "            "date": "2024-08-05",[\n]"
12:58:15.756 [main] DEBUG org.apache.http.wire -- http-outgoing-9 << "            "type": "withdrawal",[\n]"
12:58:15.756 [main] DEBUG org.apache.http.wire -- http-outgoing-9 << "            "amount": 200,[\n]"
12:58:15.756 [main] DEBUG org.apache.http.wire -- http-outgoing-9 << "            "description": "ATM withdrawal"[\n]"
12:58:15.756 [main] DEBUG org.apache.http.wire -- http-outgoing-9 << "          }[\n]"
12:58:15.756 [main] DEBUG org.apache.http.wire -- http-outgoing-9 << "        ][\n]"
12:58:15.756 [main] DEBUG org.apache.http.wire -- http-outgoing-9 << "      },[\n]"
12:58:15.756 [main] DEBUG org.apache.http.wire -- http-outgoing-9 << "      {[\n]"
12:58:15.756 [main] DEBUG org.apache.http.wire -- http-outgoing-9 << "        "accountId": 201,[\n]"
12:58:15.756 [main] DEBUG org.apache.http.wire -- http-outgoing-9 << "        "type": "checking",[\n]"
12:58:15.756 [main] DEBUG org.apache.http.wire -- http-outgoing-9 << "        "balance": 1250,[\n]"
12:58:15.756 [main] DEBUG org.apache.http.wire -- http-outgoing-9 << "        "currency": "USD",[\n]"
12:58:15.756 [main] DEBUG org.apache.http.wire -- http-outgoing-9 << "        "transactions": [[\n]"
12:58:15.756 [main] DEBUG org.apache.http.wire -- http-outgoing-9 << "          {[\n]"
12:58:15.756 [main] DEBUG org.apache.http.wire -- http-outgoing-9 << "            "transactionId": 2003,[\n]"
12:58:15.756 [main] DEBUG org.apache.http.wire -- http-outgoing-9 << "            "date": "2024-08-10",[\n]"
12:58:15.756 [main] DEBUG org.apache.http.wire -- http-outgoing-9 << "            "type": "purchase",[\n]"
12:58:15.756 [main] DEBUG org.apache.http.wire -- http-outgoing-9 << "            "amount": 75.5,[\n]"
12:58:15.756 [main] DEBUG org.apache.http.wire -- http-outgoing-9 << "            "description": "Grocery shopping"[\n]"
12:58:15.756 [main] DEBUG org.apache.http.wire -- http-outgoing-9 << "          }[\n]"
12:58:15.756 [main] DEBUG org.apache.http.wire -- http-outgoing-9 << "        ][\n]"
12:58:15.756 [main] DEBUG org.apache.http.wire -- http-outgoing-9 << "      }[\n]"
12:58:15.756 [main] DEBUG org.apache.http.wire -- http-outgoing-9 << "    ],[\n]"
12:58:15.756 [main] DEBUG org.apache.http.wire -- http-outgoing-9 << "    "loans": [[\n]"
12:58:15.756 [main] DEBUG org.apache.http.wire -- http-outgoing-9 << "      {[\n]"
12:58:15.756 [main] DEBUG org.apache.http.wire -- http-outgoing-9 << "        "loanId": 201,[\n]"
12:58:15.756 [main] DEBUG org.apache.http.wire -- http-outgoing-9 << "        "type": "personal",[\n]"
12:58:15.756 [main] DEBUG org.apache.http.wire -- http-outgoing-9 << "        "amount": 10000,[\n]"
12:58:15.756 [main] DEBUG org.apache.http.wire -- http-outgoing-9 << "        "interestRate": 4.5,[\n]"
12:58:15.756 [main] DEBUG org.apache.http.wire -- http-outgoing-9 << "        "term": "36 months",[\n]"
12:58:15.756 [main] DEBUG org.apache.http.wire -- http-outgoing-9 << "        "balance": 8500,[\n]"
12:58:15.757 [main] DEBUG org.apache.http.wire -- http-outgoing-9 << "        "dueDate": "2024-09-10",[\n]"
12:58:15.757 [main] DEBUG org.apache.http.wire -- http-outgoing-9 << "        "payments": [[\n]"
12:58:15.757 [main] DEBUG org.apache.http.wire -- http-outgoing-9 << "          {[\n]"
12:58:15.757 [main] DEBUG org.apache.http.wire -- http-outgoing-9 << "            "paymentId": 3001,[\n]"
12:58:15.757 [main] DEBUG org.apache.http.wire -- http-outgoing-9 << "            "date": "2024-08-01",[\n]"
12:58:15.757 [main] DEBUG org.apache.http.wire -- http-outgoing-9 << "            "amount": 500,[\n]"
12:58:15.757 [main] DEBUG org.apache.http.wire -- http-outgoing-9 << "            "status": "completed"[\n]"
12:58:15.757 [main] DEBUG org.apache.http.wire -- http-outgoing-9 << "          }[\n]"
12:58:15.757 [main] DEBUG org.apache.http.wire -- http-outgoing-9 << "        ][\n]"
12:58:15.757 [main] DEBUG org.apache.http.wire -- http-outgoing-9 << "      }[\n]"
12:58:15.757 [main] DEBUG org.apache.http.wire -- http-outgoing-9 << "    ],[\n]"
12:58:15.757 [main] DEBUG org.apache.http.wire -- http-outgoing-9 << "    "creditCards": [[\n]"
12:58:15.757 [main] DEBUG org.apache.http.wire -- http-outgoing-9 << "      {[\n]"
12:58:15.757 [main] DEBUG org.apache.http.wire -- http-outgoing-9 << "        "cardId": 301,[\n]"
12:58:15.757 [main] DEBUG org.apache.http.wire -- http-outgoing-9 << "        "type": "visa",[\n]"
12:58:15.757 [main] DEBUG org.apache.http.wire -- http-outgoing-9 << "        "limit": 5000,[\n]"
12:58:15.757 [main] DEBUG org.apache.http.wire -- http-outgoing-9 << "        "balance": 1200,[\n]"
12:58:15.757 [main] DEBUG org.apache.http.wire -- http-outgoing-9 << "        "transactions": [[\n]"
12:58:15.757 [main] DEBUG org.apache.http.wire -- http-outgoing-9 << "          {[\n]"
12:58:15.757 [main] DEBUG org.apache.http.wire -- http-outgoing-9 << "            "transactionId": 4001,[\n]"
12:58:15.757 [main] DEBUG org.apache.http.wire -- http-outgoing-9 << "            "date": "2024-08-15",[\n]"
12:58:15.757 [main] DEBUG org.apache.http.wire -- http-outgoing-9 << "            "amount": 150,[\n]"
12:58:15.757 [main] DEBUG org.apache.http.wire -- http-outgoing-9 << "            "description": "Online shopping"[\n]"
12:58:15.757 [main] DEBUG org.apache.http.wire -- http-outgoing-9 << "          }[\n]"
12:58:15.757 [main] DEBUG org.apache.http.wire -- http-outgoing-9 << "        ][\n]"
12:58:15.757 [main] DEBUG org.apache.http.wire -- http-outgoing-9 << "      }[\n]"
12:58:15.757 [main] DEBUG org.apache.http.wire -- http-outgoing-9 << "    ],[\n]"
12:58:15.757 [main] DEBUG org.apache.http.wire -- http-outgoing-9 << "    "id": "090d"[\n]"
12:58:15.757 [main] DEBUG org.apache.http.wire -- http-outgoing-9 << "  },[\n]"
12:58:15.757 [main] DEBUG org.apache.http.wire -- http-outgoing-9 << "  {[\n]"
12:58:15.757 [main] DEBUG org.apache.http.wire -- http-outgoing-9 << "    "id": "dae6",[\n]"
12:58:15.757 [main] DEBUG org.apache.http.wire -- http-outgoing-9 << "    "customerId": 304,[\n]"
12:58:15.757 [main] DEBUG org.apache.http.wire -- http-outgoing-9 << "    "name": "DDDD",[\n]"
12:58:15.757 [main] DEBUG org.apache.http.wire -- http-outgoing-9 << "    "email": "DDDDD.doe@example.com",[\n]"
12:58:15.757 [main] DEBUG org.apache.http.wire -- http-outgoing-9 << "    "phone": "66666-1234",[\n]"
12:58:15.757 [main] DEBUG org.apache.http.wire -- http-outgoing-9 << "    "address": {[\n]"
12:58:15.757 [main] DEBUG org.apache.http.wire -- http-outgoing-9 << "      "street": "123 Main St",[\n]"
12:58:15.757 [main] DEBUG org.apache.http.wire -- http-outgoing-9 << "      "city": "New York",[\n]"
12:58:15.757 [main] DEBUG org.apache.http.wire -- http-outgoing-9 << "      "state": "NY",[\n]"
12:58:15.757 [main] DEBUG org.apache.http.wire -- http-outgoing-9 << "      "zip": "30200"[\n]"
12:58:15.757 [main] DEBUG org.apache.http.wire -- http-outgoing-9 << "    },[\n]"
12:58:15.757 [main] DEBUG org.apache.http.wire -- http-outgoing-9 << "    "accounts": [[\n]"
12:58:15.757 [main] DEBUG org.apache.http.wire -- http-outgoing-9 << "      {[\n]"
12:58:15.757 [main] DEBUG org.apache.http.wire -- http-outgoing-9 << "        "accountId": 101,[\n]"
12:58:15.757 [main] DEBUG org.apache.http.wire -- http-outgoing-9 << "        "type": "savings",[\n]"
12:58:15.757 [main] DEBUG org.apache.http.wire -- http-outgoing-9 << "        "balance": 5000.75,[\n]"
12:58:15.757 [main] DEBUG org.apache.http.wire -- http-outgoing-9 << "        "currency": "USD",[\n]"
12:58:15.757 [main] DEBUG org.apache.http.wire -- http-outgoing-9 << "        "transactions": [[\n]"
12:58:15.757 [main] DEBUG org.apache.http.wire -- http-outgoing-9 << "          {[\n]"
12:58:15.757 [main] DEBUG org.apache.http.wire -- http-outgoing-9 << "            "transactionId": 1001,[\n]"
12:58:15.757 [main] DEBUG org.apache.http.wire -- http-outgoing-9 << "            "date": "2024-08-01",[\n]"
12:58:15.757 [main] DEBUG org.apache.http.wire -- http-outgoing-9 << "            "type": "deposit",[\n]"
12:58:15.757 [main] DEBUG org.apache.http.wire -- http-outgoing-9 << "            "amount": 1000,[\n]"
12:58:15.757 [main] DEBUG org.apache.http.wire -- http-outgoing-9 << "            "description": "Paycheck deposit"[\n]"
12:58:15.757 [main] DEBUG org.apache.http.wire -- http-outgoing-9 << "          },[\n]"
12:58:15.757 [main] DEBUG org.apache.http.wire -- http-outgoing-9 << "          {[\n]"
12:58:15.757 [main] DEBUG org.apache.http.wire -- http-outgoing-9 << "            "transactionId": 1002,[\n]"
12:58:15.757 [main] DEBUG org.apache.http.wire -- http-outgoing-9 << "            "date": "2024-08-05",[\n]"
12:58:15.757 [main] DEBUG org.apache.http.wire -- http-outgoing-9 << "            "type": "withdrawal",[\n]"
12:58:15.757 [main] DEBUG org.apache.http.wire -- http-outgoing-9 << "            "amount": 200,[\n]"
12:58:15.757 [main] DEBUG org.apache.http.wire -- http-outgoing-9 << "            "description": "ATM withdrawal"[\n]"
12:58:15.757 [main] DEBUG org.apache.http.wire -- http-outgoing-9 << "          }[\n]"
12:58:15.757 [main] DEBUG org.apache.http.wire -- http-outgoing-9 << "        ][\n]"
12:58:15.757 [main] DEBUG org.apache.http.wire -- http-outgoing-9 << "      },[\n]"
12:58:15.757 [main] DEBUG org.apache.http.wire -- http-outgoing-9 << "      {[\n]"
12:58:15.757 [main] DEBUG org.apache.http.wire -- http-outgoing-9 << "        "accountId": 102,[\n]"
12:58:15.757 [main] DEBUG org.apache.http.wire -- http-outgoing-9 << "        "type": "checking",[\n]"
12:58:15.757 [main] DEBUG org.apache.http.wire -- http-outgoing-9 << "        "balance": 1250,[\n]"
12:58:15.757 [main] DEBUG org.apache.http.wire -- http-outgoing-9 << "        "currency": "USD",[\n]"
12:58:15.757 [main] DEBUG org.apache.http.wire -- http-outgoing-9 << "        "transactions": [[\n]"
12:58:15.757 [main] DEBUG org.apache.http.wire -- http-outgoing-9 << "          {[\n]"
12:58:15.757 [main] DEBUG org.apache.http.wire -- http-outgoing-9 << "            "transactionId": 1003,[\n]"
12:58:15.757 [main] DEBUG org.apache.http.wire -- http-outgoing-9 << "            "date": "2024-08-10",[\n]"
12:58:15.757 [main] DEBUG org.apache.http.wire -- http-outgoing-9 << "            "type": "purchase",[\n]"
12:58:15.757 [main] DEBUG org.apache.http.wire -- http-outgoing-9 << "            "amount": 75.5,[\n]"
12:58:15.757 [main] DEBUG org.apache.http.wire -- http-outgoing-9 << "            "description": "Grocery shopping"[\n]"
12:58:15.757 [main] DEBUG org.apache.http.wire -- http-outgoing-9 << "          }[\n]"
12:58:15.757 [main] DEBUG org.apache.http.wire -- http-outgoing-9 << "        ][\n]"
12:58:15.757 [main] DEBUG org.apache.http.wire -- http-outgoing-9 << "      }[\n]"
12:58:15.757 [main] DEBUG org.apache.http.wire -- http-outgoing-9 << "    ],[\n]"
12:58:15.757 [main] DEBUG org.apache.http.wire -- http-outgoing-9 << "    "loans": [[\n]"
12:58:15.757 [main] DEBUG org.apache.http.wire -- http-outgoing-9 << "      {[\n]"
12:58:15.757 [main] DEBUG org.apache.http.wire -- http-outgoing-9 << "        "loanId": 201,[\n]"
12:58:15.757 [main] DEBUG org.apache.http.wire -- http-outgoing-9 << "        "type": "personal",[\n]"
12:58:15.757 [main] DEBUG org.apache.http.wire -- http-outgoing-9 << "        "amount": 10000,[\n]"
12:58:15.757 [main] DEBUG org.apache.http.wire -- http-outgoing-9 << "        "interestRate": 4.5,[\n]"
12:58:15.757 [main] DEBUG org.apache.http.wire -- http-outgoing-9 << "        "term": "36 months",[\n]"
12:58:15.757 [main] DEBUG org.apache.http.wire -- http-outgoing-9 << "        "balance": 8500,[\n]"
12:58:15.757 [main] DEBUG org.apache.http.wire -- http-outgoing-9 << "        "dueDate": "2024-09-10",[\n]"
12:58:15.757 [main] DEBUG org.apache.http.wire -- http-outgoing-9 << "        "payments": [[\n]"
12:58:15.757 [main] DEBUG org.apache.http.wire -- http-outgoing-9 << "          {[\n]"
12:58:15.757 [main] DEBUG org.apache.http.wire -- http-outgoing-9 << "            "paymentId": 3001,[\n]"
12:58:15.757 [main] DEBUG org.apache.http.wire -- http-outgoing-9 << "            "date": "2024-08-01",[\n]"
12:58:15.757 [main] DEBUG org.apache.http.wire -- http-outgoing-9 << "            "amount": 500,[\n]"
12:58:15.757 [main] DEBUG org.apache.http.wire -- http-outgoing-9 << "            "status": "completed"[\n]"
12:58:15.757 [main] DEBUG org.apache.http.wire -- http-outgoing-9 << "          }[\n]"
12:58:15.757 [main] DEBUG org.apache.http.wire -- http-outgoing-9 << "        ][\n]"
12:58:15.757 [main] DEBUG org.apache.http.wire -- http-outgoing-9 << "      }[\n]"
12:58:15.757 [main] DEBUG org.apache.http.wire -- http-outgoing-9 << "    ],[\n]"
12:58:15.757 [main] DEBUG org.apache.http.wire -- http-outgoing-9 << "    "creditCards": [[\n]"
12:58:15.757 [main] DEBUG org.apache.http.wire -- http-outgoing-9 << "      {[\n]"
12:58:15.758 [main] DEBUG org.apache.http.wire -- http-outgoing-9 << "        "cardId": 301,[\n]"
12:58:15.758 [main] DEBUG org.apache.http.wire -- http-outgoing-9 << "        "type": "visa",[\n]"
12:58:15.758 [main] DEBUG org.apache.http.wire -- http-outgoing-9 << "        "limit": 5000,[\n]"
12:58:15.758 [main] DEBUG org.apache.http.wire -- http-outgoing-9 << "        "balance": 1200,[\n]"
12:58:15.758 [main] DEBUG org.apache.http.wire -- http-outgoing-9 << "        "transactions": [[\n]"
12:58:15.758 [main] DEBUG org.apache.http.wire -- http-outgoing-9 << "          {[\n]"
12:58:15.758 [main] DEBUG org.apache.http.wire -- http-outgoing-9 << "            "transactionId": 4001,[\n]"
12:58:15.758 [main] DEBUG org.apache.http.wire -- http-outgoing-9 << "            "date": "2024-08-15",[\n]"
12:58:15.758 [main] DEBUG org.apache.http.wire -- http-outgoing-9 << "            "amount": 150,[\n]"
12:58:15.758 [main] DEBUG org.apache.http.wire -- http-outgoing-9 << "            "description": "Online shopping"[\n]"
12:58:15.758 [main] DEBUG org.apache.http.wire -- http-outgoing-9 << "          }[\n]"
12:58:15.758 [main] DEBUG org.apache.http.wire -- http-outgoing-9 << "        ][\n]"
12:58:15.758 [main] DEBUG org.apache.http.wire -- http-outgoing-9 << "      }[\n]"
12:58:15.758 [main] DEBUG org.apache.http.wire -- http-outgoing-9 << "    ][\n]"
12:58:15.758 [main] DEBUG org.apache.http.wire -- http-outgoing-9 << "  },[\n]"
12:58:15.758 [main] DEBUG org.apache.http.wire -- http-outgoing-9 << "  {[\n]"
12:58:15.758 [main] DEBUG org.apache.http.wire -- http-outgoing-9 << "    "id": "dae6",[\n]"
12:58:15.758 [main] DEBUG org.apache.http.wire -- http-outgoing-9 << "    "customerId": 305,[\n]"
12:58:15.758 [main] DEBUG org.apache.http.wire -- http-outgoing-9 << "    "name": "DDDD",[\n]"
12:58:15.758 [main] DEBUG org.apache.http.wire -- http-outgoing-9 << "    "email": "DDDDD.doe@example.com",[\n]"
12:58:15.758 [main] DEBUG org.apache.http.wire -- http-outgoing-9 << "    "phone": "66666-1234",[\n]"
12:58:15.758 [main] DEBUG org.apache.http.wire -- http-outgoing-9 << "    "address": {[\n]"
12:58:15.758 [main] DEBUG org.apache.http.wire -- http-outgoing-9 << "      "street": "123 Main St",[\n]"
12:58:15.758 [main] DEBUG org.apache.http.wire -- http-outgoing-9 << "      "city": "New York",[\n]"
12:58:15.758 [main] DEBUG org.apache.http.wire -- http-outgoing-9 << "      "state": "NY",[\n]"
12:58:15.758 [main] DEBUG org.apache.http.wire -- http-outgoing-9 << "      "zip": "30200"[\n]"
12:58:15.758 [main] DEBUG org.apache.http.wire -- http-outgoing-9 << "    },[\n]"
12:58:15.758 [main] DEBUG org.apache.http.wire -- http-outgoing-9 << "    "accounts": [[\n]"
12:58:15.758 [main] DEBUG org.apache.http.wire -- http-outgoing-9 << "      {[\n]"
12:58:15.758 [main] DEBUG org.apache.http.wire -- http-outgoing-9 << "        "accountId": 101,[\n]"
12:58:15.758 [main] DEBUG org.apache.http.wire -- http-outgoing-9 << "        "type": "savings",[\n]"
12:58:15.758 [main] DEBUG org.apache.http.wire -- http-outgoing-9 << "        "balance": 5000.75,[\n]"
12:58:15.758 [main] DEBUG org.apache.http.wire -- http-outgoing-9 << "        "currency": "USD",[\n]"
12:58:15.758 [main] DEBUG org.apache.http.wire -- http-outgoing-9 << "        "transactions": [[\n]"
12:58:15.758 [main] DEBUG org.apache.http.wire -- http-outgoing-9 << "          {[\n]"
12:58:15.758 [main] DEBUG org.apache.http.wire -- http-outgoing-9 << "            "transactionId": 1001,[\n]"
12:58:15.758 [main] DEBUG org.apache.http.wire -- http-outgoing-9 << "            "date": "2024-08-01",[\n]"
12:58:15.758 [main] DEBUG org.apache.http.wire -- http-outgoing-9 << "            "type": "deposit",[\n]"
12:58:15.758 [main] DEBUG org.apache.http.wire -- http-outgoing-9 << "            "amount": 1000,[\n]"
12:58:15.758 [main] DEBUG org.apache.http.wire -- http-outgoing-9 << "            "description": "Paycheck deposit"[\n]"
12:58:15.758 [main] DEBUG org.apache.http.wire -- http-outgoing-9 << "          },[\n]"
12:58:15.758 [main] DEBUG org.apache.http.wire -- http-outgoing-9 << "          {[\n]"
12:58:15.758 [main] DEBUG org.apache.http.wire -- http-outgoing-9 << "            "transactionId": 1002,[\n]"
12:58:15.758 [main] DEBUG org.apache.http.wire -- http-outgoing-9 << "            "date": "2024-08-05",[\n]"
12:58:15.758 [main] DEBUG org.apache.http.wire -- http-outgoing-9 << "            "type": "withdrawal",[\n]"
12:58:15.758 [main] DEBUG org.apache.http.wire -- http-outgoing-9 << "            "amount": 200,[\n]"
12:58:15.758 [main] DEBUG org.apache.http.wire -- http-outgoing-9 << "            "description": "ATM withdrawal"[\n]"
12:58:15.758 [main] DEBUG org.apache.http.wire -- http-outgoing-9 << "          }[\n]"
12:58:15.758 [main] DEBUG org.apache.http.wire -- http-outgoing-9 << "        ][\n]"
12:58:15.758 [main] DEBUG org.apache.http.wire -- http-outgoing-9 << "      },[\n]"
12:58:15.758 [main] DEBUG org.apache.http.wire -- http-outgoing-9 << "      {[\n]"
12:58:15.758 [main] DEBUG org.apache.http.wire -- http-outgoing-9 << "        "accountId": 102,[\n]"
12:58:15.758 [main] DEBUG org.apache.http.wire -- http-outgoing-9 << "        "type": "checking",[\n]"
12:58:15.758 [main] DEBUG org.apache.http.wire -- http-outgoing-9 << "        "balance": 1250,[\n]"
12:58:15.758 [main] DEBUG org.apache.http.wire -- http-outgoing-9 << "        "currency": "USD",[\n]"
12:58:15.758 [main] DEBUG org.apache.http.wire -- http-outgoing-9 << "        "transactions": [[\n]"
12:58:15.758 [main] DEBUG org.apache.http.wire -- http-outgoing-9 << "          {[\n]"
12:58:15.758 [main] DEBUG org.apache.http.wire -- http-outgoing-9 << "            "transactionId": 1003,[\n]"
12:58:15.758 [main] DEBUG org.apache.http.wire -- http-outgoing-9 << " "
12:58:15.759 [main] DEBUG org.apache.http.headers -- http-outgoing-9 << HTTP/1.1 200 OK
12:58:15.759 [main] DEBUG org.apache.http.headers -- http-outgoing-9 << X-Powered-By: tinyhttp
12:58:15.759 [main] DEBUG org.apache.http.headers -- http-outgoing-9 << Access-Control-Allow-Origin: *
12:58:15.759 [main] DEBUG org.apache.http.headers -- http-outgoing-9 << Access-Control-Allow-Methods: GET, HEAD, PUT, PATCH, POST, DELETE
12:58:15.759 [main] DEBUG org.apache.http.headers -- http-outgoing-9 << Access-Control-Allow-Headers: content-type
12:58:15.759 [main] DEBUG org.apache.http.headers -- http-outgoing-9 << Content-Type: application/json
12:58:15.759 [main] DEBUG org.apache.http.headers -- http-outgoing-9 << Date: Sun, 08 Sep 2024 07:28:15 GMT
12:58:15.759 [main] DEBUG org.apache.http.headers -- http-outgoing-9 << Connection: keep-alive
12:58:15.759 [main] DEBUG org.apache.http.headers -- http-outgoing-9 << Keep-Alive: timeout=5
12:58:15.759 [main] DEBUG org.apache.http.headers -- http-outgoing-9 << Content-Length: 14648
12:58:15.759 [main] DEBUG org.apache.http.impl.execchain.MainClientExec -- Connection can be kept alive for 5000 MILLISECONDS
12:58:15.759 [main] DEBUG org.apache.http.wire -- http-outgoing-9 << "           "date": "2024-08-10",[\n]"
12:58:15.759 [main] DEBUG org.apache.http.wire -- http-outgoing-9 << "            "type": "purchase",[\n]"
12:58:15.759 [main] DEBUG org.apache.http.wire -- http-outgoing-9 << "            "amount": 75.5,[\n]"
12:58:15.759 [main] DEBUG org.apache.http.wire -- http-outgoing-9 << "            "description": "Grocery shopping"[\n]"
12:58:15.759 [main] DEBUG org.apache.http.wire -- http-outgoing-9 << "          }[\n]"
12:58:15.759 [main] DEBUG org.apache.http.wire -- http-outgoing-9 << "        ][\n]"
12:58:15.759 [main] DEBUG org.apache.http.wire -- http-outgoing-9 << "      }[\n]"
12:58:15.759 [main] DEBUG org.apache.http.wire -- http-outgoing-9 << "    ],[\n]"
12:58:15.759 [main] DEBUG org.apache.http.wire -- http-outgoing-9 << "    "loans": [[\n]"
12:58:15.759 [main] DEBUG org.apache.http.wire -- http-outgoing-9 << "      {[\n]"
12:58:15.759 [main] DEBUG org.apache.http.wire -- http-outgoing-9 << "        "loanId": 201,[\n]"
12:58:15.759 [main] DEBUG org.apache.http.wire -- http-outgoing-9 << "        "type": "personal",[\n]"
12:58:15.759 [main] DEBUG org.apache.http.wire -- http-outgoing-9 << "        "amount": 10000,[\n]"
12:58:15.759 [main] DEBUG org.apache.http.wire -- http-outgoing-9 << "        "interestRate": 4.5,[\n]"
12:58:15.759 [main] DEBUG org.apache.http.wire -- http-outgoing-9 << "        "term": "36 months",[\n]"
12:58:15.759 [main] DEBUG org.apache.http.wire -- http-outgoing-9 << "        "balance": 8500,[\n]"
12:58:15.759 [main] DEBUG org.apache.http.wire -- http-outgoing-9 << "        "dueDate": "2024-09-10",[\n]"
12:58:15.759 [main] DEBUG org.apache.http.wire -- http-outgoing-9 << "        "payments": [[\n]"
12:58:15.759 [main] DEBUG org.apache.http.wire -- http-outgoing-9 << "          {[\n]"
12:58:15.759 [main] DEBUG org.apache.http.wire -- http-outgoing-9 << "            "paymentId": 3001,[\n]"
12:58:15.759 [main] DEBUG org.apache.http.wire -- http-outgoing-9 << "            "date": "2024-08-01",[\n]"
12:58:15.759 [main] DEBUG org.apache.http.wire -- http-outgoing-9 << "            "amount": 500,[\n]"
12:58:15.759 [main] DEBUG org.apache.http.wire -- http-outgoing-9 << "            "status": "completed"[\n]"
12:58:15.759 [main] DEBUG org.apache.http.wire -- http-outgoing-9 << "          }[\n]"
12:58:15.759 [main] DEBUG org.apache.http.wire -- http-outgoing-9 << "        ][\n]"
12:58:15.759 [main] DEBUG org.apache.http.wire -- http-outgoing-9 << "      }[\n]"
12:58:15.759 [main] DEBUG org.apache.http.wire -- http-outgoing-9 << "    ],[\n]"
12:58:15.759 [main] DEBUG org.apache.http.wire -- http-outgoing-9 << "    "creditCards": [[\n]"
12:58:15.759 [main] DEBUG org.apache.http.wire -- http-outgoing-9 << "      {[\n]"
12:58:15.759 [main] DEBUG org.apache.http.wire -- http-outgoing-9 << "        "cardId": 301,[\n]"
12:58:15.759 [main] DEBUG org.apache.http.wire -- http-outgoing-9 << "        "type": "visa",[\n]"
12:58:15.759 [main] DEBUG org.apache.http.wire -- http-outgoing-9 << "        "limit": 5000,[\n]"
12:58:15.759 [main] DEBUG org.apache.http.wire -- http-outgoing-9 << "        "balance": 1200,[\n]"
12:58:15.759 [main] DEBUG org.apache.http.wire -- http-outgoing-9 << "        "transactions": [[\n]"
12:58:15.759 [main] DEBUG org.apache.http.wire -- http-outgoing-9 << "          {[\n]"
12:58:15.759 [main] DEBUG org.apache.http.wire -- http-outgoing-9 << "            "transactionId": 4001,[\n]"
12:58:15.759 [main] DEBUG org.apache.http.wire -- http-outgoing-9 << "            "date": "2024-08-15",[\n]"
12:58:15.759 [main] DEBUG org.apache.http.wire -- http-outgoing-9 << "            "amount": 150,[\n]"
12:58:15.759 [main] DEBUG org.apache.http.wire -- http-outgoing-9 << "            "description": "Online shopping"[\n]"
12:58:15.759 [main] DEBUG org.apache.http.wire -- http-outgoing-9 << "          }[\n]"
12:58:15.759 [main] DEBUG org.apache.http.wire -- http-outgoing-9 << "        ][\n]"
12:58:15.759 [main] DEBUG org.apache.http.wire -- http-outgoing-9 << "      }[\n]"
12:58:15.759 [main] DEBUG org.apache.http.wire -- http-outgoing-9 << "    ][\n]"
12:58:15.759 [main] DEBUG org.apache.http.wire -- http-outgoing-9 << "  },[\n]"
12:58:15.759 [main] DEBUG org.apache.http.wire -- http-outgoing-9 << "  {[\n]"
12:58:15.760 [main] DEBUG org.apache.http.wire -- http-outgoing-9 << "    "id": "dae6",[\n]"
12:58:15.760 [main] DEBUG org.apache.http.wire -- http-outgoing-9 << "    "customerId": 305,[\n]"
12:58:15.760 [main] DEBUG org.apache.http.wire -- http-outgoing-9 << "    "name": "DDDD",[\n]"
12:58:15.760 [main] DEBUG org.apache.http.wire -- http-outgoing-9 << "    "email": "DDDDD.doe@exa"
12:58:15.760 [main] DEBUG org.apache.http.wire -- http-outgoing-9 << "mple.com",[\n]"
12:58:15.760 [main] DEBUG org.apache.http.wire -- http-outgoing-9 << "    "phone": "66666-1234",[\n]"
12:58:15.760 [main] DEBUG org.apache.http.wire -- http-outgoing-9 << "    "address": {[\n]"
12:58:15.760 [main] DEBUG org.apache.http.wire -- http-outgoing-9 << "      "street": "123 Main St",[\n]"
12:58:15.760 [main] DEBUG org.apache.http.wire -- http-outgoing-9 << "      "city": "New York",[\n]"
12:58:15.760 [main] DEBUG org.apache.http.wire -- http-outgoing-9 << "      "state": "NY",[\n]"
12:58:15.760 [main] DEBUG org.apache.http.wire -- http-outgoing-9 << "      "zip": "30200"[\n]"
12:58:15.760 [main] DEBUG org.apache.http.wire -- http-outgoing-9 << "    },[\n]"
12:58:15.760 [main] DEBUG org.apache.http.wire -- http-outgoing-9 << "    "accounts": [[\n]"
12:58:15.760 [main] DEBUG org.apache.http.wire -- http-outgoing-9 << "      {[\n]"
12:58:15.760 [main] DEBUG org.apache.http.wire -- http-outgoing-9 << "        "accountId": 101,[\n]"
12:58:15.760 [main] DEBUG org.apache.http.wire -- http-outgoing-9 << "        "type": "savings",[\n]"
12:58:15.760 [main] DEBUG org.apache.http.wire -- http-outgoing-9 << "        "balance": 5000.75,[\n]"
12:58:15.760 [main] DEBUG org.apache.http.wire -- http-outgoing-9 << "        "currency": "USD",[\n]"
12:58:15.760 [main] DEBUG org.apache.http.wire -- http-outgoing-9 << "        "transactions": [[\n]"
12:58:15.760 [main] DEBUG org.apache.http.wire -- http-outgoing-9 << "          {[\n]"
12:58:15.760 [main] DEBUG org.apache.http.wire -- http-outgoing-9 << "            "transactionId": 1001,[\n]"
12:58:15.760 [main] DEBUG org.apache.http.wire -- http-outgoing-9 << "            "date": "2024-08-01",[\n]"
12:58:15.760 [main] DEBUG org.apache.http.wire -- http-outgoing-9 << "            "type": "deposit",[\n]"
12:58:15.760 [main] DEBUG org.apache.http.wire -- http-outgoing-9 << "            "amount": 1000,[\n]"
12:58:15.760 [main] DEBUG org.apache.http.wire -- http-outgoing-9 << "            "description": "Paycheck deposit"[\n]"
12:58:15.760 [main] DEBUG org.apache.http.wire -- http-outgoing-9 << "          },[\n]"
12:58:15.760 [main] DEBUG org.apache.http.wire -- http-outgoing-9 << "          {[\n]"
12:58:15.760 [main] DEBUG org.apache.http.wire -- http-outgoing-9 << "            "transactionId": 1002,[\n]"
12:58:15.760 [main] DEBUG org.apache.http.wire -- http-outgoing-9 << "            "date": "2024-08-05",[\n]"
12:58:15.760 [main] DEBUG org.apache.http.wire -- http-outgoing-9 << "            "type": "withdrawal",[\n]"
12:58:15.760 [main] DEBUG org.apache.http.wire -- http-outgoing-9 << "            "amount": 200,[\n]"
12:58:15.760 [main] DEBUG org.apache.http.wire -- http-outgoing-9 << "            "description": "ATM withdrawal"[\n]"
12:58:15.760 [main] DEBUG org.apache.http.wire -- http-outgoing-9 << "          }[\n]"
12:58:15.760 [main] DEBUG org.apache.http.wire -- http-outgoing-9 << "        ][\n]"
12:58:15.760 [main] DEBUG org.apache.http.wire -- http-outgoing-9 << "      },[\n]"
12:58:15.760 [main] DEBUG org.apache.http.wire -- http-outgoing-9 << "      {[\n]"
12:58:15.760 [main] DEBUG org.apache.http.wire -- http-outgoing-9 << "        "accountId": 102,[\n]"
12:58:15.760 [main] DEBUG org.apache.http.wire -- http-outgoing-9 << "        "type": "checking",[\n]"
12:58:15.760 [main] DEBUG org.apache.http.wire -- http-outgoing-9 << "        "balance": 1250,[\n]"
12:58:15.760 [main] DEBUG org.apache.http.wire -- http-outgoing-9 << "        "currency": "USD",[\n]"
12:58:15.760 [main] DEBUG org.apache.http.wire -- http-outgoing-9 << "        "transactions": [[\n]"
12:58:15.760 [main] DEBUG org.apache.http.wire -- http-outgoing-9 << "          {[\n]"
12:58:15.760 [main] DEBUG org.apache.http.wire -- http-outgoing-9 << "            "transactionId": 1003,[\n]"
12:58:15.760 [main] DEBUG org.apache.http.wire -- http-outgoing-9 << "            "date": "2024-08-10",[\n]"
12:58:15.760 [main] DEBUG org.apache.http.wire -- http-outgoing-9 << "            "type": "purchase",[\n]"
12:58:15.760 [main] DEBUG org.apache.http.wire -- http-outgoing-9 << "            "amount": 75.5,[\n]"
12:58:15.760 [main] DEBUG org.apache.http.wire -- http-outgoing-9 << "      "
12:58:15.760 [main] DEBUG org.apache.http.wire -- http-outgoing-9 << "      "description": "Grocery shopping"[\n]"
12:58:15.760 [main] DEBUG org.apache.http.wire -- http-outgoing-9 << "          }[\n]"
12:58:15.760 [main] DEBUG org.apache.http.wire -- http-outgoing-9 << "        ][\n]"
12:58:15.760 [main] DEBUG org.apache.http.wire -- http-outgoing-9 << "      }[\n]"
12:58:15.760 [main] DEBUG org.apache.http.wire -- http-outgoing-9 << "    ],[\n]"
12:58:15.760 [main] DEBUG org.apache.http.wire -- http-outgoing-9 << "    "loans": [[\n]"
12:58:15.760 [main] DEBUG org.apache.http.wire -- http-outgoing-9 << "      {[\n]"
12:58:15.760 [main] DEBUG org.apache.http.wire -- http-outgoing-9 << "        "loanId": 201,[\n]"
12:58:15.760 [main] DEBUG org.apache.http.wire -- http-outgoing-9 << "        "type": "personal",[\n]"
12:58:15.760 [main] DEBUG org.apache.http.wire -- http-outgoing-9 << "        "amount": 10000,[\n]"
12:58:15.760 [main] DEBUG org.apache.http.wire -- http-outgoing-9 << "        "interestRate": 4.5,[\n]"
12:58:15.760 [main] DEBUG org.apache.http.wire -- http-outgoing-9 << "        "term": "36 months",[\n]"
12:58:15.760 [main] DEBUG org.apache.http.wire -- http-outgoing-9 << "        "balance": 8500,[\n]"
12:58:15.760 [main] DEBUG org.apache.http.wire -- http-outgoing-9 << "        "dueDate": "2024-09-10",[\n]"
12:58:15.760 [main] DEBUG org.apache.http.wire -- http-outgoing-9 << "        "payments": [[\n]"
12:58:15.760 [main] DEBUG org.apache.http.wire -- http-outgoing-9 << "          {[\n]"
12:58:15.760 [main] DEBUG org.apache.http.wire -- http-outgoing-9 << "            "paymentId": 3001,[\n]"
12:58:15.760 [main] DEBUG org.apache.http.wire -- http-outgoing-9 << "            "date": "2024-08-01",[\n]"
12:58:15.760 [main] DEBUG org.apache.http.wire -- http-outgoing-9 << "            "amount": 500,[\n]"
12:58:15.760 [main] DEBUG org.apache.http.wire -- http-outgoing-9 << "            "status": "completed"[\n]"
12:58:15.760 [main] DEBUG org.apache.http.wire -- http-outgoing-9 << "          }[\n]"
12:58:15.760 [main] DEBUG org.apache.http.wire -- http-outgoing-9 << "        ][\n]"
12:58:15.760 [main] DEBUG org.apache.http.wire -- http-outgoing-9 << "      }[\n]"
12:58:15.760 [main] DEBUG org.apache.http.wire -- http-outgoing-9 << "    ],[\n]"
12:58:15.760 [main] DEBUG org.apache.http.wire -- http-outgoing-9 << "    "creditCards": [[\n]"
12:58:15.760 [main] DEBUG org.apache.http.wire -- http-outgoing-9 << "      {[\n]"
12:58:15.760 [main] DEBUG org.apache.http.wire -- http-outgoing-9 << "        "cardId": 301,[\n]"
12:58:15.760 [main] DEBUG org.apache.http.wire -- http-outgoing-9 << "        "type": "visa",[\n]"
12:58:15.760 [main] DEBUG org.apache.http.wire -- http-outgoing-9 << "        "limit": 5000,[\n]"
12:58:15.760 [main] DEBUG org.apache.http.wire -- http-outgoing-9 << "        "balance": 1200,[\n]"
12:58:15.760 [main] DEBUG org.apache.http.wire -- http-outgoing-9 << "        "transactions": [[\n]"
12:58:15.760 [main] DEBUG org.apache.http.wire -- http-outgoing-9 << "          {[\n]"
12:58:15.760 [main] DEBUG org.apache.http.wire -- http-outgoing-9 << "            "transactionId": 4001,[\n]"
12:58:15.760 [main] DEBUG org.apache.http.wire -- http-outgoing-9 << "            "date": "2024-08-15",[\n]"
12:58:15.760 [main] DEBUG org.apache.http.wire -- http-outgoing-9 << "            "amount": 150,[\n]"
12:58:15.760 [main] DEBUG org.apache.http.wire -- http-outgoing-9 << "            "description": "Online shopping"[\n]"
12:58:15.760 [main] DEBUG org.apache.http.wire -- http-outgoing-9 << "          }[\n]"
12:58:15.760 [main] DEBUG org.apache.http.wire -- http-outgoing-9 << "        ][\n]"
12:58:15.760 [main] DEBUG org.apache.http.wire -- http-outgoing-9 << "      }[\n]"
12:58:15.760 [main] DEBUG org.apache.http.wire -- http-outgoing-9 << "    ][\n]"
12:58:15.760 [main] DEBUG org.apache.http.wire -- http-outgoing-9 << "  },[\n]"
12:58:15.760 [main] DEBUG org.apache.http.wire -- http-outgoing-9 << "  {[\n]"
12:58:15.760 [main] DEBUG org.apache.http.wire -- http-outgoing-9 << "    "id": "Cstd306",[\n]"
12:58:15.761 [main] DEBUG org.apache.http.wire -- http-outgoing-9 << "    "customerId": 306,[\n]"
12:58:15.761 [main] DEBUG org.apache.http.wire -- http-outgoing-9 << "    "name": "DDDD",[\n]"
12:58:15.761 [main] DEBUG org.apache.http.wire -- http-outgoing-9 << "    "email": "DDDDD.doe@example.com",[\n]"
12:58:15.761 [main] DEBUG org.apache.http.wire -- http-outgoing-9 << "    "phone": "66666-1234",[\n]"
12:58:15.761 [main] DEBUG org.apache.http.wire -- http-outgoing-9 << "    "address": {[\n]"
12:58:15.761 [main] DEBUG org.apache.http.wire -- http-outgoing-9 << "      "street": "123 Main St",[\n]"
12:58:15.761 [main] DEBUG org.apache.http.wire -- http-outgoing-9 << "      "cit"
12:58:15.761 [main] DEBUG org.apache.http.wire -- http-outgoing-9 << "y": "New York",[\n]"
12:58:15.761 [main] DEBUG org.apache.http.wire -- http-outgoing-9 << "      "state": "NY",[\n]"
12:58:15.761 [main] DEBUG org.apache.http.wire -- http-outgoing-9 << "      "zip": "30200"[\n]"
12:58:15.761 [main] DEBUG org.apache.http.wire -- http-outgoing-9 << "    },[\n]"
12:58:15.761 [main] DEBUG org.apache.http.wire -- http-outgoing-9 << "    "accounts": [[\n]"
12:58:15.761 [main] DEBUG org.apache.http.wire -- http-outgoing-9 << "      {[\n]"
12:58:15.761 [main] DEBUG org.apache.http.wire -- http-outgoing-9 << "        "accountId": 101,[\n]"
12:58:15.761 [main] DEBUG org.apache.http.wire -- http-outgoing-9 << "        "type": "savings",[\n]"
12:58:15.761 [main] DEBUG org.apache.http.wire -- http-outgoing-9 << "        "balance": 5000.75,[\n]"
12:58:15.761 [main] DEBUG org.apache.http.wire -- http-outgoing-9 << "        "currency": "USD",[\n]"
12:58:15.761 [main] DEBUG org.apache.http.wire -- http-outgoing-9 << "        "transactions": [[\n]"
12:58:15.761 [main] DEBUG org.apache.http.wire -- http-outgoing-9 << "          {[\n]"
12:58:15.761 [main] DEBUG org.apache.http.wire -- http-outgoing-9 << "            "transactionId": 1001,[\n]"
12:58:15.761 [main] DEBUG org.apache.http.wire -- http-outgoing-9 << "            "date": "2024-08-01",[\n]"
12:58:15.761 [main] DEBUG org.apache.http.wire -- http-outgoing-9 << "            "type": "deposit",[\n]"
12:58:15.761 [main] DEBUG org.apache.http.wire -- http-outgoing-9 << "            "amount": 1000,[\n]"
12:58:15.761 [main] DEBUG org.apache.http.wire -- http-outgoing-9 << "            "description": "Paycheck deposit"[\n]"
12:58:15.761 [main] DEBUG org.apache.http.wire -- http-outgoing-9 << "          },[\n]"
12:58:15.761 [main] DEBUG org.apache.http.wire -- http-outgoing-9 << "          {[\n]"
12:58:15.761 [main] DEBUG org.apache.http.wire -- http-outgoing-9 << "            "transactionId": 1002,[\n]"
12:58:15.761 [main] DEBUG org.apache.http.wire -- http-outgoing-9 << "            "date": "2024-08-05",[\n]"
12:58:15.761 [main] DEBUG org.apache.http.wire -- http-outgoing-9 << "            "type": "withdrawal",[\n]"
12:58:15.761 [main] DEBUG org.apache.http.wire -- http-outgoing-9 << "            "amount": 200,[\n]"
12:58:15.761 [main] DEBUG org.apache.http.wire -- http-outgoing-9 << "            "description": "ATM withdrawal"[\n]"
12:58:15.761 [main] DEBUG org.apache.http.wire -- http-outgoing-9 << "          }[\n]"
12:58:15.761 [main] DEBUG org.apache.http.wire -- http-outgoing-9 << "        ][\n]"
12:58:15.761 [main] DEBUG org.apache.http.wire -- http-outgoing-9 << "      },[\n]"
12:58:15.761 [main] DEBUG org.apache.http.wire -- http-outgoing-9 << "      {[\n]"
12:58:15.761 [main] DEBUG org.apache.http.wire -- http-outgoing-9 << "        "accountId": 102,[\n]"
12:58:15.761 [main] DEBUG org.apache.http.wire -- http-outgoing-9 << "        "type": "checking",[\n]"
12:58:15.761 [main] DEBUG org.apache.http.wire -- http-outgoing-9 << "        "balance": 1250,[\n]"
12:58:15.761 [main] DEBUG org.apache.http.wire -- http-outgoing-9 << "        "currency": "USD",[\n]"
12:58:15.761 [main] DEBUG org.apache.http.wire -- http-outgoing-9 << "        "transactions": [[\n]"
12:58:15.761 [main] DEBUG org.apache.http.wire -- http-outgoing-9 << "          {[\n]"
12:58:15.761 [main] DEBUG org.apache.http.wire -- http-outgoing-9 << "            "transactionId": 1003,[\n]"
12:58:15.761 [main] DEBUG org.apache.http.wire -- http-outgoing-9 << "            "date": "2024-08-10",[\n]"
12:58:15.761 [main] DEBUG org.apache.http.wire -- http-outgoing-9 << "            "type": "purchase",[\n]"
12:58:15.761 [main] DEBUG org.apache.http.wire -- http-outgoing-9 << "            "amount": 75.5,[\n]"
12:58:15.761 [main] DEBUG org.apache.http.wire -- http-outgoing-9 << "            "description": "Grocery shopping"[\n]"
12:58:15.761 [main] DEBUG org.apache.http.wire -- http-outgoing-9 << "          }[\n]"
12:58:15.761 [main] DEBUG org.apache.http.wire -- http-outgoing-9 << "        ][\n]"
12:58:15.761 [main] DEBUG org.apache.http.wire -- http-outgoing-9 << "      }[\n]"
12:58:15.761 [main] DEBUG org.apache.http.wire -- http-outgoing-9 << "    ],[\n]"
12:58:15.761 [main] DEBUG org.apache.http.wire -- http-outgoing-9 << "    "loans": [[\n]"
12:58:15.761 [main] DEBUG org.apache.http.wire -- http-outgoing-9 << "    "
12:58:15.761 [main] DEBUG org.apache.http.wire -- http-outgoing-9 << "  {[\n]"
12:58:15.761 [main] DEBUG org.apache.http.wire -- http-outgoing-9 << "        "loanId": 201,[\n]"
12:58:15.761 [main] DEBUG org.apache.http.wire -- http-outgoing-9 << "        "type": "personal",[\n]"
12:58:15.761 [main] DEBUG org.apache.http.wire -- http-outgoing-9 << "        "amount": 10000,[\n]"
12:58:15.761 [main] DEBUG org.apache.http.wire -- http-outgoing-9 << "        "interestRate": 4.5,[\n]"
12:58:15.761 [main] DEBUG org.apache.http.wire -- http-outgoing-9 << "        "term": "36 months",[\n]"
12:58:15.761 [main] DEBUG org.apache.http.wire -- http-outgoing-9 << "        "balance": 8500,[\n]"
12:58:15.761 [main] DEBUG org.apache.http.wire -- http-outgoing-9 << "        "dueDate": "2024-09-10",[\n]"
12:58:15.761 [main] DEBUG org.apache.http.wire -- http-outgoing-9 << "        "payments": [[\n]"
12:58:15.761 [main] DEBUG org.apache.http.wire -- http-outgoing-9 << "          {[\n]"
12:58:15.761 [main] DEBUG org.apache.http.wire -- http-outgoing-9 << "            "paymentId": 3001,[\n]"
12:58:15.761 [main] DEBUG org.apache.http.wire -- http-outgoing-9 << "            "date": "2024-08-01",[\n]"
12:58:15.761 [main] DEBUG org.apache.http.wire -- http-outgoing-9 << "            "amount": 500,[\n]"
12:58:15.761 [main] DEBUG org.apache.http.wire -- http-outgoing-9 << "            "status": "completed"[\n]"
12:58:15.761 [main] DEBUG org.apache.http.wire -- http-outgoing-9 << "          }[\n]"
12:58:15.761 [main] DEBUG org.apache.http.wire -- http-outgoing-9 << "        ][\n]"
12:58:15.761 [main] DEBUG org.apache.http.wire -- http-outgoing-9 << "      }[\n]"
12:58:15.761 [main] DEBUG org.apache.http.wire -- http-outgoing-9 << "    ],[\n]"
12:58:15.761 [main] DEBUG org.apache.http.wire -- http-outgoing-9 << "    "creditCards": [[\n]"
12:58:15.761 [main] DEBUG org.apache.http.wire -- http-outgoing-9 << "      {[\n]"
12:58:15.761 [main] DEBUG org.apache.http.wire -- http-outgoing-9 << "        "cardId": 301,[\n]"
12:58:15.761 [main] DEBUG org.apache.http.wire -- http-outgoing-9 << "        "type": "visa",[\n]"
12:58:15.761 [main] DEBUG org.apache.http.wire -- http-outgoing-9 << "        "limit": 5000,[\n]"
12:58:15.761 [main] DEBUG org.apache.http.wire -- http-outgoing-9 << "        "balance": 1200,[\n]"
12:58:15.761 [main] DEBUG org.apache.http.wire -- http-outgoing-9 << "        "transactions": [[\n]"
12:58:15.761 [main] DEBUG org.apache.http.wire -- http-outgoing-9 << "          {[\n]"
12:58:15.761 [main] DEBUG org.apache.http.wire -- http-outgoing-9 << "            "transactionId": 4001,[\n]"
12:58:15.761 [main] DEBUG org.apache.http.wire -- http-outgoing-9 << "            "date": "2024-08-15",[\n]"
12:58:15.761 [main] DEBUG org.apache.http.wire -- http-outgoing-9 << "            "amount": 150,[\n]"
12:58:15.761 [main] DEBUG org.apache.http.wire -- http-outgoing-9 << "            "description": "Online shopping"[\n]"
12:58:15.761 [main] DEBUG org.apache.http.wire -- http-outgoing-9 << "          }[\n]"
12:58:15.761 [main] DEBUG org.apache.http.wire -- http-outgoing-9 << "        ][\n]"
12:58:15.761 [main] DEBUG org.apache.http.wire -- http-outgoing-9 << "      }[\n]"
12:58:15.761 [main] DEBUG org.apache.http.wire -- http-outgoing-9 << "    ][\n]"
12:58:15.761 [main] DEBUG org.apache.http.wire -- http-outgoing-9 << "  },[\n]"
12:58:15.761 [main] DEBUG org.apache.http.wire -- http-outgoing-9 << "  {[\n]"
12:58:15.761 [main] DEBUG org.apache.http.wire -- http-outgoing-9 << "    "id": "Cstd312",[\n]"
12:58:15.761 [main] DEBUG org.apache.http.wire -- http-outgoing-9 << "    "customerId": 312,[\n]"
12:58:15.761 [main] DEBUG org.apache.http.wire -- http-outgoing-9 << "    "name": "Mana",[\n]"
12:58:15.761 [main] DEBUG org.apache.http.wire -- http-outgoing-9 << "    "email": "Cust312@email.com",[\n]"
12:58:15.761 [main] DEBUG org.apache.http.wire -- http-outgoing-9 << "    "phone": "35532-1234",[\n]"
12:58:15.761 [main] DEBUG org.apache.http.wire -- http-outgoing-9 << "    "address": {[\n]"
12:58:15.761 [main] DEBUG org.apache.http.wire -- http-outgoing-9 << "      "street": "123 Main St",[\n]"
12:58:15.761 [main] DEBUG org.apache.http.wire -- http-outgoing-9 << "      "city": "New York",[\n]"
12:58:15.761 [main] DEBUG org.apache.http.wire -- http-outgoing-9 << "      "state": "NY",[\n]"
12:58:15.761 [main] DEBUG org.apache.http.wire -- http-outgoing-9 << "      "zip": "31200"[\n]"
12:58:15.761 [main] DEBUG org.apache.http.wire -- http-outgoing-9 << "    },[\n]"
12:58:15.761 [main] DEBUG org.apache.http.wire -- http-outgoing-9 << "    "accounts": [[\n]"
12:58:15.761 [main] DEBUG org.apache.http.wire -- http-outgoing-9 << "      {[\n]"
12:58:15.761 [main] DEBUG org.apache.http.wire -- http-outgoing-9 << "        ""
12:58:15.762 [main] DEBUG org.apache.http.wire -- http-outgoing-9 << "accountId": 101,[\n]"
12:58:15.762 [main] DEBUG org.apache.http.wire -- http-outgoing-9 << "        "type": "savings",[\n]"
12:58:15.762 [main] DEBUG org.apache.http.wire -- http-outgoing-9 << "        "balance": 5000.75,[\n]"
12:58:15.762 [main] DEBUG org.apache.http.wire -- http-outgoing-9 << "        "currency": "USD",[\n]"
12:58:15.762 [main] DEBUG org.apache.http.wire -- http-outgoing-9 << "        "transactions": [[\n]"
12:58:15.762 [main] DEBUG org.apache.http.wire -- http-outgoing-9 << "          {[\n]"
12:58:15.762 [main] DEBUG org.apache.http.wire -- http-outgoing-9 << "            "transactionId": 1001,[\n]"
12:58:15.762 [main] DEBUG org.apache.http.wire -- http-outgoing-9 << "            "date": "2024-08-01",[\n]"
12:58:15.762 [main] DEBUG org.apache.http.wire -- http-outgoing-9 << "            "type": "deposit",[\n]"
12:58:15.762 [main] DEBUG org.apache.http.wire -- http-outgoing-9 << "            "amount": 1000,[\n]"
12:58:15.762 [main] DEBUG org.apache.http.wire -- http-outgoing-9 << "            "description": "Paycheck deposit"[\n]"
12:58:15.762 [main] DEBUG org.apache.http.wire -- http-outgoing-9 << "          },[\n]"
12:58:15.762 [main] DEBUG org.apache.http.wire -- http-outgoing-9 << "          {[\n]"
12:58:15.762 [main] DEBUG org.apache.http.wire -- http-outgoing-9 << "            "transactionId": 1002,[\n]"
12:58:15.762 [main] DEBUG org.apache.http.wire -- http-outgoing-9 << "            "date": "2024-08-05",[\n]"
12:58:15.762 [main] DEBUG org.apache.http.wire -- http-outgoing-9 << "            "type": "withdrawal",[\n]"
12:58:15.762 [main] DEBUG org.apache.http.wire -- http-outgoing-9 << "            "amount": 200,[\n]"
12:58:15.762 [main] DEBUG org.apache.http.wire -- http-outgoing-9 << "            "description": "ATM withdrawal"[\n]"
12:58:15.762 [main] DEBUG org.apache.http.wire -- http-outgoing-9 << "          }[\n]"
12:58:15.762 [main] DEBUG org.apache.http.wire -- http-outgoing-9 << "        ][\n]"
12:58:15.762 [main] DEBUG org.apache.http.wire -- http-outgoing-9 << "      },[\n]"
12:58:15.762 [main] DEBUG org.apache.http.wire -- http-outgoing-9 << "      {[\n]"
12:58:15.762 [main] DEBUG org.apache.http.wire -- http-outgoing-9 << "        "accountId": 102,[\n]"
12:58:15.762 [main] DEBUG org.apache.http.wire -- http-outgoing-9 << "        "type": "checking",[\n]"
12:58:15.762 [main] DEBUG org.apache.http.wire -- http-outgoing-9 << "        "balance": 1250,[\n]"
12:58:15.762 [main] DEBUG org.apache.http.wire -- http-outgoing-9 << "        "currency": "USD",[\n]"
12:58:15.762 [main] DEBUG org.apache.http.wire -- http-outgoing-9 << "        "transactions": [[\n]"
12:58:15.762 [main] DEBUG org.apache.http.wire -- http-outgoing-9 << "          {[\n]"
12:58:15.762 [main] DEBUG org.apache.http.wire -- http-outgoing-9 << "            "transactionId": 1003,[\n]"
12:58:15.762 [main] DEBUG org.apache.http.wire -- http-outgoing-9 << "            "date": "2024-08-10",[\n]"
12:58:15.762 [main] DEBUG org.apache.http.wire -- http-outgoing-9 << "            "type": "purchase",[\n]"
12:58:15.762 [main] DEBUG org.apache.http.wire -- http-outgoing-9 << "            "amount": 75.5,[\n]"
12:58:15.762 [main] DEBUG org.apache.http.wire -- http-outgoing-9 << "            "description": "Grocery shopping"[\n]"
12:58:15.762 [main] DEBUG org.apache.http.wire -- http-outgoing-9 << "          }[\n]"
12:58:15.762 [main] DEBUG org.apache.http.wire -- http-outgoing-9 << "        ][\n]"
12:58:15.762 [main] DEBUG org.apache.http.wire -- http-outgoing-9 << "      }[\n]"
12:58:15.762 [main] DEBUG org.apache.http.wire -- http-outgoing-9 << "    ],[\n]"
12:58:15.762 [main] DEBUG org.apache.http.wire -- http-outgoing-9 << "    "loans": [[\n]"
12:58:15.762 [main] DEBUG org.apache.http.wire -- http-outgoing-9 << "      {[\n]"
12:58:15.762 [main] DEBUG org.apache.http.wire -- http-outgoing-9 << "        "loanId": 201,[\n]"
12:58:15.762 [main] DEBUG org.apache.http.wire -- http-outgoing-9 << "        "type": "personal",[\n]"
12:58:15.762 [main] DEBUG org.apache.http.wire -- http-outgoing-9 << "        "amount": 10000,[\n]"
12:58:15.762 [main] DEBUG org.apache.http.wire -- http-outgoing-9 << "        "interestRat"
12:58:15.762 [main] DEBUG org.apache.http.wire -- http-outgoing-9 << "e": 4.5,[\n]"
12:58:15.762 [main] DEBUG org.apache.http.wire -- http-outgoing-9 << "        "term": "36 months",[\n]"
12:58:15.762 [main] DEBUG org.apache.http.wire -- http-outgoing-9 << "        "balance": 8500,[\n]"
12:58:15.763 [main] DEBUG org.apache.http.wire -- http-outgoing-9 << "        "dueDate": "2024-09-10",[\n]"
12:58:15.763 [main] DEBUG org.apache.http.wire -- http-outgoing-9 << "        "payments": [[\n]"
12:58:15.763 [main] DEBUG org.apache.http.wire -- http-outgoing-9 << "          {[\n]"
12:58:15.763 [main] DEBUG org.apache.http.wire -- http-outgoing-9 << "            "paymentId": 3001,[\n]"
12:58:15.763 [main] DEBUG org.apache.http.wire -- http-outgoing-9 << "            "date": "2024-08-01",[\n]"
12:58:15.763 [main] DEBUG org.apache.http.wire -- http-outgoing-9 << "            "amount": 500,[\n]"
12:58:15.763 [main] DEBUG org.apache.http.wire -- http-outgoing-9 << "            "status": "completed"[\n]"
12:58:15.763 [main] DEBUG org.apache.http.wire -- http-outgoing-9 << "          }[\n]"
12:58:15.763 [main] DEBUG org.apache.http.wire -- http-outgoing-9 << "        ][\n]"
12:58:15.763 [main] DEBUG org.apache.http.wire -- http-outgoing-9 << "      }[\n]"
12:58:15.763 [main] DEBUG org.apache.http.wire -- http-outgoing-9 << "    ],[\n]"
12:58:15.763 [main] DEBUG org.apache.http.wire -- http-outgoing-9 << "    "creditCards": [[\n]"
12:58:15.763 [main] DEBUG org.apache.http.wire -- http-outgoing-9 << "      {[\n]"
12:58:15.763 [main] DEBUG org.apache.http.wire -- http-outgoing-9 << "        "cardId": 301,[\n]"
12:58:15.763 [main] DEBUG org.apache.http.wire -- http-outgoing-9 << "        "type": "visa",[\n]"
12:58:15.763 [main] DEBUG org.apache.http.wire -- http-outgoing-9 << "        "limit": 5000,[\n]"
12:58:15.763 [main] DEBUG org.apache.http.wire -- http-outgoing-9 << "        "balance": 1200,[\n]"
12:58:15.763 [main] DEBUG org.apache.http.wire -- http-outgoing-9 << "        "transactions": [[\n]"
12:58:15.763 [main] DEBUG org.apache.http.wire -- http-outgoing-9 << "          {[\n]"
12:58:15.763 [main] DEBUG org.apache.http.wire -- http-outgoing-9 << "            "transactionId": 4001,[\n]"
12:58:15.763 [main] DEBUG org.apache.http.wire -- http-outgoing-9 << "            "date": "2024-08-15",[\n]"
12:58:15.763 [main] DEBUG org.apache.http.wire -- http-outgoing-9 << "            "amount": 150,[\n]"
12:58:15.763 [main] DEBUG org.apache.http.wire -- http-outgoing-9 << "            "description": "Online shopping"[\n]"
12:58:15.763 [main] DEBUG org.apache.http.wire -- http-outgoing-9 << "          }[\n]"
12:58:15.763 [main] DEBUG org.apache.http.wire -- http-outgoing-9 << "        ][\n]"
12:58:15.763 [main] DEBUG org.apache.http.wire -- http-outgoing-9 << "      }[\n]"
12:58:15.763 [main] DEBUG org.apache.http.wire -- http-outgoing-9 << "    ][\n]"
12:58:15.763 [main] DEBUG org.apache.http.wire -- http-outgoing-9 << "  }[\n]"
12:58:15.763 [main] DEBUG org.apache.http.wire -- http-outgoing-9 << "]"
12:58:15.763 [main] DEBUG org.apache.http.impl.conn.PoolingHttpClientConnectionManager -- Connection [id: 9][route: {}->http://localhost:3000] can be kept alive for 5.0 seconds
12:58:15.763 [main] DEBUG org.apache.http.impl.conn.DefaultManagedHttpClientConnection -- http-outgoing-9: set socket timeout to 0
12:58:15.763 [main] DEBUG org.apache.http.impl.conn.PoolingHttpClientConnectionManager -- Connection released: [id: 9][route: {}->http://localhost:3000][total available: 1; route allocated: 1 of 5; total allocated: 1 of 10]
12:58:15.763 [main] DEBUG org.apache.http.impl.conn.PoolingHttpClientConnectionManager -- Connection manager is shutting down
12:58:15.763 [main] DEBUG org.apache.http.impl.conn.DefaultManagedHttpClientConnection -- http-outgoing-9: Close connection
12:58:15.763 [main] DEBUG org.apache.http.impl.conn.PoolingHttpClientConnectionManager -- Connection manager shut down
12:58:15.763 [main] DEBUG com.intuit.karate -- response time in milliseconds: 13
2 < 200
2 < X-Powered-By: tinyhttp
2 < Access-Control-Allow-Origin: *
2 < Access-Control-Allow-Methods: GET, HEAD, PUT, PATCH, POST, DELETE
2 < Access-Control-Allow-Headers: content-type
2 < Content-Type: application/json
2 < Date: Sun, 08 Sep 2024 07:28:15 GMT
2 < Connection: keep-alive
2 < Keep-Alive: timeout=5
2 < Content-Length: 14648
[
  {
    "customerId": 1,
    "name": "John Doe",
    "email": "john.doe@example.com",
    "phone": "555-1234",
    "address": {
      "street": "123 Main St",
      "city": "New York",
      "state": "NY",
      "zip": "10001"
    },
    "accounts": [
      {
        "accountId": 101,
        "type": "savings",
        "balance": 5000.75,
        "currency": "USD",
        "transactions": [
          {
            "transactionId": 1001,
            "date": "2024-08-01",
            "type": "deposit",
            "amount": 1000,
            "description": "Paycheck deposit"
          },
          {
            "transactionId": 1002,
            "date": "2024-08-05",
            "type": "withdrawal",
            "amount": 200,
            "description": "ATM withdrawal"
          }
        ]
      },
      {
        "accountId": 102,
        "type": "checking",
        "balance": 1250,
        "currency": "USD",
        "transactions": [
          {
            "transactionId": 1003,
            "date": "2024-08-10",
            "type": "purchase",
            "amount": 75.5,
            "description": "Grocery shopping"
          }
        ]
      }
    ],
    "loans": [
      {
        "loanId": 201,
        "type": "personal",
        "amount": 10000,
        "interestRate": 4.5,
        "term": "36 months",
        "balance": 8500,
        "dueDate": "2024-09-10",
        "payments": [
          {
            "paymentId": 3001,
            "date": "2024-08-01",
            "amount": 500,
            "status": "completed"
          }
        ]
      }
    ],
    "creditCards": [
      {
        "cardId": 301,
        "type": "visa",
        "limit": 5000,
        "balance": 1200,
        "transactions": [
          {
            "transactionId": 4001,
            "date": "2024-08-15",
            "amount": 150,
            "description": "Online shopping"
          }
        ]
      }
    ],
    "id": "dae6"
  },
  {
    "customerId": 2,
    "name": "Jane Smith",
    "email": "jane.smith@example.com",
    "phone": "555-5678",
    "address": {
      "street": "456 Oak St",
      "city": "San Francisco",
      "state": "CA",
      "zip": "94107"
    },
    "accounts": [
      {
        "accountId": 103,
        "type": "savings",
        "balance": 7800,
        "currency": "USD",
        "transactions": [
          {
            "transactionId": 1004,
            "date": "2024-08-20",
            "type": "deposit",
            "amount": 1500,
            "description": "Freelance work"
          }
        ]
      }
    ],
    "loans": [],
    "creditCards": [
      {
        "cardId": 302,
        "type": "mastercard",
        "limit": 10000,
        "balance": 3000,
        "transactions": [
          {
            "transactionId": 4002,
            "date": "2024-08-22",
            "amount": 500,
            "description": "Flight ticket"
          }
        ]
      }
    ],
    "id": "964b"
  },
  {
    "customerId": 10,
    "name": "BBBBB",
    "email": "AAAAA.doe@example.com",
    "phone": "555-1234",
    "address": {
      "street": "123 Main St",
      "city": "New York",
      "state": "NY",
      "zip": "10001"
    },
    "accounts": [
      {
        "accountId": 200,
        "type": "savings",
        "balance": 5000.75,
        "currency": "USD",
        "transactions": [
          {
            "transactionId": 2001,
            "date": "2024-08-01",
            "type": "deposit",
            "amount": 1000,
            "description": "Paycheck deposit"
          },
          {
            "transactionId": 2002,
            "date": "2024-08-05",
            "type": "withdrawal",
            "amount": 200,
            "description": "ATM withdrawal"
          }
        ]
      },
      {
        "accountId": 201,
        "type": "checking",
        "balance": 1250,
        "currency": "USD",
        "transactions": [
          {
            "transactionId": 2003,
            "date": "2024-08-10",
            "type": "purchase",
            "amount": 75.5,
            "description": "Grocery shopping"
          }
        ]
      }
    ],
    "loans": [
      {
        "loanId": 201,
        "type": "personal",
        "amount": 10000,
        "interestRate": 4.5,
        "term": "36 months",
        "balance": 8500,
        "dueDate": "2024-09-10",
        "payments": [
          {
            "paymentId": 3001,
            "date": "2024-08-01",
            "amount": 500,
            "status": "completed"
          }
        ]
      }
    ],
    "creditCards": [
      {
        "cardId": 301,
        "type": "visa",
        "limit": 5000,
        "balance": 1200,
        "transactions": [
          {
            "transactionId": 4001,
            "date": "2024-08-15",
            "amount": 150,
            "description": "Online shopping"
          }
        ]
      }
    ],
    "id": "090d"
  },
  {
    "id": "dae6",
    "customerId": 304,
    "name": "DDDD",
    "email": "DDDDD.doe@example.com",
    "phone": "66666-1234",
    "address": {
      "street": "123 Main St",
      "city": "New York",
      "state": "NY",
      "zip": "30200"
    },
    "accounts": [
      {
        "accountId": 101,
        "type": "savings",
        "balance": 5000.75,
        "currency": "USD",
        "transactions": [
          {
            "transactionId": 1001,
            "date": "2024-08-01",
            "type": "deposit",
            "amount": 1000,
            "description": "Paycheck deposit"
          },
          {
            "transactionId": 1002,
            "date": "2024-08-05",
            "type": "withdrawal",
            "amount": 200,
            "description": "ATM withdrawal"
          }
        ]
      },
      {
        "accountId": 102,
        "type": "checking",
        "balance": 1250,
        "currency": "USD",
        "transactions": [
          {
            "transactionId": 1003,
            "date": "2024-08-10",
            "type": "purchase",
            "amount": 75.5,
            "description": "Grocery shopping"
          }
        ]
      }
    ],
    "loans": [
      {
        "loanId": 201,
        "type": "personal",
        "amount": 10000,
        "interestRate": 4.5,
        "term": "36 months",
        "balance": 8500,
        "dueDate": "2024-09-10",
        "payments": [
          {
            "paymentId": 3001,
            "date": "2024-08-01",
            "amount": 500,
            "status": "completed"
          }
        ]
      }
    ],
    "creditCards": [
      {
        "cardId": 301,
        "type": "visa",
        "limit": 5000,
        "balance": 1200,
        "transactions": [
          {
            "transactionId": 4001,
            "date": "2024-08-15",
            "amount": 150,
            "description": "Online shopping"
          }
        ]
      }
    ]
  },
  {
    "id": "dae6",
    "customerId": 305,
    "name": "DDDD",
    "email": "DDDDD.doe@example.com",
    "phone": "66666-1234",
    "address": {
      "street": "123 Main St",
      "city": "New York",
      "state": "NY",
      "zip": "30200"
    },
    "accounts": [
      {
        "accountId": 101,
        "type": "savings",
        "balance": 5000.75,
        "currency": "USD",
        "transactions": [
          {
            "transactionId": 1001,
            "date": "2024-08-01",
            "type": "deposit",
            "amount": 1000,
            "description": "Paycheck deposit"
          },
          {
            "transactionId": 1002,
            "date": "2024-08-05",
            "type": "withdrawal",
            "amount": 200,
            "description": "ATM withdrawal"
          }
        ]
      },
      {
        "accountId": 102,
        "type": "checking",
        "balance": 1250,
        "currency": "USD",
        "transactions": [
          {
            "transactionId": 1003,
            "date": "2024-08-10",
            "type": "purchase",
            "amount": 75.5,
            "description": "Grocery shopping"
          }
        ]
      }
    ],
    "loans": [
      {
        "loanId": 201,
        "type": "personal",
        "amount": 10000,
        "interestRate": 4.5,
        "term": "36 months",
        "balance": 8500,
        "dueDate": "2024-09-10",
        "payments": [
          {
            "paymentId": 3001,
            "date": "2024-08-01",
            "amount": 500,
            "status": "completed"
          }
        ]
      }
    ],
    "creditCards": [
      {
        "cardId": 301,
        "type": "visa",
        "limit": 5000,
        "balance": 1200,
        "transactions": [
          {
            "transactionId": 4001,
            "date": "2024-08-15",
            "amount": 150,
            "description": "Online shopping"
          }
        ]
      }
    ]
  },
  {
    "id": "dae6",
    "customerId": 305,
    "name": "DDDD",
    "email": "DDDDD.doe@example.com",
    "phone": "66666-1234",
    "address": {
      "street": "123 Main St",
      "city": "New York",
      "state": "NY",
      "zip": "30200"
    },
    "accounts": [
      {
        "accountId": 101,
        "type": "savings",
        "balance": 5000.75,
        "currency": "USD",
        "transactions": [
          {
            "transactionId": 1001,
            "date": "2024-08-01",
            "type": "deposit",
            "amount": 1000,
            "description": "Paycheck deposit"
          },
          {
            "transactionId": 1002,
            "date": "2024-08-05",
            "type": "withdrawal",
            "amount": 200,
            "description": "ATM withdrawal"
          }
        ]
      },
      {
        "accountId": 102,
        "type": "checking",
        "balance": 1250,
        "currency": "USD",
        "transactions": [
          {
            "transactionId": 1003,
            "date": "2024-08-10",
            "type": "purchase",
            "amount": 75.5,
            "description": "Grocery shopping"
          }
        ]
      }
    ],
    "loans": [
      {
        "loanId": 201,
        "type": "personal",
        "amount": 10000,
        "interestRate": 4.5,
        "term": "36 months",
        "balance": 8500,
        "dueDate": "2024-09-10",
        "payments": [
          {
            "paymentId": 3001,
            "date": "2024-08-01",
            "amount": 500,
            "status": "completed"
          }
        ]
      }
    ],
    "creditCards": [
      {
        "cardId": 301,
        "type": "visa",
        "limit": 5000,
        "balance": 1200,
        "transactions": [
          {
            "transactionId": 4001,
            "date": "2024-08-15",
            "amount": 150,
            "description": "Online shopping"
          }
        ]
      }
    ]
  },
  {
    "id": "Cstd306",
    "customerId": 306,
    "name": "DDDD",
    "email": "DDDDD.doe@example.com",
    "phone": "66666-1234",
    "address": {
      "street": "123 Main St",
      "city": "New York",
      "state": "NY",
      "zip": "30200"
    },
    "accounts": [
      {
        "accountId": 101,
        "type": "savings",
        "balance": 5000.75,
        "currency": "USD",
        "transactions": [
          {
            "transactionId": 1001,
            "date": "2024-08-01",
            "type": "deposit",
            "amount": 1000,
            "description": "Paycheck deposit"
          },
          {
            "transactionId": 1002,
            "date": "2024-08-05",
            "type": "withdrawal",
            "amount": 200,
            "description": "ATM withdrawal"
          }
        ]
      },
      {
        "accountId": 102,
        "type": "checking",
        "balance": 1250,
        "currency": "USD",
        "transactions": [
          {
            "transactionId": 1003,
            "date": "2024-08-10",
            "type": "purchase",
            "amount": 75.5,
            "description": "Grocery shopping"
          }
        ]
      }
    ],
    "loans": [
      {
        "loanId": 201,
        "type": "personal",
        "amount": 10000,
        "interestRate": 4.5,
        "term": "36 months",
        "balance": 8500,
        "dueDate": "2024-09-10",
        "payments": [
          {
            "paymentId": 3001,
            "date": "2024-08-01",
            "amount": 500,
            "status": "completed"
          }
        ]
      }
    ],
    "creditCards": [
      {
        "cardId": 301,
        "type": "visa",
        "limit": 5000,
        "balance": 1200,
        "transactions": [
          {
            "transactionId": 4001,
            "date": "2024-08-15",
            "amount": 150,
            "description": "Online shopping"
          }
        ]
      }
    ]
  },
  {
    "id": "Cstd312",
    "customerId": 312,
    "name": "Mana",
    "email": "Cust312@email.com",
    "phone": "35532-1234",
    "address": {
      "street": "123 Main St",
      "city": "New York",
      "state": "NY",
      "zip": "31200"
    },
    "accounts": [
      {
        "accountId": 101,
        "type": "savings",
        "balance": 5000.75,
        "currency": "USD",
        "transactions": [
          {
            "transactionId": 1001,
            "date": "2024-08-01",
            "type": "deposit",
            "amount": 1000,
            "description": "Paycheck deposit"
          },
          {
            "transactionId": 1002,
            "date": "2024-08-05",
            "type": "withdrawal",
            "amount": 200,
            "description": "ATM withdrawal"
          }
        ]
      },
      {
        "accountId": 102,
        "type": "checking",
        "balance": 1250,
        "currency": "USD",
        "transactions": [
          {
            "transactionId": 1003,
            "date": "2024-08-10",
            "type": "purchase",
            "amount": 75.5,
            "description": "Grocery shopping"
          }
        ]
      }
    ],
    "loans": [
      {
        "loanId": 201,
        "type": "personal",
        "amount": 10000,
        "interestRate": 4.5,
        "term": "36 months",
        "balance": 8500,
        "dueDate": "2024-09-10",
        "payments": [
          {
            "paymentId": 3001,
            "date": "2024-08-01",
            "amount": 500,
            "status": "completed"
          }
        ]
      }
    ],
    "creditCards": [
      {
        "cardId": 301,
        "type": "visa",
        "limit": 5000,
        "balance": 1200,
        "transactions": [
          {
            "transactionId": 4001,
            "date": "2024-08-15",
            "amount": 150,
            "description": "Online shopping"
          }
        ]
      }
    ]
  }
]

12:58:15.769 [main] INFO com.intuit.karate -- [print] [
  {
    "customerId": 1,
    "name": "John Doe",
    "email": "john.doe@example.com",
    "phone": "555-1234",
    "address": {
      "street": "123 Main St",
      "city": "New York",
      "state": "NY",
      "zip": "10001"
    },
    "accounts": [
      {
        "accountId": 101,
        "type": "savings",
        "balance": 5000.75,
        "currency": "USD",
        "transactions": [
          {
            "transactionId": 1001,
            "date": "2024-08-01",
            "type": "deposit",
            "amount": 1000,
            "description": "Paycheck deposit"
          },
          {
            "transactionId": 1002,
            "date": "2024-08-05",
            "type": "withdrawal",
            "amount": 200,
            "description": "ATM withdrawal"
          }
        ]
      },
      {
        "accountId": 102,
        "type": "checking",
        "balance": 1250,
        "currency": "USD",
        "transactions": [
          {
            "transactionId": 1003,
            "date": "2024-08-10",
            "type": "purchase",
            "amount": 75.5,
            "description": "Grocery shopping"
          }
        ]
      }
    ],
    "loans": [
      {
        "loanId": 201,
        "type": "personal",
        "amount": 10000,
        "interestRate": 4.5,
        "term": "36 months",
        "balance": 8500,
        "dueDate": "2024-09-10",
        "payments": [
          {
            "paymentId": 3001,
            "date": "2024-08-01",
            "amount": 500,
            "status": "completed"
          }
        ]
      }
    ],
    "creditCards": [
      {
        "cardId": 301,
        "type": "visa",
        "limit": 5000,
        "balance": 1200,
        "transactions": [
          {
            "transactionId": 4001,
            "date": "2024-08-15",
            "amount": 150,
            "description": "Online shopping"
          }
        ]
      }
    ],
    "id": "dae6"
  },
  {
    "customerId": 2,
    "name": "Jane Smith",
    "email": "jane.smith@example.com",
    "phone": "555-5678",
    "address": {
      "street": "456 Oak St",
      "city": "San Francisco",
      "state": "CA",
      "zip": "94107"
    },
    "accounts": [
      {
        "accountId": 103,
        "type": "savings",
        "balance": 7800,
        "currency": "USD",
        "transactions": [
          {
            "transactionId": 1004,
            "date": "2024-08-20",
            "type": "deposit",
            "amount": 1500,
            "description": "Freelance work"
          }
        ]
      }
    ],
    "loans": [
    ],
    "creditCards": [
      {
        "cardId": 302,
        "type": "mastercard",
        "limit": 10000,
        "balance": 3000,
        "transactions": [
          {
            "transactionId": 4002,
            "date": "2024-08-22",
            "amount": 500,
            "description": "Flight ticket"
          }
        ]
      }
    ],
    "id": "964b"
  },
  {
    "customerId": 10,
    "name": "BBBBB",
    "email": "AAAAA.doe@example.com",
    "phone": "555-1234",
    "address": {
      "street": "123 Main St",
      "city": "New York",
      "state": "NY",
      "zip": "10001"
    },
    "accounts": [
      {
        "accountId": 200,
        "type": "savings",
        "balance": 5000.75,
        "currency": "USD",
        "transactions": [
          {
            "transactionId": 2001,
            "date": "2024-08-01",
            "type": "deposit",
            "amount": 1000,
            "description": "Paycheck deposit"
          },
          {
            "transactionId": 2002,
            "date": "2024-08-05",
            "type": "withdrawal",
            "amount": 200,
            "description": "ATM withdrawal"
          }
        ]
      },
      {
        "accountId": 201,
        "type": "checking",
        "balance": 1250,
        "currency": "USD",
        "transactions": [
          {
            "transactionId": 2003,
            "date": "2024-08-10",
            "type": "purchase",
            "amount": 75.5,
            "description": "Grocery shopping"
          }
        ]
      }
    ],
    "loans": [
      {
        "loanId": 201,
        "type": "personal",
        "amount": 10000,
        "interestRate": 4.5,
        "term": "36 months",
        "balance": 8500,
        "dueDate": "2024-09-10",
        "payments": [
          {
            "paymentId": 3001,
            "date": "2024-08-01",
            "amount": 500,
            "status": "completed"
          }
        ]
      }
    ],
    "creditCards": [
      {
        "cardId": 301,
        "type": "visa",
        "limit": 5000,
        "balance": 1200,
        "transactions": [
          {
            "transactionId": 4001,
            "date": "2024-08-15",
            "amount": 150,
            "description": "Online shopping"
          }
        ]
      }
    ],
    "id": "090d"
  },
  {
    "id": "dae6",
    "customerId": 304,
    "name": "DDDD",
    "email": "DDDDD.doe@example.com",
    "phone": "66666-1234",
    "address": {
      "street": "123 Main St",
      "city": "New York",
      "state": "NY",
      "zip": "30200"
    },
    "accounts": [
      {
        "accountId": 101,
        "type": "savings",
        "balance": 5000.75,
        "currency": "USD",
        "transactions": [
          {
            "transactionId": 1001,
            "date": "2024-08-01",
            "type": "deposit",
            "amount": 1000,
            "description": "Paycheck deposit"
          },
          {
            "transactionId": 1002,
            "date": "2024-08-05",
            "type": "withdrawal",
            "amount": 200,
            "description": "ATM withdrawal"
          }
        ]
      },
      {
        "accountId": 102,
        "type": "checking",
        "balance": 1250,
        "currency": "USD",
        "transactions": [
          {
            "transactionId": 1003,
            "date": "2024-08-10",
            "type": "purchase",
            "amount": 75.5,
            "description": "Grocery shopping"
          }
        ]
      }
    ],
    "loans": [
      {
        "loanId": 201,
        "type": "personal",
        "amount": 10000,
        "interestRate": 4.5,
        "term": "36 months",
        "balance": 8500,
        "dueDate": "2024-09-10",
        "payments": [
          {
            "paymentId": 3001,
            "date": "2024-08-01",
            "amount": 500,
            "status": "completed"
          }
        ]
      }
    ],
    "creditCards": [
      {
        "cardId": 301,
        "type": "visa",
        "limit": 5000,
        "balance": 1200,
        "transactions": [
          {
            "transactionId": 4001,
            "date": "2024-08-15",
            "amount": 150,
            "description": "Online shopping"
          }
        ]
      }
    ]
  },
  {
    "id": "dae6",
    "customerId": 305,
    "name": "DDDD",
    "email": "DDDDD.doe@example.com",
    "phone": "66666-1234",
    "address": {
      "street": "123 Main St",
      "city": "New York",
      "state": "NY",
      "zip": "30200"
    },
    "accounts": [
      {
        "accountId": 101,
        "type": "savings",
        "balance": 5000.75,
        "currency": "USD",
        "transactions": [
          {
            "transactionId": 1001,
            "date": "2024-08-01",
            "type": "deposit",
            "amount": 1000,
            "description": "Paycheck deposit"
          },
          {
            "transactionId": 1002,
            "date": "2024-08-05",
            "type": "withdrawal",
            "amount": 200,
            "description": "ATM withdrawal"
          }
        ]
      },
      {
        "accountId": 102,
        "type": "checking",
        "balance": 1250,
        "currency": "USD",
        "transactions": [
          {
            "transactionId": 1003,
            "date": "2024-08-10",
            "type": "purchase",
            "amount": 75.5,
            "description": "Grocery shopping"
          }
        ]
      }
    ],
    "loans": [
      {
        "loanId": 201,
        "type": "personal",
        "amount": 10000,
        "interestRate": 4.5,
        "term": "36 months",
        "balance": 8500,
        "dueDate": "2024-09-10",
        "payments": [
          {
            "paymentId": 3001,
            "date": "2024-08-01",
            "amount": 500,
            "status": "completed"
          }
        ]
      }
    ],
    "creditCards": [
      {
        "cardId": 301,
        "type": "visa",
        "limit": 5000,
        "balance": 1200,
        "transactions": [
          {
            "transactionId": 4001,
            "date": "2024-08-15",
            "amount": 150,
            "description": "Online shopping"
          }
        ]
      }
    ]
  },
  {
    "id": "dae6",
    "customerId": 305,
    "name": "DDDD",
    "email": "DDDDD.doe@example.com",
    "phone": "66666-1234",
    "address": {
      "street": "123 Main St",
      "city": "New York",
      "state": "NY",
      "zip": "30200"
    },
    "accounts": [
      {
        "accountId": 101,
        "type": "savings",
        "balance": 5000.75,
        "currency": "USD",
        "transactions": [
          {
            "transactionId": 1001,
            "date": "2024-08-01",
            "type": "deposit",
            "amount": 1000,
            "description": "Paycheck deposit"
          },
          {
            "transactionId": 1002,
            "date": "2024-08-05",
            "type": "withdrawal",
            "amount": 200,
            "description": "ATM withdrawal"
          }
        ]
      },
      {
        "accountId": 102,
        "type": "checking",
        "balance": 1250,
        "currency": "USD",
        "transactions": [
          {
            "transactionId": 1003,
            "date": "2024-08-10",
            "type": "purchase",
            "amount": 75.5,
            "description": "Grocery shopping"
          }
        ]
      }
    ],
    "loans": [
      {
        "loanId": 201,
        "type": "personal",
        "amount": 10000,
        "interestRate": 4.5,
        "term": "36 months",
        "balance": 8500,
        "dueDate": "2024-09-10",
        "payments": [
          {
            "paymentId": 3001,
            "date": "2024-08-01",
            "amount": 500,
            "status": "completed"
          }
        ]
      }
    ],
    "creditCards": [
      {
        "cardId": 301,
        "type": "visa",
        "limit": 5000,
        "balance": 1200,
        "transactions": [
          {
            "transactionId": 4001,
            "date": "2024-08-15",
            "amount": 150,
            "description": "Online shopping"
          }
        ]
      }
    ]
  },
  {
    "id": "Cstd306",
    "customerId": 306,
    "name": "DDDD",
    "email": "DDDDD.doe@example.com",
    "phone": "66666-1234",
    "address": {
      "street": "123 Main St",
      "city": "New York",
      "state": "NY",
      "zip": "30200"
    },
    "accounts": [
      {
        "accountId": 101,
        "type": "savings",
        "balance": 5000.75,
        "currency": "USD",
        "transactions": [
          {
            "transactionId": 1001,
            "date": "2024-08-01",
            "type": "deposit",
            "amount": 1000,
            "description": "Paycheck deposit"
          },
          {
            "transactionId": 1002,
            "date": "2024-08-05",
            "type": "withdrawal",
            "amount": 200,
            "description": "ATM withdrawal"
          }
        ]
      },
      {
        "accountId": 102,
        "type": "checking",
        "balance": 1250,
        "currency": "USD",
        "transactions": [
          {
            "transactionId": 1003,
            "date": "2024-08-10",
            "type": "purchase",
            "amount": 75.5,
            "description": "Grocery shopping"
          }
        ]
      }
    ],
    "loans": [
      {
        "loanId": 201,
        "type": "personal",
        "amount": 10000,
        "interestRate": 4.5,
        "term": "36 months",
        "balance": 8500,
        "dueDate": "2024-09-10",
        "payments": [
          {
            "paymentId": 3001,
            "date": "2024-08-01",
            "amount": 500,
            "status": "completed"
          }
        ]
      }
    ],
    "creditCards": [
      {
        "cardId": 301,
        "type": "visa",
        "limit": 5000,
        "balance": 1200,
        "transactions": [
          {
            "transactionId": 4001,
            "date": "2024-08-15",
            "amount": 150,
            "description": "Online shopping"
          }
        ]
      }
    ]
  },
  {
    "id": "Cstd312",
    "customerId": 312,
    "name": "Mana",
    "email": "Cust312@email.com",
    "phone": "35532-1234",
    "address": {
      "street": "123 Main St",
      "city": "New York",
      "state": "NY",
      "zip": "31200"
    },
    "accounts": [
      {
        "accountId": 101,
        "type": "savings",
        "balance": 5000.75,
        "currency": "USD",
        "transactions": [
          {
            "transactionId": 1001,
            "date": "2024-08-01",
            "type": "deposit",
            "amount": 1000,
            "description": "Paycheck deposit"
          },
          {
            "transactionId": 1002,
            "date": "2024-08-05",
            "type": "withdrawal",
            "amount": 200,
            "description": "ATM withdrawal"
          }
        ]
      },
      {
        "accountId": 102,
        "type": "checking",
        "balance": 1250,
        "currency": "USD",
        "transactions": [
          {
            "transactionId": 1003,
            "date": "2024-08-10",
            "type": "purchase",
            "amount": 75.5,
            "description": "Grocery shopping"
          }
        ]
      }
    ],
    "loans": [
      {
        "loanId": 201,
        "type": "personal",
        "amount": 10000,
        "interestRate": 4.5,
        "term": "36 months",
        "balance": 8500,
        "dueDate": "2024-09-10",
        "payments": [
          {
            "paymentId": 3001,
            "date": "2024-08-01",
            "amount": 500,
            "status": "completed"
          }
        ]
      }
    ],
    "creditCards": [
      {
        "cardId": 301,
        "type": "visa",
        "limit": 5000,
        "balance": 1200,
        "transactions": [
          {
            "transactionId": 4001,
            "date": "2024-08-15",
            "amount": 150,
            "description": "Online shopping"
          }
        ]
      }
    ]
  }
]
 
12:58:15.774 [main] DEBUG com.jayway.jsonpath.internal.path.CompiledPath -- Evaluating path: $['id']
12:58:15.778 [main] DEBUG org.apache.http.client.protocol.RequestAddCookies -- CookieSpec selected: karate
12:58:15.779 [main] DEBUG org.apache.http.client.protocol.RequestAuthCache -- Auth cache not set in the context
12:58:15.779 [main] DEBUG com.intuit.karate -- request:
3 > DELETE http://localhost:3000/Customers/Cstd312
3 > Host: localhost:3000
3 > Connection: Keep-Alive
3 > User-Agent: Apache-HttpClient/4.5.14 (Java/21.0.3)
3 > Accept-Encoding: gzip,deflate


12:58:15.779 [main] DEBUG org.apache.http.impl.conn.PoolingHttpClientConnectionManager -- Connection request: [route: {}->http://localhost:3000][total available: 0; route allocated: 0 of 5; total allocated: 0 of 10]
12:58:15.779 [main] DEBUG org.apache.http.impl.conn.PoolingHttpClientConnectionManager -- Connection leased: [id: 10][route: {}->http://localhost:3000][total available: 0; route allocated: 1 of 5; total allocated: 1 of 10]
12:58:15.779 [main] DEBUG org.apache.http.impl.execchain.MainClientExec -- Opening connection {}->http://localhost:3000
12:58:15.779 [main] DEBUG org.apache.http.impl.conn.DefaultHttpClientConnectionOperator -- Connecting to localhost/127.0.0.1:3000
12:58:15.781 [main] DEBUG org.apache.http.impl.conn.DefaultHttpClientConnectionOperator -- Connection established 127.0.0.1:50718<->127.0.0.1:3000
12:58:15.781 [main] DEBUG org.apache.http.impl.conn.DefaultManagedHttpClientConnection -- http-outgoing-10: set socket timeout to 30000
12:58:15.781 [main] DEBUG org.apache.http.impl.execchain.MainClientExec -- Executing request DELETE /Customers/Cstd312 HTTP/1.1
12:58:15.781 [main] DEBUG org.apache.http.impl.execchain.MainClientExec -- Target auth state: UNCHALLENGED
12:58:15.781 [main] DEBUG org.apache.http.impl.execchain.MainClientExec -- Proxy auth state: UNCHALLENGED
12:58:15.781 [main] DEBUG org.apache.http.headers -- http-outgoing-10 >> DELETE /Customers/Cstd312 HTTP/1.1
12:58:15.781 [main] DEBUG org.apache.http.headers -- http-outgoing-10 >> Host: localhost:3000
12:58:15.781 [main] DEBUG org.apache.http.headers -- http-outgoing-10 >> Connection: Keep-Alive
12:58:15.781 [main] DEBUG org.apache.http.headers -- http-outgoing-10 >> User-Agent: Apache-HttpClient/4.5.14 (Java/21.0.3)
12:58:15.781 [main] DEBUG org.apache.http.headers -- http-outgoing-10 >> Accept-Encoding: gzip,deflate
12:58:15.781 [main] DEBUG org.apache.http.wire -- http-outgoing-10 >> "DELETE /Customers/Cstd312 HTTP/1.1[\r][\n]"
12:58:15.781 [main] DEBUG org.apache.http.wire -- http-outgoing-10 >> "Host: localhost:3000[\r][\n]"
12:58:15.781 [main] DEBUG org.apache.http.wire -- http-outgoing-10 >> "Connection: Keep-Alive[\r][\n]"
12:58:15.781 [main] DEBUG org.apache.http.wire -- http-outgoing-10 >> "User-Agent: Apache-HttpClient/4.5.14 (Java/21.0.3)[\r][\n]"
12:58:15.781 [main] DEBUG org.apache.http.wire -- http-outgoing-10 >> "Accept-Encoding: gzip,deflate[\r][\n]"
12:58:15.781 [main] DEBUG org.apache.http.wire -- http-outgoing-10 >> "[\r][\n]"
12:58:15.785 [main] DEBUG org.apache.http.wire -- http-outgoing-10 << "HTTP/1.1 200 OK[\r][\n]"
12:58:15.785 [main] DEBUG org.apache.http.wire -- http-outgoing-10 << "X-Powered-By: tinyhttp[\r][\n]"
12:58:15.785 [main] DEBUG org.apache.http.wire -- http-outgoing-10 << "Access-Control-Allow-Origin: *[\r][\n]"
12:58:15.785 [main] DEBUG org.apache.http.wire -- http-outgoing-10 << "Access-Control-Allow-Methods: GET, HEAD, PUT, PATCH, POST, DELETE[\r][\n]"
12:58:15.785 [main] DEBUG org.apache.http.wire -- http-outgoing-10 << "Access-Control-Allow-Headers: content-type[\r][\n]"
12:58:15.785 [main] DEBUG org.apache.http.wire -- http-outgoing-10 << "Content-Type: application/json[\r][\n]"
12:58:15.785 [main] DEBUG org.apache.http.wire -- http-outgoing-10 << "Date: Sun, 08 Sep 2024 07:28:15 GMT[\r][\n]"
12:58:15.786 [main] DEBUG org.apache.http.wire -- http-outgoing-10 << "Connection: keep-alive[\r][\n]"
12:58:15.786 [main] DEBUG org.apache.http.wire -- http-outgoing-10 << "Keep-Alive: timeout=5[\r][\n]"
12:58:15.786 [main] DEBUG org.apache.http.wire -- http-outgoing-10 << "Content-Length: 1772[\r][\n]"
12:58:15.786 [main] DEBUG org.apache.http.wire -- http-outgoing-10 << "[\r][\n]"
12:58:15.786 [main] DEBUG org.apache.http.wire -- http-outgoing-10 << "{[\n]"
12:58:15.786 [main] DEBUG org.apache.http.wire -- http-outgoing-10 << "  "id": "Cstd312",[\n]"
12:58:15.786 [main] DEBUG org.apache.http.wire -- http-outgoing-10 << "  "customerId": 312,[\n]"
12:58:15.786 [main] DEBUG org.apache.http.wire -- http-outgoing-10 << "  "name": "Mana",[\n]"
12:58:15.786 [main] DEBUG org.apache.http.wire -- http-outgoing-10 << "  "email": "Cust312@email.com",[\n]"
12:58:15.786 [main] DEBUG org.apache.http.wire -- http-outgoing-10 << "  "phone": "35532-1234",[\n]"
12:58:15.786 [main] DEBUG org.apache.http.wire -- http-outgoing-10 << "  "address": {[\n]"
12:58:15.786 [main] DEBUG org.apache.http.wire -- http-outgoing-10 << "    "street": "123 Main St",[\n]"
12:58:15.786 [main] DEBUG org.apache.http.wire -- http-outgoing-10 << "    "city": "New York",[\n]"
12:58:15.786 [main] DEBUG org.apache.http.wire -- http-outgoing-10 << "    "state": "NY",[\n]"
12:58:15.786 [main] DEBUG org.apache.http.wire -- http-outgoing-10 << "    "zip": "31200"[\n]"
12:58:15.786 [main] DEBUG org.apache.http.wire -- http-outgoing-10 << "  },[\n]"
12:58:15.786 [main] DEBUG org.apache.http.wire -- http-outgoing-10 << "  "accounts": [[\n]"
12:58:15.786 [main] DEBUG org.apache.http.wire -- http-outgoing-10 << "    {[\n]"
12:58:15.786 [main] DEBUG org.apache.http.wire -- http-outgoing-10 << "      "accountId": 101,[\n]"
12:58:15.786 [main] DEBUG org.apache.http.wire -- http-outgoing-10 << "      "type": "savings",[\n]"
12:58:15.786 [main] DEBUG org.apache.http.wire -- http-outgoing-10 << "      "balance": 5000.75,[\n]"
12:58:15.786 [main] DEBUG org.apache.http.wire -- http-outgoing-10 << "      "currency": "USD",[\n]"
12:58:15.786 [main] DEBUG org.apache.http.wire -- http-outgoing-10 << "      "transactions": [[\n]"
12:58:15.786 [main] DEBUG org.apache.http.wire -- http-outgoing-10 << "        {[\n]"
12:58:15.786 [main] DEBUG org.apache.http.wire -- http-outgoing-10 << "          "transactionId": 1001,[\n]"
12:58:15.786 [main] DEBUG org.apache.http.wire -- http-outgoing-10 << "          "date": "2024-08-01",[\n]"
12:58:15.786 [main] DEBUG org.apache.http.wire -- http-outgoing-10 << "          "type": "deposit",[\n]"
12:58:15.786 [main] DEBUG org.apache.http.wire -- http-outgoing-10 << "          "amount": 1000,[\n]"
12:58:15.786 [main] DEBUG org.apache.http.wire -- http-outgoing-10 << "          "description": "Paycheck deposit"[\n]"
12:58:15.786 [main] DEBUG org.apache.http.wire -- http-outgoing-10 << "        },[\n]"
12:58:15.786 [main] DEBUG org.apache.http.wire -- http-outgoing-10 << "        {[\n]"
12:58:15.786 [main] DEBUG org.apache.http.wire -- http-outgoing-10 << "          "transactionId": 1002,[\n]"
12:58:15.786 [main] DEBUG org.apache.http.wire -- http-outgoing-10 << "          "date": "2024-08-05",[\n]"
12:58:15.786 [main] DEBUG org.apache.http.wire -- http-outgoing-10 << "          "type": "withdrawal",[\n]"
12:58:15.786 [main] DEBUG org.apache.http.wire -- http-outgoing-10 << "          "amount": 200,[\n]"
12:58:15.786 [main] DEBUG org.apache.http.wire -- http-outgoing-10 << "          "description": "ATM withdrawal"[\n]"
12:58:15.786 [main] DEBUG org.apache.http.wire -- http-outgoing-10 << "        }[\n]"
12:58:15.786 [main] DEBUG org.apache.http.wire -- http-outgoing-10 << "      ][\n]"
12:58:15.786 [main] DEBUG org.apache.http.wire -- http-outgoing-10 << "    },[\n]"
12:58:15.786 [main] DEBUG org.apache.http.wire -- http-outgoing-10 << "    {[\n]"
12:58:15.786 [main] DEBUG org.apache.http.wire -- http-outgoing-10 << "      "accountId": 102,[\n]"
12:58:15.786 [main] DEBUG org.apache.http.wire -- http-outgoing-10 << "      "type": "checking",[\n]"
12:58:15.786 [main] DEBUG org.apache.http.wire -- http-outgoing-10 << "      "balance": 1250,[\n]"
12:58:15.786 [main] DEBUG org.apache.http.wire -- http-outgoing-10 << "      "currency": "USD",[\n]"
12:58:15.786 [main] DEBUG org.apache.http.wire -- http-outgoing-10 << "      "transactions": [[\n]"
12:58:15.786 [main] DEBUG org.apache.http.wire -- http-outgoing-10 << "        {[\n]"
12:58:15.786 [main] DEBUG org.apache.http.wire -- http-outgoing-10 << "          "transactionId": 1003,[\n]"
12:58:15.786 [main] DEBUG org.apache.http.wire -- http-outgoing-10 << "          "date": "2024-08-10",[\n]"
12:58:15.786 [main] DEBUG org.apache.http.wire -- http-outgoing-10 << "          "type": "purchase",[\n]"
12:58:15.786 [main] DEBUG org.apache.http.wire -- http-outgoing-10 << "          "amount": 75.5,[\n]"
12:58:15.786 [main] DEBUG org.apache.http.wire -- http-outgoing-10 << "          "description": "Grocery shopping"[\n]"
12:58:15.786 [main] DEBUG org.apache.http.wire -- http-outgoing-10 << "        }[\n]"
12:58:15.786 [main] DEBUG org.apache.http.wire -- http-outgoing-10 << "      ][\n]"
12:58:15.786 [main] DEBUG org.apache.http.wire -- http-outgoing-10 << "    }[\n]"
12:58:15.786 [main] DEBUG org.apache.http.wire -- http-outgoing-10 << "  ],[\n]"
12:58:15.786 [main] DEBUG org.apache.http.wire -- http-outgoing-10 << "  "loans": [[\n]"
12:58:15.786 [main] DEBUG org.apache.http.wire -- http-outgoing-10 << "    {[\n]"
12:58:15.786 [main] DEBUG org.apache.http.wire -- http-outgoing-10 << "      "loanId": 201,[\n]"
12:58:15.786 [main] DEBUG org.apache.http.wire -- http-outgoing-10 << "      "type": "personal",[\n]"
12:58:15.787 [main] DEBUG org.apache.http.wire -- http-outgoing-10 << "      "amount": 10000,[\n]"
12:58:15.787 [main] DEBUG org.apache.http.wire -- http-outgoing-10 << "      "interestRate": 4.5,[\n]"
12:58:15.787 [main] DEBUG org.apache.http.wire -- http-outgoing-10 << "      "term": "36 months",[\n]"
12:58:15.787 [main] DEBUG org.apache.http.wire -- http-outgoing-10 << "      "balance": 8500,[\n]"
12:58:15.787 [main] DEBUG org.apache.http.wire -- http-outgoing-10 << "      "dueDate": "2024-09-10",[\n]"
12:58:15.787 [main] DEBUG org.apache.http.wire -- http-outgoing-10 << "      "payments": [[\n]"
12:58:15.787 [main] DEBUG org.apache.http.wire -- http-outgoing-10 << "        {[\n]"
12:58:15.787 [main] DEBUG org.apache.http.wire -- http-outgoing-10 << "          "paymentId": 3001,[\n]"
12:58:15.787 [main] DEBUG org.apache.http.wire -- http-outgoing-10 << "          "date": "2024-08-01",[\n]"
12:58:15.787 [main] DEBUG org.apache.http.wire -- http-outgoing-10 << "          "amount": 500,[\n]"
12:58:15.787 [main] DEBUG org.apache.http.wire -- http-outgoing-10 << "          "status": "completed"[\n]"
12:58:15.787 [main] DEBUG org.apache.http.wire -- http-outgoing-10 << "        }[\n]"
12:58:15.787 [main] DEBUG org.apache.http.wire -- http-outgoing-10 << "      ][\n]"
12:58:15.787 [main] DEBUG org.apache.http.wire -- http-outgoing-10 << "    }[\n]"
12:58:15.787 [main] DEBUG org.apache.http.wire -- http-outgoing-10 << "  ],[\n]"
12:58:15.787 [main] DEBUG org.apache.http.wire -- http-outgoing-10 << "  "creditCards": [[\n]"
12:58:15.787 [main] DEBUG org.apache.http.wire -- http-outgoing-10 << "    {[\n]"
12:58:15.787 [main] DEBUG org.apache.http.wire -- http-outgoing-10 << "      "cardId": 301,[\n]"
12:58:15.787 [main] DEBUG org.apache.http.wire -- http-outgoing-10 << "      "type": "visa",[\n]"
12:58:15.787 [main] DEBUG org.apache.http.wire -- http-outgoing-10 << "      "limit": 5000,[\n]"
12:58:15.787 [main] DEBUG org.apache.http.wire -- http-outgoing-10 << "      "balance": 1200,[\n]"
12:58:15.787 [main] DEBUG org.apache.http.wire -- http-outgoing-10 << "      "transactions": [[\n]"
12:58:15.787 [main] DEBUG org.apache.http.wire -- http-outgoing-10 << "        {[\n]"
12:58:15.788 [main] DEBUG org.apache.http.wire -- http-outgoing-10 << "          "transactionId": 4001,[\n]"
12:58:15.788 [main] DEBUG org.apache.http.wire -- http-outgoing-10 << "          "date": "2024-08-15",[\n]"
12:58:15.788 [main] DEBUG org.apache.http.wire -- http-outgoing-10 << "          "amount": 150,[\n]"
12:58:15.788 [main] DEBUG org.apache.http.wire -- http-outgoing-10 << "          "description": "Online shopping"[\n]"
12:58:15.788 [main] DEBUG org.apache.http.wire -- http-outgoing-10 << "        }[\n]"
12:58:15.788 [main] DEBUG org.apache.http.wire -- http-outgoing-10 << "      ][\n]"
12:58:15.788 [main] DEBUG org.apache.http.wire -- http-outgoing-10 << "    }[\n]"
12:58:15.788 [main] DEBUG org.apache.http.wire -- http-outgoing-10 << "  ][\n]"
12:58:15.788 [main] DEBUG org.apache.http.wire -- http-outgoing-10 << "}"
12:58:15.789 [main] DEBUG org.apache.http.headers -- http-outgoing-10 << HTTP/1.1 200 OK
12:58:15.789 [main] DEBUG org.apache.http.headers -- http-outgoing-10 << X-Powered-By: tinyhttp
12:58:15.789 [main] DEBUG org.apache.http.headers -- http-outgoing-10 << Access-Control-Allow-Origin: *
12:58:15.789 [main] DEBUG org.apache.http.headers -- http-outgoing-10 << Access-Control-Allow-Methods: GET, HEAD, PUT, PATCH, POST, DELETE
12:58:15.789 [main] DEBUG org.apache.http.headers -- http-outgoing-10 << Access-Control-Allow-Headers: content-type
12:58:15.789 [main] DEBUG org.apache.http.headers -- http-outgoing-10 << Content-Type: application/json
12:58:15.789 [main] DEBUG org.apache.http.headers -- http-outgoing-10 << Date: Sun, 08 Sep 2024 07:28:15 GMT
12:58:15.789 [main] DEBUG org.apache.http.headers -- http-outgoing-10 << Connection: keep-alive
12:58:15.789 [main] DEBUG org.apache.http.headers -- http-outgoing-10 << Keep-Alive: timeout=5
12:58:15.789 [main] DEBUG org.apache.http.headers -- http-outgoing-10 << Content-Length: 1772
12:58:15.789 [main] DEBUG org.apache.http.impl.execchain.MainClientExec -- Connection can be kept alive for 5000 MILLISECONDS
12:58:15.789 [main] DEBUG org.apache.http.impl.conn.PoolingHttpClientConnectionManager -- Connection [id: 10][route: {}->http://localhost:3000] can be kept alive for 5.0 seconds
12:58:15.789 [main] DEBUG org.apache.http.impl.conn.DefaultManagedHttpClientConnection -- http-outgoing-10: set socket timeout to 0
12:58:15.789 [main] DEBUG org.apache.http.impl.conn.PoolingHttpClientConnectionManager -- Connection released: [id: 10][route: {}->http://localhost:3000][total available: 1; route allocated: 1 of 5; total allocated: 1 of 10]
12:58:15.789 [main] DEBUG org.apache.http.impl.conn.PoolingHttpClientConnectionManager -- Connection manager is shutting down
12:58:15.789 [main] DEBUG org.apache.http.impl.conn.DefaultManagedHttpClientConnection -- http-outgoing-10: Close connection
12:58:15.790 [main] DEBUG org.apache.http.impl.conn.PoolingHttpClientConnectionManager -- Connection manager shut down
12:58:15.790 [main] DEBUG com.intuit.karate -- response time in milliseconds: 10
3 < 200
3 < X-Powered-By: tinyhttp
3 < Access-Control-Allow-Origin: *
3 < Access-Control-Allow-Methods: GET, HEAD, PUT, PATCH, POST, DELETE
3 < Access-Control-Allow-Headers: content-type
3 < Content-Type: application/json
3 < Date: Sun, 08 Sep 2024 07:28:15 GMT
3 < Connection: keep-alive
3 < Keep-Alive: timeout=5
3 < Content-Length: 1772
{
  "id": "Cstd312",
  "customerId": 312,
  "name": "Mana",
  "email": "Cust312@email.com",
  "phone": "35532-1234",
  "address": {
    "street": "123 Main St",
    "city": "New York",
    "state": "NY",
    "zip": "31200"
  },
  "accounts": [
    {
      "accountId": 101,
      "type": "savings",
      "balance": 5000.75,
      "currency": "USD",
      "transactions": [
        {
          "transactionId": 1001,
          "date": "2024-08-01",
          "type": "deposit",
          "amount": 1000,
          "description": "Paycheck deposit"
        },
        {
          "transactionId": 1002,
          "date": "2024-08-05",
          "type": "withdrawal",
          "amount": 200,
          "description": "ATM withdrawal"
        }
      ]
    },
    {
      "accountId": 102,
      "type": "checking",
      "balance": 1250,
      "currency": "USD",
      "transactions": [
        {
          "transactionId": 1003,
          "date": "2024-08-10",
          "type": "purchase",
          "amount": 75.5,
          "description": "Grocery shopping"
        }
      ]
    }
  ],
  "loans": [
    {
      "loanId": 201,
      "type": "personal",
      "amount": 10000,
      "interestRate": 4.5,
      "term": "36 months",
      "balance": 8500,
      "dueDate": "2024-09-10",
      "payments": [
        {
          "paymentId": 3001,
          "date": "2024-08-01",
          "amount": 500,
          "status": "completed"
        }
      ]
    }
  ],
  "creditCards": [
    {
      "cardId": 301,
      "type": "visa",
      "limit": 5000,
      "balance": 1200,
      "transactions": [
        {
          "transactionId": 4001,
          "date": "2024-08-15",
          "amount": 150,
          "description": "Online shopping"
        }
      ]
    }
  ]
}

12:58:15.791 [main] INFO com.intuit.karate -- [print] {
  "id": "Cstd312",
  "customerId": 312,
  "name": "Mana",
  "email": "Cust312@email.com",
  "phone": "35532-1234",
  "address": {
    "street": "123 Main St",
    "city": "New York",
    "state": "NY",
    "zip": "31200"
  },
  "accounts": [
    {
      "accountId": 101,
      "type": "savings",
      "balance": 5000.75,
      "currency": "USD",
      "transactions": [
        {
          "transactionId": 1001,
          "date": "2024-08-01",
          "type": "deposit",
          "amount": 1000,
          "description": "Paycheck deposit"
        },
        {
          "transactionId": 1002,
          "date": "2024-08-05",
          "type": "withdrawal",
          "amount": 200,
          "description": "ATM withdrawal"
        }
      ]
    },
    {
      "accountId": 102,
      "type": "checking",
      "balance": 1250,
      "currency": "USD",
      "transactions": [
        {
          "transactionId": 1003,
          "date": "2024-08-10",
          "type": "purchase",
          "amount": 75.5,
          "description": "Grocery shopping"
        }
      ]
    }
  ],
  "loans": [
    {
      "loanId": 201,
      "type": "personal",
      "amount": 10000,
      "interestRate": 4.5,
      "term": "36 months",
      "balance": 8500,
      "dueDate": "2024-09-10",
      "payments": [
        {
          "paymentId": 3001,
          "date": "2024-08-01",
          "amount": 500,
          "status": "completed"
        }
      ]
    }
  ],
  "creditCards": [
    {
      "cardId": 301,
      "type": "visa",
      "limit": 5000,
      "balance": 1200,
      "transactions": [
        {
          "transactionId": 4001,
          "date": "2024-08-15",
          "amount": 150,
          "description": "Online shopping"
        }
      ]
    }
  ]
}
 
12:58:15.794 [main] DEBUG org.apache.http.client.protocol.RequestAddCookies -- CookieSpec selected: karate
12:58:15.794 [main] DEBUG org.apache.http.client.protocol.RequestAuthCache -- Auth cache not set in the context
12:58:15.794 [main] DEBUG com.intuit.karate -- request:
4 > DELETE http://localhost:3000/Customers/Cstd312
4 > Host: localhost:3000
4 > Connection: Keep-Alive
4 > User-Agent: Apache-HttpClient/4.5.14 (Java/21.0.3)
4 > Accept-Encoding: gzip,deflate


12:58:15.794 [main] DEBUG org.apache.http.impl.conn.PoolingHttpClientConnectionManager -- Connection request: [route: {}->http://localhost:3000][total available: 0; route allocated: 0 of 5; total allocated: 0 of 10]
12:58:15.795 [main] DEBUG org.apache.http.impl.conn.PoolingHttpClientConnectionManager -- Connection leased: [id: 11][route: {}->http://localhost:3000][total available: 0; route allocated: 1 of 5; total allocated: 1 of 10]
12:58:15.795 [main] DEBUG org.apache.http.impl.execchain.MainClientExec -- Opening connection {}->http://localhost:3000
12:58:15.795 [main] DEBUG org.apache.http.impl.conn.DefaultHttpClientConnectionOperator -- Connecting to localhost/127.0.0.1:3000
12:58:15.795 [main] DEBUG org.apache.http.impl.conn.DefaultHttpClientConnectionOperator -- Connection established 127.0.0.1:50719<->127.0.0.1:3000
12:58:15.795 [main] DEBUG org.apache.http.impl.conn.DefaultManagedHttpClientConnection -- http-outgoing-11: set socket timeout to 30000
12:58:15.795 [main] DEBUG org.apache.http.impl.execchain.MainClientExec -- Executing request DELETE /Customers/Cstd312 HTTP/1.1
12:58:15.795 [main] DEBUG org.apache.http.impl.execchain.MainClientExec -- Target auth state: UNCHALLENGED
12:58:15.795 [main] DEBUG org.apache.http.impl.execchain.MainClientExec -- Proxy auth state: UNCHALLENGED
12:58:15.797 [main] DEBUG org.apache.http.headers -- http-outgoing-11 >> DELETE /Customers/Cstd312 HTTP/1.1
12:58:15.797 [main] DEBUG org.apache.http.headers -- http-outgoing-11 >> Host: localhost:3000
12:58:15.797 [main] DEBUG org.apache.http.headers -- http-outgoing-11 >> Connection: Keep-Alive
12:58:15.797 [main] DEBUG org.apache.http.headers -- http-outgoing-11 >> User-Agent: Apache-HttpClient/4.5.14 (Java/21.0.3)
12:58:15.797 [main] DEBUG org.apache.http.headers -- http-outgoing-11 >> Accept-Encoding: gzip,deflate
12:58:15.797 [main] DEBUG org.apache.http.wire -- http-outgoing-11 >> "DELETE /Customers/Cstd312 HTTP/1.1[\r][\n]"
12:58:15.797 [main] DEBUG org.apache.http.wire -- http-outgoing-11 >> "Host: localhost:3000[\r][\n]"
12:58:15.797 [main] DEBUG org.apache.http.wire -- http-outgoing-11 >> "Connection: Keep-Alive[\r][\n]"
12:58:15.797 [main] DEBUG org.apache.http.wire -- http-outgoing-11 >> "User-Agent: Apache-HttpClient/4.5.14 (Java/21.0.3)[\r][\n]"
12:58:15.797 [main] DEBUG org.apache.http.wire -- http-outgoing-11 >> "Accept-Encoding: gzip,deflate[\r][\n]"
12:58:15.797 [main] DEBUG org.apache.http.wire -- http-outgoing-11 >> "[\r][\n]"
12:58:15.799 [main] DEBUG org.apache.http.wire -- http-outgoing-11 << "HTTP/1.1 404 Not Found[\r][\n]"
12:58:15.799 [main] DEBUG org.apache.http.wire -- http-outgoing-11 << "X-Powered-By: tinyhttp[\r][\n]"
12:58:15.799 [main] DEBUG org.apache.http.wire -- http-outgoing-11 << "Access-Control-Allow-Origin: *[\r][\n]"
12:58:15.799 [main] DEBUG org.apache.http.wire -- http-outgoing-11 << "Access-Control-Allow-Methods: GET, HEAD, PUT, PATCH, POST, DELETE[\r][\n]"
12:58:15.799 [main] DEBUG org.apache.http.wire -- http-outgoing-11 << "Access-Control-Allow-Headers: content-type[\r][\n]"
12:58:15.799 [main] DEBUG org.apache.http.wire -- http-outgoing-11 << "Content-Type: text/plain; charset=utf-8[\r][\n]"
12:58:15.799 [main] DEBUG org.apache.http.wire -- http-outgoing-11 << "etag: W/"9-0gXL1ngzMqISxa6S1zx3F4wtLyg"[\r][\n]"
12:58:15.799 [main] DEBUG org.apache.http.wire -- http-outgoing-11 << "Date: Sun, 08 Sep 2024 07:28:15 GMT[\r][\n]"
12:58:15.799 [main] DEBUG org.apache.http.wire -- http-outgoing-11 << "Connection: keep-alive[\r][\n]"
12:58:15.799 [main] DEBUG org.apache.http.wire -- http-outgoing-11 << "Keep-Alive: timeout=5[\r][\n]"
12:58:15.799 [main] DEBUG org.apache.http.wire -- http-outgoing-11 << "Content-Length: 9[\r][\n]"
12:58:15.799 [main] DEBUG org.apache.http.wire -- http-outgoing-11 << "[\r][\n]"
12:58:15.800 [main] DEBUG org.apache.http.wire -- http-outgoing-11 << "Not Found"
12:58:15.800 [main] DEBUG org.apache.http.headers -- http-outgoing-11 << HTTP/1.1 404 Not Found
12:58:15.800 [main] DEBUG org.apache.http.headers -- http-outgoing-11 << X-Powered-By: tinyhttp
12:58:15.800 [main] DEBUG org.apache.http.headers -- http-outgoing-11 << Access-Control-Allow-Origin: *
12:58:15.800 [main] DEBUG org.apache.http.headers -- http-outgoing-11 << Access-Control-Allow-Methods: GET, HEAD, PUT, PATCH, POST, DELETE
12:58:15.800 [main] DEBUG org.apache.http.headers -- http-outgoing-11 << Access-Control-Allow-Headers: content-type
12:58:15.800 [main] DEBUG org.apache.http.headers -- http-outgoing-11 << Content-Type: text/plain; charset=utf-8
12:58:15.800 [main] DEBUG org.apache.http.headers -- http-outgoing-11 << etag: W/"9-0gXL1ngzMqISxa6S1zx3F4wtLyg"
12:58:15.800 [main] DEBUG org.apache.http.headers -- http-outgoing-11 << Date: Sun, 08 Sep 2024 07:28:15 GMT
12:58:15.800 [main] DEBUG org.apache.http.headers -- http-outgoing-11 << Connection: keep-alive
12:58:15.800 [main] DEBUG org.apache.http.headers -- http-outgoing-11 << Keep-Alive: timeout=5
12:58:15.800 [main] DEBUG org.apache.http.headers -- http-outgoing-11 << Content-Length: 9
12:58:15.800 [main] DEBUG org.apache.http.impl.execchain.MainClientExec -- Connection can be kept alive for 5000 MILLISECONDS
12:58:15.800 [main] DEBUG org.apache.http.impl.conn.PoolingHttpClientConnectionManager -- Connection [id: 11][route: {}->http://localhost:3000] can be kept alive for 5.0 seconds
12:58:15.800 [main] DEBUG org.apache.http.impl.conn.DefaultManagedHttpClientConnection -- http-outgoing-11: set socket timeout to 0
12:58:15.800 [main] DEBUG org.apache.http.impl.conn.PoolingHttpClientConnectionManager -- Connection released: [id: 11][route: {}->http://localhost:3000][total available: 1; route allocated: 1 of 5; total allocated: 1 of 10]
12:58:15.800 [main] DEBUG org.apache.http.impl.conn.PoolingHttpClientConnectionManager -- Connection manager is shutting down
12:58:15.800 [main] DEBUG org.apache.http.impl.conn.DefaultManagedHttpClientConnection -- http-outgoing-11: Close connection
12:58:15.800 [main] DEBUG org.apache.http.impl.conn.PoolingHttpClientConnectionManager -- Connection manager shut down
12:58:15.800 [main] DEBUG com.intuit.karate -- response time in milliseconds: 6
4 < 404
4 < X-Powered-By: tinyhttp
4 < Access-Control-Allow-Origin: *
4 < Access-Control-Allow-Methods: GET, HEAD, PUT, PATCH, POST, DELETE
4 < Access-Control-Allow-Headers: content-type
4 < Content-Type: text/plain; charset=utf-8
4 < etag: W/"9-0gXL1ngzMqISxa6S1zx3F4wtLyg"
4 < Date: Sun, 08 Sep 2024 07:28:15 GMT
4 < Connection: keep-alive
4 < Keep-Alive: timeout=5
4 < Content-Length: 9
Not Found

12:58:15.801 [main] INFO com.intuit.karate -- [print] Not Found 
12:58:15.864 [main] DEBUG org.thymeleaf.TemplateEngine -- [THYMELEAF] INITIALIZING TEMPLATE ENGINE
12:58:16.049 [main] DEBUG org.thymeleaf.TemplateEngine.CONFIG -- Initializing Thymeleaf Template engine configuration...
[THYMELEAF] TEMPLATE ENGINE CONFIGURATION:
[THYMELEAF] * Thymeleaf version: 3.1.2.RELEASE (built 2023-07-30T19:25:50+0000)
[THYMELEAF] * Cache Manager implementation: org.thymeleaf.cache.StandardCacheManager
[THYMELEAF] * Template resolvers:
[THYMELEAF]     * [1] com.intuit.karate.template.ResourceHtmlTemplateResolver
[THYMELEAF] * Message resolvers:
[THYMELEAF]     * org.thymeleaf.messageresolver.StandardMessageResolver
[THYMELEAF] * Link builders:
[THYMELEAF]     * org.thymeleaf.linkbuilder.StandardLinkBuilder
[THYMELEAF] * Dialect [1 of 2]: Standard (com.intuit.karate.template.KarateStandardDialect)
[THYMELEAF]     * Prefix: "th"
[THYMELEAF]     * Processors for Template Mode: HTML
[THYMELEAF]         * Element Tag Processors by [matching element and attribute name] [precedence]:
[THYMELEAF]             * [* {th:include,data-th-include}] [100]: org.thymeleaf.standard.processor.StandardIncludeTagProcessor
[THYMELEAF]             * [* {th:insert,data-th-insert}] [100]: org.thymeleaf.standard.processor.StandardInsertTagProcessor
[THYMELEAF]             * [* {th:replace,data-th-replace}] [100]: org.thymeleaf.standard.processor.StandardReplaceTagProcessor
[THYMELEAF]             * [* {th:each,data-th-each}] [200]: com.intuit.karate.template.KarateEachTagProcessor
[THYMELEAF]             * [* {th:switch,data-th-switch}] [250]: org.thymeleaf.standard.processor.StandardSwitchTagProcessor
[THYMELEAF]             * [* {th:case,data-th-case}] [275]: org.thymeleaf.standard.processor.StandardCaseTagProcessor
[THYMELEAF]             * [* {th:if,data-th-if}] [300]: org.thymeleaf.standard.processor.StandardIfTagProcessor
[THYMELEAF]             * [* {th:unless,data-th-unless}] [400]: org.thymeleaf.standard.processor.StandardUnlessTagProcessor
[THYMELEAF]             * [* {th:object,data-th-object}] [500]: org.thymeleaf.standard.processor.StandardObjectTagProcessor
[THYMELEAF]             * [* {th:with,data-th-with}] [600]: com.intuit.karate.template.KarateWithTagProcessor
[THYMELEAF]             * [* {th:attr,data-th-attr}] [700]: com.intuit.karate.template.KarateAttributeTagProcessor.KarateAttrTagProcessor
[THYMELEAF]             * [* {th:attrappend,data-th-attrappend}] [900]: com.intuit.karate.template.KarateAttributeTagProcessor.KarateAttrappendTagProcessor
[THYMELEAF]             * [* {th:attrprepend,data-th-attrprepend}] [900]: com.intuit.karate.template.KarateAttributeTagProcessor.KarateAttrprependTagProcessor
[THYMELEAF]             * [* {th:alt-title,data-th-alt-title}] [990]: org.thymeleaf.standard.processor.StandardAltTitleTagProcessor
[THYMELEAF]             * [* {th:lang-xmllang,data-th-lang-xmllang}] [990]: org.thymeleaf.standard.processor.StandardLangXmlLangTagProcessor
[THYMELEAF]             * [* {th:action,data-th-action}] [1000]: org.thymeleaf.standard.processor.StandardActionTagProcessor
[THYMELEAF]             * [* {th:disabled,data-th-disabled}] [1000]: org.thymeleaf.standard.processor.StandardConditionalFixedValueTagProcessor
[THYMELEAF]             * [* {th:formnovalidate,data-th-formnovalidate}] [1000]: org.thymeleaf.standard.processor.StandardConditionalFixedValueTagProcessor
[THYMELEAF]             * [* {th:autoplay,data-th-autoplay}] [1000]: org.thymeleaf.standard.processor.StandardConditionalFixedValueTagProcessor
[THYMELEAF]             * [* {th:readonly,data-th-readonly}] [1000]: org.thymeleaf.standard.processor.StandardConditionalFixedValueTagProcessor
[THYMELEAF]             * [* {th:loop,data-th-loop}] [1000]: org.thymeleaf.standard.processor.StandardConditionalFixedValueTagProcessor
[THYMELEAF]             * [* {th:autofocus,data-th-autofocus}] [1000]: org.thymeleaf.standard.processor.StandardConditionalFixedValueTagProcessor
[THYMELEAF]             * [* {th:open,data-th-open}] [1000]: org.thymeleaf.standard.processor.StandardConditionalFixedValueTagProcessor
[THYMELEAF]             * [* {th:ismap,data-th-ismap}] [1000]: org.thymeleaf.standard.processor.StandardConditionalFixedValueTagProcessor
[THYMELEAF]             * [* {th:defer,data-th-defer}] [1000]: org.thymeleaf.standard.processor.StandardConditionalFixedValueTagProcessor
[THYMELEAF]             * [* {th:novalidate,data-th-novalidate}] [1000]: org.thymeleaf.standard.processor.StandardConditionalFixedValueTagProcessor
[THYMELEAF]             * [* {th:seamless,data-th-seamless}] [1000]: org.thymeleaf.standard.processor.StandardConditionalFixedValueTagProcessor
[THYMELEAF]             * [* {th:scoped,data-th-scoped}] [1000]: org.thymeleaf.standard.processor.StandardConditionalFixedValueTagProcessor
[THYMELEAF]             * [* {th:reversed,data-th-reversed}] [1000]: org.thymeleaf.standard.processor.StandardConditionalFixedValueTagProcessor
[THYMELEAF]             * [* {th:async,data-th-async}] [1000]: org.thymeleaf.standard.processor.StandardConditionalFixedValueTagProcessor
[THYMELEAF]             * [* {th:multiple,data-th-multiple}] [1000]: org.thymeleaf.standard.processor.StandardConditionalFixedValueTagProcessor
[THYMELEAF]             * [* {th:pubdate,data-th-pubdate}] [1000]: org.thymeleaf.standard.processor.StandardConditionalFixedValueTagProcessor
[THYMELEAF]             * [* {th:hidden,data-th-hidden}] [1000]: org.thymeleaf.standard.processor.StandardConditionalFixedValueTagProcessor
[THYMELEAF]             * [* {th:selected,data-th-selected}] [1000]: org.thymeleaf.standard.processor.StandardConditionalFixedValueTagProcessor
[THYMELEAF]             * [* {th:declare,data-th-declare}] [1000]: org.thymeleaf.standard.processor.StandardConditionalFixedValueTagProcessor
[THYMELEAF]             * [* {th:required,data-th-required}] [1000]: org.thymeleaf.standard.processor.StandardConditionalFixedValueTagProcessor
[THYMELEAF]             * [* {th:nowrap,data-th-nowrap}] [1000]: org.thymeleaf.standard.processor.StandardConditionalFixedValueTagProcessor
[THYMELEAF]             * [* {th:default,data-th-default}] [1000]: org.thymeleaf.standard.processor.StandardConditionalFixedValueTagProcessor
[THYMELEAF]             * [* {th:controls,data-th-controls}] [1000]: org.thymeleaf.standard.processor.StandardConditionalFixedValueTagProcessor
[THYMELEAF]             * [* {th:checked,data-th-checked}] [1000]: org.thymeleaf.standard.processor.StandardConditionalFixedValueTagProcessor
[THYMELEAF]             * [* {th:oninput,data-th-oninput}] [1000]: org.thymeleaf.standard.processor.StandardDOMEventAttributeTagProcessor
[THYMELEAF]             * [* {th:onunload,data-th-onunload}] [1000]: org.thymeleaf.standard.processor.StandardDOMEventAttributeTagProcessor
[THYMELEAF]             * [* {th:onsubmit,data-th-onsubmit}] [1000]: org.thymeleaf.standard.processor.StandardDOMEventAttributeTagProcessor
[THYMELEAF]             * [* {th:onundo,data-th-onundo}] [1000]: org.thymeleaf.standard.processor.StandardDOMEventAttributeTagProcessor
[THYMELEAF]             * [* {th:onratechange,data-th-onratechange}] [1000]: org.thymeleaf.standard.processor.StandardDOMEventAttributeTagProcessor
[THYMELEAF]             * [* {th:ondurationchange,data-th-ondurationchange}] [1000]: org.thymeleaf.standard.processor.StandardDOMEventAttributeTagProcessor
[THYMELEAF]             * [* {th:onload,data-th-onload}] [1000]: org.thymeleaf.standard.processor.StandardDOMEventAttributeTagProcessor
[THYMELEAF]             * [* {th:onstorage,data-th-onstorage}] [1000]: org.thymeleaf.standard.processor.StandardDOMEventAttributeTagProcessor
[THYMELEAF]             * [* {th:onmousedown,data-th-onmousedown}] [1000]: org.thymeleaf.standard.processor.StandardDOMEventAttributeTagProcessor
[THYMELEAF]             * [* {th:onafterprint,data-th-onafterprint}] [1000]: org.thymeleaf.standard.processor.StandardDOMEventAttributeTagProcessor
[THYMELEAF]             * [* {th:onseeking,data-th-onseeking}] [1000]: org.thymeleaf.standard.processor.StandardDOMEventAttributeTagProcessor
[THYMELEAF]             * [* {th:onloadedmetadata,data-th-onloadedmetadata}] [1000]: org.thymeleaf.standard.processor.StandardDOMEventAttributeTagProcessor
[THYMELEAF]             * [* {th:onstalled,data-th-onstalled}] [1000]: org.thymeleaf.standard.processor.StandardDOMEventAttributeTagProcessor
[THYMELEAF]             * [* {th:ondblclick,data-th-ondblclick}] [1000]: org.thymeleaf.standard.processor.StandardDOMEventAttributeTagProcessor
[THYMELEAF]             * [* {th:onoffline,data-th-onoffline}] [1000]: org.thymeleaf.standard.processor.StandardDOMEventAttributeTagProcessor
[THYMELEAF]             * [* {th:onseeked,data-th-onseeked}] [1000]: org.thymeleaf.standard.processor.StandardDOMEventAttributeTagProcessor
[THYMELEAF]             * [* {th:onresize,data-th-onresize}] [1000]: org.thymeleaf.standard.processor.StandardDOMEventAttributeTagProcessor
[THYMELEAF]             * [* {th:ondragenter,data-th-ondragenter}] [1000]: org.thymeleaf.standard.processor.StandardDOMEventAttributeTagProcessor
[THYMELEAF]             * [* {th:onabort,data-th-onabort}] [1000]: org.thymeleaf.standard.processor.StandardDOMEventAttributeTagProcessor
[THYMELEAF]             * [* {th:oninvalid,data-th-oninvalid}] [1000]: org.thymeleaf.standard.processor.StandardDOMEventAttributeTagProcessor
[THYMELEAF]             * [* {th:onreadystatechange,data-th-onreadystatechange}] [1000]: org.thymeleaf.standard.processor.StandardDOMEventAttributeTagProcessor
[THYMELEAF]             * [* {th:onkeyup,data-th-onkeyup}] [1000]: org.thymeleaf.standard.processor.StandardDOMEventAttributeTagProcessor
[THYMELEAF]             * [* {th:ondragleave,data-th-ondragleave}] [1000]: org.thymeleaf.standard.processor.StandardDOMEventAttributeTagProcessor
[THYMELEAF]             * [* {th:ondragover,data-th-ondragover}] [1000]: org.thymeleaf.standard.processor.StandardDOMEventAttributeTagProcessor
[THYMELEAF]             * [* {th:onvolumechange,data-th-onvolumechange}] [1000]: org.thymeleaf.standard.processor.StandardDOMEventAttributeTagProcessor
[THYMELEAF]             * [* {th:onmouseover,data-th-onmouseover}] [1000]: org.thymeleaf.standard.processor.StandardDOMEventAttributeTagProcessor
[THYMELEAF]             * [* {th:onloadeddata,data-th-onloadeddata}] [1000]: org.thymeleaf.standard.processor.StandardDOMEventAttributeTagProcessor
[THYMELEAF]             * [* {th:onplay,data-th-onplay}] [1000]: org.thymeleaf.standard.processor.StandardDOMEventAttributeTagProcessor
[THYMELEAF]             * [* {th:onforminput,data-th-onforminput}] [1000]: org.thymeleaf.standard.processor.StandardDOMEventAttributeTagProcessor
[THYMELEAF]             * [* {th:onplaying,data-th-onplaying}] [1000]: org.thymeleaf.standard.processor.StandardDOMEventAttributeTagProcessor
[THYMELEAF]             * [* {th:oncontextmenu,data-th-oncontextmenu}] [1000]: org.thymeleaf.standard.processor.StandardDOMEventAttributeTagProcessor
[THYMELEAF]             * [* {th:onchange,data-th-onchange}] [1000]: org.thymeleaf.standard.processor.StandardDOMEventAttributeTagProcessor
[THYMELEAF]             * [* {th:onkeypress,data-th-onkeypress}] [1000]: org.thymeleaf.standard.processor.StandardDOMEventAttributeTagProcessor
[THYMELEAF]             * [* {th:onwaiting,data-th-onwaiting}] [1000]: org.thymeleaf.standard.processor.StandardDOMEventAttributeTagProcessor
[THYMELEAF]             * [* {th:onbeforeprint,data-th-onbeforeprint}] [1000]: org.thymeleaf.standard.processor.StandardDOMEventAttributeTagProcessor
[THYMELEAF]             * [* {th:onpause,data-th-onpause}] [1000]: org.thymeleaf.standard.processor.StandardDOMEventAttributeTagProcessor
[THYMELEAF]             * [* {th:onscroll,data-th-onscroll}] [1000]: org.thymeleaf.standard.processor.StandardDOMEventAttributeTagProcessor
[THYMELEAF]             * [* {th:oncanplaythrough,data-th-oncanplaythrough}] [1000]: org.thymeleaf.standard.processor.StandardDOMEventAttributeTagProcessor
[THYMELEAF]             * [* {th:oncanplay,data-th-oncanplay}] [1000]: org.thymeleaf.standard.processor.StandardDOMEventAttributeTagProcessor
[THYMELEAF]             * [* {th:onpopstate,data-th-onpopstate}] [1000]: org.thymeleaf.standard.processor.StandardDOMEventAttributeTagProcessor
[THYMELEAF]             * [* {th:onmouseout,data-th-onmouseout}] [1000]: org.thymeleaf.standard.processor.StandardDOMEventAttributeTagProcessor
[THYMELEAF]             * [* {th:onbeforeunload,data-th-onbeforeunload}] [1000]: org.thymeleaf.standard.processor.StandardDOMEventAttributeTagProcessor
[THYMELEAF]             * [* {th:ondragstart,data-th-ondragstart}] [1000]: org.thymeleaf.standard.processor.StandardDOMEventAttributeTagProcessor
[THYMELEAF]             * [* {th:onfocus,data-th-onfocus}] [1000]: org.thymeleaf.standard.processor.StandardDOMEventAttributeTagProcessor
[THYMELEAF]             * [* {th:ondragend,data-th-ondragend}] [1000]: org.thymeleaf.standard.processor.StandardDOMEventAttributeTagProcessor
[THYMELEAF]             * [* {th:onreset,data-th-onreset}] [1000]: org.thymeleaf.standard.processor.StandardDOMEventAttributeTagProcessor
[THYMELEAF]             * [* {th:onshow,data-th-onshow}] [1000]: org.thymeleaf.standard.processor.StandardDOMEventAttributeTagProcessor
[THYMELEAF]             * [* {th:onmessage,data-th-onmessage}] [1000]: org.thymeleaf.standard.processor.StandardDOMEventAttributeTagProcessor
[THYMELEAF]             * [* {th:onredo,data-th-onredo}] [1000]: org.thymeleaf.standard.processor.StandardDOMEventAttributeTagProcessor
[THYMELEAF]             * [* {th:ondrop,data-th-ondrop}] [1000]: org.thymeleaf.standard.processor.StandardDOMEventAttributeTagProcessor
[THYMELEAF]             * [* {th:onerror,data-th-onerror}] [1000]: org.thymeleaf.standard.processor.StandardDOMEventAttributeTagProcessor
[THYMELEAF]             * [* {th:ononline,data-th-ononline}] [1000]: org.thymeleaf.standard.processor.StandardDOMEventAttributeTagProcessor
[THYMELEAF]             * [* {th:ondrag,data-th-ondrag}] [1000]: org.thymeleaf.standard.processor.StandardDOMEventAttributeTagProcessor
[THYMELEAF]             * [* {th:onkeydown,data-th-onkeydown}] [1000]: org.thymeleaf.standard.processor.StandardDOMEventAttributeTagProcessor
[THYMELEAF]             * [* {th:onended,data-th-onended}] [1000]: org.thymeleaf.standard.processor.StandardDOMEventAttributeTagProcessor
[THYMELEAF]             * [* {th:onloadstart,data-th-onloadstart}] [1000]: org.thymeleaf.standard.processor.StandardDOMEventAttributeTagProcessor
[THYMELEAF]             * [* {th:onmousewheel,data-th-onmousewheel}] [1000]: org.thymeleaf.standard.processor.StandardDOMEventAttributeTagProcessor
[THYMELEAF]             * [* {th:onmousemove,data-th-onmousemove}] [1000]: org.thymeleaf.standard.processor.StandardDOMEventAttributeTagProcessor
[THYMELEAF]             * [* {th:onformchange,data-th-onformchange}] [1000]: org.thymeleaf.standard.processor.StandardDOMEventAttributeTagProcessor
[THYMELEAF]             * [* {th:onclick,data-th-onclick}] [1000]: org.thymeleaf.standard.processor.StandardDOMEventAttributeTagProcessor
[THYMELEAF]             * [* {th:onemptied,data-th-onemptied}] [1000]: org.thymeleaf.standard.processor.StandardDOMEventAttributeTagProcessor
[THYMELEAF]             * [* {th:onsuspend,data-th-onsuspend}] [1000]: org.thymeleaf.standard.processor.StandardDOMEventAttributeTagProcessor
[THYMELEAF]             * [* {th:onmouseup,data-th-onmouseup}] [1000]: org.thymeleaf.standard.processor.StandardDOMEventAttributeTagProcessor
[THYMELEAF]             * [* {th:onhashchange,data-th-onhashchange}] [1000]: org.thymeleaf.standard.processor.StandardDOMEventAttributeTagProcessor
[THYMELEAF]             * [* {th:onselect,data-th-onselect}] [1000]: org.thymeleaf.standard.processor.StandardDOMEventAttributeTagProcessor
[THYMELEAF]             * [* {th:onblur,data-th-onblur}] [1000]: org.thymeleaf.standard.processor.StandardDOMEventAttributeTagProcessor
[THYMELEAF]             * [* {th:ontimeupdate,data-th-ontimeupdate}] [1000]: org.thymeleaf.standard.processor.StandardDOMEventAttributeTagProcessor
[THYMELEAF]             * [* {th:onprogress,data-th-onprogress}] [1000]: org.thymeleaf.standard.processor.StandardDOMEventAttributeTagProcessor
[THYMELEAF]             * [* {th:href,data-th-href}] [1000]: org.thymeleaf.standard.processor.StandardHrefTagProcessor
[THYMELEAF]             * [* {th:inline,data-th-inline}] [1000]: org.thymeleaf.standard.processor.StandardInlineHTMLTagProcessor
[THYMELEAF]             * [* {th:method,data-th-method}] [1000]: org.thymeleaf.standard.processor.StandardMethodTagProcessor
[THYMELEAF]             * [* {th:type,data-th-type}] [1000]: org.thymeleaf.standard.processor.StandardNonRemovableAttributeTagProcessor
[THYMELEAF]             * [* {th:name,data-th-name}] [1000]: org.thymeleaf.standard.processor.StandardNonRemovableAttributeTagProcessor
[THYMELEAF]             * [* {th:datetime,data-th-datetime}] [1000]: org.thymeleaf.standard.processor.StandardRemovableAttributeTagProcessor
[THYMELEAF]             * [* {th:placeholder,data-th-placeholder}] [1000]: org.thymeleaf.standard.processor.StandardRemovableAttributeTagProcessor
[THYMELEAF]             * [* {th:standby,data-th-standby}] [1000]: org.thymeleaf.standard.processor.StandardRemovableAttributeTagProcessor
[THYMELEAF]             * [* {th:spellcheck,data-th-spellcheck}] [1000]: org.thymeleaf.standard.processor.StandardRemovableAttributeTagProcessor
[THYMELEAF]             * [* {th:form,data-th-form}] [1000]: org.thymeleaf.standard.processor.StandardRemovableAttributeTagProcessor
[THYMELEAF]             * [* {th:archive,data-th-archive}] [1000]: org.thymeleaf.standard.processor.StandardRemovableAttributeTagProcessor
[THYMELEAF]             * [* {th:target,data-th-target}] [1000]: org.thymeleaf.standard.processor.StandardRemovableAttributeTagProcessor
[THYMELEAF]             * [* {th:usemap,data-th-usemap}] [1000]: org.thymeleaf.standard.processor.StandardRemovableAttributeTagProcessor
[THYMELEAF]             * [* {th:formenctype,data-th-formenctype}] [1000]: org.thymeleaf.standard.processor.StandardRemovableAttributeTagProcessor
[THYMELEAF]             * [* {th:hspace,data-th-hspace}] [1000]: org.thymeleaf.standard.processor.StandardRemovableAttributeTagProcessor
[THYMELEAF]             * [* {th:frameborder,data-th-frameborder}] [1000]: org.thymeleaf.standard.processor.StandardRemovableAttributeTagProcessor
[THYMELEAF]             * [* {th:tabindex,data-th-tabindex}] [1000]: org.thymeleaf.standard.processor.StandardRemovableAttributeTagProcessor
[THYMELEAF]             * [* {th:border,data-th-border}] [1000]: org.thymeleaf.standard.processor.StandardRemovableAttributeTagProcessor
[THYMELEAF]             * [* {th:colspan,data-th-colspan}] [1000]: org.thymeleaf.standard.processor.StandardRemovableAttributeTagProcessor
[THYMELEAF]             * [* {th:rows,data-th-rows}] [1000]: org.thymeleaf.standard.processor.StandardRemovableAttributeTagProcessor
[THYMELEAF]             * [* {th:marginwidth,data-th-marginwidth}] [1000]: org.thymeleaf.standard.processor.StandardRemovableAttributeTagProcessor
[THYMELEAF]             * [* {th:hreflang,data-th-hreflang}] [1000]: org.thymeleaf.standard.processor.StandardRemovableAttributeTagProcessor
[THYMELEAF]             * [* {th:axis,data-th-axis}] [1000]: org.thymeleaf.standard.processor.StandardRemovableAttributeTagProcessor
[THYMELEAF]             * [* {th:formtarget,data-th-formtarget}] [1000]: org.thymeleaf.standard.processor.StandardRemovableAttributeTagProcessor
[THYMELEAF]             * [* {th:formmethod,data-th-formmethod}] [1000]: org.thymeleaf.standard.processor.StandardRemovableAttributeTagProcessor
[THYMELEAF]             * [* {th:step,data-th-step}] [1000]: org.thymeleaf.standard.processor.StandardRemovableAttributeTagProcessor
[THYMELEAF]             * [* {th:maxlength,data-th-maxlength}] [1000]: org.thymeleaf.standard.processor.StandardRemovableAttributeTagProcessor
[THYMELEAF]             * [* {th:background,data-th-background}] [1000]: org.thymeleaf.standard.processor.StandardRemovableAttributeTagProcessor
[THYMELEAF]             * [* {th:abbr,data-th-abbr}] [1000]: org.thymeleaf.standard.processor.StandardRemovableAttributeTagProcessor
[THYMELEAF]             * [* {th:sizes,data-th-sizes}] [1000]: org.thymeleaf.standard.processor.StandardRemovableAttributeTagProcessor
[THYMELEAF]             * [* {th:size,data-th-size}] [1000]: org.thymeleaf.standard.processor.StandardRemovableAttributeTagProcessor
[THYMELEAF]             * [* {th:cols,data-th-cols}] [1000]: org.thymeleaf.standard.processor.StandardRemovableAttributeTagProcessor
[THYMELEAF]             * [* {th:icon,data-th-icon}] [1000]: org.thymeleaf.standard.processor.StandardRemovableAttributeTagProcessor
[THYMELEAF]             * [* {th:srclang,data-th-srclang}] [1000]: org.thymeleaf.standard.processor.StandardRemovableAttributeTagProcessor
[THYMELEAF]             * [* {th:lang,data-th-lang}] [1000]: org.thymeleaf.standard.processor.StandardRemovableAttributeTagProcessor
[THYMELEAF]             * [* {th:dropzone,data-th-dropzone}] [1000]: org.thymeleaf.standard.processor.StandardRemovableAttributeTagProcessor
[THYMELEAF]             * [* {th:rules,data-th-rules}] [1000]: org.thymeleaf.standard.processor.StandardRemovableAttributeTagProcessor
[THYMELEAF]             * [* {th:media,data-th-media}] [1000]: org.thymeleaf.standard.processor.StandardRemovableAttributeTagProcessor
[THYMELEAF]             * [* {th:scope,data-th-scope}] [1000]: org.thymeleaf.standard.processor.StandardRemovableAttributeTagProcessor
[THYMELEAF]             * [* {th:alt,data-th-alt}] [1000]: org.thymeleaf.standard.processor.StandardRemovableAttributeTagProcessor
[THYMELEAF]             * [* {th:width,data-th-width}] [1000]: org.thymeleaf.standard.processor.StandardRemovableAttributeTagProcessor
[THYMELEAF]             * [* {th:rowspan,data-th-rowspan}] [1000]: org.thymeleaf.standard.processor.StandardRemovableAttributeTagProcessor
[THYMELEAF]             * [* {th:charset,data-th-charset}] [1000]: org.thymeleaf.standard.processor.StandardRemovableAttributeTagProcessor
[THYMELEAF]             * [* {th:content,data-th-content}] [1000]: org.thymeleaf.standard.processor.StandardRemovableAttributeTagProcessor
[THYMELEAF]             * [* {th:data,data-th-data}] [1000]: org.thymeleaf.standard.processor.StandardRemovableAttributeTagProcessor
[THYMELEAF]             * [* {th:id,data-th-id}] [1000]: org.thymeleaf.standard.processor.StandardRemovableAttributeTagProcessor
[THYMELEAF]             * [* {th:frame,data-th-frame}] [1000]: org.thymeleaf.standard.processor.StandardRemovableAttributeTagProcessor
[THYMELEAF]             * [* {th:audio,data-th-audio}] [1000]: org.thymeleaf.standard.processor.StandardRemovableAttributeTagProcessor
[THYMELEAF]             * [* {th:codetype,data-th-codetype}] [1000]: org.thymeleaf.standard.processor.StandardRemovableAttributeTagProcessor
[THYMELEAF]             * [* {th:accesskey,data-th-accesskey}] [1000]: org.thymeleaf.standard.processor.StandardRemovableAttributeTagProcessor
[THYMELEAF]             * [* {th:scrolling,data-th-scrolling}] [1000]: org.thymeleaf.standard.processor.StandardRemovableAttributeTagProcessor
[THYMELEAF]             * [* {th:cite,data-th-cite}] [1000]: org.thymeleaf.standard.processor.StandardRemovableAttributeTagProcessor
[THYMELEAF]             * [* {th:manifest,data-th-manifest}] [1000]: org.thymeleaf.standard.processor.StandardRemovableAttributeTagProcessor
[THYMELEAF]             * [* {th:for,data-th-for}] [1000]: org.thymeleaf.standard.processor.StandardRemovableAttributeTagProcessor
[THYMELEAF]             * [* {th:valuetype,data-th-valuetype}] [1000]: org.thymeleaf.standard.processor.StandardRemovableAttributeTagProcessor
[THYMELEAF]             * [* {th:longdesc,data-th-longdesc}] [1000]: org.thymeleaf.standard.processor.StandardRemovableAttributeTagProcessor
[THYMELEAF]             * [* {th:challenge,data-th-challenge}] [1000]: org.thymeleaf.standard.processor.StandardRemovableAttributeTagProcessor
[THYMELEAF]             * [* {th:marginheight,data-th-marginheight}] [1000]: org.thymeleaf.standard.processor.StandardRemovableAttributeTagProcessor
[THYMELEAF]             * [* {th:sandbox,data-th-sandbox}] [1000]: org.thymeleaf.standard.processor.StandardRemovableAttributeTagProcessor
[THYMELEAF]             * [* {th:draggable,data-th-draggable}] [1000]: org.thymeleaf.standard.processor.StandardRemovableAttributeTagProcessor
[THYMELEAF]             * [* {th:poster,data-th-poster}] [1000]: org.thymeleaf.standard.processor.StandardRemovableAttributeTagProcessor
[THYMELEAF]             * [* {th:accept,data-th-accept}] [1000]: org.thymeleaf.standard.processor.StandardRemovableAttributeTagProcessor
[THYMELEAF]             * [* {th:contextmenu,data-th-contextmenu}] [1000]: org.thymeleaf.standard.processor.StandardRemovableAttributeTagProcessor
[THYMELEAF]             * [* {th:label,data-th-label}] [1000]: org.thymeleaf.standard.processor.StandardRemovableAttributeTagProcessor
[THYMELEAF]             * [* {th:optimum,data-th-optimum}] [1000]: org.thymeleaf.standard.processor.StandardRemovableAttributeTagProcessor
[THYMELEAF]             * [* {th:max,data-th-max}] [1000]: org.thymeleaf.standard.processor.StandardRemovableAttributeTagProcessor
[THYMELEAF]             * [* {th:bgcolor,data-th-bgcolor}] [1000]: org.thymeleaf.standard.processor.StandardRemovableAttributeTagProcessor
[THYMELEAF]             * [* {th:radiogroup,data-th-radiogroup}] [1000]: org.thymeleaf.standard.processor.StandardRemovableAttributeTagProcessor
[THYMELEAF]             * [* {th:formaction,data-th-formaction}] [1000]: org.thymeleaf.standard.processor.StandardRemovableAttributeTagProcessor
[THYMELEAF]             * [* {th:wrap,data-th-wrap}] [1000]: org.thymeleaf.standard.processor.StandardRemovableAttributeTagProcessor
[THYMELEAF]             * [* {th:rel,data-th-rel}] [1000]: org.thymeleaf.standard.processor.StandardRemovableAttributeTagProcessor
[THYMELEAF]             * [* {th:dir,data-th-dir}] [1000]: org.thymeleaf.standard.processor.StandardRemovableAttributeTagProcessor
[THYMELEAF]             * [* {th:high,data-th-high}] [1000]: org.thymeleaf.standard.processor.StandardRemovableAttributeTagProcessor
[THYMELEAF]             * [* {th:summary,data-th-summary}] [1000]: org.thymeleaf.standard.processor.StandardRemovableAttributeTagProcessor
[THYMELEAF]             * [* {th:span,data-th-span}] [1000]: org.thymeleaf.standard.processor.StandardRemovableAttributeTagProcessor
[THYMELEAF]             * [* {th:classid,data-th-classid}] [1000]: org.thymeleaf.standard.processor.StandardRemovableAttributeTagProcessor
[THYMELEAF]             * [* {th:min,data-th-min}] [1000]: org.thymeleaf.standard.processor.StandardRemovableAttributeTagProcessor
[THYMELEAF]             * [* {th:kind,data-th-kind}] [1000]: org.thymeleaf.standard.processor.StandardRemovableAttributeTagProcessor
[THYMELEAF]             * [* {th:http-equiv,data-th-http-equiv}] [1000]: org.thymeleaf.standard.processor.StandardRemovableAttributeTagProcessor
[THYMELEAF]             * [* {th:cellpadding,data-th-cellpadding}] [1000]: org.thymeleaf.standard.processor.StandardRemovableAttributeTagProcessor
[THYMELEAF]             * [* {th:contenteditable,data-th-contenteditable}] [1000]: org.thymeleaf.standard.processor.StandardRemovableAttributeTagProcessor
[THYMELEAF]             * [* {th:keytype,data-th-keytype}] [1000]: org.thymeleaf.standard.processor.StandardRemovableAttributeTagProcessor
[THYMELEAF]             * [* {th:style,data-th-style}] [1000]: org.thymeleaf.standard.processor.StandardRemovableAttributeTagProcessor
[THYMELEAF]             * [* {th:class,data-th-class}] [1000]: org.thymeleaf.standard.processor.StandardRemovableAttributeTagProcessor
[THYMELEAF]             * [* {th:title,data-th-title}] [1000]: org.thymeleaf.standard.processor.StandardRemovableAttributeTagProcessor
[THYMELEAF]             * [* {th:start,data-th-start}] [1000]: org.thymeleaf.standard.processor.StandardRemovableAttributeTagProcessor
[THYMELEAF]             * [* {th:autocomplete,data-th-autocomplete}] [1000]: org.thymeleaf.standard.processor.StandardRemovableAttributeTagProcessor
[THYMELEAF]             * [* {th:preload,data-th-preload}] [1000]: org.thymeleaf.standard.processor.StandardRemovableAttributeTagProcessor
[THYMELEAF]             * [* {th:low,data-th-low}] [1000]: org.thymeleaf.standard.processor.StandardRemovableAttributeTagProcessor
[THYMELEAF]             * [* {th:height,data-th-height}] [1000]: org.thymeleaf.standard.processor.StandardRemovableAttributeTagProcessor
[THYMELEAF]             * [* {th:align,data-th-align}] [1000]: org.thymeleaf.standard.processor.StandardRemovableAttributeTagProcessor
[THYMELEAF]             * [* {th:scheme,data-th-scheme}] [1000]: org.thymeleaf.standard.processor.StandardRemovableAttributeTagProcessor
[THYMELEAF]             * [* {th:list,data-th-list}] [1000]: org.thymeleaf.standard.processor.StandardRemovableAttributeTagProcessor
[THYMELEAF]             * [* {th:vspace,data-th-vspace}] [1000]: org.thymeleaf.standard.processor.StandardRemovableAttributeTagProcessor
[THYMELEAF]             * [* {th:accept-charset,data-th-accept-charset}] [1000]: org.thymeleaf.standard.processor.StandardRemovableAttributeTagProcessor
[THYMELEAF]             * [* {th:pattern,data-th-pattern}] [1000]: org.thymeleaf.standard.processor.StandardRemovableAttributeTagProcessor
[THYMELEAF]             * [* {th:headers,data-th-headers}] [1000]: org.thymeleaf.standard.processor.StandardRemovableAttributeTagProcessor
[THYMELEAF]             * [* {th:enctype,data-th-enctype}] [1000]: org.thymeleaf.standard.processor.StandardRemovableAttributeTagProcessor
[THYMELEAF]             * [* {th:compact,data-th-compact}] [1000]: org.thymeleaf.standard.processor.StandardRemovableAttributeTagProcessor
[THYMELEAF]             * [* {th:cellspacing,data-th-cellspacing}] [1000]: org.thymeleaf.standard.processor.StandardRemovableAttributeTagProcessor
[THYMELEAF]             * [* {th:codebase,data-th-codebase}] [1000]: org.thymeleaf.standard.processor.StandardRemovableAttributeTagProcessor
[THYMELEAF]             * [* {th:rev,data-th-rev}] [1000]: org.thymeleaf.standard.processor.StandardRemovableAttributeTagProcessor
[THYMELEAF]             * [* {th:src,data-th-src}] [1000]: org.thymeleaf.standard.processor.StandardSrcTagProcessor
[THYMELEAF]             * [* {th:value,data-th-value}] [1000]: org.thymeleaf.standard.processor.StandardValueTagProcessor
[THYMELEAF]             * [* {th:xmlbase,data-th-xmlbase}] [1000]: org.thymeleaf.standard.processor.StandardXmlBaseTagProcessor
[THYMELEAF]             * [* {th:xmllang,data-th-xmllang}] [1000]: org.thymeleaf.standard.processor.StandardXmlLangTagProcessor
[THYMELEAF]             * [* {xmlns:th}] [1000]: org.thymeleaf.standard.processor.StandardXmlNsTagProcessor
[THYMELEAF]             * [* {th:xmlspace,data-th-xmlspace}] [1000]: org.thymeleaf.standard.processor.StandardXmlSpaceTagProcessor
[THYMELEAF]             * [* {th:classappend,data-th-classappend}] [1100]: org.thymeleaf.standard.processor.StandardClassappendTagProcessor
[THYMELEAF]             * [* {th:styleappend,data-th-styleappend}] [1100]: org.thymeleaf.standard.processor.StandardStyleappendTagProcessor
[THYMELEAF]             * [* {th:text,data-th-text}] [1300]: org.thymeleaf.standard.processor.StandardTextTagProcessor
[THYMELEAF]             * [* {th:utext,data-th-utext}] [1400]: org.thymeleaf.standard.processor.StandardUtextTagProcessor
[THYMELEAF]             * [* {th:fragment,data-th-fragment}] [1500]: org.thymeleaf.standard.processor.StandardFragmentTagProcessor
[THYMELEAF]             * [* {th:assert,data-th-assert}] [1550]: org.thymeleaf.standard.processor.StandardAssertTagProcessor
[THYMELEAF]             * [* {th:remove,data-th-remove}] [1600]: org.thymeleaf.standard.processor.StandardRemoveTagProcessor
[THYMELEAF]             * [* {th:ref,data-th-ref}] [10000]: org.thymeleaf.standard.processor.StandardRefAttributeTagProcessor
[THYMELEAF]             * [{th:block,th-block} *] [100000]: org.thymeleaf.standard.processor.StandardBlockTagProcessor
[THYMELEAF]             * [* th:*] [2147483647]: org.thymeleaf.standard.processor.StandardDefaultAttributesTagProcessor
[THYMELEAF]         * Text Processors by [precedence]:
[THYMELEAF]             * [1000]: org.thymeleaf.standard.processor.StandardInliningTextProcessor
[THYMELEAF]         * DOCTYPE Processors by [precedence]:
[THYMELEAF]             * [1000]: org.thymeleaf.standard.processor.StandardTranslationDocTypeProcessor
[THYMELEAF]         * CDATA Section Processors by [precedence]:
[THYMELEAF]             * [1000]: org.thymeleaf.standard.processor.StandardInliningCDATASectionProcessor
[THYMELEAF]         * Comment Processors by [precedence]:
[THYMELEAF]             * [1000]: org.thymeleaf.standard.processor.StandardInliningCommentProcessor
[THYMELEAF]             * [1100]: org.thymeleaf.standard.processor.StandardConditionalCommentProcessor
[THYMELEAF]     * Processors for Template Mode: XML
[THYMELEAF]         * Element Tag Processors by [matching element and attribute name] [precedence]:
[THYMELEAF]             * [* {th:include}] [100]: org.thymeleaf.standard.processor.StandardIncludeTagProcessor
[THYMELEAF]             * [* {th:insert}] [100]: org.thymeleaf.standard.processor.StandardInsertTagProcessor
[THYMELEAF]             * [* {th:replace}] [100]: org.thymeleaf.standard.processor.StandardReplaceTagProcessor
[THYMELEAF]             * [* {th:each}] [200]: com.intuit.karate.template.KarateEachTagProcessor
[THYMELEAF]             * [* {th:switch}] [250]: org.thymeleaf.standard.processor.StandardSwitchTagProcessor
[THYMELEAF]             * [* {th:case}] [275]: org.thymeleaf.standard.processor.StandardCaseTagProcessor
[THYMELEAF]             * [* {th:if}] [300]: org.thymeleaf.standard.processor.StandardIfTagProcessor
[THYMELEAF]             * [* {th:unless}] [400]: org.thymeleaf.standard.processor.StandardUnlessTagProcessor
[THYMELEAF]             * [* {th:object}] [500]: org.thymeleaf.standard.processor.StandardObjectTagProcessor
[THYMELEAF]             * [* {th:with}] [600]: com.intuit.karate.template.KarateWithTagProcessor
[THYMELEAF]             * [* {th:attr}] [700]: com.intuit.karate.template.KarateAttributeTagProcessor.KarateAttrTagProcessor
[THYMELEAF]             * [* {th:attrappend}] [900]: com.intuit.karate.template.KarateAttributeTagProcessor.KarateAttrappendTagProcessor
[THYMELEAF]             * [* {th:attrprepend}] [900]: com.intuit.karate.template.KarateAttributeTagProcessor.KarateAttrprependTagProcessor
[THYMELEAF]             * [* {th:inline}] [1000]: org.thymeleaf.standard.processor.StandardInlineXMLTagProcessor
[THYMELEAF]             * [* {xmlns:th}] [1000]: org.thymeleaf.standard.processor.StandardXmlNsTagProcessor
[THYMELEAF]             * [* {th:text}] [1300]: org.thymeleaf.standard.processor.StandardTextTagProcessor
[THYMELEAF]             * [* {th:utext}] [1400]: org.thymeleaf.standard.processor.StandardUtextTagProcessor
[THYMELEAF]             * [* {th:fragment}] [1500]: org.thymeleaf.standard.processor.StandardFragmentTagProcessor
[THYMELEAF]             * [* {th:assert}] [1550]: org.thymeleaf.standard.processor.StandardAssertTagProcessor
[THYMELEAF]             * [* {th:remove}] [1600]: org.thymeleaf.standard.processor.StandardRemoveTagProcessor
[THYMELEAF]             * [* {th:ref}] [10000]: org.thymeleaf.standard.processor.StandardRefAttributeTagProcessor
[THYMELEAF]             * [{th:block} *] [100000]: org.thymeleaf.standard.processor.StandardBlockTagProcessor
[THYMELEAF]             * [* th:*] [2147483647]: org.thymeleaf.standard.processor.StandardDefaultAttributesTagProcessor
[THYMELEAF]         * Text Processors by [precedence]:
[THYMELEAF]             * [1000]: org.thymeleaf.standard.processor.StandardInliningTextProcessor
[THYMELEAF]         * CDATA Section Processors by [precedence]:
[THYMELEAF]             * [1000]: org.thymeleaf.standard.processor.StandardInliningCDATASectionProcessor
[THYMELEAF]         * Comment Processors by [precedence]:
[THYMELEAF]             * [1000]: org.thymeleaf.standard.processor.StandardInliningCommentProcessor
[THYMELEAF]     * Processors for Template Mode: TEXT
[THYMELEAF]         * Element Tag Processors by [matching element and attribute name] [precedence]:
[THYMELEAF]             * [* {th:insert}] [100]: org.thymeleaf.standard.processor.StandardInsertTagProcessor
[THYMELEAF]             * [* {th:replace}] [100]: org.thymeleaf.standard.processor.StandardReplaceTagProcessor
[THYMELEAF]             * [* {th:each}] [200]: com.intuit.karate.template.KarateEachTagProcessor
[THYMELEAF]             * [* {th:switch}] [250]: org.thymeleaf.standard.processor.StandardSwitchTagProcessor
[THYMELEAF]             * [* {th:case}] [275]: org.thymeleaf.standard.processor.StandardCaseTagProcessor
[THYMELEAF]             * [* {th:if}] [300]: org.thymeleaf.standard.processor.StandardIfTagProcessor
[THYMELEAF]             * [* {th:unless}] [400]: org.thymeleaf.standard.processor.StandardUnlessTagProcessor
[THYMELEAF]             * [* {th:object}] [500]: org.thymeleaf.standard.processor.StandardObjectTagProcessor
[THYMELEAF]             * [* {th:with}] [600]: com.intuit.karate.template.KarateWithTagProcessor
[THYMELEAF]             * [* {th:inline}] [1000]: org.thymeleaf.standard.processor.StandardInlineTextualTagProcessor
[THYMELEAF]             * [* {th:text}] [1300]: org.thymeleaf.standard.processor.StandardTextTagProcessor
[THYMELEAF]             * [* {th:utext}] [1400]: org.thymeleaf.standard.processor.StandardUtextTagProcessor
[THYMELEAF]             * [* {th:assert}] [1550]: org.thymeleaf.standard.processor.StandardAssertTagProcessor
[THYMELEAF]             * [* {th:remove}] [1600]: org.thymeleaf.standard.processor.StandardRemoveTagProcessor
[THYMELEAF]             * [{th:block} *] [100000]: org.thymeleaf.standard.processor.StandardBlockTagProcessor
[THYMELEAF]             * [* 100000] [org.thymeleaf.standard.processor.StandardBlockTagProcessor]: {}
[THYMELEAF]         * Text Processors by [precedence]:
[THYMELEAF]             * [1000]: org.thymeleaf.standard.processor.StandardInliningTextProcessor
[THYMELEAF]     * Processors for Template Mode: JAVASCRIPT
[THYMELEAF]         * Element Tag Processors by [matching element and attribute name] [precedence]:
[THYMELEAF]             * [* {th:insert}] [100]: org.thymeleaf.standard.processor.StandardInsertTagProcessor
[THYMELEAF]             * [* {th:replace}] [100]: org.thymeleaf.standard.processor.StandardReplaceTagProcessor
[THYMELEAF]             * [* {th:each}] [200]: com.intuit.karate.template.KarateEachTagProcessor
[THYMELEAF]             * [* {th:switch}] [250]: org.thymeleaf.standard.processor.StandardSwitchTagProcessor
[THYMELEAF]             * [* {th:case}] [275]: org.thymeleaf.standard.processor.StandardCaseTagProcessor
[THYMELEAF]             * [* {th:if}] [300]: org.thymeleaf.standard.processor.StandardIfTagProcessor
[THYMELEAF]             * [* {th:unless}] [400]: org.thymeleaf.standard.processor.StandardUnlessTagProcessor
[THYMELEAF]             * [* {th:object}] [500]: org.thymeleaf.standard.processor.StandardObjectTagProcessor
[THYMELEAF]             * [* {th:with}] [600]: com.intuit.karate.template.KarateWithTagProcessor
[THYMELEAF]             * [* {th:inline}] [1000]: org.thymeleaf.standard.processor.StandardInlineTextualTagProcessor
[THYMELEAF]             * [* {th:text}] [1300]: org.thymeleaf.standard.processor.StandardTextTagProcessor
[THYMELEAF]             * [* {th:utext}] [1400]: org.thymeleaf.standard.processor.StandardUtextTagProcessor
[THYMELEAF]             * [* {th:assert}] [1550]: org.thymeleaf.standard.processor.StandardAssertTagProcessor
[THYMELEAF]             * [* {th:remove}] [1600]: org.thymeleaf.standard.processor.StandardRemoveTagProcessor
[THYMELEAF]             * [{th:block} *] [100000]: org.thymeleaf.standard.processor.StandardBlockTagProcessor
[THYMELEAF]             * [* 100000] [org.thymeleaf.standard.processor.StandardBlockTagProcessor]: {}
[THYMELEAF]         * Text Processors by [precedence]:
[THYMELEAF]             * [1000]: org.thymeleaf.standard.processor.StandardInliningTextProcessor
[THYMELEAF]     * Processors for Template Mode: CSS
[THYMELEAF]         * Element Tag Processors by [matching element and attribute name] [precedence]:
[THYMELEAF]             * [* {th:insert}] [100]: org.thymeleaf.standard.processor.StandardInsertTagProcessor
[THYMELEAF]             * [* {th:replace}] [100]: org.thymeleaf.standard.processor.StandardReplaceTagProcessor
[THYMELEAF]             * [* {th:each}] [200]: com.intuit.karate.template.KarateEachTagProcessor
[THYMELEAF]             * [* {th:switch}] [250]: org.thymeleaf.standard.processor.StandardSwitchTagProcessor
[THYMELEAF]             * [* {th:case}] [275]: org.thymeleaf.standard.processor.StandardCaseTagProcessor
[THYMELEAF]             * [* {th:if}] [300]: org.thymeleaf.standard.processor.StandardIfTagProcessor
[THYMELEAF]             * [* {th:unless}] [400]: org.thymeleaf.standard.processor.StandardUnlessTagProcessor
[THYMELEAF]             * [* {th:object}] [500]: org.thymeleaf.standard.processor.StandardObjectTagProcessor
[THYMELEAF]             * [* {th:with}] [600]: com.intuit.karate.template.KarateWithTagProcessor
[THYMELEAF]             * [* {th:inline}] [1000]: org.thymeleaf.standard.processor.StandardInlineTextualTagProcessor
[THYMELEAF]             * [* {th:text}] [1300]: org.thymeleaf.standard.processor.StandardTextTagProcessor
[THYMELEAF]             * [* {th:utext}] [1400]: org.thymeleaf.standard.processor.StandardUtextTagProcessor
[THYMELEAF]             * [* {th:assert}] [1550]: org.thymeleaf.standard.processor.StandardAssertTagProcessor
[THYMELEAF]             * [* {th:remove}] [1600]: org.thymeleaf.standard.processor.StandardRemoveTagProcessor
[THYMELEAF]             * [{th:block} *] [100000]: org.thymeleaf.standard.processor.StandardBlockTagProcessor
[THYMELEAF]             * [* 100000] [org.thymeleaf.standard.processor.StandardBlockTagProcessor]: {}
[THYMELEAF]         * Text Processors by [precedence]:
[THYMELEAF]             * [1000]: org.thymeleaf.standard.processor.StandardInliningTextProcessor
[THYMELEAF]     * Expression Objects:
[THYMELEAF]         * #ctx
[THYMELEAF]         * #root
[THYMELEAF]         * #vars
[THYMELEAF]         * #object
[THYMELEAF]         * #locale
[THYMELEAF]         * #conversions
[THYMELEAF]         * #uris
[THYMELEAF]         * #temporals
[THYMELEAF]         * #calendars
[THYMELEAF]         * #dates
[THYMELEAF]         * #bools
[THYMELEAF]         * #numbers
[THYMELEAF]         * #objects
[THYMELEAF]         * #strings
[THYMELEAF]         * #arrays
[THYMELEAF]         * #lists
[THYMELEAF]         * #sets
[THYMELEAF]         * #maps
[THYMELEAF]         * #aggregates
[THYMELEAF]         * #messages
[THYMELEAF]         * #ids
[THYMELEAF]         * #execInfo
[THYMELEAF]         * #request
[THYMELEAF]         * #response
[THYMELEAF]         * #session
[THYMELEAF]         * #servletContext
[THYMELEAF]     * Execution Attributes:
[THYMELEAF]         * "StandardExpressionParser": com.intuit.karate.template.KarateStandardDialect@64518270
[THYMELEAF]         * "StandardJavaScriptSerializer": org.thymeleaf.standard.serializer.StandardJavaScriptSerializer@4f1afe8f
[THYMELEAF]         * "StandardCSSSerializer": org.thymeleaf.standard.serializer.StandardCSSSerializer@492521c4
[THYMELEAF]         * "StandardVariableExpressionEvaluator": com.intuit.karate.template.KarateStandardDialect@64518270
[THYMELEAF]         * "StandardConversionService": org.thymeleaf.standard.expression.StandardConversionService@443a06ad
[THYMELEAF] * Dialect [2 of 2]: karate (com.intuit.karate.template.KarateScriptDialect)
[THYMELEAF]     * Prefix: "ka"
[THYMELEAF]     * Processors for Template Mode: HTML
[THYMELEAF]         * Element Tag Processors by [matching element and attribute name] [precedence]:
[THYMELEAF]             * [* {src}] [1000]: com.intuit.karate.template.KaScriptAttrProcessor
[THYMELEAF]         * Element Model Processors by [matching element and attribute name] [precedence]:
[THYMELEAF]             * [{script} {ka:scope,data-ka-scope}] [1000]: com.intuit.karate.template.KaScriptElemProcessor
[THYMELEAF]             * [* {ka:set,data-ka-set}] [1000]: com.intuit.karate.template.KaSetElemProcessor
[THYMELEAF] TEMPLATE ENGINE CONFIGURED OK
12:58:16.050 [main] DEBUG org.thymeleaf.TemplateEngine -- [THYMELEAF] TEMPLATE ENGINE INITIALIZED
---------------------------------------------------------
feature: classpath:Tests/FirstAPItest.feature
scenarios:  3 | passed:  3 | failed:  0 | time: 1.1587
---------------------------------------------------------

Karate version: 1.4.1
======================================================
elapsed:   3.96 | threads:    1 | thread time: 1.16 
features:     1 | skipped:    0 | efficiency: 0.29
scenarios:    3 | passed:     3 | failed: 0
======================================================
12:58:17.098 [main] DEBUG org.thymeleaf.TemplateEngine -- [THYMELEAF] INITIALIZING TEMPLATE ENGINE
12:58:17.121 [main] DEBUG org.thymeleaf.TemplateEngine.CONFIG -- Initializing Thymeleaf Template engine configuration...
[THYMELEAF] TEMPLATE ENGINE CONFIGURATION:
[THYMELEAF] * Thymeleaf version: 3.1.2.RELEASE (built 2023-07-30T19:25:50+0000)
[THYMELEAF] * Cache Manager implementation: org.thymeleaf.cache.StandardCacheManager
[THYMELEAF] * Template resolvers:
[THYMELEAF]     * [1] com.intuit.karate.template.ResourceHtmlTemplateResolver
[THYMELEAF] * Message resolvers:
[THYMELEAF]     * org.thymeleaf.messageresolver.StandardMessageResolver
[THYMELEAF] * Link builders:
[THYMELEAF]     * org.thymeleaf.linkbuilder.StandardLinkBuilder
[THYMELEAF] * Dialect [1 of 2]: Standard (com.intuit.karate.template.KarateStandardDialect)
[THYMELEAF]     * Prefix: "th"
[THYMELEAF]     * Processors for Template Mode: HTML
[THYMELEAF]         * Element Tag Processors by [matching element and attribute name] [precedence]:
[THYMELEAF]             * [* {th:include,data-th-include}] [100]: org.thymeleaf.standard.processor.StandardIncludeTagProcessor
[THYMELEAF]             * [* {th:insert,data-th-insert}] [100]: org.thymeleaf.standard.processor.StandardInsertTagProcessor
[THYMELEAF]             * [* {th:replace,data-th-replace}] [100]: org.thymeleaf.standard.processor.StandardReplaceTagProcessor
[THYMELEAF]             * [* {th:each,data-th-each}] [200]: com.intuit.karate.template.KarateEachTagProcessor
[THYMELEAF]             * [* {th:switch,data-th-switch}] [250]: org.thymeleaf.standard.processor.StandardSwitchTagProcessor
[THYMELEAF]             * [* {th:case,data-th-case}] [275]: org.thymeleaf.standard.processor.StandardCaseTagProcessor
[THYMELEAF]             * [* {th:if,data-th-if}] [300]: org.thymeleaf.standard.processor.StandardIfTagProcessor
[THYMELEAF]             * [* {th:unless,data-th-unless}] [400]: org.thymeleaf.standard.processor.StandardUnlessTagProcessor
[THYMELEAF]             * [* {th:object,data-th-object}] [500]: org.thymeleaf.standard.processor.StandardObjectTagProcessor
[THYMELEAF]             * [* {th:with,data-th-with}] [600]: com.intuit.karate.template.KarateWithTagProcessor
[THYMELEAF]             * [* {th:attr,data-th-attr}] [700]: com.intuit.karate.template.KarateAttributeTagProcessor.KarateAttrTagProcessor
[THYMELEAF]             * [* {th:attrappend,data-th-attrappend}] [900]: com.intuit.karate.template.KarateAttributeTagProcessor.KarateAttrappendTagProcessor
[THYMELEAF]             * [* {th:attrprepend,data-th-attrprepend}] [900]: com.intuit.karate.template.KarateAttributeTagProcessor.KarateAttrprependTagProcessor
[THYMELEAF]             * [* {th:alt-title,data-th-alt-title}] [990]: org.thymeleaf.standard.processor.StandardAltTitleTagProcessor
[THYMELEAF]             * [* {th:lang-xmllang,data-th-lang-xmllang}] [990]: org.thymeleaf.standard.processor.StandardLangXmlLangTagProcessor
[THYMELEAF]             * [* {th:action,data-th-action}] [1000]: org.thymeleaf.standard.processor.StandardActionTagProcessor
[THYMELEAF]             * [* {th:scoped,data-th-scoped}] [1000]: org.thymeleaf.standard.processor.StandardConditionalFixedValueTagProcessor
[THYMELEAF]             * [* {th:disabled,data-th-disabled}] [1000]: org.thymeleaf.standard.processor.StandardConditionalFixedValueTagProcessor
[THYMELEAF]             * [* {th:nowrap,data-th-nowrap}] [1000]: org.thymeleaf.standard.processor.StandardConditionalFixedValueTagProcessor
[THYMELEAF]             * [* {th:loop,data-th-loop}] [1000]: org.thymeleaf.standard.processor.StandardConditionalFixedValueTagProcessor
[THYMELEAF]             * [* {th:multiple,data-th-multiple}] [1000]: org.thymeleaf.standard.processor.StandardConditionalFixedValueTagProcessor
[THYMELEAF]             * [* {th:reversed,data-th-reversed}] [1000]: org.thymeleaf.standard.processor.StandardConditionalFixedValueTagProcessor
[THYMELEAF]             * [* {th:readonly,data-th-readonly}] [1000]: org.thymeleaf.standard.processor.StandardConditionalFixedValueTagProcessor
[THYMELEAF]             * [* {th:defer,data-th-defer}] [1000]: org.thymeleaf.standard.processor.StandardConditionalFixedValueTagProcessor
[THYMELEAF]             * [* {th:declare,data-th-declare}] [1000]: org.thymeleaf.standard.processor.StandardConditionalFixedValueTagProcessor
[THYMELEAF]             * [* {th:autofocus,data-th-autofocus}] [1000]: org.thymeleaf.standard.processor.StandardConditionalFixedValueTagProcessor
[THYMELEAF]             * [* {th:ismap,data-th-ismap}] [1000]: org.thymeleaf.standard.processor.StandardConditionalFixedValueTagProcessor
[THYMELEAF]             * [* {th:open,data-th-open}] [1000]: org.thymeleaf.standard.processor.StandardConditionalFixedValueTagProcessor
[THYMELEAF]             * [* {th:required,data-th-required}] [1000]: org.thymeleaf.standard.processor.StandardConditionalFixedValueTagProcessor
[THYMELEAF]             * [* {th:hidden,data-th-hidden}] [1000]: org.thymeleaf.standard.processor.StandardConditionalFixedValueTagProcessor
[THYMELEAF]             * [* {th:formnovalidate,data-th-formnovalidate}] [1000]: org.thymeleaf.standard.processor.StandardConditionalFixedValueTagProcessor
[THYMELEAF]             * [* {th:seamless,data-th-seamless}] [1000]: org.thymeleaf.standard.processor.StandardConditionalFixedValueTagProcessor
[THYMELEAF]             * [* {th:selected,data-th-selected}] [1000]: org.thymeleaf.standard.processor.StandardConditionalFixedValueTagProcessor
[THYMELEAF]             * [* {th:autoplay,data-th-autoplay}] [1000]: org.thymeleaf.standard.processor.StandardConditionalFixedValueTagProcessor
[THYMELEAF]             * [* {th:async,data-th-async}] [1000]: org.thymeleaf.standard.processor.StandardConditionalFixedValueTagProcessor
[THYMELEAF]             * [* {th:checked,data-th-checked}] [1000]: org.thymeleaf.standard.processor.StandardConditionalFixedValueTagProcessor
[THYMELEAF]             * [* {th:novalidate,data-th-novalidate}] [1000]: org.thymeleaf.standard.processor.StandardConditionalFixedValueTagProcessor
[THYMELEAF]             * [* {th:pubdate,data-th-pubdate}] [1000]: org.thymeleaf.standard.processor.StandardConditionalFixedValueTagProcessor
[THYMELEAF]             * [* {th:controls,data-th-controls}] [1000]: org.thymeleaf.standard.processor.StandardConditionalFixedValueTagProcessor
[THYMELEAF]             * [* {th:default,data-th-default}] [1000]: org.thymeleaf.standard.processor.StandardConditionalFixedValueTagProcessor
[THYMELEAF]             * [* {th:oninput,data-th-oninput}] [1000]: org.thymeleaf.standard.processor.StandardDOMEventAttributeTagProcessor
[THYMELEAF]             * [* {th:ondurationchange,data-th-ondurationchange}] [1000]: org.thymeleaf.standard.processor.StandardDOMEventAttributeTagProcessor
[THYMELEAF]             * [* {th:onfocus,data-th-onfocus}] [1000]: org.thymeleaf.standard.processor.StandardDOMEventAttributeTagProcessor
[THYMELEAF]             * [* {th:onsubmit,data-th-onsubmit}] [1000]: org.thymeleaf.standard.processor.StandardDOMEventAttributeTagProcessor
[THYMELEAF]             * [* {th:onshow,data-th-onshow}] [1000]: org.thymeleaf.standard.processor.StandardDOMEventAttributeTagProcessor
[THYMELEAF]             * [* {th:onclick,data-th-onclick}] [1000]: org.thymeleaf.standard.processor.StandardDOMEventAttributeTagProcessor
[THYMELEAF]             * [* {th:onratechange,data-th-onratechange}] [1000]: org.thymeleaf.standard.processor.StandardDOMEventAttributeTagProcessor
[THYMELEAF]             * [* {th:onkeyup,data-th-onkeyup}] [1000]: org.thymeleaf.standard.processor.StandardDOMEventAttributeTagProcessor
[THYMELEAF]             * [* {th:oninvalid,data-th-oninvalid}] [1000]: org.thymeleaf.standard.processor.StandardDOMEventAttributeTagProcessor
[THYMELEAF]             * [* {th:ondragend,data-th-ondragend}] [1000]: org.thymeleaf.standard.processor.StandardDOMEventAttributeTagProcessor
[THYMELEAF]             * [* {th:onafterprint,data-th-onafterprint}] [1000]: org.thymeleaf.standard.processor.StandardDOMEventAttributeTagProcessor
[THYMELEAF]             * [* {th:ondragstart,data-th-ondragstart}] [1000]: org.thymeleaf.standard.processor.StandardDOMEventAttributeTagProcessor
[THYMELEAF]             * [* {th:ondrag,data-th-ondrag}] [1000]: org.thymeleaf.standard.processor.StandardDOMEventAttributeTagProcessor
[THYMELEAF]             * [* {th:onended,data-th-onended}] [1000]: org.thymeleaf.standard.processor.StandardDOMEventAttributeTagProcessor
[THYMELEAF]             * [* {th:onchange,data-th-onchange}] [1000]: org.thymeleaf.standard.processor.StandardDOMEventAttributeTagProcessor
[THYMELEAF]             * [* {th:onstorage,data-th-onstorage}] [1000]: org.thymeleaf.standard.processor.StandardDOMEventAttributeTagProcessor
[THYMELEAF]             * [* {th:onformchange,data-th-onformchange}] [1000]: org.thymeleaf.standard.processor.StandardDOMEventAttributeTagProcessor
[THYMELEAF]             * [* {th:onstalled,data-th-onstalled}] [1000]: org.thymeleaf.standard.processor.StandardDOMEventAttributeTagProcessor
[THYMELEAF]             * [* {th:onwaiting,data-th-onwaiting}] [1000]: org.thymeleaf.standard.processor.StandardDOMEventAttributeTagProcessor
[THYMELEAF]             * [* {th:onundo,data-th-onundo}] [1000]: org.thymeleaf.standard.processor.StandardDOMEventAttributeTagProcessor
[THYMELEAF]             * [* {th:onplaying,data-th-onplaying}] [1000]: org.thymeleaf.standard.processor.StandardDOMEventAttributeTagProcessor
[THYMELEAF]             * [* {th:onreset,data-th-onreset}] [1000]: org.thymeleaf.standard.processor.StandardDOMEventAttributeTagProcessor
[THYMELEAF]             * [* {th:onselect,data-th-onselect}] [1000]: org.thymeleaf.standard.processor.StandardDOMEventAttributeTagProcessor
[THYMELEAF]             * [* {th:ondragenter,data-th-ondragenter}] [1000]: org.thymeleaf.standard.processor.StandardDOMEventAttributeTagProcessor
[THYMELEAF]             * [* {th:onmessage,data-th-onmessage}] [1000]: org.thymeleaf.standard.processor.StandardDOMEventAttributeTagProcessor
[THYMELEAF]             * [* {th:ondragleave,data-th-ondragleave}] [1000]: org.thymeleaf.standard.processor.StandardDOMEventAttributeTagProcessor
[THYMELEAF]             * [* {th:onmouseover,data-th-onmouseover}] [1000]: org.thymeleaf.standard.processor.StandardDOMEventAttributeTagProcessor
[THYMELEAF]             * [* {th:onload,data-th-onload}] [1000]: org.thymeleaf.standard.processor.StandardDOMEventAttributeTagProcessor
[THYMELEAF]             * [* {th:ondragover,data-th-ondragover}] [1000]: org.thymeleaf.standard.processor.StandardDOMEventAttributeTagProcessor
[THYMELEAF]             * [* {th:onloadedmetadata,data-th-onloadedmetadata}] [1000]: org.thymeleaf.standard.processor.StandardDOMEventAttributeTagProcessor
[THYMELEAF]             * [* {th:onkeydown,data-th-onkeydown}] [1000]: org.thymeleaf.standard.processor.StandardDOMEventAttributeTagProcessor
[THYMELEAF]             * [* {th:onseeking,data-th-onseeking}] [1000]: org.thymeleaf.standard.processor.StandardDOMEventAttributeTagProcessor
[THYMELEAF]             * [* {th:onpause,data-th-onpause}] [1000]: org.thymeleaf.standard.processor.StandardDOMEventAttributeTagProcessor
[THYMELEAF]             * [* {th:onemptied,data-th-onemptied}] [1000]: org.thymeleaf.standard.processor.StandardDOMEventAttributeTagProcessor
[THYMELEAF]             * [* {th:onreadystatechange,data-th-onreadystatechange}] [1000]: org.thymeleaf.standard.processor.StandardDOMEventAttributeTagProcessor
[THYMELEAF]             * [* {th:oncontextmenu,data-th-oncontextmenu}] [1000]: org.thymeleaf.standard.processor.StandardDOMEventAttributeTagProcessor
[THYMELEAF]             * [* {th:oncanplaythrough,data-th-oncanplaythrough}] [1000]: org.thymeleaf.standard.processor.StandardDOMEventAttributeTagProcessor
[THYMELEAF]             * [* {th:onvolumechange,data-th-onvolumechange}] [1000]: org.thymeleaf.standard.processor.StandardDOMEventAttributeTagProcessor
[THYMELEAF]             * [* {th:onforminput,data-th-onforminput}] [1000]: org.thymeleaf.standard.processor.StandardDOMEventAttributeTagProcessor
[THYMELEAF]             * [* {th:onresize,data-th-onresize}] [1000]: org.thymeleaf.standard.processor.StandardDOMEventAttributeTagProcessor
[THYMELEAF]             * [* {th:onabort,data-th-onabort}] [1000]: org.thymeleaf.standard.processor.StandardDOMEventAttributeTagProcessor
[THYMELEAF]             * [* {th:onmousedown,data-th-onmousedown}] [1000]: org.thymeleaf.standard.processor.StandardDOMEventAttributeTagProcessor
[THYMELEAF]             * [* {th:onbeforeprint,data-th-onbeforeprint}] [1000]: org.thymeleaf.standard.processor.StandardDOMEventAttributeTagProcessor
[THYMELEAF]             * [* {th:onseeked,data-th-onseeked}] [1000]: org.thymeleaf.standard.processor.StandardDOMEventAttributeTagProcessor
[THYMELEAF]             * [* {th:onunload,data-th-onunload}] [1000]: org.thymeleaf.standard.processor.StandardDOMEventAttributeTagProcessor
[THYMELEAF]             * [* {th:onmouseup,data-th-onmouseup}] [1000]: org.thymeleaf.standard.processor.StandardDOMEventAttributeTagProcessor
[THYMELEAF]             * [* {th:onmousewheel,data-th-onmousewheel}] [1000]: org.thymeleaf.standard.processor.StandardDOMEventAttributeTagProcessor
[THYMELEAF]             * [* {th:onscroll,data-th-onscroll}] [1000]: org.thymeleaf.standard.processor.StandardDOMEventAttributeTagProcessor
[THYMELEAF]             * [* {th:onblur,data-th-onblur}] [1000]: org.thymeleaf.standard.processor.StandardDOMEventAttributeTagProcessor
[THYMELEAF]             * [* {th:onkeypress,data-th-onkeypress}] [1000]: org.thymeleaf.standard.processor.StandardDOMEventAttributeTagProcessor
[THYMELEAF]             * [* {th:onplay,data-th-onplay}] [1000]: org.thymeleaf.standard.processor.StandardDOMEventAttributeTagProcessor
[THYMELEAF]             * [* {th:onloadstart,data-th-onloadstart}] [1000]: org.thymeleaf.standard.processor.StandardDOMEventAttributeTagProcessor
[THYMELEAF]             * [* {th:onoffline,data-th-onoffline}] [1000]: org.thymeleaf.standard.processor.StandardDOMEventAttributeTagProcessor
[THYMELEAF]             * [* {th:oncanplay,data-th-oncanplay}] [1000]: org.thymeleaf.standard.processor.StandardDOMEventAttributeTagProcessor
[THYMELEAF]             * [* {th:onmouseout,data-th-onmouseout}] [1000]: org.thymeleaf.standard.processor.StandardDOMEventAttributeTagProcessor
[THYMELEAF]             * [* {th:ontimeupdate,data-th-ontimeupdate}] [1000]: org.thymeleaf.standard.processor.StandardDOMEventAttributeTagProcessor
[THYMELEAF]             * [* {th:onmousemove,data-th-onmousemove}] [1000]: org.thymeleaf.standard.processor.StandardDOMEventAttributeTagProcessor
[THYMELEAF]             * [* {th:onpopstate,data-th-onpopstate}] [1000]: org.thymeleaf.standard.processor.StandardDOMEventAttributeTagProcessor
[THYMELEAF]             * [* {th:onhashchange,data-th-onhashchange}] [1000]: org.thymeleaf.standard.processor.StandardDOMEventAttributeTagProcessor
[THYMELEAF]             * [* {th:ondblclick,data-th-ondblclick}] [1000]: org.thymeleaf.standard.processor.StandardDOMEventAttributeTagProcessor
[THYMELEAF]             * [* {th:onprogress,data-th-onprogress}] [1000]: org.thymeleaf.standard.processor.StandardDOMEventAttributeTagProcessor
[THYMELEAF]             * [* {th:ondrop,data-th-ondrop}] [1000]: org.thymeleaf.standard.processor.StandardDOMEventAttributeTagProcessor
[THYMELEAF]             * [* {th:onerror,data-th-onerror}] [1000]: org.thymeleaf.standard.processor.StandardDOMEventAttributeTagProcessor
[THYMELEAF]             * [* {th:onsuspend,data-th-onsuspend}] [1000]: org.thymeleaf.standard.processor.StandardDOMEventAttributeTagProcessor
[THYMELEAF]             * [* {th:onredo,data-th-onredo}] [1000]: org.thymeleaf.standard.processor.StandardDOMEventAttributeTagProcessor
[THYMELEAF]             * [* {th:onbeforeunload,data-th-onbeforeunload}] [1000]: org.thymeleaf.standard.processor.StandardDOMEventAttributeTagProcessor
[THYMELEAF]             * [* {th:onloadeddata,data-th-onloadeddata}] [1000]: org.thymeleaf.standard.processor.StandardDOMEventAttributeTagProcessor
[THYMELEAF]             * [* {th:ononline,data-th-ononline}] [1000]: org.thymeleaf.standard.processor.StandardDOMEventAttributeTagProcessor
[THYMELEAF]             * [* {th:href,data-th-href}] [1000]: org.thymeleaf.standard.processor.StandardHrefTagProcessor
[THYMELEAF]             * [* {th:inline,data-th-inline}] [1000]: org.thymeleaf.standard.processor.StandardInlineHTMLTagProcessor
[THYMELEAF]             * [* {th:method,data-th-method}] [1000]: org.thymeleaf.standard.processor.StandardMethodTagProcessor
[THYMELEAF]             * [* {th:name,data-th-name}] [1000]: org.thymeleaf.standard.processor.StandardNonRemovableAttributeTagProcessor
[THYMELEAF]             * [* {th:type,data-th-type}] [1000]: org.thymeleaf.standard.processor.StandardNonRemovableAttributeTagProcessor
[THYMELEAF]             * [* {th:summary,data-th-summary}] [1000]: org.thymeleaf.standard.processor.StandardRemovableAttributeTagProcessor
[THYMELEAF]             * [* {th:bgcolor,data-th-bgcolor}] [1000]: org.thymeleaf.standard.processor.StandardRemovableAttributeTagProcessor
[THYMELEAF]             * [* {th:vspace,data-th-vspace}] [1000]: org.thymeleaf.standard.processor.StandardRemovableAttributeTagProcessor
[THYMELEAF]             * [* {th:keytype,data-th-keytype}] [1000]: org.thymeleaf.standard.processor.StandardRemovableAttributeTagProcessor
[THYMELEAF]             * [* {th:enctype,data-th-enctype}] [1000]: org.thymeleaf.standard.processor.StandardRemovableAttributeTagProcessor
[THYMELEAF]             * [* {th:sandbox,data-th-sandbox}] [1000]: org.thymeleaf.standard.processor.StandardRemovableAttributeTagProcessor
[THYMELEAF]             * [* {th:radiogroup,data-th-radiogroup}] [1000]: org.thymeleaf.standard.processor.StandardRemovableAttributeTagProcessor
[THYMELEAF]             * [* {th:max,data-th-max}] [1000]: org.thymeleaf.standard.processor.StandardRemovableAttributeTagProcessor
[THYMELEAF]             * [* {th:usemap,data-th-usemap}] [1000]: org.thymeleaf.standard.processor.StandardRemovableAttributeTagProcessor
[THYMELEAF]             * [* {th:title,data-th-title}] [1000]: org.thymeleaf.standard.processor.StandardRemovableAttributeTagProcessor
[THYMELEAF]             * [* {th:marginheight,data-th-marginheight}] [1000]: org.thymeleaf.standard.processor.StandardRemovableAttributeTagProcessor
[THYMELEAF]             * [* {th:min,data-th-min}] [1000]: org.thymeleaf.standard.processor.StandardRemovableAttributeTagProcessor
[THYMELEAF]             * [* {th:hreflang,data-th-hreflang}] [1000]: org.thymeleaf.standard.processor.StandardRemovableAttributeTagProcessor
[THYMELEAF]             * [* {th:align,data-th-align}] [1000]: org.thymeleaf.standard.processor.StandardRemovableAttributeTagProcessor
[THYMELEAF]             * [* {th:target,data-th-target}] [1000]: org.thymeleaf.standard.processor.StandardRemovableAttributeTagProcessor
[THYMELEAF]             * [* {th:axis,data-th-axis}] [1000]: org.thymeleaf.standard.processor.StandardRemovableAttributeTagProcessor
[THYMELEAF]             * [* {th:compact,data-th-compact}] [1000]: org.thymeleaf.standard.processor.StandardRemovableAttributeTagProcessor
[THYMELEAF]             * [* {th:draggable,data-th-draggable}] [1000]: org.thymeleaf.standard.processor.StandardRemovableAttributeTagProcessor
[THYMELEAF]             * [* {th:alt,data-th-alt}] [1000]: org.thymeleaf.standard.processor.StandardRemovableAttributeTagProcessor
[THYMELEAF]             * [* {th:formaction,data-th-formaction}] [1000]: org.thymeleaf.standard.processor.StandardRemovableAttributeTagProcessor
[THYMELEAF]             * [* {th:valuetype,data-th-valuetype}] [1000]: org.thymeleaf.standard.processor.StandardRemovableAttributeTagProcessor
[THYMELEAF]             * [* {th:start,data-th-start}] [1000]: org.thymeleaf.standard.processor.StandardRemovableAttributeTagProcessor
[THYMELEAF]             * [* {th:pattern,data-th-pattern}] [1000]: org.thymeleaf.standard.processor.StandardRemovableAttributeTagProcessor
[THYMELEAF]             * [* {th:content,data-th-content}] [1000]: org.thymeleaf.standard.processor.StandardRemovableAttributeTagProcessor
[THYMELEAF]             * [* {th:placeholder,data-th-placeholder}] [1000]: org.thymeleaf.standard.processor.StandardRemovableAttributeTagProcessor
[THYMELEAF]             * [* {th:for,data-th-for}] [1000]: org.thymeleaf.standard.processor.StandardRemovableAttributeTagProcessor
[THYMELEAF]             * [* {th:cellspacing,data-th-cellspacing}] [1000]: org.thymeleaf.standard.processor.StandardRemovableAttributeTagProcessor
[THYMELEAF]             * [* {th:headers,data-th-headers}] [1000]: org.thymeleaf.standard.processor.StandardRemovableAttributeTagProcessor
[THYMELEAF]             * [* {th:id,data-th-id}] [1000]: org.thymeleaf.standard.processor.StandardRemovableAttributeTagProcessor
[THYMELEAF]             * [* {th:lang,data-th-lang}] [1000]: org.thymeleaf.standard.processor.StandardRemovableAttributeTagProcessor
[THYMELEAF]             * [* {th:dir,data-th-dir}] [1000]: org.thymeleaf.standard.processor.StandardRemovableAttributeTagProcessor
[THYMELEAF]             * [* {th:icon,data-th-icon}] [1000]: org.thymeleaf.standard.processor.StandardRemovableAttributeTagProcessor
[THYMELEAF]             * [* {th:high,data-th-high}] [1000]: org.thymeleaf.standard.processor.StandardRemovableAttributeTagProcessor
[THYMELEAF]             * [* {th:http-equiv,data-th-http-equiv}] [1000]: org.thymeleaf.standard.processor.StandardRemovableAttributeTagProcessor
[THYMELEAF]             * [* {th:charset,data-th-charset}] [1000]: org.thymeleaf.standard.processor.StandardRemovableAttributeTagProcessor
[THYMELEAF]             * [* {th:rows,data-th-rows}] [1000]: org.thymeleaf.standard.processor.StandardRemovableAttributeTagProcessor
[THYMELEAF]             * [* {th:preload,data-th-preload}] [1000]: org.thymeleaf.standard.processor.StandardRemovableAttributeTagProcessor
[THYMELEAF]             * [* {th:cellpadding,data-th-cellpadding}] [1000]: org.thymeleaf.standard.processor.StandardRemovableAttributeTagProcessor
[THYMELEAF]             * [* {th:media,data-th-media}] [1000]: org.thymeleaf.standard.processor.StandardRemovableAttributeTagProcessor
[THYMELEAF]             * [* {th:cite,data-th-cite}] [1000]: org.thymeleaf.standard.processor.StandardRemovableAttributeTagProcessor
[THYMELEAF]             * [* {th:srclang,data-th-srclang}] [1000]: org.thymeleaf.standard.processor.StandardRemovableAttributeTagProcessor
[THYMELEAF]             * [* {th:rel,data-th-rel}] [1000]: org.thymeleaf.standard.processor.StandardRemovableAttributeTagProcessor
[THYMELEAF]             * [* {th:frame,data-th-frame}] [1000]: org.thymeleaf.standard.processor.StandardRemovableAttributeTagProcessor
[THYMELEAF]             * [* {th:contextmenu,data-th-contextmenu}] [1000]: org.thymeleaf.standard.processor.StandardRemovableAttributeTagProcessor
[THYMELEAF]             * [* {th:cols,data-th-cols}] [1000]: org.thymeleaf.standard.processor.StandardRemovableAttributeTagProcessor
[THYMELEAF]             * [* {th:dropzone,data-th-dropzone}] [1000]: org.thymeleaf.standard.processor.StandardRemovableAttributeTagProcessor
[THYMELEAF]             * [* {th:style,data-th-style}] [1000]: org.thymeleaf.standard.processor.StandardRemovableAttributeTagProcessor
[THYMELEAF]             * [* {th:list,data-th-list}] [1000]: org.thymeleaf.standard.processor.StandardRemovableAttributeTagProcessor
[THYMELEAF]             * [* {th:formenctype,data-th-formenctype}] [1000]: org.thymeleaf.standard.processor.StandardRemovableAttributeTagProcessor
[THYMELEAF]             * [* {th:low,data-th-low}] [1000]: org.thymeleaf.standard.processor.StandardRemovableAttributeTagProcessor
[THYMELEAF]             * [* {th:rev,data-th-rev}] [1000]: org.thymeleaf.standard.processor.StandardRemovableAttributeTagProcessor
[THYMELEAF]             * [* {th:standby,data-th-standby}] [1000]: org.thymeleaf.standard.processor.StandardRemovableAttributeTagProcessor
[THYMELEAF]             * [* {th:codetype,data-th-codetype}] [1000]: org.thymeleaf.standard.processor.StandardRemovableAttributeTagProcessor
[THYMELEAF]             * [* {th:sizes,data-th-sizes}] [1000]: org.thymeleaf.standard.processor.StandardRemovableAttributeTagProcessor
[THYMELEAF]             * [* {th:scrolling,data-th-scrolling}] [1000]: org.thymeleaf.standard.processor.StandardRemovableAttributeTagProcessor
[THYMELEAF]             * [* {th:accept,data-th-accept}] [1000]: org.thymeleaf.standard.processor.StandardRemovableAttributeTagProcessor
[THYMELEAF]             * [* {th:longdesc,data-th-longdesc}] [1000]: org.thymeleaf.standard.processor.StandardRemovableAttributeTagProcessor
[THYMELEAF]             * [* {th:accesskey,data-th-accesskey}] [1000]: org.thymeleaf.standard.processor.StandardRemovableAttributeTagProcessor
[THYMELEAF]             * [* {th:poster,data-th-poster}] [1000]: org.thymeleaf.standard.processor.StandardRemovableAttributeTagProcessor
[THYMELEAF]             * [* {th:class,data-th-class}] [1000]: org.thymeleaf.standard.processor.StandardRemovableAttributeTagProcessor
[THYMELEAF]             * [* {th:hspace,data-th-hspace}] [1000]: org.thymeleaf.standard.processor.StandardRemovableAttributeTagProcessor
[THYMELEAF]             * [* {th:autocomplete,data-th-autocomplete}] [1000]: org.thymeleaf.standard.processor.StandardRemovableAttributeTagProcessor
[THYMELEAF]             * [* {th:codebase,data-th-codebase}] [1000]: org.thymeleaf.standard.processor.StandardRemovableAttributeTagProcessor
[THYMELEAF]             * [* {th:form,data-th-form}] [1000]: org.thymeleaf.standard.processor.StandardRemovableAttributeTagProcessor
[THYMELEAF]             * [* {th:step,data-th-step}] [1000]: org.thymeleaf.standard.processor.StandardRemovableAttributeTagProcessor
[THYMELEAF]             * [* {th:classid,data-th-classid}] [1000]: org.thymeleaf.standard.processor.StandardRemovableAttributeTagProcessor
[THYMELEAF]             * [* {th:height,data-th-height}] [1000]: org.thymeleaf.standard.processor.StandardRemovableAttributeTagProcessor
[THYMELEAF]             * [* {th:manifest,data-th-manifest}] [1000]: org.thymeleaf.standard.processor.StandardRemovableAttributeTagProcessor
[THYMELEAF]             * [* {th:rules,data-th-rules}] [1000]: org.thymeleaf.standard.processor.StandardRemovableAttributeTagProcessor
[THYMELEAF]             * [* {th:accept-charset,data-th-accept-charset}] [1000]: org.thymeleaf.standard.processor.StandardRemovableAttributeTagProcessor
[THYMELEAF]             * [* {th:data,data-th-data}] [1000]: org.thymeleaf.standard.processor.StandardRemovableAttributeTagProcessor
[THYMELEAF]             * [* {th:size,data-th-size}] [1000]: org.thymeleaf.standard.processor.StandardRemovableAttributeTagProcessor
[THYMELEAF]             * [* {th:rowspan,data-th-rowspan}] [1000]: org.thymeleaf.standard.processor.StandardRemovableAttributeTagProcessor
[THYMELEAF]             * [* {th:audio,data-th-audio}] [1000]: org.thymeleaf.standard.processor.StandardRemovableAttributeTagProcessor
[THYMELEAF]             * [* {th:abbr,data-th-abbr}] [1000]: org.thymeleaf.standard.processor.StandardRemovableAttributeTagProcessor
[THYMELEAF]             * [* {th:contenteditable,data-th-contenteditable}] [1000]: org.thymeleaf.standard.processor.StandardRemovableAttributeTagProcessor
[THYMELEAF]             * [* {th:scheme,data-th-scheme}] [1000]: org.thymeleaf.standard.processor.StandardRemovableAttributeTagProcessor
[THYMELEAF]             * [* {th:background,data-th-background}] [1000]: org.thymeleaf.standard.processor.StandardRemovableAttributeTagProcessor
[THYMELEAF]             * [* {th:maxlength,data-th-maxlength}] [1000]: org.thymeleaf.standard.processor.StandardRemovableAttributeTagProcessor
[THYMELEAF]             * [* {th:optimum,data-th-optimum}] [1000]: org.thymeleaf.standard.processor.StandardRemovableAttributeTagProcessor
[THYMELEAF]             * [* {th:tabindex,data-th-tabindex}] [1000]: org.thymeleaf.standard.processor.StandardRemovableAttributeTagProcessor
[THYMELEAF]             * [* {th:datetime,data-th-datetime}] [1000]: org.thymeleaf.standard.processor.StandardRemovableAttributeTagProcessor
[THYMELEAF]             * [* {th:colspan,data-th-colspan}] [1000]: org.thymeleaf.standard.processor.StandardRemovableAttributeTagProcessor
[THYMELEAF]             * [* {th:formmethod,data-th-formmethod}] [1000]: org.thymeleaf.standard.processor.StandardRemovableAttributeTagProcessor
[THYMELEAF]             * [* {th:challenge,data-th-challenge}] [1000]: org.thymeleaf.standard.processor.StandardRemovableAttributeTagProcessor
[THYMELEAF]             * [* {th:border,data-th-border}] [1000]: org.thymeleaf.standard.processor.StandardRemovableAttributeTagProcessor
[THYMELEAF]             * [* {th:archive,data-th-archive}] [1000]: org.thymeleaf.standard.processor.StandardRemovableAttributeTagProcessor
[THYMELEAF]             * [* {th:frameborder,data-th-frameborder}] [1000]: org.thymeleaf.standard.processor.StandardRemovableAttributeTagProcessor
[THYMELEAF]             * [* {th:marginwidth,data-th-marginwidth}] [1000]: org.thymeleaf.standard.processor.StandardRemovableAttributeTagProcessor
[THYMELEAF]             * [* {th:wrap,data-th-wrap}] [1000]: org.thymeleaf.standard.processor.StandardRemovableAttributeTagProcessor
[THYMELEAF]             * [* {th:formtarget,data-th-formtarget}] [1000]: org.thymeleaf.standard.processor.StandardRemovableAttributeTagProcessor
[THYMELEAF]             * [* {th:label,data-th-label}] [1000]: org.thymeleaf.standard.processor.StandardRemovableAttributeTagProcessor
[THYMELEAF]             * [* {th:span,data-th-span}] [1000]: org.thymeleaf.standard.processor.StandardRemovableAttributeTagProcessor
[THYMELEAF]             * [* {th:kind,data-th-kind}] [1000]: org.thymeleaf.standard.processor.StandardRemovableAttributeTagProcessor
[THYMELEAF]             * [* {th:spellcheck,data-th-spellcheck}] [1000]: org.thymeleaf.standard.processor.StandardRemovableAttributeTagProcessor
[THYMELEAF]             * [* {th:scope,data-th-scope}] [1000]: org.thymeleaf.standard.processor.StandardRemovableAttributeTagProcessor
[THYMELEAF]             * [* {th:width,data-th-width}] [1000]: org.thymeleaf.standard.processor.StandardRemovableAttributeTagProcessor
[THYMELEAF]             * [* {th:src,data-th-src}] [1000]: org.thymeleaf.standard.processor.StandardSrcTagProcessor
[THYMELEAF]             * [* {th:value,data-th-value}] [1000]: org.thymeleaf.standard.processor.StandardValueTagProcessor
[THYMELEAF]             * [* {th:xmlbase,data-th-xmlbase}] [1000]: org.thymeleaf.standard.processor.StandardXmlBaseTagProcessor
[THYMELEAF]             * [* {th:xmllang,data-th-xmllang}] [1000]: org.thymeleaf.standard.processor.StandardXmlLangTagProcessor
[THYMELEAF]             * [* {xmlns:th}] [1000]: org.thymeleaf.standard.processor.StandardXmlNsTagProcessor
[THYMELEAF]             * [* {th:xmlspace,data-th-xmlspace}] [1000]: org.thymeleaf.standard.processor.StandardXmlSpaceTagProcessor
[THYMELEAF]             * [* {th:classappend,data-th-classappend}] [1100]: org.thymeleaf.standard.processor.StandardClassappendTagProcessor
[THYMELEAF]             * [* {th:styleappend,data-th-styleappend}] [1100]: org.thymeleaf.standard.processor.StandardStyleappendTagProcessor
[THYMELEAF]             * [* {th:text,data-th-text}] [1300]: org.thymeleaf.standard.processor.StandardTextTagProcessor
[THYMELEAF]             * [* {th:utext,data-th-utext}] [1400]: org.thymeleaf.standard.processor.StandardUtextTagProcessor
[THYMELEAF]             * [* {th:fragment,data-th-fragment}] [1500]: org.thymeleaf.standard.processor.StandardFragmentTagProcessor
[THYMELEAF]             * [* {th:assert,data-th-assert}] [1550]: org.thymeleaf.standard.processor.StandardAssertTagProcessor
[THYMELEAF]             * [* {th:remove,data-th-remove}] [1600]: org.thymeleaf.standard.processor.StandardRemoveTagProcessor
[THYMELEAF]             * [* {th:ref,data-th-ref}] [10000]: org.thymeleaf.standard.processor.StandardRefAttributeTagProcessor
[THYMELEAF]             * [{th:block,th-block} *] [100000]: org.thymeleaf.standard.processor.StandardBlockTagProcessor
[THYMELEAF]             * [* th:*] [2147483647]: org.thymeleaf.standard.processor.StandardDefaultAttributesTagProcessor
[THYMELEAF]         * Text Processors by [precedence]:
[THYMELEAF]             * [1000]: org.thymeleaf.standard.processor.StandardInliningTextProcessor
[THYMELEAF]         * DOCTYPE Processors by [precedence]:
[THYMELEAF]             * [1000]: org.thymeleaf.standard.processor.StandardTranslationDocTypeProcessor
[THYMELEAF]         * CDATA Section Processors by [precedence]:
[THYMELEAF]             * [1000]: org.thymeleaf.standard.processor.StandardInliningCDATASectionProcessor
[THYMELEAF]         * Comment Processors by [precedence]:
[THYMELEAF]             * [1000]: org.thymeleaf.standard.processor.StandardInliningCommentProcessor
[THYMELEAF]             * [1100]: org.thymeleaf.standard.processor.StandardConditionalCommentProcessor
[THYMELEAF]     * Processors for Template Mode: XML
[THYMELEAF]         * Element Tag Processors by [matching element and attribute name] [precedence]:
[THYMELEAF]             * [* {th:include}] [100]: org.thymeleaf.standard.processor.StandardIncludeTagProcessor
[THYMELEAF]             * [* {th:insert}] [100]: org.thymeleaf.standard.processor.StandardInsertTagProcessor
[THYMELEAF]             * [* {th:replace}] [100]: org.thymeleaf.standard.processor.StandardReplaceTagProcessor
[THYMELEAF]             * [* {th:each}] [200]: com.intuit.karate.template.KarateEachTagProcessor
[THYMELEAF]             * [* {th:switch}] [250]: org.thymeleaf.standard.processor.StandardSwitchTagProcessor
[THYMELEAF]             * [* {th:case}] [275]: org.thymeleaf.standard.processor.StandardCaseTagProcessor
[THYMELEAF]             * [* {th:if}] [300]: org.thymeleaf.standard.processor.StandardIfTagProcessor
[THYMELEAF]             * [* {th:unless}] [400]: org.thymeleaf.standard.processor.StandardUnlessTagProcessor
[THYMELEAF]             * [* {th:object}] [500]: org.thymeleaf.standard.processor.StandardObjectTagProcessor
[THYMELEAF]             * [* {th:with}] [600]: com.intuit.karate.template.KarateWithTagProcessor
[THYMELEAF]             * [* {th:attr}] [700]: com.intuit.karate.template.KarateAttributeTagProcessor.KarateAttrTagProcessor
[THYMELEAF]             * [* {th:attrappend}] [900]: com.intuit.karate.template.KarateAttributeTagProcessor.KarateAttrappendTagProcessor
[THYMELEAF]             * [* {th:attrprepend}] [900]: com.intuit.karate.template.KarateAttributeTagProcessor.KarateAttrprependTagProcessor
[THYMELEAF]             * [* {th:inline}] [1000]: org.thymeleaf.standard.processor.StandardInlineXMLTagProcessor
[THYMELEAF]             * [* {xmlns:th}] [1000]: org.thymeleaf.standard.processor.StandardXmlNsTagProcessor
[THYMELEAF]             * [* {th:text}] [1300]: org.thymeleaf.standard.processor.StandardTextTagProcessor
[THYMELEAF]             * [* {th:utext}] [1400]: org.thymeleaf.standard.processor.StandardUtextTagProcessor
[THYMELEAF]             * [* {th:fragment}] [1500]: org.thymeleaf.standard.processor.StandardFragmentTagProcessor
[THYMELEAF]             * [* {th:assert}] [1550]: org.thymeleaf.standard.processor.StandardAssertTagProcessor
[THYMELEAF]             * [* {th:remove}] [1600]: org.thymeleaf.standard.processor.StandardRemoveTagProcessor
[THYMELEAF]             * [* {th:ref}] [10000]: org.thymeleaf.standard.processor.StandardRefAttributeTagProcessor
[THYMELEAF]             * [{th:block} *] [100000]: org.thymeleaf.standard.processor.StandardBlockTagProcessor
[THYMELEAF]             * [* th:*] [2147483647]: org.thymeleaf.standard.processor.StandardDefaultAttributesTagProcessor
[THYMELEAF]         * Text Processors by [precedence]:
[THYMELEAF]             * [1000]: org.thymeleaf.standard.processor.StandardInliningTextProcessor
[THYMELEAF]         * CDATA Section Processors by [precedence]:
[THYMELEAF]             * [1000]: org.thymeleaf.standard.processor.StandardInliningCDATASectionProcessor
[THYMELEAF]         * Comment Processors by [precedence]:
[THYMELEAF]             * [1000]: org.thymeleaf.standard.processor.StandardInliningCommentProcessor
[THYMELEAF]     * Processors for Template Mode: TEXT
[THYMELEAF]         * Element Tag Processors by [matching element and attribute name] [precedence]:
[THYMELEAF]             * [* {th:insert}] [100]: org.thymeleaf.standard.processor.StandardInsertTagProcessor
[THYMELEAF]             * [* {th:replace}] [100]: org.thymeleaf.standard.processor.StandardReplaceTagProcessor
[THYMELEAF]             * [* {th:each}] [200]: com.intuit.karate.template.KarateEachTagProcessor
[THYMELEAF]             * [* {th:switch}] [250]: org.thymeleaf.standard.processor.StandardSwitchTagProcessor
[THYMELEAF]             * [* {th:case}] [275]: org.thymeleaf.standard.processor.StandardCaseTagProcessor
[THYMELEAF]             * [* {th:if}] [300]: org.thymeleaf.standard.processor.StandardIfTagProcessor
[THYMELEAF]             * [* {th:unless}] [400]: org.thymeleaf.standard.processor.StandardUnlessTagProcessor
[THYMELEAF]             * [* {th:object}] [500]: org.thymeleaf.standard.processor.StandardObjectTagProcessor
[THYMELEAF]             * [* {th:with}] [600]: com.intuit.karate.template.KarateWithTagProcessor
[THYMELEAF]             * [* {th:inline}] [1000]: org.thymeleaf.standard.processor.StandardInlineTextualTagProcessor
[THYMELEAF]             * [* {th:text}] [1300]: org.thymeleaf.standard.processor.StandardTextTagProcessor
[THYMELEAF]             * [* {th:utext}] [1400]: org.thymeleaf.standard.processor.StandardUtextTagProcessor
[THYMELEAF]             * [* {th:assert}] [1550]: org.thymeleaf.standard.processor.StandardAssertTagProcessor
[THYMELEAF]             * [* {th:remove}] [1600]: org.thymeleaf.standard.processor.StandardRemoveTagProcessor
[THYMELEAF]             * [{th:block} *] [100000]: org.thymeleaf.standard.processor.StandardBlockTagProcessor
[THYMELEAF]             * [* 100000] [org.thymeleaf.standard.processor.StandardBlockTagProcessor]: {}
[THYMELEAF]         * Text Processors by [precedence]:
[THYMELEAF]             * [1000]: org.thymeleaf.standard.processor.StandardInliningTextProcessor
[THYMELEAF]     * Processors for Template Mode: JAVASCRIPT
[THYMELEAF]         * Element Tag Processors by [matching element and attribute name] [precedence]:
[THYMELEAF]             * [* {th:insert}] [100]: org.thymeleaf.standard.processor.StandardInsertTagProcessor
[THYMELEAF]             * [* {th:replace}] [100]: org.thymeleaf.standard.processor.StandardReplaceTagProcessor
[THYMELEAF]             * [* {th:each}] [200]: com.intuit.karate.template.KarateEachTagProcessor
[THYMELEAF]             * [* {th:switch}] [250]: org.thymeleaf.standard.processor.StandardSwitchTagProcessor
[THYMELEAF]             * [* {th:case}] [275]: org.thymeleaf.standard.processor.StandardCaseTagProcessor
[THYMELEAF]             * [* {th:if}] [300]: org.thymeleaf.standard.processor.StandardIfTagProcessor
[THYMELEAF]             * [* {th:unless}] [400]: org.thymeleaf.standard.processor.StandardUnlessTagProcessor
[THYMELEAF]             * [* {th:object}] [500]: org.thymeleaf.standard.processor.StandardObjectTagProcessor
[THYMELEAF]             * [* {th:with}] [600]: com.intuit.karate.template.KarateWithTagProcessor
[THYMELEAF]             * [* {th:inline}] [1000]: org.thymeleaf.standard.processor.StandardInlineTextualTagProcessor
[THYMELEAF]             * [* {th:text}] [1300]: org.thymeleaf.standard.processor.StandardTextTagProcessor
[THYMELEAF]             * [* {th:utext}] [1400]: org.thymeleaf.standard.processor.StandardUtextTagProcessor
[THYMELEAF]             * [* {th:assert}] [1550]: org.thymeleaf.standard.processor.StandardAssertTagProcessor
[THYMELEAF]             * [* {th:remove}] [1600]: org.thymeleaf.standard.processor.StandardRemoveTagProcessor
[THYMELEAF]             * [{th:block} *] [100000]: org.thymeleaf.standard.processor.StandardBlockTagProcessor
[THYMELEAF]             * [* 100000] [org.thymeleaf.standard.processor.StandardBlockTagProcessor]: {}
[THYMELEAF]         * Text Processors by [precedence]:
[THYMELEAF]             * [1000]: org.thymeleaf.standard.processor.StandardInliningTextProcessor
[THYMELEAF]     * Processors for Template Mode: CSS
[THYMELEAF]         * Element Tag Processors by [matching element and attribute name] [precedence]:
[THYMELEAF]             * [* {th:insert}] [100]: org.thymeleaf.standard.processor.StandardInsertTagProcessor
[THYMELEAF]             * [* {th:replace}] [100]: org.thymeleaf.standard.processor.StandardReplaceTagProcessor
[THYMELEAF]             * [* {th:each}] [200]: com.intuit.karate.template.KarateEachTagProcessor
[THYMELEAF]             * [* {th:switch}] [250]: org.thymeleaf.standard.processor.StandardSwitchTagProcessor
[THYMELEAF]             * [* {th:case}] [275]: org.thymeleaf.standard.processor.StandardCaseTagProcessor
[THYMELEAF]             * [* {th:if}] [300]: org.thymeleaf.standard.processor.StandardIfTagProcessor
[THYMELEAF]             * [* {th:unless}] [400]: org.thymeleaf.standard.processor.StandardUnlessTagProcessor
[THYMELEAF]             * [* {th:object}] [500]: org.thymeleaf.standard.processor.StandardObjectTagProcessor
[THYMELEAF]             * [* {th:with}] [600]: com.intuit.karate.template.KarateWithTagProcessor
[THYMELEAF]             * [* {th:inline}] [1000]: org.thymeleaf.standard.processor.StandardInlineTextualTagProcessor
[THYMELEAF]             * [* {th:text}] [1300]: org.thymeleaf.standard.processor.StandardTextTagProcessor
[THYMELEAF]             * [* {th:utext}] [1400]: org.thymeleaf.standard.processor.StandardUtextTagProcessor
[THYMELEAF]             * [* {th:assert}] [1550]: org.thymeleaf.standard.processor.StandardAssertTagProcessor
[THYMELEAF]             * [* {th:remove}] [1600]: org.thymeleaf.standard.processor.StandardRemoveTagProcessor
[THYMELEAF]             * [* 100000] [org.thymeleaf.standard.processor.StandardBlockTagProcessor]: {}
[THYMELEAF]             * [{th:block} *] [100000]: org.thymeleaf.standard.processor.StandardBlockTagProcessor
[THYMELEAF]         * Text Processors by [precedence]:
[THYMELEAF]             * [1000]: org.thymeleaf.standard.processor.StandardInliningTextProcessor
[THYMELEAF]     * Expression Objects:
[THYMELEAF]         * #ctx
[THYMELEAF]         * #root
[THYMELEAF]         * #vars
[THYMELEAF]         * #object
[THYMELEAF]         * #locale
[THYMELEAF]         * #conversions
[THYMELEAF]         * #uris
[THYMELEAF]         * #temporals
[THYMELEAF]         * #calendars
[THYMELEAF]         * #dates
[THYMELEAF]         * #bools
[THYMELEAF]         * #numbers
[THYMELEAF]         * #objects
[THYMELEAF]         * #strings
[THYMELEAF]         * #arrays
[THYMELEAF]         * #lists
[THYMELEAF]         * #sets
[THYMELEAF]         * #maps
[THYMELEAF]         * #aggregates
[THYMELEAF]         * #messages
[THYMELEAF]         * #ids
[THYMELEAF]         * #execInfo
[THYMELEAF]         * #request
[THYMELEAF]         * #response
[THYMELEAF]         * #session
[THYMELEAF]         * #servletContext
[THYMELEAF]     * Execution Attributes:
[THYMELEAF]         * "StandardExpressionParser": com.intuit.karate.template.KarateStandardDialect@615e83ac
[THYMELEAF]         * "StandardJavaScriptSerializer": org.thymeleaf.standard.serializer.StandardJavaScriptSerializer@1322b575
[THYMELEAF]         * "StandardCSSSerializer": org.thymeleaf.standard.serializer.StandardCSSSerializer@6dded900
[THYMELEAF]         * "StandardVariableExpressionEvaluator": com.intuit.karate.template.KarateStandardDialect@615e83ac
[THYMELEAF]         * "StandardConversionService": org.thymeleaf.standard.expression.StandardConversionService@d504137
[THYMELEAF] * Dialect [2 of 2]: karate (com.intuit.karate.template.KarateScriptDialect)
[THYMELEAF]     * Prefix: "ka"
[THYMELEAF]     * Processors for Template Mode: HTML
[THYMELEAF]         * Element Tag Processors by [matching element and attribute name] [precedence]:
[THYMELEAF]             * [* {src}] [1000]: com.intuit.karate.template.KaScriptAttrProcessor
[THYMELEAF]         * Element Model Processors by [matching element and attribute name] [precedence]:
[THYMELEAF]             * [{script} {ka:scope,data-ka-scope}] [1000]: com.intuit.karate.template.KaScriptElemProcessor
[THYMELEAF]             * [* {ka:set,data-ka-set}] [1000]: com.intuit.karate.template.KaSetElemProcessor
[THYMELEAF] TEMPLATE ENGINE CONFIGURED OK
12:58:17.122 [main] DEBUG org.thymeleaf.TemplateEngine -- [THYMELEAF] TEMPLATE ENGINE INITIALIZED
12:58:17.133 [main] DEBUG org.thymeleaf.TemplateEngine -- [THYMELEAF] INITIALIZING TEMPLATE ENGINE
12:58:17.163 [main] DEBUG org.thymeleaf.TemplateEngine.CONFIG -- Initializing Thymeleaf Template engine configuration...
[THYMELEAF] TEMPLATE ENGINE CONFIGURATION:
[THYMELEAF] * Thymeleaf version: 3.1.2.RELEASE (built 2023-07-30T19:25:50+0000)
[THYMELEAF] * Cache Manager implementation: org.thymeleaf.cache.StandardCacheManager
[THYMELEAF] * Template resolvers:
[THYMELEAF]     * [1] com.intuit.karate.template.ResourceHtmlTemplateResolver
[THYMELEAF] * Message resolvers:
[THYMELEAF]     * org.thymeleaf.messageresolver.StandardMessageResolver
[THYMELEAF] * Link builders:
[THYMELEAF]     * org.thymeleaf.linkbuilder.StandardLinkBuilder
[THYMELEAF] * Dialect [1 of 2]: Standard (com.intuit.karate.template.KarateStandardDialect)
[THYMELEAF]     * Prefix: "th"
[THYMELEAF]     * Processors for Template Mode: HTML
[THYMELEAF]         * Element Tag Processors by [matching element and attribute name] [precedence]:
[THYMELEAF]             * [* {th:include,data-th-include}] [100]: org.thymeleaf.standard.processor.StandardIncludeTagProcessor
[THYMELEAF]             * [* {th:insert,data-th-insert}] [100]: org.thymeleaf.standard.processor.StandardInsertTagProcessor
[THYMELEAF]             * [* {th:replace,data-th-replace}] [100]: org.thymeleaf.standard.processor.StandardReplaceTagProcessor
[THYMELEAF]             * [* {th:each,data-th-each}] [200]: com.intuit.karate.template.KarateEachTagProcessor
[THYMELEAF]             * [* {th:switch,data-th-switch}] [250]: org.thymeleaf.standard.processor.StandardSwitchTagProcessor
[THYMELEAF]             * [* {th:case,data-th-case}] [275]: org.thymeleaf.standard.processor.StandardCaseTagProcessor
[THYMELEAF]             * [* {th:if,data-th-if}] [300]: org.thymeleaf.standard.processor.StandardIfTagProcessor
[THYMELEAF]             * [* {th:unless,data-th-unless}] [400]: org.thymeleaf.standard.processor.StandardUnlessTagProcessor
[THYMELEAF]             * [* {th:object,data-th-object}] [500]: org.thymeleaf.standard.processor.StandardObjectTagProcessor
[THYMELEAF]             * [* {th:with,data-th-with}] [600]: com.intuit.karate.template.KarateWithTagProcessor
[THYMELEAF]             * [* {th:attr,data-th-attr}] [700]: com.intuit.karate.template.KarateAttributeTagProcessor.KarateAttrTagProcessor
[THYMELEAF]             * [* {th:attrappend,data-th-attrappend}] [900]: com.intuit.karate.template.KarateAttributeTagProcessor.KarateAttrappendTagProcessor
[THYMELEAF]             * [* {th:attrprepend,data-th-attrprepend}] [900]: com.intuit.karate.template.KarateAttributeTagProcessor.KarateAttrprependTagProcessor
[THYMELEAF]             * [* {th:alt-title,data-th-alt-title}] [990]: org.thymeleaf.standard.processor.StandardAltTitleTagProcessor
[THYMELEAF]             * [* {th:lang-xmllang,data-th-lang-xmllang}] [990]: org.thymeleaf.standard.processor.StandardLangXmlLangTagProcessor
[THYMELEAF]             * [* {th:action,data-th-action}] [1000]: org.thymeleaf.standard.processor.StandardActionTagProcessor
[THYMELEAF]             * [* {th:scoped,data-th-scoped}] [1000]: org.thymeleaf.standard.processor.StandardConditionalFixedValueTagProcessor
[THYMELEAF]             * [* {th:formnovalidate,data-th-formnovalidate}] [1000]: org.thymeleaf.standard.processor.StandardConditionalFixedValueTagProcessor
[THYMELEAF]             * [* {th:loop,data-th-loop}] [1000]: org.thymeleaf.standard.processor.StandardConditionalFixedValueTagProcessor
[THYMELEAF]             * [* {th:nowrap,data-th-nowrap}] [1000]: org.thymeleaf.standard.processor.StandardConditionalFixedValueTagProcessor
[THYMELEAF]             * [* {th:defer,data-th-defer}] [1000]: org.thymeleaf.standard.processor.StandardConditionalFixedValueTagProcessor
[THYMELEAF]             * [* {th:selected,data-th-selected}] [1000]: org.thymeleaf.standard.processor.StandardConditionalFixedValueTagProcessor
[THYMELEAF]             * [* {th:ismap,data-th-ismap}] [1000]: org.thymeleaf.standard.processor.StandardConditionalFixedValueTagProcessor
[THYMELEAF]             * [* {th:novalidate,data-th-novalidate}] [1000]: org.thymeleaf.standard.processor.StandardConditionalFixedValueTagProcessor
[THYMELEAF]             * [* {th:async,data-th-async}] [1000]: org.thymeleaf.standard.processor.StandardConditionalFixedValueTagProcessor
[THYMELEAF]             * [* {th:readonly,data-th-readonly}] [1000]: org.thymeleaf.standard.processor.StandardConditionalFixedValueTagProcessor
[THYMELEAF]             * [* {th:reversed,data-th-reversed}] [1000]: org.thymeleaf.standard.processor.StandardConditionalFixedValueTagProcessor
[THYMELEAF]             * [* {th:required,data-th-required}] [1000]: org.thymeleaf.standard.processor.StandardConditionalFixedValueTagProcessor
[THYMELEAF]             * [* {th:disabled,data-th-disabled}] [1000]: org.thymeleaf.standard.processor.StandardConditionalFixedValueTagProcessor
[THYMELEAF]             * [* {th:controls,data-th-controls}] [1000]: org.thymeleaf.standard.processor.StandardConditionalFixedValueTagProcessor
[THYMELEAF]             * [* {th:seamless,data-th-seamless}] [1000]: org.thymeleaf.standard.processor.StandardConditionalFixedValueTagProcessor
[THYMELEAF]             * [* {th:autofocus,data-th-autofocus}] [1000]: org.thymeleaf.standard.processor.StandardConditionalFixedValueTagProcessor
[THYMELEAF]             * [* {th:open,data-th-open}] [1000]: org.thymeleaf.standard.processor.StandardConditionalFixedValueTagProcessor
[THYMELEAF]             * [* {th:hidden,data-th-hidden}] [1000]: org.thymeleaf.standard.processor.StandardConditionalFixedValueTagProcessor
[THYMELEAF]             * [* {th:pubdate,data-th-pubdate}] [1000]: org.thymeleaf.standard.processor.StandardConditionalFixedValueTagProcessor
[THYMELEAF]             * [* {th:checked,data-th-checked}] [1000]: org.thymeleaf.standard.processor.StandardConditionalFixedValueTagProcessor
[THYMELEAF]             * [* {th:multiple,data-th-multiple}] [1000]: org.thymeleaf.standard.processor.StandardConditionalFixedValueTagProcessor
[THYMELEAF]             * [* {th:declare,data-th-declare}] [1000]: org.thymeleaf.standard.processor.StandardConditionalFixedValueTagProcessor
[THYMELEAF]             * [* {th:autoplay,data-th-autoplay}] [1000]: org.thymeleaf.standard.processor.StandardConditionalFixedValueTagProcessor
[THYMELEAF]             * [* {th:default,data-th-default}] [1000]: org.thymeleaf.standard.processor.StandardConditionalFixedValueTagProcessor
[THYMELEAF]             * [* {th:ondragenter,data-th-ondragenter}] [1000]: org.thymeleaf.standard.processor.StandardDOMEventAttributeTagProcessor
[THYMELEAF]             * [* {th:oninvalid,data-th-oninvalid}] [1000]: org.thymeleaf.standard.processor.StandardDOMEventAttributeTagProcessor
[THYMELEAF]             * [* {th:ononline,data-th-ononline}] [1000]: org.thymeleaf.standard.processor.StandardDOMEventAttributeTagProcessor
[THYMELEAF]             * [* {th:onbeforeunload,data-th-onbeforeunload}] [1000]: org.thymeleaf.standard.processor.StandardDOMEventAttributeTagProcessor
[THYMELEAF]             * [* {th:onunload,data-th-onunload}] [1000]: org.thymeleaf.standard.processor.StandardDOMEventAttributeTagProcessor
[THYMELEAF]             * [* {th:onshow,data-th-onshow}] [1000]: org.thymeleaf.standard.processor.StandardDOMEventAttributeTagProcessor
[THYMELEAF]             * [* {th:oninput,data-th-oninput}] [1000]: org.thymeleaf.standard.processor.StandardDOMEventAttributeTagProcessor
[THYMELEAF]             * [* {th:oncanplaythrough,data-th-oncanplaythrough}] [1000]: org.thymeleaf.standard.processor.StandardDOMEventAttributeTagProcessor
[THYMELEAF]             * [* {th:ondrag,data-th-ondrag}] [1000]: org.thymeleaf.standard.processor.StandardDOMEventAttributeTagProcessor
[THYMELEAF]             * [* {th:onafterprint,data-th-onafterprint}] [1000]: org.thymeleaf.standard.processor.StandardDOMEventAttributeTagProcessor
[THYMELEAF]             * [* {th:onkeydown,data-th-onkeydown}] [1000]: org.thymeleaf.standard.processor.StandardDOMEventAttributeTagProcessor
[THYMELEAF]             * [* {th:onforminput,data-th-onforminput}] [1000]: org.thymeleaf.standard.processor.StandardDOMEventAttributeTagProcessor
[THYMELEAF]             * [* {th:onfocus,data-th-onfocus}] [1000]: org.thymeleaf.standard.processor.StandardDOMEventAttributeTagProcessor
[THYMELEAF]             * [* {th:onreset,data-th-onreset}] [1000]: org.thymeleaf.standard.processor.StandardDOMEventAttributeTagProcessor
[THYMELEAF]             * [* {th:onselect,data-th-onselect}] [1000]: org.thymeleaf.standard.processor.StandardDOMEventAttributeTagProcessor
[THYMELEAF]             * [* {th:onundo,data-th-onundo}] [1000]: org.thymeleaf.standard.processor.StandardDOMEventAttributeTagProcessor
[THYMELEAF]             * [* {th:onstorage,data-th-onstorage}] [1000]: org.thymeleaf.standard.processor.StandardDOMEventAttributeTagProcessor
[THYMELEAF]             * [* {th:onloadedmetadata,data-th-onloadedmetadata}] [1000]: org.thymeleaf.standard.processor.StandardDOMEventAttributeTagProcessor
[THYMELEAF]             * [* {th:onerror,data-th-onerror}] [1000]: org.thymeleaf.standard.processor.StandardDOMEventAttributeTagProcessor
[THYMELEAF]             * [* {th:onseeking,data-th-onseeking}] [1000]: org.thymeleaf.standard.processor.StandardDOMEventAttributeTagProcessor
[THYMELEAF]             * [* {th:ondragover,data-th-ondragover}] [1000]: org.thymeleaf.standard.processor.StandardDOMEventAttributeTagProcessor
[THYMELEAF]             * [* {th:ondragleave,data-th-ondragleave}] [1000]: org.thymeleaf.standard.processor.StandardDOMEventAttributeTagProcessor
[THYMELEAF]             * [* {th:onclick,data-th-onclick}] [1000]: org.thymeleaf.standard.processor.StandardDOMEventAttributeTagProcessor
[THYMELEAF]             * [* {th:oncanplay,data-th-oncanplay}] [1000]: org.thymeleaf.standard.processor.StandardDOMEventAttributeTagProcessor
[THYMELEAF]             * [* {th:onpause,data-th-onpause}] [1000]: org.thymeleaf.standard.processor.StandardDOMEventAttributeTagProcessor
[THYMELEAF]             * [* {th:onloadstart,data-th-onloadstart}] [1000]: org.thymeleaf.standard.processor.StandardDOMEventAttributeTagProcessor
[THYMELEAF]             * [* {th:onkeypress,data-th-onkeypress}] [1000]: org.thymeleaf.standard.processor.StandardDOMEventAttributeTagProcessor
[THYMELEAF]             * [* {th:onreadystatechange,data-th-onreadystatechange}] [1000]: org.thymeleaf.standard.processor.StandardDOMEventAttributeTagProcessor
[THYMELEAF]             * [* {th:ondragstart,data-th-ondragstart}] [1000]: org.thymeleaf.standard.processor.StandardDOMEventAttributeTagProcessor
[THYMELEAF]             * [* {th:onemptied,data-th-onemptied}] [1000]: org.thymeleaf.standard.processor.StandardDOMEventAttributeTagProcessor
[THYMELEAF]             * [* {th:onblur,data-th-onblur}] [1000]: org.thymeleaf.standard.processor.StandardDOMEventAttributeTagProcessor
[THYMELEAF]             * [* {th:onabort,data-th-onabort}] [1000]: org.thymeleaf.standard.processor.StandardDOMEventAttributeTagProcessor
[THYMELEAF]             * [* {th:ondurationchange,data-th-ondurationchange}] [1000]: org.thymeleaf.standard.processor.StandardDOMEventAttributeTagProcessor
[THYMELEAF]             * [* {th:onoffline,data-th-onoffline}] [1000]: org.thymeleaf.standard.processor.StandardDOMEventAttributeTagProcessor
[THYMELEAF]             * [* {th:onsubmit,data-th-onsubmit}] [1000]: org.thymeleaf.standard.processor.StandardDOMEventAttributeTagProcessor
[THYMELEAF]             * [* {th:onhashchange,data-th-onhashchange}] [1000]: org.thymeleaf.standard.processor.StandardDOMEventAttributeTagProcessor
[THYMELEAF]             * [* {th:onvolumechange,data-th-onvolumechange}] [1000]: org.thymeleaf.standard.processor.StandardDOMEventAttributeTagProcessor
[THYMELEAF]             * [* {th:onmousemove,data-th-onmousemove}] [1000]: org.thymeleaf.standard.processor.StandardDOMEventAttributeTagProcessor
[THYMELEAF]             * [* {th:onended,data-th-onended}] [1000]: org.thymeleaf.standard.processor.StandardDOMEventAttributeTagProcessor
[THYMELEAF]             * [* {th:onwaiting,data-th-onwaiting}] [1000]: org.thymeleaf.standard.processor.StandardDOMEventAttributeTagProcessor
[THYMELEAF]             * [* {th:ondblclick,data-th-ondblclick}] [1000]: org.thymeleaf.standard.processor.StandardDOMEventAttributeTagProcessor
[THYMELEAF]             * [* {th:onratechange,data-th-onratechange}] [1000]: org.thymeleaf.standard.processor.StandardDOMEventAttributeTagProcessor
[THYMELEAF]             * [* {th:onmouseover,data-th-onmouseover}] [1000]: org.thymeleaf.standard.processor.StandardDOMEventAttributeTagProcessor
[THYMELEAF]             * [* {th:onprogress,data-th-onprogress}] [1000]: org.thymeleaf.standard.processor.StandardDOMEventAttributeTagProcessor
[THYMELEAF]             * [* {th:onformchange,data-th-onformchange}] [1000]: org.thymeleaf.standard.processor.StandardDOMEventAttributeTagProcessor
[THYMELEAF]             * [* {th:onmouseup,data-th-onmouseup}] [1000]: org.thymeleaf.standard.processor.StandardDOMEventAttributeTagProcessor
[THYMELEAF]             * [* {th:onplaying,data-th-onplaying}] [1000]: org.thymeleaf.standard.processor.StandardDOMEventAttributeTagProcessor
[THYMELEAF]             * [* {th:oncontextmenu,data-th-oncontextmenu}] [1000]: org.thymeleaf.standard.processor.StandardDOMEventAttributeTagProcessor
[THYMELEAF]             * [* {th:onmessage,data-th-onmessage}] [1000]: org.thymeleaf.standard.processor.StandardDOMEventAttributeTagProcessor
[THYMELEAF]             * [* {th:onload,data-th-onload}] [1000]: org.thymeleaf.standard.processor.StandardDOMEventAttributeTagProcessor
[THYMELEAF]             * [* {th:ontimeupdate,data-th-ontimeupdate}] [1000]: org.thymeleaf.standard.processor.StandardDOMEventAttributeTagProcessor
[THYMELEAF]             * [* {th:onkeyup,data-th-onkeyup}] [1000]: org.thymeleaf.standard.processor.StandardDOMEventAttributeTagProcessor
[THYMELEAF]             * [* {th:onmousedown,data-th-onmousedown}] [1000]: org.thymeleaf.standard.processor.StandardDOMEventAttributeTagProcessor
[THYMELEAF]             * [* {th:onstalled,data-th-onstalled}] [1000]: org.thymeleaf.standard.processor.StandardDOMEventAttributeTagProcessor
[THYMELEAF]             * [* {th:onpopstate,data-th-onpopstate}] [1000]: org.thymeleaf.standard.processor.StandardDOMEventAttributeTagProcessor
[THYMELEAF]             * [* {th:onsuspend,data-th-onsuspend}] [1000]: org.thymeleaf.standard.processor.StandardDOMEventAttributeTagProcessor
[THYMELEAF]             * [* {th:onmouseout,data-th-onmouseout}] [1000]: org.thymeleaf.standard.processor.StandardDOMEventAttributeTagProcessor
[THYMELEAF]             * [* {th:onplay,data-th-onplay}] [1000]: org.thymeleaf.standard.processor.StandardDOMEventAttributeTagProcessor
[THYMELEAF]             * [* {th:ondragend,data-th-ondragend}] [1000]: org.thymeleaf.standard.processor.StandardDOMEventAttributeTagProcessor
[THYMELEAF]             * [* {th:onseeked,data-th-onseeked}] [1000]: org.thymeleaf.standard.processor.StandardDOMEventAttributeTagProcessor
[THYMELEAF]             * [* {th:onresize,data-th-onresize}] [1000]: org.thymeleaf.standard.processor.StandardDOMEventAttributeTagProcessor
[THYMELEAF]             * [* {th:onloadeddata,data-th-onloadeddata}] [1000]: org.thymeleaf.standard.processor.StandardDOMEventAttributeTagProcessor
[THYMELEAF]             * [* {th:onscroll,data-th-onscroll}] [1000]: org.thymeleaf.standard.processor.StandardDOMEventAttributeTagProcessor
[THYMELEAF]             * [* {th:onmousewheel,data-th-onmousewheel}] [1000]: org.thymeleaf.standard.processor.StandardDOMEventAttributeTagProcessor
[THYMELEAF]             * [* {th:onbeforeprint,data-th-onbeforeprint}] [1000]: org.thymeleaf.standard.processor.StandardDOMEventAttributeTagProcessor
[THYMELEAF]             * [* {th:onredo,data-th-onredo}] [1000]: org.thymeleaf.standard.processor.StandardDOMEventAttributeTagProcessor
[THYMELEAF]             * [* {th:ondrop,data-th-ondrop}] [1000]: org.thymeleaf.standard.processor.StandardDOMEventAttributeTagProcessor
[THYMELEAF]             * [* {th:onchange,data-th-onchange}] [1000]: org.thymeleaf.standard.processor.StandardDOMEventAttributeTagProcessor
[THYMELEAF]             * [* {th:href,data-th-href}] [1000]: org.thymeleaf.standard.processor.StandardHrefTagProcessor
[THYMELEAF]             * [* {th:inline,data-th-inline}] [1000]: org.thymeleaf.standard.processor.StandardInlineHTMLTagProcessor
[THYMELEAF]             * [* {th:method,data-th-method}] [1000]: org.thymeleaf.standard.processor.StandardMethodTagProcessor
[THYMELEAF]             * [* {th:type,data-th-type}] [1000]: org.thymeleaf.standard.processor.StandardNonRemovableAttributeTagProcessor
[THYMELEAF]             * [* {th:name,data-th-name}] [1000]: org.thymeleaf.standard.processor.StandardNonRemovableAttributeTagProcessor
[THYMELEAF]             * [* {th:datetime,data-th-datetime}] [1000]: org.thymeleaf.standard.processor.StandardRemovableAttributeTagProcessor
[THYMELEAF]             * [* {th:min,data-th-min}] [1000]: org.thymeleaf.standard.processor.StandardRemovableAttributeTagProcessor
[THYMELEAF]             * [* {th:contenteditable,data-th-contenteditable}] [1000]: org.thymeleaf.standard.processor.StandardRemovableAttributeTagProcessor
[THYMELEAF]             * [* {th:audio,data-th-audio}] [1000]: org.thymeleaf.standard.processor.StandardRemovableAttributeTagProcessor
[THYMELEAF]             * [* {th:valuetype,data-th-valuetype}] [1000]: org.thymeleaf.standard.processor.StandardRemovableAttributeTagProcessor
[THYMELEAF]             * [* {th:optimum,data-th-optimum}] [1000]: org.thymeleaf.standard.processor.StandardRemovableAttributeTagProcessor
[THYMELEAF]             * [* {th:list,data-th-list}] [1000]: org.thymeleaf.standard.processor.StandardRemovableAttributeTagProcessor
[THYMELEAF]             * [* {th:class,data-th-class}] [1000]: org.thymeleaf.standard.processor.StandardRemovableAttributeTagProcessor
[THYMELEAF]             * [* {th:wrap,data-th-wrap}] [1000]: org.thymeleaf.standard.processor.StandardRemovableAttributeTagProcessor
[THYMELEAF]             * [* {th:cols,data-th-cols}] [1000]: org.thymeleaf.standard.processor.StandardRemovableAttributeTagProcessor
[THYMELEAF]             * [* {th:axis,data-th-axis}] [1000]: org.thymeleaf.standard.processor.StandardRemovableAttributeTagProcessor
[THYMELEAF]             * [* {th:rev,data-th-rev}] [1000]: org.thymeleaf.standard.processor.StandardRemovableAttributeTagProcessor
[THYMELEAF]             * [* {th:archive,data-th-archive}] [1000]: org.thymeleaf.standard.processor.StandardRemovableAttributeTagProcessor
[THYMELEAF]             * [* {th:align,data-th-align}] [1000]: org.thymeleaf.standard.processor.StandardRemovableAttributeTagProcessor
[THYMELEAF]             * [* {th:target,data-th-target}] [1000]: org.thymeleaf.standard.processor.StandardRemovableAttributeTagProcessor
[THYMELEAF]             * [* {th:start,data-th-start}] [1000]: org.thymeleaf.standard.processor.StandardRemovableAttributeTagProcessor
[THYMELEAF]             * [* {th:rowspan,data-th-rowspan}] [1000]: org.thymeleaf.standard.processor.StandardRemovableAttributeTagProcessor
[THYMELEAF]             * [* {th:hspace,data-th-hspace}] [1000]: org.thymeleaf.standard.processor.StandardRemovableAttributeTagProcessor
[THYMELEAF]             * [* {th:dir,data-th-dir}] [1000]: org.thymeleaf.standard.processor.StandardRemovableAttributeTagProcessor
[THYMELEAF]             * [* {th:usemap,data-th-usemap}] [1000]: org.thymeleaf.standard.processor.StandardRemovableAttributeTagProcessor
[THYMELEAF]             * [* {th:for,data-th-for}] [1000]: org.thymeleaf.standard.processor.StandardRemovableAttributeTagProcessor
[THYMELEAF]             * [* {th:content,data-th-content}] [1000]: org.thymeleaf.standard.processor.StandardRemovableAttributeTagProcessor
[THYMELEAF]             * [* {th:bgcolor,data-th-bgcolor}] [1000]: org.thymeleaf.standard.processor.StandardRemovableAttributeTagProcessor
[THYMELEAF]             * [* {th:summary,data-th-summary}] [1000]: org.thymeleaf.standard.processor.StandardRemovableAttributeTagProcessor
[THYMELEAF]             * [* {th:rules,data-th-rules}] [1000]: org.thymeleaf.standard.processor.StandardRemovableAttributeTagProcessor
[THYMELEAF]             * [* {th:codetype,data-th-codetype}] [1000]: org.thymeleaf.standard.processor.StandardRemovableAttributeTagProcessor
[THYMELEAF]             * [* {th:high,data-th-high}] [1000]: org.thymeleaf.standard.processor.StandardRemovableAttributeTagProcessor
[THYMELEAF]             * [* {th:enctype,data-th-enctype}] [1000]: org.thymeleaf.standard.processor.StandardRemovableAttributeTagProcessor
[THYMELEAF]             * [* {th:rows,data-th-rows}] [1000]: org.thymeleaf.standard.processor.StandardRemovableAttributeTagProcessor
[THYMELEAF]             * [* {th:srclang,data-th-srclang}] [1000]: org.thymeleaf.standard.processor.StandardRemovableAttributeTagProcessor
[THYMELEAF]             * [* {th:preload,data-th-preload}] [1000]: org.thymeleaf.standard.processor.StandardRemovableAttributeTagProcessor
[THYMELEAF]             * [* {th:border,data-th-border}] [1000]: org.thymeleaf.standard.processor.StandardRemovableAttributeTagProcessor
[THYMELEAF]             * [* {th:form,data-th-form}] [1000]: org.thymeleaf.standard.processor.StandardRemovableAttributeTagProcessor
[THYMELEAF]             * [* {th:alt,data-th-alt}] [1000]: org.thymeleaf.standard.processor.StandardRemovableAttributeTagProcessor
[THYMELEAF]             * [* {th:scope,data-th-scope}] [1000]: org.thymeleaf.standard.processor.StandardRemovableAttributeTagProcessor
[THYMELEAF]             * [* {th:accesskey,data-th-accesskey}] [1000]: org.thymeleaf.standard.processor.StandardRemovableAttributeTagProcessor
[THYMELEAF]             * [* {th:spellcheck,data-th-spellcheck}] [1000]: org.thymeleaf.standard.processor.StandardRemovableAttributeTagProcessor
[THYMELEAF]             * [* {th:marginwidth,data-th-marginwidth}] [1000]: org.thymeleaf.standard.processor.StandardRemovableAttributeTagProcessor
[THYMELEAF]             * [* {th:span,data-th-span}] [1000]: org.thymeleaf.standard.processor.StandardRemovableAttributeTagProcessor
[THYMELEAF]             * [* {th:size,data-th-size}] [1000]: org.thymeleaf.standard.processor.StandardRemovableAttributeTagProcessor
[THYMELEAF]             * [* {th:width,data-th-width}] [1000]: org.thymeleaf.standard.processor.StandardRemovableAttributeTagProcessor
[THYMELEAF]             * [* {th:lang,data-th-lang}] [1000]: org.thymeleaf.standard.processor.StandardRemovableAttributeTagProcessor
[THYMELEAF]             * [* {th:sizes,data-th-sizes}] [1000]: org.thymeleaf.standard.processor.StandardRemovableAttributeTagProcessor
[THYMELEAF]             * [* {th:http-equiv,data-th-http-equiv}] [1000]: org.thymeleaf.standard.processor.StandardRemovableAttributeTagProcessor
[THYMELEAF]             * [* {th:colspan,data-th-colspan}] [1000]: org.thymeleaf.standard.processor.StandardRemovableAttributeTagProcessor
[THYMELEAF]             * [* {th:scrolling,data-th-scrolling}] [1000]: org.thymeleaf.standard.processor.StandardRemovableAttributeTagProcessor
[THYMELEAF]             * [* {th:max,data-th-max}] [1000]: org.thymeleaf.standard.processor.StandardRemovableAttributeTagProcessor
[THYMELEAF]             * [* {th:style,data-th-style}] [1000]: org.thymeleaf.standard.processor.StandardRemovableAttributeTagProcessor
[THYMELEAF]             * [* {th:id,data-th-id}] [1000]: org.thymeleaf.standard.processor.StandardRemovableAttributeTagProcessor
[THYMELEAF]             * [* {th:accept-charset,data-th-accept-charset}] [1000]: org.thymeleaf.standard.processor.StandardRemovableAttributeTagProcessor
[THYMELEAF]             * [* {th:accept,data-th-accept}] [1000]: org.thymeleaf.standard.processor.StandardRemovableAttributeTagProcessor
[THYMELEAF]             * [* {th:formenctype,data-th-formenctype}] [1000]: org.thymeleaf.standard.processor.StandardRemovableAttributeTagProcessor
[THYMELEAF]             * [* {th:poster,data-th-poster}] [1000]: org.thymeleaf.standard.processor.StandardRemovableAttributeTagProcessor
[THYMELEAF]             * [* {th:formmethod,data-th-formmethod}] [1000]: org.thymeleaf.standard.processor.StandardRemovableAttributeTagProcessor
[THYMELEAF]             * [* {th:height,data-th-height}] [1000]: org.thymeleaf.standard.processor.StandardRemovableAttributeTagProcessor
[THYMELEAF]             * [* {th:kind,data-th-kind}] [1000]: org.thymeleaf.standard.processor.StandardRemovableAttributeTagProcessor
[THYMELEAF]             * [* {th:abbr,data-th-abbr}] [1000]: org.thymeleaf.standard.processor.StandardRemovableAttributeTagProcessor
[THYMELEAF]             * [* {th:vspace,data-th-vspace}] [1000]: org.thymeleaf.standard.processor.StandardRemovableAttributeTagProcessor
[THYMELEAF]             * [* {th:challenge,data-th-challenge}] [1000]: org.thymeleaf.standard.processor.StandardRemovableAttributeTagProcessor
[THYMELEAF]             * [* {th:rel,data-th-rel}] [1000]: org.thymeleaf.standard.processor.StandardRemovableAttributeTagProcessor
[THYMELEAF]             * [* {th:headers,data-th-headers}] [1000]: org.thymeleaf.standard.processor.StandardRemovableAttributeTagProcessor
[THYMELEAF]             * [* {th:marginheight,data-th-marginheight}] [1000]: org.thymeleaf.standard.processor.StandardRemovableAttributeTagProcessor
[THYMELEAF]             * [* {th:radiogroup,data-th-radiogroup}] [1000]: org.thymeleaf.standard.processor.StandardRemovableAttributeTagProcessor
[THYMELEAF]             * [* {th:tabindex,data-th-tabindex}] [1000]: org.thymeleaf.standard.processor.StandardRemovableAttributeTagProcessor
[THYMELEAF]             * [* {th:cite,data-th-cite}] [1000]: org.thymeleaf.standard.processor.StandardRemovableAttributeTagProcessor
[THYMELEAF]             * [* {th:cellpadding,data-th-cellpadding}] [1000]: org.thymeleaf.standard.processor.StandardRemovableAttributeTagProcessor
[THYMELEAF]             * [* {th:label,data-th-label}] [1000]: org.thymeleaf.standard.processor.StandardRemovableAttributeTagProcessor
[THYMELEAF]             * [* {th:classid,data-th-classid}] [1000]: org.thymeleaf.standard.processor.StandardRemovableAttributeTagProcessor
[THYMELEAF]             * [* {th:frameborder,data-th-frameborder}] [1000]: org.thymeleaf.standard.processor.StandardRemovableAttributeTagProcessor
[THYMELEAF]             * [* {th:keytype,data-th-keytype}] [1000]: org.thymeleaf.standard.processor.StandardRemovableAttributeTagProcessor
[THYMELEAF]             * [* {th:charset,data-th-charset}] [1000]: org.thymeleaf.standard.processor.StandardRemovableAttributeTagProcessor
[THYMELEAF]             * [* {th:placeholder,data-th-placeholder}] [1000]: org.thymeleaf.standard.processor.StandardRemovableAttributeTagProcessor
[THYMELEAF]             * [* {th:sandbox,data-th-sandbox}] [1000]: org.thymeleaf.standard.processor.StandardRemovableAttributeTagProcessor
[THYMELEAF]             * [* {th:formaction,data-th-formaction}] [1000]: org.thymeleaf.standard.processor.StandardRemovableAttributeTagProcessor
[THYMELEAF]             * [* {th:contextmenu,data-th-contextmenu}] [1000]: org.thymeleaf.standard.processor.StandardRemovableAttributeTagProcessor
[THYMELEAF]             * [* {th:maxlength,data-th-maxlength}] [1000]: org.thymeleaf.standard.processor.StandardRemovableAttributeTagProcessor
[THYMELEAF]             * [* {th:dropzone,data-th-dropzone}] [1000]: org.thymeleaf.standard.processor.StandardRemovableAttributeTagProcessor
[THYMELEAF]             * [* {th:icon,data-th-icon}] [1000]: org.thymeleaf.standard.processor.StandardRemovableAttributeTagProcessor
[THYMELEAF]             * [* {th:standby,data-th-standby}] [1000]: org.thymeleaf.standard.processor.StandardRemovableAttributeTagProcessor
[THYMELEAF]             * [* {th:cellspacing,data-th-cellspacing}] [1000]: org.thymeleaf.standard.processor.StandardRemovableAttributeTagProcessor
[THYMELEAF]             * [* {th:longdesc,data-th-longdesc}] [1000]: org.thymeleaf.standard.processor.StandardRemovableAttributeTagProcessor
[THYMELEAF]             * [* {th:step,data-th-step}] [1000]: org.thymeleaf.standard.processor.StandardRemovableAttributeTagProcessor
[THYMELEAF]             * [* {th:draggable,data-th-draggable}] [1000]: org.thymeleaf.standard.processor.StandardRemovableAttributeTagProcessor
[THYMELEAF]             * [* {th:compact,data-th-compact}] [1000]: org.thymeleaf.standard.processor.StandardRemovableAttributeTagProcessor
[THYMELEAF]             * [* {th:formtarget,data-th-formtarget}] [1000]: org.thymeleaf.standard.processor.StandardRemovableAttributeTagProcessor
[THYMELEAF]             * [* {th:media,data-th-media}] [1000]: org.thymeleaf.standard.processor.StandardRemovableAttributeTagProcessor
[THYMELEAF]             * [* {th:hreflang,data-th-hreflang}] [1000]: org.thymeleaf.standard.processor.StandardRemovableAttributeTagProcessor
[THYMELEAF]             * [* {th:manifest,data-th-manifest}] [1000]: org.thymeleaf.standard.processor.StandardRemovableAttributeTagProcessor
[THYMELEAF]             * [* {th:low,data-th-low}] [1000]: org.thymeleaf.standard.processor.StandardRemovableAttributeTagProcessor
[THYMELEAF]             * [* {th:codebase,data-th-codebase}] [1000]: org.thymeleaf.standard.processor.StandardRemovableAttributeTagProcessor
[THYMELEAF]             * [* {th:autocomplete,data-th-autocomplete}] [1000]: org.thymeleaf.standard.processor.StandardRemovableAttributeTagProcessor
[THYMELEAF]             * [* {th:data,data-th-data}] [1000]: org.thymeleaf.standard.processor.StandardRemovableAttributeTagProcessor
[THYMELEAF]             * [* {th:background,data-th-background}] [1000]: org.thymeleaf.standard.processor.StandardRemovableAttributeTagProcessor
[THYMELEAF]             * [* {th:frame,data-th-frame}] [1000]: org.thymeleaf.standard.processor.StandardRemovableAttributeTagProcessor
[THYMELEAF]             * [* {th:pattern,data-th-pattern}] [1000]: org.thymeleaf.standard.processor.StandardRemovableAttributeTagProcessor
[THYMELEAF]             * [* {th:title,data-th-title}] [1000]: org.thymeleaf.standard.processor.StandardRemovableAttributeTagProcessor
[THYMELEAF]             * [* {th:scheme,data-th-scheme}] [1000]: org.thymeleaf.standard.processor.StandardRemovableAttributeTagProcessor
[THYMELEAF]             * [* {th:src,data-th-src}] [1000]: org.thymeleaf.standard.processor.StandardSrcTagProcessor
[THYMELEAF]             * [* {th:value,data-th-value}] [1000]: org.thymeleaf.standard.processor.StandardValueTagProcessor
[THYMELEAF]             * [* {th:xmlbase,data-th-xmlbase}] [1000]: org.thymeleaf.standard.processor.StandardXmlBaseTagProcessor
[THYMELEAF]             * [* {th:xmllang,data-th-xmllang}] [1000]: org.thymeleaf.standard.processor.StandardXmlLangTagProcessor
[THYMELEAF]             * [* {xmlns:th}] [1000]: org.thymeleaf.standard.processor.StandardXmlNsTagProcessor
[THYMELEAF]             * [* {th:xmlspace,data-th-xmlspace}] [1000]: org.thymeleaf.standard.processor.StandardXmlSpaceTagProcessor
[THYMELEAF]             * [* {th:classappend,data-th-classappend}] [1100]: org.thymeleaf.standard.processor.StandardClassappendTagProcessor
[THYMELEAF]             * [* {th:styleappend,data-th-styleappend}] [1100]: org.thymeleaf.standard.processor.StandardStyleappendTagProcessor
[THYMELEAF]             * [* {th:text,data-th-text}] [1300]: org.thymeleaf.standard.processor.StandardTextTagProcessor
[THYMELEAF]             * [* {th:utext,data-th-utext}] [1400]: org.thymeleaf.standard.processor.StandardUtextTagProcessor
[THYMELEAF]             * [* {th:fragment,data-th-fragment}] [1500]: org.thymeleaf.standard.processor.StandardFragmentTagProcessor
[THYMELEAF]             * [* {th:assert,data-th-assert}] [1550]: org.thymeleaf.standard.processor.StandardAssertTagProcessor
[THYMELEAF]             * [* {th:remove,data-th-remove}] [1600]: org.thymeleaf.standard.processor.StandardRemoveTagProcessor
[THYMELEAF]             * [* {th:ref,data-th-ref}] [10000]: org.thymeleaf.standard.processor.StandardRefAttributeTagProcessor
[THYMELEAF]             * [{th:block,th-block} *] [100000]: org.thymeleaf.standard.processor.StandardBlockTagProcessor
[THYMELEAF]             * [* th:*] [2147483647]: org.thymeleaf.standard.processor.StandardDefaultAttributesTagProcessor
[THYMELEAF]         * Text Processors by [precedence]:
[THYMELEAF]             * [1000]: org.thymeleaf.standard.processor.StandardInliningTextProcessor
[THYMELEAF]         * DOCTYPE Processors by [precedence]:
[THYMELEAF]             * [1000]: org.thymeleaf.standard.processor.StandardTranslationDocTypeProcessor
[THYMELEAF]         * CDATA Section Processors by [precedence]:
[THYMELEAF]             * [1000]: org.thymeleaf.standard.processor.StandardInliningCDATASectionProcessor
[THYMELEAF]         * Comment Processors by [precedence]:
[THYMELEAF]             * [1000]: org.thymeleaf.standard.processor.StandardInliningCommentProcessor
[THYMELEAF]             * [1100]: org.thymeleaf.standard.processor.StandardConditionalCommentProcessor
[THYMELEAF]     * Processors for Template Mode: XML
[THYMELEAF]         * Element Tag Processors by [matching element and attribute name] [precedence]:
[THYMELEAF]             * [* {th:include}] [100]: org.thymeleaf.standard.processor.StandardIncludeTagProcessor
[THYMELEAF]             * [* {th:insert}] [100]: org.thymeleaf.standard.processor.StandardInsertTagProcessor
[THYMELEAF]             * [* {th:replace}] [100]: org.thymeleaf.standard.processor.StandardReplaceTagProcessor
[THYMELEAF]             * [* {th:each}] [200]: com.intuit.karate.template.KarateEachTagProcessor
[THYMELEAF]             * [* {th:switch}] [250]: org.thymeleaf.standard.processor.StandardSwitchTagProcessor
[THYMELEAF]             * [* {th:case}] [275]: org.thymeleaf.standard.processor.StandardCaseTagProcessor
[THYMELEAF]             * [* {th:if}] [300]: org.thymeleaf.standard.processor.StandardIfTagProcessor
[THYMELEAF]             * [* {th:unless}] [400]: org.thymeleaf.standard.processor.StandardUnlessTagProcessor
[THYMELEAF]             * [* {th:object}] [500]: org.thymeleaf.standard.processor.StandardObjectTagProcessor
[THYMELEAF]             * [* {th:with}] [600]: com.intuit.karate.template.KarateWithTagProcessor
[THYMELEAF]             * [* {th:attr}] [700]: com.intuit.karate.template.KarateAttributeTagProcessor.KarateAttrTagProcessor
[THYMELEAF]             * [* {th:attrappend}] [900]: com.intuit.karate.template.KarateAttributeTagProcessor.KarateAttrappendTagProcessor
[THYMELEAF]             * [* {th:attrprepend}] [900]: com.intuit.karate.template.KarateAttributeTagProcessor.KarateAttrprependTagProcessor
[THYMELEAF]             * [* {th:inline}] [1000]: org.thymeleaf.standard.processor.StandardInlineXMLTagProcessor
[THYMELEAF]             * [* {xmlns:th}] [1000]: org.thymeleaf.standard.processor.StandardXmlNsTagProcessor
[THYMELEAF]             * [* {th:text}] [1300]: org.thymeleaf.standard.processor.StandardTextTagProcessor
[THYMELEAF]             * [* {th:utext}] [1400]: org.thymeleaf.standard.processor.StandardUtextTagProcessor
[THYMELEAF]             * [* {th:fragment}] [1500]: org.thymeleaf.standard.processor.StandardFragmentTagProcessor
[THYMELEAF]             * [* {th:assert}] [1550]: org.thymeleaf.standard.processor.StandardAssertTagProcessor
[THYMELEAF]             * [* {th:remove}] [1600]: org.thymeleaf.standard.processor.StandardRemoveTagProcessor
[THYMELEAF]             * [* {th:ref}] [10000]: org.thymeleaf.standard.processor.StandardRefAttributeTagProcessor
[THYMELEAF]             * [{th:block} *] [100000]: org.thymeleaf.standard.processor.StandardBlockTagProcessor
[THYMELEAF]             * [* th:*] [2147483647]: org.thymeleaf.standard.processor.StandardDefaultAttributesTagProcessor
[THYMELEAF]         * Text Processors by [precedence]:
[THYMELEAF]             * [1000]: org.thymeleaf.standard.processor.StandardInliningTextProcessor
[THYMELEAF]         * CDATA Section Processors by [precedence]:
[THYMELEAF]             * [1000]: org.thymeleaf.standard.processor.StandardInliningCDATASectionProcessor
[THYMELEAF]         * Comment Processors by [precedence]:
[THYMELEAF]             * [1000]: org.thymeleaf.standard.processor.StandardInliningCommentProcessor
[THYMELEAF]     * Processors for Template Mode: TEXT
[THYMELEAF]         * Element Tag Processors by [matching element and attribute name] [precedence]:
[THYMELEAF]             * [* {th:insert}] [100]: org.thymeleaf.standard.processor.StandardInsertTagProcessor
[THYMELEAF]             * [* {th:replace}] [100]: org.thymeleaf.standard.processor.StandardReplaceTagProcessor
[THYMELEAF]             * [* {th:each}] [200]: com.intuit.karate.template.KarateEachTagProcessor
[THYMELEAF]             * [* {th:switch}] [250]: org.thymeleaf.standard.processor.StandardSwitchTagProcessor
[THYMELEAF]             * [* {th:case}] [275]: org.thymeleaf.standard.processor.StandardCaseTagProcessor
[THYMELEAF]             * [* {th:if}] [300]: org.thymeleaf.standard.processor.StandardIfTagProcessor
[THYMELEAF]             * [* {th:unless}] [400]: org.thymeleaf.standard.processor.StandardUnlessTagProcessor
[THYMELEAF]             * [* {th:object}] [500]: org.thymeleaf.standard.processor.StandardObjectTagProcessor
[THYMELEAF]             * [* {th:with}] [600]: com.intuit.karate.template.KarateWithTagProcessor
[THYMELEAF]             * [* {th:inline}] [1000]: org.thymeleaf.standard.processor.StandardInlineTextualTagProcessor
[THYMELEAF]             * [* {th:text}] [1300]: org.thymeleaf.standard.processor.StandardTextTagProcessor
[THYMELEAF]             * [* {th:utext}] [1400]: org.thymeleaf.standard.processor.StandardUtextTagProcessor
[THYMELEAF]             * [* {th:assert}] [1550]: org.thymeleaf.standard.processor.StandardAssertTagProcessor
[THYMELEAF]             * [* {th:remove}] [1600]: org.thymeleaf.standard.processor.StandardRemoveTagProcessor
[THYMELEAF]             * [* 100000] [org.thymeleaf.standard.processor.StandardBlockTagProcessor]: {}
[THYMELEAF]             * [{th:block} *] [100000]: org.thymeleaf.standard.processor.StandardBlockTagProcessor
[THYMELEAF]         * Text Processors by [precedence]:
[THYMELEAF]             * [1000]: org.thymeleaf.standard.processor.StandardInliningTextProcessor
[THYMELEAF]     * Processors for Template Mode: JAVASCRIPT
[THYMELEAF]         * Element Tag Processors by [matching element and attribute name] [precedence]:
[THYMELEAF]             * [* {th:insert}] [100]: org.thymeleaf.standard.processor.StandardInsertTagProcessor
[THYMELEAF]             * [* {th:replace}] [100]: org.thymeleaf.standard.processor.StandardReplaceTagProcessor
[THYMELEAF]             * [* {th:each}] [200]: com.intuit.karate.template.KarateEachTagProcessor
[THYMELEAF]             * [* {th:switch}] [250]: org.thymeleaf.standard.processor.StandardSwitchTagProcessor
[THYMELEAF]             * [* {th:case}] [275]: org.thymeleaf.standard.processor.StandardCaseTagProcessor
[THYMELEAF]             * [* {th:if}] [300]: org.thymeleaf.standard.processor.StandardIfTagProcessor
[THYMELEAF]             * [* {th:unless}] [400]: org.thymeleaf.standard.processor.StandardUnlessTagProcessor
[THYMELEAF]             * [* {th:object}] [500]: org.thymeleaf.standard.processor.StandardObjectTagProcessor
[THYMELEAF]             * [* {th:with}] [600]: com.intuit.karate.template.KarateWithTagProcessor
[THYMELEAF]             * [* {th:inline}] [1000]: org.thymeleaf.standard.processor.StandardInlineTextualTagProcessor
[THYMELEAF]             * [* {th:text}] [1300]: org.thymeleaf.standard.processor.StandardTextTagProcessor
[THYMELEAF]             * [* {th:utext}] [1400]: org.thymeleaf.standard.processor.StandardUtextTagProcessor
[THYMELEAF]             * [* {th:assert}] [1550]: org.thymeleaf.standard.processor.StandardAssertTagProcessor
[THYMELEAF]             * [* {th:remove}] [1600]: org.thymeleaf.standard.processor.StandardRemoveTagProcessor
[THYMELEAF]             * [{th:block} *] [100000]: org.thymeleaf.standard.processor.StandardBlockTagProcessor
[THYMELEAF]             * [* 100000] [org.thymeleaf.standard.processor.StandardBlockTagProcessor]: {}
[THYMELEAF]         * Text Processors by [precedence]:
[THYMELEAF]             * [1000]: org.thymeleaf.standard.processor.StandardInliningTextProcessor
[THYMELEAF]     * Processors for Template Mode: CSS
[THYMELEAF]         * Element Tag Processors by [matching element and attribute name] [precedence]:
[THYMELEAF]             * [* {th:insert}] [100]: org.thymeleaf.standard.processor.StandardInsertTagProcessor
[THYMELEAF]             * [* {th:replace}] [100]: org.thymeleaf.standard.processor.StandardReplaceTagProcessor
[THYMELEAF]             * [* {th:each}] [200]: com.intuit.karate.template.KarateEachTagProcessor
[THYMELEAF]             * [* {th:switch}] [250]: org.thymeleaf.standard.processor.StandardSwitchTagProcessor
[THYMELEAF]             * [* {th:case}] [275]: org.thymeleaf.standard.processor.StandardCaseTagProcessor
[THYMELEAF]             * [* {th:if}] [300]: org.thymeleaf.standard.processor.StandardIfTagProcessor
[THYMELEAF]             * [* {th:unless}] [400]: org.thymeleaf.standard.processor.StandardUnlessTagProcessor
[THYMELEAF]             * [* {th:object}] [500]: org.thymeleaf.standard.processor.StandardObjectTagProcessor
[THYMELEAF]             * [* {th:with}] [600]: com.intuit.karate.template.KarateWithTagProcessor
[THYMELEAF]             * [* {th:inline}] [1000]: org.thymeleaf.standard.processor.StandardInlineTextualTagProcessor
[THYMELEAF]             * [* {th:text}] [1300]: org.thymeleaf.standard.processor.StandardTextTagProcessor
[THYMELEAF]             * [* {th:utext}] [1400]: org.thymeleaf.standard.processor.StandardUtextTagProcessor
[THYMELEAF]             * [* {th:assert}] [1550]: org.thymeleaf.standard.processor.StandardAssertTagProcessor
[THYMELEAF]             * [* {th:remove}] [1600]: org.thymeleaf.standard.processor.StandardRemoveTagProcessor
[THYMELEAF]             * [* 100000] [org.thymeleaf.standard.processor.StandardBlockTagProcessor]: {}
[THYMELEAF]             * [{th:block} *] [100000]: org.thymeleaf.standard.processor.StandardBlockTagProcessor
[THYMELEAF]         * Text Processors by [precedence]:
[THYMELEAF]             * [1000]: org.thymeleaf.standard.processor.StandardInliningTextProcessor
[THYMELEAF]     * Expression Objects:
[THYMELEAF]         * #ctx
[THYMELEAF]         * #root
[THYMELEAF]         * #vars
[THYMELEAF]         * #object
[THYMELEAF]         * #locale
[THYMELEAF]         * #conversions
[THYMELEAF]         * #uris
[THYMELEAF]         * #temporals
[THYMELEAF]         * #calendars
[THYMELEAF]         * #dates
[THYMELEAF]         * #bools
[THYMELEAF]         * #numbers
[THYMELEAF]         * #objects
[THYMELEAF]         * #strings
[THYMELEAF]         * #arrays
[THYMELEAF]         * #lists
[THYMELEAF]         * #sets
[THYMELEAF]         * #maps
[THYMELEAF]         * #aggregates
[THYMELEAF]         * #messages
[THYMELEAF]         * #ids
[THYMELEAF]         * #execInfo
[THYMELEAF]         * #request
[THYMELEAF]         * #response
[THYMELEAF]         * #session
[THYMELEAF]         * #servletContext
[THYMELEAF]     * Execution Attributes:
[THYMELEAF]         * "StandardExpressionParser": com.intuit.karate.template.KarateStandardDialect@31f31b20
[THYMELEAF]         * "StandardJavaScriptSerializer": org.thymeleaf.standard.serializer.StandardJavaScriptSerializer@13e1e816
[THYMELEAF]         * "StandardCSSSerializer": org.thymeleaf.standard.serializer.StandardCSSSerializer@36238b12
[THYMELEAF]         * "StandardVariableExpressionEvaluator": com.intuit.karate.template.KarateStandardDialect@31f31b20
[THYMELEAF]         * "StandardConversionService": org.thymeleaf.standard.expression.StandardConversionService@33187485
[THYMELEAF] * Dialect [2 of 2]: karate (com.intuit.karate.template.KarateScriptDialect)
[THYMELEAF]     * Prefix: "ka"
[THYMELEAF]     * Processors for Template Mode: HTML
[THYMELEAF]         * Element Tag Processors by [matching element and attribute name] [precedence]:
[THYMELEAF]             * [* {src}] [1000]: com.intuit.karate.template.KaScriptAttrProcessor
[THYMELEAF]         * Element Model Processors by [matching element and attribute name] [precedence]:
[THYMELEAF]             * [{script} {ka:scope,data-ka-scope}] [1000]: com.intuit.karate.template.KaScriptElemProcessor
[THYMELEAF]             * [* {ka:set,data-ka-set}] [1000]: com.intuit.karate.template.KaSetElemProcessor
[THYMELEAF] TEMPLATE ENGINE CONFIGURED OK
12:58:17.164 [main] DEBUG org.thymeleaf.TemplateEngine -- [THYMELEAF] TEMPLATE ENGINE INITIALIZED
12:58:17.201 [main] DEBUG org.thymeleaf.TemplateEngine -- [THYMELEAF] INITIALIZING TEMPLATE ENGINE
12:58:17.218 [main] DEBUG org.thymeleaf.TemplateEngine.CONFIG -- Initializing Thymeleaf Template engine configuration...
[THYMELEAF] TEMPLATE ENGINE CONFIGURATION:
[THYMELEAF] * Thymeleaf version: 3.1.2.RELEASE (built 2023-07-30T19:25:50+0000)
[THYMELEAF] * Cache Manager implementation: org.thymeleaf.cache.StandardCacheManager
[THYMELEAF] * Template resolvers:
[THYMELEAF]     * [1] com.intuit.karate.template.ResourceHtmlTemplateResolver
[THYMELEAF] * Message resolvers:
[THYMELEAF]     * org.thymeleaf.messageresolver.StandardMessageResolver
[THYMELEAF] * Link builders:
[THYMELEAF]     * org.thymeleaf.linkbuilder.StandardLinkBuilder
[THYMELEAF] * Dialect [1 of 2]: Standard (com.intuit.karate.template.KarateStandardDialect)
[THYMELEAF]     * Prefix: "th"
[THYMELEAF]     * Processors for Template Mode: HTML
[THYMELEAF]         * Element Tag Processors by [matching element and attribute name] [precedence]:
[THYMELEAF]             * [* {th:include,data-th-include}] [100]: org.thymeleaf.standard.processor.StandardIncludeTagProcessor
[THYMELEAF]             * [* {th:insert,data-th-insert}] [100]: org.thymeleaf.standard.processor.StandardInsertTagProcessor
[THYMELEAF]             * [* {th:replace,data-th-replace}] [100]: org.thymeleaf.standard.processor.StandardReplaceTagProcessor
[THYMELEAF]             * [* {th:each,data-th-each}] [200]: com.intuit.karate.template.KarateEachTagProcessor
[THYMELEAF]             * [* {th:switch,data-th-switch}] [250]: org.thymeleaf.standard.processor.StandardSwitchTagProcessor
[THYMELEAF]             * [* {th:case,data-th-case}] [275]: org.thymeleaf.standard.processor.StandardCaseTagProcessor
[THYMELEAF]             * [* {th:if,data-th-if}] [300]: org.thymeleaf.standard.processor.StandardIfTagProcessor
[THYMELEAF]             * [* {th:unless,data-th-unless}] [400]: org.thymeleaf.standard.processor.StandardUnlessTagProcessor
[THYMELEAF]             * [* {th:object,data-th-object}] [500]: org.thymeleaf.standard.processor.StandardObjectTagProcessor
[THYMELEAF]             * [* {th:with,data-th-with}] [600]: com.intuit.karate.template.KarateWithTagProcessor
[THYMELEAF]             * [* {th:attr,data-th-attr}] [700]: com.intuit.karate.template.KarateAttributeTagProcessor.KarateAttrTagProcessor
[THYMELEAF]             * [* {th:attrappend,data-th-attrappend}] [900]: com.intuit.karate.template.KarateAttributeTagProcessor.KarateAttrappendTagProcessor
[THYMELEAF]             * [* {th:attrprepend,data-th-attrprepend}] [900]: com.intuit.karate.template.KarateAttributeTagProcessor.KarateAttrprependTagProcessor
[THYMELEAF]             * [* {th:alt-title,data-th-alt-title}] [990]: org.thymeleaf.standard.processor.StandardAltTitleTagProcessor
[THYMELEAF]             * [* {th:lang-xmllang,data-th-lang-xmllang}] [990]: org.thymeleaf.standard.processor.StandardLangXmlLangTagProcessor
[THYMELEAF]             * [* {th:action,data-th-action}] [1000]: org.thymeleaf.standard.processor.StandardActionTagProcessor
[THYMELEAF]             * [* {th:checked,data-th-checked}] [1000]: org.thymeleaf.standard.processor.StandardConditionalFixedValueTagProcessor
[THYMELEAF]             * [* {th:selected,data-th-selected}] [1000]: org.thymeleaf.standard.processor.StandardConditionalFixedValueTagProcessor
[THYMELEAF]             * [* {th:reversed,data-th-reversed}] [1000]: org.thymeleaf.standard.processor.StandardConditionalFixedValueTagProcessor
[THYMELEAF]             * [* {th:required,data-th-required}] [1000]: org.thymeleaf.standard.processor.StandardConditionalFixedValueTagProcessor
[THYMELEAF]             * [* {th:hidden,data-th-hidden}] [1000]: org.thymeleaf.standard.processor.StandardConditionalFixedValueTagProcessor
[THYMELEAF]             * [* {th:async,data-th-async}] [1000]: org.thymeleaf.standard.processor.StandardConditionalFixedValueTagProcessor
[THYMELEAF]             * [* {th:controls,data-th-controls}] [1000]: org.thymeleaf.standard.processor.StandardConditionalFixedValueTagProcessor
[THYMELEAF]             * [* {th:autofocus,data-th-autofocus}] [1000]: org.thymeleaf.standard.processor.StandardConditionalFixedValueTagProcessor
[THYMELEAF]             * [* {th:ismap,data-th-ismap}] [1000]: org.thymeleaf.standard.processor.StandardConditionalFixedValueTagProcessor
[THYMELEAF]             * [* {th:default,data-th-default}] [1000]: org.thymeleaf.standard.processor.StandardConditionalFixedValueTagProcessor
[THYMELEAF]             * [* {th:seamless,data-th-seamless}] [1000]: org.thymeleaf.standard.processor.StandardConditionalFixedValueTagProcessor
[THYMELEAF]             * [* {th:multiple,data-th-multiple}] [1000]: org.thymeleaf.standard.processor.StandardConditionalFixedValueTagProcessor
[THYMELEAF]             * [* {th:novalidate,data-th-novalidate}] [1000]: org.thymeleaf.standard.processor.StandardConditionalFixedValueTagProcessor
[THYMELEAF]             * [* {th:readonly,data-th-readonly}] [1000]: org.thymeleaf.standard.processor.StandardConditionalFixedValueTagProcessor
[THYMELEAF]             * [* {th:scoped,data-th-scoped}] [1000]: org.thymeleaf.standard.processor.StandardConditionalFixedValueTagProcessor
[THYMELEAF]             * [* {th:disabled,data-th-disabled}] [1000]: org.thymeleaf.standard.processor.StandardConditionalFixedValueTagProcessor
[THYMELEAF]             * [* {th:open,data-th-open}] [1000]: org.thymeleaf.standard.processor.StandardConditionalFixedValueTagProcessor
[THYMELEAF]             * [* {th:autoplay,data-th-autoplay}] [1000]: org.thymeleaf.standard.processor.StandardConditionalFixedValueTagProcessor
[THYMELEAF]             * [* {th:loop,data-th-loop}] [1000]: org.thymeleaf.standard.processor.StandardConditionalFixedValueTagProcessor
[THYMELEAF]             * [* {th:formnovalidate,data-th-formnovalidate}] [1000]: org.thymeleaf.standard.processor.StandardConditionalFixedValueTagProcessor
[THYMELEAF]             * [* {th:defer,data-th-defer}] [1000]: org.thymeleaf.standard.processor.StandardConditionalFixedValueTagProcessor
[THYMELEAF]             * [* {th:declare,data-th-declare}] [1000]: org.thymeleaf.standard.processor.StandardConditionalFixedValueTagProcessor
[THYMELEAF]             * [* {th:nowrap,data-th-nowrap}] [1000]: org.thymeleaf.standard.processor.StandardConditionalFixedValueTagProcessor
[THYMELEAF]             * [* {th:pubdate,data-th-pubdate}] [1000]: org.thymeleaf.standard.processor.StandardConditionalFixedValueTagProcessor
[THYMELEAF]             * [* {th:ondragend,data-th-ondragend}] [1000]: org.thymeleaf.standard.processor.StandardDOMEventAttributeTagProcessor
[THYMELEAF]             * [* {th:onundo,data-th-onundo}] [1000]: org.thymeleaf.standard.processor.StandardDOMEventAttributeTagProcessor
[THYMELEAF]             * [* {th:onafterprint,data-th-onafterprint}] [1000]: org.thymeleaf.standard.processor.StandardDOMEventAttributeTagProcessor
[THYMELEAF]             * [* {th:onkeypress,data-th-onkeypress}] [1000]: org.thymeleaf.standard.processor.StandardDOMEventAttributeTagProcessor
[THYMELEAF]             * [* {th:onwaiting,data-th-onwaiting}] [1000]: org.thymeleaf.standard.processor.StandardDOMEventAttributeTagProcessor
[THYMELEAF]             * [* {th:onmousewheel,data-th-onmousewheel}] [1000]: org.thymeleaf.standard.processor.StandardDOMEventAttributeTagProcessor
[THYMELEAF]             * [* {th:onloadeddata,data-th-onloadeddata}] [1000]: org.thymeleaf.standard.processor.StandardDOMEventAttributeTagProcessor
[THYMELEAF]             * [* {th:onsuspend,data-th-onsuspend}] [1000]: org.thymeleaf.standard.processor.StandardDOMEventAttributeTagProcessor
[THYMELEAF]             * [* {th:ontimeupdate,data-th-ontimeupdate}] [1000]: org.thymeleaf.standard.processor.StandardDOMEventAttributeTagProcessor
[THYMELEAF]             * [* {th:onmouseup,data-th-onmouseup}] [1000]: org.thymeleaf.standard.processor.StandardDOMEventAttributeTagProcessor
[THYMELEAF]             * [* {th:ondblclick,data-th-ondblclick}] [1000]: org.thymeleaf.standard.processor.StandardDOMEventAttributeTagProcessor
[THYMELEAF]             * [* {th:ondrag,data-th-ondrag}] [1000]: org.thymeleaf.standard.processor.StandardDOMEventAttributeTagProcessor
[THYMELEAF]             * [* {th:onsubmit,data-th-onsubmit}] [1000]: org.thymeleaf.standard.processor.StandardDOMEventAttributeTagProcessor
[THYMELEAF]             * [* {th:onmessage,data-th-onmessage}] [1000]: org.thymeleaf.standard.processor.StandardDOMEventAttributeTagProcessor
[THYMELEAF]             * [* {th:onresize,data-th-onresize}] [1000]: org.thymeleaf.standard.processor.StandardDOMEventAttributeTagProcessor
[THYMELEAF]             * [* {th:onreadystatechange,data-th-onreadystatechange}] [1000]: org.thymeleaf.standard.processor.StandardDOMEventAttributeTagProcessor
[THYMELEAF]             * [* {th:onoffline,data-th-onoffline}] [1000]: org.thymeleaf.standard.processor.StandardDOMEventAttributeTagProcessor
[THYMELEAF]             * [* {th:onloadstart,data-th-onloadstart}] [1000]: org.thymeleaf.standard.processor.StandardDOMEventAttributeTagProcessor
[THYMELEAF]             * [* {th:oninvalid,data-th-oninvalid}] [1000]: org.thymeleaf.standard.processor.StandardDOMEventAttributeTagProcessor
[THYMELEAF]             * [* {th:onseeking,data-th-onseeking}] [1000]: org.thymeleaf.standard.processor.StandardDOMEventAttributeTagProcessor
[THYMELEAF]             * [* {th:oncontextmenu,data-th-oncontextmenu}] [1000]: org.thymeleaf.standard.processor.StandardDOMEventAttributeTagProcessor
[THYMELEAF]             * [* {th:onshow,data-th-onshow}] [1000]: org.thymeleaf.standard.processor.StandardDOMEventAttributeTagProcessor
[THYMELEAF]             * [* {th:onchange,data-th-onchange}] [1000]: org.thymeleaf.standard.processor.StandardDOMEventAttributeTagProcessor
[THYMELEAF]             * [* {th:onplay,data-th-onplay}] [1000]: org.thymeleaf.standard.processor.StandardDOMEventAttributeTagProcessor
[THYMELEAF]             * [* {th:ondragleave,data-th-ondragleave}] [1000]: org.thymeleaf.standard.processor.StandardDOMEventAttributeTagProcessor
[THYMELEAF]             * [* {th:onunload,data-th-onunload}] [1000]: org.thymeleaf.standard.processor.StandardDOMEventAttributeTagProcessor
[THYMELEAF]             * [* {th:ondrop,data-th-ondrop}] [1000]: org.thymeleaf.standard.processor.StandardDOMEventAttributeTagProcessor
[THYMELEAF]             * [* {th:ondurationchange,data-th-ondurationchange}] [1000]: org.thymeleaf.standard.processor.StandardDOMEventAttributeTagProcessor
[THYMELEAF]             * [* {th:onmousemove,data-th-onmousemove}] [1000]: org.thymeleaf.standard.processor.StandardDOMEventAttributeTagProcessor
[THYMELEAF]             * [* {th:onbeforeunload,data-th-onbeforeunload}] [1000]: org.thymeleaf.standard.processor.StandardDOMEventAttributeTagProcessor
[THYMELEAF]             * [* {th:onratechange,data-th-onratechange}] [1000]: org.thymeleaf.standard.processor.StandardDOMEventAttributeTagProcessor
[THYMELEAF]             * [* {th:onselect,data-th-onselect}] [1000]: org.thymeleaf.standard.processor.StandardDOMEventAttributeTagProcessor
[THYMELEAF]             * [* {th:onabort,data-th-onabort}] [1000]: org.thymeleaf.standard.processor.StandardDOMEventAttributeTagProcessor
[THYMELEAF]             * [* {th:onvolumechange,data-th-onvolumechange}] [1000]: org.thymeleaf.standard.processor.StandardDOMEventAttributeTagProcessor
[THYMELEAF]             * [* {th:onmouseover,data-th-onmouseover}] [1000]: org.thymeleaf.standard.processor.StandardDOMEventAttributeTagProcessor
[THYMELEAF]             * [* {th:onbeforeprint,data-th-onbeforeprint}] [1000]: org.thymeleaf.standard.processor.StandardDOMEventAttributeTagProcessor
[THYMELEAF]             * [* {th:oncanplay,data-th-oncanplay}] [1000]: org.thymeleaf.standard.processor.StandardDOMEventAttributeTagProcessor
[THYMELEAF]             * [* {th:oninput,data-th-oninput}] [1000]: org.thymeleaf.standard.processor.StandardDOMEventAttributeTagProcessor
[THYMELEAF]             * [* {th:ondragstart,data-th-ondragstart}] [1000]: org.thymeleaf.standard.processor.StandardDOMEventAttributeTagProcessor
[THYMELEAF]             * [* {th:onscroll,data-th-onscroll}] [1000]: org.thymeleaf.standard.processor.StandardDOMEventAttributeTagProcessor
[THYMELEAF]             * [* {th:onloadedmetadata,data-th-onloadedmetadata}] [1000]: org.thymeleaf.standard.processor.StandardDOMEventAttributeTagProcessor
[THYMELEAF]             * [* {th:onemptied,data-th-onemptied}] [1000]: org.thymeleaf.standard.processor.StandardDOMEventAttributeTagProcessor
[THYMELEAF]             * [* {th:onhashchange,data-th-onhashchange}] [1000]: org.thymeleaf.standard.processor.StandardDOMEventAttributeTagProcessor
[THYMELEAF]             * [* {th:onstalled,data-th-onstalled}] [1000]: org.thymeleaf.standard.processor.StandardDOMEventAttributeTagProcessor
[THYMELEAF]             * [* {th:onreset,data-th-onreset}] [1000]: org.thymeleaf.standard.processor.StandardDOMEventAttributeTagProcessor
[THYMELEAF]             * [* {th:onclick,data-th-onclick}] [1000]: org.thymeleaf.standard.processor.StandardDOMEventAttributeTagProcessor
[THYMELEAF]             * [* {th:onended,data-th-onended}] [1000]: org.thymeleaf.standard.processor.StandardDOMEventAttributeTagProcessor
[THYMELEAF]             * [* {th:onkeydown,data-th-onkeydown}] [1000]: org.thymeleaf.standard.processor.StandardDOMEventAttributeTagProcessor
[THYMELEAF]             * [* {th:onseeked,data-th-onseeked}] [1000]: org.thymeleaf.standard.processor.StandardDOMEventAttributeTagProcessor
[THYMELEAF]             * [* {th:ondragenter,data-th-ondragenter}] [1000]: org.thymeleaf.standard.processor.StandardDOMEventAttributeTagProcessor
[THYMELEAF]             * [* {th:onredo,data-th-onredo}] [1000]: org.thymeleaf.standard.processor.StandardDOMEventAttributeTagProcessor
[THYMELEAF]             * [* {th:ononline,data-th-ononline}] [1000]: org.thymeleaf.standard.processor.StandardDOMEventAttributeTagProcessor
[THYMELEAF]             * [* {th:onformchange,data-th-onformchange}] [1000]: org.thymeleaf.standard.processor.StandardDOMEventAttributeTagProcessor
[THYMELEAF]             * [* {th:onpopstate,data-th-onpopstate}] [1000]: org.thymeleaf.standard.processor.StandardDOMEventAttributeTagProcessor
[THYMELEAF]             * [* {th:onprogress,data-th-onprogress}] [1000]: org.thymeleaf.standard.processor.StandardDOMEventAttributeTagProcessor
[THYMELEAF]             * [* {th:onload,data-th-onload}] [1000]: org.thymeleaf.standard.processor.StandardDOMEventAttributeTagProcessor
[THYMELEAF]             * [* {th:onmousedown,data-th-onmousedown}] [1000]: org.thymeleaf.standard.processor.StandardDOMEventAttributeTagProcessor
[THYMELEAF]             * [* {th:onfocus,data-th-onfocus}] [1000]: org.thymeleaf.standard.processor.StandardDOMEventAttributeTagProcessor
[THYMELEAF]             * [* {th:onforminput,data-th-onforminput}] [1000]: org.thymeleaf.standard.processor.StandardDOMEventAttributeTagProcessor
[THYMELEAF]             * [* {th:onstorage,data-th-onstorage}] [1000]: org.thymeleaf.standard.processor.StandardDOMEventAttributeTagProcessor
[THYMELEAF]             * [* {th:onmouseout,data-th-onmouseout}] [1000]: org.thymeleaf.standard.processor.StandardDOMEventAttributeTagProcessor
[THYMELEAF]             * [* {th:ondragover,data-th-ondragover}] [1000]: org.thymeleaf.standard.processor.StandardDOMEventAttributeTagProcessor
[THYMELEAF]             * [* {th:onplaying,data-th-onplaying}] [1000]: org.thymeleaf.standard.processor.StandardDOMEventAttributeTagProcessor
[THYMELEAF]             * [* {th:onkeyup,data-th-onkeyup}] [1000]: org.thymeleaf.standard.processor.StandardDOMEventAttributeTagProcessor
[THYMELEAF]             * [* {th:onerror,data-th-onerror}] [1000]: org.thymeleaf.standard.processor.StandardDOMEventAttributeTagProcessor
[THYMELEAF]             * [* {th:onpause,data-th-onpause}] [1000]: org.thymeleaf.standard.processor.StandardDOMEventAttributeTagProcessor
[THYMELEAF]             * [* {th:oncanplaythrough,data-th-oncanplaythrough}] [1000]: org.thymeleaf.standard.processor.StandardDOMEventAttributeTagProcessor
[THYMELEAF]             * [* {th:onblur,data-th-onblur}] [1000]: org.thymeleaf.standard.processor.StandardDOMEventAttributeTagProcessor
[THYMELEAF]             * [* {th:href,data-th-href}] [1000]: org.thymeleaf.standard.processor.StandardHrefTagProcessor
[THYMELEAF]             * [* {th:inline,data-th-inline}] [1000]: org.thymeleaf.standard.processor.StandardInlineHTMLTagProcessor
[THYMELEAF]             * [* {th:method,data-th-method}] [1000]: org.thymeleaf.standard.processor.StandardMethodTagProcessor
[THYMELEAF]             * [* {th:name,data-th-name}] [1000]: org.thymeleaf.standard.processor.StandardNonRemovableAttributeTagProcessor
[THYMELEAF]             * [* {th:type,data-th-type}] [1000]: org.thymeleaf.standard.processor.StandardNonRemovableAttributeTagProcessor
[THYMELEAF]             * [* {th:marginwidth,data-th-marginwidth}] [1000]: org.thymeleaf.standard.processor.StandardRemovableAttributeTagProcessor
[THYMELEAF]             * [* {th:formaction,data-th-formaction}] [1000]: org.thymeleaf.standard.processor.StandardRemovableAttributeTagProcessor
[THYMELEAF]             * [* {th:border,data-th-border}] [1000]: org.thymeleaf.standard.processor.StandardRemovableAttributeTagProcessor
[THYMELEAF]             * [* {th:title,data-th-title}] [1000]: org.thymeleaf.standard.processor.StandardRemovableAttributeTagProcessor
[THYMELEAF]             * [* {th:manifest,data-th-manifest}] [1000]: org.thymeleaf.standard.processor.StandardRemovableAttributeTagProcessor
[THYMELEAF]             * [* {th:step,data-th-step}] [1000]: org.thymeleaf.standard.processor.StandardRemovableAttributeTagProcessor
[THYMELEAF]             * [* {th:summary,data-th-summary}] [1000]: org.thymeleaf.standard.processor.StandardRemovableAttributeTagProcessor
[THYMELEAF]             * [* {th:pattern,data-th-pattern}] [1000]: org.thymeleaf.standard.processor.StandardRemovableAttributeTagProcessor
[THYMELEAF]             * [* {th:marginheight,data-th-marginheight}] [1000]: org.thymeleaf.standard.processor.StandardRemovableAttributeTagProcessor
[THYMELEAF]             * [* {th:draggable,data-th-draggable}] [1000]: org.thymeleaf.standard.processor.StandardRemovableAttributeTagProcessor
[THYMELEAF]             * [* {th:cellspacing,data-th-cellspacing}] [1000]: org.thymeleaf.standard.processor.StandardRemovableAttributeTagProcessor
[THYMELEAF]             * [* {th:cite,data-th-cite}] [1000]: org.thymeleaf.standard.processor.StandardRemovableAttributeTagProcessor
[THYMELEAF]             * [* {th:srclang,data-th-srclang}] [1000]: org.thymeleaf.standard.processor.StandardRemovableAttributeTagProcessor
[THYMELEAF]             * [* {th:classid,data-th-classid}] [1000]: org.thymeleaf.standard.processor.StandardRemovableAttributeTagProcessor
[THYMELEAF]             * [* {th:accesskey,data-th-accesskey}] [1000]: org.thymeleaf.standard.processor.StandardRemovableAttributeTagProcessor
[THYMELEAF]             * [* {th:tabindex,data-th-tabindex}] [1000]: org.thymeleaf.standard.processor.StandardRemovableAttributeTagProcessor
[THYMELEAF]             * [* {th:rev,data-th-rev}] [1000]: org.thymeleaf.standard.processor.StandardRemovableAttributeTagProcessor
[THYMELEAF]             * [* {th:size,data-th-size}] [1000]: org.thymeleaf.standard.processor.StandardRemovableAttributeTagProcessor
[THYMELEAF]             * [* {th:longdesc,data-th-longdesc}] [1000]: org.thymeleaf.standard.processor.StandardRemovableAttributeTagProcessor
[THYMELEAF]             * [* {th:scope,data-th-scope}] [1000]: org.thymeleaf.standard.processor.StandardRemovableAttributeTagProcessor
[THYMELEAF]             * [* {th:rules,data-th-rules}] [1000]: org.thymeleaf.standard.processor.StandardRemovableAttributeTagProcessor
[THYMELEAF]             * [* {th:colspan,data-th-colspan}] [1000]: org.thymeleaf.standard.processor.StandardRemovableAttributeTagProcessor
[THYMELEAF]             * [* {th:wrap,data-th-wrap}] [1000]: org.thymeleaf.standard.processor.StandardRemovableAttributeTagProcessor
[THYMELEAF]             * [* {th:audio,data-th-audio}] [1000]: org.thymeleaf.standard.processor.StandardRemovableAttributeTagProcessor
[THYMELEAF]             * [* {th:style,data-th-style}] [1000]: org.thymeleaf.standard.processor.StandardRemovableAttributeTagProcessor
[THYMELEAF]             * [* {th:hreflang,data-th-hreflang}] [1000]: org.thymeleaf.standard.processor.StandardRemovableAttributeTagProcessor
[THYMELEAF]             * [* {th:form,data-th-form}] [1000]: org.thymeleaf.standard.processor.StandardRemovableAttributeTagProcessor
[THYMELEAF]             * [* {th:high,data-th-high}] [1000]: org.thymeleaf.standard.processor.StandardRemovableAttributeTagProcessor
[THYMELEAF]             * [* {th:radiogroup,data-th-radiogroup}] [1000]: org.thymeleaf.standard.processor.StandardRemovableAttributeTagProcessor
[THYMELEAF]             * [* {th:challenge,data-th-challenge}] [1000]: org.thymeleaf.standard.processor.StandardRemovableAttributeTagProcessor
[THYMELEAF]             * [* {th:formenctype,data-th-formenctype}] [1000]: org.thymeleaf.standard.processor.StandardRemovableAttributeTagProcessor
[THYMELEAF]             * [* {th:media,data-th-media}] [1000]: org.thymeleaf.standard.processor.StandardRemovableAttributeTagProcessor
[THYMELEAF]             * [* {th:scrolling,data-th-scrolling}] [1000]: org.thymeleaf.standard.processor.StandardRemovableAttributeTagProcessor
[THYMELEAF]             * [* {th:align,data-th-align}] [1000]: org.thymeleaf.standard.processor.StandardRemovableAttributeTagProcessor
[THYMELEAF]             * [* {th:rowspan,data-th-rowspan}] [1000]: org.thymeleaf.standard.processor.StandardRemovableAttributeTagProcessor
[THYMELEAF]             * [* {th:low,data-th-low}] [1000]: org.thymeleaf.standard.processor.StandardRemovableAttributeTagProcessor
[THYMELEAF]             * [* {th:min,data-th-min}] [1000]: org.thymeleaf.standard.processor.StandardRemovableAttributeTagProcessor
[THYMELEAF]             * [* {th:cols,data-th-cols}] [1000]: org.thymeleaf.standard.processor.StandardRemovableAttributeTagProcessor
[THYMELEAF]             * [* {th:vspace,data-th-vspace}] [1000]: org.thymeleaf.standard.processor.StandardRemovableAttributeTagProcessor
[THYMELEAF]             * [* {th:datetime,data-th-datetime}] [1000]: org.thymeleaf.standard.processor.StandardRemovableAttributeTagProcessor
[THYMELEAF]             * [* {th:dropzone,data-th-dropzone}] [1000]: org.thymeleaf.standard.processor.StandardRemovableAttributeTagProcessor
[THYMELEAF]             * [* {th:usemap,data-th-usemap}] [1000]: org.thymeleaf.standard.processor.StandardRemovableAttributeTagProcessor
[THYMELEAF]             * [* {th:content,data-th-content}] [1000]: org.thymeleaf.standard.processor.StandardRemovableAttributeTagProcessor
[THYMELEAF]             * [* {th:dir,data-th-dir}] [1000]: org.thymeleaf.standard.processor.StandardRemovableAttributeTagProcessor
[THYMELEAF]             * [* {th:rows,data-th-rows}] [1000]: org.thymeleaf.standard.processor.StandardRemovableAttributeTagProcessor
[THYMELEAF]             * [* {th:id,data-th-id}] [1000]: org.thymeleaf.standard.processor.StandardRemovableAttributeTagProcessor
[THYMELEAF]             * [* {th:sizes,data-th-sizes}] [1000]: org.thymeleaf.standard.processor.StandardRemovableAttributeTagProcessor
[THYMELEAF]             * [* {th:standby,data-th-standby}] [1000]: org.thymeleaf.standard.processor.StandardRemovableAttributeTagProcessor
[THYMELEAF]             * [* {th:data,data-th-data}] [1000]: org.thymeleaf.standard.processor.StandardRemovableAttributeTagProcessor
[THYMELEAF]             * [* {th:rel,data-th-rel}] [1000]: org.thymeleaf.standard.processor.StandardRemovableAttributeTagProcessor
[THYMELEAF]             * [* {th:compact,data-th-compact}] [1000]: org.thymeleaf.standard.processor.StandardRemovableAttributeTagProcessor
[THYMELEAF]             * [* {th:max,data-th-max}] [1000]: org.thymeleaf.standard.processor.StandardRemovableAttributeTagProcessor
[THYMELEAF]             * [* {th:autocomplete,data-th-autocomplete}] [1000]: org.thymeleaf.standard.processor.StandardRemovableAttributeTagProcessor
[THYMELEAF]             * [* {th:preload,data-th-preload}] [1000]: org.thymeleaf.standard.processor.StandardRemovableAttributeTagProcessor
[THYMELEAF]             * [* {th:lang,data-th-lang}] [1000]: org.thymeleaf.standard.processor.StandardRemovableAttributeTagProcessor
[THYMELEAF]             * [* {th:frameborder,data-th-frameborder}] [1000]: org.thymeleaf.standard.processor.StandardRemovableAttributeTagProcessor
[THYMELEAF]             * [* {th:list,data-th-list}] [1000]: org.thymeleaf.standard.processor.StandardRemovableAttributeTagProcessor
[THYMELEAF]             * [* {th:span,data-th-span}] [1000]: org.thymeleaf.standard.processor.StandardRemovableAttributeTagProcessor
[THYMELEAF]             * [* {th:spellcheck,data-th-spellcheck}] [1000]: org.thymeleaf.standard.processor.StandardRemovableAttributeTagProcessor
[THYMELEAF]             * [* {th:frame,data-th-frame}] [1000]: org.thymeleaf.standard.processor.StandardRemovableAttributeTagProcessor
[THYMELEAF]             * [* {th:maxlength,data-th-maxlength}] [1000]: org.thymeleaf.standard.processor.StandardRemovableAttributeTagProcessor
[THYMELEAF]             * [* {th:height,data-th-height}] [1000]: org.thymeleaf.standard.processor.StandardRemovableAttributeTagProcessor
[THYMELEAF]             * [* {th:abbr,data-th-abbr}] [1000]: org.thymeleaf.standard.processor.StandardRemovableAttributeTagProcessor
[THYMELEAF]             * [* {th:headers,data-th-headers}] [1000]: org.thymeleaf.standard.processor.StandardRemovableAttributeTagProcessor
[THYMELEAF]             * [* {th:keytype,data-th-keytype}] [1000]: org.thymeleaf.standard.processor.StandardRemovableAttributeTagProcessor
[THYMELEAF]             * [* {th:contextmenu,data-th-contextmenu}] [1000]: org.thymeleaf.standard.processor.StandardRemovableAttributeTagProcessor
[THYMELEAF]             * [* {th:scheme,data-th-scheme}] [1000]: org.thymeleaf.standard.processor.StandardRemovableAttributeTagProcessor
[THYMELEAF]             * [* {th:alt,data-th-alt}] [1000]: org.thymeleaf.standard.processor.StandardRemovableAttributeTagProcessor
[THYMELEAF]             * [* {th:class,data-th-class}] [1000]: org.thymeleaf.standard.processor.StandardRemovableAttributeTagProcessor
[THYMELEAF]             * [* {th:placeholder,data-th-placeholder}] [1000]: org.thymeleaf.standard.processor.StandardRemovableAttributeTagProcessor
[THYMELEAF]             * [* {th:formtarget,data-th-formtarget}] [1000]: org.thymeleaf.standard.processor.StandardRemovableAttributeTagProcessor
[THYMELEAF]             * [* {th:bgcolor,data-th-bgcolor}] [1000]: org.thymeleaf.standard.processor.StandardRemovableAttributeTagProcessor
[THYMELEAF]             * [* {th:valuetype,data-th-valuetype}] [1000]: org.thymeleaf.standard.processor.StandardRemovableAttributeTagProcessor
[THYMELEAF]             * [* {th:optimum,data-th-optimum}] [1000]: org.thymeleaf.standard.processor.StandardRemovableAttributeTagProcessor
[THYMELEAF]             * [* {th:poster,data-th-poster}] [1000]: org.thymeleaf.standard.processor.StandardRemovableAttributeTagProcessor
[THYMELEAF]             * [* {th:for,data-th-for}] [1000]: org.thymeleaf.standard.processor.StandardRemovableAttributeTagProcessor
[THYMELEAF]             * [* {th:kind,data-th-kind}] [1000]: org.thymeleaf.standard.processor.StandardRemovableAttributeTagProcessor
[THYMELEAF]             * [* {th:hspace,data-th-hspace}] [1000]: org.thymeleaf.standard.processor.StandardRemovableAttributeTagProcessor
[THYMELEAF]             * [* {th:enctype,data-th-enctype}] [1000]: org.thymeleaf.standard.processor.StandardRemovableAttributeTagProcessor
[THYMELEAF]             * [* {th:codetype,data-th-codetype}] [1000]: org.thymeleaf.standard.processor.StandardRemovableAttributeTagProcessor
[THYMELEAF]             * [* {th:codebase,data-th-codebase}] [1000]: org.thymeleaf.standard.processor.StandardRemovableAttributeTagProcessor
[THYMELEAF]             * [* {th:accept,data-th-accept}] [1000]: org.thymeleaf.standard.processor.StandardRemovableAttributeTagProcessor
[THYMELEAF]             * [* {th:label,data-th-label}] [1000]: org.thymeleaf.standard.processor.StandardRemovableAttributeTagProcessor
[THYMELEAF]             * [* {th:contenteditable,data-th-contenteditable}] [1000]: org.thymeleaf.standard.processor.StandardRemovableAttributeTagProcessor
[THYMELEAF]             * [* {th:width,data-th-width}] [1000]: org.thymeleaf.standard.processor.StandardRemovableAttributeTagProcessor
[THYMELEAF]             * [* {th:background,data-th-background}] [1000]: org.thymeleaf.standard.processor.StandardRemovableAttributeTagProcessor
[THYMELEAF]             * [* {th:start,data-th-start}] [1000]: org.thymeleaf.standard.processor.StandardRemovableAttributeTagProcessor
[THYMELEAF]             * [* {th:cellpadding,data-th-cellpadding}] [1000]: org.thymeleaf.standard.processor.StandardRemovableAttributeTagProcessor
[THYMELEAF]             * [* {th:axis,data-th-axis}] [1000]: org.thymeleaf.standard.processor.StandardRemovableAttributeTagProcessor
[THYMELEAF]             * [* {th:target,data-th-target}] [1000]: org.thymeleaf.standard.processor.StandardRemovableAttributeTagProcessor
[THYMELEAF]             * [* {th:icon,data-th-icon}] [1000]: org.thymeleaf.standard.processor.StandardRemovableAttributeTagProcessor
[THYMELEAF]             * [* {th:sandbox,data-th-sandbox}] [1000]: org.thymeleaf.standard.processor.StandardRemovableAttributeTagProcessor
[THYMELEAF]             * [* {th:accept-charset,data-th-accept-charset}] [1000]: org.thymeleaf.standard.processor.StandardRemovableAttributeTagProcessor
[THYMELEAF]             * [* {th:charset,data-th-charset}] [1000]: org.thymeleaf.standard.processor.StandardRemovableAttributeTagProcessor
[THYMELEAF]             * [* {th:formmethod,data-th-formmethod}] [1000]: org.thymeleaf.standard.processor.StandardRemovableAttributeTagProcessor
[THYMELEAF]             * [* {th:http-equiv,data-th-http-equiv}] [1000]: org.thymeleaf.standard.processor.StandardRemovableAttributeTagProcessor
[THYMELEAF]             * [* {th:archive,data-th-archive}] [1000]: org.thymeleaf.standard.processor.StandardRemovableAttributeTagProcessor
[THYMELEAF]             * [* {th:src,data-th-src}] [1000]: org.thymeleaf.standard.processor.StandardSrcTagProcessor
[THYMELEAF]             * [* {th:value,data-th-value}] [1000]: org.thymeleaf.standard.processor.StandardValueTagProcessor
[THYMELEAF]             * [* {th:xmlbase,data-th-xmlbase}] [1000]: org.thymeleaf.standard.processor.StandardXmlBaseTagProcessor
[THYMELEAF]             * [* {th:xmllang,data-th-xmllang}] [1000]: org.thymeleaf.standard.processor.StandardXmlLangTagProcessor
[THYMELEAF]             * [* {xmlns:th}] [1000]: org.thymeleaf.standard.processor.StandardXmlNsTagProcessor
[THYMELEAF]             * [* {th:xmlspace,data-th-xmlspace}] [1000]: org.thymeleaf.standard.processor.StandardXmlSpaceTagProcessor
[THYMELEAF]             * [* {th:classappend,data-th-classappend}] [1100]: org.thymeleaf.standard.processor.StandardClassappendTagProcessor
[THYMELEAF]             * [* {th:styleappend,data-th-styleappend}] [1100]: org.thymeleaf.standard.processor.StandardStyleappendTagProcessor
[THYMELEAF]             * [* {th:text,data-th-text}] [1300]: org.thymeleaf.standard.processor.StandardTextTagProcessor
[THYMELEAF]             * [* {th:utext,data-th-utext}] [1400]: org.thymeleaf.standard.processor.StandardUtextTagProcessor
[THYMELEAF]             * [* {th:fragment,data-th-fragment}] [1500]: org.thymeleaf.standard.processor.StandardFragmentTagProcessor
[THYMELEAF]             * [* {th:assert,data-th-assert}] [1550]: org.thymeleaf.standard.processor.StandardAssertTagProcessor
[THYMELEAF]             * [* {th:remove,data-th-remove}] [1600]: org.thymeleaf.standard.processor.StandardRemoveTagProcessor
[THYMELEAF]             * [* {th:ref,data-th-ref}] [10000]: org.thymeleaf.standard.processor.StandardRefAttributeTagProcessor
[THYMELEAF]             * [{th:block,th-block} *] [100000]: org.thymeleaf.standard.processor.StandardBlockTagProcessor
[THYMELEAF]             * [* th:*] [2147483647]: org.thymeleaf.standard.processor.StandardDefaultAttributesTagProcessor
[THYMELEAF]         * Text Processors by [precedence]:
[THYMELEAF]             * [1000]: org.thymeleaf.standard.processor.StandardInliningTextProcessor
[THYMELEAF]         * DOCTYPE Processors by [precedence]:
[THYMELEAF]             * [1000]: org.thymeleaf.standard.processor.StandardTranslationDocTypeProcessor
[THYMELEAF]         * CDATA Section Processors by [precedence]:
[THYMELEAF]             * [1000]: org.thymeleaf.standard.processor.StandardInliningCDATASectionProcessor
[THYMELEAF]         * Comment Processors by [precedence]:
[THYMELEAF]             * [1000]: org.thymeleaf.standard.processor.StandardInliningCommentProcessor
[THYMELEAF]             * [1100]: org.thymeleaf.standard.processor.StandardConditionalCommentProcessor
[THYMELEAF]     * Processors for Template Mode: XML
[THYMELEAF]         * Element Tag Processors by [matching element and attribute name] [precedence]:
[THYMELEAF]             * [* {th:include}] [100]: org.thymeleaf.standard.processor.StandardIncludeTagProcessor
[THYMELEAF]             * [* {th:insert}] [100]: org.thymeleaf.standard.processor.StandardInsertTagProcessor
[THYMELEAF]             * [* {th:replace}] [100]: org.thymeleaf.standard.processor.StandardReplaceTagProcessor
[THYMELEAF]             * [* {th:each}] [200]: com.intuit.karate.template.KarateEachTagProcessor
[THYMELEAF]             * [* {th:switch}] [250]: org.thymeleaf.standard.processor.StandardSwitchTagProcessor
[THYMELEAF]             * [* {th:case}] [275]: org.thymeleaf.standard.processor.StandardCaseTagProcessor
[THYMELEAF]             * [* {th:if}] [300]: org.thymeleaf.standard.processor.StandardIfTagProcessor
[THYMELEAF]             * [* {th:unless}] [400]: org.thymeleaf.standard.processor.StandardUnlessTagProcessor
[THYMELEAF]             * [* {th:object}] [500]: org.thymeleaf.standard.processor.StandardObjectTagProcessor
[THYMELEAF]             * [* {th:with}] [600]: com.intuit.karate.template.KarateWithTagProcessor
[THYMELEAF]             * [* {th:attr}] [700]: com.intuit.karate.template.KarateAttributeTagProcessor.KarateAttrTagProcessor
[THYMELEAF]             * [* {th:attrappend}] [900]: com.intuit.karate.template.KarateAttributeTagProcessor.KarateAttrappendTagProcessor
[THYMELEAF]             * [* {th:attrprepend}] [900]: com.intuit.karate.template.KarateAttributeTagProcessor.KarateAttrprependTagProcessor
[THYMELEAF]             * [* {th:inline}] [1000]: org.thymeleaf.standard.processor.StandardInlineXMLTagProcessor
[THYMELEAF]             * [* {xmlns:th}] [1000]: org.thymeleaf.standard.processor.StandardXmlNsTagProcessor
[THYMELEAF]             * [* {th:text}] [1300]: org.thymeleaf.standard.processor.StandardTextTagProcessor
[THYMELEAF]             * [* {th:utext}] [1400]: org.thymeleaf.standard.processor.StandardUtextTagProcessor
[THYMELEAF]             * [* {th:fragment}] [1500]: org.thymeleaf.standard.processor.StandardFragmentTagProcessor
[THYMELEAF]             * [* {th:assert}] [1550]: org.thymeleaf.standard.processor.StandardAssertTagProcessor
[THYMELEAF]             * [* {th:remove}] [1600]: org.thymeleaf.standard.processor.StandardRemoveTagProcessor
[THYMELEAF]             * [* {th:ref}] [10000]: org.thymeleaf.standard.processor.StandardRefAttributeTagProcessor
[THYMELEAF]             * [{th:block} *] [100000]: org.thymeleaf.standard.processor.StandardBlockTagProcessor
[THYMELEAF]             * [* th:*] [2147483647]: org.thymeleaf.standard.processor.StandardDefaultAttributesTagProcessor
[THYMELEAF]         * Text Processors by [precedence]:
[THYMELEAF]             * [1000]: org.thymeleaf.standard.processor.StandardInliningTextProcessor
[THYMELEAF]         * CDATA Section Processors by [precedence]:
[THYMELEAF]             * [1000]: org.thymeleaf.standard.processor.StandardInliningCDATASectionProcessor
[THYMELEAF]         * Comment Processors by [precedence]:
[THYMELEAF]             * [1000]: org.thymeleaf.standard.processor.StandardInliningCommentProcessor
[THYMELEAF]     * Processors for Template Mode: TEXT
[THYMELEAF]         * Element Tag Processors by [matching element and attribute name] [precedence]:
[THYMELEAF]             * [* {th:insert}] [100]: org.thymeleaf.standard.processor.StandardInsertTagProcessor
[THYMELEAF]             * [* {th:replace}] [100]: org.thymeleaf.standard.processor.StandardReplaceTagProcessor
[THYMELEAF]             * [* {th:each}] [200]: com.intuit.karate.template.KarateEachTagProcessor
[THYMELEAF]             * [* {th:switch}] [250]: org.thymeleaf.standard.processor.StandardSwitchTagProcessor
[THYMELEAF]             * [* {th:case}] [275]: org.thymeleaf.standard.processor.StandardCaseTagProcessor
[THYMELEAF]             * [* {th:if}] [300]: org.thymeleaf.standard.processor.StandardIfTagProcessor
[THYMELEAF]             * [* {th:unless}] [400]: org.thymeleaf.standard.processor.StandardUnlessTagProcessor
[THYMELEAF]             * [* {th:object}] [500]: org.thymeleaf.standard.processor.StandardObjectTagProcessor
[THYMELEAF]             * [* {th:with}] [600]: com.intuit.karate.template.KarateWithTagProcessor
[THYMELEAF]             * [* {th:inline}] [1000]: org.thymeleaf.standard.processor.StandardInlineTextualTagProcessor
[THYMELEAF]             * [* {th:text}] [1300]: org.thymeleaf.standard.processor.StandardTextTagProcessor
[THYMELEAF]             * [* {th:utext}] [1400]: org.thymeleaf.standard.processor.StandardUtextTagProcessor
[THYMELEAF]             * [* {th:assert}] [1550]: org.thymeleaf.standard.processor.StandardAssertTagProcessor
[THYMELEAF]             * [* {th:remove}] [1600]: org.thymeleaf.standard.processor.StandardRemoveTagProcessor
[THYMELEAF]             * [{th:block} *] [100000]: org.thymeleaf.standard.processor.StandardBlockTagProcessor
[THYMELEAF]             * [* 100000] [org.thymeleaf.standard.processor.StandardBlockTagProcessor]: {}
[THYMELEAF]         * Text Processors by [precedence]:
[THYMELEAF]             * [1000]: org.thymeleaf.standard.processor.StandardInliningTextProcessor
[THYMELEAF]     * Processors for Template Mode: JAVASCRIPT
[THYMELEAF]         * Element Tag Processors by [matching element and attribute name] [precedence]:
[THYMELEAF]             * [* {th:insert}] [100]: org.thymeleaf.standard.processor.StandardInsertTagProcessor
[THYMELEAF]             * [* {th:replace}] [100]: org.thymeleaf.standard.processor.StandardReplaceTagProcessor
[THYMELEAF]             * [* {th:each}] [200]: com.intuit.karate.template.KarateEachTagProcessor
[THYMELEAF]             * [* {th:switch}] [250]: org.thymeleaf.standard.processor.StandardSwitchTagProcessor
[THYMELEAF]             * [* {th:case}] [275]: org.thymeleaf.standard.processor.StandardCaseTagProcessor
[THYMELEAF]             * [* {th:if}] [300]: org.thymeleaf.standard.processor.StandardIfTagProcessor
[THYMELEAF]             * [* {th:unless}] [400]: org.thymeleaf.standard.processor.StandardUnlessTagProcessor
[THYMELEAF]             * [* {th:object}] [500]: org.thymeleaf.standard.processor.StandardObjectTagProcessor
[THYMELEAF]             * [* {th:with}] [600]: com.intuit.karate.template.KarateWithTagProcessor
[THYMELEAF]             * [* {th:inline}] [1000]: org.thymeleaf.standard.processor.StandardInlineTextualTagProcessor
[THYMELEAF]             * [* {th:text}] [1300]: org.thymeleaf.standard.processor.StandardTextTagProcessor
[THYMELEAF]             * [* {th:utext}] [1400]: org.thymeleaf.standard.processor.StandardUtextTagProcessor
[THYMELEAF]             * [* {th:assert}] [1550]: org.thymeleaf.standard.processor.StandardAssertTagProcessor
[THYMELEAF]             * [* {th:remove}] [1600]: org.thymeleaf.standard.processor.StandardRemoveTagProcessor
[THYMELEAF]             * [* 100000] [org.thymeleaf.standard.processor.StandardBlockTagProcessor]: {}
[THYMELEAF]             * [{th:block} *] [100000]: org.thymeleaf.standard.processor.StandardBlockTagProcessor
[THYMELEAF]         * Text Processors by [precedence]:
[THYMELEAF]             * [1000]: org.thymeleaf.standard.processor.StandardInliningTextProcessor
[THYMELEAF]     * Processors for Template Mode: CSS
[THYMELEAF]         * Element Tag Processors by [matching element and attribute name] [precedence]:
[THYMELEAF]             * [* {th:insert}] [100]: org.thymeleaf.standard.processor.StandardInsertTagProcessor
[THYMELEAF]             * [* {th:replace}] [100]: org.thymeleaf.standard.processor.StandardReplaceTagProcessor
[THYMELEAF]             * [* {th:each}] [200]: com.intuit.karate.template.KarateEachTagProcessor
[THYMELEAF]             * [* {th:switch}] [250]: org.thymeleaf.standard.processor.StandardSwitchTagProcessor
[THYMELEAF]             * [* {th:case}] [275]: org.thymeleaf.standard.processor.StandardCaseTagProcessor
[THYMELEAF]             * [* {th:if}] [300]: org.thymeleaf.standard.processor.StandardIfTagProcessor
[THYMELEAF]             * [* {th:unless}] [400]: org.thymeleaf.standard.processor.StandardUnlessTagProcessor
[THYMELEAF]             * [* {th:object}] [500]: org.thymeleaf.standard.processor.StandardObjectTagProcessor
[THYMELEAF]             * [* {th:with}] [600]: com.intuit.karate.template.KarateWithTagProcessor
[THYMELEAF]             * [* {th:inline}] [1000]: org.thymeleaf.standard.processor.StandardInlineTextualTagProcessor
[THYMELEAF]             * [* {th:text}] [1300]: org.thymeleaf.standard.processor.StandardTextTagProcessor
[THYMELEAF]             * [* {th:utext}] [1400]: org.thymeleaf.standard.processor.StandardUtextTagProcessor
[THYMELEAF]             * [* {th:assert}] [1550]: org.thymeleaf.standard.processor.StandardAssertTagProcessor
[THYMELEAF]             * [* {th:remove}] [1600]: org.thymeleaf.standard.processor.StandardRemoveTagProcessor
[THYMELEAF]             * [* 100000] [org.thymeleaf.standard.processor.StandardBlockTagProcessor]: {}
[THYMELEAF]             * [{th:block} *] [100000]: org.thymeleaf.standard.processor.StandardBlockTagProcessor
[THYMELEAF]         * Text Processors by [precedence]:
[THYMELEAF]             * [1000]: org.thymeleaf.standard.processor.StandardInliningTextProcessor
[THYMELEAF]     * Expression Objects:
[THYMELEAF]         * #ctx
[THYMELEAF]         * #root
[THYMELEAF]         * #vars
[THYMELEAF]         * #object
[THYMELEAF]         * #locale
[THYMELEAF]         * #conversions
[THYMELEAF]         * #uris
[THYMELEAF]         * #temporals
[THYMELEAF]         * #calendars
[THYMELEAF]         * #dates
[THYMELEAF]         * #bools
[THYMELEAF]         * #numbers
[THYMELEAF]         * #objects
[THYMELEAF]         * #strings
[THYMELEAF]         * #arrays
[THYMELEAF]         * #lists
[THYMELEAF]         * #sets
[THYMELEAF]         * #maps
[THYMELEAF]         * #aggregates
[THYMELEAF]         * #messages
[THYMELEAF]         * #ids
[THYMELEAF]         * #execInfo
[THYMELEAF]         * #request
[THYMELEAF]         * #response
[THYMELEAF]         * #session
[THYMELEAF]         * #servletContext
[THYMELEAF]     * Execution Attributes:
[THYMELEAF]         * "StandardExpressionParser": com.intuit.karate.template.KarateStandardDialect@66b6873f
[THYMELEAF]         * "StandardJavaScriptSerializer": org.thymeleaf.standard.serializer.StandardJavaScriptSerializer@760a2b6e
[THYMELEAF]         * "StandardCSSSerializer": org.thymeleaf.standard.serializer.StandardCSSSerializer@20a9f5fb
[THYMELEAF]         * "StandardVariableExpressionEvaluator": com.intuit.karate.template.KarateStandardDialect@66b6873f
[THYMELEAF]         * "StandardConversionService": org.thymeleaf.standard.expression.StandardConversionService@6d617b07
[THYMELEAF] * Dialect [2 of 2]: karate (com.intuit.karate.template.KarateScriptDialect)
[THYMELEAF]     * Prefix: "ka"
[THYMELEAF]     * Processors for Template Mode: HTML
[THYMELEAF]         * Element Tag Processors by [matching element and attribute name] [precedence]:
[THYMELEAF]             * [* {src}] [1000]: com.intuit.karate.template.KaScriptAttrProcessor
[THYMELEAF]         * Element Model Processors by [matching element and attribute name] [precedence]:
[THYMELEAF]             * [{script} {ka:scope,data-ka-scope}] [1000]: com.intuit.karate.template.KaScriptElemProcessor
[THYMELEAF]             * [* {ka:set,data-ka-set}] [1000]: com.intuit.karate.template.KaSetElemProcessor
[THYMELEAF] TEMPLATE ENGINE CONFIGURED OK
12:58:17.218 [main] DEBUG org.thymeleaf.TemplateEngine -- [THYMELEAF] TEMPLATE ENGINE INITIALIZED

HTML report: (paste into browser to view) | Karate version: 1.4.1
file:///C:/Users/swats/Mani%20Eclipse%20New%20Workspace/Karate/target/karate-reports/karate-summary.html
===================================================================

]]></system-out>
  </testcase>
</testsuite>