<?xml version="1.0" encoding="UTF-8"?>
<testsuite xmlns:xsi="http://www.w3.org/2001/XMLSchema-instance" xsi:noNamespaceSchemaLocation="https://maven.apache.org/surefire/maven-surefire-plugin/xsd/surefire-test-report-3.0.xsd" version="3.0" name="Tests.TestRunner" time="52.497" tests="1" errors="0" skipped="0" failures="0">
  <properties>
    <property name="java.specification.version" value="21"/>
    <property name="sun.cpu.isalist" value="amd64"/>
    <property name="sun.jnu.encoding" value="Cp1252"/>
    <property name="java.class.path" value="C:\Users\swats\Mani Eclipse New Workspace\Karate\target\test-classes;C:\Users\swats\Mani Eclipse New Workspace\Karate\target\classes;C:\Users\swats\.m2\repository\com\intuit\karate\karate-core\1.4.1\karate-core-1.4.1.jar;C:\Users\swats\.m2\repository\org\graalvm\js\js-scriptengine\22.3.3\js-scriptengine-22.3.3.jar;C:\Users\swats\.m2\repository\org\graalvm\sdk\graal-sdk\22.3.3\graal-sdk-22.3.3.jar;C:\Users\swats\.m2\repository\org\graalvm\js\js\22.3.3\js-22.3.3.jar;C:\Users\swats\.m2\repository\org\graalvm\regex\regex\22.3.3\regex-22.3.3.jar;C:\Users\swats\.m2\repository\org\graalvm\truffle\truffle-api\22.3.3\truffle-api-22.3.3.jar;C:\Users\swats\.m2\repository\com\ibm\icu\icu4j\71.1\icu4j-71.1.jar;C:\Users\swats\.m2\repository\org\thymeleaf\thymeleaf\3.1.2.RELEASE\thymeleaf-3.1.2.RELEASE.jar;C:\Users\swats\.m2\repository\ognl\ognl\3.3.4\ognl-3.3.4.jar;C:\Users\swats\.m2\repository\org\javassist\javassist\3.29.0-GA\javassist-3.29.0-GA.jar;C:\Users\swats\.m2\repository\org\attoparser\attoparser\2.0.7.RELEASE\attoparser-2.0.7.RELEASE.jar;C:\Users\swats\.m2\repository\org\unbescape\unbescape\1.1.6.RELEASE\unbescape-1.1.6.RELEASE.jar;C:\Users\swats\.m2\repository\org\slf4j\slf4j-api\2.0.7\slf4j-api-2.0.7.jar;C:\Users\swats\.m2\repository\com\linecorp\armeria\armeria\1.25.2\armeria-1.25.2.jar;C:\Users\swats\.m2\repository\com\fasterxml\jackson\core\jackson-core\2.15.2\jackson-core-2.15.2.jar;C:\Users\swats\.m2\repository\com\fasterxml\jackson\core\jackson-annotations\2.15.2\jackson-annotations-2.15.2.jar;C:\Users\swats\.m2\repository\com\fasterxml\jackson\core\jackson-databind\2.15.2\jackson-databind-2.15.2.jar;C:\Users\swats\.m2\repository\com\fasterxml\jackson\datatype\jackson-datatype-jdk8\2.15.2\jackson-datatype-jdk8-2.15.2.jar;C:\Users\swats\.m2\repository\com\fasterxml\jackson\datatype\jackson-datatype-jsr310\2.15.2\jackson-datatype-jsr310-2.15.2.jar;C:\Users\swats\.m2\repository\io\micrometer\micrometer-core\1.11.3\micrometer-core-1.11.3.jar;C:\Users\swats\.m2\repository\io\micrometer\micrometer-commons\1.11.3\micrometer-commons-1.11.3.jar;C:\Users\swats\.m2\repository\io\micrometer\micrometer-observation\1.11.3\micrometer-observation-1.11.3.jar;C:\Users\swats\.m2\repository\org\hdrhistogram\HdrHistogram\2.1.12\HdrHistogram-2.1.12.jar;C:\Users\swats\.m2\repository\org\latencyutils\LatencyUtils\2.0.3\LatencyUtils-2.0.3.jar;C:\Users\swats\.m2\repository\io\netty\netty-transport\4.1.96.Final\netty-transport-4.1.96.Final.jar;C:\Users\swats\.m2\repository\io\netty\netty-common\4.1.96.Final\netty-common-4.1.96.Final.jar;C:\Users\swats\.m2\repository\io\netty\netty-buffer\4.1.96.Final\netty-buffer-4.1.96.Final.jar;C:\Users\swats\.m2\repository\io\netty\netty-resolver\4.1.96.Final\netty-resolver-4.1.96.Final.jar;C:\Users\swats\.m2\repository\io\netty\netty-codec-haproxy\4.1.96.Final\netty-codec-haproxy-4.1.96.Final.jar;C:\Users\swats\.m2\repository\io\netty\netty-codec\4.1.96.Final\netty-codec-4.1.96.Final.jar;C:\Users\swats\.m2\repository\io\netty\netty-codec-http2\4.1.96.Final\netty-codec-http2-4.1.96.Final.jar;C:\Users\swats\.m2\repository\io\netty\netty-handler\4.1.96.Final\netty-handler-4.1.96.Final.jar;C:\Users\swats\.m2\repository\io\netty\netty-codec-http\4.1.96.Final\netty-codec-http-4.1.96.Final.jar;C:\Users\swats\.m2\repository\io\netty\netty-resolver-dns\4.1.96.Final\netty-resolver-dns-4.1.96.Final.jar;C:\Users\swats\.m2\repository\io\netty\netty-codec-dns\4.1.96.Final\netty-codec-dns-4.1.96.Final.jar;C:\Users\swats\.m2\repository\org\reactivestreams\reactive-streams\1.0.4\reactive-streams-1.0.4.jar;C:\Users\swats\.m2\repository\com\google\code\findbugs\jsr305\3.0.2\jsr305-3.0.2.jar;C:\Users\swats\.m2\repository\io\netty\netty-handler-proxy\4.1.96.Final\netty-handler-proxy-4.1.96.Final.jar;C:\Users\swats\.m2\repository\io\netty\netty-codec-socks\4.1.96.Final\netty-codec-socks-4.1.96.Final.jar;C:\Users\swats\.m2\repository\io\netty\netty-transport-native-unix-common\4.1.96.Final\netty-transport-native-unix-common-4.1.96.Final-linux-x86_64.jar;C:\Users\swats\.m2\repository\io\netty\netty-transport-native-epoll\4.1.96.Final\netty-transport-native-epoll-4.1.96.Final-linux-x86_64.jar;C:\Users\swats\.m2\repository\io\netty\netty-transport-native-unix-common\4.1.96.Final\netty-transport-native-unix-common-4.1.96.Final.jar;C:\Users\swats\.m2\repository\io\netty\netty-transport-classes-epoll\4.1.96.Final\netty-transport-classes-epoll-4.1.96.Final.jar;C:\Users\swats\.m2\repository\io\netty\netty-transport-native-unix-common\4.1.96.Final\netty-transport-native-unix-common-4.1.96.Final-linux-aarch_64.jar;C:\Users\swats\.m2\repository\io\netty\netty-transport-native-epoll\4.1.96.Final\netty-transport-native-epoll-4.1.96.Final-linux-aarch_64.jar;C:\Users\swats\.m2\repository\io\netty\netty-transport-native-unix-common\4.1.96.Final\netty-transport-native-unix-common-4.1.96.Final-osx-x86_64.jar;C:\Users\swats\.m2\repository\io\netty\netty-transport-native-kqueue\4.1.96.Final\netty-transport-native-kqueue-4.1.96.Final-osx-x86_64.jar;C:\Users\swats\.m2\repository\io\netty\netty-transport-classes-kqueue\4.1.96.Final\netty-transport-classes-kqueue-4.1.96.Final.jar;C:\Users\swats\.m2\repository\io\netty\netty-resolver-dns-native-macos\4.1.96.Final\netty-resolver-dns-native-macos-4.1.96.Final-osx-x86_64.jar;C:\Users\swats\.m2\repository\io\netty\netty-resolver-dns-classes-macos\4.1.96.Final\netty-resolver-dns-classes-macos-4.1.96.Final.jar;C:\Users\swats\.m2\repository\io\netty\netty-transport-native-unix-common\4.1.96.Final\netty-transport-native-unix-common-4.1.96.Final-osx-aarch_64.jar;C:\Users\swats\.m2\repository\io\netty\netty-transport-native-kqueue\4.1.96.Final\netty-transport-native-kqueue-4.1.96.Final-osx-aarch_64.jar;C:\Users\swats\.m2\repository\io\netty\netty-resolver-dns-native-macos\4.1.96.Final\netty-resolver-dns-native-macos-4.1.96.Final-osx-aarch_64.jar;C:\Users\swats\.m2\repository\io\netty\netty-tcnative-boringssl-static\2.0.61.Final\netty-tcnative-boringssl-static-2.0.61.Final-linux-x86_64.jar;C:\Users\swats\.m2\repository\io\netty\netty-tcnative-classes\2.0.61.Final\netty-tcnative-classes-2.0.61.Final.jar;C:\Users\swats\.m2\repository\io\netty\netty-tcnative-boringssl-static\2.0.61.Final\netty-tcnative-boringssl-static-2.0.61.Final-linux-aarch_64.jar;C:\Users\swats\.m2\repository\io\netty\netty-tcnative-boringssl-static\2.0.61.Final\netty-tcnative-boringssl-static-2.0.61.Final-osx-x86_64.jar;C:\Users\swats\.m2\repository\io\netty\netty-tcnative-boringssl-static\2.0.61.Final\netty-tcnative-boringssl-static-2.0.61.Final-osx-aarch_64.jar;C:\Users\swats\.m2\repository\io\netty\netty-tcnative-boringssl-static\2.0.61.Final\netty-tcnative-boringssl-static-2.0.61.Final-windows-x86_64.jar;C:\Users\swats\.m2\repository\com\aayushatharva\brotli4j\brotli4j\1.12.0\brotli4j-1.12.0.jar;C:\Users\swats\.m2\repository\com\aayushatharva\brotli4j\service\1.12.0\service-1.12.0.jar;C:\Users\swats\.m2\repository\com\aayushatharva\brotli4j\native-windows-x86_64\1.12.0\native-windows-x86_64-1.12.0.jar;C:\Users\swats\.m2\repository\org\apache\httpcomponents\httpclient\4.5.14\httpclient-4.5.14.jar;C:\Users\swats\.m2\repository\org\apache\httpcomponents\httpcore\4.4.16\httpcore-4.4.16.jar;C:\Users\swats\.m2\repository\commons-codec\commons-codec\1.16.0\commons-codec-1.16.0.jar;C:\Users\swats\.m2\repository\ch\qos\logback\logback-classic\1.4.11\logback-classic-1.4.11.jar;C:\Users\swats\.m2\repository\ch\qos\logback\logback-core\1.4.11\logback-core-1.4.11.jar;C:\Users\swats\.m2\repository\org\slf4j\jcl-over-slf4j\2.0.9\jcl-over-slf4j-2.0.9.jar;C:\Users\swats\.m2\repository\org\antlr\antlr4-runtime\4.11.1\antlr4-runtime-4.11.1.jar;C:\Users\swats\.m2\repository\com\jayway\jsonpath\json-path\2.8.0\json-path-2.8.0.jar;C:\Users\swats\.m2\repository\net\minidev\json-smart\2.4.10\json-smart-2.4.10.jar;C:\Users\swats\.m2\repository\net\minidev\accessors-smart\2.4.9\accessors-smart-2.4.9.jar;C:\Users\swats\.m2\repository\org\ow2\asm\asm\9.3\asm-9.3.jar;C:\Users\swats\.m2\repository\org\yaml\snakeyaml\2.0\snakeyaml-2.0.jar;C:\Users\swats\.m2\repository\de\siegmar\fastcsv\2.2.1\fastcsv-2.2.1.jar;C:\Users\swats\.m2\repository\info\picocli\picocli\4.7.1\picocli-4.7.1.jar;C:\Users\swats\.m2\repository\io\github\classgraph\classgraph\4.8.160\classgraph-4.8.160.jar;C:\Users\swats\.m2\repository\io\github\t12y\resemble\1.0.2\resemble-1.0.2.jar;C:\Users\swats\.m2\repository\io\github\t12y\ssim\1.0.0\ssim-1.0.0.jar;C:\Users\swats\.m2\repository\com\intuit\karate\karate-apache\0.9.6\karate-apache-0.9.6.jar;C:\Users\swats\.m2\repository\org\apache\httpcomponents\httpmime\4.5.12\httpmime-4.5.12.jar;C:\Users\swats\.m2\repository\com\intuit\karate\karate-junit5\1.4.1\karate-junit5-1.4.1.jar;C:\Users\swats\.m2\repository\org\junit\jupiter\junit-jupiter-api\5.9.3\junit-jupiter-api-5.9.3.jar;C:\Users\swats\.m2\repository\org\opentest4j\opentest4j\1.2.0\opentest4j-1.2.0.jar;C:\Users\swats\.m2\repository\org\junit\platform\junit-platform-commons\1.9.3\junit-platform-commons-1.9.3.jar;C:\Users\swats\.m2\repository\io\cucumber\cucumber-java\7.18.1\cucumber-java-7.18.1.jar;C:\Users\swats\.m2\repository\org\apiguardian\apiguardian-api\1.1.2\apiguardian-api-1.1.2.jar;C:\Users\swats\.m2\repository\io\cucumber\cucumber-testng\7.18.1\cucumber-testng-7.18.1.jar;C:\Users\swats\.m2\repository\org\testng\testng\7.10.2\testng-7.10.2.jar;C:\Users\swats\.m2\repository\com\beust\jcommander\1.82\jcommander-1.82.jar;C:\Users\swats\.m2\repository\org\webjars\jquery\3.7.1\jquery-3.7.1.jar;C:\Users\swats\.m2\repository\io\cucumber\cucumber-core\7.18.1\cucumber-core-7.18.1.jar;C:\Users\swats\.m2\repository\io\cucumber\cucumber-gherkin\7.18.1\cucumber-gherkin-7.18.1.jar;C:\Users\swats\.m2\repository\io\cucumber\cucumber-gherkin-messages\7.18.1\cucumber-gherkin-messages-7.18.1.jar;C:\Users\swats\.m2\repository\io\cucumber\gherkin\28.0.0\gherkin-28.0.0.jar;C:\Users\swats\.m2\repository\io\cucumber\messages\24.1.0\messages-24.1.0.jar;C:\Users\swats\.m2\repository\io\cucumber\testng-xml-formatter\0.2.0\testng-xml-formatter-0.2.0.jar;C:\Users\swats\.m2\repository\io\cucumber\query\12.2.0\query-12.2.0.jar;C:\Users\swats\.m2\repository\io\cucumber\tag-expressions\6.1.0\tag-expressions-6.1.0.jar;C:\Users\swats\.m2\repository\io\cucumber\cucumber-expressions\17.1.0\cucumber-expressions-17.1.0.jar;C:\Users\swats\.m2\repository\io\cucumber\datatable\7.18.1\datatable-7.18.1.jar;C:\Users\swats\.m2\repository\io\cucumber\cucumber-plugin\7.18.1\cucumber-plugin-7.18.1.jar;C:\Users\swats\.m2\repository\io\cucumber\docstring\7.18.1\docstring-7.18.1.jar;C:\Users\swats\.m2\repository\io\cucumber\html-formatter\21.4.1\html-formatter-21.4.1.jar;C:\Users\swats\.m2\repository\io\cucumber\junit-xml-formatter\0.5.0\junit-xml-formatter-0.5.0.jar;C:\Users\swats\.m2\repository\io\cucumber\ci-environment\10.0.1\ci-environment-10.0.1.jar;C:\Users\swats\.m2\repository\org\junit\jupiter\junit-jupiter-engine\5.9.3\junit-jupiter-engine-5.9.3.jar;C:\Users\swats\.m2\repository\org\junit\platform\junit-platform-engine\1.9.3\junit-platform-engine-1.9.3.jar;"/>
    <property name="java.vm.vendor" value="Eclipse Adoptium"/>
    <property name="sun.arch.data.model" value="64"/>
    <property name="user.variant" value=""/>
    <property name="java.vendor.url" value="https://adoptium.net/"/>
    <property name="user.timezone" value="Asia/Calcutta"/>
    <property name="os.name" value="Windows 11"/>
    <property name="java.vm.specification.version" value="21"/>
    <property name="sun.java.launcher" value="SUN_STANDARD"/>
    <property name="user.country" value="US"/>
    <property name="sun.boot.library.path" value="C:\Program Files\Eclipse Adoptium\jdk-21.0.3.9-hotspot\bin"/>
    <property name="sun.java.command" value="C:\Users\swats\AppData\Local\Temp\surefire4072736241575443332\surefirebooter-20240906094831813_3.jar C:\Users\swats\AppData\Local\Temp\surefire4072736241575443332 2024-09-06T09-48-31_662-jvmRun1 surefire-20240906094831813_1tmp surefire_0-20240906094831813_2tmp"/>
    <property name="jdk.debug" value="release"/>
    <property name="surefire.test.class.path" value="C:\Users\swats\Mani Eclipse New Workspace\Karate\target\test-classes;C:\Users\swats\Mani Eclipse New Workspace\Karate\target\classes;C:\Users\swats\.m2\repository\com\intuit\karate\karate-core\1.4.1\karate-core-1.4.1.jar;C:\Users\swats\.m2\repository\org\graalvm\js\js-scriptengine\22.3.3\js-scriptengine-22.3.3.jar;C:\Users\swats\.m2\repository\org\graalvm\sdk\graal-sdk\22.3.3\graal-sdk-22.3.3.jar;C:\Users\swats\.m2\repository\org\graalvm\js\js\22.3.3\js-22.3.3.jar;C:\Users\swats\.m2\repository\org\graalvm\regex\regex\22.3.3\regex-22.3.3.jar;C:\Users\swats\.m2\repository\org\graalvm\truffle\truffle-api\22.3.3\truffle-api-22.3.3.jar;C:\Users\swats\.m2\repository\com\ibm\icu\icu4j\71.1\icu4j-71.1.jar;C:\Users\swats\.m2\repository\org\thymeleaf\thymeleaf\3.1.2.RELEASE\thymeleaf-3.1.2.RELEASE.jar;C:\Users\swats\.m2\repository\ognl\ognl\3.3.4\ognl-3.3.4.jar;C:\Users\swats\.m2\repository\org\javassist\javassist\3.29.0-GA\javassist-3.29.0-GA.jar;C:\Users\swats\.m2\repository\org\attoparser\attoparser\2.0.7.RELEASE\attoparser-2.0.7.RELEASE.jar;C:\Users\swats\.m2\repository\org\unbescape\unbescape\1.1.6.RELEASE\unbescape-1.1.6.RELEASE.jar;C:\Users\swats\.m2\repository\org\slf4j\slf4j-api\2.0.7\slf4j-api-2.0.7.jar;C:\Users\swats\.m2\repository\com\linecorp\armeria\armeria\1.25.2\armeria-1.25.2.jar;C:\Users\swats\.m2\repository\com\fasterxml\jackson\core\jackson-core\2.15.2\jackson-core-2.15.2.jar;C:\Users\swats\.m2\repository\com\fasterxml\jackson\core\jackson-annotations\2.15.2\jackson-annotations-2.15.2.jar;C:\Users\swats\.m2\repository\com\fasterxml\jackson\core\jackson-databind\2.15.2\jackson-databind-2.15.2.jar;C:\Users\swats\.m2\repository\com\fasterxml\jackson\datatype\jackson-datatype-jdk8\2.15.2\jackson-datatype-jdk8-2.15.2.jar;C:\Users\swats\.m2\repository\com\fasterxml\jackson\datatype\jackson-datatype-jsr310\2.15.2\jackson-datatype-jsr310-2.15.2.jar;C:\Users\swats\.m2\repository\io\micrometer\micrometer-core\1.11.3\micrometer-core-1.11.3.jar;C:\Users\swats\.m2\repository\io\micrometer\micrometer-commons\1.11.3\micrometer-commons-1.11.3.jar;C:\Users\swats\.m2\repository\io\micrometer\micrometer-observation\1.11.3\micrometer-observation-1.11.3.jar;C:\Users\swats\.m2\repository\org\hdrhistogram\HdrHistogram\2.1.12\HdrHistogram-2.1.12.jar;C:\Users\swats\.m2\repository\org\latencyutils\LatencyUtils\2.0.3\LatencyUtils-2.0.3.jar;C:\Users\swats\.m2\repository\io\netty\netty-transport\4.1.96.Final\netty-transport-4.1.96.Final.jar;C:\Users\swats\.m2\repository\io\netty\netty-common\4.1.96.Final\netty-common-4.1.96.Final.jar;C:\Users\swats\.m2\repository\io\netty\netty-buffer\4.1.96.Final\netty-buffer-4.1.96.Final.jar;C:\Users\swats\.m2\repository\io\netty\netty-resolver\4.1.96.Final\netty-resolver-4.1.96.Final.jar;C:\Users\swats\.m2\repository\io\netty\netty-codec-haproxy\4.1.96.Final\netty-codec-haproxy-4.1.96.Final.jar;C:\Users\swats\.m2\repository\io\netty\netty-codec\4.1.96.Final\netty-codec-4.1.96.Final.jar;C:\Users\swats\.m2\repository\io\netty\netty-codec-http2\4.1.96.Final\netty-codec-http2-4.1.96.Final.jar;C:\Users\swats\.m2\repository\io\netty\netty-handler\4.1.96.Final\netty-handler-4.1.96.Final.jar;C:\Users\swats\.m2\repository\io\netty\netty-codec-http\4.1.96.Final\netty-codec-http-4.1.96.Final.jar;C:\Users\swats\.m2\repository\io\netty\netty-resolver-dns\4.1.96.Final\netty-resolver-dns-4.1.96.Final.jar;C:\Users\swats\.m2\repository\io\netty\netty-codec-dns\4.1.96.Final\netty-codec-dns-4.1.96.Final.jar;C:\Users\swats\.m2\repository\org\reactivestreams\reactive-streams\1.0.4\reactive-streams-1.0.4.jar;C:\Users\swats\.m2\repository\com\google\code\findbugs\jsr305\3.0.2\jsr305-3.0.2.jar;C:\Users\swats\.m2\repository\io\netty\netty-handler-proxy\4.1.96.Final\netty-handler-proxy-4.1.96.Final.jar;C:\Users\swats\.m2\repository\io\netty\netty-codec-socks\4.1.96.Final\netty-codec-socks-4.1.96.Final.jar;C:\Users\swats\.m2\repository\io\netty\netty-transport-native-unix-common\4.1.96.Final\netty-transport-native-unix-common-4.1.96.Final-linux-x86_64.jar;C:\Users\swats\.m2\repository\io\netty\netty-transport-native-epoll\4.1.96.Final\netty-transport-native-epoll-4.1.96.Final-linux-x86_64.jar;C:\Users\swats\.m2\repository\io\netty\netty-transport-native-unix-common\4.1.96.Final\netty-transport-native-unix-common-4.1.96.Final.jar;C:\Users\swats\.m2\repository\io\netty\netty-transport-classes-epoll\4.1.96.Final\netty-transport-classes-epoll-4.1.96.Final.jar;C:\Users\swats\.m2\repository\io\netty\netty-transport-native-unix-common\4.1.96.Final\netty-transport-native-unix-common-4.1.96.Final-linux-aarch_64.jar;C:\Users\swats\.m2\repository\io\netty\netty-transport-native-epoll\4.1.96.Final\netty-transport-native-epoll-4.1.96.Final-linux-aarch_64.jar;C:\Users\swats\.m2\repository\io\netty\netty-transport-native-unix-common\4.1.96.Final\netty-transport-native-unix-common-4.1.96.Final-osx-x86_64.jar;C:\Users\swats\.m2\repository\io\netty\netty-transport-native-kqueue\4.1.96.Final\netty-transport-native-kqueue-4.1.96.Final-osx-x86_64.jar;C:\Users\swats\.m2\repository\io\netty\netty-transport-classes-kqueue\4.1.96.Final\netty-transport-classes-kqueue-4.1.96.Final.jar;C:\Users\swats\.m2\repository\io\netty\netty-resolver-dns-native-macos\4.1.96.Final\netty-resolver-dns-native-macos-4.1.96.Final-osx-x86_64.jar;C:\Users\swats\.m2\repository\io\netty\netty-resolver-dns-classes-macos\4.1.96.Final\netty-resolver-dns-classes-macos-4.1.96.Final.jar;C:\Users\swats\.m2\repository\io\netty\netty-transport-native-unix-common\4.1.96.Final\netty-transport-native-unix-common-4.1.96.Final-osx-aarch_64.jar;C:\Users\swats\.m2\repository\io\netty\netty-transport-native-kqueue\4.1.96.Final\netty-transport-native-kqueue-4.1.96.Final-osx-aarch_64.jar;C:\Users\swats\.m2\repository\io\netty\netty-resolver-dns-native-macos\4.1.96.Final\netty-resolver-dns-native-macos-4.1.96.Final-osx-aarch_64.jar;C:\Users\swats\.m2\repository\io\netty\netty-tcnative-boringssl-static\2.0.61.Final\netty-tcnative-boringssl-static-2.0.61.Final-linux-x86_64.jar;C:\Users\swats\.m2\repository\io\netty\netty-tcnative-classes\2.0.61.Final\netty-tcnative-classes-2.0.61.Final.jar;C:\Users\swats\.m2\repository\io\netty\netty-tcnative-boringssl-static\2.0.61.Final\netty-tcnative-boringssl-static-2.0.61.Final-linux-aarch_64.jar;C:\Users\swats\.m2\repository\io\netty\netty-tcnative-boringssl-static\2.0.61.Final\netty-tcnative-boringssl-static-2.0.61.Final-osx-x86_64.jar;C:\Users\swats\.m2\repository\io\netty\netty-tcnative-boringssl-static\2.0.61.Final\netty-tcnative-boringssl-static-2.0.61.Final-osx-aarch_64.jar;C:\Users\swats\.m2\repository\io\netty\netty-tcnative-boringssl-static\2.0.61.Final\netty-tcnative-boringssl-static-2.0.61.Final-windows-x86_64.jar;C:\Users\swats\.m2\repository\com\aayushatharva\brotli4j\brotli4j\1.12.0\brotli4j-1.12.0.jar;C:\Users\swats\.m2\repository\com\aayushatharva\brotli4j\service\1.12.0\service-1.12.0.jar;C:\Users\swats\.m2\repository\com\aayushatharva\brotli4j\native-windows-x86_64\1.12.0\native-windows-x86_64-1.12.0.jar;C:\Users\swats\.m2\repository\org\apache\httpcomponents\httpclient\4.5.14\httpclient-4.5.14.jar;C:\Users\swats\.m2\repository\org\apache\httpcomponents\httpcore\4.4.16\httpcore-4.4.16.jar;C:\Users\swats\.m2\repository\commons-codec\commons-codec\1.16.0\commons-codec-1.16.0.jar;C:\Users\swats\.m2\repository\ch\qos\logback\logback-classic\1.4.11\logback-classic-1.4.11.jar;C:\Users\swats\.m2\repository\ch\qos\logback\logback-core\1.4.11\logback-core-1.4.11.jar;C:\Users\swats\.m2\repository\org\slf4j\jcl-over-slf4j\2.0.9\jcl-over-slf4j-2.0.9.jar;C:\Users\swats\.m2\repository\org\antlr\antlr4-runtime\4.11.1\antlr4-runtime-4.11.1.jar;C:\Users\swats\.m2\repository\com\jayway\jsonpath\json-path\2.8.0\json-path-2.8.0.jar;C:\Users\swats\.m2\repository\net\minidev\json-smart\2.4.10\json-smart-2.4.10.jar;C:\Users\swats\.m2\repository\net\minidev\accessors-smart\2.4.9\accessors-smart-2.4.9.jar;C:\Users\swats\.m2\repository\org\ow2\asm\asm\9.3\asm-9.3.jar;C:\Users\swats\.m2\repository\org\yaml\snakeyaml\2.0\snakeyaml-2.0.jar;C:\Users\swats\.m2\repository\de\siegmar\fastcsv\2.2.1\fastcsv-2.2.1.jar;C:\Users\swats\.m2\repository\info\picocli\picocli\4.7.1\picocli-4.7.1.jar;C:\Users\swats\.m2\repository\io\github\classgraph\classgraph\4.8.160\classgraph-4.8.160.jar;C:\Users\swats\.m2\repository\io\github\t12y\resemble\1.0.2\resemble-1.0.2.jar;C:\Users\swats\.m2\repository\io\github\t12y\ssim\1.0.0\ssim-1.0.0.jar;C:\Users\swats\.m2\repository\com\intuit\karate\karate-apache\0.9.6\karate-apache-0.9.6.jar;C:\Users\swats\.m2\repository\org\apache\httpcomponents\httpmime\4.5.12\httpmime-4.5.12.jar;C:\Users\swats\.m2\repository\com\intuit\karate\karate-junit5\1.4.1\karate-junit5-1.4.1.jar;C:\Users\swats\.m2\repository\org\junit\jupiter\junit-jupiter-api\5.9.3\junit-jupiter-api-5.9.3.jar;C:\Users\swats\.m2\repository\org\opentest4j\opentest4j\1.2.0\opentest4j-1.2.0.jar;C:\Users\swats\.m2\repository\org\junit\platform\junit-platform-commons\1.9.3\junit-platform-commons-1.9.3.jar;C:\Users\swats\.m2\repository\io\cucumber\cucumber-java\7.18.1\cucumber-java-7.18.1.jar;C:\Users\swats\.m2\repository\org\apiguardian\apiguardian-api\1.1.2\apiguardian-api-1.1.2.jar;C:\Users\swats\.m2\repository\io\cucumber\cucumber-testng\7.18.1\cucumber-testng-7.18.1.jar;C:\Users\swats\.m2\repository\org\testng\testng\7.10.2\testng-7.10.2.jar;C:\Users\swats\.m2\repository\com\beust\jcommander\1.82\jcommander-1.82.jar;C:\Users\swats\.m2\repository\org\webjars\jquery\3.7.1\jquery-3.7.1.jar;C:\Users\swats\.m2\repository\io\cucumber\cucumber-core\7.18.1\cucumber-core-7.18.1.jar;C:\Users\swats\.m2\repository\io\cucumber\cucumber-gherkin\7.18.1\cucumber-gherkin-7.18.1.jar;C:\Users\swats\.m2\repository\io\cucumber\cucumber-gherkin-messages\7.18.1\cucumber-gherkin-messages-7.18.1.jar;C:\Users\swats\.m2\repository\io\cucumber\gherkin\28.0.0\gherkin-28.0.0.jar;C:\Users\swats\.m2\repository\io\cucumber\messages\24.1.0\messages-24.1.0.jar;C:\Users\swats\.m2\repository\io\cucumber\testng-xml-formatter\0.2.0\testng-xml-formatter-0.2.0.jar;C:\Users\swats\.m2\repository\io\cucumber\query\12.2.0\query-12.2.0.jar;C:\Users\swats\.m2\repository\io\cucumber\tag-expressions\6.1.0\tag-expressions-6.1.0.jar;C:\Users\swats\.m2\repository\io\cucumber\cucumber-expressions\17.1.0\cucumber-expressions-17.1.0.jar;C:\Users\swats\.m2\repository\io\cucumber\datatable\7.18.1\datatable-7.18.1.jar;C:\Users\swats\.m2\repository\io\cucumber\cucumber-plugin\7.18.1\cucumber-plugin-7.18.1.jar;C:\Users\swats\.m2\repository\io\cucumber\docstring\7.18.1\docstring-7.18.1.jar;C:\Users\swats\.m2\repository\io\cucumber\html-formatter\21.4.1\html-formatter-21.4.1.jar;C:\Users\swats\.m2\repository\io\cucumber\junit-xml-formatter\0.5.0\junit-xml-formatter-0.5.0.jar;C:\Users\swats\.m2\repository\io\cucumber\ci-environment\10.0.1\ci-environment-10.0.1.jar;C:\Users\swats\.m2\repository\org\junit\jupiter\junit-jupiter-engine\5.9.3\junit-jupiter-engine-5.9.3.jar;C:\Users\swats\.m2\repository\org\junit\platform\junit-platform-engine\1.9.3\junit-platform-engine-1.9.3.jar;"/>
    <property name="sun.cpu.endian" value="little"/>
    <property name="user.home" value="C:\Users\swats"/>
    <property name="user.language" value="en"/>
    <property name="java.specification.vendor" value="Oracle Corporation"/>
    <property name="java.version.date" value="2024-04-16"/>
    <property name="java.home" value="C:\Program Files\Eclipse Adoptium\jdk-21.0.3.9-hotspot"/>
    <property name="file.separator" value="\"/>
    <property name="basedir" value="C:\Users\swats\Mani Eclipse New Workspace\Karate"/>
    <property name="java.vm.compressedOopsMode" value="32-bit"/>
    <property name="line.separator" value="&#10;"/>
    <property name="java.vm.specification.vendor" value="Oracle Corporation"/>
    <property name="java.specification.name" value="Java Platform API Specification"/>
    <property name="karate.options" value="classpath:Tests/demo-01.feature"/>
    <property name="surefire.real.class.path" value="C:\Users\swats\AppData\Local\Temp\surefire4072736241575443332\surefirebooter-20240906094831813_3.jar"/>
    <property name="user.script" value=""/>
    <property name="sun.management.compiler" value="HotSpot 64-Bit Tiered Compilers"/>
    <property name="java.runtime.version" value="21.0.3+9-LTS"/>
    <property name="user.name" value="swats"/>
    <property name="stdout.encoding" value="Cp1252"/>
    <property name="path.separator" value=";"/>
    <property name="os.version" value="10.0"/>
    <property name="java.runtime.name" value="OpenJDK Runtime Environment"/>
    <property name="file.encoding" value="UTF-8"/>
    <property name="java.vm.name" value="OpenJDK 64-Bit Server VM"/>
    <property name="java.vendor.version" value="Temurin-21.0.3+9"/>
    <property name="localRepository" value="C:\Users\swats\.m2\repository"/>
    <property name="java.vendor.url.bug" value="https://github.com/adoptium/adoptium-support/issues"/>
    <property name="java.io.tmpdir" value="C:\Users\swats\AppData\Local\Temp\"/>
    <property name="java.version" value="21.0.3"/>
    <property name="user.dir" value="C:\Users\swats\Mani Eclipse New Workspace\Karate"/>
    <property name="os.arch" value="amd64"/>
    <property name="java.vm.specification.name" value="Java Virtual Machine Specification"/>
    <property name="sun.os.patch.level" value=""/>
    <property name="native.encoding" value="Cp1252"/>
    <property name="java.library.path" value="C:\Program Files\Eclipse Adoptium\jdk-21.0.3.9-hotspot\bin;C:\Windows\Sun\Java\bin;C:\Windows\system32;C:\Windows;C:\Program Files\Eclipse Adoptium\jdk-21.0.3.9-hotspot\bin;C:\Program Files (x86)\Common Files\Oracle\Java\javapath;C:\Windows\system32;C:\Windows;C:\Windows\System32\Wbem;C:\Windows\System32\WindowsPowerShell\v1.0\;C:\Windows\System32\OpenSSH\;C:\Program Files\dotnet\;C:\Program Files (x86)\Java\bin;C:\Program Files\apache-maven-3.9.6\bin;C:\Program Files\apache-maven-3.9.8\bin;C:\Program Files\Git\cmd;C:\Program Files\nodejs\;C:\ProgramData\chocolatey\bin;C:\Users\swats\AppData\Roaming\npm;C:\Users\swats\AppData\Local\Microsoft\WindowsApps;C:\Program Files\JetBrains\IntelliJ IDEA Educational Edition 2022.2.2\bin;C:\Program Files\JetBrains\PyCharm 2023.1.3\bin;C:\Program Files\JetBrains\PyCharm Community Edition 2024.1.4\bin;C:\Program Files\JetBrains\IntelliJ IDEA Community Edition 2024.1.4\bin;;."/>
    <property name="java.vm.info" value="mixed mode, sharing"/>
    <property name="stderr.encoding" value="Cp1252"/>
    <property name="java.vendor" value="Eclipse Adoptium"/>
    <property name="java.vm.version" value="21.0.3+9-LTS"/>
    <property name="sun.io.unicode.encoding" value="UnicodeLittle"/>
    <property name="java.class.version" value="65.0"/>
  </properties>
  <testcase name="[1:12] try to login to github" classname="Tests/demo-01" time="51.508">
    <system-out><![CDATA[09:48:33.351 [main] INFO com.intuit.karate.Runner -- using system property 'karate.options': classpath:Tests/demo-01.feature
09:48:34.886 [main] DEBUG com.jayway.jsonpath.internal.path.CompiledPath -- Evaluating path: $
09:48:35.005 [main] DEBUG com.intuit.karate.shell.Command -- found / verified free local port: 9222
09:48:35.006 [chrome_1725596314988] DEBUG com.intuit.karate.driver.chrome_1725596314988 -- command: [C:\Program Files\Google\Chrome\Application\chrome.exe, --remote-debugging-port=9222, --remote-allow-origins=*, --no-first-run, --user-data-dir=C:\Users\swats\Mani Eclipse New Workspace\Karate\target\chrome_1725596314988, --disable-popup-blocking], working dir: target\chrome_1725596314988
09:48:35.014 [main] DEBUG com.intuit.karate.driver.chrome_1725596314988 -- poll attempt #0 for port to be ready - localhost:9222
09:48:35.271 [main] DEBUG com.intuit.karate.driver.chrome_1725596314988 -- poll attempt #1 for port to be ready - localhost:9222
09:48:35.437 [chrome_1725596314988-out] DEBUG com.intuit.karate.driver.chrome_1725596314988 -- 
09:48:35.437 [chrome_1725596314988-out] DEBUG com.intuit.karate.driver.chrome_1725596314988 -- DevTools listening on ws://127.0.0.1:9222/devtools/browser/54928f1b-d832-4ebe-b9f2-b31c310e60c7
09:48:35.542 [main] DEBUG com.intuit.karate.driver.chrome_1725596314988 -- poll attempt #2 for port to be ready - localhost:9222
09:48:37.536 [main] DEBUG org.apache.http.client.protocol.RequestAddCookies -- CookieSpec selected: karate
09:48:37.547 [main] DEBUG org.apache.http.client.protocol.RequestAuthCache -- Auth cache not set in the context
09:48:37.550 [main] DEBUG com.intuit.karate -- request:
1 > GET http://localhost:9222/json
1 > Host: localhost:9222
1 > Connection: Keep-Alive
1 > User-Agent: Apache-HttpClient/4.5.14 (Java/21.0.3)
1 > Accept-Encoding: gzip,deflate


09:48:37.552 [main] DEBUG org.apache.http.impl.conn.PoolingHttpClientConnectionManager -- Connection request: [route: {}->http://localhost:9222][total available: 0; route allocated: 0 of 5; total allocated: 0 of 10]
09:48:37.579 [main] DEBUG org.apache.http.impl.conn.PoolingHttpClientConnectionManager -- Connection leased: [id: 0][route: {}->http://localhost:9222][total available: 0; route allocated: 1 of 5; total allocated: 1 of 10]
09:48:37.581 [main] DEBUG org.apache.http.impl.execchain.MainClientExec -- Opening connection {}->http://localhost:9222
09:48:37.594 [main] DEBUG org.apache.http.impl.conn.DefaultHttpClientConnectionOperator -- Connecting to localhost/127.0.0.1:9222
09:48:37.598 [main] DEBUG org.apache.http.impl.conn.DefaultHttpClientConnectionOperator -- Connection established 127.0.0.1:63960<->127.0.0.1:9222
09:48:37.598 [main] DEBUG org.apache.http.impl.conn.DefaultManagedHttpClientConnection -- http-outgoing-0: set socket timeout to 30000
09:48:37.598 [main] DEBUG org.apache.http.impl.execchain.MainClientExec -- Executing request GET /json HTTP/1.1
09:48:37.598 [main] DEBUG org.apache.http.impl.execchain.MainClientExec -- Target auth state: UNCHALLENGED
09:48:37.599 [main] DEBUG org.apache.http.impl.execchain.MainClientExec -- Proxy auth state: UNCHALLENGED
09:48:37.602 [main] DEBUG org.apache.http.headers -- http-outgoing-0 >> GET /json HTTP/1.1
09:48:37.602 [main] DEBUG org.apache.http.headers -- http-outgoing-0 >> Host: localhost:9222
09:48:37.603 [main] DEBUG org.apache.http.headers -- http-outgoing-0 >> Connection: Keep-Alive
09:48:37.603 [main] DEBUG org.apache.http.headers -- http-outgoing-0 >> User-Agent: Apache-HttpClient/4.5.14 (Java/21.0.3)
09:48:37.603 [main] DEBUG org.apache.http.headers -- http-outgoing-0 >> Accept-Encoding: gzip,deflate
09:48:37.603 [main] DEBUG org.apache.http.wire -- http-outgoing-0 >> "GET /json HTTP/1.1[\r][\n]"
09:48:37.603 [main] DEBUG org.apache.http.wire -- http-outgoing-0 >> "Host: localhost:9222[\r][\n]"
09:48:37.604 [main] DEBUG org.apache.http.wire -- http-outgoing-0 >> "Connection: Keep-Alive[\r][\n]"
09:48:37.605 [main] DEBUG org.apache.http.wire -- http-outgoing-0 >> "User-Agent: Apache-HttpClient/4.5.14 (Java/21.0.3)[\r][\n]"
09:48:37.606 [main] DEBUG org.apache.http.wire -- http-outgoing-0 >> "Accept-Encoding: gzip,deflate[\r][\n]"
09:48:37.606 [main] DEBUG org.apache.http.wire -- http-outgoing-0 >> "[\r][\n]"
09:48:37.608 [main] DEBUG org.apache.http.wire -- http-outgoing-0 << "HTTP/1.1 200 OK[\r][\n]"
09:48:37.609 [main] DEBUG org.apache.http.wire -- http-outgoing-0 << "Content-Security-Policy:frame-ancestors 'none'[\r][\n]"
09:48:37.609 [main] DEBUG org.apache.http.wire -- http-outgoing-0 << "Content-Length:1267[\r][\n]"
09:48:37.609 [main] DEBUG org.apache.http.wire -- http-outgoing-0 << "Content-Type:application/json; charset=UTF-8[\r][\n]"
09:48:37.609 [main] DEBUG org.apache.http.wire -- http-outgoing-0 << "[\r][\n]"
09:48:37.609 [main] DEBUG org.apache.http.wire -- http-outgoing-0 << "[ {[\r][\n]"
09:48:37.609 [main] DEBUG org.apache.http.wire -- http-outgoing-0 << "   "description": "",[\r][\n]"
09:48:37.610 [main] DEBUG org.apache.http.wire -- http-outgoing-0 << "   "devtoolsFrontendUrl": "/devtools/inspector.html?ws=localhost:9222/devtools/page/6E82695EDF744A9E9D4DA119C5839653",[\r][\n]"
09:48:37.610 [main] DEBUG org.apache.http.wire -- http-outgoing-0 << "   "id": "6E82695EDF744A9E9D4DA119C5839653",[\r][\n]"
09:48:37.610 [main] DEBUG org.apache.http.wire -- http-outgoing-0 << "   "title": "Google Network Speech",[\r][\n]"
09:48:37.610 [main] DEBUG org.apache.http.wire -- http-outgoing-0 << "   "type": "background_page",[\r][\n]"
09:48:37.610 [main] DEBUG org.apache.http.wire -- http-outgoing-0 << "   "url": "chrome-extension://neajdppkdcdipfabeoofebfddakdcjhd/_generated_background_page.html",[\r][\n]"
09:48:37.610 [main] DEBUG org.apache.http.wire -- http-outgoing-0 << "   "webSocketDebuggerUrl": "ws://localhost:9222/devtools/page/6E82695EDF744A9E9D4DA119C5839653"[\r][\n]"
09:48:37.611 [main] DEBUG org.apache.http.wire -- http-outgoing-0 << "}, {[\r][\n]"
09:48:37.612 [main] DEBUG org.apache.http.wire -- http-outgoing-0 << "   "description": "",[\r][\n]"
09:48:37.612 [main] DEBUG org.apache.http.wire -- http-outgoing-0 << "   "devtoolsFrontendUrl": "/devtools/inspector.html?ws=localhost:9222/devtools/page/FF08899BDDD3AF3F9F0AD11A02E5E573",[\r][\n]"
09:48:37.612 [main] DEBUG org.apache.http.wire -- http-outgoing-0 << "   "id": "FF08899BDDD3AF3F9F0AD11A02E5E573",[\r][\n]"
09:48:37.612 [main] DEBUG org.apache.http.wire -- http-outgoing-0 << "   "title": "Google Hangouts",[\r][\n]"
09:48:37.612 [main] DEBUG org.apache.http.wire -- http-outgoing-0 << "   "type": "background_page",[\r][\n]"
09:48:37.613 [main] DEBUG org.apache.http.wire -- http-outgoing-0 << "   "url": "chrome-extension://nkeimhogjdpnpccoofpliimaahmaaome/background.html",[\r][\n]"
09:48:37.617 [main] DEBUG org.apache.http.wire -- http-outgoing-0 << "   "webSocketDebuggerUrl": "ws://localhost:9222/devtools/page/FF08899BDDD3AF3F9F0AD11A02E5E573"[\r][\n]"
09:48:37.617 [main] DEBUG org.apache.http.wire -- http-outgoing-0 << "}, {[\r][\n]"
09:48:37.617 [main] DEBUG org.apache.http.wire -- http-outgoing-0 << "   "description": "",[\r][\n]"
09:48:37.617 [main] DEBUG org.apache.http.wire -- http-outgoing-0 << "   "devtoolsFrontendUrl": "/devtools/inspector.html?ws=localhost:9222/devtools/page/34AEB298D3BC54437D6A571F4AD4D6C3",[\r][\n]"
09:48:37.617 [main] DEBUG org.apache.http.wire -- http-outgoing-0 << "   "id": "34AEB298D3BC54437D6A571F4AD4D6C3",[\r][\n]"
09:48:37.617 [main] DEBUG org.apache.http.wire -- http-outgoing-0 << "   "title": "New Tab",[\r][\n]"
09:48:37.617 [main] DEBUG org.apache.http.wire -- http-outgoing-0 << "   "type": "page",[\r][\n]"
09:48:37.617 [main] DEBUG org.apache.http.wire -- http-outgoing-0 << "   "url": "chrome://newtab/",[\r][\n]"
09:48:37.617 [main] DEBUG org.apache.http.wire -- http-outgoing-0 << "   "webSocketDebuggerUrl": "ws://localhost:9222/devtools/page/34AEB298D3BC54437D6A571F4AD4D6C3"[\r][\n]"
09:48:37.617 [main] DEBUG org.apache.http.wire -- http-outgoing-0 << "} ][\r][\n]"
09:48:37.621 [main] DEBUG org.apache.http.headers -- http-outgoing-0 << HTTP/1.1 200 OK
09:48:37.621 [main] DEBUG org.apache.http.headers -- http-outgoing-0 << Content-Security-Policy:frame-ancestors 'none'
09:48:37.624 [main] DEBUG org.apache.http.headers -- http-outgoing-0 << Content-Length:1267
09:48:37.624 [main] DEBUG org.apache.http.headers -- http-outgoing-0 << Content-Type:application/json; charset=UTF-8
09:48:37.629 [main] DEBUG org.apache.http.impl.execchain.MainClientExec -- Connection can be kept alive indefinitely
09:48:37.632 [main] DEBUG org.apache.http.impl.conn.PoolingHttpClientConnectionManager -- Connection [id: 0][route: {}->http://localhost:9222] can be kept alive indefinitely
09:48:37.632 [main] DEBUG org.apache.http.impl.conn.DefaultManagedHttpClientConnection -- http-outgoing-0: set socket timeout to 0
09:48:37.632 [main] DEBUG org.apache.http.impl.conn.PoolingHttpClientConnectionManager -- Connection released: [id: 0][route: {}->http://localhost:9222][total available: 1; route allocated: 1 of 5; total allocated: 1 of 10]
09:48:37.632 [main] DEBUG org.apache.http.impl.conn.PoolingHttpClientConnectionManager -- Connection manager is shutting down
09:48:37.643 [main] DEBUG org.apache.http.impl.conn.DefaultManagedHttpClientConnection -- http-outgoing-0: Close connection
09:48:37.645 [main] DEBUG org.apache.http.impl.conn.PoolingHttpClientConnectionManager -- Connection manager shut down
09:48:37.660 [main] DEBUG com.intuit.karate -- response time in milliseconds: 81
1 < 200
1 < Content-Security-Policy: frame-ancestors 'none'
1 < Content-Length: 1267
1 < Content-Type: application/json; charset=UTF-8
[ {
   "description": "",
   "devtoolsFrontendUrl": "/devtools/inspector.html?ws=localhost:9222/devtools/page/6E82695EDF744A9E9D4DA119C5839653",
   "id": "6E82695EDF744A9E9D4DA119C5839653",
   "title": "Google Network Speech",
   "type": "background_page",
   "url": "chrome-extension://neajdppkdcdipfabeoofebfddakdcjhd/_generated_background_page.html",
   "webSocketDebuggerUrl": "ws://localhost:9222/devtools/page/6E82695EDF744A9E9D4DA119C5839653"
}, {
   "description": "",
   "devtoolsFrontendUrl": "/devtools/inspector.html?ws=localhost:9222/devtools/page/FF08899BDDD3AF3F9F0AD11A02E5E573",
   "id": "FF08899BDDD3AF3F9F0AD11A02E5E573",
   "title": "Google Hangouts",
   "type": "background_page",
   "url": "chrome-extension://nkeimhogjdpnpccoofpliimaahmaaome/background.html",
   "webSocketDebuggerUrl": "ws://localhost:9222/devtools/page/FF08899BDDD3AF3F9F0AD11A02E5E573"
}, {
   "description": "",
   "devtoolsFrontendUrl": "/devtools/inspector.html?ws=localhost:9222/devtools/page/34AEB298D3BC54437D6A571F4AD4D6C3",
   "id": "34AEB298D3BC54437D6A571F4AD4D6C3",
   "title": "New Tab",
   "type": "page",
   "url": "chrome://newtab/",
   "webSocketDebuggerUrl": "ws://localhost:9222/devtools/page/34AEB298D3BC54437D6A571F4AD4D6C3"
} ]


09:48:37.689 [main] DEBUG com.jayway.jsonpath.internal.path.CompiledPath -- Evaluating path: $
09:48:37.690 [main] DEBUG com.intuit.karate.shell.Command -- ready to accept http connections after 2029 ms - http://localhost:9222/json
09:48:37.692 [main] DEBUG org.apache.http.client.protocol.RequestAddCookies -- CookieSpec selected: karate
09:48:37.693 [main] DEBUG org.apache.http.client.protocol.RequestAuthCache -- Auth cache not set in the context
09:48:37.693 [main] DEBUG com.intuit.karate -- request:
1 > GET http://localhost:9222/json
1 > Host: localhost:9222
1 > Connection: Keep-Alive
1 > User-Agent: Apache-HttpClient/4.5.14 (Java/21.0.3)
1 > Accept-Encoding: gzip,deflate


09:48:37.694 [main] DEBUG org.apache.http.impl.conn.PoolingHttpClientConnectionManager -- Connection request: [route: {}->http://localhost:9222][total available: 0; route allocated: 0 of 5; total allocated: 0 of 10]
09:48:37.694 [main] DEBUG org.apache.http.impl.conn.PoolingHttpClientConnectionManager -- Connection leased: [id: 1][route: {}->http://localhost:9222][total available: 0; route allocated: 1 of 5; total allocated: 1 of 10]
09:48:37.694 [main] DEBUG org.apache.http.impl.execchain.MainClientExec -- Opening connection {}->http://localhost:9222
09:48:37.694 [main] DEBUG org.apache.http.impl.conn.DefaultHttpClientConnectionOperator -- Connecting to localhost/127.0.0.1:9222
09:48:37.695 [main] DEBUG org.apache.http.impl.conn.DefaultHttpClientConnectionOperator -- Connection established 127.0.0.1:63961<->127.0.0.1:9222
09:48:37.695 [main] DEBUG org.apache.http.impl.conn.DefaultManagedHttpClientConnection -- http-outgoing-1: set socket timeout to 30000
09:48:37.695 [main] DEBUG org.apache.http.impl.execchain.MainClientExec -- Executing request GET /json HTTP/1.1
09:48:37.695 [main] DEBUG org.apache.http.impl.execchain.MainClientExec -- Target auth state: UNCHALLENGED
09:48:37.695 [main] DEBUG org.apache.http.impl.execchain.MainClientExec -- Proxy auth state: UNCHALLENGED
09:48:37.696 [main] DEBUG org.apache.http.headers -- http-outgoing-1 >> GET /json HTTP/1.1
09:48:37.696 [main] DEBUG org.apache.http.headers -- http-outgoing-1 >> Host: localhost:9222
09:48:37.696 [main] DEBUG org.apache.http.headers -- http-outgoing-1 >> Connection: Keep-Alive
09:48:37.696 [main] DEBUG org.apache.http.headers -- http-outgoing-1 >> User-Agent: Apache-HttpClient/4.5.14 (Java/21.0.3)
09:48:37.696 [main] DEBUG org.apache.http.headers -- http-outgoing-1 >> Accept-Encoding: gzip,deflate
09:48:37.696 [main] DEBUG org.apache.http.wire -- http-outgoing-1 >> "GET /json HTTP/1.1[\r][\n]"
09:48:37.696 [main] DEBUG org.apache.http.wire -- http-outgoing-1 >> "Host: localhost:9222[\r][\n]"
09:48:37.696 [main] DEBUG org.apache.http.wire -- http-outgoing-1 >> "Connection: Keep-Alive[\r][\n]"
09:48:37.696 [main] DEBUG org.apache.http.wire -- http-outgoing-1 >> "User-Agent: Apache-HttpClient/4.5.14 (Java/21.0.3)[\r][\n]"
09:48:37.696 [main] DEBUG org.apache.http.wire -- http-outgoing-1 >> "Accept-Encoding: gzip,deflate[\r][\n]"
09:48:37.696 [main] DEBUG org.apache.http.wire -- http-outgoing-1 >> "[\r][\n]"
09:48:37.699 [main] DEBUG org.apache.http.wire -- http-outgoing-1 << "HTTP/1.1 200 OK[\r][\n]"
09:48:37.699 [main] DEBUG org.apache.http.wire -- http-outgoing-1 << "Content-Security-Policy:frame-ancestors 'none'[\r][\n]"
09:48:37.699 [main] DEBUG org.apache.http.wire -- http-outgoing-1 << "Content-Length:1267[\r][\n]"
09:48:37.699 [main] DEBUG org.apache.http.wire -- http-outgoing-1 << "Content-Type:application/json; charset=UTF-8[\r][\n]"
09:48:37.699 [main] DEBUG org.apache.http.wire -- http-outgoing-1 << "[\r][\n]"
09:48:37.699 [main] DEBUG org.apache.http.wire -- http-outgoing-1 << "[ {[\r][\n]"
09:48:37.699 [main] DEBUG org.apache.http.wire -- http-outgoing-1 << "   "description": "",[\r][\n]"
09:48:37.699 [main] DEBUG org.apache.http.wire -- http-outgoing-1 << "   "devtoolsFrontendUrl": "/devtools/inspector.html?ws=localhost:9222/devtools/page/6E82695EDF744A9E9D4DA119C5839653",[\r][\n]"
09:48:37.699 [main] DEBUG org.apache.http.wire -- http-outgoing-1 << "   "id": "6E82695EDF744A9E9D4DA119C5839653",[\r][\n]"
09:48:37.699 [main] DEBUG org.apache.http.wire -- http-outgoing-1 << "   "title": "Google Network Speech",[\r][\n]"
09:48:37.699 [main] DEBUG org.apache.http.wire -- http-outgoing-1 << "   "type": "background_page",[\r][\n]"
09:48:37.699 [main] DEBUG org.apache.http.wire -- http-outgoing-1 << "   "url": "chrome-extension://neajdppkdcdipfabeoofebfddakdcjhd/_generated_background_page.html",[\r][\n]"
09:48:37.699 [main] DEBUG org.apache.http.wire -- http-outgoing-1 << "   "webSocketDebuggerUrl": "ws://localhost:9222/devtools/page/6E82695EDF744A9E9D4DA119C5839653"[\r][\n]"
09:48:37.699 [main] DEBUG org.apache.http.wire -- http-outgoing-1 << "}, {[\r][\n]"
09:48:37.699 [main] DEBUG org.apache.http.wire -- http-outgoing-1 << "   "description": "",[\r][\n]"
09:48:37.699 [main] DEBUG org.apache.http.wire -- http-outgoing-1 << "   "devtoolsFrontendUrl": "/devtools/inspector.html?ws=localhost:9222/devtools/page/FF08899BDDD3AF3F9F0AD11A02E5E573",[\r][\n]"
09:48:37.699 [main] DEBUG org.apache.http.wire -- http-outgoing-1 << "   "id": "FF08899BDDD3AF3F9F0AD11A02E5E573",[\r][\n]"
09:48:37.700 [main] DEBUG org.apache.http.wire -- http-outgoing-1 << "   "title": "Google Hangouts",[\r][\n]"
09:48:37.700 [main] DEBUG org.apache.http.wire -- http-outgoing-1 << "   "type": "background_page",[\r][\n]"
09:48:37.700 [main] DEBUG org.apache.http.wire -- http-outgoing-1 << "   "url": "chrome-extension://nkeimhogjdpnpccoofpliimaahmaaome/background.html",[\r][\n]"
09:48:37.700 [main] DEBUG org.apache.http.wire -- http-outgoing-1 << "   "webSocketDebuggerUrl": "ws://localhost:9222/devtools/page/FF08899BDDD3AF3F9F0AD11A02E5E573"[\r][\n]"
09:48:37.700 [main] DEBUG org.apache.http.wire -- http-outgoing-1 << "}, {[\r][\n]"
09:48:37.700 [main] DEBUG org.apache.http.wire -- http-outgoing-1 << "   "description": "",[\r][\n]"
09:48:37.700 [main] DEBUG org.apache.http.wire -- http-outgoing-1 << "   "devtoolsFrontendUrl": "/devtools/inspector.html?ws=localhost:9222/devtools/page/34AEB298D3BC54437D6A571F4AD4D6C3",[\r][\n]"
09:48:37.700 [main] DEBUG org.apache.http.wire -- http-outgoing-1 << "   "id": "34AEB298D3BC54437D6A571F4AD4D6C3",[\r][\n]"
09:48:37.700 [main] DEBUG org.apache.http.wire -- http-outgoing-1 << "   "title": "New Tab",[\r][\n]"
09:48:37.700 [main] DEBUG org.apache.http.wire -- http-outgoing-1 << "   "type": "page",[\r][\n]"
09:48:37.700 [main] DEBUG org.apache.http.wire -- http-outgoing-1 << "   "url": "chrome://newtab/",[\r][\n]"
09:48:37.700 [main] DEBUG org.apache.http.wire -- http-outgoing-1 << "   "webSocketDebuggerUrl": "ws://localhost:9222/devtools/page/34AEB298D3BC54437D6A571F4AD4D6C3"[\r][\n]"
09:48:37.701 [main] DEBUG org.apache.http.wire -- http-outgoing-1 << "} ][\r][\n]"
09:48:37.701 [main] DEBUG org.apache.http.headers -- http-outgoing-1 << HTTP/1.1 200 OK
09:48:37.701 [main] DEBUG org.apache.http.headers -- http-outgoing-1 << Content-Security-Policy:frame-ancestors 'none'
09:48:37.701 [main] DEBUG org.apache.http.headers -- http-outgoing-1 << Content-Length:1267
09:48:37.701 [main] DEBUG org.apache.http.headers -- http-outgoing-1 << Content-Type:application/json; charset=UTF-8
09:48:37.701 [main] DEBUG org.apache.http.impl.execchain.MainClientExec -- Connection can be kept alive indefinitely
09:48:37.701 [main] DEBUG org.apache.http.impl.conn.PoolingHttpClientConnectionManager -- Connection [id: 1][route: {}->http://localhost:9222] can be kept alive indefinitely
09:48:37.701 [main] DEBUG org.apache.http.impl.conn.DefaultManagedHttpClientConnection -- http-outgoing-1: set socket timeout to 0
09:48:37.701 [main] DEBUG org.apache.http.impl.conn.PoolingHttpClientConnectionManager -- Connection released: [id: 1][route: {}->http://localhost:9222][total available: 1; route allocated: 1 of 5; total allocated: 1 of 10]
09:48:37.701 [main] DEBUG org.apache.http.impl.conn.PoolingHttpClientConnectionManager -- Connection manager is shutting down
09:48:37.701 [main] DEBUG org.apache.http.impl.conn.DefaultManagedHttpClientConnection -- http-outgoing-1: Close connection
09:48:37.702 [main] DEBUG org.apache.http.impl.conn.PoolingHttpClientConnectionManager -- Connection manager shut down
09:48:37.702 [main] DEBUG com.intuit.karate -- response time in milliseconds: 7
1 < 200
1 < Content-Security-Policy: frame-ancestors 'none'
1 < Content-Length: 1267
1 < Content-Type: application/json; charset=UTF-8
[ {
   "description": "",
   "devtoolsFrontendUrl": "/devtools/inspector.html?ws=localhost:9222/devtools/page/6E82695EDF744A9E9D4DA119C5839653",
   "id": "6E82695EDF744A9E9D4DA119C5839653",
   "title": "Google Network Speech",
   "type": "background_page",
   "url": "chrome-extension://neajdppkdcdipfabeoofebfddakdcjhd/_generated_background_page.html",
   "webSocketDebuggerUrl": "ws://localhost:9222/devtools/page/6E82695EDF744A9E9D4DA119C5839653"
}, {
   "description": "",
   "devtoolsFrontendUrl": "/devtools/inspector.html?ws=localhost:9222/devtools/page/FF08899BDDD3AF3F9F0AD11A02E5E573",
   "id": "FF08899BDDD3AF3F9F0AD11A02E5E573",
   "title": "Google Hangouts",
   "type": "background_page",
   "url": "chrome-extension://nkeimhogjdpnpccoofpliimaahmaaome/background.html",
   "webSocketDebuggerUrl": "ws://localhost:9222/devtools/page/FF08899BDDD3AF3F9F0AD11A02E5E573"
}, {
   "description": "",
   "devtoolsFrontendUrl": "/devtools/inspector.html?ws=localhost:9222/devtools/page/34AEB298D3BC54437D6A571F4AD4D6C3",
   "id": "34AEB298D3BC54437D6A571F4AD4D6C3",
   "title": "New Tab",
   "type": "page",
   "url": "chrome://newtab/",
   "webSocketDebuggerUrl": "ws://localhost:9222/devtools/page/34AEB298D3BC54437D6A571F4AD4D6C3"
} ]


09:48:37.704 [main] DEBUG com.jayway.jsonpath.internal.path.CompiledPath -- Evaluating path: $
09:48:37.704 [main] DEBUG com.jayway.jsonpath.internal.path.CompiledPath -- Evaluating path: $
09:48:37.711 [main] DEBUG com.intuit.karate.driver.DriverOptions -- root frame id: 34AEB298D3BC54437D6A571F4AD4D6C3
09:48:37.779 [main] DEBUG io.netty.util.internal.logging.InternalLoggerFactory -- Using SLF4J as the default logging framework
09:48:37.781 [main] DEBUG io.netty.channel.MultithreadEventLoopGroup -- -Dio.netty.eventLoopThreads: 8
09:48:37.835 [main] DEBUG io.netty.util.concurrent.GlobalEventExecutor -- -Dio.netty.globalEventExecutor.quietPeriodSeconds: 1
09:48:37.856 [main] DEBUG io.netty.util.internal.InternalThreadLocalMap -- -Dio.netty.threadLocalMap.stringBuilder.initialSize: 1024
09:48:37.857 [main] DEBUG io.netty.util.internal.InternalThreadLocalMap -- -Dio.netty.threadLocalMap.stringBuilder.maxSize: 4096
09:48:37.917 [main] DEBUG io.netty.util.internal.PlatformDependent0 -- -Dio.netty.noUnsafe: false
09:48:37.920 [main] DEBUG io.netty.util.internal.PlatformDependent0 -- Java version: 21
09:48:37.924 [main] DEBUG io.netty.util.internal.PlatformDependent0 -- sun.misc.Unsafe.theUnsafe: available
09:48:37.926 [main] DEBUG io.netty.util.internal.PlatformDependent0 -- sun.misc.Unsafe.copyMemory: available
09:48:37.927 [main] DEBUG io.netty.util.internal.PlatformDependent0 -- sun.misc.Unsafe.storeFence: available
09:48:37.930 [main] DEBUG io.netty.util.internal.PlatformDependent0 -- java.nio.Buffer.address: available
09:48:37.931 [main] DEBUG io.netty.util.internal.PlatformDependent0 -- direct buffer constructor: unavailable: Reflective setAccessible(true) disabled
09:48:37.932 [main] DEBUG io.netty.util.internal.PlatformDependent0 -- java.nio.Bits.unaligned: available, true
09:48:37.933 [main] DEBUG io.netty.util.internal.PlatformDependent0 -- jdk.internal.misc.Unsafe.allocateUninitializedArray(int): unavailable: class io.netty.util.internal.PlatformDependent0$7 cannot access class jdk.internal.misc.Unsafe (in module java.base) because module java.base does not export jdk.internal.misc to unnamed module @281e3708
09:48:37.935 [main] DEBUG io.netty.util.internal.PlatformDependent0 -- java.nio.DirectByteBuffer.<init>(long, {int,long}): unavailable
09:48:37.935 [main] DEBUG io.netty.util.internal.PlatformDependent -- sun.misc.Unsafe: available
09:48:37.940 [main] DEBUG io.netty.util.internal.PlatformDependent -- maxDirectMemory: 2076180480 bytes (maybe)
09:48:37.940 [main] DEBUG io.netty.util.internal.PlatformDependent -- -Dio.netty.tmpdir: C:\Users\swats\AppData\Local\Temp (java.io.tmpdir)
09:48:37.940 [main] DEBUG io.netty.util.internal.PlatformDependent -- -Dio.netty.bitMode: 64 (sun.arch.data.model)
09:48:37.941 [main] DEBUG io.netty.util.internal.PlatformDependent -- Platform: Windows
09:48:37.943 [main] DEBUG io.netty.util.internal.PlatformDependent -- -Dio.netty.maxDirectMemory: -1 bytes
09:48:37.943 [main] DEBUG io.netty.util.internal.PlatformDependent -- -Dio.netty.uninitializedArrayAllocationThreshold: -1
09:48:37.944 [main] DEBUG io.netty.util.internal.CleanerJava9 -- java.nio.ByteBuffer.cleaner(): available
09:48:37.944 [main] DEBUG io.netty.util.internal.PlatformDependent -- -Dio.netty.noPreferDirect: false
09:48:37.945 [main] DEBUG io.netty.channel.nio.NioEventLoop -- -Dio.netty.noKeySetOptimization: false
09:48:37.945 [main] DEBUG io.netty.channel.nio.NioEventLoop -- -Dio.netty.selectorAutoRebuildThreshold: 512
09:48:37.959 [main] DEBUG io.netty.util.internal.PlatformDependent -- org.jctools-core.MpscChunkedArrayQueue: available
09:48:38.164 [main] DEBUG io.netty.channel.DefaultChannelId -- -Dio.netty.processId: 12412 (auto-detected)
09:48:38.170 [main] DEBUG io.netty.util.NetUtil -- -Djava.net.preferIPv4Stack: false
09:48:38.170 [main] DEBUG io.netty.util.NetUtil -- -Djava.net.preferIPv6Addresses: false
09:48:38.178 [main] DEBUG io.netty.util.NetUtilInitializations -- Loopback interface: loopback_0 (Software Loopback Interface 1, 0:0:0:0:0:0:0:1)
09:48:38.180 [main] DEBUG io.netty.util.NetUtil -- Failed to get SOMAXCONN from sysctl and file \proc\sys\net\core\somaxconn. Default: 200
09:48:38.185 [main] DEBUG io.netty.channel.DefaultChannelId -- -Dio.netty.machineId: 04:bf:1b:ff:fe:89:50:5a (auto-detected)
09:48:38.204 [main] DEBUG io.netty.util.ResourceLeakDetector -- -Dio.netty.leakDetection.level: simple
09:48:38.205 [main] DEBUG io.netty.util.ResourceLeakDetector -- -Dio.netty.leakDetection.targetRecords: 4
09:48:38.245 [main] DEBUG io.netty.buffer.PooledByteBufAllocator -- -Dio.netty.allocator.numHeapArenas: 8
09:48:38.245 [main] DEBUG io.netty.buffer.PooledByteBufAllocator -- -Dio.netty.allocator.numDirectArenas: 8
09:48:38.245 [main] DEBUG io.netty.buffer.PooledByteBufAllocator -- -Dio.netty.allocator.pageSize: 8192
09:48:38.246 [main] DEBUG io.netty.buffer.PooledByteBufAllocator -- -Dio.netty.allocator.maxOrder: 9
09:48:38.246 [main] DEBUG io.netty.buffer.PooledByteBufAllocator -- -Dio.netty.allocator.chunkSize: 4194304
09:48:38.246 [main] DEBUG io.netty.buffer.PooledByteBufAllocator -- -Dio.netty.allocator.smallCacheSize: 256
09:48:38.246 [main] DEBUG io.netty.buffer.PooledByteBufAllocator -- -Dio.netty.allocator.normalCacheSize: 64
09:48:38.246 [main] DEBUG io.netty.buffer.PooledByteBufAllocator -- -Dio.netty.allocator.maxCachedBufferCapacity: 32768
09:48:38.246 [main] DEBUG io.netty.buffer.PooledByteBufAllocator -- -Dio.netty.allocator.cacheTrimInterval: 8192
09:48:38.246 [main] DEBUG io.netty.buffer.PooledByteBufAllocator -- -Dio.netty.allocator.cacheTrimIntervalMillis: 0
09:48:38.246 [main] DEBUG io.netty.buffer.PooledByteBufAllocator -- -Dio.netty.allocator.useCacheForAllThreads: false
09:48:38.246 [main] DEBUG io.netty.buffer.PooledByteBufAllocator -- -Dio.netty.allocator.maxCachedByteBuffersPerChunk: 1023
09:48:38.262 [main] DEBUG io.netty.buffer.ByteBufUtil -- -Dio.netty.allocator.type: pooled
09:48:38.263 [main] DEBUG io.netty.buffer.ByteBufUtil -- -Dio.netty.threadLocalDirectBufferSize: 0
09:48:38.263 [main] DEBUG io.netty.buffer.ByteBufUtil -- -Dio.netty.maxThreadLocalCharBufferSize: 16384
09:48:38.305 [nioEventLoopGroup-2-1] DEBUG io.netty.buffer.AbstractByteBuf -- -Dio.netty.buffer.checkAccessible: true
09:48:38.305 [nioEventLoopGroup-2-1] DEBUG io.netty.buffer.AbstractByteBuf -- -Dio.netty.buffer.checkBounds: true
09:48:38.307 [nioEventLoopGroup-2-1] DEBUG io.netty.util.ResourceLeakDetectorFactory -- Loaded default ResourceLeakDetector: io.netty.util.ResourceLeakDetector@5b785e3d
09:48:38.353 [nioEventLoopGroup-2-1] DEBUG io.netty.handler.codec.compression.ZlibCodecFactory -- -Dio.netty.noJdkZlibDecoder: false
09:48:38.353 [nioEventLoopGroup-2-1] DEBUG io.netty.handler.codec.compression.ZlibCodecFactory -- -Dio.netty.noJdkZlibEncoder: false
09:48:38.373 [nioEventLoopGroup-2-1] DEBUG io.netty.handler.codec.http.websocketx.WebSocketClientHandshaker13 -- WebSocket version 13 client handshake key: ocQZBNw6e26XbYChVvcQtA==, expected response: jndPU2mMu8tdSJzx/rw4nt22oMw=
09:48:38.386 [nioEventLoopGroup-2-1] DEBUG io.netty.util.Recycler -- -Dio.netty.recycler.maxCapacityPerThread: 4096
09:48:38.386 [nioEventLoopGroup-2-1] DEBUG io.netty.util.Recycler -- -Dio.netty.recycler.ratio: 8
09:48:38.386 [nioEventLoopGroup-2-1] DEBUG io.netty.util.Recycler -- -Dio.netty.recycler.chunkSize: 32
09:48:38.386 [nioEventLoopGroup-2-1] DEBUG io.netty.util.Recycler -- -Dio.netty.recycler.blocking: false
09:48:38.386 [nioEventLoopGroup-2-1] DEBUG io.netty.util.Recycler -- -Dio.netty.recycler.batchFastThreadLocalOnly: true
09:48:38.429 [nioEventLoopGroup-2-1] DEBUG com.intuit.karate.http.WebSocketClientHandler -- websocket client connected
09:48:38.431 [main] DEBUG com.jayway.jsonpath.internal.path.CompiledPath -- Evaluating path: $['targetId']
09:48:38.432 [main] DEBUG com.jayway.jsonpath.internal.path.CompiledPath -- Evaluating path: $
09:48:38.432 [main] DEBUG com.jayway.jsonpath.internal.path.CompiledPath -- Evaluating path: $
09:48:38.432 [main] DEBUG com.jayway.jsonpath.internal.JsonContext -- Put path $ key targetId value {}
09:48:38.433 [main] DEBUG com.jayway.jsonpath.internal.path.CompiledPath -- Evaluating path: $
09:48:38.433 [main] DEBUG com.jayway.jsonpath.internal.JsonContext -- Put path $ key targetId value 34AEB298D3BC54437D6A571F4AD4D6C3
09:48:38.433 [main] DEBUG com.jayway.jsonpath.internal.path.CompiledPath -- Evaluating path: $['flatten']
09:48:38.433 [main] DEBUG com.jayway.jsonpath.internal.path.CompiledPath -- Evaluating path: $
09:48:38.433 [main] DEBUG com.jayway.jsonpath.internal.path.CompiledPath -- Evaluating path: $
09:48:38.433 [main] DEBUG com.jayway.jsonpath.internal.JsonContext -- Put path $ key flatten value {}
09:48:38.433 [main] DEBUG com.jayway.jsonpath.internal.path.CompiledPath -- Evaluating path: $
09:48:38.433 [main] DEBUG com.jayway.jsonpath.internal.JsonContext -- Put path $ key flatten value true
09:48:38.433 [main] DEBUG com.jayway.jsonpath.internal.path.CompiledPath -- Evaluating path: $
09:48:38.434 [main] DEBUG com.intuit.karate.driver.DriverOptions -- >> {"id":1,"method":"Target.attachToTarget","params":{"targetId":"34AEB298D3BC54437D6A571F4AD4D6C3","flatten":true}}
09:48:38.439 [nioEventLoopGroup-2-1] DEBUG io.netty.handler.codec.compression.JdkZlibEncoder -- -Dio.netty.jdkzlib.encoder.maxInitialOutputBufferSize=65536
09:48:38.439 [nioEventLoopGroup-2-1] DEBUG io.netty.handler.codec.compression.JdkZlibEncoder -- -Dio.netty.jdkzlib.encoder.maxInputBufferSize=65536
09:48:38.458 [nioEventLoopGroup-2-1] DEBUG com.intuit.karate.driver.DriverOptions -- << {"method":"Target.attachedToTarget","params":{"sessionId":"10F3B8FC195A95782EDFA19C4085692A","targetInfo":{"targetId":"34AEB298D3BC54437D6A571F4AD4D6C3","type":"page","title":"New Tab","url":"chrome://newtab/","attached":true,"canAccessOpener":false,"browserContextId":"F8249C45A9160D14E16BA33614BC7CAC"},"waitingForDebugger":false}}
09:48:38.458 [nioEventLoopGroup-2-1] DEBUG com.jayway.jsonpath.internal.path.CompiledPath -- Evaluating path: $
09:48:38.459 [nioEventLoopGroup-2-1] DEBUG com.jayway.jsonpath.internal.path.CompiledPath -- Evaluating path: $['targetInfo']['type']
09:48:38.459 [nioEventLoopGroup-2-1] DEBUG com.intuit.karate.driver.DriverOptions -- << {"id":1,"result":{"sessionId":"10F3B8FC195A95782EDFA19C4085692A"}}
09:48:38.459 [nioEventLoopGroup-2-1] DEBUG com.jayway.jsonpath.internal.path.CompiledPath -- Evaluating path: $
09:48:38.460 [main] DEBUG com.jayway.jsonpath.internal.path.CompiledPath -- Evaluating path: $['sessionId']
09:48:38.460 [main] DEBUG com.jayway.jsonpath.internal.path.CompiledPath -- Evaluating path: $['targetId']
09:48:38.460 [main] DEBUG com.jayway.jsonpath.internal.path.CompiledPath -- Evaluating path: $
09:48:38.460 [main] DEBUG com.jayway.jsonpath.internal.path.CompiledPath -- Evaluating path: $
09:48:38.460 [main] DEBUG com.jayway.jsonpath.internal.JsonContext -- Put path $ key targetId value {}
09:48:38.460 [main] DEBUG com.jayway.jsonpath.internal.path.CompiledPath -- Evaluating path: $
09:48:38.460 [main] DEBUG com.jayway.jsonpath.internal.JsonContext -- Put path $ key targetId value 34AEB298D3BC54437D6A571F4AD4D6C3
09:48:38.460 [main] DEBUG com.jayway.jsonpath.internal.path.CompiledPath -- Evaluating path: $
09:48:38.460 [main] DEBUG com.intuit.karate.driver.DriverOptions -- >> {"id":2,"sessionId":"10F3B8FC195A95782EDFA19C4085692A","method":"Target.activateTarget","params":{"targetId":"34AEB298D3BC54437D6A571F4AD4D6C3"}}
09:48:38.464 [nioEventLoopGroup-2-1] DEBUG com.intuit.karate.driver.DriverOptions -- << {"id":2,"result":{},"sessionId":"10F3B8FC195A95782EDFA19C4085692A"}
09:48:38.464 [nioEventLoopGroup-2-1] DEBUG com.jayway.jsonpath.internal.path.CompiledPath -- Evaluating path: $
09:48:38.464 [main] DEBUG com.jayway.jsonpath.internal.path.CompiledPath -- Evaluating path: $['discover']
09:48:38.465 [main] DEBUG com.jayway.jsonpath.internal.path.CompiledPath -- Evaluating path: $
09:48:38.465 [main] DEBUG com.jayway.jsonpath.internal.path.CompiledPath -- Evaluating path: $
09:48:38.465 [main] DEBUG com.jayway.jsonpath.internal.JsonContext -- Put path $ key discover value {}
09:48:38.465 [main] DEBUG com.jayway.jsonpath.internal.path.CompiledPath -- Evaluating path: $
09:48:38.465 [main] DEBUG com.jayway.jsonpath.internal.JsonContext -- Put path $ key discover value true
09:48:38.465 [main] DEBUG com.jayway.jsonpath.internal.path.CompiledPath -- Evaluating path: $
09:48:38.465 [main] DEBUG com.intuit.karate.driver.DriverOptions -- >> {"id":3,"sessionId":"10F3B8FC195A95782EDFA19C4085692A","method":"Target.setDiscoverTargets","params":{"discover":true}}
09:48:38.468 [nioEventLoopGroup-2-1] DEBUG com.intuit.karate.driver.DriverOptions -- << {"method":"Target.targetCreated","params":{"targetInfo":{"targetId":"34AEB298D3BC54437D6A571F4AD4D6C3","type":"page","title":"New Tab","url":"chrome://newtab/","attached":true,"canAccessOpener":false,"browserContextId":"F8249C45A9160D14E16BA33614BC7CAC"}},"sessionId":"10F3B8FC195A95782EDFA19C4085692A"}
09:48:38.468 [nioEventLoopGroup-2-1] DEBUG com.jayway.jsonpath.internal.path.CompiledPath -- Evaluating path: $
09:48:38.469 [nioEventLoopGroup-2-1] DEBUG com.intuit.karate.driver.DriverOptions -- << {"method":"Target.targetCreated","params":{"targetInfo":{"targetId":"3E284AF07571E276C47A6E1223DF5791","type":"iframe","title":"chrome-untrusted://new-tab-page/one-google-bar?paramsencoded=","url":"chrome-untrusted://new-tab-page/one-google-bar?paramsencoded=","attached":false,"canAccessOpener":false,"browserContextId":"F8249C45A9160D14E16BA33614BC7CAC"}},"sessionId":"10F3B8FC195A95782EDFA19C4085692A"}
09:48:38.469 [nioEventLoopGroup-2-1] DEBUG com.jayway.jsonpath.internal.path.CompiledPath -- Evaluating path: $
09:48:38.470 [nioEventLoopGroup-2-1] DEBUG com.intuit.karate.driver.DriverOptions -- << {"method":"Target.targetCreated","params":{"targetInfo":{"targetId":"6E82695EDF744A9E9D4DA119C5839653","type":"background_page","title":"Google Network Speech","url":"chrome-extension://neajdppkdcdipfabeoofebfddakdcjhd/_generated_background_page.html","attached":false,"canAccessOpener":false,"browserContextId":"F8249C45A9160D14E16BA33614BC7CAC"}},"sessionId":"10F3B8FC195A95782EDFA19C4085692A"}
09:48:38.470 [nioEventLoopGroup-2-1] DEBUG com.jayway.jsonpath.internal.path.CompiledPath -- Evaluating path: $
09:48:38.470 [nioEventLoopGroup-2-1] DEBUG com.intuit.karate.driver.DriverOptions -- << {"method":"Target.targetCreated","params":{"targetInfo":{"targetId":"FF08899BDDD3AF3F9F0AD11A02E5E573","type":"background_page","title":"Google Hangouts","url":"chrome-extension://nkeimhogjdpnpccoofpliimaahmaaome/background.html","attached":false,"canAccessOpener":false,"browserContextId":"F8249C45A9160D14E16BA33614BC7CAC"}},"sessionId":"10F3B8FC195A95782EDFA19C4085692A"}
09:48:38.471 [nioEventLoopGroup-2-1] DEBUG com.jayway.jsonpath.internal.path.CompiledPath -- Evaluating path: $
09:48:38.471 [nioEventLoopGroup-2-1] DEBUG com.intuit.karate.driver.DriverOptions -- << {"id":3,"result":{},"sessionId":"10F3B8FC195A95782EDFA19C4085692A"}
09:48:38.471 [nioEventLoopGroup-2-1] DEBUG com.jayway.jsonpath.internal.path.CompiledPath -- Evaluating path: $
09:48:38.471 [main] DEBUG com.intuit.karate.driver.DriverOptions -- >> {"id":4,"sessionId":"10F3B8FC195A95782EDFA19C4085692A","method":"Page.enable"}
09:48:38.475 [nioEventLoopGroup-2-1] DEBUG com.intuit.karate.driver.DriverOptions -- << {"id":4,"result":{},"sessionId":"10F3B8FC195A95782EDFA19C4085692A"}
09:48:38.475 [nioEventLoopGroup-2-1] DEBUG com.jayway.jsonpath.internal.path.CompiledPath -- Evaluating path: $
09:48:38.475 [main] DEBUG com.intuit.karate.driver.DriverOptions -- >> {"id":5,"sessionId":"10F3B8FC195A95782EDFA19C4085692A","method":"Runtime.enable"}
09:48:38.481 [nioEventLoopGroup-2-1] DEBUG com.intuit.karate.driver.DriverOptions -- << {"method":"Runtime.executionContextCreated","params":{"context":{"id":2,"origin":"chrome://new-tab-page","name":"","uniqueId":"-2140716902659861815.1166475846570109711","auxData":{"isDefault":true,"type":"default","frameId":"3C0CD692FE8DE373C44A07D3006A4E0B"}}},"sessionId":"10F3B8FC195A95782EDFA19C4085692A"}
09:48:38.481 [nioEventLoopGroup-2-1] DEBUG com.jayway.jsonpath.internal.path.CompiledPath -- Evaluating path: $
09:48:38.481 [nioEventLoopGroup-2-1] DEBUG com.jayway.jsonpath.internal.path.CompiledPath -- Evaluating path: $['context']['auxData']['frameId']
09:48:38.482 [nioEventLoopGroup-2-1] DEBUG com.jayway.jsonpath.internal.path.CompiledPath -- Evaluating path: $['context']['id']
09:48:38.482 [nioEventLoopGroup-2-1] DEBUG com.intuit.karate.driver.DriverOptions -- << {"method":"Runtime.executionContextCreated","params":{"context":{"id":1,"origin":"chrome://new-tab-page","name":"","uniqueId":"-3145720047977147553.-5020339536197553284","auxData":{"isDefault":true,"type":"default","frameId":"34AEB298D3BC54437D6A571F4AD4D6C3"}}},"sessionId":"10F3B8FC195A95782EDFA19C4085692A"}
09:48:38.482 [nioEventLoopGroup-2-1] DEBUG com.jayway.jsonpath.internal.path.CompiledPath -- Evaluating path: $
09:48:38.482 [nioEventLoopGroup-2-1] DEBUG com.jayway.jsonpath.internal.path.CompiledPath -- Evaluating path: $['context']['auxData']['frameId']
09:48:38.482 [nioEventLoopGroup-2-1] DEBUG com.jayway.jsonpath.internal.path.CompiledPath -- Evaluating path: $['context']['id']
09:48:38.483 [nioEventLoopGroup-2-1] DEBUG com.intuit.karate.driver.DriverOptions -- << {"id":5,"result":{},"sessionId":"10F3B8FC195A95782EDFA19C4085692A"}
09:48:38.483 [nioEventLoopGroup-2-1] DEBUG com.jayway.jsonpath.internal.path.CompiledPath -- Evaluating path: $
09:48:38.485 [main] DEBUG com.jayway.jsonpath.internal.path.CompiledPath -- Evaluating path: $['targetId']
09:48:38.485 [main] DEBUG com.jayway.jsonpath.internal.path.CompiledPath -- Evaluating path: $
09:48:38.485 [main] DEBUG com.jayway.jsonpath.internal.path.CompiledPath -- Evaluating path: $
09:48:38.485 [main] DEBUG com.jayway.jsonpath.internal.JsonContext -- Put path $ key targetId value {}
09:48:38.485 [main] DEBUG com.jayway.jsonpath.internal.path.CompiledPath -- Evaluating path: $
09:48:38.485 [main] DEBUG com.jayway.jsonpath.internal.JsonContext -- Put path $ key targetId value 34AEB298D3BC54437D6A571F4AD4D6C3
09:48:38.485 [main] DEBUG com.jayway.jsonpath.internal.path.CompiledPath -- Evaluating path: $
09:48:38.485 [main] DEBUG com.intuit.karate.driver.DriverOptions -- >> {"id":6,"sessionId":"10F3B8FC195A95782EDFA19C4085692A","method":"Browser.getWindowForTarget","params":{"targetId":"34AEB298D3BC54437D6A571F4AD4D6C3"}}
09:48:38.489 [nioEventLoopGroup-2-1] DEBUG com.intuit.karate.driver.DriverOptions -- << {"id":6,"result":{"windowId":1821531237,"bounds":{"left":9,"top":9,"width":1051,"height":798,"windowState":"normal"}},"sessionId":"10F3B8FC195A95782EDFA19C4085692A"}
09:48:38.489 [nioEventLoopGroup-2-1] DEBUG com.jayway.jsonpath.internal.path.CompiledPath -- Evaluating path: $
09:48:38.762 [main] DEBUG com.jayway.jsonpath.internal.path.CompiledPath -- Evaluating path: $['url']
09:48:38.763 [main] DEBUG com.jayway.jsonpath.internal.path.CompiledPath -- Evaluating path: $
09:48:38.763 [main] DEBUG com.jayway.jsonpath.internal.path.CompiledPath -- Evaluating path: $
09:48:38.763 [main] DEBUG com.jayway.jsonpath.internal.JsonContext -- Put path $ key url value {}
09:48:38.763 [main] DEBUG com.jayway.jsonpath.internal.path.CompiledPath -- Evaluating path: $
09:48:38.763 [main] DEBUG com.jayway.jsonpath.internal.JsonContext -- Put path $ key url value https://rahulshettyacademy.com/AutomationPractice/
09:48:38.763 [main] DEBUG com.jayway.jsonpath.internal.path.CompiledPath -- Evaluating path: $
09:48:38.763 [main] DEBUG com.intuit.karate.driver.DriverOptions -- >> {"id":7,"sessionId":"10F3B8FC195A95782EDFA19C4085692A","method":"Page.navigate","params":{"url":"https:\/\/rahulshettyacademy.com\/AutomationPractice\/"}}
09:48:38.775 [nioEventLoopGroup-2-1] DEBUG com.intuit.karate.driver.DriverOptions -- << {"method":"Page.frameStartedLoading","params":{"frameId":"34AEB298D3BC54437D6A571F4AD4D6C3"},"sessionId":"10F3B8FC195A95782EDFA19C4085692A"}
09:48:38.776 [nioEventLoopGroup-2-1] DEBUG com.jayway.jsonpath.internal.path.CompiledPath -- Evaluating path: $
09:48:38.776 [nioEventLoopGroup-2-1] DEBUG com.jayway.jsonpath.internal.path.CompiledPath -- Evaluating path: $['frameId']
09:48:39.818 [nioEventLoopGroup-2-1] DEBUG com.intuit.karate.driver.DriverOptions -- << {"id":7,"result":{"frameId":"34AEB298D3BC54437D6A571F4AD4D6C3","loaderId":"8513C04965F68829FE9780D976BAA62B"},"sessionId":"10F3B8FC195A95782EDFA19C4085692A"}
09:48:39.818 [nioEventLoopGroup-2-1] DEBUG com.jayway.jsonpath.internal.path.CompiledPath -- Evaluating path: $
09:48:39.823 [nioEventLoopGroup-2-1] DEBUG com.intuit.karate.driver.DriverOptions -- << {"method":"Runtime.executionContextsCleared","params":{},"sessionId":"10F3B8FC195A95782EDFA19C4085692A"}
09:48:39.824 [nioEventLoopGroup-2-1] DEBUG com.jayway.jsonpath.internal.path.CompiledPath -- Evaluating path: $
09:48:39.826 [nioEventLoopGroup-2-1] DEBUG com.intuit.karate.driver.DriverOptions -- << {"method":"Runtime.executionContextsCleared","params":{},"sessionId":"10F3B8FC195A95782EDFA19C4085692A"}
09:48:39.826 [nioEventLoopGroup-2-1] DEBUG com.jayway.jsonpath.internal.path.CompiledPath -- Evaluating path: $
09:48:39.828 [nioEventLoopGroup-2-1] DEBUG com.intuit.karate.driver.DriverOptions -- << {"method":"Page.frameNavigated","params":{"frame":{"id":"34AEB298D3BC54437D6A571F4AD4D6C3","loaderId":"8513C04965F68829FE9780D976BAA62B","url":"https://rahulshettyacademy.com/AutomationPractice/","domainAndRegistry":"rahulshettyacademy.com","securityOrigin":"https://rahulshettyacademy.com","mimeType":"text/html","adFrameStatus":{"adFrameType":"none"},"secureContextType":"Secure","crossOriginIsolatedContextType":"NotIsolated","gatedAPIFeatures":[]},"type":"Navigation"},"sessionId":"10F3B8FC195A95782EDFA19C4085692A"}
09:48:39.828 [nioEventLoopGroup-2-1] DEBUG com.jayway.jsonpath.internal.path.CompiledPath -- Evaluating path: $
09:48:39.829 [nioEventLoopGroup-2-1] DEBUG com.jayway.jsonpath.internal.path.CompiledPath -- Evaluating path: $['frame']['id']
09:48:39.829 [nioEventLoopGroup-2-1] DEBUG com.jayway.jsonpath.internal.path.CompiledPath -- Evaluating path: $['frame']['url']
09:48:39.829 [nioEventLoopGroup-2-1] DEBUG com.jayway.jsonpath.internal.path.CompiledPath -- Evaluating path: $['frame']['name']
09:48:39.837 [nioEventLoopGroup-2-1] DEBUG com.intuit.karate.driver.DriverOptions -- << {"method":"Target.targetInfoChanged","params":{"targetInfo":{"targetId":"34AEB298D3BC54437D6A571F4AD4D6C3","type":"page","title":"rahulshettyacademy.com/AutomationPractice/","url":"https://rahulshettyacademy.com/AutomationPractice/","attached":true,"canAccessOpener":false,"browserContextId":"F8249C45A9160D14E16BA33614BC7CAC"}},"sessionId":"10F3B8FC195A95782EDFA19C4085692A"}
09:48:39.837 [nioEventLoopGroup-2-1] DEBUG com.jayway.jsonpath.internal.path.CompiledPath -- Evaluating path: $
09:48:39.837 [nioEventLoopGroup-2-1] DEBUG com.jayway.jsonpath.internal.path.CompiledPath -- Evaluating path: $['targetInfo']['targetId']
09:48:39.844 [nioEventLoopGroup-2-1] DEBUG com.intuit.karate.driver.DriverOptions -- << {"method":"Runtime.executionContextCreated","params":{"context":{"id":1,"origin":"https://rahulshettyacademy.com","name":"","uniqueId":"6480319158281134594.-9020890825817404212","auxData":{"isDefault":true,"type":"default","frameId":"34AEB298D3BC54437D6A571F4AD4D6C3"}}},"sessionId":"10F3B8FC195A95782EDFA19C4085692A"}
09:48:39.844 [nioEventLoopGroup-2-1] DEBUG com.jayway.jsonpath.internal.path.CompiledPath -- Evaluating path: $
09:48:39.844 [nioEventLoopGroup-2-1] DEBUG com.jayway.jsonpath.internal.path.CompiledPath -- Evaluating path: $['context']['auxData']['frameId']
09:48:39.844 [nioEventLoopGroup-2-1] DEBUG com.jayway.jsonpath.internal.path.CompiledPath -- Evaluating path: $['context']['id']
09:48:39.881 [nioEventLoopGroup-2-1] DEBUG com.intuit.karate.driver.DriverOptions -- << {"method":"Page.frameDetached","params":{"frameId":"3E284AF07571E276C47A6E1223DF5791","reason":"remove"},"sessionId":"10F3B8FC195A95782EDFA19C4085692A"}
09:48:39.882 [nioEventLoopGroup-2-1] DEBUG com.jayway.jsonpath.internal.path.CompiledPath -- Evaluating path: $
09:48:39.883 [nioEventLoopGroup-2-1] DEBUG com.intuit.karate.driver.DriverOptions -- << {"method":"Target.targetDestroyed","params":{"targetId":"3E284AF07571E276C47A6E1223DF5791"},"sessionId":"10F3B8FC195A95782EDFA19C4085692A"}
09:48:39.883 [nioEventLoopGroup-2-1] DEBUG com.jayway.jsonpath.internal.path.CompiledPath -- Evaluating path: $
09:48:40.473 [nioEventLoopGroup-2-1] DEBUG com.intuit.karate.driver.DriverOptions -- << {"method":"Page.frameAttached","params":{"frameId":"9408AC3CCFB4835700DB91C19335EC77","parentFrameId":"34AEB298D3BC54437D6A571F4AD4D6C3"},"sessionId":"10F3B8FC195A95782EDFA19C4085692A"}
09:48:40.473 [nioEventLoopGroup-2-1] DEBUG com.jayway.jsonpath.internal.path.CompiledPath -- Evaluating path: $
09:48:40.474 [nioEventLoopGroup-2-1] DEBUG com.intuit.karate.driver.DriverOptions -- << {"method":"Page.frameStartedLoading","params":{"frameId":"9408AC3CCFB4835700DB91C19335EC77"},"sessionId":"10F3B8FC195A95782EDFA19C4085692A"}
09:48:40.474 [nioEventLoopGroup-2-1] DEBUG com.jayway.jsonpath.internal.path.CompiledPath -- Evaluating path: $
09:48:40.474 [nioEventLoopGroup-2-1] DEBUG com.jayway.jsonpath.internal.path.CompiledPath -- Evaluating path: $['frameId']
09:48:40.562 [nioEventLoopGroup-2-1] DEBUG com.intuit.karate.driver.DriverOptions -- << {"method":"Page.domContentEventFired","params":{"timestamp":912997.719675},"sessionId":"10F3B8FC195A95782EDFA19C4085692A"}
09:48:40.563 [nioEventLoopGroup-2-1] DEBUG com.jayway.jsonpath.internal.path.CompiledPath -- Evaluating path: $
09:48:41.246 [nioEventLoopGroup-2-1] DEBUG com.intuit.karate.driver.DriverOptions -- << {"method":"Page.frameNavigated","params":{"frame":{"id":"9408AC3CCFB4835700DB91C19335EC77","parentId":"34AEB298D3BC54437D6A571F4AD4D6C3","loaderId":"9D80CD1817E1EC880BE9CCE3373C4F61","name":"iframe-name","url":"https://rahulshettyacademy.com/","domainAndRegistry":"rahulshettyacademy.com","securityOrigin":"https://rahulshettyacademy.com","mimeType":"text/html","adFrameStatus":{"adFrameType":"none","explanations":[]},"secureContextType":"Secure","crossOriginIsolatedContextType":"NotIsolated","gatedAPIFeatures":[]},"type":"Navigation"},"sessionId":"10F3B8FC195A95782EDFA19C4085692A"}
09:48:41.246 [nioEventLoopGroup-2-1] DEBUG com.jayway.jsonpath.internal.path.CompiledPath -- Evaluating path: $
09:48:41.246 [nioEventLoopGroup-2-1] DEBUG com.jayway.jsonpath.internal.path.CompiledPath -- Evaluating path: $['frame']['id']
09:48:41.246 [nioEventLoopGroup-2-1] DEBUG com.jayway.jsonpath.internal.path.CompiledPath -- Evaluating path: $['frame']['url']
09:48:41.246 [nioEventLoopGroup-2-1] DEBUG com.jayway.jsonpath.internal.path.CompiledPath -- Evaluating path: $['frame']['name']
09:48:41.249 [nioEventLoopGroup-2-1] DEBUG com.intuit.karate.driver.DriverOptions -- << {"method":"Runtime.executionContextCreated","params":{"context":{"id":2,"origin":"https://rahulshettyacademy.com","name":"","uniqueId":"6257173573212466867.-576130642962164087","auxData":{"isDefault":true,"type":"default","frameId":"9408AC3CCFB4835700DB91C19335EC77"}}},"sessionId":"10F3B8FC195A95782EDFA19C4085692A"}
09:48:41.250 [nioEventLoopGroup-2-1] DEBUG com.jayway.jsonpath.internal.path.CompiledPath -- Evaluating path: $
09:48:41.250 [nioEventLoopGroup-2-1] DEBUG com.jayway.jsonpath.internal.path.CompiledPath -- Evaluating path: $['context']['auxData']['frameId']
09:48:41.250 [nioEventLoopGroup-2-1] DEBUG com.jayway.jsonpath.internal.path.CompiledPath -- Evaluating path: $['context']['id']
09:48:42.146 [nioEventLoopGroup-2-1] DEBUG com.intuit.karate.driver.DriverOptions -- << {"method":"Target.targetCreated","params":{"targetInfo":{"targetId":"2C5DED203C6E73C4AB30E1AEC6DA8C45","type":"app","title":"Chrome Web Store Payments","url":"","attached":false,"canAccessOpener":false,"browserContextId":"F8249C45A9160D14E16BA33614BC7CAC"}},"sessionId":"10F3B8FC195A95782EDFA19C4085692A"}
09:48:42.147 [nioEventLoopGroup-2-1] DEBUG com.jayway.jsonpath.internal.path.CompiledPath -- Evaluating path: $
09:48:42.329 [nioEventLoopGroup-2-1] DEBUG com.intuit.karate.driver.DriverOptions -- << {"method":"Target.targetInfoChanged","params":{"targetInfo":{"targetId":"2C5DED203C6E73C4AB30E1AEC6DA8C45","type":"background_page","title":"Chrome Web Store Payments","url":"chrome-extension://nmmhkkegccagdldgiimedpiccmgmieda/_generated_background_page.html","attached":false,"canAccessOpener":false,"browserContextId":"F8249C45A9160D14E16BA33614BC7CAC"}},"sessionId":"10F3B8FC195A95782EDFA19C4085692A"}
09:48:42.329 [nioEventLoopGroup-2-1] DEBUG com.jayway.jsonpath.internal.path.CompiledPath -- Evaluating path: $
09:48:42.329 [nioEventLoopGroup-2-1] DEBUG com.jayway.jsonpath.internal.path.CompiledPath -- Evaluating path: $['targetInfo']['targetId']
09:48:42.636 [nioEventLoopGroup-2-1] DEBUG com.intuit.karate.driver.DriverOptions -- << {"method":"Target.targetCreated","params":{"targetInfo":{"targetId":"33D389A4F641CFE98BA6E873737D9ABC","type":"service_worker","title":"Service Worker chrome-extension://ghbmnnjooekpmoecnnnilnnbdlolhkhi/service_worker_bin_prod.js","url":"chrome-extension://ghbmnnjooekpmoecnnnilnnbdlolhkhi/service_worker_bin_prod.js","attached":false,"canAccessOpener":false,"browserContextId":"F8249C45A9160D14E16BA33614BC7CAC"}},"sessionId":"10F3B8FC195A95782EDFA19C4085692A"}
09:48:42.636 [nioEventLoopGroup-2-1] DEBUG com.jayway.jsonpath.internal.path.CompiledPath -- Evaluating path: $
09:48:43.370 [nioEventLoopGroup-2-1] DEBUG com.intuit.karate.driver.DriverOptions -- << {"method":"Page.frameAttached","params":{"frameId":"1D36EE1F8FA0E643621C1C212FF1D4C7","parentFrameId":"9408AC3CCFB4835700DB91C19335EC77","stack":{"callFrames":[{"functionName":"k_","scriptId":"27","url":"https://pagead2.googlesyndication.com/pagead/managed/js/adsense/m202409030101/show_ads_impl_fy2021.js","lineNumber":769,"columnNumber":315},{"functionName":"t_","scriptId":"27","url":"https://pagead2.googlesyndication.com/pagead/managed/js/adsense/m202409030101/show_ads_impl_fy2021.js","lineNumber":777,"columnNumber":105}]}},"sessionId":"10F3B8FC195A95782EDFA19C4085692A"}
09:48:43.371 [nioEventLoopGroup-2-1] DEBUG com.jayway.jsonpath.internal.path.CompiledPath -- Evaluating path: $
09:48:43.372 [nioEventLoopGroup-2-1] DEBUG com.intuit.karate.driver.DriverOptions -- << {"method":"Page.frameStartedLoading","params":{"frameId":"1D36EE1F8FA0E643621C1C212FF1D4C7"},"sessionId":"10F3B8FC195A95782EDFA19C4085692A"}
09:48:43.372 [nioEventLoopGroup-2-1] DEBUG com.jayway.jsonpath.internal.path.CompiledPath -- Evaluating path: $
09:48:43.372 [nioEventLoopGroup-2-1] DEBUG com.jayway.jsonpath.internal.path.CompiledPath -- Evaluating path: $['frameId']
09:48:43.389 [nioEventLoopGroup-2-1] DEBUG com.intuit.karate.driver.DriverOptions -- << {"method":"Page.frameAttached","params":{"frameId":"2997B7B73DC5D8883F1FD83913FAF544","parentFrameId":"9408AC3CCFB4835700DB91C19335EC77","stack":{"callFrames":[{"functionName":"j_","scriptId":"27","url":"https://pagead2.googlesyndication.com/pagead/managed/js/adsense/m202409030101/show_ads_impl_fy2021.js","lineNumber":768,"columnNumber":2},{"functionName":"k_","scriptId":"27","url":"https://pagead2.googlesyndication.com/pagead/managed/js/adsense/m202409030101/show_ads_impl_fy2021.js","lineNumber":771,"columnNumber":388}]}},"sessionId":"10F3B8FC195A95782EDFA19C4085692A"}
09:48:43.390 [nioEventLoopGroup-2-1] DEBUG com.jayway.jsonpath.internal.path.CompiledPath -- Evaluating path: $
09:48:43.392 [nioEventLoopGroup-2-1] DEBUG com.intuit.karate.driver.DriverOptions -- << {"method":"Page.frameStartedLoading","params":{"frameId":"2997B7B73DC5D8883F1FD83913FAF544"},"sessionId":"10F3B8FC195A95782EDFA19C4085692A"}
09:48:43.393 [nioEventLoopGroup-2-1] DEBUG com.jayway.jsonpath.internal.path.CompiledPath -- Evaluating path: $
09:48:43.393 [nioEventLoopGroup-2-1] DEBUG com.jayway.jsonpath.internal.path.CompiledPath -- Evaluating path: $['frameId']
09:48:43.400 [nioEventLoopGroup-2-1] DEBUG com.intuit.karate.driver.DriverOptions -- << {"method":"Runtime.executionContextCreated","params":{"context":{"id":3,"origin":"https://rahulshettyacademy.com","name":"","uniqueId":"-6172814537916785298.6624372121396416179","auxData":{"isDefault":true,"type":"default","frameId":"2997B7B73DC5D8883F1FD83913FAF544"}}},"sessionId":"10F3B8FC195A95782EDFA19C4085692A"}
09:48:43.401 [nioEventLoopGroup-2-1] DEBUG com.jayway.jsonpath.internal.path.CompiledPath -- Evaluating path: $
09:48:43.401 [nioEventLoopGroup-2-1] DEBUG com.jayway.jsonpath.internal.path.CompiledPath -- Evaluating path: $['context']['auxData']['frameId']
09:48:43.401 [nioEventLoopGroup-2-1] DEBUG com.jayway.jsonpath.internal.path.CompiledPath -- Evaluating path: $['context']['id']
09:48:43.982 [nioEventLoopGroup-2-1] DEBUG com.intuit.karate.driver.DriverOptions -- << {"method":"Target.targetCreated","params":{"targetInfo":{"targetId":"1D36EE1F8FA0E643621C1C212FF1D4C7","type":"iframe","title":"","url":"","attached":false,"canAccessOpener":false,"browserContextId":"F8249C45A9160D14E16BA33614BC7CAC"}},"sessionId":"10F3B8FC195A95782EDFA19C4085692A"}
09:48:43.983 [nioEventLoopGroup-2-1] DEBUG com.jayway.jsonpath.internal.path.CompiledPath -- Evaluating path: $
09:48:43.987 [nioEventLoopGroup-2-1] DEBUG com.intuit.karate.driver.DriverOptions -- << {"method":"Target.targetInfoChanged","params":{"targetInfo":{"targetId":"1D36EE1F8FA0E643621C1C212FF1D4C7","type":"iframe","title":"https://googleads.g.doubleclick.net/pagead/html/r20240904/r20110914/zrt_lookup_fy2021.html","url":"https://googleads.g.doubleclick.net/pagead/html/r20240904/r20110914/zrt_lookup_fy2021.html","attached":false,"canAccessOpener":false,"browserContextId":"F8249C45A9160D14E16BA33614BC7CAC"}},"sessionId":"10F3B8FC195A95782EDFA19C4085692A"}
09:48:43.988 [nioEventLoopGroup-2-1] DEBUG com.jayway.jsonpath.internal.path.CompiledPath -- Evaluating path: $
09:48:43.988 [nioEventLoopGroup-2-1] DEBUG com.jayway.jsonpath.internal.path.CompiledPath -- Evaluating path: $['targetInfo']['targetId']
09:48:43.989 [nioEventLoopGroup-2-1] DEBUG com.intuit.karate.driver.DriverOptions -- << {"method":"Page.frameDetached","params":{"frameId":"1D36EE1F8FA0E643621C1C212FF1D4C7","reason":"swap"},"sessionId":"10F3B8FC195A95782EDFA19C4085692A"}
09:48:43.989 [nioEventLoopGroup-2-1] DEBUG com.jayway.jsonpath.internal.path.CompiledPath -- Evaluating path: $
09:48:44.015 [nioEventLoopGroup-2-1] DEBUG com.intuit.karate.driver.DriverOptions -- << {"method":"Target.targetCreated","params":{"targetInfo":{"targetId":"2997B7B73DC5D8883F1FD83913FAF544","type":"iframe","title":"","url":"","attached":false,"canAccessOpener":false,"browserContextId":"F8249C45A9160D14E16BA33614BC7CAC"}},"sessionId":"10F3B8FC195A95782EDFA19C4085692A"}
09:48:44.016 [nioEventLoopGroup-2-1] DEBUG com.jayway.jsonpath.internal.path.CompiledPath -- Evaluating path: $
09:48:44.023 [nioEventLoopGroup-2-1] DEBUG com.intuit.karate.driver.DriverOptions -- << {"method":"Target.targetInfoChanged","params":{"targetInfo":{"targetId":"2997B7B73DC5D8883F1FD83913FAF544","type":"iframe","title":"https://googleads.g.doubleclick.net/pagead/ads?client=ca-pub-9851078085090971&output=html&adk=1812271804&adf=3279755397&abgtt=2&plat=3%3A65536%2C4%3A65536%2C9%3A32776%2C16%3A8388608%2C17%3A32%2C24%3A32%2C25%3A32%2C30%3A1048576%2C32%3A32%2C41%3A32%2C42%3A32&format=0x0&url=https%3A%2F%2Frahulshettyacademy.com%2FAutomationPractice%2F&pra=5&wgl=1&aihb=0&asro=0&ailel=1~2~4~6~7~8~9~10~11~12~13~14~15~16~17~18~19~20~21~24~29~30~34&aiael=1~2~4~6~7~8~9~10~11~12~13~14~15~16~17~18~19~20~21~24~29~30~34&aicel=33&aifxl=29_18~30_19&aiixl=29_5~30_6&aslmct=0.7&asamct=0.7&aiict=1&aiombap=1&uach=WyJXaW5kb3dzIiwiMTUuMC4wIiwieDg2IiwiIiwiMTI4LjAuNjYxMy4xMjAiLG51bGwsMCxudWxsLCI2NCIsW1siQ2hyb21pdW0iLCIxMjguMC42NjEzLjEyMCJdLFsiTm90O0E9QnJhbmQiLCIyNC4wLjAuMCJdLFsiR29vZ2xlIENocm9tZSIsIjEyOC4wLjY2MTMuMTIwIl1dLDBd&dt=1725596322902&bpp=3&bdt=1659&idt=460&shv=r20240904&mjsv=m202409030101&ptt=9&saldr=aa&cookie_e ...
09:48:44.024 [nioEventLoopGroup-2-1] DEBUG com.jayway.jsonpath.internal.path.CompiledPath -- Evaluating path: $
09:48:44.024 [nioEventLoopGroup-2-1] DEBUG com.jayway.jsonpath.internal.path.CompiledPath -- Evaluating path: $['targetInfo']['targetId']
09:48:44.025 [nioEventLoopGroup-2-1] DEBUG com.intuit.karate.driver.DriverOptions -- << {"method":"Page.frameDetached","params":{"frameId":"2997B7B73DC5D8883F1FD83913FAF544","reason":"swap"},"sessionId":"10F3B8FC195A95782EDFA19C4085692A"}
09:48:44.025 [nioEventLoopGroup-2-1] DEBUG com.jayway.jsonpath.internal.path.CompiledPath -- Evaluating path: $
09:48:44.026 [nioEventLoopGroup-2-1] DEBUG com.intuit.karate.driver.DriverOptions -- << {"method":"Runtime.executionContextDestroyed","params":{"executionContextId":3,"executionContextUniqueId":"-6172814537916785298.6624372121396416179"},"sessionId":"10F3B8FC195A95782EDFA19C4085692A"}
09:48:44.026 [nioEventLoopGroup-2-1] DEBUG com.jayway.jsonpath.internal.path.CompiledPath -- Evaluating path: $
09:48:44.035 [nioEventLoopGroup-2-1] DEBUG com.intuit.karate.driver.DriverOptions -- << {"method":"Page.frameStoppedLoading","params":{"frameId":"9408AC3CCFB4835700DB91C19335EC77"},"sessionId":"10F3B8FC195A95782EDFA19C4085692A"}
09:48:44.036 [nioEventLoopGroup-2-1] DEBUG com.jayway.jsonpath.internal.path.CompiledPath -- Evaluating path: $
09:48:44.036 [nioEventLoopGroup-2-1] DEBUG com.jayway.jsonpath.internal.path.CompiledPath -- Evaluating path: $['frameId']
09:48:44.037 [nioEventLoopGroup-2-1] DEBUG com.intuit.karate.driver.DriverOptions -- << {"method":"Page.loadEventFired","params":{"timestamp":913001.196054},"sessionId":"10F3B8FC195A95782EDFA19C4085692A"}
09:48:44.037 [nioEventLoopGroup-2-1] DEBUG com.jayway.jsonpath.internal.path.CompiledPath -- Evaluating path: $
09:48:44.038 [nioEventLoopGroup-2-1] DEBUG com.intuit.karate.driver.DriverOptions -- << {"method":"Page.frameStoppedLoading","params":{"frameId":"34AEB298D3BC54437D6A571F4AD4D6C3"},"sessionId":"10F3B8FC195A95782EDFA19C4085692A"}
09:48:44.038 [nioEventLoopGroup-2-1] DEBUG com.jayway.jsonpath.internal.path.CompiledPath -- Evaluating path: $
09:48:44.038 [nioEventLoopGroup-2-1] DEBUG com.jayway.jsonpath.internal.path.CompiledPath -- Evaluating path: $['frameId']
09:48:44.878 [nioEventLoopGroup-2-1] DEBUG com.intuit.karate.driver.DriverOptions -- << {"method":"Page.frameAttached","params":{"frameId":"C9E0C76E10F2D2D56BC05E14CBA54ECC","parentFrameId":"9408AC3CCFB4835700DB91C19335EC77","stack":{"callFrames":[{"functionName":"","scriptId":"28","url":"https://tpc.googlesyndication.com/sodar/sodar2.js","lineNumber":31,"columnNumber":245},{"functionName":"va","scriptId":"28","url":"https://tpc.googlesyndication.com/sodar/sodar2.js","lineNumber":31,"columnNumber":37},{"functionName":"","scriptId":"28","url":"https://tpc.googlesyndication.com/sodar/sodar2.js","lineNumber":41,"columnNumber":149},{"functionName":"G","scriptId":"28","url":"https://tpc.googlesyndication.com/sodar/sodar2.js","lineNumber":14,"columnNumber":293},{"functionName":"next","scriptId":"28","url":"https://tpc.googlesyndication.com/sodar/sodar2.js","lineNumber":15,"columnNumber":88},{"functionName":"","scriptId":"28","url":"https://tpc.googlesyndication.com/sodar/sodar2.js","lineNumber":15,"columnNumber":487},{"functionName":"ma","scriptId":"28","url":"https://tpc.googlesyndication.com/sodar/s ...
09:48:44.879 [nioEventLoopGroup-2-1] DEBUG com.jayway.jsonpath.internal.path.CompiledPath -- Evaluating path: $
09:48:44.885 [nioEventLoopGroup-2-1] DEBUG com.intuit.karate.driver.DriverOptions -- << {"method":"Page.frameStartedLoading","params":{"frameId":"C9E0C76E10F2D2D56BC05E14CBA54ECC"},"sessionId":"10F3B8FC195A95782EDFA19C4085692A"}
09:48:44.885 [nioEventLoopGroup-2-1] DEBUG com.jayway.jsonpath.internal.path.CompiledPath -- Evaluating path: $
09:48:44.886 [nioEventLoopGroup-2-1] DEBUG com.jayway.jsonpath.internal.path.CompiledPath -- Evaluating path: $['frameId']
09:48:44.889 [nioEventLoopGroup-2-1] DEBUG com.intuit.karate.driver.DriverOptions -- << {"method":"Page.frameAttached","params":{"frameId":"46E969739670E2D429006E1FA7D37A7F","parentFrameId":"9408AC3CCFB4835700DB91C19335EC77","stack":{"callFrames":[{"functionName":"","scriptId":"28","url":"https://tpc.googlesyndication.com/sodar/sodar2.js","lineNumber":31,"columnNumber":245},{"functionName":"va","scriptId":"28","url":"https://tpc.googlesyndication.com/sodar/sodar2.js","lineNumber":31,"columnNumber":37},{"functionName":"","scriptId":"28","url":"https://tpc.googlesyndication.com/sodar/sodar2.js","lineNumber":39,"columnNumber":202},{"functionName":"G","scriptId":"28","url":"https://tpc.googlesyndication.com/sodar/sodar2.js","lineNumber":14,"columnNumber":293},{"functionName":"next","scriptId":"28","url":"https://tpc.googlesyndication.com/sodar/sodar2.js","lineNumber":15,"columnNumber":88},{"functionName":"","scriptId":"28","url":"https://tpc.googlesyndication.com/sodar/sodar2.js","lineNumber":15,"columnNumber":487},{"functionName":"ma","scriptId":"28","url":"https://tpc.googlesyndication.com/sodar/s ...
09:48:44.891 [nioEventLoopGroup-2-1] DEBUG com.jayway.jsonpath.internal.path.CompiledPath -- Evaluating path: $
09:48:44.894 [nioEventLoopGroup-2-1] DEBUG com.intuit.karate.driver.DriverOptions -- << {"method":"Page.frameStartedLoading","params":{"frameId":"46E969739670E2D429006E1FA7D37A7F"},"sessionId":"10F3B8FC195A95782EDFA19C4085692A"}
09:48:44.895 [nioEventLoopGroup-2-1] DEBUG com.jayway.jsonpath.internal.path.CompiledPath -- Evaluating path: $
09:48:44.895 [nioEventLoopGroup-2-1] DEBUG com.jayway.jsonpath.internal.path.CompiledPath -- Evaluating path: $['frameId']
09:48:45.112 [nioEventLoopGroup-2-1] DEBUG com.intuit.karate.driver.DriverOptions -- << {"method":"Target.targetCreated","params":{"targetInfo":{"targetId":"C9E0C76E10F2D2D56BC05E14CBA54ECC","type":"iframe","title":"","url":"","attached":false,"canAccessOpener":false,"browserContextId":"F8249C45A9160D14E16BA33614BC7CAC"}},"sessionId":"10F3B8FC195A95782EDFA19C4085692A"}
09:48:45.113 [nioEventLoopGroup-2-1] DEBUG com.jayway.jsonpath.internal.path.CompiledPath -- Evaluating path: $
09:48:45.122 [nioEventLoopGroup-2-1] DEBUG com.intuit.karate.driver.DriverOptions -- << {"method":"Target.targetInfoChanged","params":{"targetInfo":{"targetId":"C9E0C76E10F2D2D56BC05E14CBA54ECC","type":"iframe","title":"https://tpc.googlesyndication.com/sodar/sodar2/225/runner.html","url":"https://tpc.googlesyndication.com/sodar/sodar2/225/runner.html","attached":false,"canAccessOpener":false,"browserContextId":"F8249C45A9160D14E16BA33614BC7CAC"}},"sessionId":"10F3B8FC195A95782EDFA19C4085692A"}
09:48:45.122 [nioEventLoopGroup-2-1] DEBUG com.jayway.jsonpath.internal.path.CompiledPath -- Evaluating path: $
09:48:45.122 [nioEventLoopGroup-2-1] DEBUG com.jayway.jsonpath.internal.path.CompiledPath -- Evaluating path: $['targetInfo']['targetId']
09:48:45.126 [nioEventLoopGroup-2-1] DEBUG com.intuit.karate.driver.DriverOptions -- << {"method":"Page.frameDetached","params":{"frameId":"C9E0C76E10F2D2D56BC05E14CBA54ECC","reason":"swap"},"sessionId":"10F3B8FC195A95782EDFA19C4085692A"}
09:48:45.126 [nioEventLoopGroup-2-1] DEBUG com.jayway.jsonpath.internal.path.CompiledPath -- Evaluating path: $
09:48:45.161 [nioEventLoopGroup-2-1] DEBUG com.intuit.karate.driver.DriverOptions -- << {"method":"Target.targetCreated","params":{"targetInfo":{"targetId":"46E969739670E2D429006E1FA7D37A7F","type":"iframe","title":"","url":"","attached":false,"canAccessOpener":false,"browserContextId":"F8249C45A9160D14E16BA33614BC7CAC"}},"sessionId":"10F3B8FC195A95782EDFA19C4085692A"}
09:48:45.161 [nioEventLoopGroup-2-1] DEBUG com.jayway.jsonpath.internal.path.CompiledPath -- Evaluating path: $
09:48:45.167 [nioEventLoopGroup-2-1] DEBUG com.intuit.karate.driver.DriverOptions -- << {"method":"Target.targetInfoChanged","params":{"targetInfo":{"targetId":"46E969739670E2D429006E1FA7D37A7F","type":"iframe","title":"https://www.google.com/recaptcha/api2/aframe","url":"https://www.google.com/recaptcha/api2/aframe","attached":false,"canAccessOpener":false,"browserContextId":"F8249C45A9160D14E16BA33614BC7CAC"}},"sessionId":"10F3B8FC195A95782EDFA19C4085692A"}
09:48:45.167 [nioEventLoopGroup-2-1] DEBUG com.jayway.jsonpath.internal.path.CompiledPath -- Evaluating path: $
09:48:45.167 [nioEventLoopGroup-2-1] DEBUG com.jayway.jsonpath.internal.path.CompiledPath -- Evaluating path: $['targetInfo']['targetId']
09:48:45.169 [nioEventLoopGroup-2-1] DEBUG com.intuit.karate.driver.DriverOptions -- << {"method":"Page.frameDetached","params":{"frameId":"46E969739670E2D429006E1FA7D37A7F","reason":"swap"},"sessionId":"10F3B8FC195A95782EDFA19C4085692A"}
09:48:45.169 [nioEventLoopGroup-2-1] DEBUG com.jayway.jsonpath.internal.path.CompiledPath -- Evaluating path: $
09:48:46.847 [nioEventLoopGroup-2-1] DEBUG com.intuit.karate.driver.DriverOptions -- << {"method":"Page.frameDetached","params":{"frameId":"C9E0C76E10F2D2D56BC05E14CBA54ECC","reason":"remove"},"sessionId":"10F3B8FC195A95782EDFA19C4085692A"}
09:48:46.848 [nioEventLoopGroup-2-1] DEBUG com.jayway.jsonpath.internal.path.CompiledPath -- Evaluating path: $
09:48:46.848 [nioEventLoopGroup-2-1] DEBUG com.intuit.karate.driver.DriverOptions -- << {"method":"Target.targetDestroyed","params":{"targetId":"C9E0C76E10F2D2D56BC05E14CBA54ECC"},"sessionId":"10F3B8FC195A95782EDFA19C4085692A"}
09:48:46.848 [nioEventLoopGroup-2-1] DEBUG com.jayway.jsonpath.internal.path.CompiledPath -- Evaluating path: $
09:48:51.797 [nioEventLoopGroup-2-1] DEBUG com.intuit.karate.driver.DriverOptions -- << {"method":"Target.targetDestroyed","params":{"targetId":"FF08899BDDD3AF3F9F0AD11A02E5E573"},"sessionId":"10F3B8FC195A95782EDFA19C4085692A"}
09:48:51.798 [nioEventLoopGroup-2-1] DEBUG com.jayway.jsonpath.internal.path.CompiledPath -- Evaluating path: $
09:48:51.825 [nioEventLoopGroup-2-1] DEBUG com.intuit.karate.driver.DriverOptions -- << {"method":"Target.targetDestroyed","params":{"targetId":"6E82695EDF744A9E9D4DA119C5839653"},"sessionId":"10F3B8FC195A95782EDFA19C4085692A"}
09:48:51.825 [nioEventLoopGroup-2-1] DEBUG com.jayway.jsonpath.internal.path.CompiledPath -- Evaluating path: $
09:48:56.491 [chrome_1725596314988-out] DEBUG com.intuit.karate.driver.chrome_1725596314988 -- Created TensorFlow Lite XNNPACK delegate for CPU.
09:48:57.415 [nioEventLoopGroup-2-1] DEBUG com.intuit.karate.driver.DriverOptions -- << {"method":"Target.targetDestroyed","params":{"targetId":"2C5DED203C6E73C4AB30E1AEC6DA8C45"},"sessionId":"10F3B8FC195A95782EDFA19C4085692A"}
09:48:57.415 [nioEventLoopGroup-2-1] DEBUG com.jayway.jsonpath.internal.path.CompiledPath -- Evaluating path: $
09:49:08.767 [main] ERROR com.intuit.karate.driver.DriverOptions -- << timed out after milliseconds: 30000 - [id: 7, sessionId: 10F3B8FC195A95782EDFA19C4085692A, method: Page.navigate, params: {"url":"https://rahulshettyacademy.com/AutomationPractice/"}]
09:49:08.768 [main] ERROR com.intuit.karate.driver.DriverOptions -- failed to get reply for :[id: 7, sessionId: 10F3B8FC195A95782EDFA19C4085692A, method: Page.navigate, params: {"url":"https://rahulshettyacademy.com/AutomationPractice/"}]. Will try to check by running a script.
09:49:08.769 [main] DEBUG com.jayway.jsonpath.internal.path.CompiledPath -- Evaluating path: $['expression']
09:49:08.770 [main] DEBUG com.jayway.jsonpath.internal.path.CompiledPath -- Evaluating path: $
09:49:08.770 [main] DEBUG com.jayway.jsonpath.internal.path.CompiledPath -- Evaluating path: $
09:49:08.770 [main] DEBUG com.jayway.jsonpath.internal.JsonContext -- Put path $ key expression value {}
09:49:08.770 [main] DEBUG com.jayway.jsonpath.internal.path.CompiledPath -- Evaluating path: $
09:49:08.771 [main] DEBUG com.jayway.jsonpath.internal.JsonContext -- Put path $ key expression value document.readyState === 'complete'
09:49:08.771 [main] DEBUG com.jayway.jsonpath.internal.path.CompiledPath -- Evaluating path: $['returnByValue']
09:49:08.771 [main] DEBUG com.jayway.jsonpath.internal.path.CompiledPath -- Evaluating path: $
09:49:08.771 [main] DEBUG com.jayway.jsonpath.internal.path.CompiledPath -- Evaluating path: $
09:49:08.771 [main] DEBUG com.jayway.jsonpath.internal.JsonContext -- Put path $ key returnByValue value {}
09:49:08.771 [main] DEBUG com.jayway.jsonpath.internal.path.CompiledPath -- Evaluating path: $
09:49:08.771 [main] DEBUG com.jayway.jsonpath.internal.JsonContext -- Put path $ key returnByValue value true
09:49:08.771 [main] DEBUG com.jayway.jsonpath.internal.path.CompiledPath -- Evaluating path: $
09:49:08.772 [main] DEBUG com.intuit.karate.driver.DriverOptions -- >> {"id":8,"sessionId":"10F3B8FC195A95782EDFA19C4085692A","method":"Runtime.evaluate","params":{"expression":"document.readyState === 'complete'","returnByValue":true}}
09:49:08.777 [nioEventLoopGroup-2-1] DEBUG com.intuit.karate.driver.DriverOptions -- << {"id":8,"result":{"result":{"type":"boolean","value":true}},"sessionId":"10F3B8FC195A95782EDFA19C4085692A"}
09:49:08.778 [nioEventLoopGroup-2-1] DEBUG com.jayway.jsonpath.internal.path.CompiledPath -- Evaluating path: $
09:49:08.779 [main] WARN com.intuit.karate.driver.DriverOptions -- document is ready, but no reply for: [id: 7, sessionId: 10F3B8FC195A95782EDFA19C4085692A, method: Page.navigate, params: {"url":"https://rahulshettyacademy.com/AutomationPractice/"}] with a ready event received. Will proceed.
09:49:08.903 [main] DEBUG com.jayway.jsonpath.internal.path.CompiledPath -- Evaluating path: $['expression']
09:49:08.903 [main] DEBUG com.jayway.jsonpath.internal.path.CompiledPath -- Evaluating path: $
09:49:08.904 [main] DEBUG com.jayway.jsonpath.internal.path.CompiledPath -- Evaluating path: $
09:49:08.904 [main] DEBUG com.jayway.jsonpath.internal.JsonContext -- Put path $ key expression value {}
09:49:08.904 [main] DEBUG com.jayway.jsonpath.internal.path.CompiledPath -- Evaluating path: $
09:49:08.904 [main] DEBUG com.jayway.jsonpath.internal.JsonContext -- Put path $ key expression value (document.querySelector("#checkBoxOption1") != null)
09:49:08.904 [main] DEBUG com.jayway.jsonpath.internal.path.CompiledPath -- Evaluating path: $['returnByValue']
09:49:08.904 [main] DEBUG com.jayway.jsonpath.internal.path.CompiledPath -- Evaluating path: $
09:49:08.904 [main] DEBUG com.jayway.jsonpath.internal.path.CompiledPath -- Evaluating path: $
09:49:08.904 [main] DEBUG com.jayway.jsonpath.internal.JsonContext -- Put path $ key returnByValue value {}
09:49:08.904 [main] DEBUG com.jayway.jsonpath.internal.path.CompiledPath -- Evaluating path: $
09:49:08.904 [main] DEBUG com.jayway.jsonpath.internal.JsonContext -- Put path $ key returnByValue value true
09:49:08.904 [main] DEBUG com.jayway.jsonpath.internal.path.CompiledPath -- Evaluating path: $
09:49:08.904 [main] DEBUG com.intuit.karate.driver.DriverOptions -- >> {"id":9,"sessionId":"10F3B8FC195A95782EDFA19C4085692A","method":"Runtime.evaluate","params":{"expression":"(document.querySelector(\"#checkBoxOption1\") != null)","returnByValue":true}}
09:49:08.909 [nioEventLoopGroup-2-1] DEBUG com.intuit.karate.driver.DriverOptions -- << {"id":9,"result":{"result":{"type":"boolean","value":true}},"sessionId":"10F3B8FC195A95782EDFA19C4085692A"}
09:49:08.909 [nioEventLoopGroup-2-1] DEBUG com.jayway.jsonpath.internal.path.CompiledPath -- Evaluating path: $
09:49:08.915 [main] DEBUG com.jayway.jsonpath.internal.path.CompiledPath -- Evaluating path: $['expression']
09:49:08.916 [main] DEBUG com.jayway.jsonpath.internal.path.CompiledPath -- Evaluating path: $
09:49:08.916 [main] DEBUG com.jayway.jsonpath.internal.path.CompiledPath -- Evaluating path: $
09:49:08.916 [main] DEBUG com.jayway.jsonpath.internal.JsonContext -- Put path $ key expression value {}
09:49:08.916 [main] DEBUG com.jayway.jsonpath.internal.path.CompiledPath -- Evaluating path: $
09:49:08.916 [main] DEBUG com.jayway.jsonpath.internal.JsonContext -- Put path $ key expression value document.querySelector("#checkBoxOption1").click()
09:49:08.916 [main] DEBUG com.jayway.jsonpath.internal.path.CompiledPath -- Evaluating path: $['returnByValue']
09:49:08.916 [main] DEBUG com.jayway.jsonpath.internal.path.CompiledPath -- Evaluating path: $
09:49:08.916 [main] DEBUG com.jayway.jsonpath.internal.path.CompiledPath -- Evaluating path: $
09:49:08.916 [main] DEBUG com.jayway.jsonpath.internal.JsonContext -- Put path $ key returnByValue value {}
09:49:08.916 [main] DEBUG com.jayway.jsonpath.internal.path.CompiledPath -- Evaluating path: $
09:49:08.916 [main] DEBUG com.jayway.jsonpath.internal.JsonContext -- Put path $ key returnByValue value true
09:49:08.916 [main] DEBUG com.jayway.jsonpath.internal.path.CompiledPath -- Evaluating path: $
09:49:08.916 [main] DEBUG com.intuit.karate.driver.DriverOptions -- >> {"id":10,"sessionId":"10F3B8FC195A95782EDFA19C4085692A","method":"Runtime.evaluate","params":{"expression":"document.querySelector(\"#checkBoxOption1\").click()","returnByValue":true}}
09:49:08.922 [nioEventLoopGroup-2-1] DEBUG com.intuit.karate.driver.DriverOptions -- << {"id":10,"result":{"result":{"type":"undefined"}},"sessionId":"10F3B8FC195A95782EDFA19C4085692A"}
09:49:08.922 [nioEventLoopGroup-2-1] DEBUG com.jayway.jsonpath.internal.path.CompiledPath -- Evaluating path: $
09:49:08.927 [main] DEBUG com.jayway.jsonpath.internal.path.CompiledPath -- Evaluating path: $['expression']
09:49:08.927 [main] DEBUG com.jayway.jsonpath.internal.path.CompiledPath -- Evaluating path: $
09:49:08.927 [main] DEBUG com.jayway.jsonpath.internal.path.CompiledPath -- Evaluating path: $
09:49:08.927 [main] DEBUG com.jayway.jsonpath.internal.JsonContext -- Put path $ key expression value {}
09:49:08.927 [main] DEBUG com.jayway.jsonpath.internal.path.CompiledPath -- Evaluating path: $
09:49:08.927 [main] DEBUG com.jayway.jsonpath.internal.JsonContext -- Put path $ key expression value document.querySelector("#checkBoxOption2").click()
09:49:08.927 [main] DEBUG com.jayway.jsonpath.internal.path.CompiledPath -- Evaluating path: $['returnByValue']
09:49:08.927 [main] DEBUG com.jayway.jsonpath.internal.path.CompiledPath -- Evaluating path: $
09:49:08.927 [main] DEBUG com.jayway.jsonpath.internal.path.CompiledPath -- Evaluating path: $
09:49:08.928 [main] DEBUG com.jayway.jsonpath.internal.JsonContext -- Put path $ key returnByValue value {}
09:49:08.928 [main] DEBUG com.jayway.jsonpath.internal.path.CompiledPath -- Evaluating path: $
09:49:08.928 [main] DEBUG com.jayway.jsonpath.internal.JsonContext -- Put path $ key returnByValue value true
09:49:08.928 [main] DEBUG com.jayway.jsonpath.internal.path.CompiledPath -- Evaluating path: $
09:49:08.928 [main] DEBUG com.intuit.karate.driver.DriverOptions -- >> {"id":11,"sessionId":"10F3B8FC195A95782EDFA19C4085692A","method":"Runtime.evaluate","params":{"expression":"document.querySelector(\"#checkBoxOption2\").click()","returnByValue":true}}
09:49:08.937 [nioEventLoopGroup-2-1] DEBUG com.intuit.karate.driver.DriverOptions -- << {"id":11,"result":{"result":{"type":"undefined"}},"sessionId":"10F3B8FC195A95782EDFA19C4085692A"}
09:49:08.938 [nioEventLoopGroup-2-1] DEBUG com.jayway.jsonpath.internal.path.CompiledPath -- Evaluating path: $
09:49:08.954 [main] DEBUG com.jayway.jsonpath.internal.path.CompiledPath -- Evaluating path: $['expression']
09:49:08.954 [main] DEBUG com.jayway.jsonpath.internal.path.CompiledPath -- Evaluating path: $
09:49:08.954 [main] DEBUG com.jayway.jsonpath.internal.path.CompiledPath -- Evaluating path: $
09:49:08.954 [main] DEBUG com.jayway.jsonpath.internal.JsonContext -- Put path $ key expression value {}
09:49:08.954 [main] DEBUG com.jayway.jsonpath.internal.path.CompiledPath -- Evaluating path: $
09:49:08.954 [main] DEBUG com.jayway.jsonpath.internal.JsonContext -- Put path $ key expression value var e = document.querySelector("#autocomplete"); e.focus(); try { e.selectionStart = e.selectionEnd = e.value.length } catch(x) {}
09:49:08.954 [main] DEBUG com.jayway.jsonpath.internal.path.CompiledPath -- Evaluating path: $['returnByValue']
09:49:08.954 [main] DEBUG com.jayway.jsonpath.internal.path.CompiledPath -- Evaluating path: $
09:49:08.954 [main] DEBUG com.jayway.jsonpath.internal.path.CompiledPath -- Evaluating path: $
09:49:08.954 [main] DEBUG com.jayway.jsonpath.internal.JsonContext -- Put path $ key returnByValue value {}
09:49:08.954 [main] DEBUG com.jayway.jsonpath.internal.path.CompiledPath -- Evaluating path: $
09:49:08.955 [main] DEBUG com.jayway.jsonpath.internal.JsonContext -- Put path $ key returnByValue value true
09:49:08.955 [main] DEBUG com.jayway.jsonpath.internal.path.CompiledPath -- Evaluating path: $
09:49:08.955 [main] DEBUG com.intuit.karate.driver.DriverOptions -- >> {"id":12,"sessionId":"10F3B8FC195A95782EDFA19C4085692A","method":"Runtime.evaluate","params":{"expression":"var e = document.querySelector(\"#autocomplete\"); e.focus(); try { e.selectionStart = e.selectionEnd = e.value.length } catch(x) {}","returnByValue":true}}
09:49:08.960 [nioEventLoopGroup-2-1] DEBUG com.intuit.karate.driver.DriverOptions -- << {"id":12,"result":{"result":{"type":"number","value":0,"description":"0"}},"sessionId":"10F3B8FC195A95782EDFA19C4085692A"}
09:49:08.960 [nioEventLoopGroup-2-1] DEBUG com.jayway.jsonpath.internal.path.CompiledPath -- Evaluating path: $
09:49:08.962 [main] DEBUG com.jayway.jsonpath.internal.path.CompiledPath -- Evaluating path: $['modifiers']
09:49:08.962 [main] DEBUG com.jayway.jsonpath.internal.path.CompiledPath -- Evaluating path: $
09:49:08.962 [main] DEBUG com.jayway.jsonpath.internal.path.CompiledPath -- Evaluating path: $
09:49:08.962 [main] DEBUG com.jayway.jsonpath.internal.JsonContext -- Put path $ key modifiers value {}
09:49:08.962 [main] DEBUG com.jayway.jsonpath.internal.path.CompiledPath -- Evaluating path: $
09:49:08.962 [main] DEBUG com.jayway.jsonpath.internal.JsonContext -- Put path $ key modifiers value 0
09:49:08.962 [main] DEBUG com.jayway.jsonpath.internal.path.CompiledPath -- Evaluating path: $['type']
09:49:08.962 [main] DEBUG com.jayway.jsonpath.internal.path.CompiledPath -- Evaluating path: $
09:49:08.962 [main] DEBUG com.jayway.jsonpath.internal.path.CompiledPath -- Evaluating path: $
09:49:08.963 [main] DEBUG com.jayway.jsonpath.internal.JsonContext -- Put path $ key type value {}
09:49:08.963 [main] DEBUG com.jayway.jsonpath.internal.path.CompiledPath -- Evaluating path: $
09:49:08.963 [main] DEBUG com.jayway.jsonpath.internal.JsonContext -- Put path $ key type value rawKeyDown
09:49:08.963 [main] DEBUG com.jayway.jsonpath.internal.path.CompiledPath -- Evaluating path: $['text']
09:49:08.963 [main] DEBUG com.jayway.jsonpath.internal.path.CompiledPath -- Evaluating path: $
09:49:08.963 [main] DEBUG com.jayway.jsonpath.internal.path.CompiledPath -- Evaluating path: $
09:49:08.963 [main] DEBUG com.jayway.jsonpath.internal.JsonContext -- Put path $ key text value {}
09:49:08.963 [main] DEBUG com.jayway.jsonpath.internal.path.CompiledPath -- Evaluating path: $
09:49:08.963 [main] DEBUG com.jayway.jsonpath.internal.JsonContext -- Put path $ key text value H
09:49:08.963 [main] DEBUG com.jayway.jsonpath.internal.path.CompiledPath -- Evaluating path: $['windowsVirtualKeyCode']
09:49:08.963 [main] DEBUG com.jayway.jsonpath.internal.path.CompiledPath -- Evaluating path: $
09:49:08.964 [main] DEBUG com.jayway.jsonpath.internal.path.CompiledPath -- Evaluating path: $
09:49:08.964 [main] DEBUG com.jayway.jsonpath.internal.JsonContext -- Put path $ key windowsVirtualKeyCode value {}
09:49:08.964 [main] DEBUG com.jayway.jsonpath.internal.path.CompiledPath -- Evaluating path: $
09:49:08.964 [main] DEBUG com.jayway.jsonpath.internal.JsonContext -- Put path $ key windowsVirtualKeyCode value 72
09:49:08.964 [main] DEBUG com.jayway.jsonpath.internal.path.CompiledPath -- Evaluating path: $
09:49:08.964 [main] DEBUG com.intuit.karate.driver.DriverOptions -- >> {"id":13,"sessionId":"10F3B8FC195A95782EDFA19C4085692A","method":"Input.dispatchKeyEvent","params":{"modifiers":0,"type":"rawKeyDown","text":"H","windowsVirtualKeyCode":72}}
09:49:08.975 [nioEventLoopGroup-2-1] DEBUG com.intuit.karate.driver.DriverOptions -- << {"id":13,"result":{},"sessionId":"10F3B8FC195A95782EDFA19C4085692A"}
09:49:08.976 [nioEventLoopGroup-2-1] DEBUG com.jayway.jsonpath.internal.path.CompiledPath -- Evaluating path: $
09:49:08.978 [main] DEBUG com.jayway.jsonpath.internal.path.CompiledPath -- Evaluating path: $['modifiers']
09:49:08.978 [main] DEBUG com.jayway.jsonpath.internal.path.CompiledPath -- Evaluating path: $
09:49:08.978 [main] DEBUG com.jayway.jsonpath.internal.path.CompiledPath -- Evaluating path: $
09:49:08.978 [main] DEBUG com.jayway.jsonpath.internal.JsonContext -- Put path $ key modifiers value {}
09:49:08.978 [main] DEBUG com.jayway.jsonpath.internal.path.CompiledPath -- Evaluating path: $
09:49:08.978 [main] DEBUG com.jayway.jsonpath.internal.JsonContext -- Put path $ key modifiers value 0
09:49:08.978 [main] DEBUG com.jayway.jsonpath.internal.path.CompiledPath -- Evaluating path: $['type']
09:49:08.978 [main] DEBUG com.jayway.jsonpath.internal.path.CompiledPath -- Evaluating path: $
09:49:08.978 [main] DEBUG com.jayway.jsonpath.internal.path.CompiledPath -- Evaluating path: $
09:49:08.978 [main] DEBUG com.jayway.jsonpath.internal.JsonContext -- Put path $ key type value {}
09:49:08.978 [main] DEBUG com.jayway.jsonpath.internal.path.CompiledPath -- Evaluating path: $
09:49:08.978 [main] DEBUG com.jayway.jsonpath.internal.JsonContext -- Put path $ key type value char
09:49:08.978 [main] DEBUG com.jayway.jsonpath.internal.path.CompiledPath -- Evaluating path: $['text']
09:49:08.978 [main] DEBUG com.jayway.jsonpath.internal.path.CompiledPath -- Evaluating path: $
09:49:08.979 [main] DEBUG com.jayway.jsonpath.internal.path.CompiledPath -- Evaluating path: $
09:49:08.979 [main] DEBUG com.jayway.jsonpath.internal.JsonContext -- Put path $ key text value {}
09:49:08.979 [main] DEBUG com.jayway.jsonpath.internal.path.CompiledPath -- Evaluating path: $
09:49:08.979 [main] DEBUG com.jayway.jsonpath.internal.JsonContext -- Put path $ key text value H
09:49:08.979 [main] DEBUG com.jayway.jsonpath.internal.path.CompiledPath -- Evaluating path: $['windowsVirtualKeyCode']
09:49:08.979 [main] DEBUG com.jayway.jsonpath.internal.path.CompiledPath -- Evaluating path: $
09:49:08.979 [main] DEBUG com.jayway.jsonpath.internal.path.CompiledPath -- Evaluating path: $
09:49:08.979 [main] DEBUG com.jayway.jsonpath.internal.JsonContext -- Put path $ key windowsVirtualKeyCode value {}
09:49:08.980 [main] DEBUG com.jayway.jsonpath.internal.path.CompiledPath -- Evaluating path: $
09:49:08.980 [main] DEBUG com.jayway.jsonpath.internal.JsonContext -- Put path $ key windowsVirtualKeyCode value 72
09:49:08.980 [main] DEBUG com.jayway.jsonpath.internal.path.CompiledPath -- Evaluating path: $
09:49:08.980 [main] DEBUG com.intuit.karate.driver.DriverOptions -- >> {"id":14,"sessionId":"10F3B8FC195A95782EDFA19C4085692A","method":"Input.dispatchKeyEvent","params":{"modifiers":0,"type":"char","text":"H","windowsVirtualKeyCode":72}}
09:49:09.008 [nioEventLoopGroup-2-1] DEBUG com.intuit.karate.driver.DriverOptions -- << {"id":14,"result":{},"sessionId":"10F3B8FC195A95782EDFA19C4085692A"}
09:49:09.009 [nioEventLoopGroup-2-1] DEBUG com.jayway.jsonpath.internal.path.CompiledPath -- Evaluating path: $
09:49:09.011 [main] DEBUG com.jayway.jsonpath.internal.path.CompiledPath -- Evaluating path: $['modifiers']
09:49:09.011 [main] DEBUG com.jayway.jsonpath.internal.path.CompiledPath -- Evaluating path: $
09:49:09.011 [main] DEBUG com.jayway.jsonpath.internal.path.CompiledPath -- Evaluating path: $
09:49:09.011 [main] DEBUG com.jayway.jsonpath.internal.JsonContext -- Put path $ key modifiers value {}
09:49:09.011 [main] DEBUG com.jayway.jsonpath.internal.path.CompiledPath -- Evaluating path: $
09:49:09.011 [main] DEBUG com.jayway.jsonpath.internal.JsonContext -- Put path $ key modifiers value 0
09:49:09.011 [main] DEBUG com.jayway.jsonpath.internal.path.CompiledPath -- Evaluating path: $['type']
09:49:09.011 [main] DEBUG com.jayway.jsonpath.internal.path.CompiledPath -- Evaluating path: $
09:49:09.011 [main] DEBUG com.jayway.jsonpath.internal.path.CompiledPath -- Evaluating path: $
09:49:09.011 [main] DEBUG com.jayway.jsonpath.internal.JsonContext -- Put path $ key type value {}
09:49:09.011 [main] DEBUG com.jayway.jsonpath.internal.path.CompiledPath -- Evaluating path: $
09:49:09.011 [main] DEBUG com.jayway.jsonpath.internal.JsonContext -- Put path $ key type value keyUp
09:49:09.011 [main] DEBUG com.jayway.jsonpath.internal.path.CompiledPath -- Evaluating path: $['text']
09:49:09.011 [main] DEBUG com.jayway.jsonpath.internal.path.CompiledPath -- Evaluating path: $
09:49:09.011 [main] DEBUG com.jayway.jsonpath.internal.path.CompiledPath -- Evaluating path: $
09:49:09.011 [main] DEBUG com.jayway.jsonpath.internal.JsonContext -- Put path $ key text value {}
09:49:09.012 [main] DEBUG com.jayway.jsonpath.internal.path.CompiledPath -- Evaluating path: $
09:49:09.012 [main] DEBUG com.jayway.jsonpath.internal.JsonContext -- Put path $ key text value H
09:49:09.012 [main] DEBUG com.jayway.jsonpath.internal.path.CompiledPath -- Evaluating path: $['windowsVirtualKeyCode']
09:49:09.012 [main] DEBUG com.jayway.jsonpath.internal.path.CompiledPath -- Evaluating path: $
09:49:09.012 [main] DEBUG com.jayway.jsonpath.internal.path.CompiledPath -- Evaluating path: $
09:49:09.012 [main] DEBUG com.jayway.jsonpath.internal.JsonContext -- Put path $ key windowsVirtualKeyCode value {}
09:49:09.012 [main] DEBUG com.jayway.jsonpath.internal.path.CompiledPath -- Evaluating path: $
09:49:09.012 [main] DEBUG com.jayway.jsonpath.internal.JsonContext -- Put path $ key windowsVirtualKeyCode value 72
09:49:09.013 [main] DEBUG com.jayway.jsonpath.internal.path.CompiledPath -- Evaluating path: $
09:49:09.013 [main] DEBUG com.intuit.karate.driver.DriverOptions -- >> {"id":15,"sessionId":"10F3B8FC195A95782EDFA19C4085692A","method":"Input.dispatchKeyEvent","params":{"modifiers":0,"type":"keyUp","text":"H","windowsVirtualKeyCode":72}}
09:49:09.020 [nioEventLoopGroup-2-1] DEBUG com.intuit.karate.driver.DriverOptions -- << {"id":15,"result":{},"sessionId":"10F3B8FC195A95782EDFA19C4085692A"}
09:49:09.020 [nioEventLoopGroup-2-1] DEBUG com.jayway.jsonpath.internal.path.CompiledPath -- Evaluating path: $
09:49:09.021 [main] DEBUG com.jayway.jsonpath.internal.path.CompiledPath -- Evaluating path: $['modifiers']
09:49:09.022 [main] DEBUG com.jayway.jsonpath.internal.path.CompiledPath -- Evaluating path: $
09:49:09.022 [main] DEBUG com.jayway.jsonpath.internal.path.CompiledPath -- Evaluating path: $
09:49:09.022 [main] DEBUG com.jayway.jsonpath.internal.JsonContext -- Put path $ key modifiers value {}
09:49:09.022 [main] DEBUG com.jayway.jsonpath.internal.path.CompiledPath -- Evaluating path: $
09:49:09.022 [main] DEBUG com.jayway.jsonpath.internal.JsonContext -- Put path $ key modifiers value 0
09:49:09.022 [main] DEBUG com.jayway.jsonpath.internal.path.CompiledPath -- Evaluating path: $['type']
09:49:09.022 [main] DEBUG com.jayway.jsonpath.internal.path.CompiledPath -- Evaluating path: $
09:49:09.022 [main] DEBUG com.jayway.jsonpath.internal.path.CompiledPath -- Evaluating path: $
09:49:09.022 [main] DEBUG com.jayway.jsonpath.internal.JsonContext -- Put path $ key type value {}
09:49:09.022 [main] DEBUG com.jayway.jsonpath.internal.path.CompiledPath -- Evaluating path: $
09:49:09.022 [main] DEBUG com.jayway.jsonpath.internal.JsonContext -- Put path $ key type value rawKeyDown
09:49:09.022 [main] DEBUG com.jayway.jsonpath.internal.path.CompiledPath -- Evaluating path: $['text']
09:49:09.022 [main] DEBUG com.jayway.jsonpath.internal.path.CompiledPath -- Evaluating path: $
09:49:09.022 [main] DEBUG com.jayway.jsonpath.internal.path.CompiledPath -- Evaluating path: $
09:49:09.022 [main] DEBUG com.jayway.jsonpath.internal.JsonContext -- Put path $ key text value {}
09:49:09.022 [main] DEBUG com.jayway.jsonpath.internal.path.CompiledPath -- Evaluating path: $
09:49:09.022 [main] DEBUG com.jayway.jsonpath.internal.JsonContext -- Put path $ key text value e
09:49:09.022 [main] DEBUG com.jayway.jsonpath.internal.path.CompiledPath -- Evaluating path: $['windowsVirtualKeyCode']
09:49:09.022 [main] DEBUG com.jayway.jsonpath.internal.path.CompiledPath -- Evaluating path: $
09:49:09.022 [main] DEBUG com.jayway.jsonpath.internal.path.CompiledPath -- Evaluating path: $
09:49:09.022 [main] DEBUG com.jayway.jsonpath.internal.JsonContext -- Put path $ key windowsVirtualKeyCode value {}
09:49:09.022 [main] DEBUG com.jayway.jsonpath.internal.path.CompiledPath -- Evaluating path: $
09:49:09.022 [main] DEBUG com.jayway.jsonpath.internal.JsonContext -- Put path $ key windowsVirtualKeyCode value 101
09:49:09.022 [main] DEBUG com.jayway.jsonpath.internal.path.CompiledPath -- Evaluating path: $
09:49:09.023 [main] DEBUG com.intuit.karate.driver.DriverOptions -- >> {"id":16,"sessionId":"10F3B8FC195A95782EDFA19C4085692A","method":"Input.dispatchKeyEvent","params":{"modifiers":0,"type":"rawKeyDown","text":"e","windowsVirtualKeyCode":101}}
09:49:09.033 [nioEventLoopGroup-2-1] DEBUG com.intuit.karate.driver.DriverOptions -- << {"id":16,"result":{},"sessionId":"10F3B8FC195A95782EDFA19C4085692A"}
09:49:09.034 [nioEventLoopGroup-2-1] DEBUG com.jayway.jsonpath.internal.path.CompiledPath -- Evaluating path: $
09:49:09.034 [main] DEBUG com.jayway.jsonpath.internal.path.CompiledPath -- Evaluating path: $['modifiers']
09:49:09.034 [main] DEBUG com.jayway.jsonpath.internal.path.CompiledPath -- Evaluating path: $
09:49:09.034 [main] DEBUG com.jayway.jsonpath.internal.path.CompiledPath -- Evaluating path: $
09:49:09.035 [main] DEBUG com.jayway.jsonpath.internal.JsonContext -- Put path $ key modifiers value {}
09:49:09.035 [main] DEBUG com.jayway.jsonpath.internal.path.CompiledPath -- Evaluating path: $
09:49:09.035 [main] DEBUG com.jayway.jsonpath.internal.JsonContext -- Put path $ key modifiers value 0
09:49:09.035 [main] DEBUG com.jayway.jsonpath.internal.path.CompiledPath -- Evaluating path: $['type']
09:49:09.043 [main] DEBUG com.jayway.jsonpath.internal.path.CompiledPath -- Evaluating path: $
09:49:09.043 [main] DEBUG com.jayway.jsonpath.internal.path.CompiledPath -- Evaluating path: $
09:49:09.043 [main] DEBUG com.jayway.jsonpath.internal.JsonContext -- Put path $ key type value {}
09:49:09.043 [main] DEBUG com.jayway.jsonpath.internal.path.CompiledPath -- Evaluating path: $
09:49:09.043 [main] DEBUG com.jayway.jsonpath.internal.JsonContext -- Put path $ key type value char
09:49:09.043 [main] DEBUG com.jayway.jsonpath.internal.path.CompiledPath -- Evaluating path: $['text']
09:49:09.043 [main] DEBUG com.jayway.jsonpath.internal.path.CompiledPath -- Evaluating path: $
09:49:09.043 [main] DEBUG com.jayway.jsonpath.internal.path.CompiledPath -- Evaluating path: $
09:49:09.043 [main] DEBUG com.jayway.jsonpath.internal.JsonContext -- Put path $ key text value {}
09:49:09.043 [main] DEBUG com.jayway.jsonpath.internal.path.CompiledPath -- Evaluating path: $
09:49:09.043 [main] DEBUG com.jayway.jsonpath.internal.JsonContext -- Put path $ key text value e
09:49:09.043 [main] DEBUG com.jayway.jsonpath.internal.path.CompiledPath -- Evaluating path: $['windowsVirtualKeyCode']
09:49:09.043 [main] DEBUG com.jayway.jsonpath.internal.path.CompiledPath -- Evaluating path: $
09:49:09.044 [main] DEBUG com.jayway.jsonpath.internal.path.CompiledPath -- Evaluating path: $
09:49:09.045 [main] DEBUG com.jayway.jsonpath.internal.JsonContext -- Put path $ key windowsVirtualKeyCode value {}
09:49:09.045 [main] DEBUG com.jayway.jsonpath.internal.path.CompiledPath -- Evaluating path: $
09:49:09.046 [main] DEBUG com.jayway.jsonpath.internal.JsonContext -- Put path $ key windowsVirtualKeyCode value 101
09:49:09.046 [main] DEBUG com.jayway.jsonpath.internal.path.CompiledPath -- Evaluating path: $
09:49:09.046 [main] DEBUG com.intuit.karate.driver.DriverOptions -- >> {"id":17,"sessionId":"10F3B8FC195A95782EDFA19C4085692A","method":"Input.dispatchKeyEvent","params":{"modifiers":0,"type":"char","text":"e","windowsVirtualKeyCode":101}}
09:49:09.054 [nioEventLoopGroup-2-1] DEBUG com.intuit.karate.driver.DriverOptions -- << {"id":17,"result":{},"sessionId":"10F3B8FC195A95782EDFA19C4085692A"}
09:49:09.055 [nioEventLoopGroup-2-1] DEBUG com.jayway.jsonpath.internal.path.CompiledPath -- Evaluating path: $
09:49:09.055 [main] DEBUG com.jayway.jsonpath.internal.path.CompiledPath -- Evaluating path: $['modifiers']
09:49:09.055 [main] DEBUG com.jayway.jsonpath.internal.path.CompiledPath -- Evaluating path: $
09:49:09.055 [main] DEBUG com.jayway.jsonpath.internal.path.CompiledPath -- Evaluating path: $
09:49:09.055 [main] DEBUG com.jayway.jsonpath.internal.JsonContext -- Put path $ key modifiers value {}
09:49:09.055 [main] DEBUG com.jayway.jsonpath.internal.path.CompiledPath -- Evaluating path: $
09:49:09.055 [main] DEBUG com.jayway.jsonpath.internal.JsonContext -- Put path $ key modifiers value 0
09:49:09.055 [main] DEBUG com.jayway.jsonpath.internal.path.CompiledPath -- Evaluating path: $['type']
09:49:09.055 [main] DEBUG com.jayway.jsonpath.internal.path.CompiledPath -- Evaluating path: $
09:49:09.055 [main] DEBUG com.jayway.jsonpath.internal.path.CompiledPath -- Evaluating path: $
09:49:09.055 [main] DEBUG com.jayway.jsonpath.internal.JsonContext -- Put path $ key type value {}
09:49:09.055 [main] DEBUG com.jayway.jsonpath.internal.path.CompiledPath -- Evaluating path: $
09:49:09.055 [main] DEBUG com.jayway.jsonpath.internal.JsonContext -- Put path $ key type value keyUp
09:49:09.055 [main] DEBUG com.jayway.jsonpath.internal.path.CompiledPath -- Evaluating path: $['text']
09:49:09.055 [main] DEBUG com.jayway.jsonpath.internal.path.CompiledPath -- Evaluating path: $
09:49:09.055 [main] DEBUG com.jayway.jsonpath.internal.path.CompiledPath -- Evaluating path: $
09:49:09.055 [main] DEBUG com.jayway.jsonpath.internal.JsonContext -- Put path $ key text value {}
09:49:09.055 [main] DEBUG com.jayway.jsonpath.internal.path.CompiledPath -- Evaluating path: $
09:49:09.055 [main] DEBUG com.jayway.jsonpath.internal.JsonContext -- Put path $ key text value e
09:49:09.055 [main] DEBUG com.jayway.jsonpath.internal.path.CompiledPath -- Evaluating path: $['windowsVirtualKeyCode']
09:49:09.056 [main] DEBUG com.jayway.jsonpath.internal.path.CompiledPath -- Evaluating path: $
09:49:09.056 [main] DEBUG com.jayway.jsonpath.internal.path.CompiledPath -- Evaluating path: $
09:49:09.056 [main] DEBUG com.jayway.jsonpath.internal.JsonContext -- Put path $ key windowsVirtualKeyCode value {}
09:49:09.056 [main] DEBUG com.jayway.jsonpath.internal.path.CompiledPath -- Evaluating path: $
09:49:09.056 [main] DEBUG com.jayway.jsonpath.internal.JsonContext -- Put path $ key windowsVirtualKeyCode value 101
09:49:09.056 [main] DEBUG com.jayway.jsonpath.internal.path.CompiledPath -- Evaluating path: $
09:49:09.056 [main] DEBUG com.intuit.karate.driver.DriverOptions -- >> {"id":18,"sessionId":"10F3B8FC195A95782EDFA19C4085692A","method":"Input.dispatchKeyEvent","params":{"modifiers":0,"type":"keyUp","text":"e","windowsVirtualKeyCode":101}}
09:49:09.096 [nioEventLoopGroup-2-1] DEBUG com.intuit.karate.driver.DriverOptions -- << {"id":18,"result":{},"sessionId":"10F3B8FC195A95782EDFA19C4085692A"}
09:49:09.096 [nioEventLoopGroup-2-1] DEBUG com.jayway.jsonpath.internal.path.CompiledPath -- Evaluating path: $
09:49:09.096 [main] DEBUG com.jayway.jsonpath.internal.path.CompiledPath -- Evaluating path: $['modifiers']
09:49:09.096 [main] DEBUG com.jayway.jsonpath.internal.path.CompiledPath -- Evaluating path: $
09:49:09.096 [main] DEBUG com.jayway.jsonpath.internal.path.CompiledPath -- Evaluating path: $
09:49:09.096 [main] DEBUG com.jayway.jsonpath.internal.JsonContext -- Put path $ key modifiers value {}
09:49:09.096 [main] DEBUG com.jayway.jsonpath.internal.path.CompiledPath -- Evaluating path: $
09:49:09.096 [main] DEBUG com.jayway.jsonpath.internal.JsonContext -- Put path $ key modifiers value 0
09:49:09.097 [main] DEBUG com.jayway.jsonpath.internal.path.CompiledPath -- Evaluating path: $['type']
09:49:09.097 [main] DEBUG com.jayway.jsonpath.internal.path.CompiledPath -- Evaluating path: $
09:49:09.097 [main] DEBUG com.jayway.jsonpath.internal.path.CompiledPath -- Evaluating path: $
09:49:09.097 [main] DEBUG com.jayway.jsonpath.internal.JsonContext -- Put path $ key type value {}
09:49:09.097 [main] DEBUG com.jayway.jsonpath.internal.path.CompiledPath -- Evaluating path: $
09:49:09.097 [main] DEBUG com.jayway.jsonpath.internal.JsonContext -- Put path $ key type value rawKeyDown
09:49:09.097 [main] DEBUG com.jayway.jsonpath.internal.path.CompiledPath -- Evaluating path: $['text']
09:49:09.097 [main] DEBUG com.jayway.jsonpath.internal.path.CompiledPath -- Evaluating path: $
09:49:09.097 [main] DEBUG com.jayway.jsonpath.internal.path.CompiledPath -- Evaluating path: $
09:49:09.097 [main] DEBUG com.jayway.jsonpath.internal.JsonContext -- Put path $ key text value {}
09:49:09.097 [main] DEBUG com.jayway.jsonpath.internal.path.CompiledPath -- Evaluating path: $
09:49:09.097 [main] DEBUG com.jayway.jsonpath.internal.JsonContext -- Put path $ key text value l
09:49:09.097 [main] DEBUG com.jayway.jsonpath.internal.path.CompiledPath -- Evaluating path: $['windowsVirtualKeyCode']
09:49:09.097 [main] DEBUG com.jayway.jsonpath.internal.path.CompiledPath -- Evaluating path: $
09:49:09.097 [main] DEBUG com.jayway.jsonpath.internal.path.CompiledPath -- Evaluating path: $
09:49:09.097 [main] DEBUG com.jayway.jsonpath.internal.JsonContext -- Put path $ key windowsVirtualKeyCode value {}
09:49:09.098 [main] DEBUG com.jayway.jsonpath.internal.path.CompiledPath -- Evaluating path: $
09:49:09.098 [main] DEBUG com.jayway.jsonpath.internal.JsonContext -- Put path $ key windowsVirtualKeyCode value 108
09:49:09.098 [main] DEBUG com.jayway.jsonpath.internal.path.CompiledPath -- Evaluating path: $
09:49:09.098 [main] DEBUG com.intuit.karate.driver.DriverOptions -- >> {"id":19,"sessionId":"10F3B8FC195A95782EDFA19C4085692A","method":"Input.dispatchKeyEvent","params":{"modifiers":0,"type":"rawKeyDown","text":"l","windowsVirtualKeyCode":108}}
09:49:09.106 [nioEventLoopGroup-2-1] DEBUG com.intuit.karate.driver.DriverOptions -- << {"id":19,"result":{},"sessionId":"10F3B8FC195A95782EDFA19C4085692A"}
09:49:09.106 [nioEventLoopGroup-2-1] DEBUG com.jayway.jsonpath.internal.path.CompiledPath -- Evaluating path: $
09:49:09.106 [main] DEBUG com.jayway.jsonpath.internal.path.CompiledPath -- Evaluating path: $['modifiers']
09:49:09.106 [main] DEBUG com.jayway.jsonpath.internal.path.CompiledPath -- Evaluating path: $
09:49:09.110 [main] DEBUG com.jayway.jsonpath.internal.path.CompiledPath -- Evaluating path: $
09:49:09.110 [main] DEBUG com.jayway.jsonpath.internal.JsonContext -- Put path $ key modifiers value {}
09:49:09.110 [main] DEBUG com.jayway.jsonpath.internal.path.CompiledPath -- Evaluating path: $
09:49:09.110 [main] DEBUG com.jayway.jsonpath.internal.JsonContext -- Put path $ key modifiers value 0
09:49:09.110 [main] DEBUG com.jayway.jsonpath.internal.path.CompiledPath -- Evaluating path: $['type']
09:49:09.110 [main] DEBUG com.jayway.jsonpath.internal.path.CompiledPath -- Evaluating path: $
09:49:09.110 [main] DEBUG com.jayway.jsonpath.internal.path.CompiledPath -- Evaluating path: $
09:49:09.111 [main] DEBUG com.jayway.jsonpath.internal.JsonContext -- Put path $ key type value {}
09:49:09.111 [main] DEBUG com.jayway.jsonpath.internal.path.CompiledPath -- Evaluating path: $
09:49:09.111 [main] DEBUG com.jayway.jsonpath.internal.JsonContext -- Put path $ key type value char
09:49:09.111 [main] DEBUG com.jayway.jsonpath.internal.path.CompiledPath -- Evaluating path: $['text']
09:49:09.111 [main] DEBUG com.jayway.jsonpath.internal.path.CompiledPath -- Evaluating path: $
09:49:09.111 [main] DEBUG com.jayway.jsonpath.internal.path.CompiledPath -- Evaluating path: $
09:49:09.111 [main] DEBUG com.jayway.jsonpath.internal.JsonContext -- Put path $ key text value {}
09:49:09.111 [main] DEBUG com.jayway.jsonpath.internal.path.CompiledPath -- Evaluating path: $
09:49:09.111 [main] DEBUG com.jayway.jsonpath.internal.JsonContext -- Put path $ key text value l
09:49:09.111 [main] DEBUG com.jayway.jsonpath.internal.path.CompiledPath -- Evaluating path: $['windowsVirtualKeyCode']
09:49:09.111 [main] DEBUG com.jayway.jsonpath.internal.path.CompiledPath -- Evaluating path: $
09:49:09.111 [main] DEBUG com.jayway.jsonpath.internal.path.CompiledPath -- Evaluating path: $
09:49:09.111 [main] DEBUG com.jayway.jsonpath.internal.JsonContext -- Put path $ key windowsVirtualKeyCode value {}
09:49:09.111 [main] DEBUG com.jayway.jsonpath.internal.path.CompiledPath -- Evaluating path: $
09:49:09.111 [main] DEBUG com.jayway.jsonpath.internal.JsonContext -- Put path $ key windowsVirtualKeyCode value 108
09:49:09.111 [main] DEBUG com.jayway.jsonpath.internal.path.CompiledPath -- Evaluating path: $
09:49:09.111 [main] DEBUG com.intuit.karate.driver.DriverOptions -- >> {"id":20,"sessionId":"10F3B8FC195A95782EDFA19C4085692A","method":"Input.dispatchKeyEvent","params":{"modifiers":0,"type":"char","text":"l","windowsVirtualKeyCode":108}}
09:49:09.115 [nioEventLoopGroup-2-1] DEBUG com.intuit.karate.driver.DriverOptions -- << {"id":20,"result":{},"sessionId":"10F3B8FC195A95782EDFA19C4085692A"}
09:49:09.115 [nioEventLoopGroup-2-1] DEBUG com.jayway.jsonpath.internal.path.CompiledPath -- Evaluating path: $
09:49:09.117 [main] DEBUG com.jayway.jsonpath.internal.path.CompiledPath -- Evaluating path: $['modifiers']
09:49:09.117 [main] DEBUG com.jayway.jsonpath.internal.path.CompiledPath -- Evaluating path: $
09:49:09.117 [main] DEBUG com.jayway.jsonpath.internal.path.CompiledPath -- Evaluating path: $
09:49:09.117 [main] DEBUG com.jayway.jsonpath.internal.JsonContext -- Put path $ key modifiers value {}
09:49:09.117 [main] DEBUG com.jayway.jsonpath.internal.path.CompiledPath -- Evaluating path: $
09:49:09.117 [main] DEBUG com.jayway.jsonpath.internal.JsonContext -- Put path $ key modifiers value 0
09:49:09.117 [main] DEBUG com.jayway.jsonpath.internal.path.CompiledPath -- Evaluating path: $['type']
09:49:09.117 [main] DEBUG com.jayway.jsonpath.internal.path.CompiledPath -- Evaluating path: $
09:49:09.117 [main] DEBUG com.jayway.jsonpath.internal.path.CompiledPath -- Evaluating path: $
09:49:09.117 [main] DEBUG com.jayway.jsonpath.internal.JsonContext -- Put path $ key type value {}
09:49:09.117 [main] DEBUG com.jayway.jsonpath.internal.path.CompiledPath -- Evaluating path: $
09:49:09.117 [main] DEBUG com.jayway.jsonpath.internal.JsonContext -- Put path $ key type value keyUp
09:49:09.117 [main] DEBUG com.jayway.jsonpath.internal.path.CompiledPath -- Evaluating path: $['text']
09:49:09.117 [main] DEBUG com.jayway.jsonpath.internal.path.CompiledPath -- Evaluating path: $
09:49:09.118 [main] DEBUG com.jayway.jsonpath.internal.path.CompiledPath -- Evaluating path: $
09:49:09.118 [main] DEBUG com.jayway.jsonpath.internal.JsonContext -- Put path $ key text value {}
09:49:09.118 [main] DEBUG com.jayway.jsonpath.internal.path.CompiledPath -- Evaluating path: $
09:49:09.118 [main] DEBUG com.jayway.jsonpath.internal.JsonContext -- Put path $ key text value l
09:49:09.118 [main] DEBUG com.jayway.jsonpath.internal.path.CompiledPath -- Evaluating path: $['windowsVirtualKeyCode']
09:49:09.118 [main] DEBUG com.jayway.jsonpath.internal.path.CompiledPath -- Evaluating path: $
09:49:09.118 [main] DEBUG com.jayway.jsonpath.internal.path.CompiledPath -- Evaluating path: $
09:49:09.118 [main] DEBUG com.jayway.jsonpath.internal.JsonContext -- Put path $ key windowsVirtualKeyCode value {}
09:49:09.118 [main] DEBUG com.jayway.jsonpath.internal.path.CompiledPath -- Evaluating path: $
09:49:09.118 [main] DEBUG com.jayway.jsonpath.internal.JsonContext -- Put path $ key windowsVirtualKeyCode value 108
09:49:09.118 [main] DEBUG com.jayway.jsonpath.internal.path.CompiledPath -- Evaluating path: $
09:49:09.118 [main] DEBUG com.intuit.karate.driver.DriverOptions -- >> {"id":21,"sessionId":"10F3B8FC195A95782EDFA19C4085692A","method":"Input.dispatchKeyEvent","params":{"modifiers":0,"type":"keyUp","text":"l","windowsVirtualKeyCode":108}}
09:49:09.123 [nioEventLoopGroup-2-1] DEBUG com.intuit.karate.driver.DriverOptions -- << {"id":21,"result":{},"sessionId":"10F3B8FC195A95782EDFA19C4085692A"}
09:49:09.123 [nioEventLoopGroup-2-1] DEBUG com.jayway.jsonpath.internal.path.CompiledPath -- Evaluating path: $
09:49:09.126 [main] DEBUG com.jayway.jsonpath.internal.path.CompiledPath -- Evaluating path: $['modifiers']
09:49:09.126 [main] DEBUG com.jayway.jsonpath.internal.path.CompiledPath -- Evaluating path: $
09:49:09.126 [main] DEBUG com.jayway.jsonpath.internal.path.CompiledPath -- Evaluating path: $
09:49:09.126 [main] DEBUG com.jayway.jsonpath.internal.JsonContext -- Put path $ key modifiers value {}
09:49:09.126 [main] DEBUG com.jayway.jsonpath.internal.path.CompiledPath -- Evaluating path: $
09:49:09.126 [main] DEBUG com.jayway.jsonpath.internal.JsonContext -- Put path $ key modifiers value 0
09:49:09.126 [main] DEBUG com.jayway.jsonpath.internal.path.CompiledPath -- Evaluating path: $['type']
09:49:09.127 [main] DEBUG com.jayway.jsonpath.internal.path.CompiledPath -- Evaluating path: $
09:49:09.127 [main] DEBUG com.jayway.jsonpath.internal.path.CompiledPath -- Evaluating path: $
09:49:09.127 [main] DEBUG com.jayway.jsonpath.internal.JsonContext -- Put path $ key type value {}
09:49:09.127 [main] DEBUG com.jayway.jsonpath.internal.path.CompiledPath -- Evaluating path: $
09:49:09.127 [main] DEBUG com.jayway.jsonpath.internal.JsonContext -- Put path $ key type value rawKeyDown
09:49:09.127 [main] DEBUG com.jayway.jsonpath.internal.path.CompiledPath -- Evaluating path: $['text']
09:49:09.127 [main] DEBUG com.jayway.jsonpath.internal.path.CompiledPath -- Evaluating path: $
09:49:09.128 [main] DEBUG com.jayway.jsonpath.internal.path.CompiledPath -- Evaluating path: $
09:49:09.128 [main] DEBUG com.jayway.jsonpath.internal.JsonContext -- Put path $ key text value {}
09:49:09.128 [main] DEBUG com.jayway.jsonpath.internal.path.CompiledPath -- Evaluating path: $
09:49:09.128 [main] DEBUG com.jayway.jsonpath.internal.JsonContext -- Put path $ key text value l
09:49:09.128 [main] DEBUG com.jayway.jsonpath.internal.path.CompiledPath -- Evaluating path: $['windowsVirtualKeyCode']
09:49:09.128 [main] DEBUG com.jayway.jsonpath.internal.path.CompiledPath -- Evaluating path: $
09:49:09.128 [main] DEBUG com.jayway.jsonpath.internal.path.CompiledPath -- Evaluating path: $
09:49:09.128 [main] DEBUG com.jayway.jsonpath.internal.JsonContext -- Put path $ key windowsVirtualKeyCode value {}
09:49:09.128 [main] DEBUG com.jayway.jsonpath.internal.path.CompiledPath -- Evaluating path: $
09:49:09.128 [main] DEBUG com.jayway.jsonpath.internal.JsonContext -- Put path $ key windowsVirtualKeyCode value 108
09:49:09.128 [main] DEBUG com.jayway.jsonpath.internal.path.CompiledPath -- Evaluating path: $
09:49:09.128 [main] DEBUG com.intuit.karate.driver.DriverOptions -- >> {"id":22,"sessionId":"10F3B8FC195A95782EDFA19C4085692A","method":"Input.dispatchKeyEvent","params":{"modifiers":0,"type":"rawKeyDown","text":"l","windowsVirtualKeyCode":108}}
09:49:09.133 [nioEventLoopGroup-2-1] DEBUG com.intuit.karate.driver.DriverOptions -- << {"id":22,"result":{},"sessionId":"10F3B8FC195A95782EDFA19C4085692A"}
09:49:09.134 [nioEventLoopGroup-2-1] DEBUG com.jayway.jsonpath.internal.path.CompiledPath -- Evaluating path: $
09:49:09.135 [main] DEBUG com.jayway.jsonpath.internal.path.CompiledPath -- Evaluating path: $['modifiers']
09:49:09.135 [main] DEBUG com.jayway.jsonpath.internal.path.CompiledPath -- Evaluating path: $
09:49:09.135 [main] DEBUG com.jayway.jsonpath.internal.path.CompiledPath -- Evaluating path: $
09:49:09.135 [main] DEBUG com.jayway.jsonpath.internal.JsonContext -- Put path $ key modifiers value {}
09:49:09.135 [main] DEBUG com.jayway.jsonpath.internal.path.CompiledPath -- Evaluating path: $
09:49:09.135 [main] DEBUG com.jayway.jsonpath.internal.JsonContext -- Put path $ key modifiers value 0
09:49:09.135 [main] DEBUG com.jayway.jsonpath.internal.path.CompiledPath -- Evaluating path: $['type']
09:49:09.135 [main] DEBUG com.jayway.jsonpath.internal.path.CompiledPath -- Evaluating path: $
09:49:09.135 [main] DEBUG com.jayway.jsonpath.internal.path.CompiledPath -- Evaluating path: $
09:49:09.135 [main] DEBUG com.jayway.jsonpath.internal.JsonContext -- Put path $ key type value {}
09:49:09.135 [main] DEBUG com.jayway.jsonpath.internal.path.CompiledPath -- Evaluating path: $
09:49:09.135 [main] DEBUG com.jayway.jsonpath.internal.JsonContext -- Put path $ key type value char
09:49:09.135 [main] DEBUG com.jayway.jsonpath.internal.path.CompiledPath -- Evaluating path: $['text']
09:49:09.135 [main] DEBUG com.jayway.jsonpath.internal.path.CompiledPath -- Evaluating path: $
09:49:09.135 [main] DEBUG com.jayway.jsonpath.internal.path.CompiledPath -- Evaluating path: $
09:49:09.135 [main] DEBUG com.jayway.jsonpath.internal.JsonContext -- Put path $ key text value {}
09:49:09.135 [main] DEBUG com.jayway.jsonpath.internal.path.CompiledPath -- Evaluating path: $
09:49:09.135 [main] DEBUG com.jayway.jsonpath.internal.JsonContext -- Put path $ key text value l
09:49:09.135 [main] DEBUG com.jayway.jsonpath.internal.path.CompiledPath -- Evaluating path: $['windowsVirtualKeyCode']
09:49:09.135 [main] DEBUG com.jayway.jsonpath.internal.path.CompiledPath -- Evaluating path: $
09:49:09.135 [main] DEBUG com.jayway.jsonpath.internal.path.CompiledPath -- Evaluating path: $
09:49:09.135 [main] DEBUG com.jayway.jsonpath.internal.JsonContext -- Put path $ key windowsVirtualKeyCode value {}
09:49:09.135 [main] DEBUG com.jayway.jsonpath.internal.path.CompiledPath -- Evaluating path: $
09:49:09.135 [main] DEBUG com.jayway.jsonpath.internal.JsonContext -- Put path $ key windowsVirtualKeyCode value 108
09:49:09.135 [main] DEBUG com.jayway.jsonpath.internal.path.CompiledPath -- Evaluating path: $
09:49:09.135 [main] DEBUG com.intuit.karate.driver.DriverOptions -- >> {"id":23,"sessionId":"10F3B8FC195A95782EDFA19C4085692A","method":"Input.dispatchKeyEvent","params":{"modifiers":0,"type":"char","text":"l","windowsVirtualKeyCode":108}}
09:49:09.155 [nioEventLoopGroup-2-1] DEBUG com.intuit.karate.driver.DriverOptions -- << {"id":23,"result":{},"sessionId":"10F3B8FC195A95782EDFA19C4085692A"}
09:49:09.155 [nioEventLoopGroup-2-1] DEBUG com.jayway.jsonpath.internal.path.CompiledPath -- Evaluating path: $
09:49:09.155 [main] DEBUG com.jayway.jsonpath.internal.path.CompiledPath -- Evaluating path: $['modifiers']
09:49:09.155 [main] DEBUG com.jayway.jsonpath.internal.path.CompiledPath -- Evaluating path: $
09:49:09.155 [main] DEBUG com.jayway.jsonpath.internal.path.CompiledPath -- Evaluating path: $
09:49:09.155 [main] DEBUG com.jayway.jsonpath.internal.JsonContext -- Put path $ key modifiers value {}
09:49:09.155 [main] DEBUG com.jayway.jsonpath.internal.path.CompiledPath -- Evaluating path: $
09:49:09.155 [main] DEBUG com.jayway.jsonpath.internal.JsonContext -- Put path $ key modifiers value 0
09:49:09.156 [main] DEBUG com.jayway.jsonpath.internal.path.CompiledPath -- Evaluating path: $['type']
09:49:09.159 [main] DEBUG com.jayway.jsonpath.internal.path.CompiledPath -- Evaluating path: $
09:49:09.159 [main] DEBUG com.jayway.jsonpath.internal.path.CompiledPath -- Evaluating path: $
09:49:09.160 [main] DEBUG com.jayway.jsonpath.internal.JsonContext -- Put path $ key type value {}
09:49:09.160 [main] DEBUG com.jayway.jsonpath.internal.path.CompiledPath -- Evaluating path: $
09:49:09.160 [main] DEBUG com.jayway.jsonpath.internal.JsonContext -- Put path $ key type value keyUp
09:49:09.160 [main] DEBUG com.jayway.jsonpath.internal.path.CompiledPath -- Evaluating path: $['text']
09:49:09.160 [main] DEBUG com.jayway.jsonpath.internal.path.CompiledPath -- Evaluating path: $
09:49:09.160 [main] DEBUG com.jayway.jsonpath.internal.path.CompiledPath -- Evaluating path: $
09:49:09.161 [main] DEBUG com.jayway.jsonpath.internal.JsonContext -- Put path $ key text value {}
09:49:09.161 [main] DEBUG com.jayway.jsonpath.internal.path.CompiledPath -- Evaluating path: $
09:49:09.161 [main] DEBUG com.jayway.jsonpath.internal.JsonContext -- Put path $ key text value l
09:49:09.161 [main] DEBUG com.jayway.jsonpath.internal.path.CompiledPath -- Evaluating path: $['windowsVirtualKeyCode']
09:49:09.161 [main] DEBUG com.jayway.jsonpath.internal.path.CompiledPath -- Evaluating path: $
09:49:09.161 [main] DEBUG com.jayway.jsonpath.internal.path.CompiledPath -- Evaluating path: $
09:49:09.161 [main] DEBUG com.jayway.jsonpath.internal.JsonContext -- Put path $ key windowsVirtualKeyCode value {}
09:49:09.161 [main] DEBUG com.jayway.jsonpath.internal.path.CompiledPath -- Evaluating path: $
09:49:09.161 [main] DEBUG com.jayway.jsonpath.internal.JsonContext -- Put path $ key windowsVirtualKeyCode value 108
09:49:09.161 [main] DEBUG com.jayway.jsonpath.internal.path.CompiledPath -- Evaluating path: $
09:49:09.161 [main] DEBUG com.intuit.karate.driver.DriverOptions -- >> {"id":24,"sessionId":"10F3B8FC195A95782EDFA19C4085692A","method":"Input.dispatchKeyEvent","params":{"modifiers":0,"type":"keyUp","text":"l","windowsVirtualKeyCode":108}}
09:49:09.169 [nioEventLoopGroup-2-1] DEBUG com.intuit.karate.driver.DriverOptions -- << {"id":24,"result":{},"sessionId":"10F3B8FC195A95782EDFA19C4085692A"}
09:49:09.170 [nioEventLoopGroup-2-1] DEBUG com.jayway.jsonpath.internal.path.CompiledPath -- Evaluating path: $
09:49:09.170 [main] DEBUG com.jayway.jsonpath.internal.path.CompiledPath -- Evaluating path: $['modifiers']
09:49:09.170 [main] DEBUG com.jayway.jsonpath.internal.path.CompiledPath -- Evaluating path: $
09:49:09.170 [main] DEBUG com.jayway.jsonpath.internal.path.CompiledPath -- Evaluating path: $
09:49:09.170 [main] DEBUG com.jayway.jsonpath.internal.JsonContext -- Put path $ key modifiers value {}
09:49:09.170 [main] DEBUG com.jayway.jsonpath.internal.path.CompiledPath -- Evaluating path: $
09:49:09.170 [main] DEBUG com.jayway.jsonpath.internal.JsonContext -- Put path $ key modifiers value 0
09:49:09.170 [main] DEBUG com.jayway.jsonpath.internal.path.CompiledPath -- Evaluating path: $['type']
09:49:09.171 [main] DEBUG com.jayway.jsonpath.internal.path.CompiledPath -- Evaluating path: $
09:49:09.171 [main] DEBUG com.jayway.jsonpath.internal.path.CompiledPath -- Evaluating path: $
09:49:09.171 [main] DEBUG com.jayway.jsonpath.internal.JsonContext -- Put path $ key type value {}
09:49:09.171 [main] DEBUG com.jayway.jsonpath.internal.path.CompiledPath -- Evaluating path: $
09:49:09.171 [main] DEBUG com.jayway.jsonpath.internal.JsonContext -- Put path $ key type value rawKeyDown
09:49:09.171 [main] DEBUG com.jayway.jsonpath.internal.path.CompiledPath -- Evaluating path: $['text']
09:49:09.171 [main] DEBUG com.jayway.jsonpath.internal.path.CompiledPath -- Evaluating path: $
09:49:09.171 [main] DEBUG com.jayway.jsonpath.internal.path.CompiledPath -- Evaluating path: $
09:49:09.171 [main] DEBUG com.jayway.jsonpath.internal.JsonContext -- Put path $ key text value {}
09:49:09.171 [main] DEBUG com.jayway.jsonpath.internal.path.CompiledPath -- Evaluating path: $
09:49:09.171 [main] DEBUG com.jayway.jsonpath.internal.JsonContext -- Put path $ key text value o
09:49:09.171 [main] DEBUG com.jayway.jsonpath.internal.path.CompiledPath -- Evaluating path: $['windowsVirtualKeyCode']
09:49:09.171 [main] DEBUG com.jayway.jsonpath.internal.path.CompiledPath -- Evaluating path: $
09:49:09.171 [main] DEBUG com.jayway.jsonpath.internal.path.CompiledPath -- Evaluating path: $
09:49:09.171 [main] DEBUG com.jayway.jsonpath.internal.JsonContext -- Put path $ key windowsVirtualKeyCode value {}
09:49:09.171 [main] DEBUG com.jayway.jsonpath.internal.path.CompiledPath -- Evaluating path: $
09:49:09.171 [main] DEBUG com.jayway.jsonpath.internal.JsonContext -- Put path $ key windowsVirtualKeyCode value 111
09:49:09.171 [main] DEBUG com.jayway.jsonpath.internal.path.CompiledPath -- Evaluating path: $
09:49:09.171 [main] DEBUG com.intuit.karate.driver.DriverOptions -- >> {"id":25,"sessionId":"10F3B8FC195A95782EDFA19C4085692A","method":"Input.dispatchKeyEvent","params":{"modifiers":0,"type":"rawKeyDown","text":"o","windowsVirtualKeyCode":111}}
09:49:09.178 [nioEventLoopGroup-2-1] DEBUG com.intuit.karate.driver.DriverOptions -- << {"id":25,"result":{},"sessionId":"10F3B8FC195A95782EDFA19C4085692A"}
09:49:09.179 [nioEventLoopGroup-2-1] DEBUG com.jayway.jsonpath.internal.path.CompiledPath -- Evaluating path: $
09:49:09.179 [main] DEBUG com.jayway.jsonpath.internal.path.CompiledPath -- Evaluating path: $['modifiers']
09:49:09.179 [main] DEBUG com.jayway.jsonpath.internal.path.CompiledPath -- Evaluating path: $
09:49:09.179 [main] DEBUG com.jayway.jsonpath.internal.path.CompiledPath -- Evaluating path: $
09:49:09.179 [main] DEBUG com.jayway.jsonpath.internal.JsonContext -- Put path $ key modifiers value {}
09:49:09.179 [main] DEBUG com.jayway.jsonpath.internal.path.CompiledPath -- Evaluating path: $
09:49:09.179 [main] DEBUG com.jayway.jsonpath.internal.JsonContext -- Put path $ key modifiers value 0
09:49:09.179 [main] DEBUG com.jayway.jsonpath.internal.path.CompiledPath -- Evaluating path: $['type']
09:49:09.179 [main] DEBUG com.jayway.jsonpath.internal.path.CompiledPath -- Evaluating path: $
09:49:09.179 [main] DEBUG com.jayway.jsonpath.internal.path.CompiledPath -- Evaluating path: $
09:49:09.179 [main] DEBUG com.jayway.jsonpath.internal.JsonContext -- Put path $ key type value {}
09:49:09.179 [main] DEBUG com.jayway.jsonpath.internal.path.CompiledPath -- Evaluating path: $
09:49:09.179 [main] DEBUG com.jayway.jsonpath.internal.JsonContext -- Put path $ key type value char
09:49:09.179 [main] DEBUG com.jayway.jsonpath.internal.path.CompiledPath -- Evaluating path: $['text']
09:49:09.179 [main] DEBUG com.jayway.jsonpath.internal.path.CompiledPath -- Evaluating path: $
09:49:09.179 [main] DEBUG com.jayway.jsonpath.internal.path.CompiledPath -- Evaluating path: $
09:49:09.179 [main] DEBUG com.jayway.jsonpath.internal.JsonContext -- Put path $ key text value {}
09:49:09.179 [main] DEBUG com.jayway.jsonpath.internal.path.CompiledPath -- Evaluating path: $
09:49:09.179 [main] DEBUG com.jayway.jsonpath.internal.JsonContext -- Put path $ key text value o
09:49:09.180 [main] DEBUG com.jayway.jsonpath.internal.path.CompiledPath -- Evaluating path: $['windowsVirtualKeyCode']
09:49:09.180 [main] DEBUG com.jayway.jsonpath.internal.path.CompiledPath -- Evaluating path: $
09:49:09.180 [main] DEBUG com.jayway.jsonpath.internal.path.CompiledPath -- Evaluating path: $
09:49:09.180 [main] DEBUG com.jayway.jsonpath.internal.JsonContext -- Put path $ key windowsVirtualKeyCode value {}
09:49:09.180 [main] DEBUG com.jayway.jsonpath.internal.path.CompiledPath -- Evaluating path: $
09:49:09.180 [main] DEBUG com.jayway.jsonpath.internal.JsonContext -- Put path $ key windowsVirtualKeyCode value 111
09:49:09.180 [main] DEBUG com.jayway.jsonpath.internal.path.CompiledPath -- Evaluating path: $
09:49:09.180 [main] DEBUG com.intuit.karate.driver.DriverOptions -- >> {"id":26,"sessionId":"10F3B8FC195A95782EDFA19C4085692A","method":"Input.dispatchKeyEvent","params":{"modifiers":0,"type":"char","text":"o","windowsVirtualKeyCode":111}}
09:49:09.193 [nioEventLoopGroup-2-1] DEBUG com.intuit.karate.driver.DriverOptions -- << {"id":26,"result":{},"sessionId":"10F3B8FC195A95782EDFA19C4085692A"}
09:49:09.193 [nioEventLoopGroup-2-1] DEBUG com.jayway.jsonpath.internal.path.CompiledPath -- Evaluating path: $
09:49:09.193 [main] DEBUG com.jayway.jsonpath.internal.path.CompiledPath -- Evaluating path: $['modifiers']
09:49:09.193 [main] DEBUG com.jayway.jsonpath.internal.path.CompiledPath -- Evaluating path: $
09:49:09.193 [main] DEBUG com.jayway.jsonpath.internal.path.CompiledPath -- Evaluating path: $
09:49:09.194 [main] DEBUG com.jayway.jsonpath.internal.JsonContext -- Put path $ key modifiers value {}
09:49:09.194 [main] DEBUG com.jayway.jsonpath.internal.path.CompiledPath -- Evaluating path: $
09:49:09.194 [main] DEBUG com.jayway.jsonpath.internal.JsonContext -- Put path $ key modifiers value 0
09:49:09.194 [main] DEBUG com.jayway.jsonpath.internal.path.CompiledPath -- Evaluating path: $['type']
09:49:09.194 [main] DEBUG com.jayway.jsonpath.internal.path.CompiledPath -- Evaluating path: $
09:49:09.194 [main] DEBUG com.jayway.jsonpath.internal.path.CompiledPath -- Evaluating path: $
09:49:09.194 [main] DEBUG com.jayway.jsonpath.internal.JsonContext -- Put path $ key type value {}
09:49:09.194 [main] DEBUG com.jayway.jsonpath.internal.path.CompiledPath -- Evaluating path: $
09:49:09.194 [main] DEBUG com.jayway.jsonpath.internal.JsonContext -- Put path $ key type value keyUp
09:49:09.194 [main] DEBUG com.jayway.jsonpath.internal.path.CompiledPath -- Evaluating path: $['text']
09:49:09.194 [main] DEBUG com.jayway.jsonpath.internal.path.CompiledPath -- Evaluating path: $
09:49:09.194 [main] DEBUG com.jayway.jsonpath.internal.path.CompiledPath -- Evaluating path: $
09:49:09.194 [main] DEBUG com.jayway.jsonpath.internal.JsonContext -- Put path $ key text value {}
09:49:09.194 [main] DEBUG com.jayway.jsonpath.internal.path.CompiledPath -- Evaluating path: $
09:49:09.194 [main] DEBUG com.jayway.jsonpath.internal.JsonContext -- Put path $ key text value o
09:49:09.194 [main] DEBUG com.jayway.jsonpath.internal.path.CompiledPath -- Evaluating path: $['windowsVirtualKeyCode']
09:49:09.194 [main] DEBUG com.jayway.jsonpath.internal.path.CompiledPath -- Evaluating path: $
09:49:09.194 [main] DEBUG com.jayway.jsonpath.internal.path.CompiledPath -- Evaluating path: $
09:49:09.194 [main] DEBUG com.jayway.jsonpath.internal.JsonContext -- Put path $ key windowsVirtualKeyCode value {}
09:49:09.194 [main] DEBUG com.jayway.jsonpath.internal.path.CompiledPath -- Evaluating path: $
09:49:09.194 [main] DEBUG com.jayway.jsonpath.internal.JsonContext -- Put path $ key windowsVirtualKeyCode value 111
09:49:09.194 [main] DEBUG com.jayway.jsonpath.internal.path.CompiledPath -- Evaluating path: $
09:49:09.194 [main] DEBUG com.intuit.karate.driver.DriverOptions -- >> {"id":27,"sessionId":"10F3B8FC195A95782EDFA19C4085692A","method":"Input.dispatchKeyEvent","params":{"modifiers":0,"type":"keyUp","text":"o","windowsVirtualKeyCode":111}}
09:49:09.197 [nioEventLoopGroup-2-1] DEBUG com.intuit.karate.driver.DriverOptions -- << {"id":27,"result":{},"sessionId":"10F3B8FC195A95782EDFA19C4085692A"}
09:49:09.197 [nioEventLoopGroup-2-1] DEBUG com.jayway.jsonpath.internal.path.CompiledPath -- Evaluating path: $
09:49:09.197 [main] DEBUG com.jayway.jsonpath.internal.path.CompiledPath -- Evaluating path: $['modifiers']
09:49:09.197 [main] DEBUG com.jayway.jsonpath.internal.path.CompiledPath -- Evaluating path: $
09:49:09.197 [main] DEBUG com.jayway.jsonpath.internal.path.CompiledPath -- Evaluating path: $
09:49:09.197 [main] DEBUG com.jayway.jsonpath.internal.JsonContext -- Put path $ key modifiers value {}
09:49:09.200 [main] DEBUG com.jayway.jsonpath.internal.path.CompiledPath -- Evaluating path: $
09:49:09.201 [main] DEBUG com.jayway.jsonpath.internal.JsonContext -- Put path $ key modifiers value 0
09:49:09.201 [main] DEBUG com.jayway.jsonpath.internal.path.CompiledPath -- Evaluating path: $['type']
09:49:09.201 [main] DEBUG com.jayway.jsonpath.internal.path.CompiledPath -- Evaluating path: $
09:49:09.201 [main] DEBUG com.jayway.jsonpath.internal.path.CompiledPath -- Evaluating path: $
09:49:09.201 [main] DEBUG com.jayway.jsonpath.internal.JsonContext -- Put path $ key type value {}
09:49:09.201 [main] DEBUG com.jayway.jsonpath.internal.path.CompiledPath -- Evaluating path: $
09:49:09.201 [main] DEBUG com.jayway.jsonpath.internal.JsonContext -- Put path $ key type value rawKeyDown
09:49:09.201 [main] DEBUG com.jayway.jsonpath.internal.path.CompiledPath -- Evaluating path: $['text']
09:49:09.201 [main] DEBUG com.jayway.jsonpath.internal.path.CompiledPath -- Evaluating path: $
09:49:09.201 [main] DEBUG com.jayway.jsonpath.internal.path.CompiledPath -- Evaluating path: $
09:49:09.201 [main] DEBUG com.jayway.jsonpath.internal.JsonContext -- Put path $ key text value {}
09:49:09.201 [main] DEBUG com.jayway.jsonpath.internal.path.CompiledPath -- Evaluating path: $
09:49:09.201 [main] DEBUG com.jayway.jsonpath.internal.JsonContext -- Put path $ key text value  
09:49:09.201 [main] DEBUG com.jayway.jsonpath.internal.path.CompiledPath -- Evaluating path: $['windowsVirtualKeyCode']
09:49:09.201 [main] DEBUG com.jayway.jsonpath.internal.path.CompiledPath -- Evaluating path: $
09:49:09.201 [main] DEBUG com.jayway.jsonpath.internal.path.CompiledPath -- Evaluating path: $
09:49:09.201 [main] DEBUG com.jayway.jsonpath.internal.JsonContext -- Put path $ key windowsVirtualKeyCode value {}
09:49:09.201 [main] DEBUG com.jayway.jsonpath.internal.path.CompiledPath -- Evaluating path: $
09:49:09.201 [main] DEBUG com.jayway.jsonpath.internal.JsonContext -- Put path $ key windowsVirtualKeyCode value 32
09:49:09.201 [main] DEBUG com.jayway.jsonpath.internal.path.CompiledPath -- Evaluating path: $
09:49:09.201 [main] DEBUG com.intuit.karate.driver.DriverOptions -- >> {"id":28,"sessionId":"10F3B8FC195A95782EDFA19C4085692A","method":"Input.dispatchKeyEvent","params":{"modifiers":0,"type":"rawKeyDown","text":" ","windowsVirtualKeyCode":32}}
09:49:09.205 [nioEventLoopGroup-2-1] DEBUG com.intuit.karate.driver.DriverOptions -- << {"id":28,"result":{},"sessionId":"10F3B8FC195A95782EDFA19C4085692A"}
09:49:09.205 [nioEventLoopGroup-2-1] DEBUG com.jayway.jsonpath.internal.path.CompiledPath -- Evaluating path: $
09:49:09.206 [main] DEBUG com.jayway.jsonpath.internal.path.CompiledPath -- Evaluating path: $['modifiers']
09:49:09.208 [main] DEBUG com.jayway.jsonpath.internal.path.CompiledPath -- Evaluating path: $
09:49:09.208 [main] DEBUG com.jayway.jsonpath.internal.path.CompiledPath -- Evaluating path: $
09:49:09.208 [main] DEBUG com.jayway.jsonpath.internal.JsonContext -- Put path $ key modifiers value {}
09:49:09.208 [main] DEBUG com.jayway.jsonpath.internal.path.CompiledPath -- Evaluating path: $
09:49:09.208 [main] DEBUG com.jayway.jsonpath.internal.JsonContext -- Put path $ key modifiers value 0
09:49:09.208 [main] DEBUG com.jayway.jsonpath.internal.path.CompiledPath -- Evaluating path: $['type']
09:49:09.208 [main] DEBUG com.jayway.jsonpath.internal.path.CompiledPath -- Evaluating path: $
09:49:09.208 [main] DEBUG com.jayway.jsonpath.internal.path.CompiledPath -- Evaluating path: $
09:49:09.208 [main] DEBUG com.jayway.jsonpath.internal.JsonContext -- Put path $ key type value {}
09:49:09.208 [main] DEBUG com.jayway.jsonpath.internal.path.CompiledPath -- Evaluating path: $
09:49:09.208 [main] DEBUG com.jayway.jsonpath.internal.JsonContext -- Put path $ key type value char
09:49:09.208 [main] DEBUG com.jayway.jsonpath.internal.path.CompiledPath -- Evaluating path: $['text']
09:49:09.209 [main] DEBUG com.jayway.jsonpath.internal.path.CompiledPath -- Evaluating path: $
09:49:09.209 [main] DEBUG com.jayway.jsonpath.internal.path.CompiledPath -- Evaluating path: $
09:49:09.209 [main] DEBUG com.jayway.jsonpath.internal.JsonContext -- Put path $ key text value {}
09:49:09.209 [main] DEBUG com.jayway.jsonpath.internal.path.CompiledPath -- Evaluating path: $
09:49:09.209 [main] DEBUG com.jayway.jsonpath.internal.JsonContext -- Put path $ key text value  
09:49:09.209 [main] DEBUG com.jayway.jsonpath.internal.path.CompiledPath -- Evaluating path: $['windowsVirtualKeyCode']
09:49:09.209 [main] DEBUG com.jayway.jsonpath.internal.path.CompiledPath -- Evaluating path: $
09:49:09.209 [main] DEBUG com.jayway.jsonpath.internal.path.CompiledPath -- Evaluating path: $
09:49:09.209 [main] DEBUG com.jayway.jsonpath.internal.JsonContext -- Put path $ key windowsVirtualKeyCode value {}
09:49:09.209 [main] DEBUG com.jayway.jsonpath.internal.path.CompiledPath -- Evaluating path: $
09:49:09.209 [main] DEBUG com.jayway.jsonpath.internal.JsonContext -- Put path $ key windowsVirtualKeyCode value 32
09:49:09.209 [main] DEBUG com.jayway.jsonpath.internal.path.CompiledPath -- Evaluating path: $
09:49:09.209 [main] DEBUG com.intuit.karate.driver.DriverOptions -- >> {"id":29,"sessionId":"10F3B8FC195A95782EDFA19C4085692A","method":"Input.dispatchKeyEvent","params":{"modifiers":0,"type":"char","text":" ","windowsVirtualKeyCode":32}}
09:49:09.230 [nioEventLoopGroup-2-1] DEBUG com.intuit.karate.driver.DriverOptions -- << {"id":29,"result":{},"sessionId":"10F3B8FC195A95782EDFA19C4085692A"}
09:49:09.230 [nioEventLoopGroup-2-1] DEBUG com.jayway.jsonpath.internal.path.CompiledPath -- Evaluating path: $
09:49:09.230 [main] DEBUG com.jayway.jsonpath.internal.path.CompiledPath -- Evaluating path: $['modifiers']
09:49:09.230 [main] DEBUG com.jayway.jsonpath.internal.path.CompiledPath -- Evaluating path: $
09:49:09.230 [main] DEBUG com.jayway.jsonpath.internal.path.CompiledPath -- Evaluating path: $
09:49:09.231 [main] DEBUG com.jayway.jsonpath.internal.JsonContext -- Put path $ key modifiers value {}
09:49:09.231 [main] DEBUG com.jayway.jsonpath.internal.path.CompiledPath -- Evaluating path: $
09:49:09.231 [main] DEBUG com.jayway.jsonpath.internal.JsonContext -- Put path $ key modifiers value 0
09:49:09.231 [main] DEBUG com.jayway.jsonpath.internal.path.CompiledPath -- Evaluating path: $['type']
09:49:09.231 [main] DEBUG com.jayway.jsonpath.internal.path.CompiledPath -- Evaluating path: $
09:49:09.231 [main] DEBUG com.jayway.jsonpath.internal.path.CompiledPath -- Evaluating path: $
09:49:09.231 [main] DEBUG com.jayway.jsonpath.internal.JsonContext -- Put path $ key type value {}
09:49:09.231 [main] DEBUG com.jayway.jsonpath.internal.path.CompiledPath -- Evaluating path: $
09:49:09.231 [main] DEBUG com.jayway.jsonpath.internal.JsonContext -- Put path $ key type value keyUp
09:49:09.231 [main] DEBUG com.jayway.jsonpath.internal.path.CompiledPath -- Evaluating path: $['text']
09:49:09.231 [main] DEBUG com.jayway.jsonpath.internal.path.CompiledPath -- Evaluating path: $
09:49:09.231 [main] DEBUG com.jayway.jsonpath.internal.path.CompiledPath -- Evaluating path: $
09:49:09.231 [main] DEBUG com.jayway.jsonpath.internal.JsonContext -- Put path $ key text value {}
09:49:09.231 [main] DEBUG com.jayway.jsonpath.internal.path.CompiledPath -- Evaluating path: $
09:49:09.231 [main] DEBUG com.jayway.jsonpath.internal.JsonContext -- Put path $ key text value  
09:49:09.231 [main] DEBUG com.jayway.jsonpath.internal.path.CompiledPath -- Evaluating path: $['windowsVirtualKeyCode']
09:49:09.231 [main] DEBUG com.jayway.jsonpath.internal.path.CompiledPath -- Evaluating path: $
09:49:09.231 [main] DEBUG com.jayway.jsonpath.internal.path.CompiledPath -- Evaluating path: $
09:49:09.231 [main] DEBUG com.jayway.jsonpath.internal.JsonContext -- Put path $ key windowsVirtualKeyCode value {}
09:49:09.231 [main] DEBUG com.jayway.jsonpath.internal.path.CompiledPath -- Evaluating path: $
09:49:09.231 [main] DEBUG com.jayway.jsonpath.internal.JsonContext -- Put path $ key windowsVirtualKeyCode value 32
09:49:09.231 [main] DEBUG com.jayway.jsonpath.internal.path.CompiledPath -- Evaluating path: $
09:49:09.231 [main] DEBUG com.intuit.karate.driver.DriverOptions -- >> {"id":30,"sessionId":"10F3B8FC195A95782EDFA19C4085692A","method":"Input.dispatchKeyEvent","params":{"modifiers":0,"type":"keyUp","text":" ","windowsVirtualKeyCode":32}}
09:49:09.236 [nioEventLoopGroup-2-1] DEBUG com.intuit.karate.driver.DriverOptions -- << {"id":30,"result":{},"sessionId":"10F3B8FC195A95782EDFA19C4085692A"}
09:49:09.236 [nioEventLoopGroup-2-1] DEBUG com.jayway.jsonpath.internal.path.CompiledPath -- Evaluating path: $
09:49:09.236 [main] DEBUG com.jayway.jsonpath.internal.path.CompiledPath -- Evaluating path: $['modifiers']
09:49:09.236 [main] DEBUG com.jayway.jsonpath.internal.path.CompiledPath -- Evaluating path: $
09:49:09.236 [main] DEBUG com.jayway.jsonpath.internal.path.CompiledPath -- Evaluating path: $
09:49:09.236 [main] DEBUG com.jayway.jsonpath.internal.JsonContext -- Put path $ key modifiers value {}
09:49:09.236 [main] DEBUG com.jayway.jsonpath.internal.path.CompiledPath -- Evaluating path: $
09:49:09.236 [main] DEBUG com.jayway.jsonpath.internal.JsonContext -- Put path $ key modifiers value 0
09:49:09.236 [main] DEBUG com.jayway.jsonpath.internal.path.CompiledPath -- Evaluating path: $['type']
09:49:09.236 [main] DEBUG com.jayway.jsonpath.internal.path.CompiledPath -- Evaluating path: $
09:49:09.236 [main] DEBUG com.jayway.jsonpath.internal.path.CompiledPath -- Evaluating path: $
09:49:09.236 [main] DEBUG com.jayway.jsonpath.internal.JsonContext -- Put path $ key type value {}
09:49:09.236 [main] DEBUG com.jayway.jsonpath.internal.path.CompiledPath -- Evaluating path: $
09:49:09.236 [main] DEBUG com.jayway.jsonpath.internal.JsonContext -- Put path $ key type value rawKeyDown
09:49:09.236 [main] DEBUG com.jayway.jsonpath.internal.path.CompiledPath -- Evaluating path: $['text']
09:49:09.236 [main] DEBUG com.jayway.jsonpath.internal.path.CompiledPath -- Evaluating path: $
09:49:09.236 [main] DEBUG com.jayway.jsonpath.internal.path.CompiledPath -- Evaluating path: $
09:49:09.236 [main] DEBUG com.jayway.jsonpath.internal.JsonContext -- Put path $ key text value {}
09:49:09.236 [main] DEBUG com.jayway.jsonpath.internal.path.CompiledPath -- Evaluating path: $
09:49:09.236 [main] DEBUG com.jayway.jsonpath.internal.JsonContext -- Put path $ key text value G
09:49:09.236 [main] DEBUG com.jayway.jsonpath.internal.path.CompiledPath -- Evaluating path: $['windowsVirtualKeyCode']
09:49:09.236 [main] DEBUG com.jayway.jsonpath.internal.path.CompiledPath -- Evaluating path: $
09:49:09.236 [main] DEBUG com.jayway.jsonpath.internal.path.CompiledPath -- Evaluating path: $
09:49:09.236 [main] DEBUG com.jayway.jsonpath.internal.JsonContext -- Put path $ key windowsVirtualKeyCode value {}
09:49:09.236 [main] DEBUG com.jayway.jsonpath.internal.path.CompiledPath -- Evaluating path: $
09:49:09.236 [main] DEBUG com.jayway.jsonpath.internal.JsonContext -- Put path $ key windowsVirtualKeyCode value 71
09:49:09.236 [main] DEBUG com.jayway.jsonpath.internal.path.CompiledPath -- Evaluating path: $
09:49:09.236 [main] DEBUG com.intuit.karate.driver.DriverOptions -- >> {"id":31,"sessionId":"10F3B8FC195A95782EDFA19C4085692A","method":"Input.dispatchKeyEvent","params":{"modifiers":0,"type":"rawKeyDown","text":"G","windowsVirtualKeyCode":71}}
09:49:09.241 [nioEventLoopGroup-2-1] DEBUG com.intuit.karate.driver.DriverOptions -- << {"id":31,"result":{},"sessionId":"10F3B8FC195A95782EDFA19C4085692A"}
09:49:09.241 [nioEventLoopGroup-2-1] DEBUG com.jayway.jsonpath.internal.path.CompiledPath -- Evaluating path: $
09:49:09.242 [main] DEBUG com.jayway.jsonpath.internal.path.CompiledPath -- Evaluating path: $['modifiers']
09:49:09.243 [main] DEBUG com.jayway.jsonpath.internal.path.CompiledPath -- Evaluating path: $
09:49:09.243 [main] DEBUG com.jayway.jsonpath.internal.path.CompiledPath -- Evaluating path: $
09:49:09.243 [main] DEBUG com.jayway.jsonpath.internal.JsonContext -- Put path $ key modifiers value {}
09:49:09.243 [main] DEBUG com.jayway.jsonpath.internal.path.CompiledPath -- Evaluating path: $
09:49:09.243 [main] DEBUG com.jayway.jsonpath.internal.JsonContext -- Put path $ key modifiers value 0
09:49:09.243 [main] DEBUG com.jayway.jsonpath.internal.path.CompiledPath -- Evaluating path: $['type']
09:49:09.243 [main] DEBUG com.jayway.jsonpath.internal.path.CompiledPath -- Evaluating path: $
09:49:09.243 [main] DEBUG com.jayway.jsonpath.internal.path.CompiledPath -- Evaluating path: $
09:49:09.243 [main] DEBUG com.jayway.jsonpath.internal.JsonContext -- Put path $ key type value {}
09:49:09.243 [main] DEBUG com.jayway.jsonpath.internal.path.CompiledPath -- Evaluating path: $
09:49:09.243 [main] DEBUG com.jayway.jsonpath.internal.JsonContext -- Put path $ key type value char
09:49:09.243 [main] DEBUG com.jayway.jsonpath.internal.path.CompiledPath -- Evaluating path: $['text']
09:49:09.243 [main] DEBUG com.jayway.jsonpath.internal.path.CompiledPath -- Evaluating path: $
09:49:09.243 [main] DEBUG com.jayway.jsonpath.internal.path.CompiledPath -- Evaluating path: $
09:49:09.243 [main] DEBUG com.jayway.jsonpath.internal.JsonContext -- Put path $ key text value {}
09:49:09.244 [main] DEBUG com.jayway.jsonpath.internal.path.CompiledPath -- Evaluating path: $
09:49:09.244 [main] DEBUG com.jayway.jsonpath.internal.JsonContext -- Put path $ key text value G
09:49:09.244 [main] DEBUG com.jayway.jsonpath.internal.path.CompiledPath -- Evaluating path: $['windowsVirtualKeyCode']
09:49:09.244 [main] DEBUG com.jayway.jsonpath.internal.path.CompiledPath -- Evaluating path: $
09:49:09.244 [main] DEBUG com.jayway.jsonpath.internal.path.CompiledPath -- Evaluating path: $
09:49:09.244 [main] DEBUG com.jayway.jsonpath.internal.JsonContext -- Put path $ key windowsVirtualKeyCode value {}
09:49:09.244 [main] DEBUG com.jayway.jsonpath.internal.path.CompiledPath -- Evaluating path: $
09:49:09.244 [main] DEBUG com.jayway.jsonpath.internal.JsonContext -- Put path $ key windowsVirtualKeyCode value 71
09:49:09.244 [main] DEBUG com.jayway.jsonpath.internal.path.CompiledPath -- Evaluating path: $
09:49:09.244 [main] DEBUG com.intuit.karate.driver.DriverOptions -- >> {"id":32,"sessionId":"10F3B8FC195A95782EDFA19C4085692A","method":"Input.dispatchKeyEvent","params":{"modifiers":0,"type":"char","text":"G","windowsVirtualKeyCode":71}}
09:49:09.255 [nioEventLoopGroup-2-1] DEBUG com.intuit.karate.driver.DriverOptions -- << {"id":32,"result":{},"sessionId":"10F3B8FC195A95782EDFA19C4085692A"}
09:49:09.255 [nioEventLoopGroup-2-1] DEBUG com.jayway.jsonpath.internal.path.CompiledPath -- Evaluating path: $
09:49:09.261 [main] DEBUG com.jayway.jsonpath.internal.path.CompiledPath -- Evaluating path: $['modifiers']
09:49:09.262 [main] DEBUG com.jayway.jsonpath.internal.path.CompiledPath -- Evaluating path: $
09:49:09.262 [main] DEBUG com.jayway.jsonpath.internal.path.CompiledPath -- Evaluating path: $
09:49:09.262 [main] DEBUG com.jayway.jsonpath.internal.JsonContext -- Put path $ key modifiers value {}
09:49:09.262 [main] DEBUG com.jayway.jsonpath.internal.path.CompiledPath -- Evaluating path: $
09:49:09.262 [main] DEBUG com.jayway.jsonpath.internal.JsonContext -- Put path $ key modifiers value 0
09:49:09.262 [main] DEBUG com.jayway.jsonpath.internal.path.CompiledPath -- Evaluating path: $['type']
09:49:09.262 [main] DEBUG com.jayway.jsonpath.internal.path.CompiledPath -- Evaluating path: $
09:49:09.262 [main] DEBUG com.jayway.jsonpath.internal.path.CompiledPath -- Evaluating path: $
09:49:09.262 [main] DEBUG com.jayway.jsonpath.internal.JsonContext -- Put path $ key type value {}
09:49:09.262 [main] DEBUG com.jayway.jsonpath.internal.path.CompiledPath -- Evaluating path: $
09:49:09.262 [main] DEBUG com.jayway.jsonpath.internal.JsonContext -- Put path $ key type value keyUp
09:49:09.262 [main] DEBUG com.jayway.jsonpath.internal.path.CompiledPath -- Evaluating path: $['text']
09:49:09.262 [main] DEBUG com.jayway.jsonpath.internal.path.CompiledPath -- Evaluating path: $
09:49:09.262 [main] DEBUG com.jayway.jsonpath.internal.path.CompiledPath -- Evaluating path: $
09:49:09.262 [main] DEBUG com.jayway.jsonpath.internal.JsonContext -- Put path $ key text value {}
09:49:09.263 [main] DEBUG com.jayway.jsonpath.internal.path.CompiledPath -- Evaluating path: $
09:49:09.263 [main] DEBUG com.jayway.jsonpath.internal.JsonContext -- Put path $ key text value G
09:49:09.263 [main] DEBUG com.jayway.jsonpath.internal.path.CompiledPath -- Evaluating path: $['windowsVirtualKeyCode']
09:49:09.263 [main] DEBUG com.jayway.jsonpath.internal.path.CompiledPath -- Evaluating path: $
09:49:09.263 [main] DEBUG com.jayway.jsonpath.internal.path.CompiledPath -- Evaluating path: $
09:49:09.263 [main] DEBUG com.jayway.jsonpath.internal.JsonContext -- Put path $ key windowsVirtualKeyCode value {}
09:49:09.263 [main] DEBUG com.jayway.jsonpath.internal.path.CompiledPath -- Evaluating path: $
09:49:09.263 [main] DEBUG com.jayway.jsonpath.internal.JsonContext -- Put path $ key windowsVirtualKeyCode value 71
09:49:09.263 [main] DEBUG com.jayway.jsonpath.internal.path.CompiledPath -- Evaluating path: $
09:49:09.264 [main] DEBUG com.intuit.karate.driver.DriverOptions -- >> {"id":33,"sessionId":"10F3B8FC195A95782EDFA19C4085692A","method":"Input.dispatchKeyEvent","params":{"modifiers":0,"type":"keyUp","text":"G","windowsVirtualKeyCode":71}}
09:49:09.286 [nioEventLoopGroup-2-1] DEBUG com.intuit.karate.driver.DriverOptions -- << {"id":33,"result":{},"sessionId":"10F3B8FC195A95782EDFA19C4085692A"}
09:49:09.287 [nioEventLoopGroup-2-1] DEBUG com.jayway.jsonpath.internal.path.CompiledPath -- Evaluating path: $
09:49:09.287 [main] DEBUG com.jayway.jsonpath.internal.path.CompiledPath -- Evaluating path: $['modifiers']
09:49:09.287 [main] DEBUG com.jayway.jsonpath.internal.path.CompiledPath -- Evaluating path: $
09:49:09.287 [main] DEBUG com.jayway.jsonpath.internal.path.CompiledPath -- Evaluating path: $
09:49:09.287 [main] DEBUG com.jayway.jsonpath.internal.JsonContext -- Put path $ key modifiers value {}
09:49:09.287 [main] DEBUG com.jayway.jsonpath.internal.path.CompiledPath -- Evaluating path: $
09:49:09.287 [main] DEBUG com.jayway.jsonpath.internal.JsonContext -- Put path $ key modifiers value 0
09:49:09.287 [main] DEBUG com.jayway.jsonpath.internal.path.CompiledPath -- Evaluating path: $['type']
09:49:09.287 [main] DEBUG com.jayway.jsonpath.internal.path.CompiledPath -- Evaluating path: $
09:49:09.287 [main] DEBUG com.jayway.jsonpath.internal.path.CompiledPath -- Evaluating path: $
09:49:09.287 [main] DEBUG com.jayway.jsonpath.internal.JsonContext -- Put path $ key type value {}
09:49:09.287 [main] DEBUG com.jayway.jsonpath.internal.path.CompiledPath -- Evaluating path: $
09:49:09.287 [main] DEBUG com.jayway.jsonpath.internal.JsonContext -- Put path $ key type value rawKeyDown
09:49:09.287 [main] DEBUG com.jayway.jsonpath.internal.path.CompiledPath -- Evaluating path: $['text']
09:49:09.287 [main] DEBUG com.jayway.jsonpath.internal.path.CompiledPath -- Evaluating path: $
09:49:09.287 [main] DEBUG com.jayway.jsonpath.internal.path.CompiledPath -- Evaluating path: $
09:49:09.287 [main] DEBUG com.jayway.jsonpath.internal.JsonContext -- Put path $ key text value {}
09:49:09.287 [main] DEBUG com.jayway.jsonpath.internal.path.CompiledPath -- Evaluating path: $
09:49:09.287 [main] DEBUG com.jayway.jsonpath.internal.JsonContext -- Put path $ key text value o
09:49:09.288 [main] DEBUG com.jayway.jsonpath.internal.path.CompiledPath -- Evaluating path: $['windowsVirtualKeyCode']
09:49:09.288 [main] DEBUG com.jayway.jsonpath.internal.path.CompiledPath -- Evaluating path: $
09:49:09.288 [main] DEBUG com.jayway.jsonpath.internal.path.CompiledPath -- Evaluating path: $
09:49:09.288 [main] DEBUG com.jayway.jsonpath.internal.JsonContext -- Put path $ key windowsVirtualKeyCode value {}
09:49:09.288 [main] DEBUG com.jayway.jsonpath.internal.path.CompiledPath -- Evaluating path: $
09:49:09.288 [main] DEBUG com.jayway.jsonpath.internal.JsonContext -- Put path $ key windowsVirtualKeyCode value 111
09:49:09.288 [main] DEBUG com.jayway.jsonpath.internal.path.CompiledPath -- Evaluating path: $
09:49:09.288 [main] DEBUG com.intuit.karate.driver.DriverOptions -- >> {"id":34,"sessionId":"10F3B8FC195A95782EDFA19C4085692A","method":"Input.dispatchKeyEvent","params":{"modifiers":0,"type":"rawKeyDown","text":"o","windowsVirtualKeyCode":111}}
09:49:09.295 [nioEventLoopGroup-2-1] DEBUG com.intuit.karate.driver.DriverOptions -- << {"id":34,"result":{},"sessionId":"10F3B8FC195A95782EDFA19C4085692A"}
09:49:09.296 [nioEventLoopGroup-2-1] DEBUG com.jayway.jsonpath.internal.path.CompiledPath -- Evaluating path: $
09:49:09.296 [main] DEBUG com.jayway.jsonpath.internal.path.CompiledPath -- Evaluating path: $['modifiers']
09:49:09.296 [main] DEBUG com.jayway.jsonpath.internal.path.CompiledPath -- Evaluating path: $
09:49:09.296 [main] DEBUG com.jayway.jsonpath.internal.path.CompiledPath -- Evaluating path: $
09:49:09.296 [main] DEBUG com.jayway.jsonpath.internal.JsonContext -- Put path $ key modifiers value {}
09:49:09.296 [main] DEBUG com.jayway.jsonpath.internal.path.CompiledPath -- Evaluating path: $
09:49:09.296 [main] DEBUG com.jayway.jsonpath.internal.JsonContext -- Put path $ key modifiers value 0
09:49:09.296 [main] DEBUG com.jayway.jsonpath.internal.path.CompiledPath -- Evaluating path: $['type']
09:49:09.296 [main] DEBUG com.jayway.jsonpath.internal.path.CompiledPath -- Evaluating path: $
09:49:09.296 [main] DEBUG com.jayway.jsonpath.internal.path.CompiledPath -- Evaluating path: $
09:49:09.296 [main] DEBUG com.jayway.jsonpath.internal.JsonContext -- Put path $ key type value {}
09:49:09.296 [main] DEBUG com.jayway.jsonpath.internal.path.CompiledPath -- Evaluating path: $
09:49:09.296 [main] DEBUG com.jayway.jsonpath.internal.JsonContext -- Put path $ key type value char
09:49:09.296 [main] DEBUG com.jayway.jsonpath.internal.path.CompiledPath -- Evaluating path: $['text']
09:49:09.296 [main] DEBUG com.jayway.jsonpath.internal.path.CompiledPath -- Evaluating path: $
09:49:09.297 [main] DEBUG com.jayway.jsonpath.internal.path.CompiledPath -- Evaluating path: $
09:49:09.297 [main] DEBUG com.jayway.jsonpath.internal.JsonContext -- Put path $ key text value {}
09:49:09.297 [main] DEBUG com.jayway.jsonpath.internal.path.CompiledPath -- Evaluating path: $
09:49:09.297 [main] DEBUG com.jayway.jsonpath.internal.JsonContext -- Put path $ key text value o
09:49:09.297 [main] DEBUG com.jayway.jsonpath.internal.path.CompiledPath -- Evaluating path: $['windowsVirtualKeyCode']
09:49:09.297 [main] DEBUG com.jayway.jsonpath.internal.path.CompiledPath -- Evaluating path: $
09:49:09.297 [main] DEBUG com.jayway.jsonpath.internal.path.CompiledPath -- Evaluating path: $
09:49:09.297 [main] DEBUG com.jayway.jsonpath.internal.JsonContext -- Put path $ key windowsVirtualKeyCode value {}
09:49:09.297 [main] DEBUG com.jayway.jsonpath.internal.path.CompiledPath -- Evaluating path: $
09:49:09.297 [main] DEBUG com.jayway.jsonpath.internal.JsonContext -- Put path $ key windowsVirtualKeyCode value 111
09:49:09.297 [main] DEBUG com.jayway.jsonpath.internal.path.CompiledPath -- Evaluating path: $
09:49:09.297 [main] DEBUG com.intuit.karate.driver.DriverOptions -- >> {"id":35,"sessionId":"10F3B8FC195A95782EDFA19C4085692A","method":"Input.dispatchKeyEvent","params":{"modifiers":0,"type":"char","text":"o","windowsVirtualKeyCode":111}}
09:49:09.304 [nioEventLoopGroup-2-1] DEBUG com.intuit.karate.driver.DriverOptions -- << {"id":35,"result":{},"sessionId":"10F3B8FC195A95782EDFA19C4085692A"}
09:49:09.304 [nioEventLoopGroup-2-1] DEBUG com.jayway.jsonpath.internal.path.CompiledPath -- Evaluating path: $
09:49:09.305 [main] DEBUG com.jayway.jsonpath.internal.path.CompiledPath -- Evaluating path: $['modifiers']
09:49:09.305 [main] DEBUG com.jayway.jsonpath.internal.path.CompiledPath -- Evaluating path: $
09:49:09.305 [main] DEBUG com.jayway.jsonpath.internal.path.CompiledPath -- Evaluating path: $
09:49:09.305 [main] DEBUG com.jayway.jsonpath.internal.JsonContext -- Put path $ key modifiers value {}
09:49:09.305 [main] DEBUG com.jayway.jsonpath.internal.path.CompiledPath -- Evaluating path: $
09:49:09.305 [main] DEBUG com.jayway.jsonpath.internal.JsonContext -- Put path $ key modifiers value 0
09:49:09.305 [main] DEBUG com.jayway.jsonpath.internal.path.CompiledPath -- Evaluating path: $['type']
09:49:09.305 [main] DEBUG com.jayway.jsonpath.internal.path.CompiledPath -- Evaluating path: $
09:49:09.305 [main] DEBUG com.jayway.jsonpath.internal.path.CompiledPath -- Evaluating path: $
09:49:09.305 [main] DEBUG com.jayway.jsonpath.internal.JsonContext -- Put path $ key type value {}
09:49:09.305 [main] DEBUG com.jayway.jsonpath.internal.path.CompiledPath -- Evaluating path: $
09:49:09.305 [main] DEBUG com.jayway.jsonpath.internal.JsonContext -- Put path $ key type value keyUp
09:49:09.305 [main] DEBUG com.jayway.jsonpath.internal.path.CompiledPath -- Evaluating path: $['text']
09:49:09.305 [main] DEBUG com.jayway.jsonpath.internal.path.CompiledPath -- Evaluating path: $
09:49:09.305 [main] DEBUG com.jayway.jsonpath.internal.path.CompiledPath -- Evaluating path: $
09:49:09.305 [main] DEBUG com.jayway.jsonpath.internal.JsonContext -- Put path $ key text value {}
09:49:09.305 [main] DEBUG com.jayway.jsonpath.internal.path.CompiledPath -- Evaluating path: $
09:49:09.305 [main] DEBUG com.jayway.jsonpath.internal.JsonContext -- Put path $ key text value o
09:49:09.305 [main] DEBUG com.jayway.jsonpath.internal.path.CompiledPath -- Evaluating path: $['windowsVirtualKeyCode']
09:49:09.309 [main] DEBUG com.jayway.jsonpath.internal.path.CompiledPath -- Evaluating path: $
09:49:09.309 [main] DEBUG com.jayway.jsonpath.internal.path.CompiledPath -- Evaluating path: $
09:49:09.309 [main] DEBUG com.jayway.jsonpath.internal.JsonContext -- Put path $ key windowsVirtualKeyCode value {}
09:49:09.309 [main] DEBUG com.jayway.jsonpath.internal.path.CompiledPath -- Evaluating path: $
09:49:09.309 [main] DEBUG com.jayway.jsonpath.internal.JsonContext -- Put path $ key windowsVirtualKeyCode value 111
09:49:09.309 [main] DEBUG com.jayway.jsonpath.internal.path.CompiledPath -- Evaluating path: $
09:49:09.309 [main] DEBUG com.intuit.karate.driver.DriverOptions -- >> {"id":36,"sessionId":"10F3B8FC195A95782EDFA19C4085692A","method":"Input.dispatchKeyEvent","params":{"modifiers":0,"type":"keyUp","text":"o","windowsVirtualKeyCode":111}}
09:49:09.319 [nioEventLoopGroup-2-1] DEBUG com.intuit.karate.driver.DriverOptions -- << {"id":36,"result":{},"sessionId":"10F3B8FC195A95782EDFA19C4085692A"}
09:49:09.319 [nioEventLoopGroup-2-1] DEBUG com.jayway.jsonpath.internal.path.CompiledPath -- Evaluating path: $
09:49:09.319 [main] DEBUG com.jayway.jsonpath.internal.path.CompiledPath -- Evaluating path: $['modifiers']
09:49:09.319 [main] DEBUG com.jayway.jsonpath.internal.path.CompiledPath -- Evaluating path: $
09:49:09.319 [main] DEBUG com.jayway.jsonpath.internal.path.CompiledPath -- Evaluating path: $
09:49:09.319 [main] DEBUG com.jayway.jsonpath.internal.JsonContext -- Put path $ key modifiers value {}
09:49:09.319 [main] DEBUG com.jayway.jsonpath.internal.path.CompiledPath -- Evaluating path: $
09:49:09.319 [main] DEBUG com.jayway.jsonpath.internal.JsonContext -- Put path $ key modifiers value 0
09:49:09.319 [main] DEBUG com.jayway.jsonpath.internal.path.CompiledPath -- Evaluating path: $['type']
09:49:09.319 [main] DEBUG com.jayway.jsonpath.internal.path.CompiledPath -- Evaluating path: $
09:49:09.319 [main] DEBUG com.jayway.jsonpath.internal.path.CompiledPath -- Evaluating path: $
09:49:09.319 [main] DEBUG com.jayway.jsonpath.internal.JsonContext -- Put path $ key type value {}
09:49:09.319 [main] DEBUG com.jayway.jsonpath.internal.path.CompiledPath -- Evaluating path: $
09:49:09.319 [main] DEBUG com.jayway.jsonpath.internal.JsonContext -- Put path $ key type value rawKeyDown
09:49:09.319 [main] DEBUG com.jayway.jsonpath.internal.path.CompiledPath -- Evaluating path: $['text']
09:49:09.319 [main] DEBUG com.jayway.jsonpath.internal.path.CompiledPath -- Evaluating path: $
09:49:09.319 [main] DEBUG com.jayway.jsonpath.internal.path.CompiledPath -- Evaluating path: $
09:49:09.319 [main] DEBUG com.jayway.jsonpath.internal.JsonContext -- Put path $ key text value {}
09:49:09.319 [main] DEBUG com.jayway.jsonpath.internal.path.CompiledPath -- Evaluating path: $
09:49:09.319 [main] DEBUG com.jayway.jsonpath.internal.JsonContext -- Put path $ key text value o
09:49:09.319 [main] DEBUG com.jayway.jsonpath.internal.path.CompiledPath -- Evaluating path: $['windowsVirtualKeyCode']
09:49:09.319 [main] DEBUG com.jayway.jsonpath.internal.path.CompiledPath -- Evaluating path: $
09:49:09.319 [main] DEBUG com.jayway.jsonpath.internal.path.CompiledPath -- Evaluating path: $
09:49:09.319 [main] DEBUG com.jayway.jsonpath.internal.JsonContext -- Put path $ key windowsVirtualKeyCode value {}
09:49:09.319 [main] DEBUG com.jayway.jsonpath.internal.path.CompiledPath -- Evaluating path: $
09:49:09.319 [main] DEBUG com.jayway.jsonpath.internal.JsonContext -- Put path $ key windowsVirtualKeyCode value 111
09:49:09.319 [main] DEBUG com.jayway.jsonpath.internal.path.CompiledPath -- Evaluating path: $
09:49:09.320 [main] DEBUG com.intuit.karate.driver.DriverOptions -- >> {"id":37,"sessionId":"10F3B8FC195A95782EDFA19C4085692A","method":"Input.dispatchKeyEvent","params":{"modifiers":0,"type":"rawKeyDown","text":"o","windowsVirtualKeyCode":111}}
09:49:09.326 [nioEventLoopGroup-2-1] DEBUG com.intuit.karate.driver.DriverOptions -- << {"id":37,"result":{},"sessionId":"10F3B8FC195A95782EDFA19C4085692A"}
09:49:09.326 [nioEventLoopGroup-2-1] DEBUG com.jayway.jsonpath.internal.path.CompiledPath -- Evaluating path: $
09:49:09.326 [main] DEBUG com.jayway.jsonpath.internal.path.CompiledPath -- Evaluating path: $['modifiers']
09:49:09.327 [main] DEBUG com.jayway.jsonpath.internal.path.CompiledPath -- Evaluating path: $
09:49:09.327 [main] DEBUG com.jayway.jsonpath.internal.path.CompiledPath -- Evaluating path: $
09:49:09.327 [main] DEBUG com.jayway.jsonpath.internal.JsonContext -- Put path $ key modifiers value {}
09:49:09.327 [main] DEBUG com.jayway.jsonpath.internal.path.CompiledPath -- Evaluating path: $
09:49:09.327 [main] DEBUG com.jayway.jsonpath.internal.JsonContext -- Put path $ key modifiers value 0
09:49:09.327 [main] DEBUG com.jayway.jsonpath.internal.path.CompiledPath -- Evaluating path: $['type']
09:49:09.327 [main] DEBUG com.jayway.jsonpath.internal.path.CompiledPath -- Evaluating path: $
09:49:09.327 [main] DEBUG com.jayway.jsonpath.internal.path.CompiledPath -- Evaluating path: $
09:49:09.327 [main] DEBUG com.jayway.jsonpath.internal.JsonContext -- Put path $ key type value {}
09:49:09.327 [main] DEBUG com.jayway.jsonpath.internal.path.CompiledPath -- Evaluating path: $
09:49:09.327 [main] DEBUG com.jayway.jsonpath.internal.JsonContext -- Put path $ key type value char
09:49:09.327 [main] DEBUG com.jayway.jsonpath.internal.path.CompiledPath -- Evaluating path: $['text']
09:49:09.327 [main] DEBUG com.jayway.jsonpath.internal.path.CompiledPath -- Evaluating path: $
09:49:09.327 [main] DEBUG com.jayway.jsonpath.internal.path.CompiledPath -- Evaluating path: $
09:49:09.327 [main] DEBUG com.jayway.jsonpath.internal.JsonContext -- Put path $ key text value {}
09:49:09.327 [main] DEBUG com.jayway.jsonpath.internal.path.CompiledPath -- Evaluating path: $
09:49:09.327 [main] DEBUG com.jayway.jsonpath.internal.JsonContext -- Put path $ key text value o
09:49:09.327 [main] DEBUG com.jayway.jsonpath.internal.path.CompiledPath -- Evaluating path: $['windowsVirtualKeyCode']
09:49:09.327 [main] DEBUG com.jayway.jsonpath.internal.path.CompiledPath -- Evaluating path: $
09:49:09.327 [main] DEBUG com.jayway.jsonpath.internal.path.CompiledPath -- Evaluating path: $
09:49:09.327 [main] DEBUG com.jayway.jsonpath.internal.JsonContext -- Put path $ key windowsVirtualKeyCode value {}
09:49:09.327 [main] DEBUG com.jayway.jsonpath.internal.path.CompiledPath -- Evaluating path: $
09:49:09.327 [main] DEBUG com.jayway.jsonpath.internal.JsonContext -- Put path $ key windowsVirtualKeyCode value 111
09:49:09.327 [main] DEBUG com.jayway.jsonpath.internal.path.CompiledPath -- Evaluating path: $
09:49:09.327 [main] DEBUG com.intuit.karate.driver.DriverOptions -- >> {"id":38,"sessionId":"10F3B8FC195A95782EDFA19C4085692A","method":"Input.dispatchKeyEvent","params":{"modifiers":0,"type":"char","text":"o","windowsVirtualKeyCode":111}}
09:49:09.338 [nioEventLoopGroup-2-1] DEBUG com.intuit.karate.driver.DriverOptions -- << {"id":38,"result":{},"sessionId":"10F3B8FC195A95782EDFA19C4085692A"}
09:49:09.339 [nioEventLoopGroup-2-1] DEBUG com.jayway.jsonpath.internal.path.CompiledPath -- Evaluating path: $
09:49:09.339 [main] DEBUG com.jayway.jsonpath.internal.path.CompiledPath -- Evaluating path: $['modifiers']
09:49:09.339 [main] DEBUG com.jayway.jsonpath.internal.path.CompiledPath -- Evaluating path: $
09:49:09.339 [main] DEBUG com.jayway.jsonpath.internal.path.CompiledPath -- Evaluating path: $
09:49:09.339 [main] DEBUG com.jayway.jsonpath.internal.JsonContext -- Put path $ key modifiers value {}
09:49:09.339 [main] DEBUG com.jayway.jsonpath.internal.path.CompiledPath -- Evaluating path: $
09:49:09.339 [main] DEBUG com.jayway.jsonpath.internal.JsonContext -- Put path $ key modifiers value 0
09:49:09.339 [main] DEBUG com.jayway.jsonpath.internal.path.CompiledPath -- Evaluating path: $['type']
09:49:09.339 [main] DEBUG com.jayway.jsonpath.internal.path.CompiledPath -- Evaluating path: $
09:49:09.339 [main] DEBUG com.jayway.jsonpath.internal.path.CompiledPath -- Evaluating path: $
09:49:09.339 [main] DEBUG com.jayway.jsonpath.internal.JsonContext -- Put path $ key type value {}
09:49:09.339 [main] DEBUG com.jayway.jsonpath.internal.path.CompiledPath -- Evaluating path: $
09:49:09.339 [main] DEBUG com.jayway.jsonpath.internal.JsonContext -- Put path $ key type value keyUp
09:49:09.340 [main] DEBUG com.jayway.jsonpath.internal.path.CompiledPath -- Evaluating path: $['text']
09:49:09.341 [main] DEBUG com.jayway.jsonpath.internal.path.CompiledPath -- Evaluating path: $
09:49:09.341 [main] DEBUG com.jayway.jsonpath.internal.path.CompiledPath -- Evaluating path: $
09:49:09.341 [main] DEBUG com.jayway.jsonpath.internal.JsonContext -- Put path $ key text value {}
09:49:09.341 [main] DEBUG com.jayway.jsonpath.internal.path.CompiledPath -- Evaluating path: $
09:49:09.341 [main] DEBUG com.jayway.jsonpath.internal.JsonContext -- Put path $ key text value o
09:49:09.341 [main] DEBUG com.jayway.jsonpath.internal.path.CompiledPath -- Evaluating path: $['windowsVirtualKeyCode']
09:49:09.341 [main] DEBUG com.jayway.jsonpath.internal.path.CompiledPath -- Evaluating path: $
09:49:09.341 [main] DEBUG com.jayway.jsonpath.internal.path.CompiledPath -- Evaluating path: $
09:49:09.341 [main] DEBUG com.jayway.jsonpath.internal.JsonContext -- Put path $ key windowsVirtualKeyCode value {}
09:49:09.341 [main] DEBUG com.jayway.jsonpath.internal.path.CompiledPath -- Evaluating path: $
09:49:09.341 [main] DEBUG com.jayway.jsonpath.internal.JsonContext -- Put path $ key windowsVirtualKeyCode value 111
09:49:09.341 [main] DEBUG com.jayway.jsonpath.internal.path.CompiledPath -- Evaluating path: $
09:49:09.341 [main] DEBUG com.intuit.karate.driver.DriverOptions -- >> {"id":39,"sessionId":"10F3B8FC195A95782EDFA19C4085692A","method":"Input.dispatchKeyEvent","params":{"modifiers":0,"type":"keyUp","text":"o","windowsVirtualKeyCode":111}}
09:49:09.347 [nioEventLoopGroup-2-1] DEBUG com.intuit.karate.driver.DriverOptions -- << {"id":39,"result":{},"sessionId":"10F3B8FC195A95782EDFA19C4085692A"}
09:49:09.347 [nioEventLoopGroup-2-1] DEBUG com.jayway.jsonpath.internal.path.CompiledPath -- Evaluating path: $
09:49:09.347 [main] DEBUG com.jayway.jsonpath.internal.path.CompiledPath -- Evaluating path: $['modifiers']
09:49:09.347 [main] DEBUG com.jayway.jsonpath.internal.path.CompiledPath -- Evaluating path: $
09:49:09.347 [main] DEBUG com.jayway.jsonpath.internal.path.CompiledPath -- Evaluating path: $
09:49:09.348 [main] DEBUG com.jayway.jsonpath.internal.JsonContext -- Put path $ key modifiers value {}
09:49:09.348 [main] DEBUG com.jayway.jsonpath.internal.path.CompiledPath -- Evaluating path: $
09:49:09.348 [main] DEBUG com.jayway.jsonpath.internal.JsonContext -- Put path $ key modifiers value 0
09:49:09.348 [main] DEBUG com.jayway.jsonpath.internal.path.CompiledPath -- Evaluating path: $['type']
09:49:09.348 [main] DEBUG com.jayway.jsonpath.internal.path.CompiledPath -- Evaluating path: $
09:49:09.348 [main] DEBUG com.jayway.jsonpath.internal.path.CompiledPath -- Evaluating path: $
09:49:09.348 [main] DEBUG com.jayway.jsonpath.internal.JsonContext -- Put path $ key type value {}
09:49:09.348 [main] DEBUG com.jayway.jsonpath.internal.path.CompiledPath -- Evaluating path: $
09:49:09.348 [main] DEBUG com.jayway.jsonpath.internal.JsonContext -- Put path $ key type value rawKeyDown
09:49:09.348 [main] DEBUG com.jayway.jsonpath.internal.path.CompiledPath -- Evaluating path: $['text']
09:49:09.348 [main] DEBUG com.jayway.jsonpath.internal.path.CompiledPath -- Evaluating path: $
09:49:09.348 [main] DEBUG com.jayway.jsonpath.internal.path.CompiledPath -- Evaluating path: $
09:49:09.348 [main] DEBUG com.jayway.jsonpath.internal.JsonContext -- Put path $ key text value {}
09:49:09.348 [main] DEBUG com.jayway.jsonpath.internal.path.CompiledPath -- Evaluating path: $
09:49:09.348 [main] DEBUG com.jayway.jsonpath.internal.JsonContext -- Put path $ key text value d
09:49:09.348 [main] DEBUG com.jayway.jsonpath.internal.path.CompiledPath -- Evaluating path: $['windowsVirtualKeyCode']
09:49:09.348 [main] DEBUG com.jayway.jsonpath.internal.path.CompiledPath -- Evaluating path: $
09:49:09.348 [main] DEBUG com.jayway.jsonpath.internal.path.CompiledPath -- Evaluating path: $
09:49:09.348 [main] DEBUG com.jayway.jsonpath.internal.JsonContext -- Put path $ key windowsVirtualKeyCode value {}
09:49:09.348 [main] DEBUG com.jayway.jsonpath.internal.path.CompiledPath -- Evaluating path: $
09:49:09.348 [main] DEBUG com.jayway.jsonpath.internal.JsonContext -- Put path $ key windowsVirtualKeyCode value 100
09:49:09.348 [main] DEBUG com.jayway.jsonpath.internal.path.CompiledPath -- Evaluating path: $
09:49:09.348 [main] DEBUG com.intuit.karate.driver.DriverOptions -- >> {"id":40,"sessionId":"10F3B8FC195A95782EDFA19C4085692A","method":"Input.dispatchKeyEvent","params":{"modifiers":0,"type":"rawKeyDown","text":"d","windowsVirtualKeyCode":100}}
09:49:09.352 [nioEventLoopGroup-2-1] DEBUG com.intuit.karate.driver.DriverOptions -- << {"id":40,"result":{},"sessionId":"10F3B8FC195A95782EDFA19C4085692A"}
09:49:09.352 [nioEventLoopGroup-2-1] DEBUG com.jayway.jsonpath.internal.path.CompiledPath -- Evaluating path: $
09:49:09.353 [main] DEBUG com.jayway.jsonpath.internal.path.CompiledPath -- Evaluating path: $['modifiers']
09:49:09.353 [main] DEBUG com.jayway.jsonpath.internal.path.CompiledPath -- Evaluating path: $
09:49:09.353 [main] DEBUG com.jayway.jsonpath.internal.path.CompiledPath -- Evaluating path: $
09:49:09.353 [main] DEBUG com.jayway.jsonpath.internal.JsonContext -- Put path $ key modifiers value {}
09:49:09.353 [main] DEBUG com.jayway.jsonpath.internal.path.CompiledPath -- Evaluating path: $
09:49:09.353 [main] DEBUG com.jayway.jsonpath.internal.JsonContext -- Put path $ key modifiers value 0
09:49:09.353 [main] DEBUG com.jayway.jsonpath.internal.path.CompiledPath -- Evaluating path: $['type']
09:49:09.353 [main] DEBUG com.jayway.jsonpath.internal.path.CompiledPath -- Evaluating path: $
09:49:09.353 [main] DEBUG com.jayway.jsonpath.internal.path.CompiledPath -- Evaluating path: $
09:49:09.353 [main] DEBUG com.jayway.jsonpath.internal.JsonContext -- Put path $ key type value {}
09:49:09.353 [main] DEBUG com.jayway.jsonpath.internal.path.CompiledPath -- Evaluating path: $
09:49:09.353 [main] DEBUG com.jayway.jsonpath.internal.JsonContext -- Put path $ key type value char
09:49:09.353 [main] DEBUG com.jayway.jsonpath.internal.path.CompiledPath -- Evaluating path: $['text']
09:49:09.353 [main] DEBUG com.jayway.jsonpath.internal.path.CompiledPath -- Evaluating path: $
09:49:09.353 [main] DEBUG com.jayway.jsonpath.internal.path.CompiledPath -- Evaluating path: $
09:49:09.353 [main] DEBUG com.jayway.jsonpath.internal.JsonContext -- Put path $ key text value {}
09:49:09.353 [main] DEBUG com.jayway.jsonpath.internal.path.CompiledPath -- Evaluating path: $
09:49:09.353 [main] DEBUG com.jayway.jsonpath.internal.JsonContext -- Put path $ key text value d
09:49:09.353 [main] DEBUG com.jayway.jsonpath.internal.path.CompiledPath -- Evaluating path: $['windowsVirtualKeyCode']
09:49:09.353 [main] DEBUG com.jayway.jsonpath.internal.path.CompiledPath -- Evaluating path: $
09:49:09.353 [main] DEBUG com.jayway.jsonpath.internal.path.CompiledPath -- Evaluating path: $
09:49:09.353 [main] DEBUG com.jayway.jsonpath.internal.JsonContext -- Put path $ key windowsVirtualKeyCode value {}
09:49:09.353 [main] DEBUG com.jayway.jsonpath.internal.path.CompiledPath -- Evaluating path: $
09:49:09.353 [main] DEBUG com.jayway.jsonpath.internal.JsonContext -- Put path $ key windowsVirtualKeyCode value 100
09:49:09.353 [main] DEBUG com.jayway.jsonpath.internal.path.CompiledPath -- Evaluating path: $
09:49:09.353 [main] DEBUG com.intuit.karate.driver.DriverOptions -- >> {"id":41,"sessionId":"10F3B8FC195A95782EDFA19C4085692A","method":"Input.dispatchKeyEvent","params":{"modifiers":0,"type":"char","text":"d","windowsVirtualKeyCode":100}}
09:49:09.360 [nioEventLoopGroup-2-1] DEBUG com.intuit.karate.driver.DriverOptions -- << {"id":41,"result":{},"sessionId":"10F3B8FC195A95782EDFA19C4085692A"}
09:49:09.360 [nioEventLoopGroup-2-1] DEBUG com.jayway.jsonpath.internal.path.CompiledPath -- Evaluating path: $
09:49:09.361 [main] DEBUG com.jayway.jsonpath.internal.path.CompiledPath -- Evaluating path: $['modifiers']
09:49:09.361 [main] DEBUG com.jayway.jsonpath.internal.path.CompiledPath -- Evaluating path: $
09:49:09.361 [main] DEBUG com.jayway.jsonpath.internal.path.CompiledPath -- Evaluating path: $
09:49:09.361 [main] DEBUG com.jayway.jsonpath.internal.JsonContext -- Put path $ key modifiers value {}
09:49:09.361 [main] DEBUG com.jayway.jsonpath.internal.path.CompiledPath -- Evaluating path: $
09:49:09.361 [main] DEBUG com.jayway.jsonpath.internal.JsonContext -- Put path $ key modifiers value 0
09:49:09.361 [main] DEBUG com.jayway.jsonpath.internal.path.CompiledPath -- Evaluating path: $['type']
09:49:09.361 [main] DEBUG com.jayway.jsonpath.internal.path.CompiledPath -- Evaluating path: $
09:49:09.361 [main] DEBUG com.jayway.jsonpath.internal.path.CompiledPath -- Evaluating path: $
09:49:09.361 [main] DEBUG com.jayway.jsonpath.internal.JsonContext -- Put path $ key type value {}
09:49:09.361 [main] DEBUG com.jayway.jsonpath.internal.path.CompiledPath -- Evaluating path: $
09:49:09.361 [main] DEBUG com.jayway.jsonpath.internal.JsonContext -- Put path $ key type value keyUp
09:49:09.361 [main] DEBUG com.jayway.jsonpath.internal.path.CompiledPath -- Evaluating path: $['text']
09:49:09.361 [main] DEBUG com.jayway.jsonpath.internal.path.CompiledPath -- Evaluating path: $
09:49:09.361 [main] DEBUG com.jayway.jsonpath.internal.path.CompiledPath -- Evaluating path: $
09:49:09.361 [main] DEBUG com.jayway.jsonpath.internal.JsonContext -- Put path $ key text value {}
09:49:09.361 [main] DEBUG com.jayway.jsonpath.internal.path.CompiledPath -- Evaluating path: $
09:49:09.361 [main] DEBUG com.jayway.jsonpath.internal.JsonContext -- Put path $ key text value d
09:49:09.361 [main] DEBUG com.jayway.jsonpath.internal.path.CompiledPath -- Evaluating path: $['windowsVirtualKeyCode']
09:49:09.361 [main] DEBUG com.jayway.jsonpath.internal.path.CompiledPath -- Evaluating path: $
09:49:09.363 [main] DEBUG com.jayway.jsonpath.internal.path.CompiledPath -- Evaluating path: $
09:49:09.363 [main] DEBUG com.jayway.jsonpath.internal.JsonContext -- Put path $ key windowsVirtualKeyCode value {}
09:49:09.363 [main] DEBUG com.jayway.jsonpath.internal.path.CompiledPath -- Evaluating path: $
09:49:09.363 [main] DEBUG com.jayway.jsonpath.internal.JsonContext -- Put path $ key windowsVirtualKeyCode value 100
09:49:09.363 [main] DEBUG com.jayway.jsonpath.internal.path.CompiledPath -- Evaluating path: $
09:49:09.363 [main] DEBUG com.intuit.karate.driver.DriverOptions -- >> {"id":42,"sessionId":"10F3B8FC195A95782EDFA19C4085692A","method":"Input.dispatchKeyEvent","params":{"modifiers":0,"type":"keyUp","text":"d","windowsVirtualKeyCode":100}}
09:49:09.365 [nioEventLoopGroup-2-1] DEBUG com.intuit.karate.driver.DriverOptions -- << {"id":42,"result":{},"sessionId":"10F3B8FC195A95782EDFA19C4085692A"}
09:49:09.365 [nioEventLoopGroup-2-1] DEBUG com.jayway.jsonpath.internal.path.CompiledPath -- Evaluating path: $
09:49:09.365 [main] DEBUG com.jayway.jsonpath.internal.path.CompiledPath -- Evaluating path: $['modifiers']
09:49:09.365 [main] DEBUG com.jayway.jsonpath.internal.path.CompiledPath -- Evaluating path: $
09:49:09.365 [main] DEBUG com.jayway.jsonpath.internal.path.CompiledPath -- Evaluating path: $
09:49:09.365 [main] DEBUG com.jayway.jsonpath.internal.JsonContext -- Put path $ key modifiers value {}
09:49:09.365 [main] DEBUG com.jayway.jsonpath.internal.path.CompiledPath -- Evaluating path: $
09:49:09.365 [main] DEBUG com.jayway.jsonpath.internal.JsonContext -- Put path $ key modifiers value 0
09:49:09.365 [main] DEBUG com.jayway.jsonpath.internal.path.CompiledPath -- Evaluating path: $['type']
09:49:09.365 [main] DEBUG com.jayway.jsonpath.internal.path.CompiledPath -- Evaluating path: $
09:49:09.365 [main] DEBUG com.jayway.jsonpath.internal.path.CompiledPath -- Evaluating path: $
09:49:09.365 [main] DEBUG com.jayway.jsonpath.internal.JsonContext -- Put path $ key type value {}
09:49:09.365 [main] DEBUG com.jayway.jsonpath.internal.path.CompiledPath -- Evaluating path: $
09:49:09.365 [main] DEBUG com.jayway.jsonpath.internal.JsonContext -- Put path $ key type value rawKeyDown
09:49:09.365 [main] DEBUG com.jayway.jsonpath.internal.path.CompiledPath -- Evaluating path: $['text']
09:49:09.365 [main] DEBUG com.jayway.jsonpath.internal.path.CompiledPath -- Evaluating path: $
09:49:09.365 [main] DEBUG com.jayway.jsonpath.internal.path.CompiledPath -- Evaluating path: $
09:49:09.365 [main] DEBUG com.jayway.jsonpath.internal.JsonContext -- Put path $ key text value {}
09:49:09.367 [main] DEBUG com.jayway.jsonpath.internal.path.CompiledPath -- Evaluating path: $
09:49:09.367 [main] DEBUG com.jayway.jsonpath.internal.JsonContext -- Put path $ key text value  
09:49:09.367 [main] DEBUG com.jayway.jsonpath.internal.path.CompiledPath -- Evaluating path: $['windowsVirtualKeyCode']
09:49:09.367 [main] DEBUG com.jayway.jsonpath.internal.path.CompiledPath -- Evaluating path: $
09:49:09.367 [main] DEBUG com.jayway.jsonpath.internal.path.CompiledPath -- Evaluating path: $
09:49:09.367 [main] DEBUG com.jayway.jsonpath.internal.JsonContext -- Put path $ key windowsVirtualKeyCode value {}
09:49:09.367 [main] DEBUG com.jayway.jsonpath.internal.path.CompiledPath -- Evaluating path: $
09:49:09.367 [main] DEBUG com.jayway.jsonpath.internal.JsonContext -- Put path $ key windowsVirtualKeyCode value 32
09:49:09.367 [main] DEBUG com.jayway.jsonpath.internal.path.CompiledPath -- Evaluating path: $
09:49:09.367 [main] DEBUG com.intuit.karate.driver.DriverOptions -- >> {"id":43,"sessionId":"10F3B8FC195A95782EDFA19C4085692A","method":"Input.dispatchKeyEvent","params":{"modifiers":0,"type":"rawKeyDown","text":" ","windowsVirtualKeyCode":32}}
09:49:09.370 [nioEventLoopGroup-2-1] DEBUG com.intuit.karate.driver.DriverOptions -- << {"id":43,"result":{},"sessionId":"10F3B8FC195A95782EDFA19C4085692A"}
09:49:09.370 [nioEventLoopGroup-2-1] DEBUG com.jayway.jsonpath.internal.path.CompiledPath -- Evaluating path: $
09:49:09.370 [main] DEBUG com.jayway.jsonpath.internal.path.CompiledPath -- Evaluating path: $['modifiers']
09:49:09.370 [main] DEBUG com.jayway.jsonpath.internal.path.CompiledPath -- Evaluating path: $
09:49:09.370 [main] DEBUG com.jayway.jsonpath.internal.path.CompiledPath -- Evaluating path: $
09:49:09.370 [main] DEBUG com.jayway.jsonpath.internal.JsonContext -- Put path $ key modifiers value {}
09:49:09.370 [main] DEBUG com.jayway.jsonpath.internal.path.CompiledPath -- Evaluating path: $
09:49:09.370 [main] DEBUG com.jayway.jsonpath.internal.JsonContext -- Put path $ key modifiers value 0
09:49:09.370 [main] DEBUG com.jayway.jsonpath.internal.path.CompiledPath -- Evaluating path: $['type']
09:49:09.370 [main] DEBUG com.jayway.jsonpath.internal.path.CompiledPath -- Evaluating path: $
09:49:09.370 [main] DEBUG com.jayway.jsonpath.internal.path.CompiledPath -- Evaluating path: $
09:49:09.370 [main] DEBUG com.jayway.jsonpath.internal.JsonContext -- Put path $ key type value {}
09:49:09.370 [main] DEBUG com.jayway.jsonpath.internal.path.CompiledPath -- Evaluating path: $
09:49:09.370 [main] DEBUG com.jayway.jsonpath.internal.JsonContext -- Put path $ key type value char
09:49:09.370 [main] DEBUG com.jayway.jsonpath.internal.path.CompiledPath -- Evaluating path: $['text']
09:49:09.370 [main] DEBUG com.jayway.jsonpath.internal.path.CompiledPath -- Evaluating path: $
09:49:09.370 [main] DEBUG com.jayway.jsonpath.internal.path.CompiledPath -- Evaluating path: $
09:49:09.370 [main] DEBUG com.jayway.jsonpath.internal.JsonContext -- Put path $ key text value {}
09:49:09.370 [main] DEBUG com.jayway.jsonpath.internal.path.CompiledPath -- Evaluating path: $
09:49:09.370 [main] DEBUG com.jayway.jsonpath.internal.JsonContext -- Put path $ key text value  
09:49:09.370 [main] DEBUG com.jayway.jsonpath.internal.path.CompiledPath -- Evaluating path: $['windowsVirtualKeyCode']
09:49:09.371 [main] DEBUG com.jayway.jsonpath.internal.path.CompiledPath -- Evaluating path: $
09:49:09.371 [main] DEBUG com.jayway.jsonpath.internal.path.CompiledPath -- Evaluating path: $
09:49:09.371 [main] DEBUG com.jayway.jsonpath.internal.JsonContext -- Put path $ key windowsVirtualKeyCode value {}
09:49:09.371 [main] DEBUG com.jayway.jsonpath.internal.path.CompiledPath -- Evaluating path: $
09:49:09.371 [main] DEBUG com.jayway.jsonpath.internal.JsonContext -- Put path $ key windowsVirtualKeyCode value 32
09:49:09.371 [main] DEBUG com.jayway.jsonpath.internal.path.CompiledPath -- Evaluating path: $
09:49:09.371 [main] DEBUG com.intuit.karate.driver.DriverOptions -- >> {"id":44,"sessionId":"10F3B8FC195A95782EDFA19C4085692A","method":"Input.dispatchKeyEvent","params":{"modifiers":0,"type":"char","text":" ","windowsVirtualKeyCode":32}}
09:49:09.373 [nioEventLoopGroup-2-1] DEBUG com.intuit.karate.driver.DriverOptions -- << {"id":44,"result":{},"sessionId":"10F3B8FC195A95782EDFA19C4085692A"}
09:49:09.374 [nioEventLoopGroup-2-1] DEBUG com.jayway.jsonpath.internal.path.CompiledPath -- Evaluating path: $
09:49:09.374 [main] DEBUG com.jayway.jsonpath.internal.path.CompiledPath -- Evaluating path: $['modifiers']
09:49:09.374 [main] DEBUG com.jayway.jsonpath.internal.path.CompiledPath -- Evaluating path: $
09:49:09.374 [main] DEBUG com.jayway.jsonpath.internal.path.CompiledPath -- Evaluating path: $
09:49:09.374 [main] DEBUG com.jayway.jsonpath.internal.JsonContext -- Put path $ key modifiers value {}
09:49:09.374 [main] DEBUG com.jayway.jsonpath.internal.path.CompiledPath -- Evaluating path: $
09:49:09.374 [main] DEBUG com.jayway.jsonpath.internal.JsonContext -- Put path $ key modifiers value 0
09:49:09.374 [main] DEBUG com.jayway.jsonpath.internal.path.CompiledPath -- Evaluating path: $['type']
09:49:09.374 [main] DEBUG com.jayway.jsonpath.internal.path.CompiledPath -- Evaluating path: $
09:49:09.374 [main] DEBUG com.jayway.jsonpath.internal.path.CompiledPath -- Evaluating path: $
09:49:09.374 [main] DEBUG com.jayway.jsonpath.internal.JsonContext -- Put path $ key type value {}
09:49:09.374 [main] DEBUG com.jayway.jsonpath.internal.path.CompiledPath -- Evaluating path: $
09:49:09.374 [main] DEBUG com.jayway.jsonpath.internal.JsonContext -- Put path $ key type value keyUp
09:49:09.374 [main] DEBUG com.jayway.jsonpath.internal.path.CompiledPath -- Evaluating path: $['text']
09:49:09.374 [main] DEBUG com.jayway.jsonpath.internal.path.CompiledPath -- Evaluating path: $
09:49:09.375 [main] DEBUG com.jayway.jsonpath.internal.path.CompiledPath -- Evaluating path: $
09:49:09.375 [main] DEBUG com.jayway.jsonpath.internal.JsonContext -- Put path $ key text value {}
09:49:09.375 [main] DEBUG com.jayway.jsonpath.internal.path.CompiledPath -- Evaluating path: $
09:49:09.375 [main] DEBUG com.jayway.jsonpath.internal.JsonContext -- Put path $ key text value  
09:49:09.375 [main] DEBUG com.jayway.jsonpath.internal.path.CompiledPath -- Evaluating path: $['windowsVirtualKeyCode']
09:49:09.375 [main] DEBUG com.jayway.jsonpath.internal.path.CompiledPath -- Evaluating path: $
09:49:09.375 [main] DEBUG com.jayway.jsonpath.internal.path.CompiledPath -- Evaluating path: $
09:49:09.375 [main] DEBUG com.jayway.jsonpath.internal.JsonContext -- Put path $ key windowsVirtualKeyCode value {}
09:49:09.375 [main] DEBUG com.jayway.jsonpath.internal.path.CompiledPath -- Evaluating path: $
09:49:09.375 [main] DEBUG com.jayway.jsonpath.internal.JsonContext -- Put path $ key windowsVirtualKeyCode value 32
09:49:09.375 [main] DEBUG com.jayway.jsonpath.internal.path.CompiledPath -- Evaluating path: $
09:49:09.375 [main] DEBUG com.intuit.karate.driver.DriverOptions -- >> {"id":45,"sessionId":"10F3B8FC195A95782EDFA19C4085692A","method":"Input.dispatchKeyEvent","params":{"modifiers":0,"type":"keyUp","text":" ","windowsVirtualKeyCode":32}}
09:49:09.380 [nioEventLoopGroup-2-1] DEBUG com.intuit.karate.driver.DriverOptions -- << {"id":45,"result":{},"sessionId":"10F3B8FC195A95782EDFA19C4085692A"}
09:49:09.380 [nioEventLoopGroup-2-1] DEBUG com.jayway.jsonpath.internal.path.CompiledPath -- Evaluating path: $
09:49:09.380 [main] DEBUG com.jayway.jsonpath.internal.path.CompiledPath -- Evaluating path: $['modifiers']
09:49:09.380 [main] DEBUG com.jayway.jsonpath.internal.path.CompiledPath -- Evaluating path: $
09:49:09.380 [main] DEBUG com.jayway.jsonpath.internal.path.CompiledPath -- Evaluating path: $
09:49:09.380 [main] DEBUG com.jayway.jsonpath.internal.JsonContext -- Put path $ key modifiers value {}
09:49:09.380 [main] DEBUG com.jayway.jsonpath.internal.path.CompiledPath -- Evaluating path: $
09:49:09.380 [main] DEBUG com.jayway.jsonpath.internal.JsonContext -- Put path $ key modifiers value 0
09:49:09.380 [main] DEBUG com.jayway.jsonpath.internal.path.CompiledPath -- Evaluating path: $['type']
09:49:09.380 [main] DEBUG com.jayway.jsonpath.internal.path.CompiledPath -- Evaluating path: $
09:49:09.380 [main] DEBUG com.jayway.jsonpath.internal.path.CompiledPath -- Evaluating path: $
09:49:09.380 [main] DEBUG com.jayway.jsonpath.internal.JsonContext -- Put path $ key type value {}
09:49:09.380 [main] DEBUG com.jayway.jsonpath.internal.path.CompiledPath -- Evaluating path: $
09:49:09.380 [main] DEBUG com.jayway.jsonpath.internal.JsonContext -- Put path $ key type value rawKeyDown
09:49:09.381 [main] DEBUG com.jayway.jsonpath.internal.path.CompiledPath -- Evaluating path: $['text']
09:49:09.381 [main] DEBUG com.jayway.jsonpath.internal.path.CompiledPath -- Evaluating path: $
09:49:09.381 [main] DEBUG com.jayway.jsonpath.internal.path.CompiledPath -- Evaluating path: $
09:49:09.381 [main] DEBUG com.jayway.jsonpath.internal.JsonContext -- Put path $ key text value {}
09:49:09.381 [main] DEBUG com.jayway.jsonpath.internal.path.CompiledPath -- Evaluating path: $
09:49:09.381 [main] DEBUG com.jayway.jsonpath.internal.JsonContext -- Put path $ key text value M
09:49:09.381 [main] DEBUG com.jayway.jsonpath.internal.path.CompiledPath -- Evaluating path: $['windowsVirtualKeyCode']
09:49:09.381 [main] DEBUG com.jayway.jsonpath.internal.path.CompiledPath -- Evaluating path: $
09:49:09.381 [main] DEBUG com.jayway.jsonpath.internal.path.CompiledPath -- Evaluating path: $
09:49:09.381 [main] DEBUG com.jayway.jsonpath.internal.JsonContext -- Put path $ key windowsVirtualKeyCode value {}
09:49:09.381 [main] DEBUG com.jayway.jsonpath.internal.path.CompiledPath -- Evaluating path: $
09:49:09.381 [main] DEBUG com.jayway.jsonpath.internal.JsonContext -- Put path $ key windowsVirtualKeyCode value 77
09:49:09.381 [main] DEBUG com.jayway.jsonpath.internal.path.CompiledPath -- Evaluating path: $
09:49:09.381 [main] DEBUG com.intuit.karate.driver.DriverOptions -- >> {"id":46,"sessionId":"10F3B8FC195A95782EDFA19C4085692A","method":"Input.dispatchKeyEvent","params":{"modifiers":0,"type":"rawKeyDown","text":"M","windowsVirtualKeyCode":77}}
09:49:09.385 [nioEventLoopGroup-2-1] DEBUG com.intuit.karate.driver.DriverOptions -- << {"id":46,"result":{},"sessionId":"10F3B8FC195A95782EDFA19C4085692A"}
09:49:09.385 [nioEventLoopGroup-2-1] DEBUG com.jayway.jsonpath.internal.path.CompiledPath -- Evaluating path: $
09:49:09.385 [main] DEBUG com.jayway.jsonpath.internal.path.CompiledPath -- Evaluating path: $['modifiers']
09:49:09.385 [main] DEBUG com.jayway.jsonpath.internal.path.CompiledPath -- Evaluating path: $
09:49:09.385 [main] DEBUG com.jayway.jsonpath.internal.path.CompiledPath -- Evaluating path: $
09:49:09.385 [main] DEBUG com.jayway.jsonpath.internal.JsonContext -- Put path $ key modifiers value {}
09:49:09.385 [main] DEBUG com.jayway.jsonpath.internal.path.CompiledPath -- Evaluating path: $
09:49:09.385 [main] DEBUG com.jayway.jsonpath.internal.JsonContext -- Put path $ key modifiers value 0
09:49:09.385 [main] DEBUG com.jayway.jsonpath.internal.path.CompiledPath -- Evaluating path: $['type']
09:49:09.385 [main] DEBUG com.jayway.jsonpath.internal.path.CompiledPath -- Evaluating path: $
09:49:09.385 [main] DEBUG com.jayway.jsonpath.internal.path.CompiledPath -- Evaluating path: $
09:49:09.385 [main] DEBUG com.jayway.jsonpath.internal.JsonContext -- Put path $ key type value {}
09:49:09.385 [main] DEBUG com.jayway.jsonpath.internal.path.CompiledPath -- Evaluating path: $
09:49:09.385 [main] DEBUG com.jayway.jsonpath.internal.JsonContext -- Put path $ key type value char
09:49:09.385 [main] DEBUG com.jayway.jsonpath.internal.path.CompiledPath -- Evaluating path: $['text']
09:49:09.385 [main] DEBUG com.jayway.jsonpath.internal.path.CompiledPath -- Evaluating path: $
09:49:09.385 [main] DEBUG com.jayway.jsonpath.internal.path.CompiledPath -- Evaluating path: $
09:49:09.385 [main] DEBUG com.jayway.jsonpath.internal.JsonContext -- Put path $ key text value {}
09:49:09.386 [main] DEBUG com.jayway.jsonpath.internal.path.CompiledPath -- Evaluating path: $
09:49:09.386 [main] DEBUG com.jayway.jsonpath.internal.JsonContext -- Put path $ key text value M
09:49:09.386 [main] DEBUG com.jayway.jsonpath.internal.path.CompiledPath -- Evaluating path: $['windowsVirtualKeyCode']
09:49:09.386 [main] DEBUG com.jayway.jsonpath.internal.path.CompiledPath -- Evaluating path: $
09:49:09.386 [main] DEBUG com.jayway.jsonpath.internal.path.CompiledPath -- Evaluating path: $
09:49:09.386 [main] DEBUG com.jayway.jsonpath.internal.JsonContext -- Put path $ key windowsVirtualKeyCode value {}
09:49:09.386 [main] DEBUG com.jayway.jsonpath.internal.path.CompiledPath -- Evaluating path: $
09:49:09.386 [main] DEBUG com.jayway.jsonpath.internal.JsonContext -- Put path $ key windowsVirtualKeyCode value 77
09:49:09.386 [main] DEBUG com.jayway.jsonpath.internal.path.CompiledPath -- Evaluating path: $
09:49:09.386 [main] DEBUG com.intuit.karate.driver.DriverOptions -- >> {"id":47,"sessionId":"10F3B8FC195A95782EDFA19C4085692A","method":"Input.dispatchKeyEvent","params":{"modifiers":0,"type":"char","text":"M","windowsVirtualKeyCode":77}}
09:49:09.389 [nioEventLoopGroup-2-1] DEBUG com.intuit.karate.driver.DriverOptions -- << {"id":47,"result":{},"sessionId":"10F3B8FC195A95782EDFA19C4085692A"}
09:49:09.390 [nioEventLoopGroup-2-1] DEBUG com.jayway.jsonpath.internal.path.CompiledPath -- Evaluating path: $
09:49:09.390 [main] DEBUG com.jayway.jsonpath.internal.path.CompiledPath -- Evaluating path: $['modifiers']
09:49:09.390 [main] DEBUG com.jayway.jsonpath.internal.path.CompiledPath -- Evaluating path: $
09:49:09.390 [main] DEBUG com.jayway.jsonpath.internal.path.CompiledPath -- Evaluating path: $
09:49:09.390 [main] DEBUG com.jayway.jsonpath.internal.JsonContext -- Put path $ key modifiers value {}
09:49:09.390 [main] DEBUG com.jayway.jsonpath.internal.path.CompiledPath -- Evaluating path: $
09:49:09.390 [main] DEBUG com.jayway.jsonpath.internal.JsonContext -- Put path $ key modifiers value 0
09:49:09.390 [main] DEBUG com.jayway.jsonpath.internal.path.CompiledPath -- Evaluating path: $['type']
09:49:09.390 [main] DEBUG com.jayway.jsonpath.internal.path.CompiledPath -- Evaluating path: $
09:49:09.390 [main] DEBUG com.jayway.jsonpath.internal.path.CompiledPath -- Evaluating path: $
09:49:09.390 [main] DEBUG com.jayway.jsonpath.internal.JsonContext -- Put path $ key type value {}
09:49:09.390 [main] DEBUG com.jayway.jsonpath.internal.path.CompiledPath -- Evaluating path: $
09:49:09.390 [main] DEBUG com.jayway.jsonpath.internal.JsonContext -- Put path $ key type value keyUp
09:49:09.390 [main] DEBUG com.jayway.jsonpath.internal.path.CompiledPath -- Evaluating path: $['text']
09:49:09.390 [main] DEBUG com.jayway.jsonpath.internal.path.CompiledPath -- Evaluating path: $
09:49:09.390 [main] DEBUG com.jayway.jsonpath.internal.path.CompiledPath -- Evaluating path: $
09:49:09.390 [main] DEBUG com.jayway.jsonpath.internal.JsonContext -- Put path $ key text value {}
09:49:09.390 [main] DEBUG com.jayway.jsonpath.internal.path.CompiledPath -- Evaluating path: $
09:49:09.390 [main] DEBUG com.jayway.jsonpath.internal.JsonContext -- Put path $ key text value M
09:49:09.390 [main] DEBUG com.jayway.jsonpath.internal.path.CompiledPath -- Evaluating path: $['windowsVirtualKeyCode']
09:49:09.390 [main] DEBUG com.jayway.jsonpath.internal.path.CompiledPath -- Evaluating path: $
09:49:09.390 [main] DEBUG com.jayway.jsonpath.internal.path.CompiledPath -- Evaluating path: $
09:49:09.390 [main] DEBUG com.jayway.jsonpath.internal.JsonContext -- Put path $ key windowsVirtualKeyCode value {}
09:49:09.390 [main] DEBUG com.jayway.jsonpath.internal.path.CompiledPath -- Evaluating path: $
09:49:09.390 [main] DEBUG com.jayway.jsonpath.internal.JsonContext -- Put path $ key windowsVirtualKeyCode value 77
09:49:09.390 [main] DEBUG com.jayway.jsonpath.internal.path.CompiledPath -- Evaluating path: $
09:49:09.390 [main] DEBUG com.intuit.karate.driver.DriverOptions -- >> {"id":48,"sessionId":"10F3B8FC195A95782EDFA19C4085692A","method":"Input.dispatchKeyEvent","params":{"modifiers":0,"type":"keyUp","text":"M","windowsVirtualKeyCode":77}}
09:49:09.394 [nioEventLoopGroup-2-1] DEBUG com.intuit.karate.driver.DriverOptions -- << {"id":48,"result":{},"sessionId":"10F3B8FC195A95782EDFA19C4085692A"}
09:49:09.394 [nioEventLoopGroup-2-1] DEBUG com.jayway.jsonpath.internal.path.CompiledPath -- Evaluating path: $
09:49:09.395 [main] DEBUG com.jayway.jsonpath.internal.path.CompiledPath -- Evaluating path: $['modifiers']
09:49:09.395 [main] DEBUG com.jayway.jsonpath.internal.path.CompiledPath -- Evaluating path: $
09:49:09.395 [main] DEBUG com.jayway.jsonpath.internal.path.CompiledPath -- Evaluating path: $
09:49:09.395 [main] DEBUG com.jayway.jsonpath.internal.JsonContext -- Put path $ key modifiers value {}
09:49:09.395 [main] DEBUG com.jayway.jsonpath.internal.path.CompiledPath -- Evaluating path: $
09:49:09.395 [main] DEBUG com.jayway.jsonpath.internal.JsonContext -- Put path $ key modifiers value 0
09:49:09.395 [main] DEBUG com.jayway.jsonpath.internal.path.CompiledPath -- Evaluating path: $['type']
09:49:09.395 [main] DEBUG com.jayway.jsonpath.internal.path.CompiledPath -- Evaluating path: $
09:49:09.395 [main] DEBUG com.jayway.jsonpath.internal.path.CompiledPath -- Evaluating path: $
09:49:09.395 [main] DEBUG com.jayway.jsonpath.internal.JsonContext -- Put path $ key type value {}
09:49:09.395 [main] DEBUG com.jayway.jsonpath.internal.path.CompiledPath -- Evaluating path: $
09:49:09.395 [main] DEBUG com.jayway.jsonpath.internal.JsonContext -- Put path $ key type value rawKeyDown
09:49:09.395 [main] DEBUG com.jayway.jsonpath.internal.path.CompiledPath -- Evaluating path: $['text']
09:49:09.395 [main] DEBUG com.jayway.jsonpath.internal.path.CompiledPath -- Evaluating path: $
09:49:09.395 [main] DEBUG com.jayway.jsonpath.internal.path.CompiledPath -- Evaluating path: $
09:49:09.395 [main] DEBUG com.jayway.jsonpath.internal.JsonContext -- Put path $ key text value {}
09:49:09.395 [main] DEBUG com.jayway.jsonpath.internal.path.CompiledPath -- Evaluating path: $
09:49:09.395 [main] DEBUG com.jayway.jsonpath.internal.JsonContext -- Put path $ key text value o
09:49:09.395 [main] DEBUG com.jayway.jsonpath.internal.path.CompiledPath -- Evaluating path: $['windowsVirtualKeyCode']
09:49:09.395 [main] DEBUG com.jayway.jsonpath.internal.path.CompiledPath -- Evaluating path: $
09:49:09.395 [main] DEBUG com.jayway.jsonpath.internal.path.CompiledPath -- Evaluating path: $
09:49:09.395 [main] DEBUG com.jayway.jsonpath.internal.JsonContext -- Put path $ key windowsVirtualKeyCode value {}
09:49:09.395 [main] DEBUG com.jayway.jsonpath.internal.path.CompiledPath -- Evaluating path: $
09:49:09.395 [main] DEBUG com.jayway.jsonpath.internal.JsonContext -- Put path $ key windowsVirtualKeyCode value 111
09:49:09.395 [main] DEBUG com.jayway.jsonpath.internal.path.CompiledPath -- Evaluating path: $
09:49:09.395 [main] DEBUG com.intuit.karate.driver.DriverOptions -- >> {"id":49,"sessionId":"10F3B8FC195A95782EDFA19C4085692A","method":"Input.dispatchKeyEvent","params":{"modifiers":0,"type":"rawKeyDown","text":"o","windowsVirtualKeyCode":111}}
09:49:09.401 [nioEventLoopGroup-2-1] DEBUG com.intuit.karate.driver.DriverOptions -- << {"id":49,"result":{},"sessionId":"10F3B8FC195A95782EDFA19C4085692A"}
09:49:09.401 [nioEventLoopGroup-2-1] DEBUG com.jayway.jsonpath.internal.path.CompiledPath -- Evaluating path: $
09:49:09.401 [main] DEBUG com.jayway.jsonpath.internal.path.CompiledPath -- Evaluating path: $['modifiers']
09:49:09.402 [main] DEBUG com.jayway.jsonpath.internal.path.CompiledPath -- Evaluating path: $
09:49:09.402 [main] DEBUG com.jayway.jsonpath.internal.path.CompiledPath -- Evaluating path: $
09:49:09.402 [main] DEBUG com.jayway.jsonpath.internal.JsonContext -- Put path $ key modifiers value {}
09:49:09.402 [main] DEBUG com.jayway.jsonpath.internal.path.CompiledPath -- Evaluating path: $
09:49:09.402 [main] DEBUG com.jayway.jsonpath.internal.JsonContext -- Put path $ key modifiers value 0
09:49:09.402 [main] DEBUG com.jayway.jsonpath.internal.path.CompiledPath -- Evaluating path: $['type']
09:49:09.402 [main] DEBUG com.jayway.jsonpath.internal.path.CompiledPath -- Evaluating path: $
09:49:09.402 [main] DEBUG com.jayway.jsonpath.internal.path.CompiledPath -- Evaluating path: $
09:49:09.402 [main] DEBUG com.jayway.jsonpath.internal.JsonContext -- Put path $ key type value {}
09:49:09.402 [main] DEBUG com.jayway.jsonpath.internal.path.CompiledPath -- Evaluating path: $
09:49:09.402 [main] DEBUG com.jayway.jsonpath.internal.JsonContext -- Put path $ key type value char
09:49:09.402 [main] DEBUG com.jayway.jsonpath.internal.path.CompiledPath -- Evaluating path: $['text']
09:49:09.402 [main] DEBUG com.jayway.jsonpath.internal.path.CompiledPath -- Evaluating path: $
09:49:09.402 [main] DEBUG com.jayway.jsonpath.internal.path.CompiledPath -- Evaluating path: $
09:49:09.402 [main] DEBUG com.jayway.jsonpath.internal.JsonContext -- Put path $ key text value {}
09:49:09.402 [main] DEBUG com.jayway.jsonpath.internal.path.CompiledPath -- Evaluating path: $
09:49:09.402 [main] DEBUG com.jayway.jsonpath.internal.JsonContext -- Put path $ key text value o
09:49:09.402 [main] DEBUG com.jayway.jsonpath.internal.path.CompiledPath -- Evaluating path: $['windowsVirtualKeyCode']
09:49:09.402 [main] DEBUG com.jayway.jsonpath.internal.path.CompiledPath -- Evaluating path: $
09:49:09.402 [main] DEBUG com.jayway.jsonpath.internal.path.CompiledPath -- Evaluating path: $
09:49:09.402 [main] DEBUG com.jayway.jsonpath.internal.JsonContext -- Put path $ key windowsVirtualKeyCode value {}
09:49:09.402 [main] DEBUG com.jayway.jsonpath.internal.path.CompiledPath -- Evaluating path: $
09:49:09.402 [main] DEBUG com.jayway.jsonpath.internal.JsonContext -- Put path $ key windowsVirtualKeyCode value 111
09:49:09.402 [main] DEBUG com.jayway.jsonpath.internal.path.CompiledPath -- Evaluating path: $
09:49:09.402 [main] DEBUG com.intuit.karate.driver.DriverOptions -- >> {"id":50,"sessionId":"10F3B8FC195A95782EDFA19C4085692A","method":"Input.dispatchKeyEvent","params":{"modifiers":0,"type":"char","text":"o","windowsVirtualKeyCode":111}}
09:49:09.405 [nioEventLoopGroup-2-1] DEBUG com.intuit.karate.driver.DriverOptions -- << {"id":50,"result":{},"sessionId":"10F3B8FC195A95782EDFA19C4085692A"}
09:49:09.405 [nioEventLoopGroup-2-1] DEBUG com.jayway.jsonpath.internal.path.CompiledPath -- Evaluating path: $
09:49:09.408 [main] DEBUG com.jayway.jsonpath.internal.path.CompiledPath -- Evaluating path: $['modifiers']
09:49:09.408 [main] DEBUG com.jayway.jsonpath.internal.path.CompiledPath -- Evaluating path: $
09:49:09.408 [main] DEBUG com.jayway.jsonpath.internal.path.CompiledPath -- Evaluating path: $
09:49:09.408 [main] DEBUG com.jayway.jsonpath.internal.JsonContext -- Put path $ key modifiers value {}
09:49:09.408 [main] DEBUG com.jayway.jsonpath.internal.path.CompiledPath -- Evaluating path: $
09:49:09.408 [main] DEBUG com.jayway.jsonpath.internal.JsonContext -- Put path $ key modifiers value 0
09:49:09.408 [main] DEBUG com.jayway.jsonpath.internal.path.CompiledPath -- Evaluating path: $['type']
09:49:09.408 [main] DEBUG com.jayway.jsonpath.internal.path.CompiledPath -- Evaluating path: $
09:49:09.409 [main] DEBUG com.jayway.jsonpath.internal.path.CompiledPath -- Evaluating path: $
09:49:09.409 [main] DEBUG com.jayway.jsonpath.internal.JsonContext -- Put path $ key type value {}
09:49:09.409 [main] DEBUG com.jayway.jsonpath.internal.path.CompiledPath -- Evaluating path: $
09:49:09.409 [main] DEBUG com.jayway.jsonpath.internal.JsonContext -- Put path $ key type value keyUp
09:49:09.409 [main] DEBUG com.jayway.jsonpath.internal.path.CompiledPath -- Evaluating path: $['text']
09:49:09.409 [main] DEBUG com.jayway.jsonpath.internal.path.CompiledPath -- Evaluating path: $
09:49:09.409 [main] DEBUG com.jayway.jsonpath.internal.path.CompiledPath -- Evaluating path: $
09:49:09.409 [main] DEBUG com.jayway.jsonpath.internal.JsonContext -- Put path $ key text value {}
09:49:09.409 [main] DEBUG com.jayway.jsonpath.internal.path.CompiledPath -- Evaluating path: $
09:49:09.409 [main] DEBUG com.jayway.jsonpath.internal.JsonContext -- Put path $ key text value o
09:49:09.409 [main] DEBUG com.jayway.jsonpath.internal.path.CompiledPath -- Evaluating path: $['windowsVirtualKeyCode']
09:49:09.409 [main] DEBUG com.jayway.jsonpath.internal.path.CompiledPath -- Evaluating path: $
09:49:09.409 [main] DEBUG com.jayway.jsonpath.internal.path.CompiledPath -- Evaluating path: $
09:49:09.409 [main] DEBUG com.jayway.jsonpath.internal.JsonContext -- Put path $ key windowsVirtualKeyCode value {}
09:49:09.409 [main] DEBUG com.jayway.jsonpath.internal.path.CompiledPath -- Evaluating path: $
09:49:09.409 [main] DEBUG com.jayway.jsonpath.internal.JsonContext -- Put path $ key windowsVirtualKeyCode value 111
09:49:09.409 [main] DEBUG com.jayway.jsonpath.internal.path.CompiledPath -- Evaluating path: $
09:49:09.409 [main] DEBUG com.intuit.karate.driver.DriverOptions -- >> {"id":51,"sessionId":"10F3B8FC195A95782EDFA19C4085692A","method":"Input.dispatchKeyEvent","params":{"modifiers":0,"type":"keyUp","text":"o","windowsVirtualKeyCode":111}}
09:49:09.412 [nioEventLoopGroup-2-1] DEBUG com.intuit.karate.driver.DriverOptions -- << {"id":51,"result":{},"sessionId":"10F3B8FC195A95782EDFA19C4085692A"}
09:49:09.412 [nioEventLoopGroup-2-1] DEBUG com.jayway.jsonpath.internal.path.CompiledPath -- Evaluating path: $
09:49:09.412 [main] DEBUG com.jayway.jsonpath.internal.path.CompiledPath -- Evaluating path: $['modifiers']
09:49:09.412 [main] DEBUG com.jayway.jsonpath.internal.path.CompiledPath -- Evaluating path: $
09:49:09.412 [main] DEBUG com.jayway.jsonpath.internal.path.CompiledPath -- Evaluating path: $
09:49:09.413 [main] DEBUG com.jayway.jsonpath.internal.JsonContext -- Put path $ key modifiers value {}
09:49:09.413 [main] DEBUG com.jayway.jsonpath.internal.path.CompiledPath -- Evaluating path: $
09:49:09.413 [main] DEBUG com.jayway.jsonpath.internal.JsonContext -- Put path $ key modifiers value 0
09:49:09.413 [main] DEBUG com.jayway.jsonpath.internal.path.CompiledPath -- Evaluating path: $['type']
09:49:09.413 [main] DEBUG com.jayway.jsonpath.internal.path.CompiledPath -- Evaluating path: $
09:49:09.413 [main] DEBUG com.jayway.jsonpath.internal.path.CompiledPath -- Evaluating path: $
09:49:09.413 [main] DEBUG com.jayway.jsonpath.internal.JsonContext -- Put path $ key type value {}
09:49:09.413 [main] DEBUG com.jayway.jsonpath.internal.path.CompiledPath -- Evaluating path: $
09:49:09.413 [main] DEBUG com.jayway.jsonpath.internal.JsonContext -- Put path $ key type value rawKeyDown
09:49:09.413 [main] DEBUG com.jayway.jsonpath.internal.path.CompiledPath -- Evaluating path: $['text']
09:49:09.413 [main] DEBUG com.jayway.jsonpath.internal.path.CompiledPath -- Evaluating path: $
09:49:09.413 [main] DEBUG com.jayway.jsonpath.internal.path.CompiledPath -- Evaluating path: $
09:49:09.413 [main] DEBUG com.jayway.jsonpath.internal.JsonContext -- Put path $ key text value {}
09:49:09.413 [main] DEBUG com.jayway.jsonpath.internal.path.CompiledPath -- Evaluating path: $
09:49:09.413 [main] DEBUG com.jayway.jsonpath.internal.JsonContext -- Put path $ key text value r
09:49:09.413 [main] DEBUG com.jayway.jsonpath.internal.path.CompiledPath -- Evaluating path: $['windowsVirtualKeyCode']
09:49:09.413 [main] DEBUG com.jayway.jsonpath.internal.path.CompiledPath -- Evaluating path: $
09:49:09.413 [main] DEBUG com.jayway.jsonpath.internal.path.CompiledPath -- Evaluating path: $
09:49:09.413 [main] DEBUG com.jayway.jsonpath.internal.JsonContext -- Put path $ key windowsVirtualKeyCode value {}
09:49:09.413 [main] DEBUG com.jayway.jsonpath.internal.path.CompiledPath -- Evaluating path: $
09:49:09.413 [main] DEBUG com.jayway.jsonpath.internal.JsonContext -- Put path $ key windowsVirtualKeyCode value 114
09:49:09.413 [main] DEBUG com.jayway.jsonpath.internal.path.CompiledPath -- Evaluating path: $
09:49:09.413 [main] DEBUG com.intuit.karate.driver.DriverOptions -- >> {"id":52,"sessionId":"10F3B8FC195A95782EDFA19C4085692A","method":"Input.dispatchKeyEvent","params":{"modifiers":0,"type":"rawKeyDown","text":"r","windowsVirtualKeyCode":114}}
09:49:09.416 [nioEventLoopGroup-2-1] DEBUG com.intuit.karate.driver.DriverOptions -- << {"id":52,"result":{},"sessionId":"10F3B8FC195A95782EDFA19C4085692A"}
09:49:09.418 [nioEventLoopGroup-2-1] DEBUG com.jayway.jsonpath.internal.path.CompiledPath -- Evaluating path: $
09:49:09.418 [main] DEBUG com.jayway.jsonpath.internal.path.CompiledPath -- Evaluating path: $['modifiers']
09:49:09.418 [main] DEBUG com.jayway.jsonpath.internal.path.CompiledPath -- Evaluating path: $
09:49:09.418 [main] DEBUG com.jayway.jsonpath.internal.path.CompiledPath -- Evaluating path: $
09:49:09.418 [main] DEBUG com.jayway.jsonpath.internal.JsonContext -- Put path $ key modifiers value {}
09:49:09.418 [main] DEBUG com.jayway.jsonpath.internal.path.CompiledPath -- Evaluating path: $
09:49:09.418 [main] DEBUG com.jayway.jsonpath.internal.JsonContext -- Put path $ key modifiers value 0
09:49:09.418 [main] DEBUG com.jayway.jsonpath.internal.path.CompiledPath -- Evaluating path: $['type']
09:49:09.418 [main] DEBUG com.jayway.jsonpath.internal.path.CompiledPath -- Evaluating path: $
09:49:09.418 [main] DEBUG com.jayway.jsonpath.internal.path.CompiledPath -- Evaluating path: $
09:49:09.418 [main] DEBUG com.jayway.jsonpath.internal.JsonContext -- Put path $ key type value {}
09:49:09.418 [main] DEBUG com.jayway.jsonpath.internal.path.CompiledPath -- Evaluating path: $
09:49:09.418 [main] DEBUG com.jayway.jsonpath.internal.JsonContext -- Put path $ key type value char
09:49:09.418 [main] DEBUG com.jayway.jsonpath.internal.path.CompiledPath -- Evaluating path: $['text']
09:49:09.418 [main] DEBUG com.jayway.jsonpath.internal.path.CompiledPath -- Evaluating path: $
09:49:09.418 [main] DEBUG com.jayway.jsonpath.internal.path.CompiledPath -- Evaluating path: $
09:49:09.418 [main] DEBUG com.jayway.jsonpath.internal.JsonContext -- Put path $ key text value {}
09:49:09.418 [main] DEBUG com.jayway.jsonpath.internal.path.CompiledPath -- Evaluating path: $
09:49:09.418 [main] DEBUG com.jayway.jsonpath.internal.JsonContext -- Put path $ key text value r
09:49:09.418 [main] DEBUG com.jayway.jsonpath.internal.path.CompiledPath -- Evaluating path: $['windowsVirtualKeyCode']
09:49:09.418 [main] DEBUG com.jayway.jsonpath.internal.path.CompiledPath -- Evaluating path: $
09:49:09.418 [main] DEBUG com.jayway.jsonpath.internal.path.CompiledPath -- Evaluating path: $
09:49:09.418 [main] DEBUG com.jayway.jsonpath.internal.JsonContext -- Put path $ key windowsVirtualKeyCode value {}
09:49:09.418 [main] DEBUG com.jayway.jsonpath.internal.path.CompiledPath -- Evaluating path: $
09:49:09.418 [main] DEBUG com.jayway.jsonpath.internal.JsonContext -- Put path $ key windowsVirtualKeyCode value 114
09:49:09.418 [main] DEBUG com.jayway.jsonpath.internal.path.CompiledPath -- Evaluating path: $
09:49:09.418 [main] DEBUG com.intuit.karate.driver.DriverOptions -- >> {"id":53,"sessionId":"10F3B8FC195A95782EDFA19C4085692A","method":"Input.dispatchKeyEvent","params":{"modifiers":0,"type":"char","text":"r","windowsVirtualKeyCode":114}}
09:49:09.420 [nioEventLoopGroup-2-1] DEBUG com.intuit.karate.driver.DriverOptions -- << {"id":53,"result":{},"sessionId":"10F3B8FC195A95782EDFA19C4085692A"}
09:49:09.421 [nioEventLoopGroup-2-1] DEBUG com.jayway.jsonpath.internal.path.CompiledPath -- Evaluating path: $
09:49:09.421 [main] DEBUG com.jayway.jsonpath.internal.path.CompiledPath -- Evaluating path: $['modifiers']
09:49:09.421 [main] DEBUG com.jayway.jsonpath.internal.path.CompiledPath -- Evaluating path: $
09:49:09.421 [main] DEBUG com.jayway.jsonpath.internal.path.CompiledPath -- Evaluating path: $
09:49:09.421 [main] DEBUG com.jayway.jsonpath.internal.JsonContext -- Put path $ key modifiers value {}
09:49:09.421 [main] DEBUG com.jayway.jsonpath.internal.path.CompiledPath -- Evaluating path: $
09:49:09.421 [main] DEBUG com.jayway.jsonpath.internal.JsonContext -- Put path $ key modifiers value 0
09:49:09.421 [main] DEBUG com.jayway.jsonpath.internal.path.CompiledPath -- Evaluating path: $['type']
09:49:09.421 [main] DEBUG com.jayway.jsonpath.internal.path.CompiledPath -- Evaluating path: $
09:49:09.421 [main] DEBUG com.jayway.jsonpath.internal.path.CompiledPath -- Evaluating path: $
09:49:09.421 [main] DEBUG com.jayway.jsonpath.internal.JsonContext -- Put path $ key type value {}
09:49:09.421 [main] DEBUG com.jayway.jsonpath.internal.path.CompiledPath -- Evaluating path: $
09:49:09.421 [main] DEBUG com.jayway.jsonpath.internal.JsonContext -- Put path $ key type value keyUp
09:49:09.421 [main] DEBUG com.jayway.jsonpath.internal.path.CompiledPath -- Evaluating path: $['text']
09:49:09.421 [main] DEBUG com.jayway.jsonpath.internal.path.CompiledPath -- Evaluating path: $
09:49:09.421 [main] DEBUG com.jayway.jsonpath.internal.path.CompiledPath -- Evaluating path: $
09:49:09.421 [main] DEBUG com.jayway.jsonpath.internal.JsonContext -- Put path $ key text value {}
09:49:09.421 [main] DEBUG com.jayway.jsonpath.internal.path.CompiledPath -- Evaluating path: $
09:49:09.421 [main] DEBUG com.jayway.jsonpath.internal.JsonContext -- Put path $ key text value r
09:49:09.421 [main] DEBUG com.jayway.jsonpath.internal.path.CompiledPath -- Evaluating path: $['windowsVirtualKeyCode']
09:49:09.421 [main] DEBUG com.jayway.jsonpath.internal.path.CompiledPath -- Evaluating path: $
09:49:09.421 [main] DEBUG com.jayway.jsonpath.internal.path.CompiledPath -- Evaluating path: $
09:49:09.421 [main] DEBUG com.jayway.jsonpath.internal.JsonContext -- Put path $ key windowsVirtualKeyCode value {}
09:49:09.421 [main] DEBUG com.jayway.jsonpath.internal.path.CompiledPath -- Evaluating path: $
09:49:09.421 [main] DEBUG com.jayway.jsonpath.internal.JsonContext -- Put path $ key windowsVirtualKeyCode value 114
09:49:09.421 [main] DEBUG com.jayway.jsonpath.internal.path.CompiledPath -- Evaluating path: $
09:49:09.421 [main] DEBUG com.intuit.karate.driver.DriverOptions -- >> {"id":54,"sessionId":"10F3B8FC195A95782EDFA19C4085692A","method":"Input.dispatchKeyEvent","params":{"modifiers":0,"type":"keyUp","text":"r","windowsVirtualKeyCode":114}}
09:49:09.425 [nioEventLoopGroup-2-1] DEBUG com.intuit.karate.driver.DriverOptions -- << {"id":54,"result":{},"sessionId":"10F3B8FC195A95782EDFA19C4085692A"}
09:49:09.425 [nioEventLoopGroup-2-1] DEBUG com.jayway.jsonpath.internal.path.CompiledPath -- Evaluating path: $
09:49:09.425 [main] DEBUG com.jayway.jsonpath.internal.path.CompiledPath -- Evaluating path: $['modifiers']
09:49:09.425 [main] DEBUG com.jayway.jsonpath.internal.path.CompiledPath -- Evaluating path: $
09:49:09.425 [main] DEBUG com.jayway.jsonpath.internal.path.CompiledPath -- Evaluating path: $
09:49:09.425 [main] DEBUG com.jayway.jsonpath.internal.JsonContext -- Put path $ key modifiers value {}
09:49:09.425 [main] DEBUG com.jayway.jsonpath.internal.path.CompiledPath -- Evaluating path: $
09:49:09.425 [main] DEBUG com.jayway.jsonpath.internal.JsonContext -- Put path $ key modifiers value 0
09:49:09.425 [main] DEBUG com.jayway.jsonpath.internal.path.CompiledPath -- Evaluating path: $['type']
09:49:09.425 [main] DEBUG com.jayway.jsonpath.internal.path.CompiledPath -- Evaluating path: $
09:49:09.425 [main] DEBUG com.jayway.jsonpath.internal.path.CompiledPath -- Evaluating path: $
09:49:09.425 [main] DEBUG com.jayway.jsonpath.internal.JsonContext -- Put path $ key type value {}
09:49:09.425 [main] DEBUG com.jayway.jsonpath.internal.path.CompiledPath -- Evaluating path: $
09:49:09.426 [main] DEBUG com.jayway.jsonpath.internal.JsonContext -- Put path $ key type value rawKeyDown
09:49:09.426 [main] DEBUG com.jayway.jsonpath.internal.path.CompiledPath -- Evaluating path: $['text']
09:49:09.426 [main] DEBUG com.jayway.jsonpath.internal.path.CompiledPath -- Evaluating path: $
09:49:09.426 [main] DEBUG com.jayway.jsonpath.internal.path.CompiledPath -- Evaluating path: $
09:49:09.426 [main] DEBUG com.jayway.jsonpath.internal.JsonContext -- Put path $ key text value {}
09:49:09.426 [main] DEBUG com.jayway.jsonpath.internal.path.CompiledPath -- Evaluating path: $
09:49:09.426 [main] DEBUG com.jayway.jsonpath.internal.JsonContext -- Put path $ key text value n
09:49:09.426 [main] DEBUG com.jayway.jsonpath.internal.path.CompiledPath -- Evaluating path: $['windowsVirtualKeyCode']
09:49:09.426 [main] DEBUG com.jayway.jsonpath.internal.path.CompiledPath -- Evaluating path: $
09:49:09.426 [main] DEBUG com.jayway.jsonpath.internal.path.CompiledPath -- Evaluating path: $
09:49:09.426 [main] DEBUG com.jayway.jsonpath.internal.JsonContext -- Put path $ key windowsVirtualKeyCode value {}
09:49:09.426 [main] DEBUG com.jayway.jsonpath.internal.path.CompiledPath -- Evaluating path: $
09:49:09.426 [main] DEBUG com.jayway.jsonpath.internal.JsonContext -- Put path $ key windowsVirtualKeyCode value 110
09:49:09.426 [main] DEBUG com.jayway.jsonpath.internal.path.CompiledPath -- Evaluating path: $
09:49:09.426 [main] DEBUG com.intuit.karate.driver.DriverOptions -- >> {"id":55,"sessionId":"10F3B8FC195A95782EDFA19C4085692A","method":"Input.dispatchKeyEvent","params":{"modifiers":0,"type":"rawKeyDown","text":"n","windowsVirtualKeyCode":110}}
09:49:09.430 [nioEventLoopGroup-2-1] DEBUG com.intuit.karate.driver.DriverOptions -- << {"id":55,"result":{},"sessionId":"10F3B8FC195A95782EDFA19C4085692A"}
09:49:09.430 [nioEventLoopGroup-2-1] DEBUG com.jayway.jsonpath.internal.path.CompiledPath -- Evaluating path: $
09:49:09.430 [main] DEBUG com.jayway.jsonpath.internal.path.CompiledPath -- Evaluating path: $['modifiers']
09:49:09.431 [main] DEBUG com.jayway.jsonpath.internal.path.CompiledPath -- Evaluating path: $
09:49:09.431 [main] DEBUG com.jayway.jsonpath.internal.path.CompiledPath -- Evaluating path: $
09:49:09.431 [main] DEBUG com.jayway.jsonpath.internal.JsonContext -- Put path $ key modifiers value {}
09:49:09.431 [main] DEBUG com.jayway.jsonpath.internal.path.CompiledPath -- Evaluating path: $
09:49:09.431 [main] DEBUG com.jayway.jsonpath.internal.JsonContext -- Put path $ key modifiers value 0
09:49:09.431 [main] DEBUG com.jayway.jsonpath.internal.path.CompiledPath -- Evaluating path: $['type']
09:49:09.431 [main] DEBUG com.jayway.jsonpath.internal.path.CompiledPath -- Evaluating path: $
09:49:09.431 [main] DEBUG com.jayway.jsonpath.internal.path.CompiledPath -- Evaluating path: $
09:49:09.431 [main] DEBUG com.jayway.jsonpath.internal.JsonContext -- Put path $ key type value {}
09:49:09.431 [main] DEBUG com.jayway.jsonpath.internal.path.CompiledPath -- Evaluating path: $
09:49:09.431 [main] DEBUG com.jayway.jsonpath.internal.JsonContext -- Put path $ key type value char
09:49:09.432 [main] DEBUG com.jayway.jsonpath.internal.path.CompiledPath -- Evaluating path: $['text']
09:49:09.432 [main] DEBUG com.jayway.jsonpath.internal.path.CompiledPath -- Evaluating path: $
09:49:09.432 [main] DEBUG com.jayway.jsonpath.internal.path.CompiledPath -- Evaluating path: $
09:49:09.432 [main] DEBUG com.jayway.jsonpath.internal.JsonContext -- Put path $ key text value {}
09:49:09.432 [main] DEBUG com.jayway.jsonpath.internal.path.CompiledPath -- Evaluating path: $
09:49:09.432 [main] DEBUG com.jayway.jsonpath.internal.JsonContext -- Put path $ key text value n
09:49:09.432 [main] DEBUG com.jayway.jsonpath.internal.path.CompiledPath -- Evaluating path: $['windowsVirtualKeyCode']
09:49:09.432 [main] DEBUG com.jayway.jsonpath.internal.path.CompiledPath -- Evaluating path: $
09:49:09.432 [main] DEBUG com.jayway.jsonpath.internal.path.CompiledPath -- Evaluating path: $
09:49:09.432 [main] DEBUG com.jayway.jsonpath.internal.JsonContext -- Put path $ key windowsVirtualKeyCode value {}
09:49:09.432 [main] DEBUG com.jayway.jsonpath.internal.path.CompiledPath -- Evaluating path: $
09:49:09.432 [main] DEBUG com.jayway.jsonpath.internal.JsonContext -- Put path $ key windowsVirtualKeyCode value 110
09:49:09.432 [main] DEBUG com.jayway.jsonpath.internal.path.CompiledPath -- Evaluating path: $
09:49:09.433 [main] DEBUG com.intuit.karate.driver.DriverOptions -- >> {"id":56,"sessionId":"10F3B8FC195A95782EDFA19C4085692A","method":"Input.dispatchKeyEvent","params":{"modifiers":0,"type":"char","text":"n","windowsVirtualKeyCode":110}}
09:49:09.439 [nioEventLoopGroup-2-1] DEBUG com.intuit.karate.driver.DriverOptions -- << {"id":56,"result":{},"sessionId":"10F3B8FC195A95782EDFA19C4085692A"}
09:49:09.439 [nioEventLoopGroup-2-1] DEBUG com.jayway.jsonpath.internal.path.CompiledPath -- Evaluating path: $
09:49:09.439 [main] DEBUG com.jayway.jsonpath.internal.path.CompiledPath -- Evaluating path: $['modifiers']
09:49:09.439 [main] DEBUG com.jayway.jsonpath.internal.path.CompiledPath -- Evaluating path: $
09:49:09.439 [main] DEBUG com.jayway.jsonpath.internal.path.CompiledPath -- Evaluating path: $
09:49:09.440 [main] DEBUG com.jayway.jsonpath.internal.JsonContext -- Put path $ key modifiers value {}
09:49:09.440 [main] DEBUG com.jayway.jsonpath.internal.path.CompiledPath -- Evaluating path: $
09:49:09.440 [main] DEBUG com.jayway.jsonpath.internal.JsonContext -- Put path $ key modifiers value 0
09:49:09.440 [main] DEBUG com.jayway.jsonpath.internal.path.CompiledPath -- Evaluating path: $['type']
09:49:09.440 [main] DEBUG com.jayway.jsonpath.internal.path.CompiledPath -- Evaluating path: $
09:49:09.440 [main] DEBUG com.jayway.jsonpath.internal.path.CompiledPath -- Evaluating path: $
09:49:09.440 [main] DEBUG com.jayway.jsonpath.internal.JsonContext -- Put path $ key type value {}
09:49:09.440 [main] DEBUG com.jayway.jsonpath.internal.path.CompiledPath -- Evaluating path: $
09:49:09.440 [main] DEBUG com.jayway.jsonpath.internal.JsonContext -- Put path $ key type value keyUp
09:49:09.440 [main] DEBUG com.jayway.jsonpath.internal.path.CompiledPath -- Evaluating path: $['text']
09:49:09.440 [main] DEBUG com.jayway.jsonpath.internal.path.CompiledPath -- Evaluating path: $
09:49:09.440 [main] DEBUG com.jayway.jsonpath.internal.path.CompiledPath -- Evaluating path: $
09:49:09.440 [main] DEBUG com.jayway.jsonpath.internal.JsonContext -- Put path $ key text value {}
09:49:09.440 [main] DEBUG com.jayway.jsonpath.internal.path.CompiledPath -- Evaluating path: $
09:49:09.440 [main] DEBUG com.jayway.jsonpath.internal.JsonContext -- Put path $ key text value n
09:49:09.440 [main] DEBUG com.jayway.jsonpath.internal.path.CompiledPath -- Evaluating path: $['windowsVirtualKeyCode']
09:49:09.441 [main] DEBUG com.jayway.jsonpath.internal.path.CompiledPath -- Evaluating path: $
09:49:09.441 [main] DEBUG com.jayway.jsonpath.internal.path.CompiledPath -- Evaluating path: $
09:49:09.441 [main] DEBUG com.jayway.jsonpath.internal.JsonContext -- Put path $ key windowsVirtualKeyCode value {}
09:49:09.441 [main] DEBUG com.jayway.jsonpath.internal.path.CompiledPath -- Evaluating path: $
09:49:09.441 [main] DEBUG com.jayway.jsonpath.internal.JsonContext -- Put path $ key windowsVirtualKeyCode value 110
09:49:09.441 [main] DEBUG com.jayway.jsonpath.internal.path.CompiledPath -- Evaluating path: $
09:49:09.441 [main] DEBUG com.intuit.karate.driver.DriverOptions -- >> {"id":57,"sessionId":"10F3B8FC195A95782EDFA19C4085692A","method":"Input.dispatchKeyEvent","params":{"modifiers":0,"type":"keyUp","text":"n","windowsVirtualKeyCode":110}}
09:49:09.451 [nioEventLoopGroup-2-1] DEBUG com.intuit.karate.driver.DriverOptions -- << {"id":57,"result":{},"sessionId":"10F3B8FC195A95782EDFA19C4085692A"}
09:49:09.451 [nioEventLoopGroup-2-1] DEBUG com.jayway.jsonpath.internal.path.CompiledPath -- Evaluating path: $
09:49:09.451 [main] DEBUG com.jayway.jsonpath.internal.path.CompiledPath -- Evaluating path: $['modifiers']
09:49:09.452 [main] DEBUG com.jayway.jsonpath.internal.path.CompiledPath -- Evaluating path: $
09:49:09.452 [main] DEBUG com.jayway.jsonpath.internal.path.CompiledPath -- Evaluating path: $
09:49:09.452 [main] DEBUG com.jayway.jsonpath.internal.JsonContext -- Put path $ key modifiers value {}
09:49:09.452 [main] DEBUG com.jayway.jsonpath.internal.path.CompiledPath -- Evaluating path: $
09:49:09.452 [main] DEBUG com.jayway.jsonpath.internal.JsonContext -- Put path $ key modifiers value 0
09:49:09.452 [main] DEBUG com.jayway.jsonpath.internal.path.CompiledPath -- Evaluating path: $['type']
09:49:09.452 [main] DEBUG com.jayway.jsonpath.internal.path.CompiledPath -- Evaluating path: $
09:49:09.452 [main] DEBUG com.jayway.jsonpath.internal.path.CompiledPath -- Evaluating path: $
09:49:09.452 [main] DEBUG com.jayway.jsonpath.internal.JsonContext -- Put path $ key type value {}
09:49:09.452 [main] DEBUG com.jayway.jsonpath.internal.path.CompiledPath -- Evaluating path: $
09:49:09.452 [main] DEBUG com.jayway.jsonpath.internal.JsonContext -- Put path $ key type value rawKeyDown
09:49:09.452 [main] DEBUG com.jayway.jsonpath.internal.path.CompiledPath -- Evaluating path: $['text']
09:49:09.452 [main] DEBUG com.jayway.jsonpath.internal.path.CompiledPath -- Evaluating path: $
09:49:09.452 [main] DEBUG com.jayway.jsonpath.internal.path.CompiledPath -- Evaluating path: $
09:49:09.452 [main] DEBUG com.jayway.jsonpath.internal.JsonContext -- Put path $ key text value {}
09:49:09.452 [main] DEBUG com.jayway.jsonpath.internal.path.CompiledPath -- Evaluating path: $
09:49:09.452 [main] DEBUG com.jayway.jsonpath.internal.JsonContext -- Put path $ key text value i
09:49:09.452 [main] DEBUG com.jayway.jsonpath.internal.path.CompiledPath -- Evaluating path: $['windowsVirtualKeyCode']
09:49:09.452 [main] DEBUG com.jayway.jsonpath.internal.path.CompiledPath -- Evaluating path: $
09:49:09.452 [main] DEBUG com.jayway.jsonpath.internal.path.CompiledPath -- Evaluating path: $
09:49:09.452 [main] DEBUG com.jayway.jsonpath.internal.JsonContext -- Put path $ key windowsVirtualKeyCode value {}
09:49:09.452 [main] DEBUG com.jayway.jsonpath.internal.path.CompiledPath -- Evaluating path: $
09:49:09.452 [main] DEBUG com.jayway.jsonpath.internal.JsonContext -- Put path $ key windowsVirtualKeyCode value 105
09:49:09.452 [main] DEBUG com.jayway.jsonpath.internal.path.CompiledPath -- Evaluating path: $
09:49:09.452 [main] DEBUG com.intuit.karate.driver.DriverOptions -- >> {"id":58,"sessionId":"10F3B8FC195A95782EDFA19C4085692A","method":"Input.dispatchKeyEvent","params":{"modifiers":0,"type":"rawKeyDown","text":"i","windowsVirtualKeyCode":105}}
09:49:09.454 [nioEventLoopGroup-2-1] DEBUG com.intuit.karate.driver.DriverOptions -- << {"id":58,"result":{},"sessionId":"10F3B8FC195A95782EDFA19C4085692A"}
09:49:09.454 [nioEventLoopGroup-2-1] DEBUG com.jayway.jsonpath.internal.path.CompiledPath -- Evaluating path: $
09:49:09.454 [main] DEBUG com.jayway.jsonpath.internal.path.CompiledPath -- Evaluating path: $['modifiers']
09:49:09.454 [main] DEBUG com.jayway.jsonpath.internal.path.CompiledPath -- Evaluating path: $
09:49:09.454 [main] DEBUG com.jayway.jsonpath.internal.path.CompiledPath -- Evaluating path: $
09:49:09.455 [main] DEBUG com.jayway.jsonpath.internal.JsonContext -- Put path $ key modifiers value {}
09:49:09.455 [main] DEBUG com.jayway.jsonpath.internal.path.CompiledPath -- Evaluating path: $
09:49:09.455 [main] DEBUG com.jayway.jsonpath.internal.JsonContext -- Put path $ key modifiers value 0
09:49:09.455 [main] DEBUG com.jayway.jsonpath.internal.path.CompiledPath -- Evaluating path: $['type']
09:49:09.455 [main] DEBUG com.jayway.jsonpath.internal.path.CompiledPath -- Evaluating path: $
09:49:09.455 [main] DEBUG com.jayway.jsonpath.internal.path.CompiledPath -- Evaluating path: $
09:49:09.455 [main] DEBUG com.jayway.jsonpath.internal.JsonContext -- Put path $ key type value {}
09:49:09.455 [main] DEBUG com.jayway.jsonpath.internal.path.CompiledPath -- Evaluating path: $
09:49:09.455 [main] DEBUG com.jayway.jsonpath.internal.JsonContext -- Put path $ key type value char
09:49:09.455 [main] DEBUG com.jayway.jsonpath.internal.path.CompiledPath -- Evaluating path: $['text']
09:49:09.455 [main] DEBUG com.jayway.jsonpath.internal.path.CompiledPath -- Evaluating path: $
09:49:09.455 [main] DEBUG com.jayway.jsonpath.internal.path.CompiledPath -- Evaluating path: $
09:49:09.455 [main] DEBUG com.jayway.jsonpath.internal.JsonContext -- Put path $ key text value {}
09:49:09.455 [main] DEBUG com.jayway.jsonpath.internal.path.CompiledPath -- Evaluating path: $
09:49:09.455 [main] DEBUG com.jayway.jsonpath.internal.JsonContext -- Put path $ key text value i
09:49:09.455 [main] DEBUG com.jayway.jsonpath.internal.path.CompiledPath -- Evaluating path: $['windowsVirtualKeyCode']
09:49:09.455 [main] DEBUG com.jayway.jsonpath.internal.path.CompiledPath -- Evaluating path: $
09:49:09.455 [main] DEBUG com.jayway.jsonpath.internal.path.CompiledPath -- Evaluating path: $
09:49:09.455 [main] DEBUG com.jayway.jsonpath.internal.JsonContext -- Put path $ key windowsVirtualKeyCode value {}
09:49:09.455 [main] DEBUG com.jayway.jsonpath.internal.path.CompiledPath -- Evaluating path: $
09:49:09.455 [main] DEBUG com.jayway.jsonpath.internal.JsonContext -- Put path $ key windowsVirtualKeyCode value 105
09:49:09.455 [main] DEBUG com.jayway.jsonpath.internal.path.CompiledPath -- Evaluating path: $
09:49:09.455 [main] DEBUG com.intuit.karate.driver.DriverOptions -- >> {"id":59,"sessionId":"10F3B8FC195A95782EDFA19C4085692A","method":"Input.dispatchKeyEvent","params":{"modifiers":0,"type":"char","text":"i","windowsVirtualKeyCode":105}}
09:49:09.462 [nioEventLoopGroup-2-1] DEBUG com.intuit.karate.driver.DriverOptions -- << {"id":59,"result":{},"sessionId":"10F3B8FC195A95782EDFA19C4085692A"}
09:49:09.462 [nioEventLoopGroup-2-1] DEBUG com.jayway.jsonpath.internal.path.CompiledPath -- Evaluating path: $
09:49:09.462 [main] DEBUG com.jayway.jsonpath.internal.path.CompiledPath -- Evaluating path: $['modifiers']
09:49:09.462 [main] DEBUG com.jayway.jsonpath.internal.path.CompiledPath -- Evaluating path: $
09:49:09.462 [main] DEBUG com.jayway.jsonpath.internal.path.CompiledPath -- Evaluating path: $
09:49:09.462 [main] DEBUG com.jayway.jsonpath.internal.JsonContext -- Put path $ key modifiers value {}
09:49:09.462 [main] DEBUG com.jayway.jsonpath.internal.path.CompiledPath -- Evaluating path: $
09:49:09.462 [main] DEBUG com.jayway.jsonpath.internal.JsonContext -- Put path $ key modifiers value 0
09:49:09.462 [main] DEBUG com.jayway.jsonpath.internal.path.CompiledPath -- Evaluating path: $['type']
09:49:09.462 [main] DEBUG com.jayway.jsonpath.internal.path.CompiledPath -- Evaluating path: $
09:49:09.462 [main] DEBUG com.jayway.jsonpath.internal.path.CompiledPath -- Evaluating path: $
09:49:09.462 [main] DEBUG com.jayway.jsonpath.internal.JsonContext -- Put path $ key type value {}
09:49:09.462 [main] DEBUG com.jayway.jsonpath.internal.path.CompiledPath -- Evaluating path: $
09:49:09.462 [main] DEBUG com.jayway.jsonpath.internal.JsonContext -- Put path $ key type value keyUp
09:49:09.462 [main] DEBUG com.jayway.jsonpath.internal.path.CompiledPath -- Evaluating path: $['text']
09:49:09.462 [main] DEBUG com.jayway.jsonpath.internal.path.CompiledPath -- Evaluating path: $
09:49:09.462 [main] DEBUG com.jayway.jsonpath.internal.path.CompiledPath -- Evaluating path: $
09:49:09.462 [main] DEBUG com.jayway.jsonpath.internal.JsonContext -- Put path $ key text value {}
09:49:09.462 [main] DEBUG com.jayway.jsonpath.internal.path.CompiledPath -- Evaluating path: $
09:49:09.462 [main] DEBUG com.jayway.jsonpath.internal.JsonContext -- Put path $ key text value i
09:49:09.462 [main] DEBUG com.jayway.jsonpath.internal.path.CompiledPath -- Evaluating path: $['windowsVirtualKeyCode']
09:49:09.462 [main] DEBUG com.jayway.jsonpath.internal.path.CompiledPath -- Evaluating path: $
09:49:09.462 [main] DEBUG com.jayway.jsonpath.internal.path.CompiledPath -- Evaluating path: $
09:49:09.462 [main] DEBUG com.jayway.jsonpath.internal.JsonContext -- Put path $ key windowsVirtualKeyCode value {}
09:49:09.462 [main] DEBUG com.jayway.jsonpath.internal.path.CompiledPath -- Evaluating path: $
09:49:09.462 [main] DEBUG com.jayway.jsonpath.internal.JsonContext -- Put path $ key windowsVirtualKeyCode value 105
09:49:09.462 [main] DEBUG com.jayway.jsonpath.internal.path.CompiledPath -- Evaluating path: $
09:49:09.462 [main] DEBUG com.intuit.karate.driver.DriverOptions -- >> {"id":60,"sessionId":"10F3B8FC195A95782EDFA19C4085692A","method":"Input.dispatchKeyEvent","params":{"modifiers":0,"type":"keyUp","text":"i","windowsVirtualKeyCode":105}}
09:49:09.467 [nioEventLoopGroup-2-1] DEBUG com.intuit.karate.driver.DriverOptions -- << {"id":60,"result":{},"sessionId":"10F3B8FC195A95782EDFA19C4085692A"}
09:49:09.467 [nioEventLoopGroup-2-1] DEBUG com.jayway.jsonpath.internal.path.CompiledPath -- Evaluating path: $
09:49:09.467 [main] DEBUG com.jayway.jsonpath.internal.path.CompiledPath -- Evaluating path: $['modifiers']
09:49:09.467 [main] DEBUG com.jayway.jsonpath.internal.path.CompiledPath -- Evaluating path: $
09:49:09.467 [main] DEBUG com.jayway.jsonpath.internal.path.CompiledPath -- Evaluating path: $
09:49:09.468 [main] DEBUG com.jayway.jsonpath.internal.JsonContext -- Put path $ key modifiers value {}
09:49:09.468 [main] DEBUG com.jayway.jsonpath.internal.path.CompiledPath -- Evaluating path: $
09:49:09.468 [main] DEBUG com.jayway.jsonpath.internal.JsonContext -- Put path $ key modifiers value 0
09:49:09.468 [main] DEBUG com.jayway.jsonpath.internal.path.CompiledPath -- Evaluating path: $['type']
09:49:09.468 [main] DEBUG com.jayway.jsonpath.internal.path.CompiledPath -- Evaluating path: $
09:49:09.468 [main] DEBUG com.jayway.jsonpath.internal.path.CompiledPath -- Evaluating path: $
09:49:09.468 [main] DEBUG com.jayway.jsonpath.internal.JsonContext -- Put path $ key type value {}
09:49:09.468 [main] DEBUG com.jayway.jsonpath.internal.path.CompiledPath -- Evaluating path: $
09:49:09.468 [main] DEBUG com.jayway.jsonpath.internal.JsonContext -- Put path $ key type value rawKeyDown
09:49:09.468 [main] DEBUG com.jayway.jsonpath.internal.path.CompiledPath -- Evaluating path: $['text']
09:49:09.468 [main] DEBUG com.jayway.jsonpath.internal.path.CompiledPath -- Evaluating path: $
09:49:09.468 [main] DEBUG com.jayway.jsonpath.internal.path.CompiledPath -- Evaluating path: $
09:49:09.468 [main] DEBUG com.jayway.jsonpath.internal.JsonContext -- Put path $ key text value {}
09:49:09.468 [main] DEBUG com.jayway.jsonpath.internal.path.CompiledPath -- Evaluating path: $
09:49:09.468 [main] DEBUG com.jayway.jsonpath.internal.JsonContext -- Put path $ key text value n
09:49:09.468 [main] DEBUG com.jayway.jsonpath.internal.path.CompiledPath -- Evaluating path: $['windowsVirtualKeyCode']
09:49:09.468 [main] DEBUG com.jayway.jsonpath.internal.path.CompiledPath -- Evaluating path: $
09:49:09.468 [main] DEBUG com.jayway.jsonpath.internal.path.CompiledPath -- Evaluating path: $
09:49:09.468 [main] DEBUG com.jayway.jsonpath.internal.JsonContext -- Put path $ key windowsVirtualKeyCode value {}
09:49:09.468 [main] DEBUG com.jayway.jsonpath.internal.path.CompiledPath -- Evaluating path: $
09:49:09.468 [main] DEBUG com.jayway.jsonpath.internal.JsonContext -- Put path $ key windowsVirtualKeyCode value 110
09:49:09.469 [main] DEBUG com.jayway.jsonpath.internal.path.CompiledPath -- Evaluating path: $
09:49:09.469 [main] DEBUG com.intuit.karate.driver.DriverOptions -- >> {"id":61,"sessionId":"10F3B8FC195A95782EDFA19C4085692A","method":"Input.dispatchKeyEvent","params":{"modifiers":0,"type":"rawKeyDown","text":"n","windowsVirtualKeyCode":110}}
09:49:09.472 [nioEventLoopGroup-2-1] DEBUG com.intuit.karate.driver.DriverOptions -- << {"id":61,"result":{},"sessionId":"10F3B8FC195A95782EDFA19C4085692A"}
09:49:09.472 [nioEventLoopGroup-2-1] DEBUG com.jayway.jsonpath.internal.path.CompiledPath -- Evaluating path: $
09:49:09.472 [main] DEBUG com.jayway.jsonpath.internal.path.CompiledPath -- Evaluating path: $['modifiers']
09:49:09.473 [main] DEBUG com.jayway.jsonpath.internal.path.CompiledPath -- Evaluating path: $
09:49:09.473 [main] DEBUG com.jayway.jsonpath.internal.path.CompiledPath -- Evaluating path: $
09:49:09.473 [main] DEBUG com.jayway.jsonpath.internal.JsonContext -- Put path $ key modifiers value {}
09:49:09.473 [main] DEBUG com.jayway.jsonpath.internal.path.CompiledPath -- Evaluating path: $
09:49:09.473 [main] DEBUG com.jayway.jsonpath.internal.JsonContext -- Put path $ key modifiers value 0
09:49:09.473 [main] DEBUG com.jayway.jsonpath.internal.path.CompiledPath -- Evaluating path: $['type']
09:49:09.473 [main] DEBUG com.jayway.jsonpath.internal.path.CompiledPath -- Evaluating path: $
09:49:09.473 [main] DEBUG com.jayway.jsonpath.internal.path.CompiledPath -- Evaluating path: $
09:49:09.473 [main] DEBUG com.jayway.jsonpath.internal.JsonContext -- Put path $ key type value {}
09:49:09.473 [main] DEBUG com.jayway.jsonpath.internal.path.CompiledPath -- Evaluating path: $
09:49:09.473 [main] DEBUG com.jayway.jsonpath.internal.JsonContext -- Put path $ key type value char
09:49:09.473 [main] DEBUG com.jayway.jsonpath.internal.path.CompiledPath -- Evaluating path: $['text']
09:49:09.473 [main] DEBUG com.jayway.jsonpath.internal.path.CompiledPath -- Evaluating path: $
09:49:09.473 [main] DEBUG com.jayway.jsonpath.internal.path.CompiledPath -- Evaluating path: $
09:49:09.473 [main] DEBUG com.jayway.jsonpath.internal.JsonContext -- Put path $ key text value {}
09:49:09.473 [main] DEBUG com.jayway.jsonpath.internal.path.CompiledPath -- Evaluating path: $
09:49:09.473 [main] DEBUG com.jayway.jsonpath.internal.JsonContext -- Put path $ key text value n
09:49:09.473 [main] DEBUG com.jayway.jsonpath.internal.path.CompiledPath -- Evaluating path: $['windowsVirtualKeyCode']
09:49:09.473 [main] DEBUG com.jayway.jsonpath.internal.path.CompiledPath -- Evaluating path: $
09:49:09.474 [main] DEBUG com.jayway.jsonpath.internal.path.CompiledPath -- Evaluating path: $
09:49:09.474 [main] DEBUG com.jayway.jsonpath.internal.JsonContext -- Put path $ key windowsVirtualKeyCode value {}
09:49:09.474 [main] DEBUG com.jayway.jsonpath.internal.path.CompiledPath -- Evaluating path: $
09:49:09.474 [main] DEBUG com.jayway.jsonpath.internal.JsonContext -- Put path $ key windowsVirtualKeyCode value 110
09:49:09.474 [main] DEBUG com.jayway.jsonpath.internal.path.CompiledPath -- Evaluating path: $
09:49:09.474 [main] DEBUG com.intuit.karate.driver.DriverOptions -- >> {"id":62,"sessionId":"10F3B8FC195A95782EDFA19C4085692A","method":"Input.dispatchKeyEvent","params":{"modifiers":0,"type":"char","text":"n","windowsVirtualKeyCode":110}}
09:49:09.493 [nioEventLoopGroup-2-1] DEBUG com.intuit.karate.driver.DriverOptions -- << {"id":62,"result":{},"sessionId":"10F3B8FC195A95782EDFA19C4085692A"}
09:49:09.494 [nioEventLoopGroup-2-1] DEBUG com.jayway.jsonpath.internal.path.CompiledPath -- Evaluating path: $
09:49:09.494 [main] DEBUG com.jayway.jsonpath.internal.path.CompiledPath -- Evaluating path: $['modifiers']
09:49:09.494 [main] DEBUG com.jayway.jsonpath.internal.path.CompiledPath -- Evaluating path: $
09:49:09.494 [main] DEBUG com.jayway.jsonpath.internal.path.CompiledPath -- Evaluating path: $
09:49:09.494 [main] DEBUG com.jayway.jsonpath.internal.JsonContext -- Put path $ key modifiers value {}
09:49:09.494 [main] DEBUG com.jayway.jsonpath.internal.path.CompiledPath -- Evaluating path: $
09:49:09.494 [main] DEBUG com.jayway.jsonpath.internal.JsonContext -- Put path $ key modifiers value 0
09:49:09.494 [main] DEBUG com.jayway.jsonpath.internal.path.CompiledPath -- Evaluating path: $['type']
09:49:09.494 [main] DEBUG com.jayway.jsonpath.internal.path.CompiledPath -- Evaluating path: $
09:49:09.494 [main] DEBUG com.jayway.jsonpath.internal.path.CompiledPath -- Evaluating path: $
09:49:09.494 [main] DEBUG com.jayway.jsonpath.internal.JsonContext -- Put path $ key type value {}
09:49:09.494 [main] DEBUG com.jayway.jsonpath.internal.path.CompiledPath -- Evaluating path: $
09:49:09.494 [main] DEBUG com.jayway.jsonpath.internal.JsonContext -- Put path $ key type value keyUp
09:49:09.494 [main] DEBUG com.jayway.jsonpath.internal.path.CompiledPath -- Evaluating path: $['text']
09:49:09.494 [main] DEBUG com.jayway.jsonpath.internal.path.CompiledPath -- Evaluating path: $
09:49:09.494 [main] DEBUG com.jayway.jsonpath.internal.path.CompiledPath -- Evaluating path: $
09:49:09.494 [main] DEBUG com.jayway.jsonpath.internal.JsonContext -- Put path $ key text value {}
09:49:09.494 [main] DEBUG com.jayway.jsonpath.internal.path.CompiledPath -- Evaluating path: $
09:49:09.494 [main] DEBUG com.jayway.jsonpath.internal.JsonContext -- Put path $ key text value n
09:49:09.494 [main] DEBUG com.jayway.jsonpath.internal.path.CompiledPath -- Evaluating path: $['windowsVirtualKeyCode']
09:49:09.494 [main] DEBUG com.jayway.jsonpath.internal.path.CompiledPath -- Evaluating path: $
09:49:09.494 [main] DEBUG com.jayway.jsonpath.internal.path.CompiledPath -- Evaluating path: $
09:49:09.494 [main] DEBUG com.jayway.jsonpath.internal.JsonContext -- Put path $ key windowsVirtualKeyCode value {}
09:49:09.494 [main] DEBUG com.jayway.jsonpath.internal.path.CompiledPath -- Evaluating path: $
09:49:09.494 [main] DEBUG com.jayway.jsonpath.internal.JsonContext -- Put path $ key windowsVirtualKeyCode value 110
09:49:09.494 [main] DEBUG com.jayway.jsonpath.internal.path.CompiledPath -- Evaluating path: $
09:49:09.494 [main] DEBUG com.intuit.karate.driver.DriverOptions -- >> {"id":63,"sessionId":"10F3B8FC195A95782EDFA19C4085692A","method":"Input.dispatchKeyEvent","params":{"modifiers":0,"type":"keyUp","text":"n","windowsVirtualKeyCode":110}}
09:49:09.506 [nioEventLoopGroup-2-1] DEBUG com.intuit.karate.driver.DriverOptions -- << {"id":63,"result":{},"sessionId":"10F3B8FC195A95782EDFA19C4085692A"}
09:49:09.506 [nioEventLoopGroup-2-1] DEBUG com.jayway.jsonpath.internal.path.CompiledPath -- Evaluating path: $
09:49:09.507 [main] DEBUG com.jayway.jsonpath.internal.path.CompiledPath -- Evaluating path: $['modifiers']
09:49:09.507 [main] DEBUG com.jayway.jsonpath.internal.path.CompiledPath -- Evaluating path: $
09:49:09.507 [main] DEBUG com.jayway.jsonpath.internal.path.CompiledPath -- Evaluating path: $
09:49:09.507 [main] DEBUG com.jayway.jsonpath.internal.JsonContext -- Put path $ key modifiers value {}
09:49:09.507 [main] DEBUG com.jayway.jsonpath.internal.path.CompiledPath -- Evaluating path: $
09:49:09.507 [main] DEBUG com.jayway.jsonpath.internal.JsonContext -- Put path $ key modifiers value 0
09:49:09.507 [main] DEBUG com.jayway.jsonpath.internal.path.CompiledPath -- Evaluating path: $['type']
09:49:09.507 [main] DEBUG com.jayway.jsonpath.internal.path.CompiledPath -- Evaluating path: $
09:49:09.507 [main] DEBUG com.jayway.jsonpath.internal.path.CompiledPath -- Evaluating path: $
09:49:09.507 [main] DEBUG com.jayway.jsonpath.internal.JsonContext -- Put path $ key type value {}
09:49:09.507 [main] DEBUG com.jayway.jsonpath.internal.path.CompiledPath -- Evaluating path: $
09:49:09.507 [main] DEBUG com.jayway.jsonpath.internal.JsonContext -- Put path $ key type value rawKeyDown
09:49:09.507 [main] DEBUG com.jayway.jsonpath.internal.path.CompiledPath -- Evaluating path: $['text']
09:49:09.507 [main] DEBUG com.jayway.jsonpath.internal.path.CompiledPath -- Evaluating path: $
09:49:09.507 [main] DEBUG com.jayway.jsonpath.internal.path.CompiledPath -- Evaluating path: $
09:49:09.507 [main] DEBUG com.jayway.jsonpath.internal.JsonContext -- Put path $ key text value {}
09:49:09.507 [main] DEBUG com.jayway.jsonpath.internal.path.CompiledPath -- Evaluating path: $
09:49:09.507 [main] DEBUG com.jayway.jsonpath.internal.JsonContext -- Put path $ key text value g
09:49:09.507 [main] DEBUG com.jayway.jsonpath.internal.path.CompiledPath -- Evaluating path: $['windowsVirtualKeyCode']
09:49:09.507 [main] DEBUG com.jayway.jsonpath.internal.path.CompiledPath -- Evaluating path: $
09:49:09.507 [main] DEBUG com.jayway.jsonpath.internal.path.CompiledPath -- Evaluating path: $
09:49:09.507 [main] DEBUG com.jayway.jsonpath.internal.JsonContext -- Put path $ key windowsVirtualKeyCode value {}
09:49:09.507 [main] DEBUG com.jayway.jsonpath.internal.path.CompiledPath -- Evaluating path: $
09:49:09.507 [main] DEBUG com.jayway.jsonpath.internal.JsonContext -- Put path $ key windowsVirtualKeyCode value 103
09:49:09.507 [main] DEBUG com.jayway.jsonpath.internal.path.CompiledPath -- Evaluating path: $
09:49:09.507 [main] DEBUG com.intuit.karate.driver.DriverOptions -- >> {"id":64,"sessionId":"10F3B8FC195A95782EDFA19C4085692A","method":"Input.dispatchKeyEvent","params":{"modifiers":0,"type":"rawKeyDown","text":"g","windowsVirtualKeyCode":103}}
09:49:09.513 [nioEventLoopGroup-2-1] DEBUG com.intuit.karate.driver.DriverOptions -- << {"id":64,"result":{},"sessionId":"10F3B8FC195A95782EDFA19C4085692A"}
09:49:09.514 [nioEventLoopGroup-2-1] DEBUG com.jayway.jsonpath.internal.path.CompiledPath -- Evaluating path: $
09:49:09.514 [main] DEBUG com.jayway.jsonpath.internal.path.CompiledPath -- Evaluating path: $['modifiers']
09:49:09.514 [main] DEBUG com.jayway.jsonpath.internal.path.CompiledPath -- Evaluating path: $
09:49:09.514 [main] DEBUG com.jayway.jsonpath.internal.path.CompiledPath -- Evaluating path: $
09:49:09.514 [main] DEBUG com.jayway.jsonpath.internal.JsonContext -- Put path $ key modifiers value {}
09:49:09.514 [main] DEBUG com.jayway.jsonpath.internal.path.CompiledPath -- Evaluating path: $
09:49:09.514 [main] DEBUG com.jayway.jsonpath.internal.JsonContext -- Put path $ key modifiers value 0
09:49:09.514 [main] DEBUG com.jayway.jsonpath.internal.path.CompiledPath -- Evaluating path: $['type']
09:49:09.514 [main] DEBUG com.jayway.jsonpath.internal.path.CompiledPath -- Evaluating path: $
09:49:09.514 [main] DEBUG com.jayway.jsonpath.internal.path.CompiledPath -- Evaluating path: $
09:49:09.514 [main] DEBUG com.jayway.jsonpath.internal.JsonContext -- Put path $ key type value {}
09:49:09.514 [main] DEBUG com.jayway.jsonpath.internal.path.CompiledPath -- Evaluating path: $
09:49:09.514 [main] DEBUG com.jayway.jsonpath.internal.JsonContext -- Put path $ key type value char
09:49:09.514 [main] DEBUG com.jayway.jsonpath.internal.path.CompiledPath -- Evaluating path: $['text']
09:49:09.514 [main] DEBUG com.jayway.jsonpath.internal.path.CompiledPath -- Evaluating path: $
09:49:09.514 [main] DEBUG com.jayway.jsonpath.internal.path.CompiledPath -- Evaluating path: $
09:49:09.514 [main] DEBUG com.jayway.jsonpath.internal.JsonContext -- Put path $ key text value {}
09:49:09.514 [main] DEBUG com.jayway.jsonpath.internal.path.CompiledPath -- Evaluating path: $
09:49:09.514 [main] DEBUG com.jayway.jsonpath.internal.JsonContext -- Put path $ key text value g
09:49:09.514 [main] DEBUG com.jayway.jsonpath.internal.path.CompiledPath -- Evaluating path: $['windowsVirtualKeyCode']
09:49:09.514 [main] DEBUG com.jayway.jsonpath.internal.path.CompiledPath -- Evaluating path: $
09:49:09.514 [main] DEBUG com.jayway.jsonpath.internal.path.CompiledPath -- Evaluating path: $
09:49:09.514 [main] DEBUG com.jayway.jsonpath.internal.JsonContext -- Put path $ key windowsVirtualKeyCode value {}
09:49:09.514 [main] DEBUG com.jayway.jsonpath.internal.path.CompiledPath -- Evaluating path: $
09:49:09.514 [main] DEBUG com.jayway.jsonpath.internal.JsonContext -- Put path $ key windowsVirtualKeyCode value 103
09:49:09.514 [main] DEBUG com.jayway.jsonpath.internal.path.CompiledPath -- Evaluating path: $
09:49:09.514 [main] DEBUG com.intuit.karate.driver.DriverOptions -- >> {"id":65,"sessionId":"10F3B8FC195A95782EDFA19C4085692A","method":"Input.dispatchKeyEvent","params":{"modifiers":0,"type":"char","text":"g","windowsVirtualKeyCode":103}}
09:49:09.519 [nioEventLoopGroup-2-1] DEBUG com.intuit.karate.driver.DriverOptions -- << {"id":65,"result":{},"sessionId":"10F3B8FC195A95782EDFA19C4085692A"}
09:49:09.519 [nioEventLoopGroup-2-1] DEBUG com.jayway.jsonpath.internal.path.CompiledPath -- Evaluating path: $
09:49:09.519 [main] DEBUG com.jayway.jsonpath.internal.path.CompiledPath -- Evaluating path: $['modifiers']
09:49:09.519 [main] DEBUG com.jayway.jsonpath.internal.path.CompiledPath -- Evaluating path: $
09:49:09.519 [main] DEBUG com.jayway.jsonpath.internal.path.CompiledPath -- Evaluating path: $
09:49:09.519 [main] DEBUG com.jayway.jsonpath.internal.JsonContext -- Put path $ key modifiers value {}
09:49:09.519 [main] DEBUG com.jayway.jsonpath.internal.path.CompiledPath -- Evaluating path: $
09:49:09.519 [main] DEBUG com.jayway.jsonpath.internal.JsonContext -- Put path $ key modifiers value 0
09:49:09.519 [main] DEBUG com.jayway.jsonpath.internal.path.CompiledPath -- Evaluating path: $['type']
09:49:09.519 [main] DEBUG com.jayway.jsonpath.internal.path.CompiledPath -- Evaluating path: $
09:49:09.519 [main] DEBUG com.jayway.jsonpath.internal.path.CompiledPath -- Evaluating path: $
09:49:09.519 [main] DEBUG com.jayway.jsonpath.internal.JsonContext -- Put path $ key type value {}
09:49:09.519 [main] DEBUG com.jayway.jsonpath.internal.path.CompiledPath -- Evaluating path: $
09:49:09.519 [main] DEBUG com.jayway.jsonpath.internal.JsonContext -- Put path $ key type value keyUp
09:49:09.519 [main] DEBUG com.jayway.jsonpath.internal.path.CompiledPath -- Evaluating path: $['text']
09:49:09.519 [main] DEBUG com.jayway.jsonpath.internal.path.CompiledPath -- Evaluating path: $
09:49:09.519 [main] DEBUG com.jayway.jsonpath.internal.path.CompiledPath -- Evaluating path: $
09:49:09.519 [main] DEBUG com.jayway.jsonpath.internal.JsonContext -- Put path $ key text value {}
09:49:09.519 [main] DEBUG com.jayway.jsonpath.internal.path.CompiledPath -- Evaluating path: $
09:49:09.519 [main] DEBUG com.jayway.jsonpath.internal.JsonContext -- Put path $ key text value g
09:49:09.519 [main] DEBUG com.jayway.jsonpath.internal.path.CompiledPath -- Evaluating path: $['windowsVirtualKeyCode']
09:49:09.519 [main] DEBUG com.jayway.jsonpath.internal.path.CompiledPath -- Evaluating path: $
09:49:09.519 [main] DEBUG com.jayway.jsonpath.internal.path.CompiledPath -- Evaluating path: $
09:49:09.519 [main] DEBUG com.jayway.jsonpath.internal.JsonContext -- Put path $ key windowsVirtualKeyCode value {}
09:49:09.519 [main] DEBUG com.jayway.jsonpath.internal.path.CompiledPath -- Evaluating path: $
09:49:09.519 [main] DEBUG com.jayway.jsonpath.internal.JsonContext -- Put path $ key windowsVirtualKeyCode value 103
09:49:09.519 [main] DEBUG com.jayway.jsonpath.internal.path.CompiledPath -- Evaluating path: $
09:49:09.519 [main] DEBUG com.intuit.karate.driver.DriverOptions -- >> {"id":66,"sessionId":"10F3B8FC195A95782EDFA19C4085692A","method":"Input.dispatchKeyEvent","params":{"modifiers":0,"type":"keyUp","text":"g","windowsVirtualKeyCode":103}}
09:49:09.521 [nioEventLoopGroup-2-1] DEBUG com.intuit.karate.driver.DriverOptions -- << {"id":66,"result":{},"sessionId":"10F3B8FC195A95782EDFA19C4085692A"}
09:49:09.521 [nioEventLoopGroup-2-1] DEBUG com.jayway.jsonpath.internal.path.CompiledPath -- Evaluating path: $
09:49:09.527 [main] DEBUG com.jayway.jsonpath.internal.path.CompiledPath -- Evaluating path: $['targetId']
09:49:09.527 [main] DEBUG com.jayway.jsonpath.internal.path.CompiledPath -- Evaluating path: $
09:49:09.527 [main] DEBUG com.jayway.jsonpath.internal.path.CompiledPath -- Evaluating path: $
09:49:09.527 [main] DEBUG com.jayway.jsonpath.internal.JsonContext -- Put path $ key targetId value {}
09:49:09.527 [main] DEBUG com.jayway.jsonpath.internal.path.CompiledPath -- Evaluating path: $
09:49:09.527 [main] DEBUG com.jayway.jsonpath.internal.JsonContext -- Put path $ key targetId value 34AEB298D3BC54437D6A571F4AD4D6C3
09:49:09.527 [main] DEBUG com.jayway.jsonpath.internal.path.CompiledPath -- Evaluating path: $
09:49:09.527 [main] DEBUG com.intuit.karate.driver.DriverOptions -- >> {"id":67,"sessionId":"10F3B8FC195A95782EDFA19C4085692A","method":"Target.closeTarget","params":{"targetId":"34AEB298D3BC54437D6A571F4AD4D6C3"}}
09:49:09.536 [nioEventLoopGroup-2-1] DEBUG com.intuit.karate.driver.DriverOptions -- << {"id":67,"result":{"success":true},"sessionId":"10F3B8FC195A95782EDFA19C4085692A"}
09:49:09.536 [nioEventLoopGroup-2-1] DEBUG com.jayway.jsonpath.internal.path.CompiledPath -- Evaluating path: $
09:49:09.538 [nioEventLoopGroup-2-1] DEBUG com.intuit.karate.http.WebSocketClientHandler -- websocket closing
09:49:09.540 [nioEventLoopGroup-2-1] DEBUG com.intuit.karate.http.WebSocketClientHandler -- websocket client disconnected
09:49:09.544 [main] DEBUG com.intuit.karate.shell.Command -- closing command: chrome_1725596314988
09:49:09.551 [main] DEBUG com.intuit.karate.shell.Command -- found / verified free local port: 64013
09:49:09.552 [main] WARN com.intuit.karate.driver.DriverOptions -- preferred port 9222 not available, will use: 64013
09:49:09.554 [chrome_1725596349549] DEBUG com.intuit.karate.driver.chrome_1725596349549 -- command: [C:\Program Files\Google\Chrome\Application\chrome.exe, --remote-debugging-port=64013, --remote-allow-origins=*, --no-first-run, --user-data-dir=C:\Users\swats\Mani Eclipse New Workspace\Karate\target\chrome_1725596349549, --disable-popup-blocking], working dir: target\chrome_1725596349549
09:49:09.554 [main] DEBUG com.intuit.karate.driver.chrome_1725596349549 -- poll attempt #0 for port to be ready - localhost:64013
09:49:09.808 [main] DEBUG com.intuit.karate.driver.chrome_1725596349549 -- poll attempt #1 for port to be ready - localhost:64013
09:49:09.837 [chrome_1725596314988] WARN com.intuit.karate.shell.Command -- exit code was non-zero: 1 - [C:\Program Files\Google\Chrome\Application\chrome.exe, --remote-debugging-port=9222, --remote-allow-origins=*, --no-first-run, --user-data-dir=C:\Users\swats\Mani Eclipse New Workspace\Karate\target\chrome_1725596314988, --disable-popup-blocking] working dir: target\chrome_1725596314988
09:49:09.963 [chrome_1725596349549-out] DEBUG com.intuit.karate.driver.chrome_1725596349549 -- 
09:49:09.963 [chrome_1725596349549-out] DEBUG com.intuit.karate.driver.chrome_1725596349549 -- DevTools listening on ws://127.0.0.1:64013/devtools/browser/5674f5a4-517a-4e18-a76b-28c2c4964b47
09:49:10.159 [main] DEBUG com.intuit.karate.driver.chrome_1725596349549 -- poll attempt #2 for port to be ready - localhost:64013
09:49:10.205 [main] DEBUG org.apache.http.client.protocol.RequestAddCookies -- CookieSpec selected: karate
09:49:10.206 [main] DEBUG org.apache.http.client.protocol.RequestAuthCache -- Auth cache not set in the context
09:49:10.206 [main] DEBUG com.intuit.karate -- request:
1 > GET http://localhost:64013/json
1 > Host: localhost:64013
1 > Connection: Keep-Alive
1 > User-Agent: Apache-HttpClient/4.5.14 (Java/21.0.3)
1 > Accept-Encoding: gzip,deflate


09:49:10.206 [main] DEBUG org.apache.http.impl.conn.PoolingHttpClientConnectionManager -- Connection request: [route: {}->http://localhost:64013][total available: 0; route allocated: 0 of 5; total allocated: 0 of 10]
09:49:10.206 [main] DEBUG org.apache.http.impl.conn.PoolingHttpClientConnectionManager -- Connection leased: [id: 2][route: {}->http://localhost:64013][total available: 0; route allocated: 1 of 5; total allocated: 1 of 10]
09:49:10.206 [main] DEBUG org.apache.http.impl.execchain.MainClientExec -- Opening connection {}->http://localhost:64013
09:49:10.207 [main] DEBUG org.apache.http.impl.conn.DefaultHttpClientConnectionOperator -- Connecting to localhost/127.0.0.1:64013
09:49:10.208 [main] DEBUG org.apache.http.impl.conn.DefaultHttpClientConnectionOperator -- Connection established 127.0.0.1:64017<->127.0.0.1:64013
09:49:10.208 [main] DEBUG org.apache.http.impl.conn.DefaultManagedHttpClientConnection -- http-outgoing-2: set socket timeout to 30000
09:49:10.208 [main] DEBUG org.apache.http.impl.execchain.MainClientExec -- Executing request GET /json HTTP/1.1
09:49:10.208 [main] DEBUG org.apache.http.impl.execchain.MainClientExec -- Target auth state: UNCHALLENGED
09:49:10.208 [main] DEBUG org.apache.http.impl.execchain.MainClientExec -- Proxy auth state: UNCHALLENGED
09:49:10.208 [main] DEBUG org.apache.http.headers -- http-outgoing-2 >> GET /json HTTP/1.1
09:49:10.208 [main] DEBUG org.apache.http.headers -- http-outgoing-2 >> Host: localhost:64013
09:49:10.208 [main] DEBUG org.apache.http.headers -- http-outgoing-2 >> Connection: Keep-Alive
09:49:10.208 [main] DEBUG org.apache.http.headers -- http-outgoing-2 >> User-Agent: Apache-HttpClient/4.5.14 (Java/21.0.3)
09:49:10.208 [main] DEBUG org.apache.http.headers -- http-outgoing-2 >> Accept-Encoding: gzip,deflate
09:49:10.208 [main] DEBUG org.apache.http.wire -- http-outgoing-2 >> "GET /json HTTP/1.1[\r][\n]"
09:49:10.208 [main] DEBUG org.apache.http.wire -- http-outgoing-2 >> "Host: localhost:64013[\r][\n]"
09:49:10.208 [main] DEBUG org.apache.http.wire -- http-outgoing-2 >> "Connection: Keep-Alive[\r][\n]"
09:49:10.208 [main] DEBUG org.apache.http.wire -- http-outgoing-2 >> "User-Agent: Apache-HttpClient/4.5.14 (Java/21.0.3)[\r][\n]"
09:49:10.208 [main] DEBUG org.apache.http.wire -- http-outgoing-2 >> "Accept-Encoding: gzip,deflate[\r][\n]"
09:49:10.208 [main] DEBUG org.apache.http.wire -- http-outgoing-2 >> "[\r][\n]"
09:49:10.209 [main] DEBUG org.apache.http.wire -- http-outgoing-2 << "HTTP/1.1 200 OK[\r][\n]"
09:49:10.209 [main] DEBUG org.apache.http.wire -- http-outgoing-2 << "Content-Security-Policy:frame-ancestors 'none'[\r][\n]"
09:49:10.209 [main] DEBUG org.apache.http.wire -- http-outgoing-2 << "Content-Length:1273[\r][\n]"
09:49:10.209 [main] DEBUG org.apache.http.wire -- http-outgoing-2 << "Content-Type:application/json; charset=UTF-8[\r][\n]"
09:49:10.209 [main] DEBUG org.apache.http.wire -- http-outgoing-2 << "[\r][\n]"
09:49:10.209 [main] DEBUG org.apache.http.wire -- http-outgoing-2 << "[ {[\r][\n]"
09:49:10.209 [main] DEBUG org.apache.http.wire -- http-outgoing-2 << "   "description": "",[\r][\n]"
09:49:10.209 [main] DEBUG org.apache.http.wire -- http-outgoing-2 << "   "devtoolsFrontendUrl": "/devtools/inspector.html?ws=localhost:64013/devtools/page/165D932EE3E8E62526D8F3A63CC408E3",[\r][\n]"
09:49:10.209 [main] DEBUG org.apache.http.wire -- http-outgoing-2 << "   "id": "165D932EE3E8E62526D8F3A63CC408E3",[\r][\n]"
09:49:10.209 [main] DEBUG org.apache.http.wire -- http-outgoing-2 << "   "title": "Google Network Speech",[\r][\n]"
09:49:10.209 [main] DEBUG org.apache.http.wire -- http-outgoing-2 << "   "type": "background_page",[\r][\n]"
09:49:10.209 [main] DEBUG org.apache.http.wire -- http-outgoing-2 << "   "url": "chrome-extension://neajdppkdcdipfabeoofebfddakdcjhd/_generated_background_page.html",[\r][\n]"
09:49:10.209 [main] DEBUG org.apache.http.wire -- http-outgoing-2 << "   "webSocketDebuggerUrl": "ws://localhost:64013/devtools/page/165D932EE3E8E62526D8F3A63CC408E3"[\r][\n]"
09:49:10.209 [main] DEBUG org.apache.http.wire -- http-outgoing-2 << "}, {[\r][\n]"
09:49:10.209 [main] DEBUG org.apache.http.wire -- http-outgoing-2 << "   "description": "",[\r][\n]"
09:49:10.209 [main] DEBUG org.apache.http.wire -- http-outgoing-2 << "   "devtoolsFrontendUrl": "/devtools/inspector.html?ws=localhost:64013/devtools/page/284F27DAE73DD0BBA42A1F1EDE4BA3CC",[\r][\n]"
09:49:10.209 [main] DEBUG org.apache.http.wire -- http-outgoing-2 << "   "id": "284F27DAE73DD0BBA42A1F1EDE4BA3CC",[\r][\n]"
09:49:10.209 [main] DEBUG org.apache.http.wire -- http-outgoing-2 << "   "title": "Google Hangouts",[\r][\n]"
09:49:10.209 [main] DEBUG org.apache.http.wire -- http-outgoing-2 << "   "type": "background_page",[\r][\n]"
09:49:10.209 [main] DEBUG org.apache.http.wire -- http-outgoing-2 << "   "url": "chrome-extension://nkeimhogjdpnpccoofpliimaahmaaome/background.html",[\r][\n]"
09:49:10.209 [main] DEBUG org.apache.http.wire -- http-outgoing-2 << "   "webSocketDebuggerUrl": "ws://localhost:64013/devtools/page/284F27DAE73DD0BBA42A1F1EDE4BA3CC"[\r][\n]"
09:49:10.209 [main] DEBUG org.apache.http.wire -- http-outgoing-2 << "}, {[\r][\n]"
09:49:10.209 [main] DEBUG org.apache.http.wire -- http-outgoing-2 << "   "description": "",[\r][\n]"
09:49:10.209 [main] DEBUG org.apache.http.wire -- http-outgoing-2 << "   "devtoolsFrontendUrl": "/devtools/inspector.html?ws=localhost:64013/devtools/page/F98D1CBF9C819110E8517018E5128A4A",[\r][\n]"
09:49:10.209 [main] DEBUG org.apache.http.wire -- http-outgoing-2 << "   "id": "F98D1CBF9C819110E8517018E5128A4A",[\r][\n]"
09:49:10.209 [main] DEBUG org.apache.http.wire -- http-outgoing-2 << "   "title": "New Tab",[\r][\n]"
09:49:10.209 [main] DEBUG org.apache.http.wire -- http-outgoing-2 << "   "type": "page",[\r][\n]"
09:49:10.209 [main] DEBUG org.apache.http.wire -- http-outgoing-2 << "   "url": "chrome://newtab/",[\r][\n]"
09:49:10.209 [main] DEBUG org.apache.http.wire -- http-outgoing-2 << "   "webSocketDebuggerUrl": "ws://localhost:64013/devtools/page/F98D1CBF9C819110E8517018E5128A4A"[\r][\n]"
09:49:10.209 [main] DEBUG org.apache.http.wire -- http-outgoing-2 << "} ][\r][\n]"
09:49:10.209 [main] DEBUG org.apache.http.headers -- http-outgoing-2 << HTTP/1.1 200 OK
09:49:10.209 [main] DEBUG org.apache.http.headers -- http-outgoing-2 << Content-Security-Policy:frame-ancestors 'none'
09:49:10.209 [main] DEBUG org.apache.http.headers -- http-outgoing-2 << Content-Length:1273
09:49:10.209 [main] DEBUG org.apache.http.headers -- http-outgoing-2 << Content-Type:application/json; charset=UTF-8
09:49:10.209 [main] DEBUG org.apache.http.impl.execchain.MainClientExec -- Connection can be kept alive indefinitely
09:49:10.210 [main] DEBUG org.apache.http.impl.conn.PoolingHttpClientConnectionManager -- Connection [id: 2][route: {}->http://localhost:64013] can be kept alive indefinitely
09:49:10.210 [main] DEBUG org.apache.http.impl.conn.DefaultManagedHttpClientConnection -- http-outgoing-2: set socket timeout to 0
09:49:10.210 [main] DEBUG org.apache.http.impl.conn.PoolingHttpClientConnectionManager -- Connection released: [id: 2][route: {}->http://localhost:64013][total available: 1; route allocated: 1 of 5; total allocated: 1 of 10]
09:49:10.210 [main] DEBUG org.apache.http.impl.conn.PoolingHttpClientConnectionManager -- Connection manager is shutting down
09:49:10.210 [main] DEBUG org.apache.http.impl.conn.DefaultManagedHttpClientConnection -- http-outgoing-2: Close connection
09:49:10.210 [main] DEBUG org.apache.http.impl.conn.PoolingHttpClientConnectionManager -- Connection manager shut down
09:49:10.210 [main] DEBUG com.intuit.karate -- response time in milliseconds: 4
1 < 200
1 < Content-Security-Policy: frame-ancestors 'none'
1 < Content-Length: 1273
1 < Content-Type: application/json; charset=UTF-8
[ {
   "description": "",
   "devtoolsFrontendUrl": "/devtools/inspector.html?ws=localhost:64013/devtools/page/165D932EE3E8E62526D8F3A63CC408E3",
   "id": "165D932EE3E8E62526D8F3A63CC408E3",
   "title": "Google Network Speech",
   "type": "background_page",
   "url": "chrome-extension://neajdppkdcdipfabeoofebfddakdcjhd/_generated_background_page.html",
   "webSocketDebuggerUrl": "ws://localhost:64013/devtools/page/165D932EE3E8E62526D8F3A63CC408E3"
}, {
   "description": "",
   "devtoolsFrontendUrl": "/devtools/inspector.html?ws=localhost:64013/devtools/page/284F27DAE73DD0BBA42A1F1EDE4BA3CC",
   "id": "284F27DAE73DD0BBA42A1F1EDE4BA3CC",
   "title": "Google Hangouts",
   "type": "background_page",
   "url": "chrome-extension://nkeimhogjdpnpccoofpliimaahmaaome/background.html",
   "webSocketDebuggerUrl": "ws://localhost:64013/devtools/page/284F27DAE73DD0BBA42A1F1EDE4BA3CC"
}, {
   "description": "",
   "devtoolsFrontendUrl": "/devtools/inspector.html?ws=localhost:64013/devtools/page/F98D1CBF9C819110E8517018E5128A4A",
   "id": "F98D1CBF9C819110E8517018E5128A4A",
   "title": "New Tab",
   "type": "page",
   "url": "chrome://newtab/",
   "webSocketDebuggerUrl": "ws://localhost:64013/devtools/page/F98D1CBF9C819110E8517018E5128A4A"
} ]


09:49:10.212 [main] DEBUG com.jayway.jsonpath.internal.path.CompiledPath -- Evaluating path: $
09:49:10.213 [main] DEBUG com.intuit.karate.shell.Command -- ready to accept http connections after 28 ms - http://localhost:64013/json
09:49:10.216 [main] DEBUG org.apache.http.client.protocol.RequestAddCookies -- CookieSpec selected: karate
09:49:10.216 [main] DEBUG org.apache.http.client.protocol.RequestAuthCache -- Auth cache not set in the context
09:49:10.216 [main] DEBUG com.intuit.karate -- request:
1 > GET http://localhost:64013/json
1 > Host: localhost:64013
1 > Connection: Keep-Alive
1 > User-Agent: Apache-HttpClient/4.5.14 (Java/21.0.3)
1 > Accept-Encoding: gzip,deflate


09:49:10.216 [main] DEBUG org.apache.http.impl.conn.PoolingHttpClientConnectionManager -- Connection request: [route: {}->http://localhost:64013][total available: 0; route allocated: 0 of 5; total allocated: 0 of 10]
09:49:10.216 [main] DEBUG org.apache.http.impl.conn.PoolingHttpClientConnectionManager -- Connection leased: [id: 3][route: {}->http://localhost:64013][total available: 0; route allocated: 1 of 5; total allocated: 1 of 10]
09:49:10.216 [main] DEBUG org.apache.http.impl.execchain.MainClientExec -- Opening connection {}->http://localhost:64013
09:49:10.217 [main] DEBUG org.apache.http.impl.conn.DefaultHttpClientConnectionOperator -- Connecting to localhost/127.0.0.1:64013
09:49:10.218 [main] DEBUG org.apache.http.impl.conn.DefaultHttpClientConnectionOperator -- Connection established 127.0.0.1:64018<->127.0.0.1:64013
09:49:10.218 [main] DEBUG org.apache.http.impl.conn.DefaultManagedHttpClientConnection -- http-outgoing-3: set socket timeout to 30000
09:49:10.218 [main] DEBUG org.apache.http.impl.execchain.MainClientExec -- Executing request GET /json HTTP/1.1
09:49:10.218 [main] DEBUG org.apache.http.impl.execchain.MainClientExec -- Target auth state: UNCHALLENGED
09:49:10.218 [main] DEBUG org.apache.http.impl.execchain.MainClientExec -- Proxy auth state: UNCHALLENGED
09:49:10.218 [main] DEBUG org.apache.http.headers -- http-outgoing-3 >> GET /json HTTP/1.1
09:49:10.218 [main] DEBUG org.apache.http.headers -- http-outgoing-3 >> Host: localhost:64013
09:49:10.218 [main] DEBUG org.apache.http.headers -- http-outgoing-3 >> Connection: Keep-Alive
09:49:10.218 [main] DEBUG org.apache.http.headers -- http-outgoing-3 >> User-Agent: Apache-HttpClient/4.5.14 (Java/21.0.3)
09:49:10.218 [main] DEBUG org.apache.http.headers -- http-outgoing-3 >> Accept-Encoding: gzip,deflate
09:49:10.218 [main] DEBUG org.apache.http.wire -- http-outgoing-3 >> "GET /json HTTP/1.1[\r][\n]"
09:49:10.218 [main] DEBUG org.apache.http.wire -- http-outgoing-3 >> "Host: localhost:64013[\r][\n]"
09:49:10.218 [main] DEBUG org.apache.http.wire -- http-outgoing-3 >> "Connection: Keep-Alive[\r][\n]"
09:49:10.218 [main] DEBUG org.apache.http.wire -- http-outgoing-3 >> "User-Agent: Apache-HttpClient/4.5.14 (Java/21.0.3)[\r][\n]"
09:49:10.218 [main] DEBUG org.apache.http.wire -- http-outgoing-3 >> "Accept-Encoding: gzip,deflate[\r][\n]"
09:49:10.218 [main] DEBUG org.apache.http.wire -- http-outgoing-3 >> "[\r][\n]"
09:49:10.219 [main] DEBUG org.apache.http.wire -- http-outgoing-3 << "HTTP/1.1 200 OK[\r][\n]"
09:49:10.219 [main] DEBUG org.apache.http.wire -- http-outgoing-3 << "Content-Security-Policy:frame-ancestors 'none'[\r][\n]"
09:49:10.219 [main] DEBUG org.apache.http.wire -- http-outgoing-3 << "Content-Length:1273[\r][\n]"
09:49:10.219 [main] DEBUG org.apache.http.wire -- http-outgoing-3 << "Content-Type:application/json; charset=UTF-8[\r][\n]"
09:49:10.219 [main] DEBUG org.apache.http.wire -- http-outgoing-3 << "[\r][\n]"
09:49:10.219 [main] DEBUG org.apache.http.wire -- http-outgoing-3 << "[ {[\r][\n]"
09:49:10.219 [main] DEBUG org.apache.http.wire -- http-outgoing-3 << "   "description": "",[\r][\n]"
09:49:10.219 [main] DEBUG org.apache.http.wire -- http-outgoing-3 << "   "devtoolsFrontendUrl": "/devtools/inspector.html?ws=localhost:64013/devtools/page/165D932EE3E8E62526D8F3A63CC408E3",[\r][\n]"
09:49:10.219 [main] DEBUG org.apache.http.wire -- http-outgoing-3 << "   "id": "165D932EE3E8E62526D8F3A63CC408E3",[\r][\n]"
09:49:10.219 [main] DEBUG org.apache.http.wire -- http-outgoing-3 << "   "title": "Google Network Speech",[\r][\n]"
09:49:10.219 [main] DEBUG org.apache.http.wire -- http-outgoing-3 << "   "type": "background_page",[\r][\n]"
09:49:10.219 [main] DEBUG org.apache.http.wire -- http-outgoing-3 << "   "url": "chrome-extension://neajdppkdcdipfabeoofebfddakdcjhd/_generated_background_page.html",[\r][\n]"
09:49:10.219 [main] DEBUG org.apache.http.wire -- http-outgoing-3 << "   "webSocketDebuggerUrl": "ws://localhost:64013/devtools/page/165D932EE3E8E62526D8F3A63CC408E3"[\r][\n]"
09:49:10.219 [main] DEBUG org.apache.http.wire -- http-outgoing-3 << "}, {[\r][\n]"
09:49:10.219 [main] DEBUG org.apache.http.wire -- http-outgoing-3 << "   "description": "",[\r][\n]"
09:49:10.219 [main] DEBUG org.apache.http.wire -- http-outgoing-3 << "   "devtoolsFrontendUrl": "/devtools/inspector.html?ws=localhost:64013/devtools/page/284F27DAE73DD0BBA42A1F1EDE4BA3CC",[\r][\n]"
09:49:10.219 [main] DEBUG org.apache.http.wire -- http-outgoing-3 << "   "id": "284F27DAE73DD0BBA42A1F1EDE4BA3CC",[\r][\n]"
09:49:10.219 [main] DEBUG org.apache.http.wire -- http-outgoing-3 << "   "title": "Google Hangouts",[\r][\n]"
09:49:10.219 [main] DEBUG org.apache.http.wire -- http-outgoing-3 << "   "type": "background_page",[\r][\n]"
09:49:10.219 [main] DEBUG org.apache.http.wire -- http-outgoing-3 << "   "url": "chrome-extension://nkeimhogjdpnpccoofpliimaahmaaome/background.html",[\r][\n]"
09:49:10.219 [main] DEBUG org.apache.http.wire -- http-outgoing-3 << "   "webSocketDebuggerUrl": "ws://localhost:64013/devtools/page/284F27DAE73DD0BBA42A1F1EDE4BA3CC"[\r][\n]"
09:49:10.219 [main] DEBUG org.apache.http.wire -- http-outgoing-3 << "}, {[\r][\n]"
09:49:10.219 [main] DEBUG org.apache.http.wire -- http-outgoing-3 << "   "description": "",[\r][\n]"
09:49:10.219 [main] DEBUG org.apache.http.wire -- http-outgoing-3 << "   "devtoolsFrontendUrl": "/devtools/inspector.html?ws=localhost:64013/devtools/page/F98D1CBF9C819110E8517018E5128A4A",[\r][\n]"
09:49:10.219 [main] DEBUG org.apache.http.wire -- http-outgoing-3 << "   "id": "F98D1CBF9C819110E8517018E5128A4A",[\r][\n]"
09:49:10.219 [main] DEBUG org.apache.http.wire -- http-outgoing-3 << "   "title": "New Tab",[\r][\n]"
09:49:10.219 [main] DEBUG org.apache.http.wire -- http-outgoing-3 << "   "type": "page",[\r][\n]"
09:49:10.219 [main] DEBUG org.apache.http.wire -- http-outgoing-3 << "   "url": "chrome://newtab/",[\r][\n]"
09:49:10.219 [main] DEBUG org.apache.http.wire -- http-outgoing-3 << "   "webSocketDebuggerUrl": "ws://localhost:64013/devtools/page/F98D1CBF9C819110E8517018E5128A4A"[\r][\n]"
09:49:10.219 [main] DEBUG org.apache.http.wire -- http-outgoing-3 << "} ][\r][\n]"
09:49:10.219 [main] DEBUG org.apache.http.headers -- http-outgoing-3 << HTTP/1.1 200 OK
09:49:10.219 [main] DEBUG org.apache.http.headers -- http-outgoing-3 << Content-Security-Policy:frame-ancestors 'none'
09:49:10.219 [main] DEBUG org.apache.http.headers -- http-outgoing-3 << Content-Length:1273
09:49:10.219 [main] DEBUG org.apache.http.headers -- http-outgoing-3 << Content-Type:application/json; charset=UTF-8
09:49:10.219 [main] DEBUG org.apache.http.impl.execchain.MainClientExec -- Connection can be kept alive indefinitely
09:49:10.219 [main] DEBUG org.apache.http.impl.conn.PoolingHttpClientConnectionManager -- Connection [id: 3][route: {}->http://localhost:64013] can be kept alive indefinitely
09:49:10.219 [main] DEBUG org.apache.http.impl.conn.DefaultManagedHttpClientConnection -- http-outgoing-3: set socket timeout to 0
09:49:10.219 [main] DEBUG org.apache.http.impl.conn.PoolingHttpClientConnectionManager -- Connection released: [id: 3][route: {}->http://localhost:64013][total available: 1; route allocated: 1 of 5; total allocated: 1 of 10]
09:49:10.219 [main] DEBUG org.apache.http.impl.conn.PoolingHttpClientConnectionManager -- Connection manager is shutting down
09:49:10.219 [main] DEBUG org.apache.http.impl.conn.DefaultManagedHttpClientConnection -- http-outgoing-3: Close connection
09:49:10.219 [main] DEBUG org.apache.http.impl.conn.PoolingHttpClientConnectionManager -- Connection manager shut down
09:49:10.220 [main] DEBUG com.intuit.karate -- response time in milliseconds: 3
1 < 200
1 < Content-Security-Policy: frame-ancestors 'none'
1 < Content-Length: 1273
1 < Content-Type: application/json; charset=UTF-8
[ {
   "description": "",
   "devtoolsFrontendUrl": "/devtools/inspector.html?ws=localhost:64013/devtools/page/165D932EE3E8E62526D8F3A63CC408E3",
   "id": "165D932EE3E8E62526D8F3A63CC408E3",
   "title": "Google Network Speech",
   "type": "background_page",
   "url": "chrome-extension://neajdppkdcdipfabeoofebfddakdcjhd/_generated_background_page.html",
   "webSocketDebuggerUrl": "ws://localhost:64013/devtools/page/165D932EE3E8E62526D8F3A63CC408E3"
}, {
   "description": "",
   "devtoolsFrontendUrl": "/devtools/inspector.html?ws=localhost:64013/devtools/page/284F27DAE73DD0BBA42A1F1EDE4BA3CC",
   "id": "284F27DAE73DD0BBA42A1F1EDE4BA3CC",
   "title": "Google Hangouts",
   "type": "background_page",
   "url": "chrome-extension://nkeimhogjdpnpccoofpliimaahmaaome/background.html",
   "webSocketDebuggerUrl": "ws://localhost:64013/devtools/page/284F27DAE73DD0BBA42A1F1EDE4BA3CC"
}, {
   "description": "",
   "devtoolsFrontendUrl": "/devtools/inspector.html?ws=localhost:64013/devtools/page/F98D1CBF9C819110E8517018E5128A4A",
   "id": "F98D1CBF9C819110E8517018E5128A4A",
   "title": "New Tab",
   "type": "page",
   "url": "chrome://newtab/",
   "webSocketDebuggerUrl": "ws://localhost:64013/devtools/page/F98D1CBF9C819110E8517018E5128A4A"
} ]


09:49:10.221 [main] DEBUG com.jayway.jsonpath.internal.path.CompiledPath -- Evaluating path: $
09:49:10.221 [main] DEBUG com.jayway.jsonpath.internal.path.CompiledPath -- Evaluating path: $
09:49:10.221 [main] DEBUG com.intuit.karate.driver.DriverOptions -- root frame id: F98D1CBF9C819110E8517018E5128A4A
09:49:10.321 [nioEventLoopGroup-3-1] DEBUG io.netty.handler.codec.http.websocketx.WebSocketClientHandshaker13 -- WebSocket version 13 client handshake key: lMMCNQTG0jZ89eAqf1AKkw==, expected response: 1GgyWDG5F+Cs7Yj5APi+AflFFUk=
09:49:10.328 [nioEventLoopGroup-3-1] DEBUG com.intuit.karate.http.WebSocketClientHandler -- websocket client connected
09:49:10.328 [main] DEBUG com.jayway.jsonpath.internal.path.CompiledPath -- Evaluating path: $['targetId']
09:49:10.328 [main] DEBUG com.jayway.jsonpath.internal.path.CompiledPath -- Evaluating path: $
09:49:10.328 [main] DEBUG com.jayway.jsonpath.internal.path.CompiledPath -- Evaluating path: $
09:49:10.328 [main] DEBUG com.jayway.jsonpath.internal.JsonContext -- Put path $ key targetId value {}
09:49:10.328 [main] DEBUG com.jayway.jsonpath.internal.path.CompiledPath -- Evaluating path: $
09:49:10.328 [main] DEBUG com.jayway.jsonpath.internal.JsonContext -- Put path $ key targetId value F98D1CBF9C819110E8517018E5128A4A
09:49:10.329 [main] DEBUG com.jayway.jsonpath.internal.path.CompiledPath -- Evaluating path: $['flatten']
09:49:10.329 [main] DEBUG com.jayway.jsonpath.internal.path.CompiledPath -- Evaluating path: $
09:49:10.329 [main] DEBUG com.jayway.jsonpath.internal.path.CompiledPath -- Evaluating path: $
09:49:10.329 [main] DEBUG com.jayway.jsonpath.internal.JsonContext -- Put path $ key flatten value {}
09:49:10.329 [main] DEBUG com.jayway.jsonpath.internal.path.CompiledPath -- Evaluating path: $
09:49:10.329 [main] DEBUG com.jayway.jsonpath.internal.JsonContext -- Put path $ key flatten value true
09:49:10.329 [main] DEBUG com.jayway.jsonpath.internal.path.CompiledPath -- Evaluating path: $
09:49:10.329 [main] DEBUG com.intuit.karate.driver.DriverOptions -- >> {"id":1,"method":"Target.attachToTarget","params":{"targetId":"F98D1CBF9C819110E8517018E5128A4A","flatten":true}}
09:49:10.335 [nioEventLoopGroup-3-1] DEBUG com.intuit.karate.driver.DriverOptions -- << {"method":"Target.attachedToTarget","params":{"sessionId":"B5AFF3D1548B41881E3261722BDA38AD","targetInfo":{"targetId":"F98D1CBF9C819110E8517018E5128A4A","type":"page","title":"New Tab","url":"chrome://newtab/","attached":true,"canAccessOpener":false,"browserContextId":"47A81B5982F22509BD9E20DFCDAC234E"},"waitingForDebugger":false}}
09:49:10.335 [nioEventLoopGroup-3-1] DEBUG com.jayway.jsonpath.internal.path.CompiledPath -- Evaluating path: $
09:49:10.335 [nioEventLoopGroup-3-1] DEBUG com.jayway.jsonpath.internal.path.CompiledPath -- Evaluating path: $['targetInfo']['type']
09:49:10.336 [nioEventLoopGroup-3-1] DEBUG com.intuit.karate.driver.DriverOptions -- << {"id":1,"result":{"sessionId":"B5AFF3D1548B41881E3261722BDA38AD"}}
09:49:10.336 [nioEventLoopGroup-3-1] DEBUG com.jayway.jsonpath.internal.path.CompiledPath -- Evaluating path: $
09:49:10.336 [main] DEBUG com.jayway.jsonpath.internal.path.CompiledPath -- Evaluating path: $['sessionId']
09:49:10.336 [main] DEBUG com.jayway.jsonpath.internal.path.CompiledPath -- Evaluating path: $['targetId']
09:49:10.336 [main] DEBUG com.jayway.jsonpath.internal.path.CompiledPath -- Evaluating path: $
09:49:10.336 [main] DEBUG com.jayway.jsonpath.internal.path.CompiledPath -- Evaluating path: $
09:49:10.336 [main] DEBUG com.jayway.jsonpath.internal.JsonContext -- Put path $ key targetId value {}
09:49:10.336 [main] DEBUG com.jayway.jsonpath.internal.path.CompiledPath -- Evaluating path: $
09:49:10.336 [main] DEBUG com.jayway.jsonpath.internal.JsonContext -- Put path $ key targetId value F98D1CBF9C819110E8517018E5128A4A
09:49:10.336 [main] DEBUG com.jayway.jsonpath.internal.path.CompiledPath -- Evaluating path: $
09:49:10.336 [main] DEBUG com.intuit.karate.driver.DriverOptions -- >> {"id":2,"sessionId":"B5AFF3D1548B41881E3261722BDA38AD","method":"Target.activateTarget","params":{"targetId":"F98D1CBF9C819110E8517018E5128A4A"}}
09:49:10.338 [nioEventLoopGroup-3-1] DEBUG com.intuit.karate.driver.DriverOptions -- << {"id":2,"result":{},"sessionId":"B5AFF3D1548B41881E3261722BDA38AD"}
09:49:10.338 [nioEventLoopGroup-3-1] DEBUG com.jayway.jsonpath.internal.path.CompiledPath -- Evaluating path: $
09:49:10.338 [main] DEBUG com.jayway.jsonpath.internal.path.CompiledPath -- Evaluating path: $['discover']
09:49:10.339 [main] DEBUG com.jayway.jsonpath.internal.path.CompiledPath -- Evaluating path: $
09:49:10.339 [main] DEBUG com.jayway.jsonpath.internal.path.CompiledPath -- Evaluating path: $
09:49:10.339 [main] DEBUG com.jayway.jsonpath.internal.JsonContext -- Put path $ key discover value {}
09:49:10.339 [main] DEBUG com.jayway.jsonpath.internal.path.CompiledPath -- Evaluating path: $
09:49:10.339 [main] DEBUG com.jayway.jsonpath.internal.JsonContext -- Put path $ key discover value true
09:49:10.339 [main] DEBUG com.jayway.jsonpath.internal.path.CompiledPath -- Evaluating path: $
09:49:10.339 [main] DEBUG com.intuit.karate.driver.DriverOptions -- >> {"id":3,"sessionId":"B5AFF3D1548B41881E3261722BDA38AD","method":"Target.setDiscoverTargets","params":{"discover":true}}
09:49:10.341 [nioEventLoopGroup-3-1] DEBUG com.intuit.karate.driver.DriverOptions -- << {"method":"Target.targetCreated","params":{"targetInfo":{"targetId":"165D932EE3E8E62526D8F3A63CC408E3","type":"background_page","title":"Google Network Speech","url":"chrome-extension://neajdppkdcdipfabeoofebfddakdcjhd/_generated_background_page.html","attached":false,"canAccessOpener":false,"browserContextId":"47A81B5982F22509BD9E20DFCDAC234E"}},"sessionId":"B5AFF3D1548B41881E3261722BDA38AD"}
09:49:10.341 [nioEventLoopGroup-3-1] DEBUG com.jayway.jsonpath.internal.path.CompiledPath -- Evaluating path: $
09:49:10.341 [nioEventLoopGroup-3-1] DEBUG com.intuit.karate.driver.DriverOptions -- << {"method":"Target.targetCreated","params":{"targetInfo":{"targetId":"284F27DAE73DD0BBA42A1F1EDE4BA3CC","type":"background_page","title":"Google Hangouts","url":"chrome-extension://nkeimhogjdpnpccoofpliimaahmaaome/background.html","attached":false,"canAccessOpener":false,"browserContextId":"47A81B5982F22509BD9E20DFCDAC234E"}},"sessionId":"B5AFF3D1548B41881E3261722BDA38AD"}
09:49:10.342 [nioEventLoopGroup-3-1] DEBUG com.jayway.jsonpath.internal.path.CompiledPath -- Evaluating path: $
09:49:10.342 [nioEventLoopGroup-3-1] DEBUG com.intuit.karate.driver.DriverOptions -- << {"method":"Target.targetCreated","params":{"targetInfo":{"targetId":"F98D1CBF9C819110E8517018E5128A4A","type":"page","title":"New Tab","url":"chrome://newtab/","attached":true,"canAccessOpener":false,"browserContextId":"47A81B5982F22509BD9E20DFCDAC234E"}},"sessionId":"B5AFF3D1548B41881E3261722BDA38AD"}
09:49:10.342 [nioEventLoopGroup-3-1] DEBUG com.jayway.jsonpath.internal.path.CompiledPath -- Evaluating path: $
09:49:10.342 [nioEventLoopGroup-3-1] DEBUG com.intuit.karate.driver.DriverOptions -- << {"id":3,"result":{},"sessionId":"B5AFF3D1548B41881E3261722BDA38AD"}
09:49:10.342 [nioEventLoopGroup-3-1] DEBUG com.jayway.jsonpath.internal.path.CompiledPath -- Evaluating path: $
09:49:10.342 [main] DEBUG com.intuit.karate.driver.DriverOptions -- >> {"id":4,"sessionId":"B5AFF3D1548B41881E3261722BDA38AD","method":"Page.enable"}
09:49:10.670 [nioEventLoopGroup-3-1] DEBUG com.intuit.karate.driver.DriverOptions -- << {"method":"Target.targetInfoChanged","params":{"targetInfo":{"targetId":"F98D1CBF9C819110E8517018E5128A4A","type":"page","title":"New Tab","url":"chrome://newtab/","attached":true,"canAccessOpener":false,"browserContextId":"47A81B5982F22509BD9E20DFCDAC234E"}},"sessionId":"B5AFF3D1548B41881E3261722BDA38AD"}
09:49:10.671 [nioEventLoopGroup-3-1] DEBUG com.jayway.jsonpath.internal.path.CompiledPath -- Evaluating path: $
09:49:10.671 [nioEventLoopGroup-3-1] DEBUG com.jayway.jsonpath.internal.path.CompiledPath -- Evaluating path: $['targetInfo']['targetId']
09:49:10.675 [nioEventLoopGroup-3-1] DEBUG com.intuit.karate.driver.DriverOptions -- << {"id":4,"result":{},"sessionId":"B5AFF3D1548B41881E3261722BDA38AD"}
09:49:10.675 [nioEventLoopGroup-3-1] DEBUG com.jayway.jsonpath.internal.path.CompiledPath -- Evaluating path: $
09:49:10.675 [main] DEBUG com.intuit.karate.driver.DriverOptions -- >> {"id":5,"sessionId":"B5AFF3D1548B41881E3261722BDA38AD","method":"Runtime.enable"}
09:49:10.682 [nioEventLoopGroup-3-1] DEBUG com.intuit.karate.driver.DriverOptions -- << {"method":"Page.frameAttached","params":{"frameId":"6E92FB244D18E6FA84AC298B6CC6B7F1","parentFrameId":"F98D1CBF9C819110E8517018E5128A4A"},"sessionId":"B5AFF3D1548B41881E3261722BDA38AD"}
09:49:10.682 [nioEventLoopGroup-3-1] DEBUG com.jayway.jsonpath.internal.path.CompiledPath -- Evaluating path: $
09:49:10.683 [nioEventLoopGroup-3-1] DEBUG com.intuit.karate.driver.DriverOptions -- << {"method":"Page.frameNavigated","params":{"frame":{"id":"6E92FB244D18E6FA84AC298B6CC6B7F1","parentId":"F98D1CBF9C819110E8517018E5128A4A","loaderId":"BE98A9FF9B9C537BD299354F30F057BC","name":"backgroundImage","url":"about:blank","domainAndRegistry":"","securityOrigin":"://","mimeType":"text/html","adFrameStatus":{"adFrameType":"none","explanations":[]},"secureContextType":"Secure","crossOriginIsolatedContextType":"NotIsolated","gatedAPIFeatures":[]},"type":"Navigation"},"sessionId":"B5AFF3D1548B41881E3261722BDA38AD"}
09:49:10.683 [nioEventLoopGroup-3-1] DEBUG com.jayway.jsonpath.internal.path.CompiledPath -- Evaluating path: $
09:49:10.683 [nioEventLoopGroup-3-1] DEBUG com.jayway.jsonpath.internal.path.CompiledPath -- Evaluating path: $['frame']['id']
09:49:10.683 [nioEventLoopGroup-3-1] DEBUG com.jayway.jsonpath.internal.path.CompiledPath -- Evaluating path: $['frame']['url']
09:49:10.683 [nioEventLoopGroup-3-1] DEBUG com.jayway.jsonpath.internal.path.CompiledPath -- Evaluating path: $['frame']['name']
09:49:10.683 [nioEventLoopGroup-3-1] DEBUG com.intuit.karate.driver.DriverOptions -- << {"method":"Page.frameStartedLoading","params":{"frameId":"6E92FB244D18E6FA84AC298B6CC6B7F1"},"sessionId":"B5AFF3D1548B41881E3261722BDA38AD"}
09:49:10.683 [nioEventLoopGroup-3-1] DEBUG com.jayway.jsonpath.internal.path.CompiledPath -- Evaluating path: $
09:49:10.683 [nioEventLoopGroup-3-1] DEBUG com.jayway.jsonpath.internal.path.CompiledPath -- Evaluating path: $['frameId']
09:49:10.687 [nioEventLoopGroup-3-1] DEBUG com.intuit.karate.driver.DriverOptions -- << {"method":"Page.frameStoppedLoading","params":{"frameId":"6E92FB244D18E6FA84AC298B6CC6B7F1"},"sessionId":"B5AFF3D1548B41881E3261722BDA38AD"}
09:49:10.687 [nioEventLoopGroup-3-1] DEBUG com.jayway.jsonpath.internal.path.CompiledPath -- Evaluating path: $
09:49:10.687 [nioEventLoopGroup-3-1] DEBUG com.jayway.jsonpath.internal.path.CompiledPath -- Evaluating path: $['frameId']
09:49:10.724 [nioEventLoopGroup-3-1] DEBUG com.intuit.karate.driver.DriverOptions -- << {"method":"Target.targetInfoChanged","params":{"targetInfo":{"targetId":"284F27DAE73DD0BBA42A1F1EDE4BA3CC","type":"background_page","title":"Google Hangouts","url":"chrome-extension://nkeimhogjdpnpccoofpliimaahmaaome/background.html","attached":false,"canAccessOpener":false,"browserContextId":"47A81B5982F22509BD9E20DFCDAC234E"}},"sessionId":"B5AFF3D1548B41881E3261722BDA38AD"}
09:49:10.725 [nioEventLoopGroup-3-1] DEBUG com.jayway.jsonpath.internal.path.CompiledPath -- Evaluating path: $
09:49:10.725 [nioEventLoopGroup-3-1] DEBUG com.jayway.jsonpath.internal.path.CompiledPath -- Evaluating path: $['targetInfo']['targetId']
09:49:10.750 [nioEventLoopGroup-3-1] DEBUG com.intuit.karate.driver.DriverOptions -- << {"method":"Runtime.executionContextCreated","params":{"context":{"id":2,"origin":"chrome://new-tab-page","name":"","uniqueId":"-8685213939397400707.9033059218348077579","auxData":{"isDefault":true,"type":"default","frameId":"6E92FB244D18E6FA84AC298B6CC6B7F1"}}},"sessionId":"B5AFF3D1548B41881E3261722BDA38AD"}
09:49:10.751 [nioEventLoopGroup-3-1] DEBUG com.jayway.jsonpath.internal.path.CompiledPath -- Evaluating path: $
09:49:10.751 [nioEventLoopGroup-3-1] DEBUG com.jayway.jsonpath.internal.path.CompiledPath -- Evaluating path: $['context']['auxData']['frameId']
09:49:10.751 [nioEventLoopGroup-3-1] DEBUG com.jayway.jsonpath.internal.path.CompiledPath -- Evaluating path: $['context']['id']
09:49:10.751 [nioEventLoopGroup-3-1] DEBUG com.intuit.karate.driver.DriverOptions -- << {"method":"Runtime.executionContextCreated","params":{"context":{"id":1,"origin":"chrome://new-tab-page","name":"","uniqueId":"7786406910394352194.298860761661820561","auxData":{"isDefault":true,"type":"default","frameId":"F98D1CBF9C819110E8517018E5128A4A"}}},"sessionId":"B5AFF3D1548B41881E3261722BDA38AD"}
09:49:10.751 [nioEventLoopGroup-3-1] DEBUG com.jayway.jsonpath.internal.path.CompiledPath -- Evaluating path: $
09:49:10.751 [nioEventLoopGroup-3-1] DEBUG com.jayway.jsonpath.internal.path.CompiledPath -- Evaluating path: $['context']['auxData']['frameId']
09:49:10.751 [nioEventLoopGroup-3-1] DEBUG com.jayway.jsonpath.internal.path.CompiledPath -- Evaluating path: $['context']['id']
09:49:10.751 [nioEventLoopGroup-3-1] DEBUG com.intuit.karate.driver.DriverOptions -- << {"id":5,"result":{},"sessionId":"B5AFF3D1548B41881E3261722BDA38AD"}
09:49:10.751 [nioEventLoopGroup-3-1] DEBUG com.jayway.jsonpath.internal.path.CompiledPath -- Evaluating path: $
09:49:10.758 [main] DEBUG com.jayway.jsonpath.internal.path.CompiledPath -- Evaluating path: $['targetId']
09:49:10.758 [main] DEBUG com.jayway.jsonpath.internal.path.CompiledPath -- Evaluating path: $
09:49:10.758 [main] DEBUG com.jayway.jsonpath.internal.path.CompiledPath -- Evaluating path: $
09:49:10.758 [main] DEBUG com.jayway.jsonpath.internal.JsonContext -- Put path $ key targetId value {}
09:49:10.758 [main] DEBUG com.jayway.jsonpath.internal.path.CompiledPath -- Evaluating path: $
09:49:10.758 [main] DEBUG com.jayway.jsonpath.internal.JsonContext -- Put path $ key targetId value F98D1CBF9C819110E8517018E5128A4A
09:49:10.758 [main] DEBUG com.jayway.jsonpath.internal.path.CompiledPath -- Evaluating path: $
09:49:10.758 [main] DEBUG com.intuit.karate.driver.DriverOptions -- >> {"id":6,"sessionId":"B5AFF3D1548B41881E3261722BDA38AD","method":"Browser.getWindowForTarget","params":{"targetId":"F98D1CBF9C819110E8517018E5128A4A"}}
09:49:10.760 [nioEventLoopGroup-3-1] DEBUG com.intuit.karate.driver.DriverOptions -- << {"id":6,"result":{"windowId":1862742918,"bounds":{"left":9,"top":9,"width":1051,"height":798,"windowState":"normal"}},"sessionId":"B5AFF3D1548B41881E3261722BDA38AD"}
09:49:10.760 [nioEventLoopGroup-3-1] DEBUG com.jayway.jsonpath.internal.path.CompiledPath -- Evaluating path: $
09:49:10.793 [main] DEBUG com.jayway.jsonpath.internal.path.CompiledPath -- Evaluating path: $['url']
09:49:10.793 [main] DEBUG com.jayway.jsonpath.internal.path.CompiledPath -- Evaluating path: $
09:49:10.793 [main] DEBUG com.jayway.jsonpath.internal.path.CompiledPath -- Evaluating path: $
09:49:10.793 [main] DEBUG com.jayway.jsonpath.internal.JsonContext -- Put path $ key url value {}
09:49:10.793 [main] DEBUG com.jayway.jsonpath.internal.path.CompiledPath -- Evaluating path: $
09:49:10.793 [main] DEBUG com.jayway.jsonpath.internal.JsonContext -- Put path $ key url value https://google.com
09:49:10.793 [main] DEBUG com.jayway.jsonpath.internal.path.CompiledPath -- Evaluating path: $
09:49:10.794 [main] DEBUG com.intuit.karate.driver.DriverOptions -- >> {"id":7,"sessionId":"B5AFF3D1548B41881E3261722BDA38AD","method":"Page.navigate","params":{"url":"https:\/\/google.com"}}
09:49:10.802 [nioEventLoopGroup-3-1] DEBUG com.intuit.karate.driver.DriverOptions -- << {"method":"Page.frameStartedLoading","params":{"frameId":"F98D1CBF9C819110E8517018E5128A4A"},"sessionId":"B5AFF3D1548B41881E3261722BDA38AD"}
09:49:10.803 [nioEventLoopGroup-3-1] DEBUG com.jayway.jsonpath.internal.path.CompiledPath -- Evaluating path: $
09:49:10.803 [nioEventLoopGroup-3-1] DEBUG com.jayway.jsonpath.internal.path.CompiledPath -- Evaluating path: $['frameId']
09:49:10.853 [nioEventLoopGroup-3-1] DEBUG com.intuit.karate.driver.DriverOptions -- << {"method":"Target.targetInfoChanged","params":{"targetInfo":{"targetId":"165D932EE3E8E62526D8F3A63CC408E3","type":"background_page","title":"Google Network Speech","url":"chrome-extension://neajdppkdcdipfabeoofebfddakdcjhd/_generated_background_page.html","attached":false,"canAccessOpener":false,"browserContextId":"47A81B5982F22509BD9E20DFCDAC234E"}},"sessionId":"B5AFF3D1548B41881E3261722BDA38AD"}
09:49:10.853 [nioEventLoopGroup-3-1] DEBUG com.jayway.jsonpath.internal.path.CompiledPath -- Evaluating path: $
09:49:10.853 [nioEventLoopGroup-3-1] DEBUG com.jayway.jsonpath.internal.path.CompiledPath -- Evaluating path: $['targetInfo']['targetId']
09:49:10.939 [nioEventLoopGroup-3-1] DEBUG com.intuit.karate.driver.DriverOptions -- << {"method":"Page.domContentEventFired","params":{"timestamp":913028.093022},"sessionId":"B5AFF3D1548B41881E3261722BDA38AD"}
09:49:10.939 [nioEventLoopGroup-3-1] DEBUG com.jayway.jsonpath.internal.path.CompiledPath -- Evaluating path: $
09:49:10.942 [main] DEBUG com.jayway.jsonpath.internal.path.CompiledPath -- Evaluating path: $['expression']
09:49:10.942 [main] DEBUG com.jayway.jsonpath.internal.path.CompiledPath -- Evaluating path: $
09:49:10.942 [main] DEBUG com.jayway.jsonpath.internal.path.CompiledPath -- Evaluating path: $
09:49:10.942 [main] DEBUG com.jayway.jsonpath.internal.JsonContext -- Put path $ key expression value {}
09:49:10.942 [main] DEBUG com.jayway.jsonpath.internal.path.CompiledPath -- Evaluating path: $
09:49:10.942 [main] DEBUG com.jayway.jsonpath.internal.JsonContext -- Put path $ key expression value var e = document.querySelector("textarea[name=q]"); e.focus(); try { e.selectionStart = e.selectionEnd = e.value.length } catch(x) {}
09:49:10.942 [main] DEBUG com.jayway.jsonpath.internal.path.CompiledPath -- Evaluating path: $['returnByValue']
09:49:10.942 [main] DEBUG com.jayway.jsonpath.internal.path.CompiledPath -- Evaluating path: $
09:49:10.942 [main] DEBUG com.jayway.jsonpath.internal.path.CompiledPath -- Evaluating path: $
09:49:10.942 [main] DEBUG com.jayway.jsonpath.internal.JsonContext -- Put path $ key returnByValue value {}
09:49:10.942 [main] DEBUG com.jayway.jsonpath.internal.path.CompiledPath -- Evaluating path: $
09:49:10.942 [main] DEBUG com.jayway.jsonpath.internal.JsonContext -- Put path $ key returnByValue value true
09:49:10.943 [main] DEBUG com.jayway.jsonpath.internal.path.CompiledPath -- Evaluating path: $
09:49:10.943 [main] DEBUG com.intuit.karate.driver.DriverOptions -- >> {"id":8,"sessionId":"B5AFF3D1548B41881E3261722BDA38AD","method":"Runtime.evaluate","params":{"expression":"var e = document.querySelector(\"textarea[name=q]\"); e.focus(); try { e.selectionStart = e.selectionEnd = e.value.length } catch(x) {}","returnByValue":true}}
09:49:10.953 [nioEventLoopGroup-3-1] DEBUG com.intuit.karate.driver.DriverOptions -- << {"method":"Page.loadEventFired","params":{"timestamp":913028.112445},"sessionId":"B5AFF3D1548B41881E3261722BDA38AD"}
09:49:10.953 [nioEventLoopGroup-3-1] DEBUG com.jayway.jsonpath.internal.path.CompiledPath -- Evaluating path: $
09:49:10.953 [nioEventLoopGroup-3-1] DEBUG com.intuit.karate.driver.DriverOptions -- << {"method":"Page.frameStartedLoading","params":{"frameId":"F98D1CBF9C819110E8517018E5128A4A"},"sessionId":"B5AFF3D1548B41881E3261722BDA38AD"}
09:49:10.953 [nioEventLoopGroup-3-1] DEBUG com.jayway.jsonpath.internal.path.CompiledPath -- Evaluating path: $
09:49:10.953 [nioEventLoopGroup-3-1] DEBUG com.jayway.jsonpath.internal.path.CompiledPath -- Evaluating path: $['frameId']
09:49:10.977 [nioEventLoopGroup-3-1] DEBUG com.intuit.karate.driver.DriverOptions -- << {"method":"Page.frameAttached","params":{"frameId":"DA145DF892B0E6F3C1FBE3CB71436A83","parentFrameId":"F98D1CBF9C819110E8517018E5128A4A","stack":{"callFrames":[{"functionName":"k","scriptId":"13","url":"chrome://resources/lit/v3_0/lit.rollup.js","lineNumber":15,"columnNumber":4222},{"functionName":"$","scriptId":"13","url":"chrome://resources/lit/v3_0/lit.rollup.js","lineNumber":15,"columnNumber":4296},{"functionName":"g","scriptId":"13","url":"chrome://resources/lit/v3_0/lit.rollup.js","lineNumber":15,"columnNumber":4643},{"functionName":"_$AI","scriptId":"13","url":"chrome://resources/lit/v3_0/lit.rollup.js","lineNumber":15,"columnNumber":4129},{"functionName":"j","scriptId":"13","url":"chrome://resources/lit/v3_0/lit.rollup.js","lineNumber":15,"columnNumber":7003},{"functionName":"update","scriptId":"13","url":"chrome://resources/lit/v3_0/lit.rollup.js","lineNumber":20,"columnNumber":338},{"functionName":"performUpdate","scriptId":"13","url":"chrome://resources/lit/v3_0/lit.rollup.js","lineNumber":10,"colu ...
09:49:10.978 [nioEventLoopGroup-3-1] DEBUG com.jayway.jsonpath.internal.path.CompiledPath -- Evaluating path: $
09:49:10.982 [nioEventLoopGroup-3-1] DEBUG com.intuit.karate.driver.DriverOptions -- << {"method":"Page.frameStartedLoading","params":{"frameId":"DA145DF892B0E6F3C1FBE3CB71436A83"},"sessionId":"B5AFF3D1548B41881E3261722BDA38AD"}
09:49:10.982 [nioEventLoopGroup-3-1] DEBUG com.jayway.jsonpath.internal.path.CompiledPath -- Evaluating path: $
09:49:10.982 [nioEventLoopGroup-3-1] DEBUG com.jayway.jsonpath.internal.path.CompiledPath -- Evaluating path: $['frameId']
09:49:11.613 [nioEventLoopGroup-2-1] DEBUG io.netty.buffer.PoolThreadCache -- Freed 39 thread-local buffer(s) from thread: nioEventLoopGroup-2-1
09:49:14.647 [nioEventLoopGroup-3-1] DEBUG com.intuit.karate.driver.DriverOptions -- << {"method":"Target.targetCreated","params":{"targetInfo":{"targetId":"DA145DF892B0E6F3C1FBE3CB71436A83","type":"iframe","title":"","url":"","attached":false,"canAccessOpener":false,"browserContextId":"47A81B5982F22509BD9E20DFCDAC234E"}},"sessionId":"B5AFF3D1548B41881E3261722BDA38AD"}
09:49:14.648 [nioEventLoopGroup-3-1] DEBUG com.jayway.jsonpath.internal.path.CompiledPath -- Evaluating path: $
09:49:14.652 [nioEventLoopGroup-3-1] DEBUG com.intuit.karate.driver.DriverOptions -- << {"method":"Target.targetInfoChanged","params":{"targetInfo":{"targetId":"DA145DF892B0E6F3C1FBE3CB71436A83","type":"iframe","title":"chrome-untrusted://new-tab-page/one-google-bar?paramsencoded=","url":"chrome-untrusted://new-tab-page/one-google-bar?paramsencoded=","attached":false,"canAccessOpener":false,"browserContextId":"47A81B5982F22509BD9E20DFCDAC234E"}},"sessionId":"B5AFF3D1548B41881E3261722BDA38AD"}
09:49:14.652 [nioEventLoopGroup-3-1] DEBUG com.jayway.jsonpath.internal.path.CompiledPath -- Evaluating path: $
09:49:14.652 [nioEventLoopGroup-3-1] DEBUG com.jayway.jsonpath.internal.path.CompiledPath -- Evaluating path: $['targetInfo']['targetId']
09:49:14.653 [nioEventLoopGroup-3-1] DEBUG com.intuit.karate.driver.DriverOptions -- << {"method":"Page.frameDetached","params":{"frameId":"DA145DF892B0E6F3C1FBE3CB71436A83","reason":"swap"},"sessionId":"B5AFF3D1548B41881E3261722BDA38AD"}
09:49:14.653 [nioEventLoopGroup-3-1] DEBUG com.jayway.jsonpath.internal.path.CompiledPath -- Evaluating path: $
09:49:15.128 [nioEventLoopGroup-3-1] DEBUG com.intuit.karate.driver.DriverOptions -- << {"id":7,"result":{"frameId":"F98D1CBF9C819110E8517018E5128A4A","loaderId":"699A254AC4FD587DA5E7DA47845AA972"},"sessionId":"B5AFF3D1548B41881E3261722BDA38AD"}
09:49:15.128 [nioEventLoopGroup-3-1] DEBUG com.jayway.jsonpath.internal.path.CompiledPath -- Evaluating path: $
09:49:15.130 [nioEventLoopGroup-3-1] DEBUG com.intuit.karate.driver.DriverOptions -- << {"method":"Runtime.executionContextsCleared","params":{},"sessionId":"B5AFF3D1548B41881E3261722BDA38AD"}
09:49:15.130 [nioEventLoopGroup-3-1] DEBUG com.jayway.jsonpath.internal.path.CompiledPath -- Evaluating path: $
09:49:15.133 [nioEventLoopGroup-3-1] DEBUG com.intuit.karate.driver.DriverOptions -- << {"method":"Runtime.executionContextsCleared","params":{},"sessionId":"B5AFF3D1548B41881E3261722BDA38AD"}
09:49:15.133 [nioEventLoopGroup-3-1] DEBUG com.jayway.jsonpath.internal.path.CompiledPath -- Evaluating path: $
09:49:15.134 [nioEventLoopGroup-3-1] DEBUG com.intuit.karate.driver.DriverOptions -- << {"method":"Page.frameNavigated","params":{"frame":{"id":"F98D1CBF9C819110E8517018E5128A4A","loaderId":"699A254AC4FD587DA5E7DA47845AA972","url":"https://www.google.com/","domainAndRegistry":"google.com","securityOrigin":"https://www.google.com","mimeType":"text/html","adFrameStatus":{"adFrameType":"none"},"secureContextType":"Secure","crossOriginIsolatedContextType":"NotIsolated","gatedAPIFeatures":[]},"type":"Navigation"},"sessionId":"B5AFF3D1548B41881E3261722BDA38AD"}
09:49:15.134 [nioEventLoopGroup-3-1] DEBUG com.jayway.jsonpath.internal.path.CompiledPath -- Evaluating path: $
09:49:15.134 [nioEventLoopGroup-3-1] DEBUG com.jayway.jsonpath.internal.path.CompiledPath -- Evaluating path: $['frame']['id']
09:49:15.134 [nioEventLoopGroup-3-1] DEBUG com.jayway.jsonpath.internal.path.CompiledPath -- Evaluating path: $['frame']['url']
09:49:15.134 [nioEventLoopGroup-3-1] DEBUG com.jayway.jsonpath.internal.path.CompiledPath -- Evaluating path: $['frame']['name']
09:49:15.148 [nioEventLoopGroup-3-1] DEBUG com.intuit.karate.driver.DriverOptions -- << {"method":"Target.targetInfoChanged","params":{"targetInfo":{"targetId":"F98D1CBF9C819110E8517018E5128A4A","type":"page","title":"google.com","url":"https://www.google.com/","attached":true,"canAccessOpener":false,"browserContextId":"47A81B5982F22509BD9E20DFCDAC234E"}},"sessionId":"B5AFF3D1548B41881E3261722BDA38AD"}
09:49:15.148 [nioEventLoopGroup-3-1] DEBUG com.jayway.jsonpath.internal.path.CompiledPath -- Evaluating path: $
09:49:15.148 [nioEventLoopGroup-3-1] DEBUG com.jayway.jsonpath.internal.path.CompiledPath -- Evaluating path: $['targetInfo']['targetId']
09:49:15.152 [nioEventLoopGroup-3-1] DEBUG com.intuit.karate.driver.DriverOptions -- << {"method":"Runtime.executionContextCreated","params":{"context":{"id":1,"origin":"https://www.google.com","name":"","uniqueId":"8401312596291941184.5183895321081641249","auxData":{"isDefault":true,"type":"default","frameId":"F98D1CBF9C819110E8517018E5128A4A"}}},"sessionId":"B5AFF3D1548B41881E3261722BDA38AD"}
09:49:15.152 [nioEventLoopGroup-3-1] DEBUG com.jayway.jsonpath.internal.path.CompiledPath -- Evaluating path: $
09:49:15.152 [nioEventLoopGroup-3-1] DEBUG com.jayway.jsonpath.internal.path.CompiledPath -- Evaluating path: $['context']['auxData']['frameId']
09:49:15.152 [nioEventLoopGroup-3-1] DEBUG com.jayway.jsonpath.internal.path.CompiledPath -- Evaluating path: $['context']['id']
09:49:15.158 [nioEventLoopGroup-3-1] DEBUG com.intuit.karate.driver.DriverOptions -- << {"id":8,"result":{"result":{"type":"object","subtype":"error","className":"TypeError","description":"TypeError: Cannot read properties of null (reading 'focus')\n    at <anonymous>:1:55","objectId":"-7276877365060952108.1.1"},"exceptionDetails":{"exceptionId":1,"text":"Uncaught","lineNumber":0,"columnNumber":54,"scriptId":"6","stackTrace":{"callFrames":[{"functionName":"","scriptId":"6","url":"","lineNumber":0,"columnNumber":54}]},"exception":{"type":"object","subtype":"error","className":"TypeError","description":"TypeError: Cannot read properties of null (reading 'focus')\n    at <anonymous>:1:55","objectId":"-7276877365060952108.1.2"}}},"sessionId":"B5AFF3D1548B41881E3261722BDA38AD"}
09:49:15.158 [nioEventLoopGroup-3-1] DEBUG com.jayway.jsonpath.internal.path.CompiledPath -- Evaluating path: $
09:49:15.159 [nioEventLoopGroup-3-1] WARN com.intuit.karate.driver.DriverOptions -- devtools error: [id: 8, sessionId: B5AFF3D1548B41881E3261722BDA38AD, result: [type: MAP, value: {type=object, subtype=error, className=TypeError, description=TypeError: Cannot read properties of null (reading 'focus')
    at <anonymous>:1:55, objectId=-7276877365060952108.1.1}]]
09:49:15.159 [main] WARN com.intuit.karate.driver.DriverOptions -- js eval failed once:var e = document.querySelector("textarea[name=q]"); e.focus(); try { e.selectionStart = e.selectionEnd = e.value.length } catch(x) {}, error: [type: MAP, value: {type=object, subtype=error, className=TypeError, description=TypeError: Cannot read properties of null (reading 'focus')
    at <anonymous>:1:55, objectId=-7276877365060952108.1.1}]
09:49:15.168 [nioEventLoopGroup-3-1] DEBUG com.intuit.karate.driver.DriverOptions -- << {"method":"Page.frameDetached","params":{"frameId":"DA145DF892B0E6F3C1FBE3CB71436A83","reason":"remove"},"sessionId":"B5AFF3D1548B41881E3261722BDA38AD"}
09:49:15.168 [nioEventLoopGroup-3-1] DEBUG com.jayway.jsonpath.internal.path.CompiledPath -- Evaluating path: $
09:49:15.168 [nioEventLoopGroup-3-1] DEBUG com.intuit.karate.driver.DriverOptions -- << {"method":"Target.targetDestroyed","params":{"targetId":"DA145DF892B0E6F3C1FBE3CB71436A83"},"sessionId":"B5AFF3D1548B41881E3261722BDA38AD"}
09:49:15.168 [nioEventLoopGroup-3-1] DEBUG com.jayway.jsonpath.internal.path.CompiledPath -- Evaluating path: $
09:49:18.165 [main] DEBUG com.jayway.jsonpath.internal.path.CompiledPath -- Evaluating path: $['expression']
09:49:18.166 [main] DEBUG com.jayway.jsonpath.internal.path.CompiledPath -- Evaluating path: $
09:49:18.167 [main] DEBUG com.jayway.jsonpath.internal.path.CompiledPath -- Evaluating path: $
09:49:18.167 [main] DEBUG com.jayway.jsonpath.internal.JsonContext -- Put path $ key expression value {}
09:49:18.168 [main] DEBUG com.jayway.jsonpath.internal.path.CompiledPath -- Evaluating path: $
09:49:18.168 [main] DEBUG com.jayway.jsonpath.internal.JsonContext -- Put path $ key expression value var e = document.querySelector("textarea[name=q]"); e.focus(); try { e.selectionStart = e.selectionEnd = e.value.length } catch(x) {}
09:49:18.168 [main] DEBUG com.jayway.jsonpath.internal.path.CompiledPath -- Evaluating path: $['returnByValue']
09:49:18.168 [main] DEBUG com.jayway.jsonpath.internal.path.CompiledPath -- Evaluating path: $
09:49:18.168 [main] DEBUG com.jayway.jsonpath.internal.path.CompiledPath -- Evaluating path: $
09:49:18.169 [main] DEBUG com.jayway.jsonpath.internal.JsonContext -- Put path $ key returnByValue value {}
09:49:18.169 [main] DEBUG com.jayway.jsonpath.internal.path.CompiledPath -- Evaluating path: $
09:49:18.169 [main] DEBUG com.jayway.jsonpath.internal.JsonContext -- Put path $ key returnByValue value true
09:49:18.169 [main] DEBUG com.jayway.jsonpath.internal.path.CompiledPath -- Evaluating path: $
09:49:18.169 [main] DEBUG com.intuit.karate.driver.DriverOptions -- >> {"id":9,"sessionId":"B5AFF3D1548B41881E3261722BDA38AD","method":"Runtime.evaluate","params":{"expression":"var e = document.querySelector(\"textarea[name=q]\"); e.focus(); try { e.selectionStart = e.selectionEnd = e.value.length } catch(x) {}","returnByValue":true}}
09:49:18.173 [nioEventLoopGroup-3-1] DEBUG com.intuit.karate.driver.DriverOptions -- << {"id":9,"result":{"result":{"type":"number","value":0,"description":"0"}},"sessionId":"B5AFF3D1548B41881E3261722BDA38AD"}
09:49:18.173 [nioEventLoopGroup-3-1] DEBUG com.jayway.jsonpath.internal.path.CompiledPath -- Evaluating path: $
09:49:18.174 [main] DEBUG com.jayway.jsonpath.internal.path.CompiledPath -- Evaluating path: $['modifiers']
09:49:18.174 [main] DEBUG com.jayway.jsonpath.internal.path.CompiledPath -- Evaluating path: $
09:49:18.174 [main] DEBUG com.jayway.jsonpath.internal.path.CompiledPath -- Evaluating path: $
09:49:18.174 [main] DEBUG com.jayway.jsonpath.internal.JsonContext -- Put path $ key modifiers value {}
09:49:18.174 [main] DEBUG com.jayway.jsonpath.internal.path.CompiledPath -- Evaluating path: $
09:49:18.174 [main] DEBUG com.jayway.jsonpath.internal.JsonContext -- Put path $ key modifiers value 0
09:49:18.175 [main] DEBUG com.jayway.jsonpath.internal.path.CompiledPath -- Evaluating path: $['type']
09:49:18.175 [main] DEBUG com.jayway.jsonpath.internal.path.CompiledPath -- Evaluating path: $
09:49:18.175 [main] DEBUG com.jayway.jsonpath.internal.path.CompiledPath -- Evaluating path: $
09:49:18.175 [main] DEBUG com.jayway.jsonpath.internal.JsonContext -- Put path $ key type value {}
09:49:18.175 [main] DEBUG com.jayway.jsonpath.internal.path.CompiledPath -- Evaluating path: $
09:49:18.175 [main] DEBUG com.jayway.jsonpath.internal.JsonContext -- Put path $ key type value rawKeyDown
09:49:18.175 [main] DEBUG com.jayway.jsonpath.internal.path.CompiledPath -- Evaluating path: $['text']
09:49:18.175 [main] DEBUG com.jayway.jsonpath.internal.path.CompiledPath -- Evaluating path: $
09:49:18.175 [main] DEBUG com.jayway.jsonpath.internal.path.CompiledPath -- Evaluating path: $
09:49:18.175 [main] DEBUG com.jayway.jsonpath.internal.JsonContext -- Put path $ key text value {}
09:49:18.175 [main] DEBUG com.jayway.jsonpath.internal.path.CompiledPath -- Evaluating path: $
09:49:18.175 [main] DEBUG com.jayway.jsonpath.internal.JsonContext -- Put path $ key text value k
09:49:18.175 [main] DEBUG com.jayway.jsonpath.internal.path.CompiledPath -- Evaluating path: $['windowsVirtualKeyCode']
09:49:18.175 [main] DEBUG com.jayway.jsonpath.internal.path.CompiledPath -- Evaluating path: $
09:49:18.175 [main] DEBUG com.jayway.jsonpath.internal.path.CompiledPath -- Evaluating path: $
09:49:18.177 [main] DEBUG com.jayway.jsonpath.internal.JsonContext -- Put path $ key windowsVirtualKeyCode value {}
09:49:18.177 [main] DEBUG com.jayway.jsonpath.internal.path.CompiledPath -- Evaluating path: $
09:49:18.177 [main] DEBUG com.jayway.jsonpath.internal.JsonContext -- Put path $ key windowsVirtualKeyCode value 107
09:49:18.177 [main] DEBUG com.jayway.jsonpath.internal.path.CompiledPath -- Evaluating path: $
09:49:18.177 [main] DEBUG com.intuit.karate.driver.DriverOptions -- >> {"id":10,"sessionId":"B5AFF3D1548B41881E3261722BDA38AD","method":"Input.dispatchKeyEvent","params":{"modifiers":0,"type":"rawKeyDown","text":"k","windowsVirtualKeyCode":107}}
09:49:18.182 [nioEventLoopGroup-3-1] DEBUG com.intuit.karate.driver.DriverOptions -- << {"id":10,"result":{},"sessionId":"B5AFF3D1548B41881E3261722BDA38AD"}
09:49:18.183 [nioEventLoopGroup-3-1] DEBUG com.jayway.jsonpath.internal.path.CompiledPath -- Evaluating path: $
09:49:18.183 [main] DEBUG com.jayway.jsonpath.internal.path.CompiledPath -- Evaluating path: $['modifiers']
09:49:18.183 [main] DEBUG com.jayway.jsonpath.internal.path.CompiledPath -- Evaluating path: $
09:49:18.183 [main] DEBUG com.jayway.jsonpath.internal.path.CompiledPath -- Evaluating path: $
09:49:18.184 [main] DEBUG com.jayway.jsonpath.internal.JsonContext -- Put path $ key modifiers value {}
09:49:18.184 [main] DEBUG com.jayway.jsonpath.internal.path.CompiledPath -- Evaluating path: $
09:49:18.184 [main] DEBUG com.jayway.jsonpath.internal.JsonContext -- Put path $ key modifiers value 0
09:49:18.184 [main] DEBUG com.jayway.jsonpath.internal.path.CompiledPath -- Evaluating path: $['type']
09:49:18.184 [main] DEBUG com.jayway.jsonpath.internal.path.CompiledPath -- Evaluating path: $
09:49:18.184 [main] DEBUG com.jayway.jsonpath.internal.path.CompiledPath -- Evaluating path: $
09:49:18.184 [main] DEBUG com.jayway.jsonpath.internal.JsonContext -- Put path $ key type value {}
09:49:18.184 [main] DEBUG com.jayway.jsonpath.internal.path.CompiledPath -- Evaluating path: $
09:49:18.184 [main] DEBUG com.jayway.jsonpath.internal.JsonContext -- Put path $ key type value char
09:49:18.184 [main] DEBUG com.jayway.jsonpath.internal.path.CompiledPath -- Evaluating path: $['text']
09:49:18.184 [main] DEBUG com.jayway.jsonpath.internal.path.CompiledPath -- Evaluating path: $
09:49:18.184 [main] DEBUG com.jayway.jsonpath.internal.path.CompiledPath -- Evaluating path: $
09:49:18.184 [main] DEBUG com.jayway.jsonpath.internal.JsonContext -- Put path $ key text value {}
09:49:18.184 [main] DEBUG com.jayway.jsonpath.internal.path.CompiledPath -- Evaluating path: $
09:49:18.184 [main] DEBUG com.jayway.jsonpath.internal.JsonContext -- Put path $ key text value k
09:49:18.184 [main] DEBUG com.jayway.jsonpath.internal.path.CompiledPath -- Evaluating path: $['windowsVirtualKeyCode']
09:49:18.184 [main] DEBUG com.jayway.jsonpath.internal.path.CompiledPath -- Evaluating path: $
09:49:18.184 [main] DEBUG com.jayway.jsonpath.internal.path.CompiledPath -- Evaluating path: $
09:49:18.184 [main] DEBUG com.jayway.jsonpath.internal.JsonContext -- Put path $ key windowsVirtualKeyCode value {}
09:49:18.184 [main] DEBUG com.jayway.jsonpath.internal.path.CompiledPath -- Evaluating path: $
09:49:18.184 [main] DEBUG com.jayway.jsonpath.internal.JsonContext -- Put path $ key windowsVirtualKeyCode value 107
09:49:18.184 [main] DEBUG com.jayway.jsonpath.internal.path.CompiledPath -- Evaluating path: $
09:49:18.185 [main] DEBUG com.intuit.karate.driver.DriverOptions -- >> {"id":11,"sessionId":"B5AFF3D1548B41881E3261722BDA38AD","method":"Input.dispatchKeyEvent","params":{"modifiers":0,"type":"char","text":"k","windowsVirtualKeyCode":107}}
09:49:18.189 [nioEventLoopGroup-3-1] DEBUG com.intuit.karate.driver.DriverOptions -- << {"id":11,"result":{},"sessionId":"B5AFF3D1548B41881E3261722BDA38AD"}
09:49:18.189 [nioEventLoopGroup-3-1] DEBUG com.jayway.jsonpath.internal.path.CompiledPath -- Evaluating path: $
09:49:18.189 [main] DEBUG com.jayway.jsonpath.internal.path.CompiledPath -- Evaluating path: $['modifiers']
09:49:18.190 [main] DEBUG com.jayway.jsonpath.internal.path.CompiledPath -- Evaluating path: $
09:49:18.190 [main] DEBUG com.jayway.jsonpath.internal.path.CompiledPath -- Evaluating path: $
09:49:18.190 [main] DEBUG com.jayway.jsonpath.internal.JsonContext -- Put path $ key modifiers value {}
09:49:18.190 [main] DEBUG com.jayway.jsonpath.internal.path.CompiledPath -- Evaluating path: $
09:49:18.190 [main] DEBUG com.jayway.jsonpath.internal.JsonContext -- Put path $ key modifiers value 0
09:49:18.190 [main] DEBUG com.jayway.jsonpath.internal.path.CompiledPath -- Evaluating path: $['type']
09:49:18.190 [main] DEBUG com.jayway.jsonpath.internal.path.CompiledPath -- Evaluating path: $
09:49:18.190 [main] DEBUG com.jayway.jsonpath.internal.path.CompiledPath -- Evaluating path: $
09:49:18.190 [main] DEBUG com.jayway.jsonpath.internal.JsonContext -- Put path $ key type value {}
09:49:18.190 [main] DEBUG com.jayway.jsonpath.internal.path.CompiledPath -- Evaluating path: $
09:49:18.190 [main] DEBUG com.jayway.jsonpath.internal.JsonContext -- Put path $ key type value keyUp
09:49:18.190 [main] DEBUG com.jayway.jsonpath.internal.path.CompiledPath -- Evaluating path: $['text']
09:49:18.190 [main] DEBUG com.jayway.jsonpath.internal.path.CompiledPath -- Evaluating path: $
09:49:18.190 [main] DEBUG com.jayway.jsonpath.internal.path.CompiledPath -- Evaluating path: $
09:49:18.190 [main] DEBUG com.jayway.jsonpath.internal.JsonContext -- Put path $ key text value {}
09:49:18.190 [main] DEBUG com.jayway.jsonpath.internal.path.CompiledPath -- Evaluating path: $
09:49:18.190 [main] DEBUG com.jayway.jsonpath.internal.JsonContext -- Put path $ key text value k
09:49:18.190 [main] DEBUG com.jayway.jsonpath.internal.path.CompiledPath -- Evaluating path: $['windowsVirtualKeyCode']
09:49:18.190 [main] DEBUG com.jayway.jsonpath.internal.path.CompiledPath -- Evaluating path: $
09:49:18.190 [main] DEBUG com.jayway.jsonpath.internal.path.CompiledPath -- Evaluating path: $
09:49:18.190 [main] DEBUG com.jayway.jsonpath.internal.JsonContext -- Put path $ key windowsVirtualKeyCode value {}
09:49:18.190 [main] DEBUG com.jayway.jsonpath.internal.path.CompiledPath -- Evaluating path: $
09:49:18.190 [main] DEBUG com.jayway.jsonpath.internal.JsonContext -- Put path $ key windowsVirtualKeyCode value 107
09:49:18.190 [main] DEBUG com.jayway.jsonpath.internal.path.CompiledPath -- Evaluating path: $
09:49:18.190 [main] DEBUG com.intuit.karate.driver.DriverOptions -- >> {"id":12,"sessionId":"B5AFF3D1548B41881E3261722BDA38AD","method":"Input.dispatchKeyEvent","params":{"modifiers":0,"type":"keyUp","text":"k","windowsVirtualKeyCode":107}}
09:49:18.193 [nioEventLoopGroup-3-1] DEBUG com.intuit.karate.driver.DriverOptions -- << {"id":12,"result":{},"sessionId":"B5AFF3D1548B41881E3261722BDA38AD"}
09:49:18.193 [nioEventLoopGroup-3-1] DEBUG com.jayway.jsonpath.internal.path.CompiledPath -- Evaluating path: $
09:49:18.194 [main] DEBUG com.jayway.jsonpath.internal.path.CompiledPath -- Evaluating path: $['modifiers']
09:49:18.194 [main] DEBUG com.jayway.jsonpath.internal.path.CompiledPath -- Evaluating path: $
09:49:18.194 [main] DEBUG com.jayway.jsonpath.internal.path.CompiledPath -- Evaluating path: $
09:49:18.194 [main] DEBUG com.jayway.jsonpath.internal.JsonContext -- Put path $ key modifiers value {}
09:49:18.195 [main] DEBUG com.jayway.jsonpath.internal.path.CompiledPath -- Evaluating path: $
09:49:18.195 [main] DEBUG com.jayway.jsonpath.internal.JsonContext -- Put path $ key modifiers value 0
09:49:18.195 [main] DEBUG com.jayway.jsonpath.internal.path.CompiledPath -- Evaluating path: $['type']
09:49:18.195 [main] DEBUG com.jayway.jsonpath.internal.path.CompiledPath -- Evaluating path: $
09:49:18.195 [main] DEBUG com.jayway.jsonpath.internal.path.CompiledPath -- Evaluating path: $
09:49:18.195 [main] DEBUG com.jayway.jsonpath.internal.JsonContext -- Put path $ key type value {}
09:49:18.195 [main] DEBUG com.jayway.jsonpath.internal.path.CompiledPath -- Evaluating path: $
09:49:18.195 [main] DEBUG com.jayway.jsonpath.internal.JsonContext -- Put path $ key type value rawKeyDown
09:49:18.195 [main] DEBUG com.jayway.jsonpath.internal.path.CompiledPath -- Evaluating path: $['text']
09:49:18.195 [main] DEBUG com.jayway.jsonpath.internal.path.CompiledPath -- Evaluating path: $
09:49:18.195 [main] DEBUG com.jayway.jsonpath.internal.path.CompiledPath -- Evaluating path: $
09:49:18.195 [main] DEBUG com.jayway.jsonpath.internal.JsonContext -- Put path $ key text value {}
09:49:18.195 [main] DEBUG com.jayway.jsonpath.internal.path.CompiledPath -- Evaluating path: $
09:49:18.195 [main] DEBUG com.jayway.jsonpath.internal.JsonContext -- Put path $ key text value a
09:49:18.195 [main] DEBUG com.jayway.jsonpath.internal.path.CompiledPath -- Evaluating path: $['windowsVirtualKeyCode']
09:49:18.195 [main] DEBUG com.jayway.jsonpath.internal.path.CompiledPath -- Evaluating path: $
09:49:18.195 [main] DEBUG com.jayway.jsonpath.internal.path.CompiledPath -- Evaluating path: $
09:49:18.195 [main] DEBUG com.jayway.jsonpath.internal.JsonContext -- Put path $ key windowsVirtualKeyCode value {}
09:49:18.195 [main] DEBUG com.jayway.jsonpath.internal.path.CompiledPath -- Evaluating path: $
09:49:18.195 [main] DEBUG com.jayway.jsonpath.internal.JsonContext -- Put path $ key windowsVirtualKeyCode value 97
09:49:18.195 [main] DEBUG com.jayway.jsonpath.internal.path.CompiledPath -- Evaluating path: $
09:49:18.195 [main] DEBUG com.intuit.karate.driver.DriverOptions -- >> {"id":13,"sessionId":"B5AFF3D1548B41881E3261722BDA38AD","method":"Input.dispatchKeyEvent","params":{"modifiers":0,"type":"rawKeyDown","text":"a","windowsVirtualKeyCode":97}}
09:49:18.198 [nioEventLoopGroup-3-1] DEBUG com.intuit.karate.driver.DriverOptions -- << {"id":13,"result":{},"sessionId":"B5AFF3D1548B41881E3261722BDA38AD"}
09:49:18.198 [nioEventLoopGroup-3-1] DEBUG com.jayway.jsonpath.internal.path.CompiledPath -- Evaluating path: $
09:49:18.198 [main] DEBUG com.jayway.jsonpath.internal.path.CompiledPath -- Evaluating path: $['modifiers']
09:49:18.198 [main] DEBUG com.jayway.jsonpath.internal.path.CompiledPath -- Evaluating path: $
09:49:18.198 [main] DEBUG com.jayway.jsonpath.internal.path.CompiledPath -- Evaluating path: $
09:49:18.199 [main] DEBUG com.jayway.jsonpath.internal.JsonContext -- Put path $ key modifiers value {}
09:49:18.199 [main] DEBUG com.jayway.jsonpath.internal.path.CompiledPath -- Evaluating path: $
09:49:18.199 [main] DEBUG com.jayway.jsonpath.internal.JsonContext -- Put path $ key modifiers value 0
09:49:18.199 [main] DEBUG com.jayway.jsonpath.internal.path.CompiledPath -- Evaluating path: $['type']
09:49:18.199 [main] DEBUG com.jayway.jsonpath.internal.path.CompiledPath -- Evaluating path: $
09:49:18.199 [main] DEBUG com.jayway.jsonpath.internal.path.CompiledPath -- Evaluating path: $
09:49:18.199 [main] DEBUG com.jayway.jsonpath.internal.JsonContext -- Put path $ key type value {}
09:49:18.199 [main] DEBUG com.jayway.jsonpath.internal.path.CompiledPath -- Evaluating path: $
09:49:18.199 [main] DEBUG com.jayway.jsonpath.internal.JsonContext -- Put path $ key type value char
09:49:18.199 [main] DEBUG com.jayway.jsonpath.internal.path.CompiledPath -- Evaluating path: $['text']
09:49:18.199 [main] DEBUG com.jayway.jsonpath.internal.path.CompiledPath -- Evaluating path: $
09:49:18.199 [main] DEBUG com.jayway.jsonpath.internal.path.CompiledPath -- Evaluating path: $
09:49:18.199 [main] DEBUG com.jayway.jsonpath.internal.JsonContext -- Put path $ key text value {}
09:49:18.199 [main] DEBUG com.jayway.jsonpath.internal.path.CompiledPath -- Evaluating path: $
09:49:18.199 [main] DEBUG com.jayway.jsonpath.internal.JsonContext -- Put path $ key text value a
09:49:18.199 [main] DEBUG com.jayway.jsonpath.internal.path.CompiledPath -- Evaluating path: $['windowsVirtualKeyCode']
09:49:18.199 [main] DEBUG com.jayway.jsonpath.internal.path.CompiledPath -- Evaluating path: $
09:49:18.199 [main] DEBUG com.jayway.jsonpath.internal.path.CompiledPath -- Evaluating path: $
09:49:18.199 [main] DEBUG com.jayway.jsonpath.internal.JsonContext -- Put path $ key windowsVirtualKeyCode value {}
09:49:18.199 [main] DEBUG com.jayway.jsonpath.internal.path.CompiledPath -- Evaluating path: $
09:49:18.199 [main] DEBUG com.jayway.jsonpath.internal.JsonContext -- Put path $ key windowsVirtualKeyCode value 97
09:49:18.199 [main] DEBUG com.jayway.jsonpath.internal.path.CompiledPath -- Evaluating path: $
09:49:18.199 [main] DEBUG com.intuit.karate.driver.DriverOptions -- >> {"id":14,"sessionId":"B5AFF3D1548B41881E3261722BDA38AD","method":"Input.dispatchKeyEvent","params":{"modifiers":0,"type":"char","text":"a","windowsVirtualKeyCode":97}}
09:49:18.202 [nioEventLoopGroup-3-1] DEBUG com.intuit.karate.driver.DriverOptions -- << {"id":14,"result":{},"sessionId":"B5AFF3D1548B41881E3261722BDA38AD"}
09:49:18.202 [nioEventLoopGroup-3-1] DEBUG com.jayway.jsonpath.internal.path.CompiledPath -- Evaluating path: $
09:49:18.203 [main] DEBUG com.jayway.jsonpath.internal.path.CompiledPath -- Evaluating path: $['modifiers']
09:49:18.204 [main] DEBUG com.jayway.jsonpath.internal.path.CompiledPath -- Evaluating path: $
09:49:18.204 [main] DEBUG com.jayway.jsonpath.internal.path.CompiledPath -- Evaluating path: $
09:49:18.204 [main] DEBUG com.jayway.jsonpath.internal.JsonContext -- Put path $ key modifiers value {}
09:49:18.204 [main] DEBUG com.jayway.jsonpath.internal.path.CompiledPath -- Evaluating path: $
09:49:18.204 [main] DEBUG com.jayway.jsonpath.internal.JsonContext -- Put path $ key modifiers value 0
09:49:18.204 [main] DEBUG com.jayway.jsonpath.internal.path.CompiledPath -- Evaluating path: $['type']
09:49:18.204 [main] DEBUG com.jayway.jsonpath.internal.path.CompiledPath -- Evaluating path: $
09:49:18.204 [main] DEBUG com.jayway.jsonpath.internal.path.CompiledPath -- Evaluating path: $
09:49:18.204 [main] DEBUG com.jayway.jsonpath.internal.JsonContext -- Put path $ key type value {}
09:49:18.204 [main] DEBUG com.jayway.jsonpath.internal.path.CompiledPath -- Evaluating path: $
09:49:18.204 [main] DEBUG com.jayway.jsonpath.internal.JsonContext -- Put path $ key type value keyUp
09:49:18.204 [main] DEBUG com.jayway.jsonpath.internal.path.CompiledPath -- Evaluating path: $['text']
09:49:18.204 [main] DEBUG com.jayway.jsonpath.internal.path.CompiledPath -- Evaluating path: $
09:49:18.204 [main] DEBUG com.jayway.jsonpath.internal.path.CompiledPath -- Evaluating path: $
09:49:18.204 [main] DEBUG com.jayway.jsonpath.internal.JsonContext -- Put path $ key text value {}
09:49:18.204 [main] DEBUG com.jayway.jsonpath.internal.path.CompiledPath -- Evaluating path: $
09:49:18.204 [main] DEBUG com.jayway.jsonpath.internal.JsonContext -- Put path $ key text value a
09:49:18.204 [main] DEBUG com.jayway.jsonpath.internal.path.CompiledPath -- Evaluating path: $['windowsVirtualKeyCode']
09:49:18.204 [main] DEBUG com.jayway.jsonpath.internal.path.CompiledPath -- Evaluating path: $
09:49:18.204 [main] DEBUG com.jayway.jsonpath.internal.path.CompiledPath -- Evaluating path: $
09:49:18.204 [main] DEBUG com.jayway.jsonpath.internal.JsonContext -- Put path $ key windowsVirtualKeyCode value {}
09:49:18.204 [main] DEBUG com.jayway.jsonpath.internal.path.CompiledPath -- Evaluating path: $
09:49:18.204 [main] DEBUG com.jayway.jsonpath.internal.JsonContext -- Put path $ key windowsVirtualKeyCode value 97
09:49:18.205 [main] DEBUG com.jayway.jsonpath.internal.path.CompiledPath -- Evaluating path: $
09:49:18.205 [main] DEBUG com.intuit.karate.driver.DriverOptions -- >> {"id":15,"sessionId":"B5AFF3D1548B41881E3261722BDA38AD","method":"Input.dispatchKeyEvent","params":{"modifiers":0,"type":"keyUp","text":"a","windowsVirtualKeyCode":97}}
09:49:18.207 [nioEventLoopGroup-3-1] DEBUG com.intuit.karate.driver.DriverOptions -- << {"id":15,"result":{},"sessionId":"B5AFF3D1548B41881E3261722BDA38AD"}
09:49:18.207 [nioEventLoopGroup-3-1] DEBUG com.jayway.jsonpath.internal.path.CompiledPath -- Evaluating path: $
09:49:18.208 [main] DEBUG com.jayway.jsonpath.internal.path.CompiledPath -- Evaluating path: $['modifiers']
09:49:18.208 [main] DEBUG com.jayway.jsonpath.internal.path.CompiledPath -- Evaluating path: $
09:49:18.208 [main] DEBUG com.jayway.jsonpath.internal.path.CompiledPath -- Evaluating path: $
09:49:18.208 [main] DEBUG com.jayway.jsonpath.internal.JsonContext -- Put path $ key modifiers value {}
09:49:18.208 [main] DEBUG com.jayway.jsonpath.internal.path.CompiledPath -- Evaluating path: $
09:49:18.208 [main] DEBUG com.jayway.jsonpath.internal.JsonContext -- Put path $ key modifiers value 0
09:49:18.208 [main] DEBUG com.jayway.jsonpath.internal.path.CompiledPath -- Evaluating path: $['type']
09:49:18.208 [main] DEBUG com.jayway.jsonpath.internal.path.CompiledPath -- Evaluating path: $
09:49:18.208 [main] DEBUG com.jayway.jsonpath.internal.path.CompiledPath -- Evaluating path: $
09:49:18.208 [main] DEBUG com.jayway.jsonpath.internal.JsonContext -- Put path $ key type value {}
09:49:18.208 [main] DEBUG com.jayway.jsonpath.internal.path.CompiledPath -- Evaluating path: $
09:49:18.208 [main] DEBUG com.jayway.jsonpath.internal.JsonContext -- Put path $ key type value rawKeyDown
09:49:18.208 [main] DEBUG com.jayway.jsonpath.internal.path.CompiledPath -- Evaluating path: $['text']
09:49:18.208 [main] DEBUG com.jayway.jsonpath.internal.path.CompiledPath -- Evaluating path: $
09:49:18.208 [main] DEBUG com.jayway.jsonpath.internal.path.CompiledPath -- Evaluating path: $
09:49:18.208 [main] DEBUG com.jayway.jsonpath.internal.JsonContext -- Put path $ key text value {}
09:49:18.208 [main] DEBUG com.jayway.jsonpath.internal.path.CompiledPath -- Evaluating path: $
09:49:18.208 [main] DEBUG com.jayway.jsonpath.internal.JsonContext -- Put path $ key text value r
09:49:18.208 [main] DEBUG com.jayway.jsonpath.internal.path.CompiledPath -- Evaluating path: $['windowsVirtualKeyCode']
09:49:18.208 [main] DEBUG com.jayway.jsonpath.internal.path.CompiledPath -- Evaluating path: $
09:49:18.208 [main] DEBUG com.jayway.jsonpath.internal.path.CompiledPath -- Evaluating path: $
09:49:18.208 [main] DEBUG com.jayway.jsonpath.internal.JsonContext -- Put path $ key windowsVirtualKeyCode value {}
09:49:18.208 [main] DEBUG com.jayway.jsonpath.internal.path.CompiledPath -- Evaluating path: $
09:49:18.208 [main] DEBUG com.jayway.jsonpath.internal.JsonContext -- Put path $ key windowsVirtualKeyCode value 114
09:49:18.208 [main] DEBUG com.jayway.jsonpath.internal.path.CompiledPath -- Evaluating path: $
09:49:18.209 [main] DEBUG com.intuit.karate.driver.DriverOptions -- >> {"id":16,"sessionId":"B5AFF3D1548B41881E3261722BDA38AD","method":"Input.dispatchKeyEvent","params":{"modifiers":0,"type":"rawKeyDown","text":"r","windowsVirtualKeyCode":114}}
09:49:18.211 [nioEventLoopGroup-3-1] DEBUG com.intuit.karate.driver.DriverOptions -- << {"id":16,"result":{},"sessionId":"B5AFF3D1548B41881E3261722BDA38AD"}
09:49:18.212 [nioEventLoopGroup-3-1] DEBUG com.jayway.jsonpath.internal.path.CompiledPath -- Evaluating path: $
09:49:18.212 [main] DEBUG com.jayway.jsonpath.internal.path.CompiledPath -- Evaluating path: $['modifiers']
09:49:18.212 [main] DEBUG com.jayway.jsonpath.internal.path.CompiledPath -- Evaluating path: $
09:49:18.212 [main] DEBUG com.jayway.jsonpath.internal.path.CompiledPath -- Evaluating path: $
09:49:18.212 [main] DEBUG com.jayway.jsonpath.internal.JsonContext -- Put path $ key modifiers value {}
09:49:18.212 [main] DEBUG com.jayway.jsonpath.internal.path.CompiledPath -- Evaluating path: $
09:49:18.212 [main] DEBUG com.jayway.jsonpath.internal.JsonContext -- Put path $ key modifiers value 0
09:49:18.212 [main] DEBUG com.jayway.jsonpath.internal.path.CompiledPath -- Evaluating path: $['type']
09:49:18.212 [main] DEBUG com.jayway.jsonpath.internal.path.CompiledPath -- Evaluating path: $
09:49:18.212 [main] DEBUG com.jayway.jsonpath.internal.path.CompiledPath -- Evaluating path: $
09:49:18.212 [main] DEBUG com.jayway.jsonpath.internal.JsonContext -- Put path $ key type value {}
09:49:18.212 [main] DEBUG com.jayway.jsonpath.internal.path.CompiledPath -- Evaluating path: $
09:49:18.212 [main] DEBUG com.jayway.jsonpath.internal.JsonContext -- Put path $ key type value char
09:49:18.212 [main] DEBUG com.jayway.jsonpath.internal.path.CompiledPath -- Evaluating path: $['text']
09:49:18.212 [main] DEBUG com.jayway.jsonpath.internal.path.CompiledPath -- Evaluating path: $
09:49:18.212 [main] DEBUG com.jayway.jsonpath.internal.path.CompiledPath -- Evaluating path: $
09:49:18.212 [main] DEBUG com.jayway.jsonpath.internal.JsonContext -- Put path $ key text value {}
09:49:18.212 [main] DEBUG com.jayway.jsonpath.internal.path.CompiledPath -- Evaluating path: $
09:49:18.212 [main] DEBUG com.jayway.jsonpath.internal.JsonContext -- Put path $ key text value r
09:49:18.212 [main] DEBUG com.jayway.jsonpath.internal.path.CompiledPath -- Evaluating path: $['windowsVirtualKeyCode']
09:49:18.212 [main] DEBUG com.jayway.jsonpath.internal.path.CompiledPath -- Evaluating path: $
09:49:18.212 [main] DEBUG com.jayway.jsonpath.internal.path.CompiledPath -- Evaluating path: $
09:49:18.212 [main] DEBUG com.jayway.jsonpath.internal.JsonContext -- Put path $ key windowsVirtualKeyCode value {}
09:49:18.212 [main] DEBUG com.jayway.jsonpath.internal.path.CompiledPath -- Evaluating path: $
09:49:18.212 [main] DEBUG com.jayway.jsonpath.internal.JsonContext -- Put path $ key windowsVirtualKeyCode value 114
09:49:18.212 [main] DEBUG com.jayway.jsonpath.internal.path.CompiledPath -- Evaluating path: $
09:49:18.212 [main] DEBUG com.intuit.karate.driver.DriverOptions -- >> {"id":17,"sessionId":"B5AFF3D1548B41881E3261722BDA38AD","method":"Input.dispatchKeyEvent","params":{"modifiers":0,"type":"char","text":"r","windowsVirtualKeyCode":114}}
09:49:18.215 [nioEventLoopGroup-3-1] DEBUG com.intuit.karate.driver.DriverOptions -- << {"id":17,"result":{},"sessionId":"B5AFF3D1548B41881E3261722BDA38AD"}
09:49:18.216 [nioEventLoopGroup-3-1] DEBUG com.jayway.jsonpath.internal.path.CompiledPath -- Evaluating path: $
09:49:18.216 [main] DEBUG com.jayway.jsonpath.internal.path.CompiledPath -- Evaluating path: $['modifiers']
09:49:18.216 [main] DEBUG com.jayway.jsonpath.internal.path.CompiledPath -- Evaluating path: $
09:49:18.216 [main] DEBUG com.jayway.jsonpath.internal.path.CompiledPath -- Evaluating path: $
09:49:18.216 [main] DEBUG com.jayway.jsonpath.internal.JsonContext -- Put path $ key modifiers value {}
09:49:18.216 [main] DEBUG com.jayway.jsonpath.internal.path.CompiledPath -- Evaluating path: $
09:49:18.216 [main] DEBUG com.jayway.jsonpath.internal.JsonContext -- Put path $ key modifiers value 0
09:49:18.216 [main] DEBUG com.jayway.jsonpath.internal.path.CompiledPath -- Evaluating path: $['type']
09:49:18.217 [main] DEBUG com.jayway.jsonpath.internal.path.CompiledPath -- Evaluating path: $
09:49:18.217 [main] DEBUG com.jayway.jsonpath.internal.path.CompiledPath -- Evaluating path: $
09:49:18.217 [main] DEBUG com.jayway.jsonpath.internal.JsonContext -- Put path $ key type value {}
09:49:18.217 [main] DEBUG com.jayway.jsonpath.internal.path.CompiledPath -- Evaluating path: $
09:49:18.217 [main] DEBUG com.jayway.jsonpath.internal.JsonContext -- Put path $ key type value keyUp
09:49:18.217 [main] DEBUG com.jayway.jsonpath.internal.path.CompiledPath -- Evaluating path: $['text']
09:49:18.217 [main] DEBUG com.jayway.jsonpath.internal.path.CompiledPath -- Evaluating path: $
09:49:18.217 [main] DEBUG com.jayway.jsonpath.internal.path.CompiledPath -- Evaluating path: $
09:49:18.217 [main] DEBUG com.jayway.jsonpath.internal.JsonContext -- Put path $ key text value {}
09:49:18.217 [main] DEBUG com.jayway.jsonpath.internal.path.CompiledPath -- Evaluating path: $
09:49:18.217 [main] DEBUG com.jayway.jsonpath.internal.JsonContext -- Put path $ key text value r
09:49:18.217 [main] DEBUG com.jayway.jsonpath.internal.path.CompiledPath -- Evaluating path: $['windowsVirtualKeyCode']
09:49:18.217 [main] DEBUG com.jayway.jsonpath.internal.path.CompiledPath -- Evaluating path: $
09:49:18.217 [main] DEBUG com.jayway.jsonpath.internal.path.CompiledPath -- Evaluating path: $
09:49:18.217 [main] DEBUG com.jayway.jsonpath.internal.JsonContext -- Put path $ key windowsVirtualKeyCode value {}
09:49:18.217 [main] DEBUG com.jayway.jsonpath.internal.path.CompiledPath -- Evaluating path: $
09:49:18.217 [main] DEBUG com.jayway.jsonpath.internal.JsonContext -- Put path $ key windowsVirtualKeyCode value 114
09:49:18.217 [main] DEBUG com.jayway.jsonpath.internal.path.CompiledPath -- Evaluating path: $
09:49:18.217 [main] DEBUG com.intuit.karate.driver.DriverOptions -- >> {"id":18,"sessionId":"B5AFF3D1548B41881E3261722BDA38AD","method":"Input.dispatchKeyEvent","params":{"modifiers":0,"type":"keyUp","text":"r","windowsVirtualKeyCode":114}}
09:49:18.219 [nioEventLoopGroup-3-1] DEBUG com.intuit.karate.driver.DriverOptions -- << {"id":18,"result":{},"sessionId":"B5AFF3D1548B41881E3261722BDA38AD"}
09:49:18.219 [nioEventLoopGroup-3-1] DEBUG com.jayway.jsonpath.internal.path.CompiledPath -- Evaluating path: $
09:49:18.219 [main] DEBUG com.jayway.jsonpath.internal.path.CompiledPath -- Evaluating path: $['modifiers']
09:49:18.219 [main] DEBUG com.jayway.jsonpath.internal.path.CompiledPath -- Evaluating path: $
09:49:18.219 [main] DEBUG com.jayway.jsonpath.internal.path.CompiledPath -- Evaluating path: $
09:49:18.219 [main] DEBUG com.jayway.jsonpath.internal.JsonContext -- Put path $ key modifiers value {}
09:49:18.219 [main] DEBUG com.jayway.jsonpath.internal.path.CompiledPath -- Evaluating path: $
09:49:18.219 [main] DEBUG com.jayway.jsonpath.internal.JsonContext -- Put path $ key modifiers value 0
09:49:18.219 [main] DEBUG com.jayway.jsonpath.internal.path.CompiledPath -- Evaluating path: $['type']
09:49:18.219 [main] DEBUG com.jayway.jsonpath.internal.path.CompiledPath -- Evaluating path: $
09:49:18.219 [main] DEBUG com.jayway.jsonpath.internal.path.CompiledPath -- Evaluating path: $
09:49:18.219 [main] DEBUG com.jayway.jsonpath.internal.JsonContext -- Put path $ key type value {}
09:49:18.219 [main] DEBUG com.jayway.jsonpath.internal.path.CompiledPath -- Evaluating path: $
09:49:18.219 [main] DEBUG com.jayway.jsonpath.internal.JsonContext -- Put path $ key type value rawKeyDown
09:49:18.219 [main] DEBUG com.jayway.jsonpath.internal.path.CompiledPath -- Evaluating path: $['text']
09:49:18.219 [main] DEBUG com.jayway.jsonpath.internal.path.CompiledPath -- Evaluating path: $
09:49:18.219 [main] DEBUG com.jayway.jsonpath.internal.path.CompiledPath -- Evaluating path: $
09:49:18.219 [main] DEBUG com.jayway.jsonpath.internal.JsonContext -- Put path $ key text value {}
09:49:18.219 [main] DEBUG com.jayway.jsonpath.internal.path.CompiledPath -- Evaluating path: $
09:49:18.219 [main] DEBUG com.jayway.jsonpath.internal.JsonContext -- Put path $ key text value a
09:49:18.219 [main] DEBUG com.jayway.jsonpath.internal.path.CompiledPath -- Evaluating path: $['windowsVirtualKeyCode']
09:49:18.219 [main] DEBUG com.jayway.jsonpath.internal.path.CompiledPath -- Evaluating path: $
09:49:18.219 [main] DEBUG com.jayway.jsonpath.internal.path.CompiledPath -- Evaluating path: $
09:49:18.219 [main] DEBUG com.jayway.jsonpath.internal.JsonContext -- Put path $ key windowsVirtualKeyCode value {}
09:49:18.219 [main] DEBUG com.jayway.jsonpath.internal.path.CompiledPath -- Evaluating path: $
09:49:18.219 [main] DEBUG com.jayway.jsonpath.internal.JsonContext -- Put path $ key windowsVirtualKeyCode value 97
09:49:18.219 [main] DEBUG com.jayway.jsonpath.internal.path.CompiledPath -- Evaluating path: $
09:49:18.219 [main] DEBUG com.intuit.karate.driver.DriverOptions -- >> {"id":19,"sessionId":"B5AFF3D1548B41881E3261722BDA38AD","method":"Input.dispatchKeyEvent","params":{"modifiers":0,"type":"rawKeyDown","text":"a","windowsVirtualKeyCode":97}}
09:49:18.221 [nioEventLoopGroup-3-1] DEBUG com.intuit.karate.driver.DriverOptions -- << {"id":19,"result":{},"sessionId":"B5AFF3D1548B41881E3261722BDA38AD"}
09:49:18.221 [nioEventLoopGroup-3-1] DEBUG com.jayway.jsonpath.internal.path.CompiledPath -- Evaluating path: $
09:49:18.221 [main] DEBUG com.jayway.jsonpath.internal.path.CompiledPath -- Evaluating path: $['modifiers']
09:49:18.221 [main] DEBUG com.jayway.jsonpath.internal.path.CompiledPath -- Evaluating path: $
09:49:18.221 [main] DEBUG com.jayway.jsonpath.internal.path.CompiledPath -- Evaluating path: $
09:49:18.221 [main] DEBUG com.jayway.jsonpath.internal.JsonContext -- Put path $ key modifiers value {}
09:49:18.221 [main] DEBUG com.jayway.jsonpath.internal.path.CompiledPath -- Evaluating path: $
09:49:18.221 [main] DEBUG com.jayway.jsonpath.internal.JsonContext -- Put path $ key modifiers value 0
09:49:18.221 [main] DEBUG com.jayway.jsonpath.internal.path.CompiledPath -- Evaluating path: $['type']
09:49:18.221 [main] DEBUG com.jayway.jsonpath.internal.path.CompiledPath -- Evaluating path: $
09:49:18.221 [main] DEBUG com.jayway.jsonpath.internal.path.CompiledPath -- Evaluating path: $
09:49:18.221 [main] DEBUG com.jayway.jsonpath.internal.JsonContext -- Put path $ key type value {}
09:49:18.221 [main] DEBUG com.jayway.jsonpath.internal.path.CompiledPath -- Evaluating path: $
09:49:18.221 [main] DEBUG com.jayway.jsonpath.internal.JsonContext -- Put path $ key type value char
09:49:18.221 [main] DEBUG com.jayway.jsonpath.internal.path.CompiledPath -- Evaluating path: $['text']
09:49:18.221 [main] DEBUG com.jayway.jsonpath.internal.path.CompiledPath -- Evaluating path: $
09:49:18.222 [main] DEBUG com.jayway.jsonpath.internal.path.CompiledPath -- Evaluating path: $
09:49:18.222 [main] DEBUG com.jayway.jsonpath.internal.JsonContext -- Put path $ key text value {}
09:49:18.222 [main] DEBUG com.jayway.jsonpath.internal.path.CompiledPath -- Evaluating path: $
09:49:18.222 [main] DEBUG com.jayway.jsonpath.internal.JsonContext -- Put path $ key text value a
09:49:18.222 [main] DEBUG com.jayway.jsonpath.internal.path.CompiledPath -- Evaluating path: $['windowsVirtualKeyCode']
09:49:18.222 [main] DEBUG com.jayway.jsonpath.internal.path.CompiledPath -- Evaluating path: $
09:49:18.222 [main] DEBUG com.jayway.jsonpath.internal.path.CompiledPath -- Evaluating path: $
09:49:18.222 [main] DEBUG com.jayway.jsonpath.internal.JsonContext -- Put path $ key windowsVirtualKeyCode value {}
09:49:18.222 [main] DEBUG com.jayway.jsonpath.internal.path.CompiledPath -- Evaluating path: $
09:49:18.222 [main] DEBUG com.jayway.jsonpath.internal.JsonContext -- Put path $ key windowsVirtualKeyCode value 97
09:49:18.222 [main] DEBUG com.jayway.jsonpath.internal.path.CompiledPath -- Evaluating path: $
09:49:18.222 [main] DEBUG com.intuit.karate.driver.DriverOptions -- >> {"id":20,"sessionId":"B5AFF3D1548B41881E3261722BDA38AD","method":"Input.dispatchKeyEvent","params":{"modifiers":0,"type":"char","text":"a","windowsVirtualKeyCode":97}}
09:49:18.226 [nioEventLoopGroup-3-1] DEBUG com.intuit.karate.driver.DriverOptions -- << {"id":20,"result":{},"sessionId":"B5AFF3D1548B41881E3261722BDA38AD"}
09:49:18.226 [nioEventLoopGroup-3-1] DEBUG com.jayway.jsonpath.internal.path.CompiledPath -- Evaluating path: $
09:49:18.226 [main] DEBUG com.jayway.jsonpath.internal.path.CompiledPath -- Evaluating path: $['modifiers']
09:49:18.226 [main] DEBUG com.jayway.jsonpath.internal.path.CompiledPath -- Evaluating path: $
09:49:18.226 [main] DEBUG com.jayway.jsonpath.internal.path.CompiledPath -- Evaluating path: $
09:49:18.226 [main] DEBUG com.jayway.jsonpath.internal.JsonContext -- Put path $ key modifiers value {}
09:49:18.226 [main] DEBUG com.jayway.jsonpath.internal.path.CompiledPath -- Evaluating path: $
09:49:18.226 [main] DEBUG com.jayway.jsonpath.internal.JsonContext -- Put path $ key modifiers value 0
09:49:18.226 [main] DEBUG com.jayway.jsonpath.internal.path.CompiledPath -- Evaluating path: $['type']
09:49:18.226 [main] DEBUG com.jayway.jsonpath.internal.path.CompiledPath -- Evaluating path: $
09:49:18.226 [main] DEBUG com.jayway.jsonpath.internal.path.CompiledPath -- Evaluating path: $
09:49:18.226 [main] DEBUG com.jayway.jsonpath.internal.JsonContext -- Put path $ key type value {}
09:49:18.226 [main] DEBUG com.jayway.jsonpath.internal.path.CompiledPath -- Evaluating path: $
09:49:18.226 [main] DEBUG com.jayway.jsonpath.internal.JsonContext -- Put path $ key type value keyUp
09:49:18.226 [main] DEBUG com.jayway.jsonpath.internal.path.CompiledPath -- Evaluating path: $['text']
09:49:18.226 [main] DEBUG com.jayway.jsonpath.internal.path.CompiledPath -- Evaluating path: $
09:49:18.226 [main] DEBUG com.jayway.jsonpath.internal.path.CompiledPath -- Evaluating path: $
09:49:18.226 [main] DEBUG com.jayway.jsonpath.internal.JsonContext -- Put path $ key text value {}
09:49:18.227 [main] DEBUG com.jayway.jsonpath.internal.path.CompiledPath -- Evaluating path: $
09:49:18.227 [main] DEBUG com.jayway.jsonpath.internal.JsonContext -- Put path $ key text value a
09:49:18.227 [main] DEBUG com.jayway.jsonpath.internal.path.CompiledPath -- Evaluating path: $['windowsVirtualKeyCode']
09:49:18.227 [main] DEBUG com.jayway.jsonpath.internal.path.CompiledPath -- Evaluating path: $
09:49:18.227 [main] DEBUG com.jayway.jsonpath.internal.path.CompiledPath -- Evaluating path: $
09:49:18.227 [main] DEBUG com.jayway.jsonpath.internal.JsonContext -- Put path $ key windowsVirtualKeyCode value {}
09:49:18.227 [main] DEBUG com.jayway.jsonpath.internal.path.CompiledPath -- Evaluating path: $
09:49:18.227 [main] DEBUG com.jayway.jsonpath.internal.JsonContext -- Put path $ key windowsVirtualKeyCode value 97
09:49:18.227 [main] DEBUG com.jayway.jsonpath.internal.path.CompiledPath -- Evaluating path: $
09:49:18.227 [main] DEBUG com.intuit.karate.driver.DriverOptions -- >> {"id":21,"sessionId":"B5AFF3D1548B41881E3261722BDA38AD","method":"Input.dispatchKeyEvent","params":{"modifiers":0,"type":"keyUp","text":"a","windowsVirtualKeyCode":97}}
09:49:18.230 [nioEventLoopGroup-3-1] DEBUG com.intuit.karate.driver.DriverOptions -- << {"id":21,"result":{},"sessionId":"B5AFF3D1548B41881E3261722BDA38AD"}
09:49:18.230 [nioEventLoopGroup-3-1] DEBUG com.jayway.jsonpath.internal.path.CompiledPath -- Evaluating path: $
09:49:18.230 [main] DEBUG com.jayway.jsonpath.internal.path.CompiledPath -- Evaluating path: $['modifiers']
09:49:18.230 [main] DEBUG com.jayway.jsonpath.internal.path.CompiledPath -- Evaluating path: $
09:49:18.231 [main] DEBUG com.jayway.jsonpath.internal.path.CompiledPath -- Evaluating path: $
09:49:18.231 [main] DEBUG com.jayway.jsonpath.internal.JsonContext -- Put path $ key modifiers value {}
09:49:18.231 [main] DEBUG com.jayway.jsonpath.internal.path.CompiledPath -- Evaluating path: $
09:49:18.231 [main] DEBUG com.jayway.jsonpath.internal.JsonContext -- Put path $ key modifiers value 0
09:49:18.231 [main] DEBUG com.jayway.jsonpath.internal.path.CompiledPath -- Evaluating path: $['type']
09:49:18.231 [main] DEBUG com.jayway.jsonpath.internal.path.CompiledPath -- Evaluating path: $
09:49:18.231 [main] DEBUG com.jayway.jsonpath.internal.path.CompiledPath -- Evaluating path: $
09:49:18.231 [main] DEBUG com.jayway.jsonpath.internal.JsonContext -- Put path $ key type value {}
09:49:18.231 [main] DEBUG com.jayway.jsonpath.internal.path.CompiledPath -- Evaluating path: $
09:49:18.231 [main] DEBUG com.jayway.jsonpath.internal.JsonContext -- Put path $ key type value rawKeyDown
09:49:18.231 [main] DEBUG com.jayway.jsonpath.internal.path.CompiledPath -- Evaluating path: $['text']
09:49:18.231 [main] DEBUG com.jayway.jsonpath.internal.path.CompiledPath -- Evaluating path: $
09:49:18.231 [main] DEBUG com.jayway.jsonpath.internal.path.CompiledPath -- Evaluating path: $
09:49:18.231 [main] DEBUG com.jayway.jsonpath.internal.JsonContext -- Put path $ key text value {}
09:49:18.231 [main] DEBUG com.jayway.jsonpath.internal.path.CompiledPath -- Evaluating path: $
09:49:18.231 [main] DEBUG com.jayway.jsonpath.internal.JsonContext -- Put path $ key text value t
09:49:18.231 [main] DEBUG com.jayway.jsonpath.internal.path.CompiledPath -- Evaluating path: $['windowsVirtualKeyCode']
09:49:18.231 [main] DEBUG com.jayway.jsonpath.internal.path.CompiledPath -- Evaluating path: $
09:49:18.231 [main] DEBUG com.jayway.jsonpath.internal.path.CompiledPath -- Evaluating path: $
09:49:18.231 [main] DEBUG com.jayway.jsonpath.internal.JsonContext -- Put path $ key windowsVirtualKeyCode value {}
09:49:18.231 [main] DEBUG com.jayway.jsonpath.internal.path.CompiledPath -- Evaluating path: $
09:49:18.231 [main] DEBUG com.jayway.jsonpath.internal.JsonContext -- Put path $ key windowsVirtualKeyCode value 116
09:49:18.232 [main] DEBUG com.jayway.jsonpath.internal.path.CompiledPath -- Evaluating path: $
09:49:18.232 [main] DEBUG com.intuit.karate.driver.DriverOptions -- >> {"id":22,"sessionId":"B5AFF3D1548B41881E3261722BDA38AD","method":"Input.dispatchKeyEvent","params":{"modifiers":0,"type":"rawKeyDown","text":"t","windowsVirtualKeyCode":116}}
09:49:18.233 [nioEventLoopGroup-3-1] DEBUG com.intuit.karate.driver.DriverOptions -- << {"id":22,"result":{},"sessionId":"B5AFF3D1548B41881E3261722BDA38AD"}
09:49:18.234 [nioEventLoopGroup-3-1] DEBUG com.jayway.jsonpath.internal.path.CompiledPath -- Evaluating path: $
09:49:18.234 [main] DEBUG com.jayway.jsonpath.internal.path.CompiledPath -- Evaluating path: $['modifiers']
09:49:18.234 [main] DEBUG com.jayway.jsonpath.internal.path.CompiledPath -- Evaluating path: $
09:49:18.234 [main] DEBUG com.jayway.jsonpath.internal.path.CompiledPath -- Evaluating path: $
09:49:18.234 [main] DEBUG com.jayway.jsonpath.internal.JsonContext -- Put path $ key modifiers value {}
09:49:18.234 [main] DEBUG com.jayway.jsonpath.internal.path.CompiledPath -- Evaluating path: $
09:49:18.234 [main] DEBUG com.jayway.jsonpath.internal.JsonContext -- Put path $ key modifiers value 0
09:49:18.234 [main] DEBUG com.jayway.jsonpath.internal.path.CompiledPath -- Evaluating path: $['type']
09:49:18.234 [main] DEBUG com.jayway.jsonpath.internal.path.CompiledPath -- Evaluating path: $
09:49:18.234 [main] DEBUG com.jayway.jsonpath.internal.path.CompiledPath -- Evaluating path: $
09:49:18.234 [main] DEBUG com.jayway.jsonpath.internal.JsonContext -- Put path $ key type value {}
09:49:18.234 [main] DEBUG com.jayway.jsonpath.internal.path.CompiledPath -- Evaluating path: $
09:49:18.234 [main] DEBUG com.jayway.jsonpath.internal.JsonContext -- Put path $ key type value char
09:49:18.234 [main] DEBUG com.jayway.jsonpath.internal.path.CompiledPath -- Evaluating path: $['text']
09:49:18.234 [main] DEBUG com.jayway.jsonpath.internal.path.CompiledPath -- Evaluating path: $
09:49:18.234 [main] DEBUG com.jayway.jsonpath.internal.path.CompiledPath -- Evaluating path: $
09:49:18.234 [main] DEBUG com.jayway.jsonpath.internal.JsonContext -- Put path $ key text value {}
09:49:18.234 [main] DEBUG com.jayway.jsonpath.internal.path.CompiledPath -- Evaluating path: $
09:49:18.234 [main] DEBUG com.jayway.jsonpath.internal.JsonContext -- Put path $ key text value t
09:49:18.234 [main] DEBUG com.jayway.jsonpath.internal.path.CompiledPath -- Evaluating path: $['windowsVirtualKeyCode']
09:49:18.234 [main] DEBUG com.jayway.jsonpath.internal.path.CompiledPath -- Evaluating path: $
09:49:18.234 [main] DEBUG com.jayway.jsonpath.internal.path.CompiledPath -- Evaluating path: $
09:49:18.234 [main] DEBUG com.jayway.jsonpath.internal.JsonContext -- Put path $ key windowsVirtualKeyCode value {}
09:49:18.234 [main] DEBUG com.jayway.jsonpath.internal.path.CompiledPath -- Evaluating path: $
09:49:18.234 [main] DEBUG com.jayway.jsonpath.internal.JsonContext -- Put path $ key windowsVirtualKeyCode value 116
09:49:18.234 [main] DEBUG com.jayway.jsonpath.internal.path.CompiledPath -- Evaluating path: $
09:49:18.234 [main] DEBUG com.intuit.karate.driver.DriverOptions -- >> {"id":23,"sessionId":"B5AFF3D1548B41881E3261722BDA38AD","method":"Input.dispatchKeyEvent","params":{"modifiers":0,"type":"char","text":"t","windowsVirtualKeyCode":116}}
09:49:18.238 [nioEventLoopGroup-3-1] DEBUG com.intuit.karate.driver.DriverOptions -- << {"id":23,"result":{},"sessionId":"B5AFF3D1548B41881E3261722BDA38AD"}
09:49:18.238 [nioEventLoopGroup-3-1] DEBUG com.jayway.jsonpath.internal.path.CompiledPath -- Evaluating path: $
09:49:18.238 [main] DEBUG com.jayway.jsonpath.internal.path.CompiledPath -- Evaluating path: $['modifiers']
09:49:18.239 [main] DEBUG com.jayway.jsonpath.internal.path.CompiledPath -- Evaluating path: $
09:49:18.239 [main] DEBUG com.jayway.jsonpath.internal.path.CompiledPath -- Evaluating path: $
09:49:18.239 [main] DEBUG com.jayway.jsonpath.internal.JsonContext -- Put path $ key modifiers value {}
09:49:18.239 [main] DEBUG com.jayway.jsonpath.internal.path.CompiledPath -- Evaluating path: $
09:49:18.239 [main] DEBUG com.jayway.jsonpath.internal.JsonContext -- Put path $ key modifiers value 0
09:49:18.239 [main] DEBUG com.jayway.jsonpath.internal.path.CompiledPath -- Evaluating path: $['type']
09:49:18.239 [main] DEBUG com.jayway.jsonpath.internal.path.CompiledPath -- Evaluating path: $
09:49:18.239 [main] DEBUG com.jayway.jsonpath.internal.path.CompiledPath -- Evaluating path: $
09:49:18.239 [main] DEBUG com.jayway.jsonpath.internal.JsonContext -- Put path $ key type value {}
09:49:18.239 [main] DEBUG com.jayway.jsonpath.internal.path.CompiledPath -- Evaluating path: $
09:49:18.239 [main] DEBUG com.jayway.jsonpath.internal.JsonContext -- Put path $ key type value keyUp
09:49:18.239 [main] DEBUG com.jayway.jsonpath.internal.path.CompiledPath -- Evaluating path: $['text']
09:49:18.239 [main] DEBUG com.jayway.jsonpath.internal.path.CompiledPath -- Evaluating path: $
09:49:18.239 [main] DEBUG com.jayway.jsonpath.internal.path.CompiledPath -- Evaluating path: $
09:49:18.239 [main] DEBUG com.jayway.jsonpath.internal.JsonContext -- Put path $ key text value {}
09:49:18.239 [main] DEBUG com.jayway.jsonpath.internal.path.CompiledPath -- Evaluating path: $
09:49:18.239 [main] DEBUG com.jayway.jsonpath.internal.JsonContext -- Put path $ key text value t
09:49:18.240 [main] DEBUG com.jayway.jsonpath.internal.path.CompiledPath -- Evaluating path: $['windowsVirtualKeyCode']
09:49:18.240 [main] DEBUG com.jayway.jsonpath.internal.path.CompiledPath -- Evaluating path: $
09:49:18.240 [main] DEBUG com.jayway.jsonpath.internal.path.CompiledPath -- Evaluating path: $
09:49:18.240 [main] DEBUG com.jayway.jsonpath.internal.JsonContext -- Put path $ key windowsVirtualKeyCode value {}
09:49:18.240 [main] DEBUG com.jayway.jsonpath.internal.path.CompiledPath -- Evaluating path: $
09:49:18.240 [main] DEBUG com.jayway.jsonpath.internal.JsonContext -- Put path $ key windowsVirtualKeyCode value 116
09:49:18.240 [main] DEBUG com.jayway.jsonpath.internal.path.CompiledPath -- Evaluating path: $
09:49:18.240 [main] DEBUG com.intuit.karate.driver.DriverOptions -- >> {"id":24,"sessionId":"B5AFF3D1548B41881E3261722BDA38AD","method":"Input.dispatchKeyEvent","params":{"modifiers":0,"type":"keyUp","text":"t","windowsVirtualKeyCode":116}}
09:49:18.242 [nioEventLoopGroup-3-1] DEBUG com.intuit.karate.driver.DriverOptions -- << {"id":24,"result":{},"sessionId":"B5AFF3D1548B41881E3261722BDA38AD"}
09:49:18.243 [nioEventLoopGroup-3-1] DEBUG com.jayway.jsonpath.internal.path.CompiledPath -- Evaluating path: $
09:49:18.243 [main] DEBUG com.jayway.jsonpath.internal.path.CompiledPath -- Evaluating path: $['modifiers']
09:49:18.243 [main] DEBUG com.jayway.jsonpath.internal.path.CompiledPath -- Evaluating path: $
09:49:18.243 [main] DEBUG com.jayway.jsonpath.internal.path.CompiledPath -- Evaluating path: $
09:49:18.243 [main] DEBUG com.jayway.jsonpath.internal.JsonContext -- Put path $ key modifiers value {}
09:49:18.243 [main] DEBUG com.jayway.jsonpath.internal.path.CompiledPath -- Evaluating path: $
09:49:18.243 [main] DEBUG com.jayway.jsonpath.internal.JsonContext -- Put path $ key modifiers value 0
09:49:18.243 [main] DEBUG com.jayway.jsonpath.internal.path.CompiledPath -- Evaluating path: $['type']
09:49:18.243 [main] DEBUG com.jayway.jsonpath.internal.path.CompiledPath -- Evaluating path: $
09:49:18.243 [main] DEBUG com.jayway.jsonpath.internal.path.CompiledPath -- Evaluating path: $
09:49:18.243 [main] DEBUG com.jayway.jsonpath.internal.JsonContext -- Put path $ key type value {}
09:49:18.243 [main] DEBUG com.jayway.jsonpath.internal.path.CompiledPath -- Evaluating path: $
09:49:18.243 [main] DEBUG com.jayway.jsonpath.internal.JsonContext -- Put path $ key type value rawKeyDown
09:49:18.243 [main] DEBUG com.jayway.jsonpath.internal.path.CompiledPath -- Evaluating path: $['text']
09:49:18.243 [main] DEBUG com.jayway.jsonpath.internal.path.CompiledPath -- Evaluating path: $
09:49:18.243 [main] DEBUG com.jayway.jsonpath.internal.path.CompiledPath -- Evaluating path: $
09:49:18.243 [main] DEBUG com.jayway.jsonpath.internal.JsonContext -- Put path $ key text value {}
09:49:18.243 [main] DEBUG com.jayway.jsonpath.internal.path.CompiledPath -- Evaluating path: $
09:49:18.243 [main] DEBUG com.jayway.jsonpath.internal.JsonContext -- Put path $ key text value e
09:49:18.243 [main] DEBUG com.jayway.jsonpath.internal.path.CompiledPath -- Evaluating path: $['windowsVirtualKeyCode']
09:49:18.243 [main] DEBUG com.jayway.jsonpath.internal.path.CompiledPath -- Evaluating path: $
09:49:18.243 [main] DEBUG com.jayway.jsonpath.internal.path.CompiledPath -- Evaluating path: $
09:49:18.243 [main] DEBUG com.jayway.jsonpath.internal.JsonContext -- Put path $ key windowsVirtualKeyCode value {}
09:49:18.243 [main] DEBUG com.jayway.jsonpath.internal.path.CompiledPath -- Evaluating path: $
09:49:18.243 [main] DEBUG com.jayway.jsonpath.internal.JsonContext -- Put path $ key windowsVirtualKeyCode value 101
09:49:18.243 [main] DEBUG com.jayway.jsonpath.internal.path.CompiledPath -- Evaluating path: $
09:49:18.243 [main] DEBUG com.intuit.karate.driver.DriverOptions -- >> {"id":25,"sessionId":"B5AFF3D1548B41881E3261722BDA38AD","method":"Input.dispatchKeyEvent","params":{"modifiers":0,"type":"rawKeyDown","text":"e","windowsVirtualKeyCode":101}}
09:49:18.245 [nioEventLoopGroup-3-1] DEBUG com.intuit.karate.driver.DriverOptions -- << {"id":25,"result":{},"sessionId":"B5AFF3D1548B41881E3261722BDA38AD"}
09:49:18.245 [nioEventLoopGroup-3-1] DEBUG com.jayway.jsonpath.internal.path.CompiledPath -- Evaluating path: $
09:49:18.247 [main] DEBUG com.jayway.jsonpath.internal.path.CompiledPath -- Evaluating path: $['modifiers']
09:49:18.247 [main] DEBUG com.jayway.jsonpath.internal.path.CompiledPath -- Evaluating path: $
09:49:18.247 [main] DEBUG com.jayway.jsonpath.internal.path.CompiledPath -- Evaluating path: $
09:49:18.247 [main] DEBUG com.jayway.jsonpath.internal.JsonContext -- Put path $ key modifiers value {}
09:49:18.247 [main] DEBUG com.jayway.jsonpath.internal.path.CompiledPath -- Evaluating path: $
09:49:18.247 [main] DEBUG com.jayway.jsonpath.internal.JsonContext -- Put path $ key modifiers value 0
09:49:18.247 [main] DEBUG com.jayway.jsonpath.internal.path.CompiledPath -- Evaluating path: $['type']
09:49:18.247 [main] DEBUG com.jayway.jsonpath.internal.path.CompiledPath -- Evaluating path: $
09:49:18.247 [main] DEBUG com.jayway.jsonpath.internal.path.CompiledPath -- Evaluating path: $
09:49:18.247 [main] DEBUG com.jayway.jsonpath.internal.JsonContext -- Put path $ key type value {}
09:49:18.247 [main] DEBUG com.jayway.jsonpath.internal.path.CompiledPath -- Evaluating path: $
09:49:18.247 [main] DEBUG com.jayway.jsonpath.internal.JsonContext -- Put path $ key type value char
09:49:18.247 [main] DEBUG com.jayway.jsonpath.internal.path.CompiledPath -- Evaluating path: $['text']
09:49:18.247 [main] DEBUG com.jayway.jsonpath.internal.path.CompiledPath -- Evaluating path: $
09:49:18.247 [main] DEBUG com.jayway.jsonpath.internal.path.CompiledPath -- Evaluating path: $
09:49:18.247 [main] DEBUG com.jayway.jsonpath.internal.JsonContext -- Put path $ key text value {}
09:49:18.247 [main] DEBUG com.jayway.jsonpath.internal.path.CompiledPath -- Evaluating path: $
09:49:18.247 [main] DEBUG com.jayway.jsonpath.internal.JsonContext -- Put path $ key text value e
09:49:18.247 [main] DEBUG com.jayway.jsonpath.internal.path.CompiledPath -- Evaluating path: $['windowsVirtualKeyCode']
09:49:18.247 [main] DEBUG com.jayway.jsonpath.internal.path.CompiledPath -- Evaluating path: $
09:49:18.247 [main] DEBUG com.jayway.jsonpath.internal.path.CompiledPath -- Evaluating path: $
09:49:18.247 [main] DEBUG com.jayway.jsonpath.internal.JsonContext -- Put path $ key windowsVirtualKeyCode value {}
09:49:18.247 [main] DEBUG com.jayway.jsonpath.internal.path.CompiledPath -- Evaluating path: $
09:49:18.247 [main] DEBUG com.jayway.jsonpath.internal.JsonContext -- Put path $ key windowsVirtualKeyCode value 101
09:49:18.247 [main] DEBUG com.jayway.jsonpath.internal.path.CompiledPath -- Evaluating path: $
09:49:18.247 [main] DEBUG com.intuit.karate.driver.DriverOptions -- >> {"id":26,"sessionId":"B5AFF3D1548B41881E3261722BDA38AD","method":"Input.dispatchKeyEvent","params":{"modifiers":0,"type":"char","text":"e","windowsVirtualKeyCode":101}}
09:49:18.252 [nioEventLoopGroup-3-1] DEBUG com.intuit.karate.driver.DriverOptions -- << {"id":26,"result":{},"sessionId":"B5AFF3D1548B41881E3261722BDA38AD"}
09:49:18.253 [nioEventLoopGroup-3-1] DEBUG com.jayway.jsonpath.internal.path.CompiledPath -- Evaluating path: $
09:49:18.253 [main] DEBUG com.jayway.jsonpath.internal.path.CompiledPath -- Evaluating path: $['modifiers']
09:49:18.253 [main] DEBUG com.jayway.jsonpath.internal.path.CompiledPath -- Evaluating path: $
09:49:18.253 [main] DEBUG com.jayway.jsonpath.internal.path.CompiledPath -- Evaluating path: $
09:49:18.253 [main] DEBUG com.jayway.jsonpath.internal.JsonContext -- Put path $ key modifiers value {}
09:49:18.253 [main] DEBUG com.jayway.jsonpath.internal.path.CompiledPath -- Evaluating path: $
09:49:18.253 [main] DEBUG com.jayway.jsonpath.internal.JsonContext -- Put path $ key modifiers value 0
09:49:18.253 [main] DEBUG com.jayway.jsonpath.internal.path.CompiledPath -- Evaluating path: $['type']
09:49:18.253 [main] DEBUG com.jayway.jsonpath.internal.path.CompiledPath -- Evaluating path: $
09:49:18.253 [main] DEBUG com.jayway.jsonpath.internal.path.CompiledPath -- Evaluating path: $
09:49:18.253 [main] DEBUG com.jayway.jsonpath.internal.JsonContext -- Put path $ key type value {}
09:49:18.253 [main] DEBUG com.jayway.jsonpath.internal.path.CompiledPath -- Evaluating path: $
09:49:18.253 [main] DEBUG com.jayway.jsonpath.internal.JsonContext -- Put path $ key type value keyUp
09:49:18.253 [main] DEBUG com.jayway.jsonpath.internal.path.CompiledPath -- Evaluating path: $['text']
09:49:18.253 [main] DEBUG com.jayway.jsonpath.internal.path.CompiledPath -- Evaluating path: $
09:49:18.253 [main] DEBUG com.jayway.jsonpath.internal.path.CompiledPath -- Evaluating path: $
09:49:18.253 [main] DEBUG com.jayway.jsonpath.internal.JsonContext -- Put path $ key text value {}
09:49:18.253 [main] DEBUG com.jayway.jsonpath.internal.path.CompiledPath -- Evaluating path: $
09:49:18.253 [main] DEBUG com.jayway.jsonpath.internal.JsonContext -- Put path $ key text value e
09:49:18.253 [main] DEBUG com.jayway.jsonpath.internal.path.CompiledPath -- Evaluating path: $['windowsVirtualKeyCode']
09:49:18.253 [main] DEBUG com.jayway.jsonpath.internal.path.CompiledPath -- Evaluating path: $
09:49:18.253 [main] DEBUG com.jayway.jsonpath.internal.path.CompiledPath -- Evaluating path: $
09:49:18.253 [main] DEBUG com.jayway.jsonpath.internal.JsonContext -- Put path $ key windowsVirtualKeyCode value {}
09:49:18.253 [main] DEBUG com.jayway.jsonpath.internal.path.CompiledPath -- Evaluating path: $
09:49:18.253 [main] DEBUG com.jayway.jsonpath.internal.JsonContext -- Put path $ key windowsVirtualKeyCode value 101
09:49:18.253 [main] DEBUG com.jayway.jsonpath.internal.path.CompiledPath -- Evaluating path: $
09:49:18.253 [main] DEBUG com.intuit.karate.driver.DriverOptions -- >> {"id":27,"sessionId":"B5AFF3D1548B41881E3261722BDA38AD","method":"Input.dispatchKeyEvent","params":{"modifiers":0,"type":"keyUp","text":"e","windowsVirtualKeyCode":101}}
09:49:18.258 [nioEventLoopGroup-3-1] DEBUG com.intuit.karate.driver.DriverOptions -- << {"id":27,"result":{},"sessionId":"B5AFF3D1548B41881E3261722BDA38AD"}
09:49:18.258 [nioEventLoopGroup-3-1] DEBUG com.jayway.jsonpath.internal.path.CompiledPath -- Evaluating path: $
09:49:18.260 [main] DEBUG com.jayway.jsonpath.internal.path.CompiledPath -- Evaluating path: $['modifiers']
09:49:18.260 [main] DEBUG com.jayway.jsonpath.internal.path.CompiledPath -- Evaluating path: $
09:49:18.260 [main] DEBUG com.jayway.jsonpath.internal.path.CompiledPath -- Evaluating path: $
09:49:18.260 [main] DEBUG com.jayway.jsonpath.internal.JsonContext -- Put path $ key modifiers value {}
09:49:18.260 [main] DEBUG com.jayway.jsonpath.internal.path.CompiledPath -- Evaluating path: $
09:49:18.260 [main] DEBUG com.jayway.jsonpath.internal.JsonContext -- Put path $ key modifiers value 0
09:49:18.260 [main] DEBUG com.jayway.jsonpath.internal.path.CompiledPath -- Evaluating path: $['type']
09:49:18.260 [main] DEBUG com.jayway.jsonpath.internal.path.CompiledPath -- Evaluating path: $
09:49:18.260 [main] DEBUG com.jayway.jsonpath.internal.path.CompiledPath -- Evaluating path: $
09:49:18.260 [main] DEBUG com.jayway.jsonpath.internal.JsonContext -- Put path $ key type value {}
09:49:18.260 [main] DEBUG com.jayway.jsonpath.internal.path.CompiledPath -- Evaluating path: $
09:49:18.260 [main] DEBUG com.jayway.jsonpath.internal.JsonContext -- Put path $ key type value rawKeyDown
09:49:18.260 [main] DEBUG com.jayway.jsonpath.internal.path.CompiledPath -- Evaluating path: $['text']
09:49:18.260 [main] DEBUG com.jayway.jsonpath.internal.path.CompiledPath -- Evaluating path: $
09:49:18.260 [main] DEBUG com.jayway.jsonpath.internal.path.CompiledPath -- Evaluating path: $
09:49:18.260 [main] DEBUG com.jayway.jsonpath.internal.JsonContext -- Put path $ key text value {}
09:49:18.260 [main] DEBUG com.jayway.jsonpath.internal.path.CompiledPath -- Evaluating path: $
09:49:18.260 [main] DEBUG com.jayway.jsonpath.internal.JsonContext -- Put path $ key text value  
09:49:18.260 [main] DEBUG com.jayway.jsonpath.internal.path.CompiledPath -- Evaluating path: $['windowsVirtualKeyCode']
09:49:18.260 [main] DEBUG com.jayway.jsonpath.internal.path.CompiledPath -- Evaluating path: $
09:49:18.260 [main] DEBUG com.jayway.jsonpath.internal.path.CompiledPath -- Evaluating path: $
09:49:18.260 [main] DEBUG com.jayway.jsonpath.internal.JsonContext -- Put path $ key windowsVirtualKeyCode value {}
09:49:18.260 [main] DEBUG com.jayway.jsonpath.internal.path.CompiledPath -- Evaluating path: $
09:49:18.260 [main] DEBUG com.jayway.jsonpath.internal.JsonContext -- Put path $ key windowsVirtualKeyCode value 32
09:49:18.260 [main] DEBUG com.jayway.jsonpath.internal.path.CompiledPath -- Evaluating path: $
09:49:18.260 [main] DEBUG com.intuit.karate.driver.DriverOptions -- >> {"id":28,"sessionId":"B5AFF3D1548B41881E3261722BDA38AD","method":"Input.dispatchKeyEvent","params":{"modifiers":0,"type":"rawKeyDown","text":" ","windowsVirtualKeyCode":32}}
09:49:18.264 [nioEventLoopGroup-3-1] DEBUG com.intuit.karate.driver.DriverOptions -- << {"id":28,"result":{},"sessionId":"B5AFF3D1548B41881E3261722BDA38AD"}
09:49:18.264 [nioEventLoopGroup-3-1] DEBUG com.jayway.jsonpath.internal.path.CompiledPath -- Evaluating path: $
09:49:18.264 [main] DEBUG com.jayway.jsonpath.internal.path.CompiledPath -- Evaluating path: $['modifiers']
09:49:18.264 [main] DEBUG com.jayway.jsonpath.internal.path.CompiledPath -- Evaluating path: $
09:49:18.264 [main] DEBUG com.jayway.jsonpath.internal.path.CompiledPath -- Evaluating path: $
09:49:18.264 [main] DEBUG com.jayway.jsonpath.internal.JsonContext -- Put path $ key modifiers value {}
09:49:18.264 [main] DEBUG com.jayway.jsonpath.internal.path.CompiledPath -- Evaluating path: $
09:49:18.264 [main] DEBUG com.jayway.jsonpath.internal.JsonContext -- Put path $ key modifiers value 0
09:49:18.264 [main] DEBUG com.jayway.jsonpath.internal.path.CompiledPath -- Evaluating path: $['type']
09:49:18.264 [main] DEBUG com.jayway.jsonpath.internal.path.CompiledPath -- Evaluating path: $
09:49:18.264 [main] DEBUG com.jayway.jsonpath.internal.path.CompiledPath -- Evaluating path: $
09:49:18.264 [main] DEBUG com.jayway.jsonpath.internal.JsonContext -- Put path $ key type value {}
09:49:18.264 [main] DEBUG com.jayway.jsonpath.internal.path.CompiledPath -- Evaluating path: $
09:49:18.264 [main] DEBUG com.jayway.jsonpath.internal.JsonContext -- Put path $ key type value char
09:49:18.264 [main] DEBUG com.jayway.jsonpath.internal.path.CompiledPath -- Evaluating path: $['text']
09:49:18.264 [main] DEBUG com.jayway.jsonpath.internal.path.CompiledPath -- Evaluating path: $
09:49:18.264 [main] DEBUG com.jayway.jsonpath.internal.path.CompiledPath -- Evaluating path: $
09:49:18.264 [main] DEBUG com.jayway.jsonpath.internal.JsonContext -- Put path $ key text value {}
09:49:18.264 [main] DEBUG com.jayway.jsonpath.internal.path.CompiledPath -- Evaluating path: $
09:49:18.264 [main] DEBUG com.jayway.jsonpath.internal.JsonContext -- Put path $ key text value  
09:49:18.264 [main] DEBUG com.jayway.jsonpath.internal.path.CompiledPath -- Evaluating path: $['windowsVirtualKeyCode']
09:49:18.264 [main] DEBUG com.jayway.jsonpath.internal.path.CompiledPath -- Evaluating path: $
09:49:18.264 [main] DEBUG com.jayway.jsonpath.internal.path.CompiledPath -- Evaluating path: $
09:49:18.264 [main] DEBUG com.jayway.jsonpath.internal.JsonContext -- Put path $ key windowsVirtualKeyCode value {}
09:49:18.264 [main] DEBUG com.jayway.jsonpath.internal.path.CompiledPath -- Evaluating path: $
09:49:18.264 [main] DEBUG com.jayway.jsonpath.internal.JsonContext -- Put path $ key windowsVirtualKeyCode value 32
09:49:18.264 [main] DEBUG com.jayway.jsonpath.internal.path.CompiledPath -- Evaluating path: $
09:49:18.264 [main] DEBUG com.intuit.karate.driver.DriverOptions -- >> {"id":29,"sessionId":"B5AFF3D1548B41881E3261722BDA38AD","method":"Input.dispatchKeyEvent","params":{"modifiers":0,"type":"char","text":" ","windowsVirtualKeyCode":32}}
09:49:18.267 [nioEventLoopGroup-3-1] DEBUG com.intuit.karate.driver.DriverOptions -- << {"id":29,"result":{},"sessionId":"B5AFF3D1548B41881E3261722BDA38AD"}
09:49:18.268 [nioEventLoopGroup-3-1] DEBUG com.jayway.jsonpath.internal.path.CompiledPath -- Evaluating path: $
09:49:18.268 [main] DEBUG com.jayway.jsonpath.internal.path.CompiledPath -- Evaluating path: $['modifiers']
09:49:18.268 [main] DEBUG com.jayway.jsonpath.internal.path.CompiledPath -- Evaluating path: $
09:49:18.268 [main] DEBUG com.jayway.jsonpath.internal.path.CompiledPath -- Evaluating path: $
09:49:18.268 [main] DEBUG com.jayway.jsonpath.internal.JsonContext -- Put path $ key modifiers value {}
09:49:18.268 [main] DEBUG com.jayway.jsonpath.internal.path.CompiledPath -- Evaluating path: $
09:49:18.268 [main] DEBUG com.jayway.jsonpath.internal.JsonContext -- Put path $ key modifiers value 0
09:49:18.268 [main] DEBUG com.jayway.jsonpath.internal.path.CompiledPath -- Evaluating path: $['type']
09:49:18.268 [main] DEBUG com.jayway.jsonpath.internal.path.CompiledPath -- Evaluating path: $
09:49:18.268 [main] DEBUG com.jayway.jsonpath.internal.path.CompiledPath -- Evaluating path: $
09:49:18.268 [main] DEBUG com.jayway.jsonpath.internal.JsonContext -- Put path $ key type value {}
09:49:18.268 [main] DEBUG com.jayway.jsonpath.internal.path.CompiledPath -- Evaluating path: $
09:49:18.268 [main] DEBUG com.jayway.jsonpath.internal.JsonContext -- Put path $ key type value keyUp
09:49:18.268 [main] DEBUG com.jayway.jsonpath.internal.path.CompiledPath -- Evaluating path: $['text']
09:49:18.268 [main] DEBUG com.jayway.jsonpath.internal.path.CompiledPath -- Evaluating path: $
09:49:18.268 [main] DEBUG com.jayway.jsonpath.internal.path.CompiledPath -- Evaluating path: $
09:49:18.268 [main] DEBUG com.jayway.jsonpath.internal.JsonContext -- Put path $ key text value {}
09:49:18.268 [main] DEBUG com.jayway.jsonpath.internal.path.CompiledPath -- Evaluating path: $
09:49:18.268 [main] DEBUG com.jayway.jsonpath.internal.JsonContext -- Put path $ key text value  
09:49:18.268 [main] DEBUG com.jayway.jsonpath.internal.path.CompiledPath -- Evaluating path: $['windowsVirtualKeyCode']
09:49:18.268 [main] DEBUG com.jayway.jsonpath.internal.path.CompiledPath -- Evaluating path: $
09:49:18.268 [main] DEBUG com.jayway.jsonpath.internal.path.CompiledPath -- Evaluating path: $
09:49:18.268 [main] DEBUG com.jayway.jsonpath.internal.JsonContext -- Put path $ key windowsVirtualKeyCode value {}
09:49:18.268 [main] DEBUG com.jayway.jsonpath.internal.path.CompiledPath -- Evaluating path: $
09:49:18.268 [main] DEBUG com.jayway.jsonpath.internal.JsonContext -- Put path $ key windowsVirtualKeyCode value 32
09:49:18.268 [main] DEBUG com.jayway.jsonpath.internal.path.CompiledPath -- Evaluating path: $
09:49:18.268 [main] DEBUG com.intuit.karate.driver.DriverOptions -- >> {"id":30,"sessionId":"B5AFF3D1548B41881E3261722BDA38AD","method":"Input.dispatchKeyEvent","params":{"modifiers":0,"type":"keyUp","text":" ","windowsVirtualKeyCode":32}}
09:49:18.271 [nioEventLoopGroup-3-1] DEBUG com.intuit.karate.driver.DriverOptions -- << {"id":30,"result":{},"sessionId":"B5AFF3D1548B41881E3261722BDA38AD"}
09:49:18.271 [nioEventLoopGroup-3-1] DEBUG com.jayway.jsonpath.internal.path.CompiledPath -- Evaluating path: $
09:49:18.272 [main] DEBUG com.jayway.jsonpath.internal.path.CompiledPath -- Evaluating path: $['modifiers']
09:49:18.272 [main] DEBUG com.jayway.jsonpath.internal.path.CompiledPath -- Evaluating path: $
09:49:18.272 [main] DEBUG com.jayway.jsonpath.internal.path.CompiledPath -- Evaluating path: $
09:49:18.272 [main] DEBUG com.jayway.jsonpath.internal.JsonContext -- Put path $ key modifiers value {}
09:49:18.272 [main] DEBUG com.jayway.jsonpath.internal.path.CompiledPath -- Evaluating path: $
09:49:18.272 [main] DEBUG com.jayway.jsonpath.internal.JsonContext -- Put path $ key modifiers value 0
09:49:18.272 [main] DEBUG com.jayway.jsonpath.internal.path.CompiledPath -- Evaluating path: $['type']
09:49:18.272 [main] DEBUG com.jayway.jsonpath.internal.path.CompiledPath -- Evaluating path: $
09:49:18.272 [main] DEBUG com.jayway.jsonpath.internal.path.CompiledPath -- Evaluating path: $
09:49:18.272 [main] DEBUG com.jayway.jsonpath.internal.JsonContext -- Put path $ key type value {}
09:49:18.272 [main] DEBUG com.jayway.jsonpath.internal.path.CompiledPath -- Evaluating path: $
09:49:18.272 [main] DEBUG com.jayway.jsonpath.internal.JsonContext -- Put path $ key type value rawKeyDown
09:49:18.272 [main] DEBUG com.jayway.jsonpath.internal.path.CompiledPath -- Evaluating path: $['text']
09:49:18.272 [main] DEBUG com.jayway.jsonpath.internal.path.CompiledPath -- Evaluating path: $
09:49:18.272 [main] DEBUG com.jayway.jsonpath.internal.path.CompiledPath -- Evaluating path: $
09:49:18.272 [main] DEBUG com.jayway.jsonpath.internal.JsonContext -- Put path $ key text value {}
09:49:18.272 [main] DEBUG com.jayway.jsonpath.internal.path.CompiledPath -- Evaluating path: $
09:49:18.272 [main] DEBUG com.jayway.jsonpath.internal.JsonContext -- Put path $ key text value d
09:49:18.272 [main] DEBUG com.jayway.jsonpath.internal.path.CompiledPath -- Evaluating path: $['windowsVirtualKeyCode']
09:49:18.272 [main] DEBUG com.jayway.jsonpath.internal.path.CompiledPath -- Evaluating path: $
09:49:18.272 [main] DEBUG com.jayway.jsonpath.internal.path.CompiledPath -- Evaluating path: $
09:49:18.272 [main] DEBUG com.jayway.jsonpath.internal.JsonContext -- Put path $ key windowsVirtualKeyCode value {}
09:49:18.272 [main] DEBUG com.jayway.jsonpath.internal.path.CompiledPath -- Evaluating path: $
09:49:18.272 [main] DEBUG com.jayway.jsonpath.internal.JsonContext -- Put path $ key windowsVirtualKeyCode value 100
09:49:18.272 [main] DEBUG com.jayway.jsonpath.internal.path.CompiledPath -- Evaluating path: $
09:49:18.272 [main] DEBUG com.intuit.karate.driver.DriverOptions -- >> {"id":31,"sessionId":"B5AFF3D1548B41881E3261722BDA38AD","method":"Input.dispatchKeyEvent","params":{"modifiers":0,"type":"rawKeyDown","text":"d","windowsVirtualKeyCode":100}}
09:49:18.275 [nioEventLoopGroup-3-1] DEBUG com.intuit.karate.driver.DriverOptions -- << {"id":31,"result":{},"sessionId":"B5AFF3D1548B41881E3261722BDA38AD"}
09:49:18.275 [nioEventLoopGroup-3-1] DEBUG com.jayway.jsonpath.internal.path.CompiledPath -- Evaluating path: $
09:49:18.275 [main] DEBUG com.jayway.jsonpath.internal.path.CompiledPath -- Evaluating path: $['modifiers']
09:49:18.275 [main] DEBUG com.jayway.jsonpath.internal.path.CompiledPath -- Evaluating path: $
09:49:18.276 [main] DEBUG com.jayway.jsonpath.internal.path.CompiledPath -- Evaluating path: $
09:49:18.276 [main] DEBUG com.jayway.jsonpath.internal.JsonContext -- Put path $ key modifiers value {}
09:49:18.276 [main] DEBUG com.jayway.jsonpath.internal.path.CompiledPath -- Evaluating path: $
09:49:18.276 [main] DEBUG com.jayway.jsonpath.internal.JsonContext -- Put path $ key modifiers value 0
09:49:18.276 [main] DEBUG com.jayway.jsonpath.internal.path.CompiledPath -- Evaluating path: $['type']
09:49:18.276 [main] DEBUG com.jayway.jsonpath.internal.path.CompiledPath -- Evaluating path: $
09:49:18.276 [main] DEBUG com.jayway.jsonpath.internal.path.CompiledPath -- Evaluating path: $
09:49:18.276 [main] DEBUG com.jayway.jsonpath.internal.JsonContext -- Put path $ key type value {}
09:49:18.276 [main] DEBUG com.jayway.jsonpath.internal.path.CompiledPath -- Evaluating path: $
09:49:18.276 [main] DEBUG com.jayway.jsonpath.internal.JsonContext -- Put path $ key type value char
09:49:18.276 [main] DEBUG com.jayway.jsonpath.internal.path.CompiledPath -- Evaluating path: $['text']
09:49:18.276 [main] DEBUG com.jayway.jsonpath.internal.path.CompiledPath -- Evaluating path: $
09:49:18.276 [main] DEBUG com.jayway.jsonpath.internal.path.CompiledPath -- Evaluating path: $
09:49:18.276 [main] DEBUG com.jayway.jsonpath.internal.JsonContext -- Put path $ key text value {}
09:49:18.276 [main] DEBUG com.jayway.jsonpath.internal.path.CompiledPath -- Evaluating path: $
09:49:18.276 [main] DEBUG com.jayway.jsonpath.internal.JsonContext -- Put path $ key text value d
09:49:18.276 [main] DEBUG com.jayway.jsonpath.internal.path.CompiledPath -- Evaluating path: $['windowsVirtualKeyCode']
09:49:18.276 [main] DEBUG com.jayway.jsonpath.internal.path.CompiledPath -- Evaluating path: $
09:49:18.276 [main] DEBUG com.jayway.jsonpath.internal.path.CompiledPath -- Evaluating path: $
09:49:18.276 [main] DEBUG com.jayway.jsonpath.internal.JsonContext -- Put path $ key windowsVirtualKeyCode value {}
09:49:18.276 [main] DEBUG com.jayway.jsonpath.internal.path.CompiledPath -- Evaluating path: $
09:49:18.276 [main] DEBUG com.jayway.jsonpath.internal.JsonContext -- Put path $ key windowsVirtualKeyCode value 100
09:49:18.276 [main] DEBUG com.jayway.jsonpath.internal.path.CompiledPath -- Evaluating path: $
09:49:18.276 [main] DEBUG com.intuit.karate.driver.DriverOptions -- >> {"id":32,"sessionId":"B5AFF3D1548B41881E3261722BDA38AD","method":"Input.dispatchKeyEvent","params":{"modifiers":0,"type":"char","text":"d","windowsVirtualKeyCode":100}}
09:49:18.279 [nioEventLoopGroup-3-1] DEBUG com.intuit.karate.driver.DriverOptions -- << {"id":32,"result":{},"sessionId":"B5AFF3D1548B41881E3261722BDA38AD"}
09:49:18.279 [nioEventLoopGroup-3-1] DEBUG com.jayway.jsonpath.internal.path.CompiledPath -- Evaluating path: $
09:49:18.280 [main] DEBUG com.jayway.jsonpath.internal.path.CompiledPath -- Evaluating path: $['modifiers']
09:49:18.280 [main] DEBUG com.jayway.jsonpath.internal.path.CompiledPath -- Evaluating path: $
09:49:18.281 [main] DEBUG com.jayway.jsonpath.internal.path.CompiledPath -- Evaluating path: $
09:49:18.281 [main] DEBUG com.jayway.jsonpath.internal.JsonContext -- Put path $ key modifiers value {}
09:49:18.281 [main] DEBUG com.jayway.jsonpath.internal.path.CompiledPath -- Evaluating path: $
09:49:18.281 [main] DEBUG com.jayway.jsonpath.internal.JsonContext -- Put path $ key modifiers value 0
09:49:18.281 [main] DEBUG com.jayway.jsonpath.internal.path.CompiledPath -- Evaluating path: $['type']
09:49:18.281 [main] DEBUG com.jayway.jsonpath.internal.path.CompiledPath -- Evaluating path: $
09:49:18.281 [main] DEBUG com.jayway.jsonpath.internal.path.CompiledPath -- Evaluating path: $
09:49:18.281 [main] DEBUG com.jayway.jsonpath.internal.JsonContext -- Put path $ key type value {}
09:49:18.281 [main] DEBUG com.jayway.jsonpath.internal.path.CompiledPath -- Evaluating path: $
09:49:18.281 [main] DEBUG com.jayway.jsonpath.internal.JsonContext -- Put path $ key type value keyUp
09:49:18.281 [main] DEBUG com.jayway.jsonpath.internal.path.CompiledPath -- Evaluating path: $['text']
09:49:18.281 [main] DEBUG com.jayway.jsonpath.internal.path.CompiledPath -- Evaluating path: $
09:49:18.281 [main] DEBUG com.jayway.jsonpath.internal.path.CompiledPath -- Evaluating path: $
09:49:18.281 [main] DEBUG com.jayway.jsonpath.internal.JsonContext -- Put path $ key text value {}
09:49:18.281 [main] DEBUG com.jayway.jsonpath.internal.path.CompiledPath -- Evaluating path: $
09:49:18.281 [main] DEBUG com.jayway.jsonpath.internal.JsonContext -- Put path $ key text value d
09:49:18.281 [main] DEBUG com.jayway.jsonpath.internal.path.CompiledPath -- Evaluating path: $['windowsVirtualKeyCode']
09:49:18.281 [main] DEBUG com.jayway.jsonpath.internal.path.CompiledPath -- Evaluating path: $
09:49:18.281 [main] DEBUG com.jayway.jsonpath.internal.path.CompiledPath -- Evaluating path: $
09:49:18.281 [main] DEBUG com.jayway.jsonpath.internal.JsonContext -- Put path $ key windowsVirtualKeyCode value {}
09:49:18.281 [main] DEBUG com.jayway.jsonpath.internal.path.CompiledPath -- Evaluating path: $
09:49:18.281 [main] DEBUG com.jayway.jsonpath.internal.JsonContext -- Put path $ key windowsVirtualKeyCode value 100
09:49:18.281 [main] DEBUG com.jayway.jsonpath.internal.path.CompiledPath -- Evaluating path: $
09:49:18.281 [main] DEBUG com.intuit.karate.driver.DriverOptions -- >> {"id":33,"sessionId":"B5AFF3D1548B41881E3261722BDA38AD","method":"Input.dispatchKeyEvent","params":{"modifiers":0,"type":"keyUp","text":"d","windowsVirtualKeyCode":100}}
09:49:18.284 [nioEventLoopGroup-3-1] DEBUG com.intuit.karate.driver.DriverOptions -- << {"id":33,"result":{},"sessionId":"B5AFF3D1548B41881E3261722BDA38AD"}
09:49:18.284 [nioEventLoopGroup-3-1] DEBUG com.jayway.jsonpath.internal.path.CompiledPath -- Evaluating path: $
09:49:18.284 [main] DEBUG com.jayway.jsonpath.internal.path.CompiledPath -- Evaluating path: $['modifiers']
09:49:18.284 [main] DEBUG com.jayway.jsonpath.internal.path.CompiledPath -- Evaluating path: $
09:49:18.284 [main] DEBUG com.jayway.jsonpath.internal.path.CompiledPath -- Evaluating path: $
09:49:18.284 [main] DEBUG com.jayway.jsonpath.internal.JsonContext -- Put path $ key modifiers value {}
09:49:18.284 [main] DEBUG com.jayway.jsonpath.internal.path.CompiledPath -- Evaluating path: $
09:49:18.284 [main] DEBUG com.jayway.jsonpath.internal.JsonContext -- Put path $ key modifiers value 0
09:49:18.284 [main] DEBUG com.jayway.jsonpath.internal.path.CompiledPath -- Evaluating path: $['type']
09:49:18.284 [main] DEBUG com.jayway.jsonpath.internal.path.CompiledPath -- Evaluating path: $
09:49:18.284 [main] DEBUG com.jayway.jsonpath.internal.path.CompiledPath -- Evaluating path: $
09:49:18.284 [main] DEBUG com.jayway.jsonpath.internal.JsonContext -- Put path $ key type value {}
09:49:18.284 [main] DEBUG com.jayway.jsonpath.internal.path.CompiledPath -- Evaluating path: $
09:49:18.284 [main] DEBUG com.jayway.jsonpath.internal.JsonContext -- Put path $ key type value rawKeyDown
09:49:18.284 [main] DEBUG com.jayway.jsonpath.internal.path.CompiledPath -- Evaluating path: $['text']
09:49:18.284 [main] DEBUG com.jayway.jsonpath.internal.path.CompiledPath -- Evaluating path: $
09:49:18.284 [main] DEBUG com.jayway.jsonpath.internal.path.CompiledPath -- Evaluating path: $
09:49:18.284 [main] DEBUG com.jayway.jsonpath.internal.JsonContext -- Put path $ key text value {}
09:49:18.284 [main] DEBUG com.jayway.jsonpath.internal.path.CompiledPath -- Evaluating path: $
09:49:18.284 [main] DEBUG com.jayway.jsonpath.internal.JsonContext -- Put path $ key text value s
09:49:18.284 [main] DEBUG com.jayway.jsonpath.internal.path.CompiledPath -- Evaluating path: $['windowsVirtualKeyCode']
09:49:18.284 [main] DEBUG com.jayway.jsonpath.internal.path.CompiledPath -- Evaluating path: $
09:49:18.284 [main] DEBUG com.jayway.jsonpath.internal.path.CompiledPath -- Evaluating path: $
09:49:18.284 [main] DEBUG com.jayway.jsonpath.internal.JsonContext -- Put path $ key windowsVirtualKeyCode value {}
09:49:18.284 [main] DEBUG com.jayway.jsonpath.internal.path.CompiledPath -- Evaluating path: $
09:49:18.284 [main] DEBUG com.jayway.jsonpath.internal.JsonContext -- Put path $ key windowsVirtualKeyCode value 115
09:49:18.286 [main] DEBUG com.jayway.jsonpath.internal.path.CompiledPath -- Evaluating path: $
09:49:18.288 [main] DEBUG com.intuit.karate.driver.DriverOptions -- >> {"id":34,"sessionId":"B5AFF3D1548B41881E3261722BDA38AD","method":"Input.dispatchKeyEvent","params":{"modifiers":0,"type":"rawKeyDown","text":"s","windowsVirtualKeyCode":115}}
09:49:18.290 [nioEventLoopGroup-3-1] DEBUG com.intuit.karate.driver.DriverOptions -- << {"id":34,"result":{},"sessionId":"B5AFF3D1548B41881E3261722BDA38AD"}
09:49:18.290 [nioEventLoopGroup-3-1] DEBUG com.jayway.jsonpath.internal.path.CompiledPath -- Evaluating path: $
09:49:18.291 [main] DEBUG com.jayway.jsonpath.internal.path.CompiledPath -- Evaluating path: $['modifiers']
09:49:18.291 [main] DEBUG com.jayway.jsonpath.internal.path.CompiledPath -- Evaluating path: $
09:49:18.291 [main] DEBUG com.jayway.jsonpath.internal.path.CompiledPath -- Evaluating path: $
09:49:18.291 [main] DEBUG com.jayway.jsonpath.internal.JsonContext -- Put path $ key modifiers value {}
09:49:18.291 [main] DEBUG com.jayway.jsonpath.internal.path.CompiledPath -- Evaluating path: $
09:49:18.291 [main] DEBUG com.jayway.jsonpath.internal.JsonContext -- Put path $ key modifiers value 0
09:49:18.291 [main] DEBUG com.jayway.jsonpath.internal.path.CompiledPath -- Evaluating path: $['type']
09:49:18.291 [main] DEBUG com.jayway.jsonpath.internal.path.CompiledPath -- Evaluating path: $
09:49:18.291 [main] DEBUG com.jayway.jsonpath.internal.path.CompiledPath -- Evaluating path: $
09:49:18.291 [main] DEBUG com.jayway.jsonpath.internal.JsonContext -- Put path $ key type value {}
09:49:18.291 [main] DEBUG com.jayway.jsonpath.internal.path.CompiledPath -- Evaluating path: $
09:49:18.291 [main] DEBUG com.jayway.jsonpath.internal.JsonContext -- Put path $ key type value char
09:49:18.291 [main] DEBUG com.jayway.jsonpath.internal.path.CompiledPath -- Evaluating path: $['text']
09:49:18.291 [main] DEBUG com.jayway.jsonpath.internal.path.CompiledPath -- Evaluating path: $
09:49:18.291 [main] DEBUG com.jayway.jsonpath.internal.path.CompiledPath -- Evaluating path: $
09:49:18.291 [main] DEBUG com.jayway.jsonpath.internal.JsonContext -- Put path $ key text value {}
09:49:18.291 [main] DEBUG com.jayway.jsonpath.internal.path.CompiledPath -- Evaluating path: $
09:49:18.291 [main] DEBUG com.jayway.jsonpath.internal.JsonContext -- Put path $ key text value s
09:49:18.291 [main] DEBUG com.jayway.jsonpath.internal.path.CompiledPath -- Evaluating path: $['windowsVirtualKeyCode']
09:49:18.291 [main] DEBUG com.jayway.jsonpath.internal.path.CompiledPath -- Evaluating path: $
09:49:18.291 [main] DEBUG com.jayway.jsonpath.internal.path.CompiledPath -- Evaluating path: $
09:49:18.291 [main] DEBUG com.jayway.jsonpath.internal.JsonContext -- Put path $ key windowsVirtualKeyCode value {}
09:49:18.291 [main] DEBUG com.jayway.jsonpath.internal.path.CompiledPath -- Evaluating path: $
09:49:18.291 [main] DEBUG com.jayway.jsonpath.internal.JsonContext -- Put path $ key windowsVirtualKeyCode value 115
09:49:18.291 [main] DEBUG com.jayway.jsonpath.internal.path.CompiledPath -- Evaluating path: $
09:49:18.291 [main] DEBUG com.intuit.karate.driver.DriverOptions -- >> {"id":35,"sessionId":"B5AFF3D1548B41881E3261722BDA38AD","method":"Input.dispatchKeyEvent","params":{"modifiers":0,"type":"char","text":"s","windowsVirtualKeyCode":115}}
09:49:18.294 [nioEventLoopGroup-3-1] DEBUG com.intuit.karate.driver.DriverOptions -- << {"id":35,"result":{},"sessionId":"B5AFF3D1548B41881E3261722BDA38AD"}
09:49:18.295 [nioEventLoopGroup-3-1] DEBUG com.jayway.jsonpath.internal.path.CompiledPath -- Evaluating path: $
09:49:18.297 [main] DEBUG com.jayway.jsonpath.internal.path.CompiledPath -- Evaluating path: $['modifiers']
09:49:18.298 [main] DEBUG com.jayway.jsonpath.internal.path.CompiledPath -- Evaluating path: $
09:49:18.298 [main] DEBUG com.jayway.jsonpath.internal.path.CompiledPath -- Evaluating path: $
09:49:18.298 [main] DEBUG com.jayway.jsonpath.internal.JsonContext -- Put path $ key modifiers value {}
09:49:18.298 [main] DEBUG com.jayway.jsonpath.internal.path.CompiledPath -- Evaluating path: $
09:49:18.298 [main] DEBUG com.jayway.jsonpath.internal.JsonContext -- Put path $ key modifiers value 0
09:49:18.298 [main] DEBUG com.jayway.jsonpath.internal.path.CompiledPath -- Evaluating path: $['type']
09:49:18.298 [main] DEBUG com.jayway.jsonpath.internal.path.CompiledPath -- Evaluating path: $
09:49:18.298 [main] DEBUG com.jayway.jsonpath.internal.path.CompiledPath -- Evaluating path: $
09:49:18.298 [main] DEBUG com.jayway.jsonpath.internal.JsonContext -- Put path $ key type value {}
09:49:18.298 [main] DEBUG com.jayway.jsonpath.internal.path.CompiledPath -- Evaluating path: $
09:49:18.298 [main] DEBUG com.jayway.jsonpath.internal.JsonContext -- Put path $ key type value keyUp
09:49:18.298 [main] DEBUG com.jayway.jsonpath.internal.path.CompiledPath -- Evaluating path: $['text']
09:49:18.298 [main] DEBUG com.jayway.jsonpath.internal.path.CompiledPath -- Evaluating path: $
09:49:18.298 [main] DEBUG com.jayway.jsonpath.internal.path.CompiledPath -- Evaluating path: $
09:49:18.298 [main] DEBUG com.jayway.jsonpath.internal.JsonContext -- Put path $ key text value {}
09:49:18.298 [main] DEBUG com.jayway.jsonpath.internal.path.CompiledPath -- Evaluating path: $
09:49:18.298 [main] DEBUG com.jayway.jsonpath.internal.JsonContext -- Put path $ key text value s
09:49:18.298 [main] DEBUG com.jayway.jsonpath.internal.path.CompiledPath -- Evaluating path: $['windowsVirtualKeyCode']
09:49:18.298 [main] DEBUG com.jayway.jsonpath.internal.path.CompiledPath -- Evaluating path: $
09:49:18.298 [main] DEBUG com.jayway.jsonpath.internal.path.CompiledPath -- Evaluating path: $
09:49:18.298 [main] DEBUG com.jayway.jsonpath.internal.JsonContext -- Put path $ key windowsVirtualKeyCode value {}
09:49:18.298 [main] DEBUG com.jayway.jsonpath.internal.path.CompiledPath -- Evaluating path: $
09:49:18.298 [main] DEBUG com.jayway.jsonpath.internal.JsonContext -- Put path $ key windowsVirtualKeyCode value 115
09:49:18.298 [main] DEBUG com.jayway.jsonpath.internal.path.CompiledPath -- Evaluating path: $
09:49:18.298 [main] DEBUG com.intuit.karate.driver.DriverOptions -- >> {"id":36,"sessionId":"B5AFF3D1548B41881E3261722BDA38AD","method":"Input.dispatchKeyEvent","params":{"modifiers":0,"type":"keyUp","text":"s","windowsVirtualKeyCode":115}}
09:49:18.300 [nioEventLoopGroup-3-1] DEBUG com.intuit.karate.driver.DriverOptions -- << {"id":36,"result":{},"sessionId":"B5AFF3D1548B41881E3261722BDA38AD"}
09:49:18.301 [nioEventLoopGroup-3-1] DEBUG com.jayway.jsonpath.internal.path.CompiledPath -- Evaluating path: $
09:49:18.301 [main] DEBUG com.jayway.jsonpath.internal.path.CompiledPath -- Evaluating path: $['modifiers']
09:49:18.301 [main] DEBUG com.jayway.jsonpath.internal.path.CompiledPath -- Evaluating path: $
09:49:18.301 [main] DEBUG com.jayway.jsonpath.internal.path.CompiledPath -- Evaluating path: $
09:49:18.301 [main] DEBUG com.jayway.jsonpath.internal.JsonContext -- Put path $ key modifiers value {}
09:49:18.301 [main] DEBUG com.jayway.jsonpath.internal.path.CompiledPath -- Evaluating path: $
09:49:18.301 [main] DEBUG com.jayway.jsonpath.internal.JsonContext -- Put path $ key modifiers value 0
09:49:18.301 [main] DEBUG com.jayway.jsonpath.internal.path.CompiledPath -- Evaluating path: $['type']
09:49:18.301 [main] DEBUG com.jayway.jsonpath.internal.path.CompiledPath -- Evaluating path: $
09:49:18.301 [main] DEBUG com.jayway.jsonpath.internal.path.CompiledPath -- Evaluating path: $
09:49:18.301 [main] DEBUG com.jayway.jsonpath.internal.JsonContext -- Put path $ key type value {}
09:49:18.301 [main] DEBUG com.jayway.jsonpath.internal.path.CompiledPath -- Evaluating path: $
09:49:18.301 [main] DEBUG com.jayway.jsonpath.internal.JsonContext -- Put path $ key type value rawKeyDown
09:49:18.301 [main] DEBUG com.jayway.jsonpath.internal.path.CompiledPath -- Evaluating path: $['text']
09:49:18.301 [main] DEBUG com.jayway.jsonpath.internal.path.CompiledPath -- Evaluating path: $
09:49:18.301 [main] DEBUG com.jayway.jsonpath.internal.path.CompiledPath -- Evaluating path: $
09:49:18.301 [main] DEBUG com.jayway.jsonpath.internal.JsonContext -- Put path $ key text value {}
09:49:18.301 [main] DEBUG com.jayway.jsonpath.internal.path.CompiledPath -- Evaluating path: $
09:49:18.301 [main] DEBUG com.jayway.jsonpath.internal.JsonContext -- Put path $ key text value l
09:49:18.301 [main] DEBUG com.jayway.jsonpath.internal.path.CompiledPath -- Evaluating path: $['windowsVirtualKeyCode']
09:49:18.301 [main] DEBUG com.jayway.jsonpath.internal.path.CompiledPath -- Evaluating path: $
09:49:18.301 [main] DEBUG com.jayway.jsonpath.internal.path.CompiledPath -- Evaluating path: $
09:49:18.301 [main] DEBUG com.jayway.jsonpath.internal.JsonContext -- Put path $ key windowsVirtualKeyCode value {}
09:49:18.301 [main] DEBUG com.jayway.jsonpath.internal.path.CompiledPath -- Evaluating path: $
09:49:18.301 [main] DEBUG com.jayway.jsonpath.internal.JsonContext -- Put path $ key windowsVirtualKeyCode value 108
09:49:18.301 [main] DEBUG com.jayway.jsonpath.internal.path.CompiledPath -- Evaluating path: $
09:49:18.301 [main] DEBUG com.intuit.karate.driver.DriverOptions -- >> {"id":37,"sessionId":"B5AFF3D1548B41881E3261722BDA38AD","method":"Input.dispatchKeyEvent","params":{"modifiers":0,"type":"rawKeyDown","text":"l","windowsVirtualKeyCode":108}}
09:49:18.304 [nioEventLoopGroup-3-1] DEBUG com.intuit.karate.driver.DriverOptions -- << {"id":37,"result":{},"sessionId":"B5AFF3D1548B41881E3261722BDA38AD"}
09:49:18.304 [nioEventLoopGroup-3-1] DEBUG com.jayway.jsonpath.internal.path.CompiledPath -- Evaluating path: $
09:49:18.305 [main] DEBUG com.jayway.jsonpath.internal.path.CompiledPath -- Evaluating path: $['modifiers']
09:49:18.305 [main] DEBUG com.jayway.jsonpath.internal.path.CompiledPath -- Evaluating path: $
09:49:18.305 [main] DEBUG com.jayway.jsonpath.internal.path.CompiledPath -- Evaluating path: $
09:49:18.305 [main] DEBUG com.jayway.jsonpath.internal.JsonContext -- Put path $ key modifiers value {}
09:49:18.305 [main] DEBUG com.jayway.jsonpath.internal.path.CompiledPath -- Evaluating path: $
09:49:18.305 [main] DEBUG com.jayway.jsonpath.internal.JsonContext -- Put path $ key modifiers value 0
09:49:18.305 [main] DEBUG com.jayway.jsonpath.internal.path.CompiledPath -- Evaluating path: $['type']
09:49:18.305 [main] DEBUG com.jayway.jsonpath.internal.path.CompiledPath -- Evaluating path: $
09:49:18.305 [main] DEBUG com.jayway.jsonpath.internal.path.CompiledPath -- Evaluating path: $
09:49:18.305 [main] DEBUG com.jayway.jsonpath.internal.JsonContext -- Put path $ key type value {}
09:49:18.305 [main] DEBUG com.jayway.jsonpath.internal.path.CompiledPath -- Evaluating path: $
09:49:18.305 [main] DEBUG com.jayway.jsonpath.internal.JsonContext -- Put path $ key type value char
09:49:18.305 [main] DEBUG com.jayway.jsonpath.internal.path.CompiledPath -- Evaluating path: $['text']
09:49:18.305 [main] DEBUG com.jayway.jsonpath.internal.path.CompiledPath -- Evaluating path: $
09:49:18.306 [main] DEBUG com.jayway.jsonpath.internal.path.CompiledPath -- Evaluating path: $
09:49:18.306 [main] DEBUG com.jayway.jsonpath.internal.JsonContext -- Put path $ key text value {}
09:49:18.306 [main] DEBUG com.jayway.jsonpath.internal.path.CompiledPath -- Evaluating path: $
09:49:18.306 [main] DEBUG com.jayway.jsonpath.internal.JsonContext -- Put path $ key text value l
09:49:18.306 [main] DEBUG com.jayway.jsonpath.internal.path.CompiledPath -- Evaluating path: $['windowsVirtualKeyCode']
09:49:18.306 [main] DEBUG com.jayway.jsonpath.internal.path.CompiledPath -- Evaluating path: $
09:49:18.306 [main] DEBUG com.jayway.jsonpath.internal.path.CompiledPath -- Evaluating path: $
09:49:18.306 [main] DEBUG com.jayway.jsonpath.internal.JsonContext -- Put path $ key windowsVirtualKeyCode value {}
09:49:18.306 [main] DEBUG com.jayway.jsonpath.internal.path.CompiledPath -- Evaluating path: $
09:49:18.306 [main] DEBUG com.jayway.jsonpath.internal.JsonContext -- Put path $ key windowsVirtualKeyCode value 108
09:49:18.306 [main] DEBUG com.jayway.jsonpath.internal.path.CompiledPath -- Evaluating path: $
09:49:18.306 [main] DEBUG com.intuit.karate.driver.DriverOptions -- >> {"id":38,"sessionId":"B5AFF3D1548B41881E3261722BDA38AD","method":"Input.dispatchKeyEvent","params":{"modifiers":0,"type":"char","text":"l","windowsVirtualKeyCode":108}}
09:49:18.309 [nioEventLoopGroup-3-1] DEBUG com.intuit.karate.driver.DriverOptions -- << {"id":38,"result":{},"sessionId":"B5AFF3D1548B41881E3261722BDA38AD"}
09:49:18.309 [nioEventLoopGroup-3-1] DEBUG com.jayway.jsonpath.internal.path.CompiledPath -- Evaluating path: $
09:49:18.310 [main] DEBUG com.jayway.jsonpath.internal.path.CompiledPath -- Evaluating path: $['modifiers']
09:49:18.310 [main] DEBUG com.jayway.jsonpath.internal.path.CompiledPath -- Evaluating path: $
09:49:18.310 [main] DEBUG com.jayway.jsonpath.internal.path.CompiledPath -- Evaluating path: $
09:49:18.310 [main] DEBUG com.jayway.jsonpath.internal.JsonContext -- Put path $ key modifiers value {}
09:49:18.311 [main] DEBUG com.jayway.jsonpath.internal.path.CompiledPath -- Evaluating path: $
09:49:18.311 [main] DEBUG com.jayway.jsonpath.internal.JsonContext -- Put path $ key modifiers value 0
09:49:18.311 [main] DEBUG com.jayway.jsonpath.internal.path.CompiledPath -- Evaluating path: $['type']
09:49:18.311 [main] DEBUG com.jayway.jsonpath.internal.path.CompiledPath -- Evaluating path: $
09:49:18.311 [main] DEBUG com.jayway.jsonpath.internal.path.CompiledPath -- Evaluating path: $
09:49:18.311 [main] DEBUG com.jayway.jsonpath.internal.JsonContext -- Put path $ key type value {}
09:49:18.311 [main] DEBUG com.jayway.jsonpath.internal.path.CompiledPath -- Evaluating path: $
09:49:18.311 [main] DEBUG com.jayway.jsonpath.internal.JsonContext -- Put path $ key type value keyUp
09:49:18.311 [main] DEBUG com.jayway.jsonpath.internal.path.CompiledPath -- Evaluating path: $['text']
09:49:18.311 [main] DEBUG com.jayway.jsonpath.internal.path.CompiledPath -- Evaluating path: $
09:49:18.311 [main] DEBUG com.jayway.jsonpath.internal.path.CompiledPath -- Evaluating path: $
09:49:18.311 [main] DEBUG com.jayway.jsonpath.internal.JsonContext -- Put path $ key text value {}
09:49:18.311 [main] DEBUG com.jayway.jsonpath.internal.path.CompiledPath -- Evaluating path: $
09:49:18.311 [main] DEBUG com.jayway.jsonpath.internal.JsonContext -- Put path $ key text value l
09:49:18.311 [main] DEBUG com.jayway.jsonpath.internal.path.CompiledPath -- Evaluating path: $['windowsVirtualKeyCode']
09:49:18.311 [main] DEBUG com.jayway.jsonpath.internal.path.CompiledPath -- Evaluating path: $
09:49:18.311 [main] DEBUG com.jayway.jsonpath.internal.path.CompiledPath -- Evaluating path: $
09:49:18.311 [main] DEBUG com.jayway.jsonpath.internal.JsonContext -- Put path $ key windowsVirtualKeyCode value {}
09:49:18.311 [main] DEBUG com.jayway.jsonpath.internal.path.CompiledPath -- Evaluating path: $
09:49:18.311 [main] DEBUG com.jayway.jsonpath.internal.JsonContext -- Put path $ key windowsVirtualKeyCode value 108
09:49:18.311 [main] DEBUG com.jayway.jsonpath.internal.path.CompiledPath -- Evaluating path: $
09:49:18.311 [main] DEBUG com.intuit.karate.driver.DriverOptions -- >> {"id":39,"sessionId":"B5AFF3D1548B41881E3261722BDA38AD","method":"Input.dispatchKeyEvent","params":{"modifiers":0,"type":"keyUp","text":"l","windowsVirtualKeyCode":108}}
09:49:18.315 [nioEventLoopGroup-3-1] DEBUG com.intuit.karate.driver.DriverOptions -- << {"id":39,"result":{},"sessionId":"B5AFF3D1548B41881E3261722BDA38AD"}
09:49:18.315 [nioEventLoopGroup-3-1] DEBUG com.jayway.jsonpath.internal.path.CompiledPath -- Evaluating path: $
09:49:18.320 [main] DEBUG com.jayway.jsonpath.internal.path.CompiledPath -- Evaluating path: $['expression']
09:49:18.320 [main] DEBUG com.jayway.jsonpath.internal.path.CompiledPath -- Evaluating path: $
09:49:18.320 [main] DEBUG com.jayway.jsonpath.internal.path.CompiledPath -- Evaluating path: $
09:49:18.320 [main] DEBUG com.jayway.jsonpath.internal.JsonContext -- Put path $ key expression value {}
09:49:18.320 [main] DEBUG com.jayway.jsonpath.internal.path.CompiledPath -- Evaluating path: $
09:49:18.320 [main] DEBUG com.jayway.jsonpath.internal.JsonContext -- Put path $ key expression value document.querySelector("input[name=btnI]").click()
09:49:18.320 [main] DEBUG com.jayway.jsonpath.internal.path.CompiledPath -- Evaluating path: $['returnByValue']
09:49:18.320 [main] DEBUG com.jayway.jsonpath.internal.path.CompiledPath -- Evaluating path: $
09:49:18.320 [main] DEBUG com.jayway.jsonpath.internal.path.CompiledPath -- Evaluating path: $
09:49:18.320 [main] DEBUG com.jayway.jsonpath.internal.JsonContext -- Put path $ key returnByValue value {}
09:49:18.320 [main] DEBUG com.jayway.jsonpath.internal.path.CompiledPath -- Evaluating path: $
09:49:18.320 [main] DEBUG com.jayway.jsonpath.internal.JsonContext -- Put path $ key returnByValue value true
09:49:18.320 [main] DEBUG com.jayway.jsonpath.internal.path.CompiledPath -- Evaluating path: $
09:49:18.321 [main] DEBUG com.intuit.karate.driver.DriverOptions -- >> {"id":40,"sessionId":"B5AFF3D1548B41881E3261722BDA38AD","method":"Runtime.evaluate","params":{"expression":"document.querySelector(\"input[name=btnI]\").click()","returnByValue":true}}
09:49:18.326 [nioEventLoopGroup-3-1] DEBUG com.intuit.karate.driver.DriverOptions -- << {"id":40,"result":{"result":{"type":"undefined"}},"sessionId":"B5AFF3D1548B41881E3261722BDA38AD"}
09:49:18.326 [nioEventLoopGroup-3-1] DEBUG com.jayway.jsonpath.internal.path.CompiledPath -- Evaluating path: $
09:49:18.326 [nioEventLoopGroup-3-1] DEBUG com.intuit.karate.driver.DriverOptions -- << {"method":"Page.frameScheduledNavigation","params":{"frameId":"F98D1CBF9C819110E8517018E5128A4A","delay":0,"reason":"formSubmissionGet","url":"https://www.google.com/search?q=karate+dsl&btnI=I%27m+Feeling+Lucky&sca_esv=b3b81d1d30ec7baa&source=hp&ei=woLaZrD1K7iChbIP4PyEqAo&iflsig=AL9hbdgAAAAAZtqQ0gTRhRFTlnjgMlaiult_lOgnah26"},"sessionId":"B5AFF3D1548B41881E3261722BDA38AD"}
09:49:18.326 [nioEventLoopGroup-3-1] DEBUG com.jayway.jsonpath.internal.path.CompiledPath -- Evaluating path: $
09:49:18.327 [nioEventLoopGroup-3-1] DEBUG com.intuit.karate.driver.DriverOptions -- << {"method":"Page.frameRequestedNavigation","params":{"frameId":"F98D1CBF9C819110E8517018E5128A4A","reason":"formSubmissionGet","url":"https://www.google.com/search?q=karate+dsl&btnI=I%27m+Feeling+Lucky&sca_esv=b3b81d1d30ec7baa&source=hp&ei=woLaZrD1K7iChbIP4PyEqAo&iflsig=AL9hbdgAAAAAZtqQ0gTRhRFTlnjgMlaiult_lOgnah26","disposition":"currentTab"},"sessionId":"B5AFF3D1548B41881E3261722BDA38AD"}
09:49:18.327 [nioEventLoopGroup-3-1] DEBUG com.jayway.jsonpath.internal.path.CompiledPath -- Evaluating path: $
09:49:18.333 [nioEventLoopGroup-3-1] DEBUG com.intuit.karate.driver.DriverOptions -- << {"method":"Page.frameStartedLoading","params":{"frameId":"F98D1CBF9C819110E8517018E5128A4A"},"sessionId":"B5AFF3D1548B41881E3261722BDA38AD"}
09:49:18.333 [nioEventLoopGroup-3-1] DEBUG com.jayway.jsonpath.internal.path.CompiledPath -- Evaluating path: $
09:49:18.333 [nioEventLoopGroup-3-1] DEBUG com.jayway.jsonpath.internal.path.CompiledPath -- Evaluating path: $['frameId']
09:49:18.335 [nioEventLoopGroup-3-1] DEBUG com.intuit.karate.driver.DriverOptions -- << {"method":"Page.frameClearedScheduledNavigation","params":{"frameId":"F98D1CBF9C819110E8517018E5128A4A"},"sessionId":"B5AFF3D1548B41881E3261722BDA38AD"}
09:49:18.335 [nioEventLoopGroup-3-1] DEBUG com.jayway.jsonpath.internal.path.CompiledPath -- Evaluating path: $
09:49:19.030 [nioEventLoopGroup-3-1] DEBUG com.intuit.karate.driver.DriverOptions -- << {"method":"Page.frameAttached","params":{"frameId":"1B058DB1C11653F3EA23314F041A31D4","parentFrameId":"F98D1CBF9C819110E8517018E5128A4A","stack":{"callFrames":[{"functionName":"LC","scriptId":"16","url":"https://www.gstatic.com/og/_/js/k=og.qtm.en_US.Z_OFH-97w2A.2019.O/rt=j/m=qabr,q_d,qcwid,qapid,qald,qads,q_dg/exm=qaaw,qadd,qaid,qein,qhaw,qhba,qhbr,qhch,qhga,qhid,qhin/d=1/ed=1/rs=AA2YrTuukrX5vS_OwvzNuZ0VVAY__Ya2VA","lineNumber":422,"columnNumber":346},{"functionName":"nD","scriptId":"16","url":"https://www.gstatic.com/og/_/js/k=og.qtm.en_US.Z_OFH-97w2A.2019.O/rt=j/m=qabr,q_d,qcwid,qapid,qald,qads,q_dg/exm=qaaw,qadd,qaid,qein,qhaw,qhba,qhbr,qhch,qhga,qhid,qhin/d=1/ed=1/rs=AA2YrTuukrX5vS_OwvzNuZ0VVAY__Ya2VA","lineNumber":429,"columnNumber":261},{"functionName":"zD","scriptId":"16","url":"https://www.gstatic.com/og/_/js/k=og.qtm.en_US.Z_OFH-97w2A.2019.O/rt=j/m=qabr,q_d,qcwid,qapid,qald,qads,q_dg/exm=qaaw,qadd,qaid,qein,qhaw,qhba,qhbr,qhch,qhga,qhid,qhin/d=1/ed=1/rs=AA2YrTuukrX5vS_OwvzNuZ0VVAY__Ya2VA","lineNumbe ...
09:49:19.031 [nioEventLoopGroup-3-1] DEBUG com.jayway.jsonpath.internal.path.CompiledPath -- Evaluating path: $
09:49:19.031 [nioEventLoopGroup-3-1] DEBUG com.intuit.karate.driver.DriverOptions -- << {"method":"Page.frameStartedLoading","params":{"frameId":"1B058DB1C11653F3EA23314F041A31D4"},"sessionId":"B5AFF3D1548B41881E3261722BDA38AD"}
09:49:19.031 [nioEventLoopGroup-3-1] DEBUG com.jayway.jsonpath.internal.path.CompiledPath -- Evaluating path: $
09:49:19.031 [nioEventLoopGroup-3-1] DEBUG com.jayway.jsonpath.internal.path.CompiledPath -- Evaluating path: $['frameId']
09:49:19.552 [nioEventLoopGroup-3-1] DEBUG com.intuit.karate.driver.DriverOptions -- << {"method":"Page.frameNavigated","params":{"frame":{"id":"1B058DB1C11653F3EA23314F041A31D4","parentId":"F98D1CBF9C819110E8517018E5128A4A","loaderId":"6F28293A04A2892E9615E151D074A7EC","name":"callout","url":"https://ogs.google.com/widget/callout?prid=19037050&pgid=19037049&puid=a5627eb5c02923db&eom=1&cce=1&dc=1&origin=https%3A%2F%2Fwww.google.com&cn=callout&pid=1&spid=538&hl=en","domainAndRegistry":"google.com","securityOrigin":"https://ogs.google.com","mimeType":"text/html","adFrameStatus":{"adFrameType":"none","explanations":[]},"secureContextType":"Secure","crossOriginIsolatedContextType":"NotIsolatedFeatureDisabled","gatedAPIFeatures":[]},"type":"Navigation"},"sessionId":"B5AFF3D1548B41881E3261722BDA38AD"}
09:49:19.553 [nioEventLoopGroup-3-1] DEBUG com.jayway.jsonpath.internal.path.CompiledPath -- Evaluating path: $
09:49:19.553 [nioEventLoopGroup-3-1] DEBUG com.jayway.jsonpath.internal.path.CompiledPath -- Evaluating path: $['frame']['id']
09:49:19.553 [nioEventLoopGroup-3-1] DEBUG com.jayway.jsonpath.internal.path.CompiledPath -- Evaluating path: $['frame']['url']
09:49:19.553 [nioEventLoopGroup-3-1] DEBUG com.jayway.jsonpath.internal.path.CompiledPath -- Evaluating path: $['frame']['name']
09:49:19.555 [nioEventLoopGroup-3-1] DEBUG com.intuit.karate.driver.DriverOptions -- << {"method":"Runtime.executionContextCreated","params":{"context":{"id":2,"origin":"https://ogs.google.com","name":"","uniqueId":"-4227448932423754478.7174153687429831107","auxData":{"isDefault":true,"type":"default","frameId":"1B058DB1C11653F3EA23314F041A31D4"}}},"sessionId":"B5AFF3D1548B41881E3261722BDA38AD"}
09:49:19.555 [nioEventLoopGroup-3-1] DEBUG com.jayway.jsonpath.internal.path.CompiledPath -- Evaluating path: $
09:49:19.555 [nioEventLoopGroup-3-1] DEBUG com.jayway.jsonpath.internal.path.CompiledPath -- Evaluating path: $['context']['auxData']['frameId']
09:49:19.556 [nioEventLoopGroup-3-1] DEBUG com.jayway.jsonpath.internal.path.CompiledPath -- Evaluating path: $['context']['id']
09:49:20.147 [nioEventLoopGroup-3-1] DEBUG com.intuit.karate.driver.DriverOptions -- << {"method":"Page.frameStoppedLoading","params":{"frameId":"1B058DB1C11653F3EA23314F041A31D4"},"sessionId":"B5AFF3D1548B41881E3261722BDA38AD"}
09:49:20.147 [nioEventLoopGroup-3-1] DEBUG com.jayway.jsonpath.internal.path.CompiledPath -- Evaluating path: $
09:49:20.148 [nioEventLoopGroup-3-1] DEBUG com.jayway.jsonpath.internal.path.CompiledPath -- Evaluating path: $['frameId']
09:49:20.301 [nioEventLoopGroup-3-1] DEBUG com.intuit.karate.driver.DriverOptions -- << {"method":"Runtime.executionContextsCleared","params":{},"sessionId":"B5AFF3D1548B41881E3261722BDA38AD"}
09:49:20.301 [nioEventLoopGroup-3-1] DEBUG com.jayway.jsonpath.internal.path.CompiledPath -- Evaluating path: $
09:49:20.303 [nioEventLoopGroup-3-1] DEBUG com.intuit.karate.driver.DriverOptions -- << {"method":"Runtime.executionContextsCleared","params":{},"sessionId":"B5AFF3D1548B41881E3261722BDA38AD"}
09:49:20.304 [nioEventLoopGroup-3-1] DEBUG com.jayway.jsonpath.internal.path.CompiledPath -- Evaluating path: $
09:49:20.304 [nioEventLoopGroup-3-1] DEBUG com.intuit.karate.driver.DriverOptions -- << {"method":"Page.frameNavigated","params":{"frame":{"id":"F98D1CBF9C819110E8517018E5128A4A","loaderId":"5A48A39385CD2DD7BEE35B9AAA57FDCB","url":"https://github.com/karatelabs/karate","domainAndRegistry":"github.com","securityOrigin":"https://github.com","mimeType":"text/html","adFrameStatus":{"adFrameType":"none"},"secureContextType":"Secure","crossOriginIsolatedContextType":"NotIsolated","gatedAPIFeatures":[]},"type":"Navigation"},"sessionId":"B5AFF3D1548B41881E3261722BDA38AD"}
09:49:20.304 [nioEventLoopGroup-3-1] DEBUG com.jayway.jsonpath.internal.path.CompiledPath -- Evaluating path: $
09:49:20.304 [nioEventLoopGroup-3-1] DEBUG com.jayway.jsonpath.internal.path.CompiledPath -- Evaluating path: $['frame']['id']
09:49:20.304 [nioEventLoopGroup-3-1] DEBUG com.jayway.jsonpath.internal.path.CompiledPath -- Evaluating path: $['frame']['url']
09:49:20.304 [nioEventLoopGroup-3-1] DEBUG com.jayway.jsonpath.internal.path.CompiledPath -- Evaluating path: $['frame']['name']
09:49:20.312 [nioEventLoopGroup-3-1] DEBUG com.intuit.karate.driver.DriverOptions -- << {"method":"Target.targetInfoChanged","params":{"targetInfo":{"targetId":"F98D1CBF9C819110E8517018E5128A4A","type":"page","title":"github.com/karatelabs/karate","url":"https://github.com/karatelabs/karate","attached":true,"canAccessOpener":false,"browserContextId":"47A81B5982F22509BD9E20DFCDAC234E"}},"sessionId":"B5AFF3D1548B41881E3261722BDA38AD"}
09:49:20.313 [nioEventLoopGroup-3-1] DEBUG com.jayway.jsonpath.internal.path.CompiledPath -- Evaluating path: $
09:49:20.313 [nioEventLoopGroup-3-1] DEBUG com.jayway.jsonpath.internal.path.CompiledPath -- Evaluating path: $['targetInfo']['targetId']
09:49:20.319 [nioEventLoopGroup-3-1] DEBUG com.intuit.karate.driver.DriverOptions -- << {"method":"Runtime.executionContextCreated","params":{"context":{"id":1,"origin":"https://github.com","name":"","uniqueId":"7442749962094793657.8550097685875857022","auxData":{"isDefault":true,"type":"default","frameId":"F98D1CBF9C819110E8517018E5128A4A"}}},"sessionId":"B5AFF3D1548B41881E3261722BDA38AD"}
09:49:20.319 [nioEventLoopGroup-3-1] DEBUG com.jayway.jsonpath.internal.path.CompiledPath -- Evaluating path: $
09:49:20.319 [nioEventLoopGroup-3-1] DEBUG com.jayway.jsonpath.internal.path.CompiledPath -- Evaluating path: $['context']['auxData']['frameId']
09:49:20.319 [nioEventLoopGroup-3-1] DEBUG com.jayway.jsonpath.internal.path.CompiledPath -- Evaluating path: $['context']['id']
09:49:20.995 [nioEventLoopGroup-3-1] DEBUG com.intuit.karate.driver.DriverOptions -- << {"method":"Target.targetCreated","params":{"targetInfo":{"targetId":"D7B0B63F4A582C6833CACC4ABB5BA083","type":"app","title":"Chrome Web Store Payments","url":"","attached":false,"canAccessOpener":false,"browserContextId":"47A81B5982F22509BD9E20DFCDAC234E"}},"sessionId":"B5AFF3D1548B41881E3261722BDA38AD"}
09:49:20.995 [nioEventLoopGroup-3-1] DEBUG com.jayway.jsonpath.internal.path.CompiledPath -- Evaluating path: $
09:49:21.129 [nioEventLoopGroup-3-1] DEBUG com.intuit.karate.driver.DriverOptions -- << {"method":"Target.targetInfoChanged","params":{"targetInfo":{"targetId":"D7B0B63F4A582C6833CACC4ABB5BA083","type":"background_page","title":"Chrome Web Store Payments","url":"chrome-extension://nmmhkkegccagdldgiimedpiccmgmieda/_generated_background_page.html","attached":false,"canAccessOpener":false,"browserContextId":"47A81B5982F22509BD9E20DFCDAC234E"}},"sessionId":"B5AFF3D1548B41881E3261722BDA38AD"}
09:49:21.130 [nioEventLoopGroup-3-1] DEBUG com.jayway.jsonpath.internal.path.CompiledPath -- Evaluating path: $
09:49:21.130 [nioEventLoopGroup-3-1] DEBUG com.jayway.jsonpath.internal.path.CompiledPath -- Evaluating path: $['targetInfo']['targetId']
09:49:21.215 [nioEventLoopGroup-3-1] DEBUG com.intuit.karate.driver.DriverOptions -- << {"method":"Target.targetCreated","params":{"targetInfo":{"targetId":"9A02BF72C79FCC408CCC19BAC479D354","type":"service_worker","title":"Service Worker chrome-extension://ghbmnnjooekpmoecnnnilnnbdlolhkhi/service_worker_bin_prod.js","url":"chrome-extension://ghbmnnjooekpmoecnnnilnnbdlolhkhi/service_worker_bin_prod.js","attached":false,"canAccessOpener":false,"browserContextId":"47A81B5982F22509BD9E20DFCDAC234E"}},"sessionId":"B5AFF3D1548B41881E3261722BDA38AD"}
09:49:21.215 [nioEventLoopGroup-3-1] DEBUG com.jayway.jsonpath.internal.path.CompiledPath -- Evaluating path: $
09:49:21.792 [nioEventLoopGroup-3-1] DEBUG com.intuit.karate.driver.DriverOptions -- << {"method":"Page.frameResized","params":{},"sessionId":"B5AFF3D1548B41881E3261722BDA38AD"}
09:49:21.793 [nioEventLoopGroup-3-1] DEBUG com.jayway.jsonpath.internal.path.CompiledPath -- Evaluating path: $
09:49:22.890 [nioEventLoopGroup-3-1] DEBUG com.intuit.karate.driver.DriverOptions -- << {"method":"Target.targetInfoChanged","params":{"targetInfo":{"targetId":"F98D1CBF9C819110E8517018E5128A4A","type":"page","title":"GitHub - karatelabs/karate: Test Automation Made Simple","url":"https://github.com/karatelabs/karate","attached":true,"canAccessOpener":false,"browserContextId":"47A81B5982F22509BD9E20DFCDAC234E"}},"sessionId":"B5AFF3D1548B41881E3261722BDA38AD"}
09:49:22.890 [nioEventLoopGroup-3-1] DEBUG com.jayway.jsonpath.internal.path.CompiledPath -- Evaluating path: $
09:49:22.890 [nioEventLoopGroup-3-1] DEBUG com.jayway.jsonpath.internal.path.CompiledPath -- Evaluating path: $['targetInfo']['targetId']
09:49:23.461 [nioEventLoopGroup-3-1] DEBUG com.intuit.karate.driver.DriverOptions -- << {"method":"Page.navigatedWithinDocument","params":{"frameId":"F98D1CBF9C819110E8517018E5128A4A","url":"https://github.com/karatelabs/karate"},"sessionId":"B5AFF3D1548B41881E3261722BDA38AD"}
09:49:23.461 [nioEventLoopGroup-3-1] DEBUG com.jayway.jsonpath.internal.path.CompiledPath -- Evaluating path: $
09:49:23.461 [nioEventLoopGroup-3-1] DEBUG com.intuit.karate.driver.DriverOptions -- << {"method":"Page.domContentEventFired","params":{"timestamp":913040.362111},"sessionId":"B5AFF3D1548B41881E3261722BDA38AD"}
09:49:23.462 [nioEventLoopGroup-3-1] DEBUG com.jayway.jsonpath.internal.path.CompiledPath -- Evaluating path: $
09:49:23.468 [main] DEBUG com.jayway.jsonpath.internal.path.CompiledPath -- Evaluating path: $['expression']
09:49:23.468 [main] DEBUG com.jayway.jsonpath.internal.path.CompiledPath -- Evaluating path: $
09:49:23.468 [main] DEBUG com.jayway.jsonpath.internal.path.CompiledPath -- Evaluating path: $
09:49:23.469 [main] DEBUG com.jayway.jsonpath.internal.JsonContext -- Put path $ key expression value {}
09:49:23.469 [main] DEBUG com.jayway.jsonpath.internal.path.CompiledPath -- Evaluating path: $
09:49:23.469 [main] DEBUG com.jayway.jsonpath.internal.JsonContext -- Put path $ key expression value document.location.href
09:49:23.469 [main] DEBUG com.jayway.jsonpath.internal.path.CompiledPath -- Evaluating path: $['returnByValue']
09:49:23.469 [main] DEBUG com.jayway.jsonpath.internal.path.CompiledPath -- Evaluating path: $
09:49:23.469 [main] DEBUG com.jayway.jsonpath.internal.path.CompiledPath -- Evaluating path: $
09:49:23.469 [main] DEBUG com.jayway.jsonpath.internal.JsonContext -- Put path $ key returnByValue value {}
09:49:23.469 [main] DEBUG com.jayway.jsonpath.internal.path.CompiledPath -- Evaluating path: $
09:49:23.469 [main] DEBUG com.jayway.jsonpath.internal.JsonContext -- Put path $ key returnByValue value true
09:49:23.469 [main] DEBUG com.jayway.jsonpath.internal.path.CompiledPath -- Evaluating path: $
09:49:23.469 [main] DEBUG com.intuit.karate.driver.DriverOptions -- >> {"id":41,"sessionId":"B5AFF3D1548B41881E3261722BDA38AD","method":"Runtime.evaluate","params":{"expression":"document.location.href","returnByValue":true}}
09:49:23.666 [nioEventLoopGroup-3-1] DEBUG com.intuit.karate.driver.DriverOptions -- << {"method":"Target.targetInfoChanged","params":{"targetInfo":{"targetId":"F98D1CBF9C819110E8517018E5128A4A","type":"page","title":"GitHub - karatelabs/karate: Test Automation Made Simple","url":"https://github.com/karatelabs/karate","attached":true,"canAccessOpener":false,"browserContextId":"47A81B5982F22509BD9E20DFCDAC234E"}},"sessionId":"B5AFF3D1548B41881E3261722BDA38AD"}
09:49:23.666 [nioEventLoopGroup-3-1] DEBUG com.jayway.jsonpath.internal.path.CompiledPath -- Evaluating path: $
09:49:23.666 [nioEventLoopGroup-3-1] DEBUG com.jayway.jsonpath.internal.path.CompiledPath -- Evaluating path: $['targetInfo']['targetId']
09:49:23.681 [nioEventLoopGroup-3-1] DEBUG com.intuit.karate.driver.DriverOptions -- << {"method":"Page.navigatedWithinDocument","params":{"frameId":"F98D1CBF9C819110E8517018E5128A4A","url":"https://github.com/karatelabs/karate"},"sessionId":"B5AFF3D1548B41881E3261722BDA38AD"}
09:49:23.681 [nioEventLoopGroup-3-1] DEBUG com.jayway.jsonpath.internal.path.CompiledPath -- Evaluating path: $
09:49:23.684 [nioEventLoopGroup-3-1] DEBUG com.intuit.karate.driver.DriverOptions -- << {"id":41,"result":{"result":{"type":"string","value":"https://github.com/karatelabs/karate"}},"sessionId":"B5AFF3D1548B41881E3261722BDA38AD"}
09:49:23.684 [nioEventLoopGroup-3-1] DEBUG com.jayway.jsonpath.internal.path.CompiledPath -- Evaluating path: $
09:49:23.686 [main] DEBUG com.jayway.jsonpath.internal.path.CompiledPath -- Evaluating path: $['targetId']
09:49:23.686 [main] DEBUG com.jayway.jsonpath.internal.path.CompiledPath -- Evaluating path: $
09:49:23.686 [main] DEBUG com.jayway.jsonpath.internal.path.CompiledPath -- Evaluating path: $
09:49:23.686 [main] DEBUG com.jayway.jsonpath.internal.JsonContext -- Put path $ key targetId value {}
09:49:23.686 [main] DEBUG com.jayway.jsonpath.internal.path.CompiledPath -- Evaluating path: $
09:49:23.686 [main] DEBUG com.jayway.jsonpath.internal.JsonContext -- Put path $ key targetId value F98D1CBF9C819110E8517018E5128A4A
09:49:23.686 [main] DEBUG com.jayway.jsonpath.internal.path.CompiledPath -- Evaluating path: $
09:49:23.686 [main] DEBUG com.intuit.karate.driver.DriverOptions -- >> {"id":42,"sessionId":"B5AFF3D1548B41881E3261722BDA38AD","method":"Target.closeTarget","params":{"targetId":"F98D1CBF9C819110E8517018E5128A4A"}}
09:49:23.687 [nioEventLoopGroup-3-1] DEBUG com.intuit.karate.http.WebSocketClientHandler -- websocket closing
09:49:23.687 [nioEventLoopGroup-3-1] DEBUG com.intuit.karate.http.WebSocketClientHandler -- websocket client disconnected
09:49:23.690 [main] DEBUG com.intuit.karate.shell.Command -- closing command: chrome_1725596349549
09:49:24.016 [main] DEBUG org.thymeleaf.TemplateEngine -- [THYMELEAF] INITIALIZING TEMPLATE ENGINE
09:49:24.058 [chrome_1725596349549] WARN com.intuit.karate.shell.Command -- exit code was non-zero: 1 - [C:\Program Files\Google\Chrome\Application\chrome.exe, --remote-debugging-port=64013, --remote-allow-origins=*, --no-first-run, --user-data-dir=C:\Users\swats\Mani Eclipse New Workspace\Karate\target\chrome_1725596349549, --disable-popup-blocking] working dir: target\chrome_1725596349549
09:49:24.243 [main] DEBUG org.thymeleaf.TemplateEngine.CONFIG -- Initializing Thymeleaf Template engine configuration...
[THYMELEAF] TEMPLATE ENGINE CONFIGURATION:
[THYMELEAF] * Thymeleaf version: 3.1.2.RELEASE (built 2023-07-30T19:25:50+0000)
[THYMELEAF] * Cache Manager implementation: org.thymeleaf.cache.StandardCacheManager
[THYMELEAF] * Template resolvers:
[THYMELEAF]     * [1] com.intuit.karate.template.ResourceHtmlTemplateResolver
[THYMELEAF] * Message resolvers:
[THYMELEAF]     * org.thymeleaf.messageresolver.StandardMessageResolver
[THYMELEAF] * Link builders:
[THYMELEAF]     * org.thymeleaf.linkbuilder.StandardLinkBuilder
[THYMELEAF] * Dialect [1 of 2]: Standard (com.intuit.karate.template.KarateStandardDialect)
[THYMELEAF]     * Prefix: "th"
[THYMELEAF]     * Processors for Template Mode: HTML
[THYMELEAF]         * Element Tag Processors by [matching element and attribute name] [precedence]:
[THYMELEAF]             * [* {th:include,data-th-include}] [100]: org.thymeleaf.standard.processor.StandardIncludeTagProcessor
[THYMELEAF]             * [* {th:insert,data-th-insert}] [100]: org.thymeleaf.standard.processor.StandardInsertTagProcessor
[THYMELEAF]             * [* {th:replace,data-th-replace}] [100]: org.thymeleaf.standard.processor.StandardReplaceTagProcessor
[THYMELEAF]             * [* {th:each,data-th-each}] [200]: com.intuit.karate.template.KarateEachTagProcessor
[THYMELEAF]             * [* {th:switch,data-th-switch}] [250]: org.thymeleaf.standard.processor.StandardSwitchTagProcessor
[THYMELEAF]             * [* {th:case,data-th-case}] [275]: org.thymeleaf.standard.processor.StandardCaseTagProcessor
[THYMELEAF]             * [* {th:if,data-th-if}] [300]: org.thymeleaf.standard.processor.StandardIfTagProcessor
[THYMELEAF]             * [* {th:unless,data-th-unless}] [400]: org.thymeleaf.standard.processor.StandardUnlessTagProcessor
[THYMELEAF]             * [* {th:object,data-th-object}] [500]: org.thymeleaf.standard.processor.StandardObjectTagProcessor
[THYMELEAF]             * [* {th:with,data-th-with}] [600]: com.intuit.karate.template.KarateWithTagProcessor
[THYMELEAF]             * [* {th:attr,data-th-attr}] [700]: com.intuit.karate.template.KarateAttributeTagProcessor.KarateAttrTagProcessor
[THYMELEAF]             * [* {th:attrappend,data-th-attrappend}] [900]: com.intuit.karate.template.KarateAttributeTagProcessor.KarateAttrappendTagProcessor
[THYMELEAF]             * [* {th:attrprepend,data-th-attrprepend}] [900]: com.intuit.karate.template.KarateAttributeTagProcessor.KarateAttrprependTagProcessor
[THYMELEAF]             * [* {th:alt-title,data-th-alt-title}] [990]: org.thymeleaf.standard.processor.StandardAltTitleTagProcessor
[THYMELEAF]             * [* {th:lang-xmllang,data-th-lang-xmllang}] [990]: org.thymeleaf.standard.processor.StandardLangXmlLangTagProcessor
[THYMELEAF]             * [* {th:action,data-th-action}] [1000]: org.thymeleaf.standard.processor.StandardActionTagProcessor
[THYMELEAF]             * [* {th:hidden,data-th-hidden}] [1000]: org.thymeleaf.standard.processor.StandardConditionalFixedValueTagProcessor
[THYMELEAF]             * [* {th:multiple,data-th-multiple}] [1000]: org.thymeleaf.standard.processor.StandardConditionalFixedValueTagProcessor
[THYMELEAF]             * [* {th:default,data-th-default}] [1000]: org.thymeleaf.standard.processor.StandardConditionalFixedValueTagProcessor
[THYMELEAF]             * [* {th:reversed,data-th-reversed}] [1000]: org.thymeleaf.standard.processor.StandardConditionalFixedValueTagProcessor
[THYMELEAF]             * [* {th:required,data-th-required}] [1000]: org.thymeleaf.standard.processor.StandardConditionalFixedValueTagProcessor
[THYMELEAF]             * [* {th:checked,data-th-checked}] [1000]: org.thymeleaf.standard.processor.StandardConditionalFixedValueTagProcessor
[THYMELEAF]             * [* {th:disabled,data-th-disabled}] [1000]: org.thymeleaf.standard.processor.StandardConditionalFixedValueTagProcessor
[THYMELEAF]             * [* {th:controls,data-th-controls}] [1000]: org.thymeleaf.standard.processor.StandardConditionalFixedValueTagProcessor
[THYMELEAF]             * [* {th:autofocus,data-th-autofocus}] [1000]: org.thymeleaf.standard.processor.StandardConditionalFixedValueTagProcessor
[THYMELEAF]             * [* {th:ismap,data-th-ismap}] [1000]: org.thymeleaf.standard.processor.StandardConditionalFixedValueTagProcessor
[THYMELEAF]             * [* {th:declare,data-th-declare}] [1000]: org.thymeleaf.standard.processor.StandardConditionalFixedValueTagProcessor
[THYMELEAF]             * [* {th:open,data-th-open}] [1000]: org.thymeleaf.standard.processor.StandardConditionalFixedValueTagProcessor
[THYMELEAF]             * [* {th:readonly,data-th-readonly}] [1000]: org.thymeleaf.standard.processor.StandardConditionalFixedValueTagProcessor
[THYMELEAF]             * [* {th:loop,data-th-loop}] [1000]: org.thymeleaf.standard.processor.StandardConditionalFixedValueTagProcessor
[THYMELEAF]             * [* {th:formnovalidate,data-th-formnovalidate}] [1000]: org.thymeleaf.standard.processor.StandardConditionalFixedValueTagProcessor
[THYMELEAF]             * [* {th:scoped,data-th-scoped}] [1000]: org.thymeleaf.standard.processor.StandardConditionalFixedValueTagProcessor
[THYMELEAF]             * [* {th:nowrap,data-th-nowrap}] [1000]: org.thymeleaf.standard.processor.StandardConditionalFixedValueTagProcessor
[THYMELEAF]             * [* {th:seamless,data-th-seamless}] [1000]: org.thymeleaf.standard.processor.StandardConditionalFixedValueTagProcessor
[THYMELEAF]             * [* {th:pubdate,data-th-pubdate}] [1000]: org.thymeleaf.standard.processor.StandardConditionalFixedValueTagProcessor
[THYMELEAF]             * [* {th:async,data-th-async}] [1000]: org.thymeleaf.standard.processor.StandardConditionalFixedValueTagProcessor
[THYMELEAF]             * [* {th:defer,data-th-defer}] [1000]: org.thymeleaf.standard.processor.StandardConditionalFixedValueTagProcessor
[THYMELEAF]             * [* {th:selected,data-th-selected}] [1000]: org.thymeleaf.standard.processor.StandardConditionalFixedValueTagProcessor
[THYMELEAF]             * [* {th:autoplay,data-th-autoplay}] [1000]: org.thymeleaf.standard.processor.StandardConditionalFixedValueTagProcessor
[THYMELEAF]             * [* {th:novalidate,data-th-novalidate}] [1000]: org.thymeleaf.standard.processor.StandardConditionalFixedValueTagProcessor
[THYMELEAF]             * [* {th:ondragleave,data-th-ondragleave}] [1000]: org.thymeleaf.standard.processor.StandardDOMEventAttributeTagProcessor
[THYMELEAF]             * [* {th:onload,data-th-onload}] [1000]: org.thymeleaf.standard.processor.StandardDOMEventAttributeTagProcessor
[THYMELEAF]             * [* {th:onclick,data-th-onclick}] [1000]: org.thymeleaf.standard.processor.StandardDOMEventAttributeTagProcessor
[THYMELEAF]             * [* {th:ondragend,data-th-ondragend}] [1000]: org.thymeleaf.standard.processor.StandardDOMEventAttributeTagProcessor
[THYMELEAF]             * [* {th:onseeked,data-th-onseeked}] [1000]: org.thymeleaf.standard.processor.StandardDOMEventAttributeTagProcessor
[THYMELEAF]             * [* {th:onreset,data-th-onreset}] [1000]: org.thymeleaf.standard.processor.StandardDOMEventAttributeTagProcessor
[THYMELEAF]             * [* {th:onerror,data-th-onerror}] [1000]: org.thymeleaf.standard.processor.StandardDOMEventAttributeTagProcessor
[THYMELEAF]             * [* {th:onundo,data-th-onundo}] [1000]: org.thymeleaf.standard.processor.StandardDOMEventAttributeTagProcessor
[THYMELEAF]             * [* {th:onwaiting,data-th-onwaiting}] [1000]: org.thymeleaf.standard.processor.StandardDOMEventAttributeTagProcessor
[THYMELEAF]             * [* {th:oninput,data-th-oninput}] [1000]: org.thymeleaf.standard.processor.StandardDOMEventAttributeTagProcessor
[THYMELEAF]             * [* {th:onchange,data-th-onchange}] [1000]: org.thymeleaf.standard.processor.StandardDOMEventAttributeTagProcessor
[THYMELEAF]             * [* {th:onpopstate,data-th-onpopstate}] [1000]: org.thymeleaf.standard.processor.StandardDOMEventAttributeTagProcessor
[THYMELEAF]             * [* {th:onended,data-th-onended}] [1000]: org.thymeleaf.standard.processor.StandardDOMEventAttributeTagProcessor
[THYMELEAF]             * [* {th:onbeforeprint,data-th-onbeforeprint}] [1000]: org.thymeleaf.standard.processor.StandardDOMEventAttributeTagProcessor
[THYMELEAF]             * [* {th:ondragover,data-th-ondragover}] [1000]: org.thymeleaf.standard.processor.StandardDOMEventAttributeTagProcessor
[THYMELEAF]             * [* {th:onmouseup,data-th-onmouseup}] [1000]: org.thymeleaf.standard.processor.StandardDOMEventAttributeTagProcessor
[THYMELEAF]             * [* {th:onkeyup,data-th-onkeyup}] [1000]: org.thymeleaf.standard.processor.StandardDOMEventAttributeTagProcessor
[THYMELEAF]             * [* {th:ontimeupdate,data-th-ontimeupdate}] [1000]: org.thymeleaf.standard.processor.StandardDOMEventAttributeTagProcessor
[THYMELEAF]             * [* {th:onsubmit,data-th-onsubmit}] [1000]: org.thymeleaf.standard.processor.StandardDOMEventAttributeTagProcessor
[THYMELEAF]             * [* {th:onpause,data-th-onpause}] [1000]: org.thymeleaf.standard.processor.StandardDOMEventAttributeTagProcessor
[THYMELEAF]             * [* {th:onplaying,data-th-onplaying}] [1000]: org.thymeleaf.standard.processor.StandardDOMEventAttributeTagProcessor
[THYMELEAF]             * [* {th:onsuspend,data-th-onsuspend}] [1000]: org.thymeleaf.standard.processor.StandardDOMEventAttributeTagProcessor
[THYMELEAF]             * [* {th:oncanplaythrough,data-th-oncanplaythrough}] [1000]: org.thymeleaf.standard.processor.StandardDOMEventAttributeTagProcessor
[THYMELEAF]             * [* {th:onloadedmetadata,data-th-onloadedmetadata}] [1000]: org.thymeleaf.standard.processor.StandardDOMEventAttributeTagProcessor
[THYMELEAF]             * [* {th:onmousemove,data-th-onmousemove}] [1000]: org.thymeleaf.standard.processor.StandardDOMEventAttributeTagProcessor
[THYMELEAF]             * [* {th:oncanplay,data-th-oncanplay}] [1000]: org.thymeleaf.standard.processor.StandardDOMEventAttributeTagProcessor
[THYMELEAF]             * [* {th:onreadystatechange,data-th-onreadystatechange}] [1000]: org.thymeleaf.standard.processor.StandardDOMEventAttributeTagProcessor
[THYMELEAF]             * [* {th:onmousedown,data-th-onmousedown}] [1000]: org.thymeleaf.standard.processor.StandardDOMEventAttributeTagProcessor
[THYMELEAF]             * [* {th:onloadstart,data-th-onloadstart}] [1000]: org.thymeleaf.standard.processor.StandardDOMEventAttributeTagProcessor
[THYMELEAF]             * [* {th:onoffline,data-th-onoffline}] [1000]: org.thymeleaf.standard.processor.StandardDOMEventAttributeTagProcessor
[THYMELEAF]             * [* {th:onredo,data-th-onredo}] [1000]: org.thymeleaf.standard.processor.StandardDOMEventAttributeTagProcessor
[THYMELEAF]             * [* {th:ondrag,data-th-ondrag}] [1000]: org.thymeleaf.standard.processor.StandardDOMEventAttributeTagProcessor
[THYMELEAF]             * [* {th:onhashchange,data-th-onhashchange}] [1000]: org.thymeleaf.standard.processor.StandardDOMEventAttributeTagProcessor
[THYMELEAF]             * [* {th:onplay,data-th-onplay}] [1000]: org.thymeleaf.standard.processor.StandardDOMEventAttributeTagProcessor
[THYMELEAF]             * [* {th:onabort,data-th-onabort}] [1000]: org.thymeleaf.standard.processor.StandardDOMEventAttributeTagProcessor
[THYMELEAF]             * [* {th:onblur,data-th-onblur}] [1000]: org.thymeleaf.standard.processor.StandardDOMEventAttributeTagProcessor
[THYMELEAF]             * [* {th:onseeking,data-th-onseeking}] [1000]: org.thymeleaf.standard.processor.StandardDOMEventAttributeTagProcessor
[THYMELEAF]             * [* {th:onforminput,data-th-onforminput}] [1000]: org.thymeleaf.standard.processor.StandardDOMEventAttributeTagProcessor
[THYMELEAF]             * [* {th:onemptied,data-th-onemptied}] [1000]: org.thymeleaf.standard.processor.StandardDOMEventAttributeTagProcessor
[THYMELEAF]             * [* {th:onmouseout,data-th-onmouseout}] [1000]: org.thymeleaf.standard.processor.StandardDOMEventAttributeTagProcessor
[THYMELEAF]             * [* {th:onkeypress,data-th-onkeypress}] [1000]: org.thymeleaf.standard.processor.StandardDOMEventAttributeTagProcessor
[THYMELEAF]             * [* {th:onmousewheel,data-th-onmousewheel}] [1000]: org.thymeleaf.standard.processor.StandardDOMEventAttributeTagProcessor
[THYMELEAF]             * [* {th:onunload,data-th-onunload}] [1000]: org.thymeleaf.standard.processor.StandardDOMEventAttributeTagProcessor
[THYMELEAF]             * [* {th:onstalled,data-th-onstalled}] [1000]: org.thymeleaf.standard.processor.StandardDOMEventAttributeTagProcessor
[THYMELEAF]             * [* {th:onformchange,data-th-onformchange}] [1000]: org.thymeleaf.standard.processor.StandardDOMEventAttributeTagProcessor
[THYMELEAF]             * [* {th:oncontextmenu,data-th-oncontextmenu}] [1000]: org.thymeleaf.standard.processor.StandardDOMEventAttributeTagProcessor
[THYMELEAF]             * [* {th:ondurationchange,data-th-ondurationchange}] [1000]: org.thymeleaf.standard.processor.StandardDOMEventAttributeTagProcessor
[THYMELEAF]             * [* {th:onstorage,data-th-onstorage}] [1000]: org.thymeleaf.standard.processor.StandardDOMEventAttributeTagProcessor
[THYMELEAF]             * [* {th:ondragenter,data-th-ondragenter}] [1000]: org.thymeleaf.standard.processor.StandardDOMEventAttributeTagProcessor
[THYMELEAF]             * [* {th:onloadeddata,data-th-onloadeddata}] [1000]: org.thymeleaf.standard.processor.StandardDOMEventAttributeTagProcessor
[THYMELEAF]             * [* {th:ondrop,data-th-ondrop}] [1000]: org.thymeleaf.standard.processor.StandardDOMEventAttributeTagProcessor
[THYMELEAF]             * [* {th:onmessage,data-th-onmessage}] [1000]: org.thymeleaf.standard.processor.StandardDOMEventAttributeTagProcessor
[THYMELEAF]             * [* {th:onbeforeunload,data-th-onbeforeunload}] [1000]: org.thymeleaf.standard.processor.StandardDOMEventAttributeTagProcessor
[THYMELEAF]             * [* {th:onratechange,data-th-onratechange}] [1000]: org.thymeleaf.standard.processor.StandardDOMEventAttributeTagProcessor
[THYMELEAF]             * [* {th:onmouseover,data-th-onmouseover}] [1000]: org.thymeleaf.standard.processor.StandardDOMEventAttributeTagProcessor
[THYMELEAF]             * [* {th:onvolumechange,data-th-onvolumechange}] [1000]: org.thymeleaf.standard.processor.StandardDOMEventAttributeTagProcessor
[THYMELEAF]             * [* {th:ononline,data-th-ononline}] [1000]: org.thymeleaf.standard.processor.StandardDOMEventAttributeTagProcessor
[THYMELEAF]             * [* {th:onkeydown,data-th-onkeydown}] [1000]: org.thymeleaf.standard.processor.StandardDOMEventAttributeTagProcessor
[THYMELEAF]             * [* {th:onshow,data-th-onshow}] [1000]: org.thymeleaf.standard.processor.StandardDOMEventAttributeTagProcessor
[THYMELEAF]             * [* {th:onafterprint,data-th-onafterprint}] [1000]: org.thymeleaf.standard.processor.StandardDOMEventAttributeTagProcessor
[THYMELEAF]             * [* {th:oninvalid,data-th-oninvalid}] [1000]: org.thymeleaf.standard.processor.StandardDOMEventAttributeTagProcessor
[THYMELEAF]             * [* {th:ondragstart,data-th-ondragstart}] [1000]: org.thymeleaf.standard.processor.StandardDOMEventAttributeTagProcessor
[THYMELEAF]             * [* {th:onselect,data-th-onselect}] [1000]: org.thymeleaf.standard.processor.StandardDOMEventAttributeTagProcessor
[THYMELEAF]             * [* {th:onscroll,data-th-onscroll}] [1000]: org.thymeleaf.standard.processor.StandardDOMEventAttributeTagProcessor
[THYMELEAF]             * [* {th:onfocus,data-th-onfocus}] [1000]: org.thymeleaf.standard.processor.StandardDOMEventAttributeTagProcessor
[THYMELEAF]             * [* {th:onresize,data-th-onresize}] [1000]: org.thymeleaf.standard.processor.StandardDOMEventAttributeTagProcessor
[THYMELEAF]             * [* {th:onprogress,data-th-onprogress}] [1000]: org.thymeleaf.standard.processor.StandardDOMEventAttributeTagProcessor
[THYMELEAF]             * [* {th:ondblclick,data-th-ondblclick}] [1000]: org.thymeleaf.standard.processor.StandardDOMEventAttributeTagProcessor
[THYMELEAF]             * [* {th:href,data-th-href}] [1000]: org.thymeleaf.standard.processor.StandardHrefTagProcessor
[THYMELEAF]             * [* {th:inline,data-th-inline}] [1000]: org.thymeleaf.standard.processor.StandardInlineHTMLTagProcessor
[THYMELEAF]             * [* {th:method,data-th-method}] [1000]: org.thymeleaf.standard.processor.StandardMethodTagProcessor
[THYMELEAF]             * [* {th:name,data-th-name}] [1000]: org.thymeleaf.standard.processor.StandardNonRemovableAttributeTagProcessor
[THYMELEAF]             * [* {th:type,data-th-type}] [1000]: org.thymeleaf.standard.processor.StandardNonRemovableAttributeTagProcessor
[THYMELEAF]             * [* {th:width,data-th-width}] [1000]: org.thymeleaf.standard.processor.StandardRemovableAttributeTagProcessor
[THYMELEAF]             * [* {th:label,data-th-label}] [1000]: org.thymeleaf.standard.processor.StandardRemovableAttributeTagProcessor
[THYMELEAF]             * [* {th:contenteditable,data-th-contenteditable}] [1000]: org.thymeleaf.standard.processor.StandardRemovableAttributeTagProcessor
[THYMELEAF]             * [* {th:min,data-th-min}] [1000]: org.thymeleaf.standard.processor.StandardRemovableAttributeTagProcessor
[THYMELEAF]             * [* {th:classid,data-th-classid}] [1000]: org.thymeleaf.standard.processor.StandardRemovableAttributeTagProcessor
[THYMELEAF]             * [* {th:id,data-th-id}] [1000]: org.thymeleaf.standard.processor.StandardRemovableAttributeTagProcessor
[THYMELEAF]             * [* {th:lang,data-th-lang}] [1000]: org.thymeleaf.standard.processor.StandardRemovableAttributeTagProcessor
[THYMELEAF]             * [* {th:background,data-th-background}] [1000]: org.thymeleaf.standard.processor.StandardRemovableAttributeTagProcessor
[THYMELEAF]             * [* {th:http-equiv,data-th-http-equiv}] [1000]: org.thymeleaf.standard.processor.StandardRemovableAttributeTagProcessor
[THYMELEAF]             * [* {th:align,data-th-align}] [1000]: org.thymeleaf.standard.processor.StandardRemovableAttributeTagProcessor
[THYMELEAF]             * [* {th:formtarget,data-th-formtarget}] [1000]: org.thymeleaf.standard.processor.StandardRemovableAttributeTagProcessor
[THYMELEAF]             * [* {th:accesskey,data-th-accesskey}] [1000]: org.thymeleaf.standard.processor.StandardRemovableAttributeTagProcessor
[THYMELEAF]             * [* {th:wrap,data-th-wrap}] [1000]: org.thymeleaf.standard.processor.StandardRemovableAttributeTagProcessor
[THYMELEAF]             * [* {th:vspace,data-th-vspace}] [1000]: org.thymeleaf.standard.processor.StandardRemovableAttributeTagProcessor
[THYMELEAF]             * [* {th:kind,data-th-kind}] [1000]: org.thymeleaf.standard.processor.StandardRemovableAttributeTagProcessor
[THYMELEAF]             * [* {th:accept-charset,data-th-accept-charset}] [1000]: org.thymeleaf.standard.processor.StandardRemovableAttributeTagProcessor
[THYMELEAF]             * [* {th:target,data-th-target}] [1000]: org.thymeleaf.standard.processor.StandardRemovableAttributeTagProcessor
[THYMELEAF]             * [* {th:title,data-th-title}] [1000]: org.thymeleaf.standard.processor.StandardRemovableAttributeTagProcessor
[THYMELEAF]             * [* {th:high,data-th-high}] [1000]: org.thymeleaf.standard.processor.StandardRemovableAttributeTagProcessor
[THYMELEAF]             * [* {th:low,data-th-low}] [1000]: org.thymeleaf.standard.processor.StandardRemovableAttributeTagProcessor
[THYMELEAF]             * [* {th:rowspan,data-th-rowspan}] [1000]: org.thymeleaf.standard.processor.StandardRemovableAttributeTagProcessor
[THYMELEAF]             * [* {th:usemap,data-th-usemap}] [1000]: org.thymeleaf.standard.processor.StandardRemovableAttributeTagProcessor
[THYMELEAF]             * [* {th:height,data-th-height}] [1000]: org.thymeleaf.standard.processor.StandardRemovableAttributeTagProcessor
[THYMELEAF]             * [* {th:spellcheck,data-th-spellcheck}] [1000]: org.thymeleaf.standard.processor.StandardRemovableAttributeTagProcessor
[THYMELEAF]             * [* {th:hspace,data-th-hspace}] [1000]: org.thymeleaf.standard.processor.StandardRemovableAttributeTagProcessor
[THYMELEAF]             * [* {th:radiogroup,data-th-radiogroup}] [1000]: org.thymeleaf.standard.processor.StandardRemovableAttributeTagProcessor
[THYMELEAF]             * [* {th:sandbox,data-th-sandbox}] [1000]: org.thymeleaf.standard.processor.StandardRemovableAttributeTagProcessor
[THYMELEAF]             * [* {th:headers,data-th-headers}] [1000]: org.thymeleaf.standard.processor.StandardRemovableAttributeTagProcessor
[THYMELEAF]             * [* {th:rev,data-th-rev}] [1000]: org.thymeleaf.standard.processor.StandardRemovableAttributeTagProcessor
[THYMELEAF]             * [* {th:for,data-th-for}] [1000]: org.thymeleaf.standard.processor.StandardRemovableAttributeTagProcessor
[THYMELEAF]             * [* {th:charset,data-th-charset}] [1000]: org.thymeleaf.standard.processor.StandardRemovableAttributeTagProcessor
[THYMELEAF]             * [* {th:scope,data-th-scope}] [1000]: org.thymeleaf.standard.processor.StandardRemovableAttributeTagProcessor
[THYMELEAF]             * [* {th:accept,data-th-accept}] [1000]: org.thymeleaf.standard.processor.StandardRemovableAttributeTagProcessor
[THYMELEAF]             * [* {th:codetype,data-th-codetype}] [1000]: org.thymeleaf.standard.processor.StandardRemovableAttributeTagProcessor
[THYMELEAF]             * [* {th:border,data-th-border}] [1000]: org.thymeleaf.standard.processor.StandardRemovableAttributeTagProcessor
[THYMELEAF]             * [* {th:size,data-th-size}] [1000]: org.thymeleaf.standard.processor.StandardRemovableAttributeTagProcessor
[THYMELEAF]             * [* {th:compact,data-th-compact}] [1000]: org.thymeleaf.standard.processor.StandardRemovableAttributeTagProcessor
[THYMELEAF]             * [* {th:dropzone,data-th-dropzone}] [1000]: org.thymeleaf.standard.processor.StandardRemovableAttributeTagProcessor
[THYMELEAF]             * [* {th:manifest,data-th-manifest}] [1000]: org.thymeleaf.standard.processor.StandardRemovableAttributeTagProcessor
[THYMELEAF]             * [* {th:cellpadding,data-th-cellpadding}] [1000]: org.thymeleaf.standard.processor.StandardRemovableAttributeTagProcessor
[THYMELEAF]             * [* {th:frame,data-th-frame}] [1000]: org.thymeleaf.standard.processor.StandardRemovableAttributeTagProcessor
[THYMELEAF]             * [* {th:datetime,data-th-datetime}] [1000]: org.thymeleaf.standard.processor.StandardRemovableAttributeTagProcessor
[THYMELEAF]             * [* {th:pattern,data-th-pattern}] [1000]: org.thymeleaf.standard.processor.StandardRemovableAttributeTagProcessor
[THYMELEAF]             * [* {th:maxlength,data-th-maxlength}] [1000]: org.thymeleaf.standard.processor.StandardRemovableAttributeTagProcessor
[THYMELEAF]             * [* {th:scrolling,data-th-scrolling}] [1000]: org.thymeleaf.standard.processor.StandardRemovableAttributeTagProcessor
[THYMELEAF]             * [* {th:frameborder,data-th-frameborder}] [1000]: org.thymeleaf.standard.processor.StandardRemovableAttributeTagProcessor
[THYMELEAF]             * [* {th:codebase,data-th-codebase}] [1000]: org.thymeleaf.standard.processor.StandardRemovableAttributeTagProcessor
[THYMELEAF]             * [* {th:formmethod,data-th-formmethod}] [1000]: org.thymeleaf.standard.processor.StandardRemovableAttributeTagProcessor
[THYMELEAF]             * [* {th:media,data-th-media}] [1000]: org.thymeleaf.standard.processor.StandardRemovableAttributeTagProcessor
[THYMELEAF]             * [* {th:contextmenu,data-th-contextmenu}] [1000]: org.thymeleaf.standard.processor.StandardRemovableAttributeTagProcessor
[THYMELEAF]             * [* {th:formaction,data-th-formaction}] [1000]: org.thymeleaf.standard.processor.StandardRemovableAttributeTagProcessor
[THYMELEAF]             * [* {th:icon,data-th-icon}] [1000]: org.thymeleaf.standard.processor.StandardRemovableAttributeTagProcessor
[THYMELEAF]             * [* {th:summary,data-th-summary}] [1000]: org.thymeleaf.standard.processor.StandardRemovableAttributeTagProcessor
[THYMELEAF]             * [* {th:form,data-th-form}] [1000]: org.thymeleaf.standard.processor.StandardRemovableAttributeTagProcessor
[THYMELEAF]             * [* {th:preload,data-th-preload}] [1000]: org.thymeleaf.standard.processor.StandardRemovableAttributeTagProcessor
[THYMELEAF]             * [* {th:sizes,data-th-sizes}] [1000]: org.thymeleaf.standard.processor.StandardRemovableAttributeTagProcessor
[THYMELEAF]             * [* {th:audio,data-th-audio}] [1000]: org.thymeleaf.standard.processor.StandardRemovableAttributeTagProcessor
[THYMELEAF]             * [* {th:abbr,data-th-abbr}] [1000]: org.thymeleaf.standard.processor.StandardRemovableAttributeTagProcessor
[THYMELEAF]             * [* {th:class,data-th-class}] [1000]: org.thymeleaf.standard.processor.StandardRemovableAttributeTagProcessor
[THYMELEAF]             * [* {th:longdesc,data-th-longdesc}] [1000]: org.thymeleaf.standard.processor.StandardRemovableAttributeTagProcessor
[THYMELEAF]             * [* {th:cols,data-th-cols}] [1000]: org.thymeleaf.standard.processor.StandardRemovableAttributeTagProcessor
[THYMELEAF]             * [* {th:content,data-th-content}] [1000]: org.thymeleaf.standard.processor.StandardRemovableAttributeTagProcessor
[THYMELEAF]             * [* {th:valuetype,data-th-valuetype}] [1000]: org.thymeleaf.standard.processor.StandardRemovableAttributeTagProcessor
[THYMELEAF]             * [* {th:bgcolor,data-th-bgcolor}] [1000]: org.thymeleaf.standard.processor.StandardRemovableAttributeTagProcessor
[THYMELEAF]             * [* {th:autocomplete,data-th-autocomplete}] [1000]: org.thymeleaf.standard.processor.StandardRemovableAttributeTagProcessor
[THYMELEAF]             * [* {th:cellspacing,data-th-cellspacing}] [1000]: org.thymeleaf.standard.processor.StandardRemovableAttributeTagProcessor
[THYMELEAF]             * [* {th:standby,data-th-standby}] [1000]: org.thymeleaf.standard.processor.StandardRemovableAttributeTagProcessor
[THYMELEAF]             * [* {th:keytype,data-th-keytype}] [1000]: org.thymeleaf.standard.processor.StandardRemovableAttributeTagProcessor
[THYMELEAF]             * [* {th:srclang,data-th-srclang}] [1000]: org.thymeleaf.standard.processor.StandardRemovableAttributeTagProcessor
[THYMELEAF]             * [* {th:style,data-th-style}] [1000]: org.thymeleaf.standard.processor.StandardRemovableAttributeTagProcessor
[THYMELEAF]             * [* {th:marginheight,data-th-marginheight}] [1000]: org.thymeleaf.standard.processor.StandardRemovableAttributeTagProcessor
[THYMELEAF]             * [* {th:alt,data-th-alt}] [1000]: org.thymeleaf.standard.processor.StandardRemovableAttributeTagProcessor
[THYMELEAF]             * [* {th:axis,data-th-axis}] [1000]: org.thymeleaf.standard.processor.StandardRemovableAttributeTagProcessor
[THYMELEAF]             * [* {th:scheme,data-th-scheme}] [1000]: org.thymeleaf.standard.processor.StandardRemovableAttributeTagProcessor
[THYMELEAF]             * [* {th:poster,data-th-poster}] [1000]: org.thymeleaf.standard.processor.StandardRemovableAttributeTagProcessor
[THYMELEAF]             * [* {th:marginwidth,data-th-marginwidth}] [1000]: org.thymeleaf.standard.processor.StandardRemovableAttributeTagProcessor
[THYMELEAF]             * [* {th:rel,data-th-rel}] [1000]: org.thymeleaf.standard.processor.StandardRemovableAttributeTagProcessor
[THYMELEAF]             * [* {th:formenctype,data-th-formenctype}] [1000]: org.thymeleaf.standard.processor.StandardRemovableAttributeTagProcessor
[THYMELEAF]             * [* {th:optimum,data-th-optimum}] [1000]: org.thymeleaf.standard.processor.StandardRemovableAttributeTagProcessor
[THYMELEAF]             * [* {th:archive,data-th-archive}] [1000]: org.thymeleaf.standard.processor.StandardRemovableAttributeTagProcessor
[THYMELEAF]             * [* {th:draggable,data-th-draggable}] [1000]: org.thymeleaf.standard.processor.StandardRemovableAttributeTagProcessor
[THYMELEAF]             * [* {th:data,data-th-data}] [1000]: org.thymeleaf.standard.processor.StandardRemovableAttributeTagProcessor
[THYMELEAF]             * [* {th:tabindex,data-th-tabindex}] [1000]: org.thymeleaf.standard.processor.StandardRemovableAttributeTagProcessor
[THYMELEAF]             * [* {th:span,data-th-span}] [1000]: org.thymeleaf.standard.processor.StandardRemovableAttributeTagProcessor
[THYMELEAF]             * [* {th:cite,data-th-cite}] [1000]: org.thymeleaf.standard.processor.StandardRemovableAttributeTagProcessor
[THYMELEAF]             * [* {th:enctype,data-th-enctype}] [1000]: org.thymeleaf.standard.processor.StandardRemovableAttributeTagProcessor
[THYMELEAF]             * [* {th:hreflang,data-th-hreflang}] [1000]: org.thymeleaf.standard.processor.StandardRemovableAttributeTagProcessor
[THYMELEAF]             * [* {th:step,data-th-step}] [1000]: org.thymeleaf.standard.processor.StandardRemovableAttributeTagProcessor
[THYMELEAF]             * [* {th:max,data-th-max}] [1000]: org.thymeleaf.standard.processor.StandardRemovableAttributeTagProcessor
[THYMELEAF]             * [* {th:list,data-th-list}] [1000]: org.thymeleaf.standard.processor.StandardRemovableAttributeTagProcessor
[THYMELEAF]             * [* {th:rows,data-th-rows}] [1000]: org.thymeleaf.standard.processor.StandardRemovableAttributeTagProcessor
[THYMELEAF]             * [* {th:start,data-th-start}] [1000]: org.thymeleaf.standard.processor.StandardRemovableAttributeTagProcessor
[THYMELEAF]             * [* {th:rules,data-th-rules}] [1000]: org.thymeleaf.standard.processor.StandardRemovableAttributeTagProcessor
[THYMELEAF]             * [* {th:colspan,data-th-colspan}] [1000]: org.thymeleaf.standard.processor.StandardRemovableAttributeTagProcessor
[THYMELEAF]             * [* {th:placeholder,data-th-placeholder}] [1000]: org.thymeleaf.standard.processor.StandardRemovableAttributeTagProcessor
[THYMELEAF]             * [* {th:challenge,data-th-challenge}] [1000]: org.thymeleaf.standard.processor.StandardRemovableAttributeTagProcessor
[THYMELEAF]             * [* {th:dir,data-th-dir}] [1000]: org.thymeleaf.standard.processor.StandardRemovableAttributeTagProcessor
[THYMELEAF]             * [* {th:src,data-th-src}] [1000]: org.thymeleaf.standard.processor.StandardSrcTagProcessor
[THYMELEAF]             * [* {th:value,data-th-value}] [1000]: org.thymeleaf.standard.processor.StandardValueTagProcessor
[THYMELEAF]             * [* {th:xmlbase,data-th-xmlbase}] [1000]: org.thymeleaf.standard.processor.StandardXmlBaseTagProcessor
[THYMELEAF]             * [* {th:xmllang,data-th-xmllang}] [1000]: org.thymeleaf.standard.processor.StandardXmlLangTagProcessor
[THYMELEAF]             * [* {xmlns:th}] [1000]: org.thymeleaf.standard.processor.StandardXmlNsTagProcessor
[THYMELEAF]             * [* {th:xmlspace,data-th-xmlspace}] [1000]: org.thymeleaf.standard.processor.StandardXmlSpaceTagProcessor
[THYMELEAF]             * [* {th:classappend,data-th-classappend}] [1100]: org.thymeleaf.standard.processor.StandardClassappendTagProcessor
[THYMELEAF]             * [* {th:styleappend,data-th-styleappend}] [1100]: org.thymeleaf.standard.processor.StandardStyleappendTagProcessor
[THYMELEAF]             * [* {th:text,data-th-text}] [1300]: org.thymeleaf.standard.processor.StandardTextTagProcessor
[THYMELEAF]             * [* {th:utext,data-th-utext}] [1400]: org.thymeleaf.standard.processor.StandardUtextTagProcessor
[THYMELEAF]             * [* {th:fragment,data-th-fragment}] [1500]: org.thymeleaf.standard.processor.StandardFragmentTagProcessor
[THYMELEAF]             * [* {th:assert,data-th-assert}] [1550]: org.thymeleaf.standard.processor.StandardAssertTagProcessor
[THYMELEAF]             * [* {th:remove,data-th-remove}] [1600]: org.thymeleaf.standard.processor.StandardRemoveTagProcessor
[THYMELEAF]             * [* {th:ref,data-th-ref}] [10000]: org.thymeleaf.standard.processor.StandardRefAttributeTagProcessor
[THYMELEAF]             * [{th:block,th-block} *] [100000]: org.thymeleaf.standard.processor.StandardBlockTagProcessor
[THYMELEAF]             * [* th:*] [2147483647]: org.thymeleaf.standard.processor.StandardDefaultAttributesTagProcessor
[THYMELEAF]         * Text Processors by [precedence]:
[THYMELEAF]             * [1000]: org.thymeleaf.standard.processor.StandardInliningTextProcessor
[THYMELEAF]         * DOCTYPE Processors by [precedence]:
[THYMELEAF]             * [1000]: org.thymeleaf.standard.processor.StandardTranslationDocTypeProcessor
[THYMELEAF]         * CDATA Section Processors by [precedence]:
[THYMELEAF]             * [1000]: org.thymeleaf.standard.processor.StandardInliningCDATASectionProcessor
[THYMELEAF]         * Comment Processors by [precedence]:
[THYMELEAF]             * [1000]: org.thymeleaf.standard.processor.StandardInliningCommentProcessor
[THYMELEAF]             * [1100]: org.thymeleaf.standard.processor.StandardConditionalCommentProcessor
[THYMELEAF]     * Processors for Template Mode: XML
[THYMELEAF]         * Element Tag Processors by [matching element and attribute name] [precedence]:
[THYMELEAF]             * [* {th:include}] [100]: org.thymeleaf.standard.processor.StandardIncludeTagProcessor
[THYMELEAF]             * [* {th:insert}] [100]: org.thymeleaf.standard.processor.StandardInsertTagProcessor
[THYMELEAF]             * [* {th:replace}] [100]: org.thymeleaf.standard.processor.StandardReplaceTagProcessor
[THYMELEAF]             * [* {th:each}] [200]: com.intuit.karate.template.KarateEachTagProcessor
[THYMELEAF]             * [* {th:switch}] [250]: org.thymeleaf.standard.processor.StandardSwitchTagProcessor
[THYMELEAF]             * [* {th:case}] [275]: org.thymeleaf.standard.processor.StandardCaseTagProcessor
[THYMELEAF]             * [* {th:if}] [300]: org.thymeleaf.standard.processor.StandardIfTagProcessor
[THYMELEAF]             * [* {th:unless}] [400]: org.thymeleaf.standard.processor.StandardUnlessTagProcessor
[THYMELEAF]             * [* {th:object}] [500]: org.thymeleaf.standard.processor.StandardObjectTagProcessor
[THYMELEAF]             * [* {th:with}] [600]: com.intuit.karate.template.KarateWithTagProcessor
[THYMELEAF]             * [* {th:attr}] [700]: com.intuit.karate.template.KarateAttributeTagProcessor.KarateAttrTagProcessor
[THYMELEAF]             * [* {th:attrappend}] [900]: com.intuit.karate.template.KarateAttributeTagProcessor.KarateAttrappendTagProcessor
[THYMELEAF]             * [* {th:attrprepend}] [900]: com.intuit.karate.template.KarateAttributeTagProcessor.KarateAttrprependTagProcessor
[THYMELEAF]             * [* {th:inline}] [1000]: org.thymeleaf.standard.processor.StandardInlineXMLTagProcessor
[THYMELEAF]             * [* {xmlns:th}] [1000]: org.thymeleaf.standard.processor.StandardXmlNsTagProcessor
[THYMELEAF]             * [* {th:text}] [1300]: org.thymeleaf.standard.processor.StandardTextTagProcessor
[THYMELEAF]             * [* {th:utext}] [1400]: org.thymeleaf.standard.processor.StandardUtextTagProcessor
[THYMELEAF]             * [* {th:fragment}] [1500]: org.thymeleaf.standard.processor.StandardFragmentTagProcessor
[THYMELEAF]             * [* {th:assert}] [1550]: org.thymeleaf.standard.processor.StandardAssertTagProcessor
[THYMELEAF]             * [* {th:remove}] [1600]: org.thymeleaf.standard.processor.StandardRemoveTagProcessor
[THYMELEAF]             * [* {th:ref}] [10000]: org.thymeleaf.standard.processor.StandardRefAttributeTagProcessor
[THYMELEAF]             * [{th:block} *] [100000]: org.thymeleaf.standard.processor.StandardBlockTagProcessor
[THYMELEAF]             * [* th:*] [2147483647]: org.thymeleaf.standard.processor.StandardDefaultAttributesTagProcessor
[THYMELEAF]         * Text Processors by [precedence]:
[THYMELEAF]             * [1000]: org.thymeleaf.standard.processor.StandardInliningTextProcessor
[THYMELEAF]         * CDATA Section Processors by [precedence]:
[THYMELEAF]             * [1000]: org.thymeleaf.standard.processor.StandardInliningCDATASectionProcessor
[THYMELEAF]         * Comment Processors by [precedence]:
[THYMELEAF]             * [1000]: org.thymeleaf.standard.processor.StandardInliningCommentProcessor
[THYMELEAF]     * Processors for Template Mode: TEXT
[THYMELEAF]         * Element Tag Processors by [matching element and attribute name] [precedence]:
[THYMELEAF]             * [* {th:insert}] [100]: org.thymeleaf.standard.processor.StandardInsertTagProcessor
[THYMELEAF]             * [* {th:replace}] [100]: org.thymeleaf.standard.processor.StandardReplaceTagProcessor
[THYMELEAF]             * [* {th:each}] [200]: com.intuit.karate.template.KarateEachTagProcessor
[THYMELEAF]             * [* {th:switch}] [250]: org.thymeleaf.standard.processor.StandardSwitchTagProcessor
[THYMELEAF]             * [* {th:case}] [275]: org.thymeleaf.standard.processor.StandardCaseTagProcessor
[THYMELEAF]             * [* {th:if}] [300]: org.thymeleaf.standard.processor.StandardIfTagProcessor
[THYMELEAF]             * [* {th:unless}] [400]: org.thymeleaf.standard.processor.StandardUnlessTagProcessor
[THYMELEAF]             * [* {th:object}] [500]: org.thymeleaf.standard.processor.StandardObjectTagProcessor
[THYMELEAF]             * [* {th:with}] [600]: com.intuit.karate.template.KarateWithTagProcessor
[THYMELEAF]             * [* {th:inline}] [1000]: org.thymeleaf.standard.processor.StandardInlineTextualTagProcessor
[THYMELEAF]             * [* {th:text}] [1300]: org.thymeleaf.standard.processor.StandardTextTagProcessor
[THYMELEAF]             * [* {th:utext}] [1400]: org.thymeleaf.standard.processor.StandardUtextTagProcessor
[THYMELEAF]             * [* {th:assert}] [1550]: org.thymeleaf.standard.processor.StandardAssertTagProcessor
[THYMELEAF]             * [* {th:remove}] [1600]: org.thymeleaf.standard.processor.StandardRemoveTagProcessor
[THYMELEAF]             * [{th:block} *] [100000]: org.thymeleaf.standard.processor.StandardBlockTagProcessor
[THYMELEAF]             * [* 100000] [org.thymeleaf.standard.processor.StandardBlockTagProcessor]: {}
[THYMELEAF]         * Text Processors by [precedence]:
[THYMELEAF]             * [1000]: org.thymeleaf.standard.processor.StandardInliningTextProcessor
[THYMELEAF]     * Processors for Template Mode: JAVASCRIPT
[THYMELEAF]         * Element Tag Processors by [matching element and attribute name] [precedence]:
[THYMELEAF]             * [* {th:insert}] [100]: org.thymeleaf.standard.processor.StandardInsertTagProcessor
[THYMELEAF]             * [* {th:replace}] [100]: org.thymeleaf.standard.processor.StandardReplaceTagProcessor
[THYMELEAF]             * [* {th:each}] [200]: com.intuit.karate.template.KarateEachTagProcessor
[THYMELEAF]             * [* {th:switch}] [250]: org.thymeleaf.standard.processor.StandardSwitchTagProcessor
[THYMELEAF]             * [* {th:case}] [275]: org.thymeleaf.standard.processor.StandardCaseTagProcessor
[THYMELEAF]             * [* {th:if}] [300]: org.thymeleaf.standard.processor.StandardIfTagProcessor
[THYMELEAF]             * [* {th:unless}] [400]: org.thymeleaf.standard.processor.StandardUnlessTagProcessor
[THYMELEAF]             * [* {th:object}] [500]: org.thymeleaf.standard.processor.StandardObjectTagProcessor
[THYMELEAF]             * [* {th:with}] [600]: com.intuit.karate.template.KarateWithTagProcessor
[THYMELEAF]             * [* {th:inline}] [1000]: org.thymeleaf.standard.processor.StandardInlineTextualTagProcessor
[THYMELEAF]             * [* {th:text}] [1300]: org.thymeleaf.standard.processor.StandardTextTagProcessor
[THYMELEAF]             * [* {th:utext}] [1400]: org.thymeleaf.standard.processor.StandardUtextTagProcessor
[THYMELEAF]             * [* {th:assert}] [1550]: org.thymeleaf.standard.processor.StandardAssertTagProcessor
[THYMELEAF]             * [* {th:remove}] [1600]: org.thymeleaf.standard.processor.StandardRemoveTagProcessor
[THYMELEAF]             * [* 100000] [org.thymeleaf.standard.processor.StandardBlockTagProcessor]: {}
[THYMELEAF]             * [{th:block} *] [100000]: org.thymeleaf.standard.processor.StandardBlockTagProcessor
[THYMELEAF]         * Text Processors by [precedence]:
[THYMELEAF]             * [1000]: org.thymeleaf.standard.processor.StandardInliningTextProcessor
[THYMELEAF]     * Processors for Template Mode: CSS
[THYMELEAF]         * Element Tag Processors by [matching element and attribute name] [precedence]:
[THYMELEAF]             * [* {th:insert}] [100]: org.thymeleaf.standard.processor.StandardInsertTagProcessor
[THYMELEAF]             * [* {th:replace}] [100]: org.thymeleaf.standard.processor.StandardReplaceTagProcessor
[THYMELEAF]             * [* {th:each}] [200]: com.intuit.karate.template.KarateEachTagProcessor
[THYMELEAF]             * [* {th:switch}] [250]: org.thymeleaf.standard.processor.StandardSwitchTagProcessor
[THYMELEAF]             * [* {th:case}] [275]: org.thymeleaf.standard.processor.StandardCaseTagProcessor
[THYMELEAF]             * [* {th:if}] [300]: org.thymeleaf.standard.processor.StandardIfTagProcessor
[THYMELEAF]             * [* {th:unless}] [400]: org.thymeleaf.standard.processor.StandardUnlessTagProcessor
[THYMELEAF]             * [* {th:object}] [500]: org.thymeleaf.standard.processor.StandardObjectTagProcessor
[THYMELEAF]             * [* {th:with}] [600]: com.intuit.karate.template.KarateWithTagProcessor
[THYMELEAF]             * [* {th:inline}] [1000]: org.thymeleaf.standard.processor.StandardInlineTextualTagProcessor
[THYMELEAF]             * [* {th:text}] [1300]: org.thymeleaf.standard.processor.StandardTextTagProcessor
[THYMELEAF]             * [* {th:utext}] [1400]: org.thymeleaf.standard.processor.StandardUtextTagProcessor
[THYMELEAF]             * [* {th:assert}] [1550]: org.thymeleaf.standard.processor.StandardAssertTagProcessor
[THYMELEAF]             * [* {th:remove}] [1600]: org.thymeleaf.standard.processor.StandardRemoveTagProcessor
[THYMELEAF]             * [{th:block} *] [100000]: org.thymeleaf.standard.processor.StandardBlockTagProcessor
[THYMELEAF]             * [* 100000] [org.thymeleaf.standard.processor.StandardBlockTagProcessor]: {}
[THYMELEAF]         * Text Processors by [precedence]:
[THYMELEAF]             * [1000]: org.thymeleaf.standard.processor.StandardInliningTextProcessor
[THYMELEAF]     * Expression Objects:
[THYMELEAF]         * #ctx
[THYMELEAF]         * #root
[THYMELEAF]         * #vars
[THYMELEAF]         * #object
[THYMELEAF]         * #locale
[THYMELEAF]         * #conversions
[THYMELEAF]         * #uris
[THYMELEAF]         * #temporals
[THYMELEAF]         * #calendars
[THYMELEAF]         * #dates
[THYMELEAF]         * #bools
[THYMELEAF]         * #numbers
[THYMELEAF]         * #objects
[THYMELEAF]         * #strings
[THYMELEAF]         * #arrays
[THYMELEAF]         * #lists
[THYMELEAF]         * #sets
[THYMELEAF]         * #maps
[THYMELEAF]         * #aggregates
[THYMELEAF]         * #messages
[THYMELEAF]         * #ids
[THYMELEAF]         * #execInfo
[THYMELEAF]         * #request
[THYMELEAF]         * #response
[THYMELEAF]         * #session
[THYMELEAF]         * #servletContext
[THYMELEAF]     * Execution Attributes:
[THYMELEAF]         * "StandardExpressionParser": com.intuit.karate.template.KarateStandardDialect@6aa7e176
[THYMELEAF]         * "StandardJavaScriptSerializer": org.thymeleaf.standard.serializer.StandardJavaScriptSerializer@1b46392c
[THYMELEAF]         * "StandardCSSSerializer": org.thymeleaf.standard.serializer.StandardCSSSerializer@cf01c2e
[THYMELEAF]         * "StandardVariableExpressionEvaluator": com.intuit.karate.template.KarateStandardDialect@6aa7e176
[THYMELEAF]         * "StandardConversionService": org.thymeleaf.standard.expression.StandardConversionService@6f15f52a
[THYMELEAF] * Dialect [2 of 2]: karate (com.intuit.karate.template.KarateScriptDialect)
[THYMELEAF]     * Prefix: "ka"
[THYMELEAF]     * Processors for Template Mode: HTML
[THYMELEAF]         * Element Tag Processors by [matching element and attribute name] [precedence]:
[THYMELEAF]             * [* {src}] [1000]: com.intuit.karate.template.KaScriptAttrProcessor
[THYMELEAF]         * Element Model Processors by [matching element and attribute name] [precedence]:
[THYMELEAF]             * [{script} {ka:scope,data-ka-scope}] [1000]: com.intuit.karate.template.KaScriptElemProcessor
[THYMELEAF]             * [* {ka:set,data-ka-set}] [1000]: com.intuit.karate.template.KaSetElemProcessor
[THYMELEAF] TEMPLATE ENGINE CONFIGURED OK
09:49:24.243 [main] DEBUG org.thymeleaf.TemplateEngine -- [THYMELEAF] TEMPLATE ENGINE INITIALIZED
---------------------------------------------------------
feature: classpath:Tests/demo-01.feature
scenarios:  1 | passed:  1 | failed:  0 | time: 48.8439
---------------------------------------------------------

Karate version: 1.4.1
======================================================
elapsed:  51.58 | threads:    1 | thread time: 48.84 
features:     1 | skipped:    0 | efficiency: 0.95
scenarios:    1 | passed:     1 | failed: 0
======================================================
09:49:24.973 [main] DEBUG org.thymeleaf.TemplateEngine -- [THYMELEAF] INITIALIZING TEMPLATE ENGINE
09:49:24.991 [main] DEBUG org.thymeleaf.TemplateEngine.CONFIG -- Initializing Thymeleaf Template engine configuration...
[THYMELEAF] TEMPLATE ENGINE CONFIGURATION:
[THYMELEAF] * Thymeleaf version: 3.1.2.RELEASE (built 2023-07-30T19:25:50+0000)
[THYMELEAF] * Cache Manager implementation: org.thymeleaf.cache.StandardCacheManager
[THYMELEAF] * Template resolvers:
[THYMELEAF]     * [1] com.intuit.karate.template.ResourceHtmlTemplateResolver
[THYMELEAF] * Message resolvers:
[THYMELEAF]     * org.thymeleaf.messageresolver.StandardMessageResolver
[THYMELEAF] * Link builders:
[THYMELEAF]     * org.thymeleaf.linkbuilder.StandardLinkBuilder
[THYMELEAF] * Dialect [1 of 2]: Standard (com.intuit.karate.template.KarateStandardDialect)
[THYMELEAF]     * Prefix: "th"
[THYMELEAF]     * Processors for Template Mode: HTML
[THYMELEAF]         * Element Tag Processors by [matching element and attribute name] [precedence]:
[THYMELEAF]             * [* {th:include,data-th-include}] [100]: org.thymeleaf.standard.processor.StandardIncludeTagProcessor
[THYMELEAF]             * [* {th:insert,data-th-insert}] [100]: org.thymeleaf.standard.processor.StandardInsertTagProcessor
[THYMELEAF]             * [* {th:replace,data-th-replace}] [100]: org.thymeleaf.standard.processor.StandardReplaceTagProcessor
[THYMELEAF]             * [* {th:each,data-th-each}] [200]: com.intuit.karate.template.KarateEachTagProcessor
[THYMELEAF]             * [* {th:switch,data-th-switch}] [250]: org.thymeleaf.standard.processor.StandardSwitchTagProcessor
[THYMELEAF]             * [* {th:case,data-th-case}] [275]: org.thymeleaf.standard.processor.StandardCaseTagProcessor
[THYMELEAF]             * [* {th:if,data-th-if}] [300]: org.thymeleaf.standard.processor.StandardIfTagProcessor
[THYMELEAF]             * [* {th:unless,data-th-unless}] [400]: org.thymeleaf.standard.processor.StandardUnlessTagProcessor
[THYMELEAF]             * [* {th:object,data-th-object}] [500]: org.thymeleaf.standard.processor.StandardObjectTagProcessor
[THYMELEAF]             * [* {th:with,data-th-with}] [600]: com.intuit.karate.template.KarateWithTagProcessor
[THYMELEAF]             * [* {th:attr,data-th-attr}] [700]: com.intuit.karate.template.KarateAttributeTagProcessor.KarateAttrTagProcessor
[THYMELEAF]             * [* {th:attrappend,data-th-attrappend}] [900]: com.intuit.karate.template.KarateAttributeTagProcessor.KarateAttrappendTagProcessor
[THYMELEAF]             * [* {th:attrprepend,data-th-attrprepend}] [900]: com.intuit.karate.template.KarateAttributeTagProcessor.KarateAttrprependTagProcessor
[THYMELEAF]             * [* {th:alt-title,data-th-alt-title}] [990]: org.thymeleaf.standard.processor.StandardAltTitleTagProcessor
[THYMELEAF]             * [* {th:lang-xmllang,data-th-lang-xmllang}] [990]: org.thymeleaf.standard.processor.StandardLangXmlLangTagProcessor
[THYMELEAF]             * [* {th:action,data-th-action}] [1000]: org.thymeleaf.standard.processor.StandardActionTagProcessor
[THYMELEAF]             * [* {th:disabled,data-th-disabled}] [1000]: org.thymeleaf.standard.processor.StandardConditionalFixedValueTagProcessor
[THYMELEAF]             * [* {th:loop,data-th-loop}] [1000]: org.thymeleaf.standard.processor.StandardConditionalFixedValueTagProcessor
[THYMELEAF]             * [* {th:defer,data-th-defer}] [1000]: org.thymeleaf.standard.processor.StandardConditionalFixedValueTagProcessor
[THYMELEAF]             * [* {th:nowrap,data-th-nowrap}] [1000]: org.thymeleaf.standard.processor.StandardConditionalFixedValueTagProcessor
[THYMELEAF]             * [* {th:open,data-th-open}] [1000]: org.thymeleaf.standard.processor.StandardConditionalFixedValueTagProcessor
[THYMELEAF]             * [* {th:autoplay,data-th-autoplay}] [1000]: org.thymeleaf.standard.processor.StandardConditionalFixedValueTagProcessor
[THYMELEAF]             * [* {th:required,data-th-required}] [1000]: org.thymeleaf.standard.processor.StandardConditionalFixedValueTagProcessor
[THYMELEAF]             * [* {th:declare,data-th-declare}] [1000]: org.thymeleaf.standard.processor.StandardConditionalFixedValueTagProcessor
[THYMELEAF]             * [* {th:ismap,data-th-ismap}] [1000]: org.thymeleaf.standard.processor.StandardConditionalFixedValueTagProcessor
[THYMELEAF]             * [* {th:formnovalidate,data-th-formnovalidate}] [1000]: org.thymeleaf.standard.processor.StandardConditionalFixedValueTagProcessor
[THYMELEAF]             * [* {th:checked,data-th-checked}] [1000]: org.thymeleaf.standard.processor.StandardConditionalFixedValueTagProcessor
[THYMELEAF]             * [* {th:reversed,data-th-reversed}] [1000]: org.thymeleaf.standard.processor.StandardConditionalFixedValueTagProcessor
[THYMELEAF]             * [* {th:novalidate,data-th-novalidate}] [1000]: org.thymeleaf.standard.processor.StandardConditionalFixedValueTagProcessor
[THYMELEAF]             * [* {th:autofocus,data-th-autofocus}] [1000]: org.thymeleaf.standard.processor.StandardConditionalFixedValueTagProcessor
[THYMELEAF]             * [* {th:selected,data-th-selected}] [1000]: org.thymeleaf.standard.processor.StandardConditionalFixedValueTagProcessor
[THYMELEAF]             * [* {th:scoped,data-th-scoped}] [1000]: org.thymeleaf.standard.processor.StandardConditionalFixedValueTagProcessor
[THYMELEAF]             * [* {th:controls,data-th-controls}] [1000]: org.thymeleaf.standard.processor.StandardConditionalFixedValueTagProcessor
[THYMELEAF]             * [* {th:hidden,data-th-hidden}] [1000]: org.thymeleaf.standard.processor.StandardConditionalFixedValueTagProcessor
[THYMELEAF]             * [* {th:seamless,data-th-seamless}] [1000]: org.thymeleaf.standard.processor.StandardConditionalFixedValueTagProcessor
[THYMELEAF]             * [* {th:readonly,data-th-readonly}] [1000]: org.thymeleaf.standard.processor.StandardConditionalFixedValueTagProcessor
[THYMELEAF]             * [* {th:default,data-th-default}] [1000]: org.thymeleaf.standard.processor.StandardConditionalFixedValueTagProcessor
[THYMELEAF]             * [* {th:async,data-th-async}] [1000]: org.thymeleaf.standard.processor.StandardConditionalFixedValueTagProcessor
[THYMELEAF]             * [* {th:multiple,data-th-multiple}] [1000]: org.thymeleaf.standard.processor.StandardConditionalFixedValueTagProcessor
[THYMELEAF]             * [* {th:pubdate,data-th-pubdate}] [1000]: org.thymeleaf.standard.processor.StandardConditionalFixedValueTagProcessor
[THYMELEAF]             * [* {th:oncontextmenu,data-th-oncontextmenu}] [1000]: org.thymeleaf.standard.processor.StandardDOMEventAttributeTagProcessor
[THYMELEAF]             * [* {th:onmousemove,data-th-onmousemove}] [1000]: org.thymeleaf.standard.processor.StandardDOMEventAttributeTagProcessor
[THYMELEAF]             * [* {th:onkeydown,data-th-onkeydown}] [1000]: org.thymeleaf.standard.processor.StandardDOMEventAttributeTagProcessor
[THYMELEAF]             * [* {th:onstorage,data-th-onstorage}] [1000]: org.thymeleaf.standard.processor.StandardDOMEventAttributeTagProcessor
[THYMELEAF]             * [* {th:onreadystatechange,data-th-onreadystatechange}] [1000]: org.thymeleaf.standard.processor.StandardDOMEventAttributeTagProcessor
[THYMELEAF]             * [* {th:onbeforeprint,data-th-onbeforeprint}] [1000]: org.thymeleaf.standard.processor.StandardDOMEventAttributeTagProcessor
[THYMELEAF]             * [* {th:onpopstate,data-th-onpopstate}] [1000]: org.thymeleaf.standard.processor.StandardDOMEventAttributeTagProcessor
[THYMELEAF]             * [* {th:onundo,data-th-onundo}] [1000]: org.thymeleaf.standard.processor.StandardDOMEventAttributeTagProcessor
[THYMELEAF]             * [* {th:onhashchange,data-th-onhashchange}] [1000]: org.thymeleaf.standard.processor.StandardDOMEventAttributeTagProcessor
[THYMELEAF]             * [* {th:onstalled,data-th-onstalled}] [1000]: org.thymeleaf.standard.processor.StandardDOMEventAttributeTagProcessor
[THYMELEAF]             * [* {th:onvolumechange,data-th-onvolumechange}] [1000]: org.thymeleaf.standard.processor.StandardDOMEventAttributeTagProcessor
[THYMELEAF]             * [* {th:ononline,data-th-ononline}] [1000]: org.thymeleaf.standard.processor.StandardDOMEventAttributeTagProcessor
[THYMELEAF]             * [* {th:onseeking,data-th-onseeking}] [1000]: org.thymeleaf.standard.processor.StandardDOMEventAttributeTagProcessor
[THYMELEAF]             * [* {th:onmousedown,data-th-onmousedown}] [1000]: org.thymeleaf.standard.processor.StandardDOMEventAttributeTagProcessor
[THYMELEAF]             * [* {th:oninvalid,data-th-oninvalid}] [1000]: org.thymeleaf.standard.processor.StandardDOMEventAttributeTagProcessor
[THYMELEAF]             * [* {th:oninput,data-th-oninput}] [1000]: org.thymeleaf.standard.processor.StandardDOMEventAttributeTagProcessor
[THYMELEAF]             * [* {th:onmouseover,data-th-onmouseover}] [1000]: org.thymeleaf.standard.processor.StandardDOMEventAttributeTagProcessor
[THYMELEAF]             * [* {th:onredo,data-th-onredo}] [1000]: org.thymeleaf.standard.processor.StandardDOMEventAttributeTagProcessor
[THYMELEAF]             * [* {th:onseeked,data-th-onseeked}] [1000]: org.thymeleaf.standard.processor.StandardDOMEventAttributeTagProcessor
[THYMELEAF]             * [* {th:onafterprint,data-th-onafterprint}] [1000]: org.thymeleaf.standard.processor.StandardDOMEventAttributeTagProcessor
[THYMELEAF]             * [* {th:onmouseup,data-th-onmouseup}] [1000]: org.thymeleaf.standard.processor.StandardDOMEventAttributeTagProcessor
[THYMELEAF]             * [* {th:onresize,data-th-onresize}] [1000]: org.thymeleaf.standard.processor.StandardDOMEventAttributeTagProcessor
[THYMELEAF]             * [* {th:onkeyup,data-th-onkeyup}] [1000]: org.thymeleaf.standard.processor.StandardDOMEventAttributeTagProcessor
[THYMELEAF]             * [* {th:ondragleave,data-th-ondragleave}] [1000]: org.thymeleaf.standard.processor.StandardDOMEventAttributeTagProcessor
[THYMELEAF]             * [* {th:onfocus,data-th-onfocus}] [1000]: org.thymeleaf.standard.processor.StandardDOMEventAttributeTagProcessor
[THYMELEAF]             * [* {th:onsubmit,data-th-onsubmit}] [1000]: org.thymeleaf.standard.processor.StandardDOMEventAttributeTagProcessor
[THYMELEAF]             * [* {th:onformchange,data-th-onformchange}] [1000]: org.thymeleaf.standard.processor.StandardDOMEventAttributeTagProcessor
[THYMELEAF]             * [* {th:ondurationchange,data-th-ondurationchange}] [1000]: org.thymeleaf.standard.processor.StandardDOMEventAttributeTagProcessor
[THYMELEAF]             * [* {th:onwaiting,data-th-onwaiting}] [1000]: org.thymeleaf.standard.processor.StandardDOMEventAttributeTagProcessor
[THYMELEAF]             * [* {th:onmessage,data-th-onmessage}] [1000]: org.thymeleaf.standard.processor.StandardDOMEventAttributeTagProcessor
[THYMELEAF]             * [* {th:onbeforeunload,data-th-onbeforeunload}] [1000]: org.thymeleaf.standard.processor.StandardDOMEventAttributeTagProcessor
[THYMELEAF]             * [* {th:onerror,data-th-onerror}] [1000]: org.thymeleaf.standard.processor.StandardDOMEventAttributeTagProcessor
[THYMELEAF]             * [* {th:onoffline,data-th-onoffline}] [1000]: org.thymeleaf.standard.processor.StandardDOMEventAttributeTagProcessor
[THYMELEAF]             * [* {th:onforminput,data-th-onforminput}] [1000]: org.thymeleaf.standard.processor.StandardDOMEventAttributeTagProcessor
[THYMELEAF]             * [* {th:onprogress,data-th-onprogress}] [1000]: org.thymeleaf.standard.processor.StandardDOMEventAttributeTagProcessor
[THYMELEAF]             * [* {th:onmousewheel,data-th-onmousewheel}] [1000]: org.thymeleaf.standard.processor.StandardDOMEventAttributeTagProcessor
[THYMELEAF]             * [* {th:onmouseout,data-th-onmouseout}] [1000]: org.thymeleaf.standard.processor.StandardDOMEventAttributeTagProcessor
[THYMELEAF]             * [* {th:onended,data-th-onended}] [1000]: org.thymeleaf.standard.processor.StandardDOMEventAttributeTagProcessor
[THYMELEAF]             * [* {th:onchange,data-th-onchange}] [1000]: org.thymeleaf.standard.processor.StandardDOMEventAttributeTagProcessor
[THYMELEAF]             * [* {th:oncanplaythrough,data-th-oncanplaythrough}] [1000]: org.thymeleaf.standard.processor.StandardDOMEventAttributeTagProcessor
[THYMELEAF]             * [* {th:onloadstart,data-th-onloadstart}] [1000]: org.thymeleaf.standard.processor.StandardDOMEventAttributeTagProcessor
[THYMELEAF]             * [* {th:onclick,data-th-onclick}] [1000]: org.thymeleaf.standard.processor.StandardDOMEventAttributeTagProcessor
[THYMELEAF]             * [* {th:onloadedmetadata,data-th-onloadedmetadata}] [1000]: org.thymeleaf.standard.processor.StandardDOMEventAttributeTagProcessor
[THYMELEAF]             * [* {th:ondragenter,data-th-ondragenter}] [1000]: org.thymeleaf.standard.processor.StandardDOMEventAttributeTagProcessor
[THYMELEAF]             * [* {th:onsuspend,data-th-onsuspend}] [1000]: org.thymeleaf.standard.processor.StandardDOMEventAttributeTagProcessor
[THYMELEAF]             * [* {th:onunload,data-th-onunload}] [1000]: org.thymeleaf.standard.processor.StandardDOMEventAttributeTagProcessor
[THYMELEAF]             * [* {th:onabort,data-th-onabort}] [1000]: org.thymeleaf.standard.processor.StandardDOMEventAttributeTagProcessor
[THYMELEAF]             * [* {th:onscroll,data-th-onscroll}] [1000]: org.thymeleaf.standard.processor.StandardDOMEventAttributeTagProcessor
[THYMELEAF]             * [* {th:ondragend,data-th-ondragend}] [1000]: org.thymeleaf.standard.processor.StandardDOMEventAttributeTagProcessor
[THYMELEAF]             * [* {th:onload,data-th-onload}] [1000]: org.thymeleaf.standard.processor.StandardDOMEventAttributeTagProcessor
[THYMELEAF]             * [* {th:onemptied,data-th-onemptied}] [1000]: org.thymeleaf.standard.processor.StandardDOMEventAttributeTagProcessor
[THYMELEAF]             * [* {th:onblur,data-th-onblur}] [1000]: org.thymeleaf.standard.processor.StandardDOMEventAttributeTagProcessor
[THYMELEAF]             * [* {th:ondragover,data-th-ondragover}] [1000]: org.thymeleaf.standard.processor.StandardDOMEventAttributeTagProcessor
[THYMELEAF]             * [* {th:onloadeddata,data-th-onloadeddata}] [1000]: org.thymeleaf.standard.processor.StandardDOMEventAttributeTagProcessor
[THYMELEAF]             * [* {th:onreset,data-th-onreset}] [1000]: org.thymeleaf.standard.processor.StandardDOMEventAttributeTagProcessor
[THYMELEAF]             * [* {th:onpause,data-th-onpause}] [1000]: org.thymeleaf.standard.processor.StandardDOMEventAttributeTagProcessor
[THYMELEAF]             * [* {th:ondrag,data-th-ondrag}] [1000]: org.thymeleaf.standard.processor.StandardDOMEventAttributeTagProcessor
[THYMELEAF]             * [* {th:ondblclick,data-th-ondblclick}] [1000]: org.thymeleaf.standard.processor.StandardDOMEventAttributeTagProcessor
[THYMELEAF]             * [* {th:onselect,data-th-onselect}] [1000]: org.thymeleaf.standard.processor.StandardDOMEventAttributeTagProcessor
[THYMELEAF]             * [* {th:ondrop,data-th-ondrop}] [1000]: org.thymeleaf.standard.processor.StandardDOMEventAttributeTagProcessor
[THYMELEAF]             * [* {th:onplaying,data-th-onplaying}] [1000]: org.thymeleaf.standard.processor.StandardDOMEventAttributeTagProcessor
[THYMELEAF]             * [* {th:onplay,data-th-onplay}] [1000]: org.thymeleaf.standard.processor.StandardDOMEventAttributeTagProcessor
[THYMELEAF]             * [* {th:ondragstart,data-th-ondragstart}] [1000]: org.thymeleaf.standard.processor.StandardDOMEventAttributeTagProcessor
[THYMELEAF]             * [* {th:onratechange,data-th-onratechange}] [1000]: org.thymeleaf.standard.processor.StandardDOMEventAttributeTagProcessor
[THYMELEAF]             * [* {th:oncanplay,data-th-oncanplay}] [1000]: org.thymeleaf.standard.processor.StandardDOMEventAttributeTagProcessor
[THYMELEAF]             * [* {th:onkeypress,data-th-onkeypress}] [1000]: org.thymeleaf.standard.processor.StandardDOMEventAttributeTagProcessor
[THYMELEAF]             * [* {th:onshow,data-th-onshow}] [1000]: org.thymeleaf.standard.processor.StandardDOMEventAttributeTagProcessor
[THYMELEAF]             * [* {th:ontimeupdate,data-th-ontimeupdate}] [1000]: org.thymeleaf.standard.processor.StandardDOMEventAttributeTagProcessor
[THYMELEAF]             * [* {th:href,data-th-href}] [1000]: org.thymeleaf.standard.processor.StandardHrefTagProcessor
[THYMELEAF]             * [* {th:inline,data-th-inline}] [1000]: org.thymeleaf.standard.processor.StandardInlineHTMLTagProcessor
[THYMELEAF]             * [* {th:method,data-th-method}] [1000]: org.thymeleaf.standard.processor.StandardMethodTagProcessor
[THYMELEAF]             * [* {th:type,data-th-type}] [1000]: org.thymeleaf.standard.processor.StandardNonRemovableAttributeTagProcessor
[THYMELEAF]             * [* {th:name,data-th-name}] [1000]: org.thymeleaf.standard.processor.StandardNonRemovableAttributeTagProcessor
[THYMELEAF]             * [* {th:title,data-th-title}] [1000]: org.thymeleaf.standard.processor.StandardRemovableAttributeTagProcessor
[THYMELEAF]             * [* {th:wrap,data-th-wrap}] [1000]: org.thymeleaf.standard.processor.StandardRemovableAttributeTagProcessor
[THYMELEAF]             * [* {th:formtarget,data-th-formtarget}] [1000]: org.thymeleaf.standard.processor.StandardRemovableAttributeTagProcessor
[THYMELEAF]             * [* {th:frameborder,data-th-frameborder}] [1000]: org.thymeleaf.standard.processor.StandardRemovableAttributeTagProcessor
[THYMELEAF]             * [* {th:scrolling,data-th-scrolling}] [1000]: org.thymeleaf.standard.processor.StandardRemovableAttributeTagProcessor
[THYMELEAF]             * [* {th:span,data-th-span}] [1000]: org.thymeleaf.standard.processor.StandardRemovableAttributeTagProcessor
[THYMELEAF]             * [* {th:cellpadding,data-th-cellpadding}] [1000]: org.thymeleaf.standard.processor.StandardRemovableAttributeTagProcessor
[THYMELEAF]             * [* {th:style,data-th-style}] [1000]: org.thymeleaf.standard.processor.StandardRemovableAttributeTagProcessor
[THYMELEAF]             * [* {th:longdesc,data-th-longdesc}] [1000]: org.thymeleaf.standard.processor.StandardRemovableAttributeTagProcessor
[THYMELEAF]             * [* {th:accesskey,data-th-accesskey}] [1000]: org.thymeleaf.standard.processor.StandardRemovableAttributeTagProcessor
[THYMELEAF]             * [* {th:vspace,data-th-vspace}] [1000]: org.thymeleaf.standard.processor.StandardRemovableAttributeTagProcessor
[THYMELEAF]             * [* {th:hreflang,data-th-hreflang}] [1000]: org.thymeleaf.standard.processor.StandardRemovableAttributeTagProcessor
[THYMELEAF]             * [* {th:marginheight,data-th-marginheight}] [1000]: org.thymeleaf.standard.processor.StandardRemovableAttributeTagProcessor
[THYMELEAF]             * [* {th:scheme,data-th-scheme}] [1000]: org.thymeleaf.standard.processor.StandardRemovableAttributeTagProcessor
[THYMELEAF]             * [* {th:preload,data-th-preload}] [1000]: org.thymeleaf.standard.processor.StandardRemovableAttributeTagProcessor
[THYMELEAF]             * [* {th:colspan,data-th-colspan}] [1000]: org.thymeleaf.standard.processor.StandardRemovableAttributeTagProcessor
[THYMELEAF]             * [* {th:low,data-th-low}] [1000]: org.thymeleaf.standard.processor.StandardRemovableAttributeTagProcessor
[THYMELEAF]             * [* {th:manifest,data-th-manifest}] [1000]: org.thymeleaf.standard.processor.StandardRemovableAttributeTagProcessor
[THYMELEAF]             * [* {th:codebase,data-th-codebase}] [1000]: org.thymeleaf.standard.processor.StandardRemovableAttributeTagProcessor
[THYMELEAF]             * [* {th:contenteditable,data-th-contenteditable}] [1000]: org.thymeleaf.standard.processor.StandardRemovableAttributeTagProcessor
[THYMELEAF]             * [* {th:draggable,data-th-draggable}] [1000]: org.thymeleaf.standard.processor.StandardRemovableAttributeTagProcessor
[THYMELEAF]             * [* {th:target,data-th-target}] [1000]: org.thymeleaf.standard.processor.StandardRemovableAttributeTagProcessor
[THYMELEAF]             * [* {th:enctype,data-th-enctype}] [1000]: org.thymeleaf.standard.processor.StandardRemovableAttributeTagProcessor
[THYMELEAF]             * [* {th:list,data-th-list}] [1000]: org.thymeleaf.standard.processor.StandardRemovableAttributeTagProcessor
[THYMELEAF]             * [* {th:data,data-th-data}] [1000]: org.thymeleaf.standard.processor.StandardRemovableAttributeTagProcessor
[THYMELEAF]             * [* {th:cite,data-th-cite}] [1000]: org.thymeleaf.standard.processor.StandardRemovableAttributeTagProcessor
[THYMELEAF]             * [* {th:maxlength,data-th-maxlength}] [1000]: org.thymeleaf.standard.processor.StandardRemovableAttributeTagProcessor
[THYMELEAF]             * [* {th:archive,data-th-archive}] [1000]: org.thymeleaf.standard.processor.StandardRemovableAttributeTagProcessor
[THYMELEAF]             * [* {th:sizes,data-th-sizes}] [1000]: org.thymeleaf.standard.processor.StandardRemovableAttributeTagProcessor
[THYMELEAF]             * [* {th:keytype,data-th-keytype}] [1000]: org.thymeleaf.standard.processor.StandardRemovableAttributeTagProcessor
[THYMELEAF]             * [* {th:class,data-th-class}] [1000]: org.thymeleaf.standard.processor.StandardRemovableAttributeTagProcessor
[THYMELEAF]             * [* {th:datetime,data-th-datetime}] [1000]: org.thymeleaf.standard.processor.StandardRemovableAttributeTagProcessor
[THYMELEAF]             * [* {th:formmethod,data-th-formmethod}] [1000]: org.thymeleaf.standard.processor.StandardRemovableAttributeTagProcessor
[THYMELEAF]             * [* {th:border,data-th-border}] [1000]: org.thymeleaf.standard.processor.StandardRemovableAttributeTagProcessor
[THYMELEAF]             * [* {th:abbr,data-th-abbr}] [1000]: org.thymeleaf.standard.processor.StandardRemovableAttributeTagProcessor
[THYMELEAF]             * [* {th:standby,data-th-standby}] [1000]: org.thymeleaf.standard.processor.StandardRemovableAttributeTagProcessor
[THYMELEAF]             * [* {th:cellspacing,data-th-cellspacing}] [1000]: org.thymeleaf.standard.processor.StandardRemovableAttributeTagProcessor
[THYMELEAF]             * [* {th:background,data-th-background}] [1000]: org.thymeleaf.standard.processor.StandardRemovableAttributeTagProcessor
[THYMELEAF]             * [* {th:form,data-th-form}] [1000]: org.thymeleaf.standard.processor.StandardRemovableAttributeTagProcessor
[THYMELEAF]             * [* {th:high,data-th-high}] [1000]: org.thymeleaf.standard.processor.StandardRemovableAttributeTagProcessor
[THYMELEAF]             * [* {th:radiogroup,data-th-radiogroup}] [1000]: org.thymeleaf.standard.processor.StandardRemovableAttributeTagProcessor
[THYMELEAF]             * [* {th:audio,data-th-audio}] [1000]: org.thymeleaf.standard.processor.StandardRemovableAttributeTagProcessor
[THYMELEAF]             * [* {th:pattern,data-th-pattern}] [1000]: org.thymeleaf.standard.processor.StandardRemovableAttributeTagProcessor
[THYMELEAF]             * [* {th:classid,data-th-classid}] [1000]: org.thymeleaf.standard.processor.StandardRemovableAttributeTagProcessor
[THYMELEAF]             * [* {th:headers,data-th-headers}] [1000]: org.thymeleaf.standard.processor.StandardRemovableAttributeTagProcessor
[THYMELEAF]             * [* {th:poster,data-th-poster}] [1000]: org.thymeleaf.standard.processor.StandardRemovableAttributeTagProcessor
[THYMELEAF]             * [* {th:valuetype,data-th-valuetype}] [1000]: org.thymeleaf.standard.processor.StandardRemovableAttributeTagProcessor
[THYMELEAF]             * [* {th:optimum,data-th-optimum}] [1000]: org.thymeleaf.standard.processor.StandardRemovableAttributeTagProcessor
[THYMELEAF]             * [* {th:placeholder,data-th-placeholder}] [1000]: org.thymeleaf.standard.processor.StandardRemovableAttributeTagProcessor
[THYMELEAF]             * [* {th:step,data-th-step}] [1000]: org.thymeleaf.standard.processor.StandardRemovableAttributeTagProcessor
[THYMELEAF]             * [* {th:bgcolor,data-th-bgcolor}] [1000]: org.thymeleaf.standard.processor.StandardRemovableAttributeTagProcessor
[THYMELEAF]             * [* {th:height,data-th-height}] [1000]: org.thymeleaf.standard.processor.StandardRemovableAttributeTagProcessor
[THYMELEAF]             * [* {th:alt,data-th-alt}] [1000]: org.thymeleaf.standard.processor.StandardRemovableAttributeTagProcessor
[THYMELEAF]             * [* {th:id,data-th-id}] [1000]: org.thymeleaf.standard.processor.StandardRemovableAttributeTagProcessor
[THYMELEAF]             * [* {th:challenge,data-th-challenge}] [1000]: org.thymeleaf.standard.processor.StandardRemovableAttributeTagProcessor
[THYMELEAF]             * [* {th:compact,data-th-compact}] [1000]: org.thymeleaf.standard.processor.StandardRemovableAttributeTagProcessor
[THYMELEAF]             * [* {th:min,data-th-min}] [1000]: org.thymeleaf.standard.processor.StandardRemovableAttributeTagProcessor
[THYMELEAF]             * [* {th:tabindex,data-th-tabindex}] [1000]: org.thymeleaf.standard.processor.StandardRemovableAttributeTagProcessor
[THYMELEAF]             * [* {th:dropzone,data-th-dropzone}] [1000]: org.thymeleaf.standard.processor.StandardRemovableAttributeTagProcessor
[THYMELEAF]             * [* {th:lang,data-th-lang}] [1000]: org.thymeleaf.standard.processor.StandardRemovableAttributeTagProcessor
[THYMELEAF]             * [* {th:content,data-th-content}] [1000]: org.thymeleaf.standard.processor.StandardRemovableAttributeTagProcessor
[THYMELEAF]             * [* {th:max,data-th-max}] [1000]: org.thymeleaf.standard.processor.StandardRemovableAttributeTagProcessor
[THYMELEAF]             * [* {th:dir,data-th-dir}] [1000]: org.thymeleaf.standard.processor.StandardRemovableAttributeTagProcessor
[THYMELEAF]             * [* {th:summary,data-th-summary}] [1000]: org.thymeleaf.standard.processor.StandardRemovableAttributeTagProcessor
[THYMELEAF]             * [* {th:media,data-th-media}] [1000]: org.thymeleaf.standard.processor.StandardRemovableAttributeTagProcessor
[THYMELEAF]             * [* {th:cols,data-th-cols}] [1000]: org.thymeleaf.standard.processor.StandardRemovableAttributeTagProcessor
[THYMELEAF]             * [* {th:scope,data-th-scope}] [1000]: org.thymeleaf.standard.processor.StandardRemovableAttributeTagProcessor
[THYMELEAF]             * [* {th:charset,data-th-charset}] [1000]: org.thymeleaf.standard.processor.StandardRemovableAttributeTagProcessor
[THYMELEAF]             * [* {th:label,data-th-label}] [1000]: org.thymeleaf.standard.processor.StandardRemovableAttributeTagProcessor
[THYMELEAF]             * [* {th:for,data-th-for}] [1000]: org.thymeleaf.standard.processor.StandardRemovableAttributeTagProcessor
[THYMELEAF]             * [* {th:codetype,data-th-codetype}] [1000]: org.thymeleaf.standard.processor.StandardRemovableAttributeTagProcessor
[THYMELEAF]             * [* {th:rowspan,data-th-rowspan}] [1000]: org.thymeleaf.standard.processor.StandardRemovableAttributeTagProcessor
[THYMELEAF]             * [* {th:usemap,data-th-usemap}] [1000]: org.thymeleaf.standard.processor.StandardRemovableAttributeTagProcessor
[THYMELEAF]             * [* {th:autocomplete,data-th-autocomplete}] [1000]: org.thymeleaf.standard.processor.StandardRemovableAttributeTagProcessor
[THYMELEAF]             * [* {th:align,data-th-align}] [1000]: org.thymeleaf.standard.processor.StandardRemovableAttributeTagProcessor
[THYMELEAF]             * [* {th:contextmenu,data-th-contextmenu}] [1000]: org.thymeleaf.standard.processor.StandardRemovableAttributeTagProcessor
[THYMELEAF]             * [* {th:rel,data-th-rel}] [1000]: org.thymeleaf.standard.processor.StandardRemovableAttributeTagProcessor
[THYMELEAF]             * [* {th:formenctype,data-th-formenctype}] [1000]: org.thymeleaf.standard.processor.StandardRemovableAttributeTagProcessor
[THYMELEAF]             * [* {th:http-equiv,data-th-http-equiv}] [1000]: org.thymeleaf.standard.processor.StandardRemovableAttributeTagProcessor
[THYMELEAF]             * [* {th:accept-charset,data-th-accept-charset}] [1000]: org.thymeleaf.standard.processor.StandardRemovableAttributeTagProcessor
[THYMELEAF]             * [* {th:marginwidth,data-th-marginwidth}] [1000]: org.thymeleaf.standard.processor.StandardRemovableAttributeTagProcessor
[THYMELEAF]             * [* {th:srclang,data-th-srclang}] [1000]: org.thymeleaf.standard.processor.StandardRemovableAttributeTagProcessor
[THYMELEAF]             * [* {th:size,data-th-size}] [1000]: org.thymeleaf.standard.processor.StandardRemovableAttributeTagProcessor
[THYMELEAF]             * [* {th:start,data-th-start}] [1000]: org.thymeleaf.standard.processor.StandardRemovableAttributeTagProcessor
[THYMELEAF]             * [* {th:rows,data-th-rows}] [1000]: org.thymeleaf.standard.processor.StandardRemovableAttributeTagProcessor
[THYMELEAF]             * [* {th:hspace,data-th-hspace}] [1000]: org.thymeleaf.standard.processor.StandardRemovableAttributeTagProcessor
[THYMELEAF]             * [* {th:kind,data-th-kind}] [1000]: org.thymeleaf.standard.processor.StandardRemovableAttributeTagProcessor
[THYMELEAF]             * [* {th:spellcheck,data-th-spellcheck}] [1000]: org.thymeleaf.standard.processor.StandardRemovableAttributeTagProcessor
[THYMELEAF]             * [* {th:width,data-th-width}] [1000]: org.thymeleaf.standard.processor.StandardRemovableAttributeTagProcessor
[THYMELEAF]             * [* {th:formaction,data-th-formaction}] [1000]: org.thymeleaf.standard.processor.StandardRemovableAttributeTagProcessor
[THYMELEAF]             * [* {th:rules,data-th-rules}] [1000]: org.thymeleaf.standard.processor.StandardRemovableAttributeTagProcessor
[THYMELEAF]             * [* {th:icon,data-th-icon}] [1000]: org.thymeleaf.standard.processor.StandardRemovableAttributeTagProcessor
[THYMELEAF]             * [* {th:axis,data-th-axis}] [1000]: org.thymeleaf.standard.processor.StandardRemovableAttributeTagProcessor
[THYMELEAF]             * [* {th:accept,data-th-accept}] [1000]: org.thymeleaf.standard.processor.StandardRemovableAttributeTagProcessor
[THYMELEAF]             * [* {th:frame,data-th-frame}] [1000]: org.thymeleaf.standard.processor.StandardRemovableAttributeTagProcessor
[THYMELEAF]             * [* {th:rev,data-th-rev}] [1000]: org.thymeleaf.standard.processor.StandardRemovableAttributeTagProcessor
[THYMELEAF]             * [* {th:sandbox,data-th-sandbox}] [1000]: org.thymeleaf.standard.processor.StandardRemovableAttributeTagProcessor
[THYMELEAF]             * [* {th:src,data-th-src}] [1000]: org.thymeleaf.standard.processor.StandardSrcTagProcessor
[THYMELEAF]             * [* {th:value,data-th-value}] [1000]: org.thymeleaf.standard.processor.StandardValueTagProcessor
[THYMELEAF]             * [* {th:xmlbase,data-th-xmlbase}] [1000]: org.thymeleaf.standard.processor.StandardXmlBaseTagProcessor
[THYMELEAF]             * [* {th:xmllang,data-th-xmllang}] [1000]: org.thymeleaf.standard.processor.StandardXmlLangTagProcessor
[THYMELEAF]             * [* {xmlns:th}] [1000]: org.thymeleaf.standard.processor.StandardXmlNsTagProcessor
[THYMELEAF]             * [* {th:xmlspace,data-th-xmlspace}] [1000]: org.thymeleaf.standard.processor.StandardXmlSpaceTagProcessor
[THYMELEAF]             * [* {th:classappend,data-th-classappend}] [1100]: org.thymeleaf.standard.processor.StandardClassappendTagProcessor
[THYMELEAF]             * [* {th:styleappend,data-th-styleappend}] [1100]: org.thymeleaf.standard.processor.StandardStyleappendTagProcessor
[THYMELEAF]             * [* {th:text,data-th-text}] [1300]: org.thymeleaf.standard.processor.StandardTextTagProcessor
[THYMELEAF]             * [* {th:utext,data-th-utext}] [1400]: org.thymeleaf.standard.processor.StandardUtextTagProcessor
[THYMELEAF]             * [* {th:fragment,data-th-fragment}] [1500]: org.thymeleaf.standard.processor.StandardFragmentTagProcessor
[THYMELEAF]             * [* {th:assert,data-th-assert}] [1550]: org.thymeleaf.standard.processor.StandardAssertTagProcessor
[THYMELEAF]             * [* {th:remove,data-th-remove}] [1600]: org.thymeleaf.standard.processor.StandardRemoveTagProcessor
[THYMELEAF]             * [* {th:ref,data-th-ref}] [10000]: org.thymeleaf.standard.processor.StandardRefAttributeTagProcessor
[THYMELEAF]             * [{th:block,th-block} *] [100000]: org.thymeleaf.standard.processor.StandardBlockTagProcessor
[THYMELEAF]             * [* th:*] [2147483647]: org.thymeleaf.standard.processor.StandardDefaultAttributesTagProcessor
[THYMELEAF]         * Text Processors by [precedence]:
[THYMELEAF]             * [1000]: org.thymeleaf.standard.processor.StandardInliningTextProcessor
[THYMELEAF]         * DOCTYPE Processors by [precedence]:
[THYMELEAF]             * [1000]: org.thymeleaf.standard.processor.StandardTranslationDocTypeProcessor
[THYMELEAF]         * CDATA Section Processors by [precedence]:
[THYMELEAF]             * [1000]: org.thymeleaf.standard.processor.StandardInliningCDATASectionProcessor
[THYMELEAF]         * Comment Processors by [precedence]:
[THYMELEAF]             * [1000]: org.thymeleaf.standard.processor.StandardInliningCommentProcessor
[THYMELEAF]             * [1100]: org.thymeleaf.standard.processor.StandardConditionalCommentProcessor
[THYMELEAF]     * Processors for Template Mode: XML
[THYMELEAF]         * Element Tag Processors by [matching element and attribute name] [precedence]:
[THYMELEAF]             * [* {th:include}] [100]: org.thymeleaf.standard.processor.StandardIncludeTagProcessor
[THYMELEAF]             * [* {th:insert}] [100]: org.thymeleaf.standard.processor.StandardInsertTagProcessor
[THYMELEAF]             * [* {th:replace}] [100]: org.thymeleaf.standard.processor.StandardReplaceTagProcessor
[THYMELEAF]             * [* {th:each}] [200]: com.intuit.karate.template.KarateEachTagProcessor
[THYMELEAF]             * [* {th:switch}] [250]: org.thymeleaf.standard.processor.StandardSwitchTagProcessor
[THYMELEAF]             * [* {th:case}] [275]: org.thymeleaf.standard.processor.StandardCaseTagProcessor
[THYMELEAF]             * [* {th:if}] [300]: org.thymeleaf.standard.processor.StandardIfTagProcessor
[THYMELEAF]             * [* {th:unless}] [400]: org.thymeleaf.standard.processor.StandardUnlessTagProcessor
[THYMELEAF]             * [* {th:object}] [500]: org.thymeleaf.standard.processor.StandardObjectTagProcessor
[THYMELEAF]             * [* {th:with}] [600]: com.intuit.karate.template.KarateWithTagProcessor
[THYMELEAF]             * [* {th:attr}] [700]: com.intuit.karate.template.KarateAttributeTagProcessor.KarateAttrTagProcessor
[THYMELEAF]             * [* {th:attrappend}] [900]: com.intuit.karate.template.KarateAttributeTagProcessor.KarateAttrappendTagProcessor
[THYMELEAF]             * [* {th:attrprepend}] [900]: com.intuit.karate.template.KarateAttributeTagProcessor.KarateAttrprependTagProcessor
[THYMELEAF]             * [* {th:inline}] [1000]: org.thymeleaf.standard.processor.StandardInlineXMLTagProcessor
[THYMELEAF]             * [* {xmlns:th}] [1000]: org.thymeleaf.standard.processor.StandardXmlNsTagProcessor
[THYMELEAF]             * [* {th:text}] [1300]: org.thymeleaf.standard.processor.StandardTextTagProcessor
[THYMELEAF]             * [* {th:utext}] [1400]: org.thymeleaf.standard.processor.StandardUtextTagProcessor
[THYMELEAF]             * [* {th:fragment}] [1500]: org.thymeleaf.standard.processor.StandardFragmentTagProcessor
[THYMELEAF]             * [* {th:assert}] [1550]: org.thymeleaf.standard.processor.StandardAssertTagProcessor
[THYMELEAF]             * [* {th:remove}] [1600]: org.thymeleaf.standard.processor.StandardRemoveTagProcessor
[THYMELEAF]             * [* {th:ref}] [10000]: org.thymeleaf.standard.processor.StandardRefAttributeTagProcessor
[THYMELEAF]             * [{th:block} *] [100000]: org.thymeleaf.standard.processor.StandardBlockTagProcessor
[THYMELEAF]             * [* th:*] [2147483647]: org.thymeleaf.standard.processor.StandardDefaultAttributesTagProcessor
[THYMELEAF]         * Text Processors by [precedence]:
[THYMELEAF]             * [1000]: org.thymeleaf.standard.processor.StandardInliningTextProcessor
[THYMELEAF]         * CDATA Section Processors by [precedence]:
[THYMELEAF]             * [1000]: org.thymeleaf.standard.processor.StandardInliningCDATASectionProcessor
[THYMELEAF]         * Comment Processors by [precedence]:
[THYMELEAF]             * [1000]: org.thymeleaf.standard.processor.StandardInliningCommentProcessor
[THYMELEAF]     * Processors for Template Mode: TEXT
[THYMELEAF]         * Element Tag Processors by [matching element and attribute name] [precedence]:
[THYMELEAF]             * [* {th:insert}] [100]: org.thymeleaf.standard.processor.StandardInsertTagProcessor
[THYMELEAF]             * [* {th:replace}] [100]: org.thymeleaf.standard.processor.StandardReplaceTagProcessor
[THYMELEAF]             * [* {th:each}] [200]: com.intuit.karate.template.KarateEachTagProcessor
[THYMELEAF]             * [* {th:switch}] [250]: org.thymeleaf.standard.processor.StandardSwitchTagProcessor
[THYMELEAF]             * [* {th:case}] [275]: org.thymeleaf.standard.processor.StandardCaseTagProcessor
[THYMELEAF]             * [* {th:if}] [300]: org.thymeleaf.standard.processor.StandardIfTagProcessor
[THYMELEAF]             * [* {th:unless}] [400]: org.thymeleaf.standard.processor.StandardUnlessTagProcessor
[THYMELEAF]             * [* {th:object}] [500]: org.thymeleaf.standard.processor.StandardObjectTagProcessor
[THYMELEAF]             * [* {th:with}] [600]: com.intuit.karate.template.KarateWithTagProcessor
[THYMELEAF]             * [* {th:inline}] [1000]: org.thymeleaf.standard.processor.StandardInlineTextualTagProcessor
[THYMELEAF]             * [* {th:text}] [1300]: org.thymeleaf.standard.processor.StandardTextTagProcessor
[THYMELEAF]             * [* {th:utext}] [1400]: org.thymeleaf.standard.processor.StandardUtextTagProcessor
[THYMELEAF]             * [* {th:assert}] [1550]: org.thymeleaf.standard.processor.StandardAssertTagProcessor
[THYMELEAF]             * [* {th:remove}] [1600]: org.thymeleaf.standard.processor.StandardRemoveTagProcessor
[THYMELEAF]             * [* 100000] [org.thymeleaf.standard.processor.StandardBlockTagProcessor]: {}
[THYMELEAF]             * [{th:block} *] [100000]: org.thymeleaf.standard.processor.StandardBlockTagProcessor
[THYMELEAF]         * Text Processors by [precedence]:
[THYMELEAF]             * [1000]: org.thymeleaf.standard.processor.StandardInliningTextProcessor
[THYMELEAF]     * Processors for Template Mode: JAVASCRIPT
[THYMELEAF]         * Element Tag Processors by [matching element and attribute name] [precedence]:
[THYMELEAF]             * [* {th:insert}] [100]: org.thymeleaf.standard.processor.StandardInsertTagProcessor
[THYMELEAF]             * [* {th:replace}] [100]: org.thymeleaf.standard.processor.StandardReplaceTagProcessor
[THYMELEAF]             * [* {th:each}] [200]: com.intuit.karate.template.KarateEachTagProcessor
[THYMELEAF]             * [* {th:switch}] [250]: org.thymeleaf.standard.processor.StandardSwitchTagProcessor
[THYMELEAF]             * [* {th:case}] [275]: org.thymeleaf.standard.processor.StandardCaseTagProcessor
[THYMELEAF]             * [* {th:if}] [300]: org.thymeleaf.standard.processor.StandardIfTagProcessor
[THYMELEAF]             * [* {th:unless}] [400]: org.thymeleaf.standard.processor.StandardUnlessTagProcessor
[THYMELEAF]             * [* {th:object}] [500]: org.thymeleaf.standard.processor.StandardObjectTagProcessor
[THYMELEAF]             * [* {th:with}] [600]: com.intuit.karate.template.KarateWithTagProcessor
[THYMELEAF]             * [* {th:inline}] [1000]: org.thymeleaf.standard.processor.StandardInlineTextualTagProcessor
[THYMELEAF]             * [* {th:text}] [1300]: org.thymeleaf.standard.processor.StandardTextTagProcessor
[THYMELEAF]             * [* {th:utext}] [1400]: org.thymeleaf.standard.processor.StandardUtextTagProcessor
[THYMELEAF]             * [* {th:assert}] [1550]: org.thymeleaf.standard.processor.StandardAssertTagProcessor
[THYMELEAF]             * [* {th:remove}] [1600]: org.thymeleaf.standard.processor.StandardRemoveTagProcessor
[THYMELEAF]             * [* 100000] [org.thymeleaf.standard.processor.StandardBlockTagProcessor]: {}
[THYMELEAF]             * [{th:block} *] [100000]: org.thymeleaf.standard.processor.StandardBlockTagProcessor
[THYMELEAF]         * Text Processors by [precedence]:
[THYMELEAF]             * [1000]: org.thymeleaf.standard.processor.StandardInliningTextProcessor
[THYMELEAF]     * Processors for Template Mode: CSS
[THYMELEAF]         * Element Tag Processors by [matching element and attribute name] [precedence]:
[THYMELEAF]             * [* {th:insert}] [100]: org.thymeleaf.standard.processor.StandardInsertTagProcessor
[THYMELEAF]             * [* {th:replace}] [100]: org.thymeleaf.standard.processor.StandardReplaceTagProcessor
[THYMELEAF]             * [* {th:each}] [200]: com.intuit.karate.template.KarateEachTagProcessor
[THYMELEAF]             * [* {th:switch}] [250]: org.thymeleaf.standard.processor.StandardSwitchTagProcessor
[THYMELEAF]             * [* {th:case}] [275]: org.thymeleaf.standard.processor.StandardCaseTagProcessor
[THYMELEAF]             * [* {th:if}] [300]: org.thymeleaf.standard.processor.StandardIfTagProcessor
[THYMELEAF]             * [* {th:unless}] [400]: org.thymeleaf.standard.processor.StandardUnlessTagProcessor
[THYMELEAF]             * [* {th:object}] [500]: org.thymeleaf.standard.processor.StandardObjectTagProcessor
[THYMELEAF]             * [* {th:with}] [600]: com.intuit.karate.template.KarateWithTagProcessor
[THYMELEAF]             * [* {th:inline}] [1000]: org.thymeleaf.standard.processor.StandardInlineTextualTagProcessor
[THYMELEAF]             * [* {th:text}] [1300]: org.thymeleaf.standard.processor.StandardTextTagProcessor
[THYMELEAF]             * [* {th:utext}] [1400]: org.thymeleaf.standard.processor.StandardUtextTagProcessor
[THYMELEAF]             * [* {th:assert}] [1550]: org.thymeleaf.standard.processor.StandardAssertTagProcessor
[THYMELEAF]             * [* {th:remove}] [1600]: org.thymeleaf.standard.processor.StandardRemoveTagProcessor
[THYMELEAF]             * [* 100000] [org.thymeleaf.standard.processor.StandardBlockTagProcessor]: {}
[THYMELEAF]             * [{th:block} *] [100000]: org.thymeleaf.standard.processor.StandardBlockTagProcessor
[THYMELEAF]         * Text Processors by [precedence]:
[THYMELEAF]             * [1000]: org.thymeleaf.standard.processor.StandardInliningTextProcessor
[THYMELEAF]     * Expression Objects:
[THYMELEAF]         * #ctx
[THYMELEAF]         * #root
[THYMELEAF]         * #vars
[THYMELEAF]         * #object
[THYMELEAF]         * #locale
[THYMELEAF]         * #conversions
[THYMELEAF]         * #uris
[THYMELEAF]         * #temporals
[THYMELEAF]         * #calendars
[THYMELEAF]         * #dates
[THYMELEAF]         * #bools
[THYMELEAF]         * #numbers
[THYMELEAF]         * #objects
[THYMELEAF]         * #strings
[THYMELEAF]         * #arrays
[THYMELEAF]         * #lists
[THYMELEAF]         * #sets
[THYMELEAF]         * #maps
[THYMELEAF]         * #aggregates
[THYMELEAF]         * #messages
[THYMELEAF]         * #ids
[THYMELEAF]         * #execInfo
[THYMELEAF]         * #request
[THYMELEAF]         * #response
[THYMELEAF]         * #session
[THYMELEAF]         * #servletContext
[THYMELEAF]     * Execution Attributes:
[THYMELEAF]         * "StandardExpressionParser": com.intuit.karate.template.KarateStandardDialect@33a47707
[THYMELEAF]         * "StandardJavaScriptSerializer": org.thymeleaf.standard.serializer.StandardJavaScriptSerializer@24aedcc5
[THYMELEAF]         * "StandardCSSSerializer": org.thymeleaf.standard.serializer.StandardCSSSerializer@74ebd159
[THYMELEAF]         * "StandardVariableExpressionEvaluator": com.intuit.karate.template.KarateStandardDialect@33a47707
[THYMELEAF]         * "StandardConversionService": org.thymeleaf.standard.expression.StandardConversionService@1850f2da
[THYMELEAF] * Dialect [2 of 2]: karate (com.intuit.karate.template.KarateScriptDialect)
[THYMELEAF]     * Prefix: "ka"
[THYMELEAF]     * Processors for Template Mode: HTML
[THYMELEAF]         * Element Tag Processors by [matching element and attribute name] [precedence]:
[THYMELEAF]             * [* {src}] [1000]: com.intuit.karate.template.KaScriptAttrProcessor
[THYMELEAF]         * Element Model Processors by [matching element and attribute name] [precedence]:
[THYMELEAF]             * [{script} {ka:scope,data-ka-scope}] [1000]: com.intuit.karate.template.KaScriptElemProcessor
[THYMELEAF]             * [* {ka:set,data-ka-set}] [1000]: com.intuit.karate.template.KaSetElemProcessor
[THYMELEAF] TEMPLATE ENGINE CONFIGURED OK
09:49:24.991 [main] DEBUG org.thymeleaf.TemplateEngine -- [THYMELEAF] TEMPLATE ENGINE INITIALIZED
09:49:25.001 [main] DEBUG org.thymeleaf.TemplateEngine -- [THYMELEAF] INITIALIZING TEMPLATE ENGINE
09:49:25.016 [main] DEBUG org.thymeleaf.TemplateEngine.CONFIG -- Initializing Thymeleaf Template engine configuration...
[THYMELEAF] TEMPLATE ENGINE CONFIGURATION:
[THYMELEAF] * Thymeleaf version: 3.1.2.RELEASE (built 2023-07-30T19:25:50+0000)
[THYMELEAF] * Cache Manager implementation: org.thymeleaf.cache.StandardCacheManager
[THYMELEAF] * Template resolvers:
[THYMELEAF]     * [1] com.intuit.karate.template.ResourceHtmlTemplateResolver
[THYMELEAF] * Message resolvers:
[THYMELEAF]     * org.thymeleaf.messageresolver.StandardMessageResolver
[THYMELEAF] * Link builders:
[THYMELEAF]     * org.thymeleaf.linkbuilder.StandardLinkBuilder
[THYMELEAF] * Dialect [1 of 2]: Standard (com.intuit.karate.template.KarateStandardDialect)
[THYMELEAF]     * Prefix: "th"
[THYMELEAF]     * Processors for Template Mode: HTML
[THYMELEAF]         * Element Tag Processors by [matching element and attribute name] [precedence]:
[THYMELEAF]             * [* {th:include,data-th-include}] [100]: org.thymeleaf.standard.processor.StandardIncludeTagProcessor
[THYMELEAF]             * [* {th:insert,data-th-insert}] [100]: org.thymeleaf.standard.processor.StandardInsertTagProcessor
[THYMELEAF]             * [* {th:replace,data-th-replace}] [100]: org.thymeleaf.standard.processor.StandardReplaceTagProcessor
[THYMELEAF]             * [* {th:each,data-th-each}] [200]: com.intuit.karate.template.KarateEachTagProcessor
[THYMELEAF]             * [* {th:switch,data-th-switch}] [250]: org.thymeleaf.standard.processor.StandardSwitchTagProcessor
[THYMELEAF]             * [* {th:case,data-th-case}] [275]: org.thymeleaf.standard.processor.StandardCaseTagProcessor
[THYMELEAF]             * [* {th:if,data-th-if}] [300]: org.thymeleaf.standard.processor.StandardIfTagProcessor
[THYMELEAF]             * [* {th:unless,data-th-unless}] [400]: org.thymeleaf.standard.processor.StandardUnlessTagProcessor
[THYMELEAF]             * [* {th:object,data-th-object}] [500]: org.thymeleaf.standard.processor.StandardObjectTagProcessor
[THYMELEAF]             * [* {th:with,data-th-with}] [600]: com.intuit.karate.template.KarateWithTagProcessor
[THYMELEAF]             * [* {th:attr,data-th-attr}] [700]: com.intuit.karate.template.KarateAttributeTagProcessor.KarateAttrTagProcessor
[THYMELEAF]             * [* {th:attrappend,data-th-attrappend}] [900]: com.intuit.karate.template.KarateAttributeTagProcessor.KarateAttrappendTagProcessor
[THYMELEAF]             * [* {th:attrprepend,data-th-attrprepend}] [900]: com.intuit.karate.template.KarateAttributeTagProcessor.KarateAttrprependTagProcessor
[THYMELEAF]             * [* {th:alt-title,data-th-alt-title}] [990]: org.thymeleaf.standard.processor.StandardAltTitleTagProcessor
[THYMELEAF]             * [* {th:lang-xmllang,data-th-lang-xmllang}] [990]: org.thymeleaf.standard.processor.StandardLangXmlLangTagProcessor
[THYMELEAF]             * [* {th:action,data-th-action}] [1000]: org.thymeleaf.standard.processor.StandardActionTagProcessor
[THYMELEAF]             * [* {th:checked,data-th-checked}] [1000]: org.thymeleaf.standard.processor.StandardConditionalFixedValueTagProcessor
[THYMELEAF]             * [* {th:readonly,data-th-readonly}] [1000]: org.thymeleaf.standard.processor.StandardConditionalFixedValueTagProcessor
[THYMELEAF]             * [* {th:formnovalidate,data-th-formnovalidate}] [1000]: org.thymeleaf.standard.processor.StandardConditionalFixedValueTagProcessor
[THYMELEAF]             * [* {th:nowrap,data-th-nowrap}] [1000]: org.thymeleaf.standard.processor.StandardConditionalFixedValueTagProcessor
[THYMELEAF]             * [* {th:ismap,data-th-ismap}] [1000]: org.thymeleaf.standard.processor.StandardConditionalFixedValueTagProcessor
[THYMELEAF]             * [* {th:novalidate,data-th-novalidate}] [1000]: org.thymeleaf.standard.processor.StandardConditionalFixedValueTagProcessor
[THYMELEAF]             * [* {th:disabled,data-th-disabled}] [1000]: org.thymeleaf.standard.processor.StandardConditionalFixedValueTagProcessor
[THYMELEAF]             * [* {th:default,data-th-default}] [1000]: org.thymeleaf.standard.processor.StandardConditionalFixedValueTagProcessor
[THYMELEAF]             * [* {th:seamless,data-th-seamless}] [1000]: org.thymeleaf.standard.processor.StandardConditionalFixedValueTagProcessor
[THYMELEAF]             * [* {th:autofocus,data-th-autofocus}] [1000]: org.thymeleaf.standard.processor.StandardConditionalFixedValueTagProcessor
[THYMELEAF]             * [* {th:defer,data-th-defer}] [1000]: org.thymeleaf.standard.processor.StandardConditionalFixedValueTagProcessor
[THYMELEAF]             * [* {th:pubdate,data-th-pubdate}] [1000]: org.thymeleaf.standard.processor.StandardConditionalFixedValueTagProcessor
[THYMELEAF]             * [* {th:required,data-th-required}] [1000]: org.thymeleaf.standard.processor.StandardConditionalFixedValueTagProcessor
[THYMELEAF]             * [* {th:selected,data-th-selected}] [1000]: org.thymeleaf.standard.processor.StandardConditionalFixedValueTagProcessor
[THYMELEAF]             * [* {th:async,data-th-async}] [1000]: org.thymeleaf.standard.processor.StandardConditionalFixedValueTagProcessor
[THYMELEAF]             * [* {th:autoplay,data-th-autoplay}] [1000]: org.thymeleaf.standard.processor.StandardConditionalFixedValueTagProcessor
[THYMELEAF]             * [* {th:declare,data-th-declare}] [1000]: org.thymeleaf.standard.processor.StandardConditionalFixedValueTagProcessor
[THYMELEAF]             * [* {th:open,data-th-open}] [1000]: org.thymeleaf.standard.processor.StandardConditionalFixedValueTagProcessor
[THYMELEAF]             * [* {th:loop,data-th-loop}] [1000]: org.thymeleaf.standard.processor.StandardConditionalFixedValueTagProcessor
[THYMELEAF]             * [* {th:hidden,data-th-hidden}] [1000]: org.thymeleaf.standard.processor.StandardConditionalFixedValueTagProcessor
[THYMELEAF]             * [* {th:multiple,data-th-multiple}] [1000]: org.thymeleaf.standard.processor.StandardConditionalFixedValueTagProcessor
[THYMELEAF]             * [* {th:scoped,data-th-scoped}] [1000]: org.thymeleaf.standard.processor.StandardConditionalFixedValueTagProcessor
[THYMELEAF]             * [* {th:controls,data-th-controls}] [1000]: org.thymeleaf.standard.processor.StandardConditionalFixedValueTagProcessor
[THYMELEAF]             * [* {th:reversed,data-th-reversed}] [1000]: org.thymeleaf.standard.processor.StandardConditionalFixedValueTagProcessor
[THYMELEAF]             * [* {th:onundo,data-th-onundo}] [1000]: org.thymeleaf.standard.processor.StandardDOMEventAttributeTagProcessor
[THYMELEAF]             * [* {th:oncanplaythrough,data-th-oncanplaythrough}] [1000]: org.thymeleaf.standard.processor.StandardDOMEventAttributeTagProcessor
[THYMELEAF]             * [* {th:ontimeupdate,data-th-ontimeupdate}] [1000]: org.thymeleaf.standard.processor.StandardDOMEventAttributeTagProcessor
[THYMELEAF]             * [* {th:onkeydown,data-th-onkeydown}] [1000]: org.thymeleaf.standard.processor.StandardDOMEventAttributeTagProcessor
[THYMELEAF]             * [* {th:onclick,data-th-onclick}] [1000]: org.thymeleaf.standard.processor.StandardDOMEventAttributeTagProcessor
[THYMELEAF]             * [* {th:oninvalid,data-th-oninvalid}] [1000]: org.thymeleaf.standard.processor.StandardDOMEventAttributeTagProcessor
[THYMELEAF]             * [* {th:onstorage,data-th-onstorage}] [1000]: org.thymeleaf.standard.processor.StandardDOMEventAttributeTagProcessor
[THYMELEAF]             * [* {th:onmouseover,data-th-onmouseover}] [1000]: org.thymeleaf.standard.processor.StandardDOMEventAttributeTagProcessor
[THYMELEAF]             * [* {th:onsubmit,data-th-onsubmit}] [1000]: org.thymeleaf.standard.processor.StandardDOMEventAttributeTagProcessor
[THYMELEAF]             * [* {th:onloadeddata,data-th-onloadeddata}] [1000]: org.thymeleaf.standard.processor.StandardDOMEventAttributeTagProcessor
[THYMELEAF]             * [* {th:onfocus,data-th-onfocus}] [1000]: org.thymeleaf.standard.processor.StandardDOMEventAttributeTagProcessor
[THYMELEAF]             * [* {th:onmousemove,data-th-onmousemove}] [1000]: org.thymeleaf.standard.processor.StandardDOMEventAttributeTagProcessor
[THYMELEAF]             * [* {th:ondragleave,data-th-ondragleave}] [1000]: org.thymeleaf.standard.processor.StandardDOMEventAttributeTagProcessor
[THYMELEAF]             * [* {th:onended,data-th-onended}] [1000]: org.thymeleaf.standard.processor.StandardDOMEventAttributeTagProcessor
[THYMELEAF]             * [* {th:onmouseup,data-th-onmouseup}] [1000]: org.thymeleaf.standard.processor.StandardDOMEventAttributeTagProcessor
[THYMELEAF]             * [* {th:onblur,data-th-onblur}] [1000]: org.thymeleaf.standard.processor.StandardDOMEventAttributeTagProcessor
[THYMELEAF]             * [* {th:ondragstart,data-th-ondragstart}] [1000]: org.thymeleaf.standard.processor.StandardDOMEventAttributeTagProcessor
[THYMELEAF]             * [* {th:ondragend,data-th-ondragend}] [1000]: org.thymeleaf.standard.processor.StandardDOMEventAttributeTagProcessor
[THYMELEAF]             * [* {th:onresize,data-th-onresize}] [1000]: org.thymeleaf.standard.processor.StandardDOMEventAttributeTagProcessor
[THYMELEAF]             * [* {th:onchange,data-th-onchange}] [1000]: org.thymeleaf.standard.processor.StandardDOMEventAttributeTagProcessor
[THYMELEAF]             * [* {th:onafterprint,data-th-onafterprint}] [1000]: org.thymeleaf.standard.processor.StandardDOMEventAttributeTagProcessor
[THYMELEAF]             * [* {th:onpause,data-th-onpause}] [1000]: org.thymeleaf.standard.processor.StandardDOMEventAttributeTagProcessor
[THYMELEAF]             * [* {th:onbeforeprint,data-th-onbeforeprint}] [1000]: org.thymeleaf.standard.processor.StandardDOMEventAttributeTagProcessor
[THYMELEAF]             * [* {th:ondblclick,data-th-ondblclick}] [1000]: org.thymeleaf.standard.processor.StandardDOMEventAttributeTagProcessor
[THYMELEAF]             * [* {th:onprogress,data-th-onprogress}] [1000]: org.thymeleaf.standard.processor.StandardDOMEventAttributeTagProcessor
[THYMELEAF]             * [* {th:onscroll,data-th-onscroll}] [1000]: org.thymeleaf.standard.processor.StandardDOMEventAttributeTagProcessor
[THYMELEAF]             * [* {th:onabort,data-th-onabort}] [1000]: org.thymeleaf.standard.processor.StandardDOMEventAttributeTagProcessor
[THYMELEAF]             * [* {th:onselect,data-th-onselect}] [1000]: org.thymeleaf.standard.processor.StandardDOMEventAttributeTagProcessor
[THYMELEAF]             * [* {th:onsuspend,data-th-onsuspend}] [1000]: org.thymeleaf.standard.processor.StandardDOMEventAttributeTagProcessor
[THYMELEAF]             * [* {th:ononline,data-th-ononline}] [1000]: org.thymeleaf.standard.processor.StandardDOMEventAttributeTagProcessor
[THYMELEAF]             * [* {th:onshow,data-th-onshow}] [1000]: org.thymeleaf.standard.processor.StandardDOMEventAttributeTagProcessor
[THYMELEAF]             * [* {th:onoffline,data-th-onoffline}] [1000]: org.thymeleaf.standard.processor.StandardDOMEventAttributeTagProcessor
[THYMELEAF]             * [* {th:onreset,data-th-onreset}] [1000]: org.thymeleaf.standard.processor.StandardDOMEventAttributeTagProcessor
[THYMELEAF]             * [* {th:onplaying,data-th-onplaying}] [1000]: org.thymeleaf.standard.processor.StandardDOMEventAttributeTagProcessor
[THYMELEAF]             * [* {th:ondurationchange,data-th-ondurationchange}] [1000]: org.thymeleaf.standard.processor.StandardDOMEventAttributeTagProcessor
[THYMELEAF]             * [* {th:onkeypress,data-th-onkeypress}] [1000]: org.thymeleaf.standard.processor.StandardDOMEventAttributeTagProcessor
[THYMELEAF]             * [* {th:ondragenter,data-th-ondragenter}] [1000]: org.thymeleaf.standard.processor.StandardDOMEventAttributeTagProcessor
[THYMELEAF]             * [* {th:onloadstart,data-th-onloadstart}] [1000]: org.thymeleaf.standard.processor.StandardDOMEventAttributeTagProcessor
[THYMELEAF]             * [* {th:onunload,data-th-onunload}] [1000]: org.thymeleaf.standard.processor.StandardDOMEventAttributeTagProcessor
[THYMELEAF]             * [* {th:onmousedown,data-th-onmousedown}] [1000]: org.thymeleaf.standard.processor.StandardDOMEventAttributeTagProcessor
[THYMELEAF]             * [* {th:oninput,data-th-oninput}] [1000]: org.thymeleaf.standard.processor.StandardDOMEventAttributeTagProcessor
[THYMELEAF]             * [* {th:onmousewheel,data-th-onmousewheel}] [1000]: org.thymeleaf.standard.processor.StandardDOMEventAttributeTagProcessor
[THYMELEAF]             * [* {th:oncanplay,data-th-oncanplay}] [1000]: org.thymeleaf.standard.processor.StandardDOMEventAttributeTagProcessor
[THYMELEAF]             * [* {th:onloadedmetadata,data-th-onloadedmetadata}] [1000]: org.thymeleaf.standard.processor.StandardDOMEventAttributeTagProcessor
[THYMELEAF]             * [* {th:onplay,data-th-onplay}] [1000]: org.thymeleaf.standard.processor.StandardDOMEventAttributeTagProcessor
[THYMELEAF]             * [* {th:ondrag,data-th-ondrag}] [1000]: org.thymeleaf.standard.processor.StandardDOMEventAttributeTagProcessor
[THYMELEAF]             * [* {th:onpopstate,data-th-onpopstate}] [1000]: org.thymeleaf.standard.processor.StandardDOMEventAttributeTagProcessor
[THYMELEAF]             * [* {th:ondrop,data-th-ondrop}] [1000]: org.thymeleaf.standard.processor.StandardDOMEventAttributeTagProcessor
[THYMELEAF]             * [* {th:onkeyup,data-th-onkeyup}] [1000]: org.thymeleaf.standard.processor.StandardDOMEventAttributeTagProcessor
[THYMELEAF]             * [* {th:onemptied,data-th-onemptied}] [1000]: org.thymeleaf.standard.processor.StandardDOMEventAttributeTagProcessor
[THYMELEAF]             * [* {th:onload,data-th-onload}] [1000]: org.thymeleaf.standard.processor.StandardDOMEventAttributeTagProcessor
[THYMELEAF]             * [* {th:ondragover,data-th-ondragover}] [1000]: org.thymeleaf.standard.processor.StandardDOMEventAttributeTagProcessor
[THYMELEAF]             * [* {th:onwaiting,data-th-onwaiting}] [1000]: org.thymeleaf.standard.processor.StandardDOMEventAttributeTagProcessor
[THYMELEAF]             * [* {th:onformchange,data-th-onformchange}] [1000]: org.thymeleaf.standard.processor.StandardDOMEventAttributeTagProcessor
[THYMELEAF]             * [* {th:onbeforeunload,data-th-onbeforeunload}] [1000]: org.thymeleaf.standard.processor.StandardDOMEventAttributeTagProcessor
[THYMELEAF]             * [* {th:onreadystatechange,data-th-onreadystatechange}] [1000]: org.thymeleaf.standard.processor.StandardDOMEventAttributeTagProcessor
[THYMELEAF]             * [* {th:onmessage,data-th-onmessage}] [1000]: org.thymeleaf.standard.processor.StandardDOMEventAttributeTagProcessor
[THYMELEAF]             * [* {th:onvolumechange,data-th-onvolumechange}] [1000]: org.thymeleaf.standard.processor.StandardDOMEventAttributeTagProcessor
[THYMELEAF]             * [* {th:onhashchange,data-th-onhashchange}] [1000]: org.thymeleaf.standard.processor.StandardDOMEventAttributeTagProcessor
[THYMELEAF]             * [* {th:onseeking,data-th-onseeking}] [1000]: org.thymeleaf.standard.processor.StandardDOMEventAttributeTagProcessor
[THYMELEAF]             * [* {th:onerror,data-th-onerror}] [1000]: org.thymeleaf.standard.processor.StandardDOMEventAttributeTagProcessor
[THYMELEAF]             * [* {th:onratechange,data-th-onratechange}] [1000]: org.thymeleaf.standard.processor.StandardDOMEventAttributeTagProcessor
[THYMELEAF]             * [* {th:onredo,data-th-onredo}] [1000]: org.thymeleaf.standard.processor.StandardDOMEventAttributeTagProcessor
[THYMELEAF]             * [* {th:onforminput,data-th-onforminput}] [1000]: org.thymeleaf.standard.processor.StandardDOMEventAttributeTagProcessor
[THYMELEAF]             * [* {th:onseeked,data-th-onseeked}] [1000]: org.thymeleaf.standard.processor.StandardDOMEventAttributeTagProcessor
[THYMELEAF]             * [* {th:oncontextmenu,data-th-oncontextmenu}] [1000]: org.thymeleaf.standard.processor.StandardDOMEventAttributeTagProcessor
[THYMELEAF]             * [* {th:onstalled,data-th-onstalled}] [1000]: org.thymeleaf.standard.processor.StandardDOMEventAttributeTagProcessor
[THYMELEAF]             * [* {th:onmouseout,data-th-onmouseout}] [1000]: org.thymeleaf.standard.processor.StandardDOMEventAttributeTagProcessor
[THYMELEAF]             * [* {th:href,data-th-href}] [1000]: org.thymeleaf.standard.processor.StandardHrefTagProcessor
[THYMELEAF]             * [* {th:inline,data-th-inline}] [1000]: org.thymeleaf.standard.processor.StandardInlineHTMLTagProcessor
[THYMELEAF]             * [* {th:method,data-th-method}] [1000]: org.thymeleaf.standard.processor.StandardMethodTagProcessor
[THYMELEAF]             * [* {th:name,data-th-name}] [1000]: org.thymeleaf.standard.processor.StandardNonRemovableAttributeTagProcessor
[THYMELEAF]             * [* {th:type,data-th-type}] [1000]: org.thymeleaf.standard.processor.StandardNonRemovableAttributeTagProcessor
[THYMELEAF]             * [* {th:wrap,data-th-wrap}] [1000]: org.thymeleaf.standard.processor.StandardRemovableAttributeTagProcessor
[THYMELEAF]             * [* {th:hspace,data-th-hspace}] [1000]: org.thymeleaf.standard.processor.StandardRemovableAttributeTagProcessor
[THYMELEAF]             * [* {th:alt,data-th-alt}] [1000]: org.thymeleaf.standard.processor.StandardRemovableAttributeTagProcessor
[THYMELEAF]             * [* {th:rules,data-th-rules}] [1000]: org.thymeleaf.standard.processor.StandardRemovableAttributeTagProcessor
[THYMELEAF]             * [* {th:dir,data-th-dir}] [1000]: org.thymeleaf.standard.processor.StandardRemovableAttributeTagProcessor
[THYMELEAF]             * [* {th:autocomplete,data-th-autocomplete}] [1000]: org.thymeleaf.standard.processor.StandardRemovableAttributeTagProcessor
[THYMELEAF]             * [* {th:accesskey,data-th-accesskey}] [1000]: org.thymeleaf.standard.processor.StandardRemovableAttributeTagProcessor
[THYMELEAF]             * [* {th:align,data-th-align}] [1000]: org.thymeleaf.standard.processor.StandardRemovableAttributeTagProcessor
[THYMELEAF]             * [* {th:id,data-th-id}] [1000]: org.thymeleaf.standard.processor.StandardRemovableAttributeTagProcessor
[THYMELEAF]             * [* {th:formmethod,data-th-formmethod}] [1000]: org.thymeleaf.standard.processor.StandardRemovableAttributeTagProcessor
[THYMELEAF]             * [* {th:usemap,data-th-usemap}] [1000]: org.thymeleaf.standard.processor.StandardRemovableAttributeTagProcessor
[THYMELEAF]             * [* {th:bgcolor,data-th-bgcolor}] [1000]: org.thymeleaf.standard.processor.StandardRemovableAttributeTagProcessor
[THYMELEAF]             * [* {th:enctype,data-th-enctype}] [1000]: org.thymeleaf.standard.processor.StandardRemovableAttributeTagProcessor
[THYMELEAF]             * [* {th:height,data-th-height}] [1000]: org.thymeleaf.standard.processor.StandardRemovableAttributeTagProcessor
[THYMELEAF]             * [* {th:formenctype,data-th-formenctype}] [1000]: org.thymeleaf.standard.processor.StandardRemovableAttributeTagProcessor
[THYMELEAF]             * [* {th:max,data-th-max}] [1000]: org.thymeleaf.standard.processor.StandardRemovableAttributeTagProcessor
[THYMELEAF]             * [* {th:hreflang,data-th-hreflang}] [1000]: org.thymeleaf.standard.processor.StandardRemovableAttributeTagProcessor
[THYMELEAF]             * [* {th:codetype,data-th-codetype}] [1000]: org.thymeleaf.standard.processor.StandardRemovableAttributeTagProcessor
[THYMELEAF]             * [* {th:cols,data-th-cols}] [1000]: org.thymeleaf.standard.processor.StandardRemovableAttributeTagProcessor
[THYMELEAF]             * [* {th:abbr,data-th-abbr}] [1000]: org.thymeleaf.standard.processor.StandardRemovableAttributeTagProcessor
[THYMELEAF]             * [* {th:title,data-th-title}] [1000]: org.thymeleaf.standard.processor.StandardRemovableAttributeTagProcessor
[THYMELEAF]             * [* {th:target,data-th-target}] [1000]: org.thymeleaf.standard.processor.StandardRemovableAttributeTagProcessor
[THYMELEAF]             * [* {th:span,data-th-span}] [1000]: org.thymeleaf.standard.processor.StandardRemovableAttributeTagProcessor
[THYMELEAF]             * [* {th:rev,data-th-rev}] [1000]: org.thymeleaf.standard.processor.StandardRemovableAttributeTagProcessor
[THYMELEAF]             * [* {th:charset,data-th-charset}] [1000]: org.thymeleaf.standard.processor.StandardRemovableAttributeTagProcessor
[THYMELEAF]             * [* {th:content,data-th-content}] [1000]: org.thymeleaf.standard.processor.StandardRemovableAttributeTagProcessor
[THYMELEAF]             * [* {th:media,data-th-media}] [1000]: org.thymeleaf.standard.processor.StandardRemovableAttributeTagProcessor
[THYMELEAF]             * [* {th:classid,data-th-classid}] [1000]: org.thymeleaf.standard.processor.StandardRemovableAttributeTagProcessor
[THYMELEAF]             * [* {th:radiogroup,data-th-radiogroup}] [1000]: org.thymeleaf.standard.processor.StandardRemovableAttributeTagProcessor
[THYMELEAF]             * [* {th:rel,data-th-rel}] [1000]: org.thymeleaf.standard.processor.StandardRemovableAttributeTagProcessor
[THYMELEAF]             * [* {th:contextmenu,data-th-contextmenu}] [1000]: org.thymeleaf.standard.processor.StandardRemovableAttributeTagProcessor
[THYMELEAF]             * [* {th:form,data-th-form}] [1000]: org.thymeleaf.standard.processor.StandardRemovableAttributeTagProcessor
[THYMELEAF]             * [* {th:contenteditable,data-th-contenteditable}] [1000]: org.thymeleaf.standard.processor.StandardRemovableAttributeTagProcessor
[THYMELEAF]             * [* {th:frame,data-th-frame}] [1000]: org.thymeleaf.standard.processor.StandardRemovableAttributeTagProcessor
[THYMELEAF]             * [* {th:datetime,data-th-datetime}] [1000]: org.thymeleaf.standard.processor.StandardRemovableAttributeTagProcessor
[THYMELEAF]             * [* {th:border,data-th-border}] [1000]: org.thymeleaf.standard.processor.StandardRemovableAttributeTagProcessor
[THYMELEAF]             * [* {th:axis,data-th-axis}] [1000]: org.thymeleaf.standard.processor.StandardRemovableAttributeTagProcessor
[THYMELEAF]             * [* {th:sandbox,data-th-sandbox}] [1000]: org.thymeleaf.standard.processor.StandardRemovableAttributeTagProcessor
[THYMELEAF]             * [* {th:formaction,data-th-formaction}] [1000]: org.thymeleaf.standard.processor.StandardRemovableAttributeTagProcessor
[THYMELEAF]             * [* {th:preload,data-th-preload}] [1000]: org.thymeleaf.standard.processor.StandardRemovableAttributeTagProcessor
[THYMELEAF]             * [* {th:rows,data-th-rows}] [1000]: org.thymeleaf.standard.processor.StandardRemovableAttributeTagProcessor
[THYMELEAF]             * [* {th:placeholder,data-th-placeholder}] [1000]: org.thymeleaf.standard.processor.StandardRemovableAttributeTagProcessor
[THYMELEAF]             * [* {th:spellcheck,data-th-spellcheck}] [1000]: org.thymeleaf.standard.processor.StandardRemovableAttributeTagProcessor
[THYMELEAF]             * [* {th:scope,data-th-scope}] [1000]: org.thymeleaf.standard.processor.StandardRemovableAttributeTagProcessor
[THYMELEAF]             * [* {th:vspace,data-th-vspace}] [1000]: org.thymeleaf.standard.processor.StandardRemovableAttributeTagProcessor
[THYMELEAF]             * [* {th:challenge,data-th-challenge}] [1000]: org.thymeleaf.standard.processor.StandardRemovableAttributeTagProcessor
[THYMELEAF]             * [* {th:style,data-th-style}] [1000]: org.thymeleaf.standard.processor.StandardRemovableAttributeTagProcessor
[THYMELEAF]             * [* {th:width,data-th-width}] [1000]: org.thymeleaf.standard.processor.StandardRemovableAttributeTagProcessor
[THYMELEAF]             * [* {th:marginwidth,data-th-marginwidth}] [1000]: org.thymeleaf.standard.processor.StandardRemovableAttributeTagProcessor
[THYMELEAF]             * [* {th:srclang,data-th-srclang}] [1000]: org.thymeleaf.standard.processor.StandardRemovableAttributeTagProcessor
[THYMELEAF]             * [* {th:tabindex,data-th-tabindex}] [1000]: org.thymeleaf.standard.processor.StandardRemovableAttributeTagProcessor
[THYMELEAF]             * [* {th:compact,data-th-compact}] [1000]: org.thymeleaf.standard.processor.StandardRemovableAttributeTagProcessor
[THYMELEAF]             * [* {th:icon,data-th-icon}] [1000]: org.thymeleaf.standard.processor.StandardRemovableAttributeTagProcessor
[THYMELEAF]             * [* {th:maxlength,data-th-maxlength}] [1000]: org.thymeleaf.standard.processor.StandardRemovableAttributeTagProcessor
[THYMELEAF]             * [* {th:frameborder,data-th-frameborder}] [1000]: org.thymeleaf.standard.processor.StandardRemovableAttributeTagProcessor
[THYMELEAF]             * [* {th:poster,data-th-poster}] [1000]: org.thymeleaf.standard.processor.StandardRemovableAttributeTagProcessor
[THYMELEAF]             * [* {th:for,data-th-for}] [1000]: org.thymeleaf.standard.processor.StandardRemovableAttributeTagProcessor
[THYMELEAF]             * [* {th:background,data-th-background}] [1000]: org.thymeleaf.standard.processor.StandardRemovableAttributeTagProcessor
[THYMELEAF]             * [* {th:cellpadding,data-th-cellpadding}] [1000]: org.thymeleaf.standard.processor.StandardRemovableAttributeTagProcessor
[THYMELEAF]             * [* {th:pattern,data-th-pattern}] [1000]: org.thymeleaf.standard.processor.StandardRemovableAttributeTagProcessor
[THYMELEAF]             * [* {th:valuetype,data-th-valuetype}] [1000]: org.thymeleaf.standard.processor.StandardRemovableAttributeTagProcessor
[THYMELEAF]             * [* {th:min,data-th-min}] [1000]: org.thymeleaf.standard.processor.StandardRemovableAttributeTagProcessor
[THYMELEAF]             * [* {th:audio,data-th-audio}] [1000]: org.thymeleaf.standard.processor.StandardRemovableAttributeTagProcessor
[THYMELEAF]             * [* {th:high,data-th-high}] [1000]: org.thymeleaf.standard.processor.StandardRemovableAttributeTagProcessor
[THYMELEAF]             * [* {th:kind,data-th-kind}] [1000]: org.thymeleaf.standard.processor.StandardRemovableAttributeTagProcessor
[THYMELEAF]             * [* {th:colspan,data-th-colspan}] [1000]: org.thymeleaf.standard.processor.StandardRemovableAttributeTagProcessor
[THYMELEAF]             * [* {th:codebase,data-th-codebase}] [1000]: org.thymeleaf.standard.processor.StandardRemovableAttributeTagProcessor
[THYMELEAF]             * [* {th:size,data-th-size}] [1000]: org.thymeleaf.standard.processor.StandardRemovableAttributeTagProcessor
[THYMELEAF]             * [* {th:accept,data-th-accept}] [1000]: org.thymeleaf.standard.processor.StandardRemovableAttributeTagProcessor
[THYMELEAF]             * [* {th:step,data-th-step}] [1000]: org.thymeleaf.standard.processor.StandardRemovableAttributeTagProcessor
[THYMELEAF]             * [* {th:longdesc,data-th-longdesc}] [1000]: org.thymeleaf.standard.processor.StandardRemovableAttributeTagProcessor
[THYMELEAF]             * [* {th:class,data-th-class}] [1000]: org.thymeleaf.standard.processor.StandardRemovableAttributeTagProcessor
[THYMELEAF]             * [* {th:rowspan,data-th-rowspan}] [1000]: org.thymeleaf.standard.processor.StandardRemovableAttributeTagProcessor
[THYMELEAF]             * [* {th:standby,data-th-standby}] [1000]: org.thymeleaf.standard.processor.StandardRemovableAttributeTagProcessor
[THYMELEAF]             * [* {th:archive,data-th-archive}] [1000]: org.thymeleaf.standard.processor.StandardRemovableAttributeTagProcessor
[THYMELEAF]             * [* {th:sizes,data-th-sizes}] [1000]: org.thymeleaf.standard.processor.StandardRemovableAttributeTagProcessor
[THYMELEAF]             * [* {th:optimum,data-th-optimum}] [1000]: org.thymeleaf.standard.processor.StandardRemovableAttributeTagProcessor
[THYMELEAF]             * [* {th:formtarget,data-th-formtarget}] [1000]: org.thymeleaf.standard.processor.StandardRemovableAttributeTagProcessor
[THYMELEAF]             * [* {th:headers,data-th-headers}] [1000]: org.thymeleaf.standard.processor.StandardRemovableAttributeTagProcessor
[THYMELEAF]             * [* {th:scrolling,data-th-scrolling}] [1000]: org.thymeleaf.standard.processor.StandardRemovableAttributeTagProcessor
[THYMELEAF]             * [* {th:scheme,data-th-scheme}] [1000]: org.thymeleaf.standard.processor.StandardRemovableAttributeTagProcessor
[THYMELEAF]             * [* {th:accept-charset,data-th-accept-charset}] [1000]: org.thymeleaf.standard.processor.StandardRemovableAttributeTagProcessor
[THYMELEAF]             * [* {th:list,data-th-list}] [1000]: org.thymeleaf.standard.processor.StandardRemovableAttributeTagProcessor
[THYMELEAF]             * [* {th:low,data-th-low}] [1000]: org.thymeleaf.standard.processor.StandardRemovableAttributeTagProcessor
[THYMELEAF]             * [* {th:keytype,data-th-keytype}] [1000]: org.thymeleaf.standard.processor.StandardRemovableAttributeTagProcessor
[THYMELEAF]             * [* {th:label,data-th-label}] [1000]: org.thymeleaf.standard.processor.StandardRemovableAttributeTagProcessor
[THYMELEAF]             * [* {th:draggable,data-th-draggable}] [1000]: org.thymeleaf.standard.processor.StandardRemovableAttributeTagProcessor
[THYMELEAF]             * [* {th:cellspacing,data-th-cellspacing}] [1000]: org.thymeleaf.standard.processor.StandardRemovableAttributeTagProcessor
[THYMELEAF]             * [* {th:marginheight,data-th-marginheight}] [1000]: org.thymeleaf.standard.processor.StandardRemovableAttributeTagProcessor
[THYMELEAF]             * [* {th:http-equiv,data-th-http-equiv}] [1000]: org.thymeleaf.standard.processor.StandardRemovableAttributeTagProcessor
[THYMELEAF]             * [* {th:lang,data-th-lang}] [1000]: org.thymeleaf.standard.processor.StandardRemovableAttributeTagProcessor
[THYMELEAF]             * [* {th:start,data-th-start}] [1000]: org.thymeleaf.standard.processor.StandardRemovableAttributeTagProcessor
[THYMELEAF]             * [* {th:data,data-th-data}] [1000]: org.thymeleaf.standard.processor.StandardRemovableAttributeTagProcessor
[THYMELEAF]             * [* {th:manifest,data-th-manifest}] [1000]: org.thymeleaf.standard.processor.StandardRemovableAttributeTagProcessor
[THYMELEAF]             * [* {th:summary,data-th-summary}] [1000]: org.thymeleaf.standard.processor.StandardRemovableAttributeTagProcessor
[THYMELEAF]             * [* {th:cite,data-th-cite}] [1000]: org.thymeleaf.standard.processor.StandardRemovableAttributeTagProcessor
[THYMELEAF]             * [* {th:dropzone,data-th-dropzone}] [1000]: org.thymeleaf.standard.processor.StandardRemovableAttributeTagProcessor
[THYMELEAF]             * [* {th:src,data-th-src}] [1000]: org.thymeleaf.standard.processor.StandardSrcTagProcessor
[THYMELEAF]             * [* {th:value,data-th-value}] [1000]: org.thymeleaf.standard.processor.StandardValueTagProcessor
[THYMELEAF]             * [* {th:xmlbase,data-th-xmlbase}] [1000]: org.thymeleaf.standard.processor.StandardXmlBaseTagProcessor
[THYMELEAF]             * [* {th:xmllang,data-th-xmllang}] [1000]: org.thymeleaf.standard.processor.StandardXmlLangTagProcessor
[THYMELEAF]             * [* {xmlns:th}] [1000]: org.thymeleaf.standard.processor.StandardXmlNsTagProcessor
[THYMELEAF]             * [* {th:xmlspace,data-th-xmlspace}] [1000]: org.thymeleaf.standard.processor.StandardXmlSpaceTagProcessor
[THYMELEAF]             * [* {th:classappend,data-th-classappend}] [1100]: org.thymeleaf.standard.processor.StandardClassappendTagProcessor
[THYMELEAF]             * [* {th:styleappend,data-th-styleappend}] [1100]: org.thymeleaf.standard.processor.StandardStyleappendTagProcessor
[THYMELEAF]             * [* {th:text,data-th-text}] [1300]: org.thymeleaf.standard.processor.StandardTextTagProcessor
[THYMELEAF]             * [* {th:utext,data-th-utext}] [1400]: org.thymeleaf.standard.processor.StandardUtextTagProcessor
[THYMELEAF]             * [* {th:fragment,data-th-fragment}] [1500]: org.thymeleaf.standard.processor.StandardFragmentTagProcessor
[THYMELEAF]             * [* {th:assert,data-th-assert}] [1550]: org.thymeleaf.standard.processor.StandardAssertTagProcessor
[THYMELEAF]             * [* {th:remove,data-th-remove}] [1600]: org.thymeleaf.standard.processor.StandardRemoveTagProcessor
[THYMELEAF]             * [* {th:ref,data-th-ref}] [10000]: org.thymeleaf.standard.processor.StandardRefAttributeTagProcessor
[THYMELEAF]             * [{th:block,th-block} *] [100000]: org.thymeleaf.standard.processor.StandardBlockTagProcessor
[THYMELEAF]             * [* th:*] [2147483647]: org.thymeleaf.standard.processor.StandardDefaultAttributesTagProcessor
[THYMELEAF]         * Text Processors by [precedence]:
[THYMELEAF]             * [1000]: org.thymeleaf.standard.processor.StandardInliningTextProcessor
[THYMELEAF]         * DOCTYPE Processors by [precedence]:
[THYMELEAF]             * [1000]: org.thymeleaf.standard.processor.StandardTranslationDocTypeProcessor
[THYMELEAF]         * CDATA Section Processors by [precedence]:
[THYMELEAF]             * [1000]: org.thymeleaf.standard.processor.StandardInliningCDATASectionProcessor
[THYMELEAF]         * Comment Processors by [precedence]:
[THYMELEAF]             * [1000]: org.thymeleaf.standard.processor.StandardInliningCommentProcessor
[THYMELEAF]             * [1100]: org.thymeleaf.standard.processor.StandardConditionalCommentProcessor
[THYMELEAF]     * Processors for Template Mode: XML
[THYMELEAF]         * Element Tag Processors by [matching element and attribute name] [precedence]:
[THYMELEAF]             * [* {th:include}] [100]: org.thymeleaf.standard.processor.StandardIncludeTagProcessor
[THYMELEAF]             * [* {th:insert}] [100]: org.thymeleaf.standard.processor.StandardInsertTagProcessor
[THYMELEAF]             * [* {th:replace}] [100]: org.thymeleaf.standard.processor.StandardReplaceTagProcessor
[THYMELEAF]             * [* {th:each}] [200]: com.intuit.karate.template.KarateEachTagProcessor
[THYMELEAF]             * [* {th:switch}] [250]: org.thymeleaf.standard.processor.StandardSwitchTagProcessor
[THYMELEAF]             * [* {th:case}] [275]: org.thymeleaf.standard.processor.StandardCaseTagProcessor
[THYMELEAF]             * [* {th:if}] [300]: org.thymeleaf.standard.processor.StandardIfTagProcessor
[THYMELEAF]             * [* {th:unless}] [400]: org.thymeleaf.standard.processor.StandardUnlessTagProcessor
[THYMELEAF]             * [* {th:object}] [500]: org.thymeleaf.standard.processor.StandardObjectTagProcessor
[THYMELEAF]             * [* {th:with}] [600]: com.intuit.karate.template.KarateWithTagProcessor
[THYMELEAF]             * [* {th:attr}] [700]: com.intuit.karate.template.KarateAttributeTagProcessor.KarateAttrTagProcessor
[THYMELEAF]             * [* {th:attrappend}] [900]: com.intuit.karate.template.KarateAttributeTagProcessor.KarateAttrappendTagProcessor
[THYMELEAF]             * [* {th:attrprepend}] [900]: com.intuit.karate.template.KarateAttributeTagProcessor.KarateAttrprependTagProcessor
[THYMELEAF]             * [* {th:inline}] [1000]: org.thymeleaf.standard.processor.StandardInlineXMLTagProcessor
[THYMELEAF]             * [* {xmlns:th}] [1000]: org.thymeleaf.standard.processor.StandardXmlNsTagProcessor
[THYMELEAF]             * [* {th:text}] [1300]: org.thymeleaf.standard.processor.StandardTextTagProcessor
[THYMELEAF]             * [* {th:utext}] [1400]: org.thymeleaf.standard.processor.StandardUtextTagProcessor
[THYMELEAF]             * [* {th:fragment}] [1500]: org.thymeleaf.standard.processor.StandardFragmentTagProcessor
[THYMELEAF]             * [* {th:assert}] [1550]: org.thymeleaf.standard.processor.StandardAssertTagProcessor
[THYMELEAF]             * [* {th:remove}] [1600]: org.thymeleaf.standard.processor.StandardRemoveTagProcessor
[THYMELEAF]             * [* {th:ref}] [10000]: org.thymeleaf.standard.processor.StandardRefAttributeTagProcessor
[THYMELEAF]             * [{th:block} *] [100000]: org.thymeleaf.standard.processor.StandardBlockTagProcessor
[THYMELEAF]             * [* th:*] [2147483647]: org.thymeleaf.standard.processor.StandardDefaultAttributesTagProcessor
[THYMELEAF]         * Text Processors by [precedence]:
[THYMELEAF]             * [1000]: org.thymeleaf.standard.processor.StandardInliningTextProcessor
[THYMELEAF]         * CDATA Section Processors by [precedence]:
[THYMELEAF]             * [1000]: org.thymeleaf.standard.processor.StandardInliningCDATASectionProcessor
[THYMELEAF]         * Comment Processors by [precedence]:
[THYMELEAF]             * [1000]: org.thymeleaf.standard.processor.StandardInliningCommentProcessor
[THYMELEAF]     * Processors for Template Mode: TEXT
[THYMELEAF]         * Element Tag Processors by [matching element and attribute name] [precedence]:
[THYMELEAF]             * [* {th:insert}] [100]: org.thymeleaf.standard.processor.StandardInsertTagProcessor
[THYMELEAF]             * [* {th:replace}] [100]: org.thymeleaf.standard.processor.StandardReplaceTagProcessor
[THYMELEAF]             * [* {th:each}] [200]: com.intuit.karate.template.KarateEachTagProcessor
[THYMELEAF]             * [* {th:switch}] [250]: org.thymeleaf.standard.processor.StandardSwitchTagProcessor
[THYMELEAF]             * [* {th:case}] [275]: org.thymeleaf.standard.processor.StandardCaseTagProcessor
[THYMELEAF]             * [* {th:if}] [300]: org.thymeleaf.standard.processor.StandardIfTagProcessor
[THYMELEAF]             * [* {th:unless}] [400]: org.thymeleaf.standard.processor.StandardUnlessTagProcessor
[THYMELEAF]             * [* {th:object}] [500]: org.thymeleaf.standard.processor.StandardObjectTagProcessor
[THYMELEAF]             * [* {th:with}] [600]: com.intuit.karate.template.KarateWithTagProcessor
[THYMELEAF]             * [* {th:inline}] [1000]: org.thymeleaf.standard.processor.StandardInlineTextualTagProcessor
[THYMELEAF]             * [* {th:text}] [1300]: org.thymeleaf.standard.processor.StandardTextTagProcessor
[THYMELEAF]             * [* {th:utext}] [1400]: org.thymeleaf.standard.processor.StandardUtextTagProcessor
[THYMELEAF]             * [* {th:assert}] [1550]: org.thymeleaf.standard.processor.StandardAssertTagProcessor
[THYMELEAF]             * [* {th:remove}] [1600]: org.thymeleaf.standard.processor.StandardRemoveTagProcessor
[THYMELEAF]             * [* 100000] [org.thymeleaf.standard.processor.StandardBlockTagProcessor]: {}
[THYMELEAF]             * [{th:block} *] [100000]: org.thymeleaf.standard.processor.StandardBlockTagProcessor
[THYMELEAF]         * Text Processors by [precedence]:
[THYMELEAF]             * [1000]: org.thymeleaf.standard.processor.StandardInliningTextProcessor
[THYMELEAF]     * Processors for Template Mode: JAVASCRIPT
[THYMELEAF]         * Element Tag Processors by [matching element and attribute name] [precedence]:
[THYMELEAF]             * [* {th:insert}] [100]: org.thymeleaf.standard.processor.StandardInsertTagProcessor
[THYMELEAF]             * [* {th:replace}] [100]: org.thymeleaf.standard.processor.StandardReplaceTagProcessor
[THYMELEAF]             * [* {th:each}] [200]: com.intuit.karate.template.KarateEachTagProcessor
[THYMELEAF]             * [* {th:switch}] [250]: org.thymeleaf.standard.processor.StandardSwitchTagProcessor
[THYMELEAF]             * [* {th:case}] [275]: org.thymeleaf.standard.processor.StandardCaseTagProcessor
[THYMELEAF]             * [* {th:if}] [300]: org.thymeleaf.standard.processor.StandardIfTagProcessor
[THYMELEAF]             * [* {th:unless}] [400]: org.thymeleaf.standard.processor.StandardUnlessTagProcessor
[THYMELEAF]             * [* {th:object}] [500]: org.thymeleaf.standard.processor.StandardObjectTagProcessor
[THYMELEAF]             * [* {th:with}] [600]: com.intuit.karate.template.KarateWithTagProcessor
[THYMELEAF]             * [* {th:inline}] [1000]: org.thymeleaf.standard.processor.StandardInlineTextualTagProcessor
[THYMELEAF]             * [* {th:text}] [1300]: org.thymeleaf.standard.processor.StandardTextTagProcessor
[THYMELEAF]             * [* {th:utext}] [1400]: org.thymeleaf.standard.processor.StandardUtextTagProcessor
[THYMELEAF]             * [* {th:assert}] [1550]: org.thymeleaf.standard.processor.StandardAssertTagProcessor
[THYMELEAF]             * [* {th:remove}] [1600]: org.thymeleaf.standard.processor.StandardRemoveTagProcessor
[THYMELEAF]             * [{th:block} *] [100000]: org.thymeleaf.standard.processor.StandardBlockTagProcessor
[THYMELEAF]             * [* 100000] [org.thymeleaf.standard.processor.StandardBlockTagProcessor]: {}
[THYMELEAF]         * Text Processors by [precedence]:
[THYMELEAF]             * [1000]: org.thymeleaf.standard.processor.StandardInliningTextProcessor
[THYMELEAF]     * Processors for Template Mode: CSS
[THYMELEAF]         * Element Tag Processors by [matching element and attribute name] [precedence]:
[THYMELEAF]             * [* {th:insert}] [100]: org.thymeleaf.standard.processor.StandardInsertTagProcessor
[THYMELEAF]             * [* {th:replace}] [100]: org.thymeleaf.standard.processor.StandardReplaceTagProcessor
[THYMELEAF]             * [* {th:each}] [200]: com.intuit.karate.template.KarateEachTagProcessor
[THYMELEAF]             * [* {th:switch}] [250]: org.thymeleaf.standard.processor.StandardSwitchTagProcessor
[THYMELEAF]             * [* {th:case}] [275]: org.thymeleaf.standard.processor.StandardCaseTagProcessor
[THYMELEAF]             * [* {th:if}] [300]: org.thymeleaf.standard.processor.StandardIfTagProcessor
[THYMELEAF]             * [* {th:unless}] [400]: org.thymeleaf.standard.processor.StandardUnlessTagProcessor
[THYMELEAF]             * [* {th:object}] [500]: org.thymeleaf.standard.processor.StandardObjectTagProcessor
[THYMELEAF]             * [* {th:with}] [600]: com.intuit.karate.template.KarateWithTagProcessor
[THYMELEAF]             * [* {th:inline}] [1000]: org.thymeleaf.standard.processor.StandardInlineTextualTagProcessor
[THYMELEAF]             * [* {th:text}] [1300]: org.thymeleaf.standard.processor.StandardTextTagProcessor
[THYMELEAF]             * [* {th:utext}] [1400]: org.thymeleaf.standard.processor.StandardUtextTagProcessor
[THYMELEAF]             * [* {th:assert}] [1550]: org.thymeleaf.standard.processor.StandardAssertTagProcessor
[THYMELEAF]             * [* {th:remove}] [1600]: org.thymeleaf.standard.processor.StandardRemoveTagProcessor
[THYMELEAF]             * [* 100000] [org.thymeleaf.standard.processor.StandardBlockTagProcessor]: {}
[THYMELEAF]             * [{th:block} *] [100000]: org.thymeleaf.standard.processor.StandardBlockTagProcessor
[THYMELEAF]         * Text Processors by [precedence]:
[THYMELEAF]             * [1000]: org.thymeleaf.standard.processor.StandardInliningTextProcessor
[THYMELEAF]     * Expression Objects:
[THYMELEAF]         * #ctx
[THYMELEAF]         * #root
[THYMELEAF]         * #vars
[THYMELEAF]         * #object
[THYMELEAF]         * #locale
[THYMELEAF]         * #conversions
[THYMELEAF]         * #uris
[THYMELEAF]         * #temporals
[THYMELEAF]         * #calendars
[THYMELEAF]         * #dates
[THYMELEAF]         * #bools
[THYMELEAF]         * #numbers
[THYMELEAF]         * #objects
[THYMELEAF]         * #strings
[THYMELEAF]         * #arrays
[THYMELEAF]         * #lists
[THYMELEAF]         * #sets
[THYMELEAF]         * #maps
[THYMELEAF]         * #aggregates
[THYMELEAF]         * #messages
[THYMELEAF]         * #ids
[THYMELEAF]         * #execInfo
[THYMELEAF]         * #request
[THYMELEAF]         * #response
[THYMELEAF]         * #session
[THYMELEAF]         * #servletContext
[THYMELEAF]     * Execution Attributes:
[THYMELEAF]         * "StandardExpressionParser": com.intuit.karate.template.KarateStandardDialect@64757d56
[THYMELEAF]         * "StandardJavaScriptSerializer": org.thymeleaf.standard.serializer.StandardJavaScriptSerializer@43b6cb1c
[THYMELEAF]         * "StandardCSSSerializer": org.thymeleaf.standard.serializer.StandardCSSSerializer@3bf5911d
[THYMELEAF]         * "StandardVariableExpressionEvaluator": com.intuit.karate.template.KarateStandardDialect@64757d56
[THYMELEAF]         * "StandardConversionService": org.thymeleaf.standard.expression.StandardConversionService@1de30c31
[THYMELEAF] * Dialect [2 of 2]: karate (com.intuit.karate.template.KarateScriptDialect)
[THYMELEAF]     * Prefix: "ka"
[THYMELEAF]     * Processors for Template Mode: HTML
[THYMELEAF]         * Element Tag Processors by [matching element and attribute name] [precedence]:
[THYMELEAF]             * [* {src}] [1000]: com.intuit.karate.template.KaScriptAttrProcessor
[THYMELEAF]         * Element Model Processors by [matching element and attribute name] [precedence]:
[THYMELEAF]             * [{script} {ka:scope,data-ka-scope}] [1000]: com.intuit.karate.template.KaScriptElemProcessor
[THYMELEAF]             * [* {ka:set,data-ka-set}] [1000]: com.intuit.karate.template.KaSetElemProcessor
[THYMELEAF] TEMPLATE ENGINE CONFIGURED OK
09:49:25.016 [main] DEBUG org.thymeleaf.TemplateEngine -- [THYMELEAF] TEMPLATE ENGINE INITIALIZED
09:49:25.065 [main] DEBUG org.thymeleaf.TemplateEngine -- [THYMELEAF] INITIALIZING TEMPLATE ENGINE
09:49:25.079 [main] DEBUG org.thymeleaf.TemplateEngine.CONFIG -- Initializing Thymeleaf Template engine configuration...
[THYMELEAF] TEMPLATE ENGINE CONFIGURATION:
[THYMELEAF] * Thymeleaf version: 3.1.2.RELEASE (built 2023-07-30T19:25:50+0000)
[THYMELEAF] * Cache Manager implementation: org.thymeleaf.cache.StandardCacheManager
[THYMELEAF] * Template resolvers:
[THYMELEAF]     * [1] com.intuit.karate.template.ResourceHtmlTemplateResolver
[THYMELEAF] * Message resolvers:
[THYMELEAF]     * org.thymeleaf.messageresolver.StandardMessageResolver
[THYMELEAF] * Link builders:
[THYMELEAF]     * org.thymeleaf.linkbuilder.StandardLinkBuilder
[THYMELEAF] * Dialect [1 of 2]: Standard (com.intuit.karate.template.KarateStandardDialect)
[THYMELEAF]     * Prefix: "th"
[THYMELEAF]     * Processors for Template Mode: HTML
[THYMELEAF]         * Element Tag Processors by [matching element and attribute name] [precedence]:
[THYMELEAF]             * [* {th:include,data-th-include}] [100]: org.thymeleaf.standard.processor.StandardIncludeTagProcessor
[THYMELEAF]             * [* {th:insert,data-th-insert}] [100]: org.thymeleaf.standard.processor.StandardInsertTagProcessor
[THYMELEAF]             * [* {th:replace,data-th-replace}] [100]: org.thymeleaf.standard.processor.StandardReplaceTagProcessor
[THYMELEAF]             * [* {th:each,data-th-each}] [200]: com.intuit.karate.template.KarateEachTagProcessor
[THYMELEAF]             * [* {th:switch,data-th-switch}] [250]: org.thymeleaf.standard.processor.StandardSwitchTagProcessor
[THYMELEAF]             * [* {th:case,data-th-case}] [275]: org.thymeleaf.standard.processor.StandardCaseTagProcessor
[THYMELEAF]             * [* {th:if,data-th-if}] [300]: org.thymeleaf.standard.processor.StandardIfTagProcessor
[THYMELEAF]             * [* {th:unless,data-th-unless}] [400]: org.thymeleaf.standard.processor.StandardUnlessTagProcessor
[THYMELEAF]             * [* {th:object,data-th-object}] [500]: org.thymeleaf.standard.processor.StandardObjectTagProcessor
[THYMELEAF]             * [* {th:with,data-th-with}] [600]: com.intuit.karate.template.KarateWithTagProcessor
[THYMELEAF]             * [* {th:attr,data-th-attr}] [700]: com.intuit.karate.template.KarateAttributeTagProcessor.KarateAttrTagProcessor
[THYMELEAF]             * [* {th:attrappend,data-th-attrappend}] [900]: com.intuit.karate.template.KarateAttributeTagProcessor.KarateAttrappendTagProcessor
[THYMELEAF]             * [* {th:attrprepend,data-th-attrprepend}] [900]: com.intuit.karate.template.KarateAttributeTagProcessor.KarateAttrprependTagProcessor
[THYMELEAF]             * [* {th:alt-title,data-th-alt-title}] [990]: org.thymeleaf.standard.processor.StandardAltTitleTagProcessor
[THYMELEAF]             * [* {th:lang-xmllang,data-th-lang-xmllang}] [990]: org.thymeleaf.standard.processor.StandardLangXmlLangTagProcessor
[THYMELEAF]             * [* {th:action,data-th-action}] [1000]: org.thymeleaf.standard.processor.StandardActionTagProcessor
[THYMELEAF]             * [* {th:open,data-th-open}] [1000]: org.thymeleaf.standard.processor.StandardConditionalFixedValueTagProcessor
[THYMELEAF]             * [* {th:multiple,data-th-multiple}] [1000]: org.thymeleaf.standard.processor.StandardConditionalFixedValueTagProcessor
[THYMELEAF]             * [* {th:novalidate,data-th-novalidate}] [1000]: org.thymeleaf.standard.processor.StandardConditionalFixedValueTagProcessor
[THYMELEAF]             * [* {th:readonly,data-th-readonly}] [1000]: org.thymeleaf.standard.processor.StandardConditionalFixedValueTagProcessor
[THYMELEAF]             * [* {th:async,data-th-async}] [1000]: org.thymeleaf.standard.processor.StandardConditionalFixedValueTagProcessor
[THYMELEAF]             * [* {th:reversed,data-th-reversed}] [1000]: org.thymeleaf.standard.processor.StandardConditionalFixedValueTagProcessor
[THYMELEAF]             * [* {th:selected,data-th-selected}] [1000]: org.thymeleaf.standard.processor.StandardConditionalFixedValueTagProcessor
[THYMELEAF]             * [* {th:seamless,data-th-seamless}] [1000]: org.thymeleaf.standard.processor.StandardConditionalFixedValueTagProcessor
[THYMELEAF]             * [* {th:defer,data-th-defer}] [1000]: org.thymeleaf.standard.processor.StandardConditionalFixedValueTagProcessor
[THYMELEAF]             * [* {th:pubdate,data-th-pubdate}] [1000]: org.thymeleaf.standard.processor.StandardConditionalFixedValueTagProcessor
[THYMELEAF]             * [* {th:hidden,data-th-hidden}] [1000]: org.thymeleaf.standard.processor.StandardConditionalFixedValueTagProcessor
[THYMELEAF]             * [* {th:loop,data-th-loop}] [1000]: org.thymeleaf.standard.processor.StandardConditionalFixedValueTagProcessor
[THYMELEAF]             * [* {th:formnovalidate,data-th-formnovalidate}] [1000]: org.thymeleaf.standard.processor.StandardConditionalFixedValueTagProcessor
[THYMELEAF]             * [* {th:checked,data-th-checked}] [1000]: org.thymeleaf.standard.processor.StandardConditionalFixedValueTagProcessor
[THYMELEAF]             * [* {th:required,data-th-required}] [1000]: org.thymeleaf.standard.processor.StandardConditionalFixedValueTagProcessor
[THYMELEAF]             * [* {th:scoped,data-th-scoped}] [1000]: org.thymeleaf.standard.processor.StandardConditionalFixedValueTagProcessor
[THYMELEAF]             * [* {th:nowrap,data-th-nowrap}] [1000]: org.thymeleaf.standard.processor.StandardConditionalFixedValueTagProcessor
[THYMELEAF]             * [* {th:declare,data-th-declare}] [1000]: org.thymeleaf.standard.processor.StandardConditionalFixedValueTagProcessor
[THYMELEAF]             * [* {th:ismap,data-th-ismap}] [1000]: org.thymeleaf.standard.processor.StandardConditionalFixedValueTagProcessor
[THYMELEAF]             * [* {th:autoplay,data-th-autoplay}] [1000]: org.thymeleaf.standard.processor.StandardConditionalFixedValueTagProcessor
[THYMELEAF]             * [* {th:controls,data-th-controls}] [1000]: org.thymeleaf.standard.processor.StandardConditionalFixedValueTagProcessor
[THYMELEAF]             * [* {th:autofocus,data-th-autofocus}] [1000]: org.thymeleaf.standard.processor.StandardConditionalFixedValueTagProcessor
[THYMELEAF]             * [* {th:disabled,data-th-disabled}] [1000]: org.thymeleaf.standard.processor.StandardConditionalFixedValueTagProcessor
[THYMELEAF]             * [* {th:default,data-th-default}] [1000]: org.thymeleaf.standard.processor.StandardConditionalFixedValueTagProcessor
[THYMELEAF]             * [* {th:onmessage,data-th-onmessage}] [1000]: org.thymeleaf.standard.processor.StandardDOMEventAttributeTagProcessor
[THYMELEAF]             * [* {th:onseeking,data-th-onseeking}] [1000]: org.thymeleaf.standard.processor.StandardDOMEventAttributeTagProcessor
[THYMELEAF]             * [* {th:ondrag,data-th-ondrag}] [1000]: org.thymeleaf.standard.processor.StandardDOMEventAttributeTagProcessor
[THYMELEAF]             * [* {th:onsuspend,data-th-onsuspend}] [1000]: org.thymeleaf.standard.processor.StandardDOMEventAttributeTagProcessor
[THYMELEAF]             * [* {th:onreset,data-th-onreset}] [1000]: org.thymeleaf.standard.processor.StandardDOMEventAttributeTagProcessor
[THYMELEAF]             * [* {th:onblur,data-th-onblur}] [1000]: org.thymeleaf.standard.processor.StandardDOMEventAttributeTagProcessor
[THYMELEAF]             * [* {th:onclick,data-th-onclick}] [1000]: org.thymeleaf.standard.processor.StandardDOMEventAttributeTagProcessor
[THYMELEAF]             * [* {th:oncanplaythrough,data-th-oncanplaythrough}] [1000]: org.thymeleaf.standard.processor.StandardDOMEventAttributeTagProcessor
[THYMELEAF]             * [* {th:onafterprint,data-th-onafterprint}] [1000]: org.thymeleaf.standard.processor.StandardDOMEventAttributeTagProcessor
[THYMELEAF]             * [* {th:onemptied,data-th-onemptied}] [1000]: org.thymeleaf.standard.processor.StandardDOMEventAttributeTagProcessor
[THYMELEAF]             * [* {th:onoffline,data-th-onoffline}] [1000]: org.thymeleaf.standard.processor.StandardDOMEventAttributeTagProcessor
[THYMELEAF]             * [* {th:onfocus,data-th-onfocus}] [1000]: org.thymeleaf.standard.processor.StandardDOMEventAttributeTagProcessor
[THYMELEAF]             * [* {th:onformchange,data-th-onformchange}] [1000]: org.thymeleaf.standard.processor.StandardDOMEventAttributeTagProcessor
[THYMELEAF]             * [* {th:ondrop,data-th-ondrop}] [1000]: org.thymeleaf.standard.processor.StandardDOMEventAttributeTagProcessor
[THYMELEAF]             * [* {th:ondurationchange,data-th-ondurationchange}] [1000]: org.thymeleaf.standard.processor.StandardDOMEventAttributeTagProcessor
[THYMELEAF]             * [* {th:onratechange,data-th-onratechange}] [1000]: org.thymeleaf.standard.processor.StandardDOMEventAttributeTagProcessor
[THYMELEAF]             * [* {th:onkeydown,data-th-onkeydown}] [1000]: org.thymeleaf.standard.processor.StandardDOMEventAttributeTagProcessor
[THYMELEAF]             * [* {th:onstalled,data-th-onstalled}] [1000]: org.thymeleaf.standard.processor.StandardDOMEventAttributeTagProcessor
[THYMELEAF]             * [* {th:onstorage,data-th-onstorage}] [1000]: org.thymeleaf.standard.processor.StandardDOMEventAttributeTagProcessor
[THYMELEAF]             * [* {th:onload,data-th-onload}] [1000]: org.thymeleaf.standard.processor.StandardDOMEventAttributeTagProcessor
[THYMELEAF]             * [* {th:ondragend,data-th-ondragend}] [1000]: org.thymeleaf.standard.processor.StandardDOMEventAttributeTagProcessor
[THYMELEAF]             * [* {th:onplay,data-th-onplay}] [1000]: org.thymeleaf.standard.processor.StandardDOMEventAttributeTagProcessor
[THYMELEAF]             * [* {th:onmouseover,data-th-onmouseover}] [1000]: org.thymeleaf.standard.processor.StandardDOMEventAttributeTagProcessor
[THYMELEAF]             * [* {th:onmousewheel,data-th-onmousewheel}] [1000]: org.thymeleaf.standard.processor.StandardDOMEventAttributeTagProcessor
[THYMELEAF]             * [* {th:oncanplay,data-th-oncanplay}] [1000]: org.thymeleaf.standard.processor.StandardDOMEventAttributeTagProcessor
[THYMELEAF]             * [* {th:onhashchange,data-th-onhashchange}] [1000]: org.thymeleaf.standard.processor.StandardDOMEventAttributeTagProcessor
[THYMELEAF]             * [* {th:onkeypress,data-th-onkeypress}] [1000]: org.thymeleaf.standard.processor.StandardDOMEventAttributeTagProcessor
[THYMELEAF]             * [* {th:ondragstart,data-th-ondragstart}] [1000]: org.thymeleaf.standard.processor.StandardDOMEventAttributeTagProcessor
[THYMELEAF]             * [* {th:onscroll,data-th-onscroll}] [1000]: org.thymeleaf.standard.processor.StandardDOMEventAttributeTagProcessor
[THYMELEAF]             * [* {th:onprogress,data-th-onprogress}] [1000]: org.thymeleaf.standard.processor.StandardDOMEventAttributeTagProcessor
[THYMELEAF]             * [* {th:onwaiting,data-th-onwaiting}] [1000]: org.thymeleaf.standard.processor.StandardDOMEventAttributeTagProcessor
[THYMELEAF]             * [* {th:onforminput,data-th-onforminput}] [1000]: org.thymeleaf.standard.processor.StandardDOMEventAttributeTagProcessor
[THYMELEAF]             * [* {th:onplaying,data-th-onplaying}] [1000]: org.thymeleaf.standard.processor.StandardDOMEventAttributeTagProcessor
[THYMELEAF]             * [* {th:ondragover,data-th-ondragover}] [1000]: org.thymeleaf.standard.processor.StandardDOMEventAttributeTagProcessor
[THYMELEAF]             * [* {th:oninvalid,data-th-oninvalid}] [1000]: org.thymeleaf.standard.processor.StandardDOMEventAttributeTagProcessor
[THYMELEAF]             * [* {th:onredo,data-th-onredo}] [1000]: org.thymeleaf.standard.processor.StandardDOMEventAttributeTagProcessor
[THYMELEAF]             * [* {th:onabort,data-th-onabort}] [1000]: org.thymeleaf.standard.processor.StandardDOMEventAttributeTagProcessor
[THYMELEAF]             * [* {th:onchange,data-th-onchange}] [1000]: org.thymeleaf.standard.processor.StandardDOMEventAttributeTagProcessor
[THYMELEAF]             * [* {th:onended,data-th-onended}] [1000]: org.thymeleaf.standard.processor.StandardDOMEventAttributeTagProcessor
[THYMELEAF]             * [* {th:onpopstate,data-th-onpopstate}] [1000]: org.thymeleaf.standard.processor.StandardDOMEventAttributeTagProcessor
[THYMELEAF]             * [* {th:onkeyup,data-th-onkeyup}] [1000]: org.thymeleaf.standard.processor.StandardDOMEventAttributeTagProcessor
[THYMELEAF]             * [* {th:onmousedown,data-th-onmousedown}] [1000]: org.thymeleaf.standard.processor.StandardDOMEventAttributeTagProcessor
[THYMELEAF]             * [* {th:onselect,data-th-onselect}] [1000]: org.thymeleaf.standard.processor.StandardDOMEventAttributeTagProcessor
[THYMELEAF]             * [* {th:onmouseout,data-th-onmouseout}] [1000]: org.thymeleaf.standard.processor.StandardDOMEventAttributeTagProcessor
[THYMELEAF]             * [* {th:onmousemove,data-th-onmousemove}] [1000]: org.thymeleaf.standard.processor.StandardDOMEventAttributeTagProcessor
[THYMELEAF]             * [* {th:ontimeupdate,data-th-ontimeupdate}] [1000]: org.thymeleaf.standard.processor.StandardDOMEventAttributeTagProcessor
[THYMELEAF]             * [* {th:onseeked,data-th-onseeked}] [1000]: org.thymeleaf.standard.processor.StandardDOMEventAttributeTagProcessor
[THYMELEAF]             * [* {th:onreadystatechange,data-th-onreadystatechange}] [1000]: org.thymeleaf.standard.processor.StandardDOMEventAttributeTagProcessor
[THYMELEAF]             * [* {th:onbeforeunload,data-th-onbeforeunload}] [1000]: org.thymeleaf.standard.processor.StandardDOMEventAttributeTagProcessor
[THYMELEAF]             * [* {th:ondragenter,data-th-ondragenter}] [1000]: org.thymeleaf.standard.processor.StandardDOMEventAttributeTagProcessor
[THYMELEAF]             * [* {th:onsubmit,data-th-onsubmit}] [1000]: org.thymeleaf.standard.processor.StandardDOMEventAttributeTagProcessor
[THYMELEAF]             * [* {th:ononline,data-th-ononline}] [1000]: org.thymeleaf.standard.processor.StandardDOMEventAttributeTagProcessor
[THYMELEAF]             * [* {th:onshow,data-th-onshow}] [1000]: org.thymeleaf.standard.processor.StandardDOMEventAttributeTagProcessor
[THYMELEAF]             * [* {th:oninput,data-th-oninput}] [1000]: org.thymeleaf.standard.processor.StandardDOMEventAttributeTagProcessor
[THYMELEAF]             * [* {th:onvolumechange,data-th-onvolumechange}] [1000]: org.thymeleaf.standard.processor.StandardDOMEventAttributeTagProcessor
[THYMELEAF]             * [* {th:onloadstart,data-th-onloadstart}] [1000]: org.thymeleaf.standard.processor.StandardDOMEventAttributeTagProcessor
[THYMELEAF]             * [* {th:ondblclick,data-th-ondblclick}] [1000]: org.thymeleaf.standard.processor.StandardDOMEventAttributeTagProcessor
[THYMELEAF]             * [* {th:ondragleave,data-th-ondragleave}] [1000]: org.thymeleaf.standard.processor.StandardDOMEventAttributeTagProcessor
[THYMELEAF]             * [* {th:onloadeddata,data-th-onloadeddata}] [1000]: org.thymeleaf.standard.processor.StandardDOMEventAttributeTagProcessor
[THYMELEAF]             * [* {th:onloadedmetadata,data-th-onloadedmetadata}] [1000]: org.thymeleaf.standard.processor.StandardDOMEventAttributeTagProcessor
[THYMELEAF]             * [* {th:onerror,data-th-onerror}] [1000]: org.thymeleaf.standard.processor.StandardDOMEventAttributeTagProcessor
[THYMELEAF]             * [* {th:onresize,data-th-onresize}] [1000]: org.thymeleaf.standard.processor.StandardDOMEventAttributeTagProcessor
[THYMELEAF]             * [* {th:onundo,data-th-onundo}] [1000]: org.thymeleaf.standard.processor.StandardDOMEventAttributeTagProcessor
[THYMELEAF]             * [* {th:onmouseup,data-th-onmouseup}] [1000]: org.thymeleaf.standard.processor.StandardDOMEventAttributeTagProcessor
[THYMELEAF]             * [* {th:oncontextmenu,data-th-oncontextmenu}] [1000]: org.thymeleaf.standard.processor.StandardDOMEventAttributeTagProcessor
[THYMELEAF]             * [* {th:onunload,data-th-onunload}] [1000]: org.thymeleaf.standard.processor.StandardDOMEventAttributeTagProcessor
[THYMELEAF]             * [* {th:onpause,data-th-onpause}] [1000]: org.thymeleaf.standard.processor.StandardDOMEventAttributeTagProcessor
[THYMELEAF]             * [* {th:onbeforeprint,data-th-onbeforeprint}] [1000]: org.thymeleaf.standard.processor.StandardDOMEventAttributeTagProcessor
[THYMELEAF]             * [* {th:href,data-th-href}] [1000]: org.thymeleaf.standard.processor.StandardHrefTagProcessor
[THYMELEAF]             * [* {th:inline,data-th-inline}] [1000]: org.thymeleaf.standard.processor.StandardInlineHTMLTagProcessor
[THYMELEAF]             * [* {th:method,data-th-method}] [1000]: org.thymeleaf.standard.processor.StandardMethodTagProcessor
[THYMELEAF]             * [* {th:name,data-th-name}] [1000]: org.thymeleaf.standard.processor.StandardNonRemovableAttributeTagProcessor
[THYMELEAF]             * [* {th:type,data-th-type}] [1000]: org.thymeleaf.standard.processor.StandardNonRemovableAttributeTagProcessor
[THYMELEAF]             * [* {th:width,data-th-width}] [1000]: org.thymeleaf.standard.processor.StandardRemovableAttributeTagProcessor
[THYMELEAF]             * [* {th:label,data-th-label}] [1000]: org.thymeleaf.standard.processor.StandardRemovableAttributeTagProcessor
[THYMELEAF]             * [* {th:for,data-th-for}] [1000]: org.thymeleaf.standard.processor.StandardRemovableAttributeTagProcessor
[THYMELEAF]             * [* {th:scheme,data-th-scheme}] [1000]: org.thymeleaf.standard.processor.StandardRemovableAttributeTagProcessor
[THYMELEAF]             * [* {th:background,data-th-background}] [1000]: org.thymeleaf.standard.processor.StandardRemovableAttributeTagProcessor
[THYMELEAF]             * [* {th:lang,data-th-lang}] [1000]: org.thymeleaf.standard.processor.StandardRemovableAttributeTagProcessor
[THYMELEAF]             * [* {th:usemap,data-th-usemap}] [1000]: org.thymeleaf.standard.processor.StandardRemovableAttributeTagProcessor
[THYMELEAF]             * [* {th:headers,data-th-headers}] [1000]: org.thymeleaf.standard.processor.StandardRemovableAttributeTagProcessor
[THYMELEAF]             * [* {th:charset,data-th-charset}] [1000]: org.thymeleaf.standard.processor.StandardRemovableAttributeTagProcessor
[THYMELEAF]             * [* {th:list,data-th-list}] [1000]: org.thymeleaf.standard.processor.StandardRemovableAttributeTagProcessor
[THYMELEAF]             * [* {th:high,data-th-high}] [1000]: org.thymeleaf.standard.processor.StandardRemovableAttributeTagProcessor
[THYMELEAF]             * [* {th:formenctype,data-th-formenctype}] [1000]: org.thymeleaf.standard.processor.StandardRemovableAttributeTagProcessor
[THYMELEAF]             * [* {th:placeholder,data-th-placeholder}] [1000]: org.thymeleaf.standard.processor.StandardRemovableAttributeTagProcessor
[THYMELEAF]             * [* {th:colspan,data-th-colspan}] [1000]: org.thymeleaf.standard.processor.StandardRemovableAttributeTagProcessor
[THYMELEAF]             * [* {th:manifest,data-th-manifest}] [1000]: org.thymeleaf.standard.processor.StandardRemovableAttributeTagProcessor
[THYMELEAF]             * [* {th:hspace,data-th-hspace}] [1000]: org.thymeleaf.standard.processor.StandardRemovableAttributeTagProcessor
[THYMELEAF]             * [* {th:keytype,data-th-keytype}] [1000]: org.thymeleaf.standard.processor.StandardRemovableAttributeTagProcessor
[THYMELEAF]             * [* {th:id,data-th-id}] [1000]: org.thymeleaf.standard.processor.StandardRemovableAttributeTagProcessor
[THYMELEAF]             * [* {th:form,data-th-form}] [1000]: org.thymeleaf.standard.processor.StandardRemovableAttributeTagProcessor
[THYMELEAF]             * [* {th:contextmenu,data-th-contextmenu}] [1000]: org.thymeleaf.standard.processor.StandardRemovableAttributeTagProcessor
[THYMELEAF]             * [* {th:challenge,data-th-challenge}] [1000]: org.thymeleaf.standard.processor.StandardRemovableAttributeTagProcessor
[THYMELEAF]             * [* {th:codebase,data-th-codebase}] [1000]: org.thymeleaf.standard.processor.StandardRemovableAttributeTagProcessor
[THYMELEAF]             * [* {th:audio,data-th-audio}] [1000]: org.thymeleaf.standard.processor.StandardRemovableAttributeTagProcessor
[THYMELEAF]             * [* {th:poster,data-th-poster}] [1000]: org.thymeleaf.standard.processor.StandardRemovableAttributeTagProcessor
[THYMELEAF]             * [* {th:radiogroup,data-th-radiogroup}] [1000]: org.thymeleaf.standard.processor.StandardRemovableAttributeTagProcessor
[THYMELEAF]             * [* {th:frameborder,data-th-frameborder}] [1000]: org.thymeleaf.standard.processor.StandardRemovableAttributeTagProcessor
[THYMELEAF]             * [* {th:align,data-th-align}] [1000]: org.thymeleaf.standard.processor.StandardRemovableAttributeTagProcessor
[THYMELEAF]             * [* {th:contenteditable,data-th-contenteditable}] [1000]: org.thymeleaf.standard.processor.StandardRemovableAttributeTagProcessor
[THYMELEAF]             * [* {th:rules,data-th-rules}] [1000]: org.thymeleaf.standard.processor.StandardRemovableAttributeTagProcessor
[THYMELEAF]             * [* {th:alt,data-th-alt}] [1000]: org.thymeleaf.standard.processor.StandardRemovableAttributeTagProcessor
[THYMELEAF]             * [* {th:media,data-th-media}] [1000]: org.thymeleaf.standard.processor.StandardRemovableAttributeTagProcessor
[THYMELEAF]             * [* {th:target,data-th-target}] [1000]: org.thymeleaf.standard.processor.StandardRemovableAttributeTagProcessor
[THYMELEAF]             * [* {th:maxlength,data-th-maxlength}] [1000]: org.thymeleaf.standard.processor.StandardRemovableAttributeTagProcessor
[THYMELEAF]             * [* {th:dir,data-th-dir}] [1000]: org.thymeleaf.standard.processor.StandardRemovableAttributeTagProcessor
[THYMELEAF]             * [* {th:archive,data-th-archive}] [1000]: org.thymeleaf.standard.processor.StandardRemovableAttributeTagProcessor
[THYMELEAF]             * [* {th:summary,data-th-summary}] [1000]: org.thymeleaf.standard.processor.StandardRemovableAttributeTagProcessor
[THYMELEAF]             * [* {th:valuetype,data-th-valuetype}] [1000]: org.thymeleaf.standard.processor.StandardRemovableAttributeTagProcessor
[THYMELEAF]             * [* {th:axis,data-th-axis}] [1000]: org.thymeleaf.standard.processor.StandardRemovableAttributeTagProcessor
[THYMELEAF]             * [* {th:srclang,data-th-srclang}] [1000]: org.thymeleaf.standard.processor.StandardRemovableAttributeTagProcessor
[THYMELEAF]             * [* {th:cite,data-th-cite}] [1000]: org.thymeleaf.standard.processor.StandardRemovableAttributeTagProcessor
[THYMELEAF]             * [* {th:http-equiv,data-th-http-equiv}] [1000]: org.thymeleaf.standard.processor.StandardRemovableAttributeTagProcessor
[THYMELEAF]             * [* {th:accesskey,data-th-accesskey}] [1000]: org.thymeleaf.standard.processor.StandardRemovableAttributeTagProcessor
[THYMELEAF]             * [* {th:style,data-th-style}] [1000]: org.thymeleaf.standard.processor.StandardRemovableAttributeTagProcessor
[THYMELEAF]             * [* {th:border,data-th-border}] [1000]: org.thymeleaf.standard.processor.StandardRemovableAttributeTagProcessor
[THYMELEAF]             * [* {th:scope,data-th-scope}] [1000]: org.thymeleaf.standard.processor.StandardRemovableAttributeTagProcessor
[THYMELEAF]             * [* {th:formmethod,data-th-formmethod}] [1000]: org.thymeleaf.standard.processor.StandardRemovableAttributeTagProcessor
[THYMELEAF]             * [* {th:optimum,data-th-optimum}] [1000]: org.thymeleaf.standard.processor.StandardRemovableAttributeTagProcessor
[THYMELEAF]             * [* {th:icon,data-th-icon}] [1000]: org.thymeleaf.standard.processor.StandardRemovableAttributeTagProcessor
[THYMELEAF]             * [* {th:autocomplete,data-th-autocomplete}] [1000]: org.thymeleaf.standard.processor.StandardRemovableAttributeTagProcessor
[THYMELEAF]             * [* {th:sandbox,data-th-sandbox}] [1000]: org.thymeleaf.standard.processor.StandardRemovableAttributeTagProcessor
[THYMELEAF]             * [* {th:rev,data-th-rev}] [1000]: org.thymeleaf.standard.processor.StandardRemovableAttributeTagProcessor
[THYMELEAF]             * [* {th:accept,data-th-accept}] [1000]: org.thymeleaf.standard.processor.StandardRemovableAttributeTagProcessor
[THYMELEAF]             * [* {th:rowspan,data-th-rowspan}] [1000]: org.thymeleaf.standard.processor.StandardRemovableAttributeTagProcessor
[THYMELEAF]             * [* {th:kind,data-th-kind}] [1000]: org.thymeleaf.standard.processor.StandardRemovableAttributeTagProcessor
[THYMELEAF]             * [* {th:height,data-th-height}] [1000]: org.thymeleaf.standard.processor.StandardRemovableAttributeTagProcessor
[THYMELEAF]             * [* {th:enctype,data-th-enctype}] [1000]: org.thymeleaf.standard.processor.StandardRemovableAttributeTagProcessor
[THYMELEAF]             * [* {th:datetime,data-th-datetime}] [1000]: org.thymeleaf.standard.processor.StandardRemovableAttributeTagProcessor
[THYMELEAF]             * [* {th:start,data-th-start}] [1000]: org.thymeleaf.standard.processor.StandardRemovableAttributeTagProcessor
[THYMELEAF]             * [* {th:formtarget,data-th-formtarget}] [1000]: org.thymeleaf.standard.processor.StandardRemovableAttributeTagProcessor
[THYMELEAF]             * [* {th:scrolling,data-th-scrolling}] [1000]: org.thymeleaf.standard.processor.StandardRemovableAttributeTagProcessor
[THYMELEAF]             * [* {th:compact,data-th-compact}] [1000]: org.thymeleaf.standard.processor.StandardRemovableAttributeTagProcessor
[THYMELEAF]             * [* {th:preload,data-th-preload}] [1000]: org.thymeleaf.standard.processor.StandardRemovableAttributeTagProcessor
[THYMELEAF]             * [* {th:spellcheck,data-th-spellcheck}] [1000]: org.thymeleaf.standard.processor.StandardRemovableAttributeTagProcessor
[THYMELEAF]             * [* {th:accept-charset,data-th-accept-charset}] [1000]: org.thymeleaf.standard.processor.StandardRemovableAttributeTagProcessor
[THYMELEAF]             * [* {th:class,data-th-class}] [1000]: org.thymeleaf.standard.processor.StandardRemovableAttributeTagProcessor
[THYMELEAF]             * [* {th:formaction,data-th-formaction}] [1000]: org.thymeleaf.standard.processor.StandardRemovableAttributeTagProcessor
[THYMELEAF]             * [* {th:bgcolor,data-th-bgcolor}] [1000]: org.thymeleaf.standard.processor.StandardRemovableAttributeTagProcessor
[THYMELEAF]             * [* {th:step,data-th-step}] [1000]: org.thymeleaf.standard.processor.StandardRemovableAttributeTagProcessor
[THYMELEAF]             * [* {th:frame,data-th-frame}] [1000]: org.thymeleaf.standard.processor.StandardRemovableAttributeTagProcessor
[THYMELEAF]             * [* {th:max,data-th-max}] [1000]: org.thymeleaf.standard.processor.StandardRemovableAttributeTagProcessor
[THYMELEAF]             * [* {th:sizes,data-th-sizes}] [1000]: org.thymeleaf.standard.processor.StandardRemovableAttributeTagProcessor
[THYMELEAF]             * [* {th:codetype,data-th-codetype}] [1000]: org.thymeleaf.standard.processor.StandardRemovableAttributeTagProcessor
[THYMELEAF]             * [* {th:longdesc,data-th-longdesc}] [1000]: org.thymeleaf.standard.processor.StandardRemovableAttributeTagProcessor
[THYMELEAF]             * [* {th:dropzone,data-th-dropzone}] [1000]: org.thymeleaf.standard.processor.StandardRemovableAttributeTagProcessor
[THYMELEAF]             * [* {th:min,data-th-min}] [1000]: org.thymeleaf.standard.processor.StandardRemovableAttributeTagProcessor
[THYMELEAF]             * [* {th:rows,data-th-rows}] [1000]: org.thymeleaf.standard.processor.StandardRemovableAttributeTagProcessor
[THYMELEAF]             * [* {th:content,data-th-content}] [1000]: org.thymeleaf.standard.processor.StandardRemovableAttributeTagProcessor
[THYMELEAF]             * [* {th:cols,data-th-cols}] [1000]: org.thymeleaf.standard.processor.StandardRemovableAttributeTagProcessor
[THYMELEAF]             * [* {th:data,data-th-data}] [1000]: org.thymeleaf.standard.processor.StandardRemovableAttributeTagProcessor
[THYMELEAF]             * [* {th:rel,data-th-rel}] [1000]: org.thymeleaf.standard.processor.StandardRemovableAttributeTagProcessor
[THYMELEAF]             * [* {th:abbr,data-th-abbr}] [1000]: org.thymeleaf.standard.processor.StandardRemovableAttributeTagProcessor
[THYMELEAF]             * [* {th:marginheight,data-th-marginheight}] [1000]: org.thymeleaf.standard.processor.StandardRemovableAttributeTagProcessor
[THYMELEAF]             * [* {th:marginwidth,data-th-marginwidth}] [1000]: org.thymeleaf.standard.processor.StandardRemovableAttributeTagProcessor
[THYMELEAF]             * [* {th:span,data-th-span}] [1000]: org.thymeleaf.standard.processor.StandardRemovableAttributeTagProcessor
[THYMELEAF]             * [* {th:vspace,data-th-vspace}] [1000]: org.thymeleaf.standard.processor.StandardRemovableAttributeTagProcessor
[THYMELEAF]             * [* {th:wrap,data-th-wrap}] [1000]: org.thymeleaf.standard.processor.StandardRemovableAttributeTagProcessor
[THYMELEAF]             * [* {th:title,data-th-title}] [1000]: org.thymeleaf.standard.processor.StandardRemovableAttributeTagProcessor
[THYMELEAF]             * [* {th:standby,data-th-standby}] [1000]: org.thymeleaf.standard.processor.StandardRemovableAttributeTagProcessor
[THYMELEAF]             * [* {th:pattern,data-th-pattern}] [1000]: org.thymeleaf.standard.processor.StandardRemovableAttributeTagProcessor
[THYMELEAF]             * [* {th:hreflang,data-th-hreflang}] [1000]: org.thymeleaf.standard.processor.StandardRemovableAttributeTagProcessor
[THYMELEAF]             * [* {th:tabindex,data-th-tabindex}] [1000]: org.thymeleaf.standard.processor.StandardRemovableAttributeTagProcessor
[THYMELEAF]             * [* {th:classid,data-th-classid}] [1000]: org.thymeleaf.standard.processor.StandardRemovableAttributeTagProcessor
[THYMELEAF]             * [* {th:cellspacing,data-th-cellspacing}] [1000]: org.thymeleaf.standard.processor.StandardRemovableAttributeTagProcessor
[THYMELEAF]             * [* {th:cellpadding,data-th-cellpadding}] [1000]: org.thymeleaf.standard.processor.StandardRemovableAttributeTagProcessor
[THYMELEAF]             * [* {th:low,data-th-low}] [1000]: org.thymeleaf.standard.processor.StandardRemovableAttributeTagProcessor
[THYMELEAF]             * [* {th:size,data-th-size}] [1000]: org.thymeleaf.standard.processor.StandardRemovableAttributeTagProcessor
[THYMELEAF]             * [* {th:draggable,data-th-draggable}] [1000]: org.thymeleaf.standard.processor.StandardRemovableAttributeTagProcessor
[THYMELEAF]             * [* {th:src,data-th-src}] [1000]: org.thymeleaf.standard.processor.StandardSrcTagProcessor
[THYMELEAF]             * [* {th:value,data-th-value}] [1000]: org.thymeleaf.standard.processor.StandardValueTagProcessor
[THYMELEAF]             * [* {th:xmlbase,data-th-xmlbase}] [1000]: org.thymeleaf.standard.processor.StandardXmlBaseTagProcessor
[THYMELEAF]             * [* {th:xmllang,data-th-xmllang}] [1000]: org.thymeleaf.standard.processor.StandardXmlLangTagProcessor
[THYMELEAF]             * [* {xmlns:th}] [1000]: org.thymeleaf.standard.processor.StandardXmlNsTagProcessor
[THYMELEAF]             * [* {th:xmlspace,data-th-xmlspace}] [1000]: org.thymeleaf.standard.processor.StandardXmlSpaceTagProcessor
[THYMELEAF]             * [* {th:classappend,data-th-classappend}] [1100]: org.thymeleaf.standard.processor.StandardClassappendTagProcessor
[THYMELEAF]             * [* {th:styleappend,data-th-styleappend}] [1100]: org.thymeleaf.standard.processor.StandardStyleappendTagProcessor
[THYMELEAF]             * [* {th:text,data-th-text}] [1300]: org.thymeleaf.standard.processor.StandardTextTagProcessor
[THYMELEAF]             * [* {th:utext,data-th-utext}] [1400]: org.thymeleaf.standard.processor.StandardUtextTagProcessor
[THYMELEAF]             * [* {th:fragment,data-th-fragment}] [1500]: org.thymeleaf.standard.processor.StandardFragmentTagProcessor
[THYMELEAF]             * [* {th:assert,data-th-assert}] [1550]: org.thymeleaf.standard.processor.StandardAssertTagProcessor
[THYMELEAF]             * [* {th:remove,data-th-remove}] [1600]: org.thymeleaf.standard.processor.StandardRemoveTagProcessor
[THYMELEAF]             * [* {th:ref,data-th-ref}] [10000]: org.thymeleaf.standard.processor.StandardRefAttributeTagProcessor
[THYMELEAF]             * [{th:block,th-block} *] [100000]: org.thymeleaf.standard.processor.StandardBlockTagProcessor
[THYMELEAF]             * [* th:*] [2147483647]: org.thymeleaf.standard.processor.StandardDefaultAttributesTagProcessor
[THYMELEAF]         * Text Processors by [precedence]:
[THYMELEAF]             * [1000]: org.thymeleaf.standard.processor.StandardInliningTextProcessor
[THYMELEAF]         * DOCTYPE Processors by [precedence]:
[THYMELEAF]             * [1000]: org.thymeleaf.standard.processor.StandardTranslationDocTypeProcessor
[THYMELEAF]         * CDATA Section Processors by [precedence]:
[THYMELEAF]             * [1000]: org.thymeleaf.standard.processor.StandardInliningCDATASectionProcessor
[THYMELEAF]         * Comment Processors by [precedence]:
[THYMELEAF]             * [1000]: org.thymeleaf.standard.processor.StandardInliningCommentProcessor
[THYMELEAF]             * [1100]: org.thymeleaf.standard.processor.StandardConditionalCommentProcessor
[THYMELEAF]     * Processors for Template Mode: XML
[THYMELEAF]         * Element Tag Processors by [matching element and attribute name] [precedence]:
[THYMELEAF]             * [* {th:include}] [100]: org.thymeleaf.standard.processor.StandardIncludeTagProcessor
[THYMELEAF]             * [* {th:insert}] [100]: org.thymeleaf.standard.processor.StandardInsertTagProcessor
[THYMELEAF]             * [* {th:replace}] [100]: org.thymeleaf.standard.processor.StandardReplaceTagProcessor
[THYMELEAF]             * [* {th:each}] [200]: com.intuit.karate.template.KarateEachTagProcessor
[THYMELEAF]             * [* {th:switch}] [250]: org.thymeleaf.standard.processor.StandardSwitchTagProcessor
[THYMELEAF]             * [* {th:case}] [275]: org.thymeleaf.standard.processor.StandardCaseTagProcessor
[THYMELEAF]             * [* {th:if}] [300]: org.thymeleaf.standard.processor.StandardIfTagProcessor
[THYMELEAF]             * [* {th:unless}] [400]: org.thymeleaf.standard.processor.StandardUnlessTagProcessor
[THYMELEAF]             * [* {th:object}] [500]: org.thymeleaf.standard.processor.StandardObjectTagProcessor
[THYMELEAF]             * [* {th:with}] [600]: com.intuit.karate.template.KarateWithTagProcessor
[THYMELEAF]             * [* {th:attr}] [700]: com.intuit.karate.template.KarateAttributeTagProcessor.KarateAttrTagProcessor
[THYMELEAF]             * [* {th:attrappend}] [900]: com.intuit.karate.template.KarateAttributeTagProcessor.KarateAttrappendTagProcessor
[THYMELEAF]             * [* {th:attrprepend}] [900]: com.intuit.karate.template.KarateAttributeTagProcessor.KarateAttrprependTagProcessor
[THYMELEAF]             * [* {th:inline}] [1000]: org.thymeleaf.standard.processor.StandardInlineXMLTagProcessor
[THYMELEAF]             * [* {xmlns:th}] [1000]: org.thymeleaf.standard.processor.StandardXmlNsTagProcessor
[THYMELEAF]             * [* {th:text}] [1300]: org.thymeleaf.standard.processor.StandardTextTagProcessor
[THYMELEAF]             * [* {th:utext}] [1400]: org.thymeleaf.standard.processor.StandardUtextTagProcessor
[THYMELEAF]             * [* {th:fragment}] [1500]: org.thymeleaf.standard.processor.StandardFragmentTagProcessor
[THYMELEAF]             * [* {th:assert}] [1550]: org.thymeleaf.standard.processor.StandardAssertTagProcessor
[THYMELEAF]             * [* {th:remove}] [1600]: org.thymeleaf.standard.processor.StandardRemoveTagProcessor
[THYMELEAF]             * [* {th:ref}] [10000]: org.thymeleaf.standard.processor.StandardRefAttributeTagProcessor
[THYMELEAF]             * [{th:block} *] [100000]: org.thymeleaf.standard.processor.StandardBlockTagProcessor
[THYMELEAF]             * [* th:*] [2147483647]: org.thymeleaf.standard.processor.StandardDefaultAttributesTagProcessor
[THYMELEAF]         * Text Processors by [precedence]:
[THYMELEAF]             * [1000]: org.thymeleaf.standard.processor.StandardInliningTextProcessor
[THYMELEAF]         * CDATA Section Processors by [precedence]:
[THYMELEAF]             * [1000]: org.thymeleaf.standard.processor.StandardInliningCDATASectionProcessor
[THYMELEAF]         * Comment Processors by [precedence]:
[THYMELEAF]             * [1000]: org.thymeleaf.standard.processor.StandardInliningCommentProcessor
[THYMELEAF]     * Processors for Template Mode: TEXT
[THYMELEAF]         * Element Tag Processors by [matching element and attribute name] [precedence]:
[THYMELEAF]             * [* {th:insert}] [100]: org.thymeleaf.standard.processor.StandardInsertTagProcessor
[THYMELEAF]             * [* {th:replace}] [100]: org.thymeleaf.standard.processor.StandardReplaceTagProcessor
[THYMELEAF]             * [* {th:each}] [200]: com.intuit.karate.template.KarateEachTagProcessor
[THYMELEAF]             * [* {th:switch}] [250]: org.thymeleaf.standard.processor.StandardSwitchTagProcessor
[THYMELEAF]             * [* {th:case}] [275]: org.thymeleaf.standard.processor.StandardCaseTagProcessor
[THYMELEAF]             * [* {th:if}] [300]: org.thymeleaf.standard.processor.StandardIfTagProcessor
[THYMELEAF]             * [* {th:unless}] [400]: org.thymeleaf.standard.processor.StandardUnlessTagProcessor
[THYMELEAF]             * [* {th:object}] [500]: org.thymeleaf.standard.processor.StandardObjectTagProcessor
[THYMELEAF]             * [* {th:with}] [600]: com.intuit.karate.template.KarateWithTagProcessor
[THYMELEAF]             * [* {th:inline}] [1000]: org.thymeleaf.standard.processor.StandardInlineTextualTagProcessor
[THYMELEAF]             * [* {th:text}] [1300]: org.thymeleaf.standard.processor.StandardTextTagProcessor
[THYMELEAF]             * [* {th:utext}] [1400]: org.thymeleaf.standard.processor.StandardUtextTagProcessor
[THYMELEAF]             * [* {th:assert}] [1550]: org.thymeleaf.standard.processor.StandardAssertTagProcessor
[THYMELEAF]             * [* {th:remove}] [1600]: org.thymeleaf.standard.processor.StandardRemoveTagProcessor
[THYMELEAF]             * [* 100000] [org.thymeleaf.standard.processor.StandardBlockTagProcessor]: {}
[THYMELEAF]             * [{th:block} *] [100000]: org.thymeleaf.standard.processor.StandardBlockTagProcessor
[THYMELEAF]         * Text Processors by [precedence]:
[THYMELEAF]             * [1000]: org.thymeleaf.standard.processor.StandardInliningTextProcessor
[THYMELEAF]     * Processors for Template Mode: JAVASCRIPT
[THYMELEAF]         * Element Tag Processors by [matching element and attribute name] [precedence]:
[THYMELEAF]             * [* {th:insert}] [100]: org.thymeleaf.standard.processor.StandardInsertTagProcessor
[THYMELEAF]             * [* {th:replace}] [100]: org.thymeleaf.standard.processor.StandardReplaceTagProcessor
[THYMELEAF]             * [* {th:each}] [200]: com.intuit.karate.template.KarateEachTagProcessor
[THYMELEAF]             * [* {th:switch}] [250]: org.thymeleaf.standard.processor.StandardSwitchTagProcessor
[THYMELEAF]             * [* {th:case}] [275]: org.thymeleaf.standard.processor.StandardCaseTagProcessor
[THYMELEAF]             * [* {th:if}] [300]: org.thymeleaf.standard.processor.StandardIfTagProcessor
[THYMELEAF]             * [* {th:unless}] [400]: org.thymeleaf.standard.processor.StandardUnlessTagProcessor
[THYMELEAF]             * [* {th:object}] [500]: org.thymeleaf.standard.processor.StandardObjectTagProcessor
[THYMELEAF]             * [* {th:with}] [600]: com.intuit.karate.template.KarateWithTagProcessor
[THYMELEAF]             * [* {th:inline}] [1000]: org.thymeleaf.standard.processor.StandardInlineTextualTagProcessor
[THYMELEAF]             * [* {th:text}] [1300]: org.thymeleaf.standard.processor.StandardTextTagProcessor
[THYMELEAF]             * [* {th:utext}] [1400]: org.thymeleaf.standard.processor.StandardUtextTagProcessor
[THYMELEAF]             * [* {th:assert}] [1550]: org.thymeleaf.standard.processor.StandardAssertTagProcessor
[THYMELEAF]             * [* {th:remove}] [1600]: org.thymeleaf.standard.processor.StandardRemoveTagProcessor
[THYMELEAF]             * [{th:block} *] [100000]: org.thymeleaf.standard.processor.StandardBlockTagProcessor
[THYMELEAF]             * [* 100000] [org.thymeleaf.standard.processor.StandardBlockTagProcessor]: {}
[THYMELEAF]         * Text Processors by [precedence]:
[THYMELEAF]             * [1000]: org.thymeleaf.standard.processor.StandardInliningTextProcessor
[THYMELEAF]     * Processors for Template Mode: CSS
[THYMELEAF]         * Element Tag Processors by [matching element and attribute name] [precedence]:
[THYMELEAF]             * [* {th:insert}] [100]: org.thymeleaf.standard.processor.StandardInsertTagProcessor
[THYMELEAF]             * [* {th:replace}] [100]: org.thymeleaf.standard.processor.StandardReplaceTagProcessor
[THYMELEAF]             * [* {th:each}] [200]: com.intuit.karate.template.KarateEachTagProcessor
[THYMELEAF]             * [* {th:switch}] [250]: org.thymeleaf.standard.processor.StandardSwitchTagProcessor
[THYMELEAF]             * [* {th:case}] [275]: org.thymeleaf.standard.processor.StandardCaseTagProcessor
[THYMELEAF]             * [* {th:if}] [300]: org.thymeleaf.standard.processor.StandardIfTagProcessor
[THYMELEAF]             * [* {th:unless}] [400]: org.thymeleaf.standard.processor.StandardUnlessTagProcessor
[THYMELEAF]             * [* {th:object}] [500]: org.thymeleaf.standard.processor.StandardObjectTagProcessor
[THYMELEAF]             * [* {th:with}] [600]: com.intuit.karate.template.KarateWithTagProcessor
[THYMELEAF]             * [* {th:inline}] [1000]: org.thymeleaf.standard.processor.StandardInlineTextualTagProcessor
[THYMELEAF]             * [* {th:text}] [1300]: org.thymeleaf.standard.processor.StandardTextTagProcessor
[THYMELEAF]             * [* {th:utext}] [1400]: org.thymeleaf.standard.processor.StandardUtextTagProcessor
[THYMELEAF]             * [* {th:assert}] [1550]: org.thymeleaf.standard.processor.StandardAssertTagProcessor
[THYMELEAF]             * [* {th:remove}] [1600]: org.thymeleaf.standard.processor.StandardRemoveTagProcessor
[THYMELEAF]             * [{th:block} *] [100000]: org.thymeleaf.standard.processor.StandardBlockTagProcessor
[THYMELEAF]             * [* 100000] [org.thymeleaf.standard.processor.StandardBlockTagProcessor]: {}
[THYMELEAF]         * Text Processors by [precedence]:
[THYMELEAF]             * [1000]: org.thymeleaf.standard.processor.StandardInliningTextProcessor
[THYMELEAF]     * Expression Objects:
[THYMELEAF]         * #ctx
[THYMELEAF]         * #root
[THYMELEAF]         * #vars
[THYMELEAF]         * #object
[THYMELEAF]         * #locale
[THYMELEAF]         * #conversions
[THYMELEAF]         * #uris
[THYMELEAF]         * #temporals
[THYMELEAF]         * #calendars
[THYMELEAF]         * #dates
[THYMELEAF]         * #bools
[THYMELEAF]         * #numbers
[THYMELEAF]         * #objects
[THYMELEAF]         * #strings
[THYMELEAF]         * #arrays
[THYMELEAF]         * #lists
[THYMELEAF]         * #sets
[THYMELEAF]         * #maps
[THYMELEAF]         * #aggregates
[THYMELEAF]         * #messages
[THYMELEAF]         * #ids
[THYMELEAF]         * #execInfo
[THYMELEAF]         * #request
[THYMELEAF]         * #response
[THYMELEAF]         * #session
[THYMELEAF]         * #servletContext
[THYMELEAF]     * Execution Attributes:
[THYMELEAF]         * "StandardExpressionParser": com.intuit.karate.template.KarateStandardDialect@d7055be
[THYMELEAF]         * "StandardJavaScriptSerializer": org.thymeleaf.standard.serializer.StandardJavaScriptSerializer@526893f
[THYMELEAF]         * "StandardCSSSerializer": org.thymeleaf.standard.serializer.StandardCSSSerializer@3de45b6c
[THYMELEAF]         * "StandardVariableExpressionEvaluator": com.intuit.karate.template.KarateStandardDialect@d7055be
[THYMELEAF]         * "StandardConversionService": org.thymeleaf.standard.expression.StandardConversionService@37caecda
[THYMELEAF] * Dialect [2 of 2]: karate (com.intuit.karate.template.KarateScriptDialect)
[THYMELEAF]     * Prefix: "ka"
[THYMELEAF]     * Processors for Template Mode: HTML
[THYMELEAF]         * Element Tag Processors by [matching element and attribute name] [precedence]:
[THYMELEAF]             * [* {src}] [1000]: com.intuit.karate.template.KaScriptAttrProcessor
[THYMELEAF]         * Element Model Processors by [matching element and attribute name] [precedence]:
[THYMELEAF]             * [{script} {ka:scope,data-ka-scope}] [1000]: com.intuit.karate.template.KaScriptElemProcessor
[THYMELEAF]             * [* {ka:set,data-ka-set}] [1000]: com.intuit.karate.template.KaSetElemProcessor
[THYMELEAF] TEMPLATE ENGINE CONFIGURED OK
09:49:25.079 [main] DEBUG org.thymeleaf.TemplateEngine -- [THYMELEAF] TEMPLATE ENGINE INITIALIZED

HTML report: (paste into browser to view) | Karate version: 1.4.1
file:///C:/Users/swats/Mani%20Eclipse%20New%20Workspace/Karate/target/karate-reports/karate-summary.html
===================================================================

]]></system-out>
  </testcase>
</testsuite>